created virtual environment CPython3.12.4.final.0-64 in 1218ms
  creator CPython3Posix(dest=/local/aneumann.27429326.0/env, clear=False, no_vcs_ignore=False, global=False)
  seeder FromAppData(download=False, pip=bundle, via=copy, app_data_dir=/home/aneumann/.local/share/virtualenv)
    added seed packages: pip==24.0
  activators BashActivator,CShellActivator,FishActivator,NushellActivator,PowerShellActivator,PythonActivator
Looking in links: /cvmfs/soft.computecanada.ca/custom/python/wheelhouse/gentoo2023/x86-64-v3, /cvmfs/soft.computecanada.ca/custom/python/wheelhouse/gentoo2023/generic, /cvmfs/soft.computecanada.ca/custom/python/wheelhouse/generic
Requirement already satisfied: pip in /local/aneumann.27429326.0/env/lib/python3.12/site-packages (24.0)
Processing /cvmfs/soft.computecanada.ca/custom/python/wheelhouse/generic/pip-24.2+computecanada-py3-none-any.whl
Installing collected packages: pip
  Attempting uninstall: pip
    Found existing installation: pip 24.0
    Uninstalling pip-24.0:
      Successfully uninstalled pip-24.0
Successfully installed pip-24.2+computecanada
Looking in links: /cvmfs/soft.computecanada.ca/custom/python/wheelhouse/gentoo2023/x86-64-v3, /cvmfs/soft.computecanada.ca/custom/python/wheelhouse/gentoo2023/generic, /cvmfs/soft.computecanada.ca/custom/python/wheelhouse/generic
ERROR: protobuf-5.28.3-cp38-abi3-manylinux2014_x86_64.whl is not a supported wheel on this platform.
Looking in links: /cvmfs/soft.computecanada.ca/custom/python/wheelhouse/gentoo2023/x86-64-v3, /cvmfs/soft.computecanada.ca/custom/python/wheelhouse/gentoo2023/generic, /cvmfs/soft.computecanada.ca/custom/python/wheelhouse/generic
Processing /home/aneumann/projects/def-adhaj/aneumann/gns/wheels/immutabledict-4.2.0-py3-none-any.whl
Installing collected packages: immutabledict
Successfully installed immutabledict-4.2.0
Looking in links: /cvmfs/soft.computecanada.ca/custom/python/wheelhouse/gentoo2023/x86-64-v3, /cvmfs/soft.computecanada.ca/custom/python/wheelhouse/gentoo2023/generic, /cvmfs/soft.computecanada.ca/custom/python/wheelhouse/generic
Processing /cvmfs/soft.computecanada.ca/custom/python/wheelhouse/generic/ortools-9.10.4067+computecanada-cp312-cp312-linux_x86_64.whl (from -r /home/aneumann/projects/def-adhaj/aneumann/gns/requirements_or.txt (line 1))
Processing /cvmfs/soft.computecanada.ca/custom/python/wheelhouse/gentoo2023/x86-64-v3/pandas-2.2.2+computecanada-cp312-cp312-linux_x86_64.whl (from -r /home/aneumann/projects/def-adhaj/aneumann/gns/requirements_or.txt (line 2))
Processing /cvmfs/soft.computecanada.ca/custom/python/wheelhouse/generic/absl_py-2.1.0+computecanada-py3-none-any.whl (from ortools->-r /home/aneumann/projects/def-adhaj/aneumann/gns/requirements_or.txt (line 1))
Processing /cvmfs/soft.computecanada.ca/custom/python/wheelhouse/gentoo2023/generic/numpy-2.1.1+computecanada-cp312-cp312-linux_x86_64.whl (from ortools->-r /home/aneumann/projects/def-adhaj/aneumann/gns/requirements_or.txt (line 1))
Processing /cvmfs/soft.computecanada.ca/custom/python/wheelhouse/gentoo2023/x86-64-v3/protobuf-5.28.0+computecanada-cp312-cp312-linux_x86_64.whl (from ortools->-r /home/aneumann/projects/def-adhaj/aneumann/gns/requirements_or.txt (line 1))
Requirement already satisfied: immutabledict>=3.0.0 in /local/aneumann.27429326.0/env/lib/python3.12/site-packages (from ortools->-r /home/aneumann/projects/def-adhaj/aneumann/gns/requirements_or.txt (line 1)) (4.2.0)
Processing /cvmfs/soft.computecanada.ca/custom/python/wheelhouse/generic/python_dateutil-2.9.0.post0+computecanada-py2.py3-none-any.whl (from pandas->-r /home/aneumann/projects/def-adhaj/aneumann/gns/requirements_or.txt (line 2))
Processing /cvmfs/soft.computecanada.ca/custom/python/wheelhouse/generic/pytz-2024.2+computecanada-py2.py3-none-any.whl (from pandas->-r /home/aneumann/projects/def-adhaj/aneumann/gns/requirements_or.txt (line 2))
Processing /cvmfs/soft.computecanada.ca/custom/python/wheelhouse/generic/tzdata-2024.2+computecanada-py2.py3-none-any.whl (from pandas->-r /home/aneumann/projects/def-adhaj/aneumann/gns/requirements_or.txt (line 2))
Processing /cvmfs/soft.computecanada.ca/custom/python/wheelhouse/generic/six-1.16.0+computecanada-py2.py3-none-any.whl (from python-dateutil>=2.8.2->pandas->-r /home/aneumann/projects/def-adhaj/aneumann/gns/requirements_or.txt (line 2))
Installing collected packages: pytz, tzdata, six, protobuf, numpy, absl-py, python-dateutil, pandas, ortools
Successfully installed absl-py-2.1.0+computecanada numpy-2.1.1+computecanada ortools-9.10.4067+computecanada pandas-2.2.2+computecanada protobuf-5.28.0+computecanada python-dateutil-2.9.0.post0+computecanada pytz-2024.2+computecanada six-1.16.0+computecanada tzdata-2024.2+computecanada

Starting CP-SAT solver v9.10.4067
Parameters: max_time_in_seconds: 21600 max_memory_in_mb: 118 log_search_progress: true optimize_with_core: true cp_model_presolve: true enumerate_all_solutions: false num_search_workers: 32 use_implied_bounds: true absolute_gap_limit: 5 relative_gap_limit: 0.01 use_probing_search: true

Initial optimization model '': (model_fingerprint: 0x9f3ce0f6543537b8)
#Variables: 2'421 (#bools: 26 #ints: 1 in objective)
  - 2'097 Booleans in [0,1]
  - 323 in [0,225000]
  - 1 constants in {1} 
#kBoolOr: 1'070 (#literals: 1'070)
#kLinear1: 335
#kLinear2: 6'855
#kLinear3: 1'524
#kLinearN: 488 (#terms: 5'537)

Starting presolve at 0.00s
  2.52e-03s  0.00e+00d  [DetectDominanceRelations] 
  5.64e-02s  0.00e+00d  [PresolveToFixPoint] #num_loops=11 #num_dual_strengthening=3 
  8.51e-05s  0.00e+00d  [ExtractEncodingFromLinear] #potential_supersets=197 
[Symmetry] Graph for symmetry has 8'862 nodes and 18'796 arcs.
[Symmetry] Symmetry computation done. time: 0.00265742 dtime: 0.00251172
[Symmetry] #generators: 5, average support size: 2
[Symmetry] 4 orbits with sizes: 3,2,2,2
[Symmetry] Found orbitope of size 1 x 3
[SAT presolve] num removable Booleans: 0 / 1367
[SAT presolve] num trivial clauses: 0
[SAT presolve] [0s] clauses:2477 literals:4954 vars:1353 one_side_vars:1309 simple_definition:42 singleton_clauses:0
[SAT presolve] [0.000257889s] clauses:2477 literals:4954 vars:1353 one_side_vars:1309 simple_definition:42 singleton_clauses:0
[SAT presolve] [0.000382508s] clauses:2477 literals:4954 vars:1353 one_side_vars:1309 simple_definition:42 singleton_clauses:0
  4.35e-01s  7.12e-02d  [Probe] #probed=3'103 #fixed_bools=59 #new_bounds=150 
  6.75e-03s  0.00e+00d  [MaxClique] Merged 2663(7474 literals) into 882(6042 literals) at_most_ones. 
  2.10e-03s  0.00e+00d  [DetectDominanceRelations] 
  1.64e-02s  0.00e+00d  [PresolveToFixPoint] #num_loops=5 #num_dual_strengthening=4 
  3.01e-03s  0.00e+00d  [ProcessAtMostOneAndLinear] #num_changes=9 
  1.92e-03s  0.00e+00d  [DetectDuplicateConstraints] #duplicates=2 #without_enforcements=2 
  4.92e-04s  1.95e-05d  [DetectDominatedLinearConstraints] #relevant_constraints=1'370 
  5.56e-04s  0.00e+00d  [DetectDifferentVariables] #different=11 
  9.43e-04s  2.62e-04d  [ProcessSetPPC] #relevant_constraints=896 #num_inclusions=651 
  7.01e-05s  0.00e+00d  [FindAlmostIdenticalLinearConstraints] 
  4.40e-03s  4.62e-03d  [FindBigAtMostOneAndLinearOverlap] 
  1.13e-03s  2.22e-03d  [FindBigVerticalLinearOverlap] 
  2.42e-04s  5.31e-04d  [FindBigHorizontalLinearOverlap] #linears=99 
  9.22e-05s  0.00e+00d  [MergeClauses] 
  2.08e-03s  0.00e+00d  [DetectDominanceRelations] 
  7.55e-03s  0.00e+00d  [PresolveToFixPoint] #num_loops=2 #num_dual_strengthening=1 
  2.06e-03s  0.00e+00d  [DetectDominanceRelations] 
  7.47e-03s  0.00e+00d  [PresolveToFixPoint] #num_loops=1 #num_dual_strengthening=1 
[Symmetry] Graph for symmetry has 6'873 nodes and 13'802 arcs.
[Symmetry] Symmetry computation done. time: 0.00140112 dtime: 0.00161631
[Symmetry] #generators: 3, average support size: 2
[Symmetry] The model contains 2 duplicate constraints !
[Symmetry] 3 orbits with sizes: 2,2,2
[Symmetry] Found orbitope of size 1 x 2
[SAT presolve] num removable Booleans: 0 / 1308
[SAT presolve] num trivial clauses: 0
[SAT presolve] [0s] clauses:25 literals:50 vars:35 one_side_vars:27 simple_definition:8 singleton_clauses:0
[SAT presolve] [5.3334e-05s] clauses:25 literals:50 vars:35 one_side_vars:27 simple_definition:8 singleton_clauses:0
[SAT presolve] [0.000124797s] clauses:25 literals:50 vars:35 one_side_vars:27 simple_definition:8 singleton_clauses:0
  1.58e-01s  2.66e-02d  [Probe] #probed=3'044 #new_bounds=48 
  3.21e-03s  0.00e+00d  [MaxClique] Merged 747(5147 literals) into 747(5153 literals) at_most_ones. 
  2.07e-03s  0.00e+00d  [DetectDominanceRelations] 
  1.14e-02s  0.00e+00d  [PresolveToFixPoint] #num_loops=3 #num_dual_strengthening=2 
  2.86e-03s  0.00e+00d  [ProcessAtMostOneAndLinear] 
  1.86e-03s  0.00e+00d  [DetectDuplicateConstraints] #duplicates=6 
  4.94e-04s  1.94e-05d  [DetectDominatedLinearConstraints] #relevant_constraints=1'367 
  5.02e-04s  0.00e+00d  [DetectDifferentVariables] #different=11 
  8.55e-04s  2.58e-04d  [ProcessSetPPC] #relevant_constraints=857 #num_inclusions=606 
  7.29e-05s  0.00e+00d  [FindAlmostIdenticalLinearConstraints] 
  4.54e-03s  4.61e-03d  [FindBigAtMostOneAndLinearOverlap] 
  1.16e-03s  2.22e-03d  [FindBigVerticalLinearOverlap] 
  2.53e-04s  5.31e-04d  [FindBigHorizontalLinearOverlap] #linears=99 
  8.30e-05s  0.00e+00d  [MergeClauses] 
  2.18e-03s  0.00e+00d  [DetectDominanceRelations] 
  7.62e-03s  0.00e+00d  [PresolveToFixPoint] #num_loops=1 #num_dual_strengthening=1 
  2.09e-03s  0.00e+00d  [DetectDominanceRelations] 
  7.50e-03s  0.00e+00d  [PresolveToFixPoint] #num_loops=1 #num_dual_strengthening=1 
[Symmetry] Graph for symmetry has 6'873 nodes and 13'807 arcs.
[Symmetry] Symmetry computation done. time: 0.00135099 dtime: 0.0016088
[Symmetry] #generators: 2, average support size: 2
[Symmetry] 2 orbits with sizes: 2,2
[Symmetry] Found orbitope of size 1 x 2
[SAT presolve] num removable Booleans: 0 / 1308
[SAT presolve] num trivial clauses: 0
[SAT presolve] [0s] clauses:26 literals:52 vars:37 one_side_vars:29 simple_definition:8 singleton_clauses:0
[SAT presolve] [5.1707e-05s] clauses:26 literals:52 vars:37 one_side_vars:29 simple_definition:8 singleton_clauses:0
[SAT presolve] [9.8428e-05s] clauses:26 literals:52 vars:37 one_side_vars:29 simple_definition:8 singleton_clauses:0
  1.49e-01s  2.50e-02d  [Probe] #probed=3'044 #new_bounds=21 
  3.14e-03s  0.00e+00d  [MaxClique] Merged 748(5154 literals) into 748(5155 literals) at_most_ones. 
  2.10e-03s  0.00e+00d  [DetectDominanceRelations] 
  1.00e-02s  0.00e+00d  [PresolveToFixPoint] #num_loops=3 #num_dual_strengthening=2 
  2.86e-03s  0.00e+00d  [ProcessAtMostOneAndLinear] 
  1.89e-03s  0.00e+00d  [DetectDuplicateConstraints] #duplicates=4 
  4.88e-04s  1.94e-05d  [DetectDominatedLinearConstraints] #relevant_constraints=1'367 
  5.13e-04s  0.00e+00d  [DetectDifferentVariables] #different=11 
  8.50e-04s  2.58e-04d  [ProcessSetPPC] #relevant_constraints=858 #num_inclusions=606 
  7.54e-05s  0.00e+00d  [FindAlmostIdenticalLinearConstraints] 
  4.55e-03s  4.63e-03d  [FindBigAtMostOneAndLinearOverlap] 
  1.14e-03s  2.22e-03d  [FindBigVerticalLinearOverlap] 
  2.49e-04s  5.31e-04d  [FindBigHorizontalLinearOverlap] #linears=99 
  8.74e-05s  0.00e+00d  [MergeClauses] 
  2.12e-03s  0.00e+00d  [DetectDominanceRelations] 
  7.55e-03s  0.00e+00d  [PresolveToFixPoint] #num_loops=1 #num_dual_strengthening=1 
  1.59e-04s  0.00e+00d  [ExpandObjective] #entries=66 #tight_variables=33 #tight_constraints=11 

Presolve summary:
  - 62 affine relations were detected.
  - rule 'TODO dual: only one blocking constraint?' was applied 23'382 times.
  - rule 'TODO dual: only one unspecified blocking constraint?' was applied 16 times.
  - rule 'TODO dual: tighten at most one' was applied 686 times.
  - rule 'TODO linear2: contains a Boolean.' was applied 11'986 times.
  - rule 'TODO symmetry: add symmetry breaking inequalities?' was applied 3 times.
  - rule 'affine: new relation' was applied 62 times.
  - rule 'at_most_one: removed literals' was applied 258 times.
  - rule 'at_most_one: size one' was applied 96 times.
  - rule 'at_most_one: transformed into max clique.' was applied 1 time.
  - rule 'bool_and: x => x' was applied 4 times.
  - rule 'bool_or: always true' was applied 1'070 times.
  - rule 'bool_or: implications' was applied 5'992 times.
  - rule 'deductions: 311 stored' was applied 1 time.
  - rule 'dual: add implication' was applied 36 times.
  - rule 'dual: fix variable' was applied 326 times.
  - rule 'dual: fix variable with multiple choices' was applied 4 times.
  - rule 'dual: reduced domain' was applied 197 times.
  - rule 'duplicate: merged rhs of linear constraint' was applied 2 times.
  - rule 'duplicate: removed constraint' was applied 12 times.
  - rule 'duplicate: removed enforced constraint' was applied 2 times.
  - rule 'enforcement: false literal' was applied 3'463 times.
  - rule 'enforcement: literal not used' was applied 5 times.
  - rule 'linear + amo: extracted enforcement literal' was applied 1 time.
  - rule 'linear + amo: fixed literal implied by enforcement' was applied 8 times.
  - rule 'linear1: always true' was applied 2 times.
  - rule 'linear2: contains a Boolean.' was applied 5 times.
  - rule 'linear: always true' was applied 1'064 times.
  - rule 'linear: divide by GCD' was applied 4'488 times.
  - rule 'linear: empty' was applied 110 times.
  - rule 'linear: extracted enforcement literal' was applied 434 times.
  - rule 'linear: fixed or dup variables' was applied 1'251 times.
  - rule 'linear: negative clause' was applied 2'042 times.
  - rule 'linear: positive at most one' was applied 186 times.
  - rule 'linear: positive clause' was applied 3'950 times.
  - rule 'linear: positive equal one' was applied 11 times.
  - rule 'linear: reduced variable domains' was applied 615 times.
  - rule 'linear: remapped using affine relations' was applied 2'241 times.
  - rule 'linear: simplified rhs' was applied 15'156 times.
  - rule 'linear: singleton column' was applied 4 times.
  - rule 'objective: variable not used elsewhere' was applied 1 time.
  - rule 'presolve: 770 unused variables removed.' was applied 1 time.
  - rule 'presolve: iteration' was applied 3 times.
  - rule 'setppc: bool_or in at_most_one.' was applied 4 times.
  - rule 'setppc: removed dominated constraints' was applied 40 times.
  - rule 'symmetry: added symmetry breaking implication' was applied 4 times.

Presolved optimization model '': (model_fingerprint: 0x68bf082fa53c6bcd)
#Variables: 1'585 (#bools: 25 #ints: 1 in objective)
  - 1'308 Booleans in [0,1]
  - 1 in [0,726]
  - 1 in [0,732]
  - 1 in [0,734]
  - 1 in [0,1462]
  - 1 in [0,1470]
  - 16 in [0,1476]
  - 2 in [0,1477]
  - 2 in [0,1478]
  - 1 in [0,1482]
  - 12 in [0,1484]
  - 1 in [0,1485]
  - 1 in [0,1487]
  - 1 in [0,1489]
  - 1 in [0,1490]
  - 1 in [0,1492]
  - 10 in [0,1493]
  - 1 in [0,7375]
  - 13 in [0,7380]
  - 1 in [0,7410]
  - 14 in [0,7420]
  - 1 in [0,7424]
  - 1 in [0,7425]
  - 1 in [0,7445]
  - 1 in [0,7450]
  - 1 in [0,7457]
  - 2 in [0,7458]
  - 14 in [0,7465]
  - 66 in [0,225000]
  - 1 in [1,727]
  - 1 in [3,737]
  - 1 in [5,737]
  - 1 in [5,743]
  - 1 in [5,3748]
  - 1 in [6,3749]
  - 1 in [9,747]
  - 1 in [45,3737]
  - 1 in [55,3747]
  - 1 in [59,3748]
  - 1 in [60,3749]
  - 1 in [62,3741]
  - 1 in [71,3750]
  - 1 in [300,218100]
  - 1 in [300,219300]
  - 1 in [300,220800]
  - 1 in [300,221400]
  - 1 in [300,222600]
  - 2 in [300,224040]
  - 3 in [300,224100]
  - 2 in [300,224608]
  - 2 in [300,224700]
  - 2 in [300,224880]
  - 1 in [360,224971]
  - 1 in [377,224988]
  - 1 in [900,221100]
  - 1 in [900,222600]
  - 1 in [900,223200]
  - 1 in [900,223680]
  - 2 in [900,223740]
  - 1 in [900,223800]
  - 2 in [900,224280]
  - 2 in [900,224640]
  - 2 in [900,224700]
  - 2 in [900,225000]
  - 1 in [1500,221100]
  - 1 in [1500,222000]
  - 1 in [1500,222488]
  - 2 in [1500,224280]
  - 1 in [1500,224340]
  - 2 in [1500,224880]
  - 2 in [1500,225000]
  - 2 in [2081,222488]
  - 2 in [2100,223680]
  - 4 in [2262,223860]
  - 2 in [2381,224280]
  - 2 in [2650,224760]
  - 1 in [2700,224100]
  - 2 in [2700,224220]
  - 2 in [2700,225000]
  - 2 in [3000,224340]
  - 4 in [3000,224640]
  - 3 in [3360,225000]
  - 2 in [3364,224340]
  - 4 in [3540,224880]
  - 1 in [3600,224976]
  - 1 in [3624,225000]
  - 2 in [3660,224400]
  - 4 in [3720,224460]
  - 3 in [3993,224400]
  - 2 in [4227,224520]
  - 4 in [4260,225000]
  - 3 in [5220,225000]
#kAtMostOne: 722 (#literals: 5'102)
#kBoolAnd: 33 (#enforced: 33) (#literals: 67)
#kExactlyOne: 11 (#literals: 33)
#kLinear1: 1 (#enforced: 1)
#kLinear2: 556 (#enforced: 387 #multi: 17)
#kLinear3: 1'004 (#enforced: 3)
#kLinearN: 194 (#enforced: 1) (#terms: 2'124)

Preloading model.
#Bound   0.97s best:inf   next:[293672,14972298] initial_domain
[Symmetry] Graph for symmetry has 6'039 nodes and 13'811 arcs.
[Symmetry] Symmetry computation done. time: 0.00132538 dtime: 0.0015568
[Symmetry] #generators: 1, average support size: 2
#Model   0.97s var:1585/1585 constraints:2521/2521

Starting search at 0.97s with 32 workers.
16 full problem subsolvers: [core, default_lp, lb_tree_search, max_lp, no_lp, objective_lb_search, objective_lb_search_max_lp, objective_lb_search_no_lp, objective_shaving_search_max_lp, objective_shaving_search_no_lp, probing, probing_max_lp, pseudo_costs, quick_restart, quick_restart_no_lp, reduced_costs]
14 first solution subsolvers: [fj_long_default, fj_long_lin_default, fj_long_random, fj_short_default, fj_short_lin_default, fj_short_lin_random, fj_short_random, fs_random(2), fs_random_no_lp(2), fs_random_quick_restart(2), fs_random_quick_restart_no_lp]
11 incomplete subsolvers: [feasibility_pump, graph_arc_lns, graph_cst_lns, graph_dec_lns, graph_var_lns, rins/rens, rnd_cst_lns, rnd_var_lns, violation_ls(3)]
3 helper subsolvers: [neighborhood_helper, synchronization_agent, update_gap_integral]
#Bound   1.16s best:inf   next:[293674,14972298] objective_shaving_search_no_lp (vars=1300 csts=1503)
#Bound   1.18s best:inf   next:[293676,14972298] objective_shaving_search_max_lp (vars=1585 csts=2522)
#Bound   1.18s best:inf   next:[293678,14972298] objective_shaving_search_no_lp (vars=1585 csts=2522)
#Bound   1.19s best:inf   next:[293680,14972298] objective_shaving_search_no_lp (vars=1585 csts=2522)
#Bound   1.21s best:inf   next:[293682,14972298] objective_shaving_search_no_lp (vars=1585 csts=2522)
#Bound   1.22s best:inf   next:[293684,14972298] objective_shaving_search_no_lp (vars=1585 csts=2522)
#1       1.22s best:14972298 next:[293684,14972296] fj_long_random(batch:2 #lin_moves:9'215 #lin_evals:17'480 #weight_updates:828)
#Bound   1.22s best:14972298 next:[293686,14972296] objective_shaving_search_no_lp (vars=1585 csts=2522)
#2       1.23s best:14972232 next:[293686,14972230] violation_ls(batch:1 #solutions_imported:1 #lin_moves:17 #lin_evals:502 #weight_updates:7)
#3       1.23s best:14972166 next:[293686,14972164] violation_ls(batch:1 #solutions_imported:1 #lin_moves:0 #lin_evals:702 #gen_moves:12 #gen_evals:0 #comp_moves:4 #backtracks:4 #weight_updates:0)
#4       1.24s best:14972100 next:[293686,14972098] violation_ls(batch:2 #solutions_imported:2 #lin_moves:17 #lin_evals:3'196 #gen_moves:45 #gen_evals:0 #comp_moves:7 #backtracks:19 #weight_updates:8)
#5       1.25s best:14972034 next:[293686,14972032] violation_ls(batch:3 #solutions_imported:3 #lin_moves:4 #lin_evals:16'281 #gen_moves:285 #gen_evals:0 #comp_moves:29 #backtracks:128 #weight_updates:7)
#6       1.25s best:14971968 next:[293686,14971966] violation_ls(batch:3 #solutions_imported:3 #lin_moves:15 #lin_evals:4'277 #gen_moves:65 #gen_evals:0 #comp_moves:11 #backtracks:27 #weight_updates:8)
#Bound   1.50s best:14971968 next:[296936,14971966] pseudo_costs
#7       1.55s best:14966046 next:[296936,14966044] graph_arc_lns (d=0.50 s=55 t=0.10 p=0.00 stall=0 h=auto_l0)
#8       1.56s best:14965980 next:[296936,14965978] violation_ls(batch:4 #solutions_imported:4 #lin_moves:4 #lin_evals:19'530 #gen_moves:351 #gen_evals:0 #comp_moves:35 #backtracks:158 #weight_updates:8)
#9       1.56s best:14965914 next:[296936,14965912] violation_ls(batch:4 #solutions_imported:4 #lin_moves:17 #lin_evals:7'993 #gen_moves:124 #gen_evals:0 #comp_moves:14 #backtracks:55 #weight_updates:9)
#10      1.56s best:14965848 next:[296936,14965846] violation_ls(batch:4 #solutions_imported:4 #lin_moves:21 #lin_evals:4'319 #gen_moves:65 #gen_evals:0 #comp_moves:11 #backtracks:27 #weight_updates:12)
#Bound   1.58s best:14965848 next:[305504,14965846] reduced_costs
#Bound   1.62s best:14965848 next:[312032,14965846] reduced_costs
#Bound   1.63s best:14965848 next:[333168,14965846] pseudo_costs
#Bound   1.65s best:14965848 next:[335050,14965846] reduced_costs
#11      1.69s best:971322 next:[335050,971320] graph_dec_lns (d=0.50 s=57 t=0.10 p=0.00 stall=0 h=auto_l0)
#Bound   1.70s best:971322 next:[362444,971320] pseudo_costs
#Bound   1.77s best:971322 next:[382420,971320] pseudo_costs
#Bound   1.80s best:971322 next:[384470,971320] reduced_costs
#Bound   1.84s best:971322 next:[391410,971320] pseudo_costs
#Bound   1.88s best:971322 next:[394108,971320] reduced_costs
#Bound   1.92s best:971322 next:[394256,971320] pseudo_costs
#12      1.99s best:971256 next:[394256,971254] violation_ls(batch:5 #solutions_imported:5 #lin_moves:4 #lin_evals:21'039 #gen_moves:391 #gen_evals:0 #comp_moves:51 #backtracks:170 #weight_updates:8)
#13      1.99s best:971190 next:[394256,971188] violation_ls(batch:5 #solutions_imported:5 #lin_moves:17 #lin_evals:8'006 #gen_moves:128 #gen_evals:0 #comp_moves:18 #backtracks:55 #weight_updates:9)
#14      1.99s best:971124 next:[394256,971122] violation_ls(batch:5 #solutions_imported:5 #lin_moves:24 #lin_evals:4'352 #gen_moves:65 #gen_evals:0 #comp_moves:11 #backtracks:27 #weight_updates:14)
#Model   3.71s var:1584/1585 constraints:2520/2521
#Model   4.01s var:1583/1585 constraints:2519/2521
#Model   7.35s var:1582/1585 constraints:2517/2521
#Model   7.56s var:1581/1585 constraints:2517/2521
#Model   8.06s var:1580/1585 constraints:2517/2521
#Model   8.26s var:1579/1585 constraints:2516/2521
#Model   8.77s var:1578/1585 constraints:2516/2521
#Model  10.77s var:1577/1585 constraints:2515/2521
#Model  11.98s var:1576/1585 constraints:2515/2521
#Model  12.58s var:1575/1585 constraints:2515/2521
#Model  12.98s var:1574/1585 constraints:2514/2521
#Model  14.29s var:1573/1585 constraints:2514/2521
#Model  15.09s var:1572/1585 constraints:2514/2521
#Model  16.60s var:1571/1585 constraints:2513/2521
#Model  17.90s var:1570/1585 constraints:2513/2521
#Model  18.10s var:1569/1585 constraints:2513/2521
#Model  18.81s var:1568/1585 constraints:2512/2521
#15     22.92s best:965004 next:[394256,965002] quick_restart_no_lp (fixed_bools=239/2378)
#16     23.10s best:963270 next:[394256,963268] quick_restart_no_lp (fixed_bools=239/2407)
#17     23.50s best:958612 next:[394256,958610] quick_restart_no_lp (fixed_bools=239/2419)
#18     23.59s best:956708 next:[394256,956706] quick_restart_no_lp (fixed_bools=239/2431)
#Model  31.02s var:1567/1585 constraints:2511/2521
#Model  40.23s var:1566/1585 constraints:2510/2521
#Model  79.67s var:1565/1585 constraints:2509/2521
#Bound 136.44s best:956708 next:[430226,956706] probing
#Bound 336.62s best:956708 next:[434186,956706] default_lp
#Bound 426.21s best:956708 next:[438146,956706] objective_lb_search_max_lp
#Model 1116.75s var:1564/1585 constraints:2506/2521
#Bound 1153.89s best:956708 next:[438148,956706] reduced_costs
#Bound 1154.24s best:956708 next:[438152,956706] reduced_costs
#Bound 1154.50s best:956708 next:[438206,956706] reduced_costs
#Bound 1154.75s best:956708 next:[438254,956706] reduced_costs
#Bound 1155.00s best:956708 next:[438318,956706] reduced_costs
#Bound 1155.43s best:956708 next:[438406,956706] reduced_costs
#Bound 1155.89s best:956708 next:[438410,956706] reduced_costs
#Bound 1157.14s best:956708 next:[438424,956706] reduced_costs
#Bound 1157.40s best:956708 next:[438476,956706] reduced_costs
#Bound 1164.69s best:956708 next:[438496,956706] reduced_costs
#Bound 1164.94s best:956708 next:[438542,956706] reduced_costs
#Bound 1167.08s best:956708 next:[438550,956706] reduced_costs
#Bound 1167.38s best:956708 next:[438568,956706] reduced_costs
#Bound 1167.64s best:956708 next:[438608,956706] reduced_costs
#Bound 1186.48s best:956708 next:[438616,956706] reduced_costs
#Bound 1186.91s best:956708 next:[438626,956706] reduced_costs
#Bound 1187.32s best:956708 next:[438674,956706] reduced_costs
#Bound 1202.51s best:956708 next:[438718,956706] reduced_costs
#Bound 1202.66s best:956708 next:[438740,956706] reduced_costs
#Bound 1213.47s best:956708 next:[438742,956706] reduced_costs
#Bound 1213.64s best:956708 next:[438806,956706] reduced_costs
#Bound 1240.66s best:956708 next:[438812,956706] objective_lb_search_max_lp
#Bound 1240.94s best:956708 next:[438872,956706] objective_lb_search_max_lp
#Bound 1243.92s best:956708 next:[438876,956706] objective_lb_search_max_lp
#Bound 1244.14s best:956708 next:[438938,956706] objective_lb_search_max_lp
#19    1245.84s best:868196 next:[438938,868194] no_lp (fixed_bools=692/4275)
#Bound 1277.71s best:868196 next:[438954,868194] reduced_costs
#Bound 1278.11s best:868196 next:[439004,868194] reduced_costs
#Model 1279.47s var:1563/1585 constraints:2506/2521
#Bound 1294.15s best:868196 next:[439006,868194] reduced_costs
#Bound 1294.37s best:868196 next:[439070,868194] reduced_costs
#Model 1313.29s var:1562/1585 constraints:2505/2521
#Bound 1326.45s best:868196 next:[439078,868194] objective_lb_search_max_lp
#Bound 1326.95s best:868196 next:[439136,868194] objective_lb_search_max_lp
#Bound 1329.38s best:868196 next:[439138,868194] objective_lb_search_max_lp
#Bound 1329.76s best:868196 next:[439202,868194] objective_lb_search_max_lp
#Bound 1330.51s best:868196 next:[439220,868194] objective_lb_search_max_lp
#Bound 1330.89s best:868196 next:[439232,868194] objective_lb_search_max_lp
#Bound 1331.22s best:868196 next:[439268,868194] objective_lb_search_max_lp
#Model 1331.51s var:1561/1585 constraints:2505/2521
#Bound 1332.50s best:868196 next:[439286,868194] objective_lb_search_max_lp
#Bound 1332.86s best:868196 next:[439334,868194] objective_lb_search_max_lp
#Bound 1334.08s best:868196 next:[439344,868194] objective_lb_search_max_lp
#Bound 1334.40s best:868196 next:[439400,868194] objective_lb_search_max_lp
#Bound 1335.09s best:868196 next:[439402,868194] objective_lb_search_max_lp
#Bound 1335.48s best:868196 next:[439464,868194] objective_lb_search_max_lp
#Bound 1335.78s best:868196 next:[439466,868194] objective_lb_search_max_lp
#Model 1339.62s var:1560/1585 constraints:2505/2521
#Model 1349.03s var:1559/1585 constraints:2505/2521
#20    1748.00s best:866292 next:[439466,866290] quick_restart_no_lp (fixed_bools=1033/4113)
#Bound 2151.11s best:866292 next:[439482,866290] objective_lb_search_max_lp
#Bound 2151.51s best:866292 next:[439532,866290] objective_lb_search_max_lp
#Bound 2267.05s best:866292 next:[439536,866290] objective_lb_search_max_lp
#Bound 2267.44s best:866292 next:[439554,866290] objective_lb_search_max_lp
#Bound 2267.95s best:866292 next:[439598,866290] objective_lb_search_max_lp
#Bound 2344.14s best:866292 next:[442106,866290] pseudo_costs
#Model 2472.83s var:1558/1585 constraints:2504/2521
#Bound 2498.32s best:866292 next:[442108,866290] probing_max_lp
#Bound 2498.65s best:866292 next:[442756,866290] probing_max_lp
#Bound 2498.80s best:866292 next:[442774,866290] probing_max_lp
#Bound 2499.05s best:866292 next:[442832,866290] probing_max_lp
#Bound 2500.51s best:866292 next:[442834,866290] probing_max_lp
#Bound 2500.71s best:866292 next:[442898,866290] probing_max_lp
#Bound 2501.26s best:866292 next:[442982,866290] probing_max_lp
#Bound 2501.47s best:866292 next:[442986,866290] probing_max_lp
#Bound 2501.65s best:866292 next:[443030,866290] probing_max_lp
#Bound 2502.41s best:866292 next:[443052,866290] probing_max_lp
#Bound 2502.80s best:866292 next:[443096,866290] probing_max_lp
#Bound 2505.56s best:866292 next:[443116,866290] probing_max_lp
#Bound 2505.87s best:866292 next:[443162,866290] probing_max_lp
#Bound 2519.64s best:866292 next:[443208,866290] probing_max_lp
#Bound 2519.90s best:866292 next:[443228,866290] probing_max_lp
#Bound 2523.80s best:866292 next:[443272,866290] probing_max_lp
#Bound 2524.14s best:866292 next:[443294,866290] probing_max_lp
#Bound 2524.68s best:866292 next:[443322,866290] probing_max_lp
#Bound 2524.97s best:866292 next:[443332,866290] probing_max_lp
#Bound 2525.20s best:866292 next:[443360,866290] probing_max_lp
#Bound 2525.80s best:866292 next:[443366,866290] probing_max_lp
#Bound 2526.05s best:866292 next:[443426,866290] probing_max_lp
#Bound 2568.18s best:866292 next:[443430,866290] probing_max_lp
#Bound 2568.39s best:866292 next:[443448,866290] probing_max_lp
#Bound 2568.59s best:866292 next:[443492,866290] probing_max_lp
#Bound 2593.25s best:866292 next:[443502,866290] probing_max_lp
#Bound 2593.56s best:866292 next:[443558,866290] probing_max_lp
#Bound 2594.20s best:866292 next:[443566,866290] probing_max_lp
#Bound 2594.40s best:866292 next:[443624,866290] probing_max_lp
#Bound 3177.99s best:866292 next:[443626,866290] probing_max_lp
#Bound 3178.46s best:866292 next:[443636,866290] probing_max_lp
#Bound 3178.71s best:866292 next:[443690,866290] probing_max_lp
#Bound 3187.65s best:866292 next:[443700,866290] probing_max_lp
#Bound 3187.98s best:866292 next:[443756,866290] probing_max_lp
#Bound 3207.38s best:866292 next:[443770,866290] probing_max_lp
#Bound 3207.77s best:866292 next:[443772,866290] probing_max_lp
#Bound 3208.22s best:866292 next:[443788,866290] probing_max_lp
#Bound 3208.65s best:866292 next:[443822,866290] probing_max_lp
#Bound 3251.28s best:866292 next:[443828,866290] probing_max_lp
#Bound 3251.72s best:866292 next:[443840,866290] probing_max_lp
#Bound 3252.22s best:866292 next:[443888,866290] probing_max_lp
#Bound 3371.54s best:866292 next:[443894,866290] probing_max_lp
#Bound 3371.79s best:866292 next:[443954,866290] probing_max_lp
#Bound 3410.00s best:866292 next:[443970,866290] probing_max_lp
#Bound 3410.22s best:866292 next:[444024,866290] probing_max_lp
#Bound 3410.52s best:866292 next:[444030,866290] probing_max_lp
#Bound 3410.82s best:866292 next:[444086,866290] probing_max_lp
#Bound 3466.61s best:866292 next:[444092,866290] probing_max_lp
#Bound 3466.84s best:866292 next:[444152,866290] probing_max_lp
#Bound 3478.59s best:866292 next:[444164,866290] probing_max_lp
#Bound 3478.83s best:866292 next:[444168,866290] probing_max_lp
#Bound 3479.38s best:866292 next:[444170,866290] probing_max_lp
#Bound 3479.67s best:866292 next:[444196,866290] probing_max_lp
#Bound 3479.69s best:866292 next:[444218,866290] probing_max_lp
#Bound 3521.70s best:866292 next:[444222,866290] max_lp
#Bound 3521.94s best:866292 next:[444232,866290] max_lp
#Bound 3522.22s best:866292 next:[444284,866290] max_lp
#Bound 3522.52s best:866292 next:[444300,866290] max_lp
#Bound 3522.66s best:866292 next:[444328,866290] max_lp
#Bound 3522.80s best:866292 next:[444486,866290] max_lp
#Bound 3523.00s best:866292 next:[444548,866290] max_lp
#Bound 3525.61s best:866292 next:[444554,866290] max_lp
#Bound 3525.77s best:866292 next:[444572,866290] max_lp
#Bound 3525.93s best:866292 next:[444614,866290] max_lp
#Bound 3526.09s best:866292 next:[444666,866290] max_lp
#Bound 3526.25s best:866292 next:[444680,866290] max_lp
#Bound 3528.09s best:866292 next:[444708,866290] max_lp
#Bound 3528.25s best:866292 next:[444754,866290] max_lp
#Bound 3528.43s best:866292 next:[444784,866290] max_lp
#Bound 3528.59s best:866292 next:[444786,866290] max_lp
#Bound 3528.74s best:866292 next:[444790,866290] max_lp
#Bound 3528.90s best:866292 next:[444796,866290] max_lp
#Bound 3529.06s best:866292 next:[444808,866290] max_lp
#Bound 3529.23s best:866292 next:[444826,866290] max_lp
#Bound 3529.43s best:866292 next:[444870,866290] max_lp
#Bound 3529.99s best:866292 next:[444872,866290] max_lp
#Bound 3530.30s best:866292 next:[444878,866290] max_lp
#Bound 3530.67s best:866292 next:[444884,866290] max_lp
#Bound 3530.83s best:866292 next:[444900,866290] max_lp
#Bound 3531.05s best:866292 next:[444924,866290] max_lp
#Bound 3532.02s best:866292 next:[444928,866290] max_lp
#Bound 3532.30s best:866292 next:[444946,866290] max_lp
#Bound 3532.76s best:866292 next:[444998,866290] max_lp
#Bound 3533.07s best:866292 next:[445000,866290] max_lp
#Bound 3534.85s best:866292 next:[445006,866290] max_lp
#Bound 3535.54s best:866292 next:[445008,866290] max_lp
#Bound 3535.59s best:866292 next:[445010,866290] max_lp
#Bound 3535.74s best:866292 next:[445018,866290] max_lp
#Bound 3535.94s best:866292 next:[445064,866290] max_lp
#Bound 3536.40s best:866292 next:[445066,866290] max_lp
#Bound 3548.33s best:866292 next:[445068,866290] max_lp
#Bound 3549.36s best:866292 next:[445070,866290] max_lp
#Bound 3569.60s best:866292 next:[445072,866290] max_lp
#Bound 3570.37s best:866292 next:[445076,866290] max_lp
#Bound 3988.21s best:866292 next:[445086,866290] max_lp
#Bound 3988.58s best:866292 next:[445102,866290] max_lp
#Bound 3988.89s best:866292 next:[445138,866290] max_lp
#Bound 3989.62s best:866292 next:[445142,866290] max_lp
#Bound 4591.71s best:866292 next:[445144,866290] reduced_costs
#Bound 4591.96s best:866292 next:[445166,866290] reduced_costs
#Bound 4592.16s best:866292 next:[445198,866290] reduced_costs
#Bound 4592.67s best:866292 next:[445208,866290] reduced_costs
#Bound 4706.58s best:866292 next:[445210,866290] reduced_costs
#Bound 4706.94s best:866292 next:[445214,866290] reduced_costs
#Bound 4707.20s best:866292 next:[445274,866290] reduced_costs
#21    5379.55s best:866156 next:[445274,866154] objective_lb_search_no_lp (fixed_bools=1295/5560)
#Bound 5545.70s best:866156 next:[445276,866154] max_lp
#Bound 5546.25s best:866156 next:[445306,866154] max_lp
#Bound 5546.29s best:866156 next:[445322,866154] max_lp
#Bound 5546.58s best:866156 next:[445324,866154] max_lp
#Bound 5546.85s best:866156 next:[445340,866154] max_lp
#Bound 5626.99s best:866156 next:[445342,866154] max_lp
#Bound 5627.59s best:866156 next:[445406,866154] max_lp
#22    5664.72s best:861634 next:[445406,861632] quick_restart_no_lp (fixed_bools=1382/5128)
#Bound 5738.00s best:861634 next:[445410,861632] max_lp
#Bound 5738.61s best:861634 next:[445422,861632] max_lp
#Bound 5738.82s best:861634 next:[445424,861632] max_lp
#Bound 5739.06s best:861634 next:[445440,861632] max_lp
#Bound 5739.44s best:861634 next:[445452,861632] max_lp
#Bound 5740.74s best:861634 next:[445454,861632] max_lp
#Bound 5741.16s best:861634 next:[445456,861632] max_lp
#Bound 5741.54s best:861634 next:[445464,861632] max_lp
#Bound 5741.87s best:861634 next:[445472,861632] max_lp
#Bound 5841.65s best:861634 next:[445476,861632] max_lp
#Bound 5841.87s best:861634 next:[445528,861632] max_lp
#Bound 5842.12s best:861634 next:[445530,861632] max_lp
#Bound 5842.36s best:861634 next:[445538,861632] max_lp
#Bound 5890.08s best:861634 next:[445540,861632] max_lp
#Bound 5890.33s best:861634 next:[445604,861632] max_lp
#Bound 5894.75s best:861634 next:[445614,861632] max_lp
#Bound 5894.94s best:861634 next:[445670,861632] max_lp
#Bound 5946.24s best:861634 next:[445672,861632] max_lp
#Bound 5946.64s best:861634 next:[445736,861632] max_lp
#Bound 5962.48s best:861634 next:[445742,861632] max_lp
#Bound 5962.85s best:861634 next:[445802,861632] max_lp
#Bound 6017.16s best:861634 next:[445804,861632] max_lp
#Bound 6017.43s best:861634 next:[445846,861632] max_lp
#Bound 6017.77s best:861634 next:[445868,861632] max_lp
#Bound 6177.11s best:861634 next:[445876,861632] max_lp
#Bound 6177.48s best:861634 next:[445878,861632] max_lp
#Bound 6177.73s best:861634 next:[445886,861632] max_lp
#Bound 6177.90s best:861634 next:[445934,861632] max_lp
#Bound 6186.59s best:861634 next:[445936,861632] max_lp
#Bound 6186.74s best:861634 next:[446000,861632] max_lp
#Bound 6188.74s best:861634 next:[446012,861632] max_lp
#Bound 6189.08s best:861634 next:[446018,861632] max_lp
#Bound 6189.57s best:861634 next:[446056,861632] max_lp
#Bound 6191.58s best:861634 next:[446060,861632] max_lp
#Bound 6192.04s best:861634 next:[446066,861632] max_lp
#Bound 6209.72s best:861634 next:[446068,861632] max_lp
#Bound 6210.19s best:861634 next:[446082,861632] max_lp
#Bound 6210.62s best:861634 next:[446094,861632] max_lp
#Bound 6211.29s best:861634 next:[446122,861632] max_lp
#Bound 6213.60s best:861634 next:[446124,861632] max_lp
#Bound 6214.29s best:861634 next:[446132,861632] max_lp
#Bound 6267.04s best:861634 next:[446134,861632] max_lp
#Bound 6267.47s best:861634 next:[446140,861632] max_lp
#Bound 6268.05s best:861634 next:[446144,861632] max_lp
#Bound 6268.39s best:861634 next:[446170,861632] max_lp
#Bound 6269.17s best:861634 next:[446188,861632] max_lp
#Bound 6271.14s best:861634 next:[446198,861632] max_lp
#Bound 6282.27s best:861634 next:[446200,861632] max_lp
#Bound 6282.64s best:861634 next:[446204,861632] max_lp
#Bound 6282.88s best:861634 next:[446222,861632] max_lp
#Bound 6284.20s best:861634 next:[446244,861632] max_lp
#Bound 6285.22s best:861634 next:[446246,861632] max_lp
#Bound 6285.47s best:861634 next:[446248,861632] max_lp
#Bound 6287.06s best:861634 next:[446250,861632] max_lp
#Bound 6288.40s best:861634 next:[446252,861632] max_lp
#Bound 6289.68s best:861634 next:[446254,861632] max_lp
#Bound 6291.89s best:861634 next:[446256,861632] max_lp
#Bound 6293.09s best:861634 next:[446264,861632] max_lp
#Bound 6321.42s best:861634 next:[446704,861632] objective_lb_search_max_lp
#Bound 6321.61s best:861634 next:[446786,861632] objective_lb_search_max_lp
#Bound 6321.65s best:861634 next:[446802,861632] objective_lb_search_max_lp
#Bound 6322.07s best:861634 next:[447450,861632] objective_lb_search_max_lp
#Bound 6322.31s best:861634 next:[447476,861632] objective_lb_search_max_lp
#Bound 6322.72s best:861634 next:[447518,861632] objective_lb_search_max_lp
#Bound 6322.78s best:861634 next:[447528,861632] objective_lb_search_max_lp
#Bound 6323.10s best:861634 next:[447828,861632] objective_lb_search_max_lp
#Bound 6323.36s best:861634 next:[447838,861632] objective_lb_search_max_lp
#Bound 6323.47s best:861634 next:[447886,861632] objective_lb_search_max_lp
#Bound 6323.74s best:861634 next:[447936,861632] objective_lb_search_max_lp
#Bound 6324.09s best:861634 next:[448002,861632] objective_lb_search_max_lp
#Bound 6324.37s best:861634 next:[448058,861632] objective_lb_search_max_lp
#Bound 6324.71s best:861634 next:[448066,861632] objective_lb_search_max_lp
#Bound 6324.92s best:861634 next:[448108,861632] objective_lb_search_max_lp
#Bound 6325.22s best:861634 next:[448112,861632] objective_lb_search_max_lp
#Bound 6327.98s best:861634 next:[448116,861632] objective_lb_search_max_lp
#Bound 6328.25s best:861634 next:[448132,861632] objective_lb_search_max_lp
#Bound 6329.21s best:861634 next:[448178,861632] objective_lb_search_max_lp
#Bound 6331.13s best:861634 next:[448186,861632] objective_lb_search_max_lp
#Bound 6331.37s best:861634 next:[448206,861632] objective_lb_search_max_lp
#Bound 6331.63s best:861634 next:[448226,861632] objective_lb_search_max_lp
#Bound 6331.86s best:861634 next:[448230,861632] objective_lb_search_max_lp
#Bound 6331.89s best:861634 next:[448268,861632] objective_lb_search_max_lp
#Bound 6339.96s best:861634 next:[448274,861632] objective_lb_search_max_lp
#Bound 6340.25s best:861634 next:[448310,861632] objective_lb_search_max_lp
#Bound 6639.58s best:861634 next:[448324,861632] objective_lb_search_max_lp
#Bound 6639.80s best:861634 next:[448376,861632] objective_lb_search_max_lp
#Bound 6641.30s best:861634 next:[448382,861632] objective_lb_search_max_lp
#Bound 6641.49s best:861634 next:[448396,861632] objective_lb_search_max_lp
#Bound 6983.52s best:861634 next:[448398,861632] objective_lb_search_max_lp
#Bound 6984.47s best:861634 next:[448400,861632] objective_lb_search_max_lp
#Bound 6985.12s best:861634 next:[448402,861632] objective_lb_search_max_lp
#Bound 6985.49s best:861634 next:[448420,861632] objective_lb_search_max_lp
#Bound 6996.80s best:861634 next:[448442,861632] objective_lb_search_max_lp
#Model 8535.85s var:1557/1585 constraints:2501/2521
#Bound 8659.43s best:861634 next:[489626,861632] probing_max_lp
#Bound 8941.63s best:861634 next:[489628,861632] max_lp
#Bound 8941.89s best:861634 next:[489660,861632] max_lp
#Bound 8942.29s best:861634 next:[489692,861632] max_lp
#Bound 8944.48s best:861634 next:[489694,861632] max_lp
#Bound 8944.78s best:861634 next:[489752,861632] max_lp
#Bound 8945.11s best:861634 next:[489758,861632] max_lp
#Bound 8946.47s best:861634 next:[489776,861632] max_lp
#Bound 8946.83s best:861634 next:[489878,861632] max_lp
#Bound 8947.18s best:861634 next:[489890,861632] max_lp
#Bound 8947.43s best:861634 next:[489902,861632] max_lp
#Bound 8947.69s best:861634 next:[489956,861632] max_lp
#Bound 8949.31s best:861634 next:[489968,861632] max_lp
#Bound 8949.53s best:861634 next:[490062,861632] max_lp
#Bound 8949.78s best:861634 next:[490104,861632] max_lp
#Bound 8950.07s best:861634 next:[490154,861632] max_lp
#Bound 8952.97s best:861634 next:[490172,861632] max_lp
#Bound 8953.35s best:861634 next:[490274,861632] max_lp
#Bound 8953.61s best:861634 next:[490294,861632] max_lp
#Bound 8953.85s best:861634 next:[490302,861632] max_lp
#Bound 8954.11s best:861634 next:[490434,861632] max_lp
#Bound 8954.52s best:861634 next:[490606,861632] max_lp
#Bound 8954.86s best:861634 next:[490616,861632] max_lp
#Bound 8955.33s best:861634 next:[490626,861632] max_lp
#Bound 8955.56s best:861634 next:[490682,861632] max_lp
#Bound 8959.65s best:861634 next:[490818,861632] max_lp
#Bound 8960.03s best:861634 next:[490832,861632] max_lp
#Bound 8960.45s best:861634 next:[490880,861632] max_lp
#Bound 8983.27s best:861634 next:[490950,861632] max_lp
#Bound 8983.60s best:861634 next:[491012,861632] max_lp
#Bound 8989.28s best:861634 next:[491034,861632] max_lp
#Bound 8990.23s best:861634 next:[491078,861632] max_lp
#Bound 8990.79s best:861634 next:[491092,861632] max_lp
#Bound 8991.22s best:861634 next:[491144,861632] max_lp
#23    9629.23s best:856602 next:[491144,856600] quick_restart_no_lp (fixed_bools=1720/5807)
#Bound 10030.88s best:856602 next:[491146,856600] reduced_costs
#Bound 10031.06s best:856602 next:[491206,856600] reduced_costs
#Bound 10031.24s best:856602 next:[491300,856600] reduced_costs
#Bound 10031.40s best:856602 next:[491342,856600] reduced_costs
#Bound 10031.64s best:856602 next:[491364,856600] reduced_costs
#Bound 10031.90s best:856602 next:[491408,856600] reduced_costs
#Bound 10032.53s best:856602 next:[491448,856600] reduced_costs
#Bound 10032.70s best:856602 next:[491476,856600] reduced_costs
#Bound 10033.02s best:856602 next:[491610,856600] reduced_costs
#Bound 10033.33s best:856602 next:[491672,856600] reduced_costs
#Bound 10037.57s best:856602 next:[491704,856600] reduced_costs
#Bound 10037.81s best:856602 next:[491738,856600] reduced_costs
#Bound 10038.00s best:856602 next:[491754,856600] reduced_costs
#Bound 10038.19s best:856602 next:[491790,856600] reduced_costs
#Bound 10038.38s best:856602 next:[491802,856600] reduced_costs
#Bound 10038.40s best:856602 next:[491804,856600] reduced_costs
#Bound 10038.60s best:856602 next:[491816,856600] reduced_costs
#Bound 10038.81s best:856602 next:[491828,856600] reduced_costs
#Bound 10039.01s best:856602 next:[491848,856600] reduced_costs
#Bound 10039.21s best:856602 next:[491854,856600] reduced_costs
#Bound 10039.50s best:856602 next:[491870,856600] reduced_costs
#Bound 10039.77s best:856602 next:[491882,856600] reduced_costs
#Bound 10039.97s best:856602 next:[491900,856600] reduced_costs
#Bound 10039.99s best:856602 next:[491936,856600] reduced_costs
#Bound 10059.92s best:856602 next:[491948,856600] reduced_costs
#Bound 10060.04s best:856602 next:[492002,856600] reduced_costs
#Bound 10081.44s best:856602 next:[492016,856600] reduced_costs
#Bound 10081.47s best:856602 next:[492018,856600] reduced_costs
#Bound 10081.94s best:856602 next:[492068,856600] reduced_costs
#Bound 10085.32s best:856602 next:[492102,856600] reduced_costs
#Bound 10085.52s best:856602 next:[492134,856600] reduced_costs
#Bound 10104.23s best:856602 next:[492138,856600] reduced_costs
#Bound 10104.44s best:856602 next:[492200,856600] reduced_costs
#Bound 10210.34s best:856602 next:[492228,856600] reduced_costs
#Bound 10210.58s best:856602 next:[492266,856600] reduced_costs
#Bound 10752.43s best:856602 next:[492268,856600] reduced_costs
#Bound 10752.86s best:856602 next:[492320,856600] reduced_costs
#Bound 10753.44s best:856602 next:[492332,856600] reduced_costs
#Bound 11640.16s best:856602 next:[492352,856600] lb_tree_search
#Bound 11640.72s best:856602 next:[492360,856600] lb_tree_search
#Bound 11641.31s best:856602 next:[492372,856600] lb_tree_search
#Bound 11642.36s best:856602 next:[492398,856600] lb_tree_search
#Bound 11642.84s best:856602 next:[492652,856600] lb_tree_search
#Bound 11642.94s best:856602 next:[492656,856600] lb_tree_search
#Bound 11643.80s best:856602 next:[492672,856600] lb_tree_search
#Bound 11653.96s best:856602 next:[492728,856600] lb_tree_search
#Bound 11897.02s best:856602 next:[492732,856600] lb_tree_search
#Bound 11897.44s best:856602 next:[492794,856600] lb_tree_search
#Bound 11902.23s best:856602 next:[492800,856600] lb_tree_search
#Bound 11902.73s best:856602 next:[492860,856600] lb_tree_search
#Bound 12013.56s best:856602 next:[492868,856600] lb_tree_search
#Bound 12013.72s best:856602 next:[492926,856600] lb_tree_search
#Bound 12053.53s best:856602 next:[492948,856600] lb_tree_search
#Bound 12053.76s best:856602 next:[492992,856600] lb_tree_search
#Bound 12079.26s best:856602 next:[493012,856600] lb_tree_search
#Bound 12079.48s best:856602 next:[493064,856600] lb_tree_search
#Bound 12079.71s best:856602 next:[493124,856600] lb_tree_search
#Bound 12272.72s best:856602 next:[507852,856600] reduced_costs
#Bound 12272.98s best:856602 next:[513910,856600] reduced_costs
#Bound 12273.25s best:856602 next:[518730,856600] reduced_costs
#Bound 12273.54s best:856602 next:[522000,856600] reduced_costs
#Bound 12273.73s best:856602 next:[523650,856600] reduced_costs
#Bound 12273.76s best:856602 next:[523666,856600] reduced_costs
#Bound 12274.18s best:856602 next:[524492,856600] reduced_costs
#Bound 12274.50s best:856602 next:[524920,856600] reduced_costs
#Bound 12274.81s best:856602 next:[525182,856600] reduced_costs
#Bound 12275.12s best:856602 next:[525266,856600] reduced_costs
#Bound 12310.61s best:856602 next:[525268,856600] lb_tree_search
#Bound 12310.75s best:856602 next:[525330,856600] lb_tree_search
#Bound 12311.03s best:856602 next:[525334,856600] lb_tree_search
#Bound 12311.25s best:856602 next:[525398,856600] lb_tree_search
#Bound 12311.45s best:856602 next:[526558,856600] lb_tree_search
#Bound 12311.68s best:856602 next:[526780,856600] lb_tree_search
#Bound 12311.94s best:856602 next:[526786,856600] lb_tree_search
#Bound 12312.10s best:856602 next:[530358,856600] lb_tree_search
#Bound 12312.29s best:856602 next:[532098,856600] lb_tree_search
#Bound 12312.47s best:856602 next:[532880,856600] lb_tree_search
#Bound 12312.65s best:856602 next:[533152,856600] lb_tree_search
#Bound 12312.86s best:856602 next:[533196,856600] lb_tree_search
#Bound 12313.17s best:856602 next:[533792,856600] lb_tree_search
#Bound 12313.35s best:856602 next:[534368,856600] lb_tree_search
#Bound 12313.52s best:856602 next:[534608,856600] lb_tree_search
#Bound 12313.71s best:856602 next:[534698,856600] lb_tree_search
#Bound 12314.01s best:856602 next:[534706,856600] lb_tree_search
#Bound 12314.19s best:856602 next:[535124,856600] lb_tree_search
#Bound 12314.40s best:856602 next:[535670,856600] lb_tree_search
#Bound 12314.64s best:856602 next:[535760,856600] lb_tree_search
#Bound 12314.89s best:856602 next:[535808,856600] lb_tree_search
#Bound 12315.11s best:856602 next:[536750,856600] lb_tree_search
#Bound 12315.38s best:856602 next:[537282,856600] lb_tree_search
#Bound 12315.77s best:856602 next:[538040,856600] lb_tree_search
#Bound 12316.05s best:856602 next:[538432,856600] lb_tree_search
#Bound 12316.30s best:856602 next:[538592,856600] lb_tree_search
#Bound 12316.51s best:856602 next:[538650,856600] lb_tree_search
#Bound 12316.75s best:856602 next:[538666,856600] lb_tree_search
#Bound 12317.08s best:856602 next:[538668,856600] lb_tree_search
#Bound 12317.47s best:856602 next:[538822,856600] lb_tree_search
#Bound 12317.68s best:856602 next:[540206,856600] lb_tree_search
#Bound 12318.01s best:856602 next:[540248,856600] lb_tree_search
#Bound 12322.19s best:856602 next:[540272,856600] lb_tree_search
#Bound 12322.56s best:856602 next:[540448,856600] lb_tree_search
#Bound 12322.77s best:856602 next:[540512,856600] lb_tree_search
#Bound 12345.48s best:856602 next:[541106,856600] pseudo_costs
#Bound 13715.70s best:856602 next:[541108,856600] reduced_costs
#Bound 13715.96s best:856602 next:[541140,856600] reduced_costs
#Bound 13716.36s best:856602 next:[541170,856600] reduced_costs
#Bound 13716.79s best:856602 next:[541172,856600] reduced_costs
#Bound 14706.53s best:856602 next:[541174,856600] pseudo_costs
#Bound 14706.81s best:856602 next:[541178,856600] pseudo_costs
#Bound 14707.11s best:856602 next:[541238,856600] pseudo_costs
#Bound 14712.54s best:856602 next:[541240,856600] pseudo_costs
#Bound 14712.74s best:856602 next:[541448,856600] pseudo_costs
#Bound 14713.07s best:856602 next:[541698,856600] pseudo_costs
#Bound 14713.32s best:856602 next:[541724,856600] pseudo_costs
#Bound 14713.79s best:856602 next:[542018,856600] pseudo_costs
#Bound 14714.27s best:856602 next:[542030,856600] pseudo_costs
#Bound 14714.58s best:856602 next:[542048,856600] pseudo_costs
#Bound 14715.04s best:856602 next:[542096,856600] pseudo_costs
#Bound 14716.94s best:856602 next:[542122,856600] pseudo_costs
#Bound 14717.15s best:856602 next:[542168,856600] pseudo_costs
#Bound 14717.47s best:856602 next:[542228,856600] pseudo_costs
#Bound 14792.28s best:856602 next:[542230,856600] pseudo_costs
#Bound 14792.55s best:856602 next:[542294,856600] pseudo_costs
#Bound 14923.35s best:856602 next:[542316,856600] pseudo_costs
#Bound 14923.37s best:856602 next:[542322,856600] pseudo_costs
#Bound 14923.70s best:856602 next:[542360,856600] pseudo_costs
#Bound 14937.90s best:856602 next:[542374,856600] pseudo_costs
#Bound 14938.11s best:856602 next:[542446,856600] pseudo_costs
#Bound 14938.50s best:856602 next:[542492,856600] pseudo_costs
#Bound 15293.24s best:856602 next:[542512,856600] lb_tree_search
#Bound 15293.66s best:856602 next:[542558,856600] lb_tree_search
#Bound 15444.26s best:856602 next:[542562,856600] lb_tree_search
#Bound 15444.53s best:856602 next:[542624,856600] lb_tree_search
#Bound 15541.21s best:856602 next:[542626,856600] lb_tree_search
#Bound 15541.56s best:856602 next:[542658,856600] lb_tree_search
#Bound 15542.00s best:856602 next:[542690,856600] lb_tree_search
#Bound 15543.03s best:856602 next:[542706,856600] lb_tree_search
#Bound 15543.31s best:856602 next:[542756,856600] lb_tree_search
#Bound 15563.94s best:856602 next:[542758,856600] lb_tree_search
#Bound 15564.17s best:856602 next:[542776,856600] lb_tree_search
#Bound 15564.31s best:856602 next:[542822,856600] lb_tree_search
#Bound 15772.57s best:856602 next:[542824,856600] lb_tree_search
#Bound 15772.85s best:856602 next:[542888,856600] lb_tree_search
#24    17261.73s best:849428 next:[542888,849426] quick_restart_no_lp (fixed_bools=2103/7112)
#Model 17272.19s var:1556/1585 constraints:2500/2521
#Model 17275.69s var:1555/1585 constraints:2500/2521
#Model 17281.90s var:1554/1585 constraints:2500/2521
#Bound 17735.43s best:849428 next:[543014,849426] pseudo_costs
#Bound 17735.43s best:849428 next:[543468,849426] pseudo_costs
#Bound 17813.90s best:849428 next:[543482,849426] pseudo_costs
#Bound 17968.81s best:849428 next:[545066,849426] lb_tree_search
#Bound 18181.33s best:849428 next:[545068,849426] lb_tree_search
#Bound 18181.60s best:849428 next:[545100,849426] lb_tree_search
#Bound 18181.98s best:849428 next:[545132,849426] lb_tree_search
#Bound 18190.97s best:849428 next:[549026,849426] default_lp
#Bound 19212.97s best:849428 next:[549028,849426] objective_lb_search_max_lp
#Bound 19213.24s best:849428 next:[549090,849426] objective_lb_search_max_lp
#Bound 19213.66s best:849428 next:[549094,849426] objective_lb_search_max_lp
#Bound 19213.98s best:849428 next:[549096,849426] objective_lb_search_max_lp
#Bound 19214.37s best:849428 next:[549152,849426] objective_lb_search_max_lp
#Bound 19214.80s best:849428 next:[549158,849426] objective_lb_search_max_lp
#Bound 19216.02s best:849428 next:[549160,849426] objective_lb_search_max_lp
#Bound 19216.38s best:849428 next:[549224,849426] objective_lb_search_max_lp
#Bound 19226.09s best:849428 next:[549228,849426] objective_lb_search_max_lp
#Bound 19226.51s best:849428 next:[549248,849426] objective_lb_search_max_lp
#Bound 19227.04s best:849428 next:[549290,849426] objective_lb_search_max_lp
#25    19244.30s best:847762 next:[549290,847760] quick_restart_no_lp (fixed_bools=2303/7856)
#Model 19260.49s var:1552/1585 constraints:2499/2521
#Bound 19279.27s best:847762 next:[549320,847760] objective_lb_search_max_lp
#Bound 19279.77s best:847762 next:[549356,847760] objective_lb_search_max_lp
#Bound 19348.31s best:847762 next:[549372,847760] objective_lb_search_max_lp
#Bound 19348.60s best:847762 next:[549422,847760] objective_lb_search_max_lp
#Bound 19383.68s best:847762 next:[549428,847760] objective_lb_search_max_lp
#Bound 19384.30s best:847762 next:[549432,847760] objective_lb_search_max_lp
#Bound 19384.71s best:847762 next:[549442,847760] objective_lb_search_max_lp
#Bound 19385.11s best:847762 next:[549488,847760] objective_lb_search_max_lp
#Bound 19426.26s best:847762 next:[549496,847760] objective_lb_search_max_lp
#Bound 19426.63s best:847762 next:[549506,847760] objective_lb_search_max_lp
#Bound 19427.09s best:847762 next:[549512,847760] objective_lb_search_max_lp
#Bound 19427.49s best:847762 next:[549554,847760] objective_lb_search_max_lp
#Bound 19433.03s best:847762 next:[549560,847760] objective_lb_search_max_lp
#Bound 19433.47s best:847762 next:[549568,847760] objective_lb_search_max_lp
#Bound 19433.84s best:847762 next:[549572,847760] objective_lb_search_max_lp
#Bound 19434.39s best:847762 next:[549574,847760] objective_lb_search_max_lp
#Bound 19434.94s best:847762 next:[549620,847760] objective_lb_search_max_lp
#Bound 19437.11s best:847762 next:[549622,847760] objective_lb_search_max_lp
#Bound 19437.43s best:847762 next:[549686,847760] objective_lb_search_max_lp
#Bound 19449.85s best:847762 next:[549694,847760] objective_lb_search_max_lp
#Bound 19450.48s best:847762 next:[549766,847760] objective_lb_search_max_lp
#Bound 19451.04s best:847762 next:[549818,847760] objective_lb_search_max_lp
#Bound 19513.29s best:847762 next:[549836,847760] objective_lb_search_max_lp
#Bound 19513.47s best:847762 next:[549852,847760] objective_lb_search_max_lp
#Bound 19514.05s best:847762 next:[549884,847760] objective_lb_search_max_lp
#Bound 21239.66s best:847762 next:[550972,847760] pseudo_costs
#Bound 21239.97s best:847762 next:[550990,847760] pseudo_costs
#Bound 21240.21s best:847762 next:[551326,847760] pseudo_costs
#Bound 21240.23s best:847762 next:[551362,847760] pseudo_costs
#Bound 21240.59s best:847762 next:[551402,847760] pseudo_costs

Task timing                                  n [     min,      max]      avg      dev     time         n [     min,      max]      avg      dev    dtime
                             'core':         1 [   6.00h,    6.00h]    6.00h   0.00ns    6.00h         1 [   4.72h,    4.72h]    4.72h   0.00ns    4.72h
                       'default_lp':         1 [   6.00h,    6.00h]    6.00h   0.00ns    6.00h         1 [  37.24m,   37.24m]   37.24m   0.00ns   37.24m
                 'feasibility_pump':         4 [ 59.54ms,    1.86s]    1.08s 686.29ms    4.30s         3 [248.39ms, 475.35ms] 346.21ms  95.27ms    1.04s
                  'fj_long_default':         1 [185.00ms, 185.00ms] 185.00ms   0.00ns 185.00ms         1 [ 35.45ms,  35.45ms]  35.45ms   0.00ns  35.45ms
              'fj_long_lin_default':         2 [ 92.86ms, 122.22ms] 107.54ms  14.68ms 215.08ms         2 [ 20.53ms,  20.73ms]  20.63ms 101.94us  41.26ms
                   'fj_long_random':         2 [  1.38ms, 170.62ms]  86.00ms  84.62ms 172.00ms         2 [168.12us,  34.58ms]  17.37ms  17.20ms  34.74ms
                 'fj_short_default':         3 [ 71.38ms, 128.32ms]  95.00ms  24.24ms 285.00ms         3 [ 16.44ms,  20.26ms]  18.92ms   1.76ms  56.77ms
             'fj_short_lin_default':         2 [ 95.78ms, 101.51ms]  98.64ms   2.87ms 197.29ms         2 [ 17.90ms,  18.40ms]  18.15ms 247.64us  36.30ms
              'fj_short_lin_random':         2 [ 87.74ms, 111.41ms]  99.57ms  11.83ms 199.15ms         2 [ 18.89ms,  19.43ms]  19.16ms 270.64us  38.32ms
                  'fj_short_random':         2 [ 97.94ms, 103.47ms] 100.70ms   2.77ms 201.41ms         2 [ 20.30ms,  22.34ms]  21.32ms   1.02ms  42.64ms
                        'fs_random':         1 [246.25ms, 246.25ms] 246.25ms   0.00ns 246.25ms         1 [ 20.00ns,  20.00ns]  20.00ns   0.00ns  20.00ns
                        'fs_random':         1 [252.66ms, 252.66ms] 252.66ms   0.00ns 252.66ms         1 [ 20.00ns,  20.00ns]  20.00ns   0.00ns  20.00ns
                  'fs_random_no_lp':         1 [242.56ms, 242.56ms] 242.56ms   0.00ns 242.56ms         0 [  0.00ns,   0.00ns]   0.00ns   0.00ns   0.00ns
                  'fs_random_no_lp':         1 [243.83ms, 243.83ms] 243.83ms   0.00ns 243.83ms         0 [  0.00ns,   0.00ns]   0.00ns   0.00ns   0.00ns
          'fs_random_quick_restart':         1 [245.61ms, 245.61ms] 245.61ms   0.00ns 245.61ms         1 [ 20.00ns,  20.00ns]  20.00ns   0.00ns  20.00ns
          'fs_random_quick_restart':         1 [252.28ms, 252.28ms] 252.28ms   0.00ns 252.28ms         1 [ 20.00ns,  20.00ns]  20.00ns   0.00ns  20.00ns
    'fs_random_quick_restart_no_lp':         1 [243.10ms, 243.10ms] 243.10ms   0.00ns 243.10ms         0 [  0.00ns,   0.00ns]   0.00ns   0.00ns   0.00ns
                    'graph_arc_lns':         4 [319.14ms,    6.00h]    3.00h    3.00h   12.00h         3 [ 20.00ns, 100.13ms]  66.74ms  47.19ms 200.21ms
                    'graph_cst_lns':         4 [   6.00h,    6.00h]    6.00h 203.57ms   24.00h         1 [ 40.00ns,  40.00ns]  40.00ns   0.00ns  40.00ns
                    'graph_dec_lns':         4 [453.88ms,    6.00h]    1.50h    2.60h    6.00h         4 [ 10.00ns, 100.06ms]  75.03ms  43.32ms 300.12ms
                    'graph_var_lns':         4 [259.00ms,    6.00h]    3.00h    3.00h   12.00h         3 [ 20.00ns, 100.00ms]  66.67ms  47.14ms 200.00ms
                   'lb_tree_search':         1 [   6.00h,    6.00h]    6.00h   0.00ns    6.00h         1 [  20.08m,   20.08m]   20.08m   0.00ns   20.08m
                           'max_lp':         1 [   6.00h,    6.00h]    6.00h   0.00ns    6.00h         1 [  21.28m,   21.28m]   21.28m   0.00ns   21.28m
                            'no_lp':         1 [   6.00h,    6.00h]    6.00h   0.00ns    6.00h         1 [   5.02h,    5.02h]    5.02h   0.00ns    5.02h
              'objective_lb_search':         1 [   6.00h,    6.00h]    6.00h   0.00ns    6.00h         1 [  38.53m,   38.53m]   38.53m   0.00ns   38.53m
       'objective_lb_search_max_lp':         1 [   6.00h,    6.00h]    6.00h   0.00ns    6.00h         1 [  21.05m,   21.05m]   21.05m   0.00ns   21.05m
        'objective_lb_search_no_lp':         1 [   6.00h,    6.00h]    6.00h   0.00ns    6.00h         1 [   4.71h,    4.71h]    4.71h   0.00ns    4.71h
  'objective_shaving_search_max_lp':         5 [  8.87ms, 187.90ms]  49.36ms  69.48ms 246.81ms         1 [ 15.02ms,  15.02ms]  15.02ms   0.00ns  15.02ms
   'objective_shaving_search_no_lp':         7 [  8.30ms, 187.12ms]  34.88ms  62.16ms 244.17ms         1 [ 16.19ms,  16.19ms]  16.19ms   0.00ns  16.19ms
                          'probing':         1 [   6.00h,    6.00h]    6.00h   0.00ns    6.00h         1 [  37.01m,   37.01m]   37.01m   0.00ns   37.01m
                   'probing_max_lp':         1 [   6.00h,    6.00h]    6.00h   0.00ns    6.00h         1 [  20.50m,   20.50m]   20.50m   0.00ns   20.50m
                     'pseudo_costs':         1 [   6.00h,    6.00h]    6.00h   0.00ns    6.00h         1 [  20.82m,   20.82m]   20.82m   0.00ns   20.82m
                    'quick_restart':         1 [   6.00h,    6.00h]    6.00h   0.00ns    6.00h         1 [  36.58m,   36.58m]   36.58m   0.00ns   36.58m
              'quick_restart_no_lp':         1 [   6.00h,    6.00h]    6.00h   0.00ns    6.00h         1 [   3.83h,    3.83h]    3.83h   0.00ns    3.83h
                    'reduced_costs':         1 [   6.00h,    6.00h]    6.00h   0.00ns    6.00h         1 [  20.88m,   20.88m]   20.88m   0.00ns   20.88m
                        'rins/rens':         4 [830.57us,    6.00h]    1.50h    2.60h    6.00h         3 [ 64.00ns, 100.22ms]  66.78ms  47.22ms 200.35ms
                      'rnd_cst_lns':         5 [167.53ms,    6.00h]    3.60h    2.94h   18.00h         3 [ 30.00ns, 100.13ms]  66.73ms  47.19ms 200.19ms
                      'rnd_var_lns':         5 [   6.00h,    6.00h]    6.00h 294.55ms   30.00h         1 [100.00ns, 100.00ns] 100.00ns   0.00ns 100.00ns
                     'violation_ls':         5 [284.67us,   8.66ms]   2.51ms   3.20ms  12.54ms         5 [ 10.35us, 675.67us] 182.54us 250.87us 912.70us
                     'violation_ls':         5 [298.09us,   8.11ms]   2.96ms   2.77ms  14.80ms         5 [  5.55us, 845.33us] 338.87us 313.53us   1.69ms
                     'violation_ls':         5 [395.27us,  10.37ms]   4.93ms   4.42ms  24.64ms         5 [ 10.75us,   2.90ms] 945.60us   1.02ms   4.73ms

Search stats                         Bools  Conflicts     Branches     Restarts      BoolPropag   IntegerPropag
                           'core':  23'773  1'674'211  262'425'688   94'688'525  40'147'856'104  19'447'508'290
                     'default_lp':   1'863         15       95'350       50'998       4'030'854       8'945'302
                      'fs_random':   1'309          0        2'352        2'352          45'586         167'735
                      'fs_random':   1'309          0        2'372        2'372          45'961         169'865
                'fs_random_no_lp':   1'309          0        2'396        2'396          46'465         172'980
                'fs_random_no_lp':   1'309          0        2'412        2'412          46'722         174'368
        'fs_random_quick_restart':   1'309          0        2'336        2'336          45'289         166'440
        'fs_random_quick_restart':   1'309          0        2'344        2'344          45'434         167'046
  'fs_random_quick_restart_no_lp':   1'309          0        2'408        2'408          46'705         174'104
                 'lb_tree_search':   1'863         11       68'385       39'071       3'016'853       6'633'624
                         'max_lp':   1'863         15       68'812       39'288       3'030'631       6'718'137
                          'no_lp':  16'513    543'612  219'772'502   94'524'063  46'015'284'093  19'493'527'494
            'objective_lb_search':   1'863         23       98'353       52'028       4'135'408       9'166'246
     'objective_lb_search_max_lp':   1'863         18       69'981       39'884       3'096'969       6'851'915
      'objective_lb_search_no_lp':  20'456  1'404'667  254'715'767   96'504'657  36'846'220'552  19'984'313'540
                        'probing':   1'863         21       89'130       49'452       3'926'168       8'641'759
                 'probing_max_lp':   1'863          9       69'156       39'752       3'105'900       6'798'065
                   'pseudo_costs':   1'863         26       68'022       38'881       3'007'955       6'653'079
                  'quick_restart':   1'863         11      101'325       52'946       4'198'379       9'274'219
            'quick_restart_no_lp':   8'972    740'397  272'643'326  110'214'352  26'500'857'644  23'280'855'215
                  'reduced_costs':   1'863         24       70'950       40'349       3'134'913       6'956'441

SAT stats                           ClassicMinim  LitRemoved   LitLearned  LitForgotten  Subsumed  MClauses  MDecisions  MLitTrue  MSubsumed  MLitRemoved  MReused
                           'core':     1'590'533  17'087'495  436'419'765   420'556'971    31'891    24'163   6'002'373         1      1'606      186'434   14'249
                     'default_lp':             1           4           16             0         0         0           0         0          0            0        0
                      'fs_random':             0           0            0             0         0         0           0         0          0            0        0
                      'fs_random':             0           0            0             0         0         0           0         0          0            0        0
                'fs_random_no_lp':             0           0            0             0         0         0           0         0          0            0        0
                'fs_random_no_lp':             0           0            0             0         0         0           0         0          0            0        0
        'fs_random_quick_restart':             0           0            0             0         0         0           0         0          0            0        0
        'fs_random_quick_restart':             0           0            0             0         0         0           0         0          0            0        0
  'fs_random_quick_restart_no_lp':             0           0            0             0         0         0           0         0          0            0        0
                 'lb_tree_search':             2           9           13             0         0         0           0         0          0            0        0
                         'max_lp':             4           7           19             0         0         0           0         0          0            0        0
                          'no_lp':       496'615   4'661'449  152'257'022   142'616'973    17'919    11'607   5'032'971         1      1'272      211'473   11'518
            'objective_lb_search':             3           4           26             0         0         0           0         0          0            0        0
     'objective_lb_search_max_lp':             3           9           22             0         0         0           0         0          0            0        0
      'objective_lb_search_no_lp':     1'330'659  13'394'382  377'908'326   365'539'225    27'451    20'336   5'287'573         0      1'571      271'094   11'407
                        'probing':             2           3           24             0         0         0           0         0          0            0        0
                 'probing_max_lp':             2           4           11             0         0         0           0         0          0            0        0
                   'pseudo_costs':             2           5           28             0         0         0           0         0          0            0        0
                  'quick_restart':             1           1           12             0         0         0           0         0          0            0        0
            'quick_restart_no_lp':       646'581   6'391'273  227'288'830   208'709'947    37'890    25'868   6'336'475         0        764       87'637   53'730
                  'reduced_costs':             2           4           26             0         0         0           0         0          0            0        0

Lp stats                         Component  Iterations  AddedCuts  OPTIMAL  DUAL_F.  DUAL_U.
                  'default_lp':          1   9'825'148  3'192'877  282'539        0        7
                   'fs_random':          1           0          0        0        0        0
                   'fs_random':          1           0          0        0        0        0
     'fs_random_quick_restart':          1           0          0        0        0        0
     'fs_random_quick_restart':          1           0          0        0        0        0
              'lb_tree_search':          1   4'525'206  1'426'485  137'149   38'582        9
                      'max_lp':          1   4'593'091  1'534'589  139'917   37'866        8
         'objective_lb_search':          1  10'262'020  3'483'408  288'493        1        8
  'objective_lb_search_max_lp':          1   4'823'623  1'561'458  142'109   38'880        9
                     'probing':          1   9'643'147  3'362'586  274'093        0        8
              'probing_max_lp':          1   4'598'309  1'501'131  139'867   38'797        6
                'pseudo_costs':          1   4'684'498  1'502'650  138'068   37'848        7
               'quick_restart':          1   9'819'695  3'277'006  292'391        0        8
               'reduced_costs':          1   4'799'419  1'539'314  143'739   39'232        6

Lp dimension                                                                        Final dimension of first component
                  'default_lp':  3067 rows, 1585 columns, 32975 entries with magnitude in [3.996270e-06, 1.000000e+00]
                   'fs_random':         0 rows, 1585 columns, 0 entries with magnitude in [0.000000e+00, 0.000000e+00]
                   'fs_random':         0 rows, 1585 columns, 0 entries with magnitude in [0.000000e+00, 0.000000e+00]
     'fs_random_quick_restart':         0 rows, 1585 columns, 0 entries with magnitude in [0.000000e+00, 0.000000e+00]
     'fs_random_quick_restart':         0 rows, 1585 columns, 0 entries with magnitude in [0.000000e+00, 0.000000e+00]
              'lb_tree_search':  2180 rows, 1585 columns, 42451 entries with magnitude in [7.864284e-07, 1.000000e+00]
                      'max_lp':  2634 rows, 1585 columns, 22408 entries with magnitude in [5.444827e-06, 1.000000e+00]
         'objective_lb_search':  2986 rows, 1585 columns, 28526 entries with magnitude in [3.720935e-06, 1.000000e+00]
  'objective_lb_search_max_lp':  2614 rows, 1585 columns, 21977 entries with magnitude in [7.624297e-05, 1.000000e+00]
                     'probing':  3212 rows, 1585 columns, 24410 entries with magnitude in [9.574035e-06, 1.000000e+00]
              'probing_max_lp':  2889 rows, 1585 columns, 42900 entries with magnitude in [2.463111e-06, 1.000000e+00]
                'pseudo_costs':  2289 rows, 1585 columns, 15540 entries with magnitude in [2.972860e-04, 1.000000e+00]
               'quick_restart':  3026 rows, 1585 columns, 31354 entries with magnitude in [2.339489e-06, 1.000000e+00]
               'reduced_costs':  2367 rows, 1585 columns, 25058 entries with magnitude in [1.403299e-04, 1.000000e+00]

Lp debug                         CutPropag  CutEqPropag  Adjust  Overflow          Bad  BadScaling
                  'default_lp':          5        4'618   6'917         0  158'894'576           0
                   'fs_random':          0            0       0         0            0           0
                   'fs_random':          0            0       0         0            0           0
     'fs_random_quick_restart':          0            0       0         0            0           0
     'fs_random_quick_restart':          0            0       0         0            0           0
              'lb_tree_search':         68        1'091   7'888         0  170'079'790           0
                      'max_lp':          8        3'092  33'732         0  171'935'435           0
         'objective_lb_search':          4        4'817   5'659         0  157'208'261           0
  'objective_lb_search_max_lp':          5          950  18'212         0  172'045'879           0
                     'probing':          1        4'221   6'266         0  154'760'441           0
              'probing_max_lp':         13        1'900  14'617         0  172'485'755           0
                'pseudo_costs':          4          959  23'510         0  167'775'857           0
               'quick_restart':          5        4'920   7'021         0  161'301'089           0
               'reduced_costs':         13        1'023  32'981         0  173'938'912           0

Lp pool                          Constraints  Updates  Simplif  Merged  Shortened   Split  Strenghtened            Cuts/Call
                  'default_lp':       11'874   60'672   21'555      99      3'509  23'390       201'132  3'192'877/6'624'471
                   'fs_random':        2'096        0        0       0          0       0             0                  0/0
                   'fs_random':        2'096        0        0       0          0       0             0                  0/0
     'fs_random_quick_restart':        2'096        0        0       0          0       0             0                  0/0
     'fs_random_quick_restart':        2'096        0        0       0          0       0             0                  0/0
              'lb_tree_search':       11'963   48'587   56'754      37      6'742  79'620       294'593  1'426'485/2'866'449
                      'max_lp':       12'071   62'636   35'795      33      7'136  87'429       269'118  1'534'589/3'096'673
         'objective_lb_search':       11'415   61'929   18'348      89      3'404  24'350       200'996  3'483'408/7'092'799
  'objective_lb_search_max_lp':       11'893   51'697   25'864      80      7'168  63'526       276'602  1'561'458/3'164'336
                     'probing':       11'550   59'498   18'176     132      3'438  22'398       186'652  3'362'586/6'889'804
              'probing_max_lp':       11'618   52'097   39'777      28      8'474  63'659       280'145  1'501'131/2'949'798
                'pseudo_costs':       12'113   49'567   23'827      52      7'261  49'815       274'614  1'502'650/2'973'367
               'quick_restart':       11'980   60'932   20'943     122      3'311  23'509       203'302  3'277'006/6'734'674
               'reduced_costs':       11'793   52'738   27'460      36      7'017  64'437       282'479  1'539'314/3'080'668

Lp Cut             defaul   max_lp   quick_   reduce   pseudo   lb_tre   probin   object   probin   object
          CG_FF:  108'496   39'232  113'967   39'118   37'518   37'269  124'952  128'199   34'924   39'824
           CG_K:    3'513    5'017    3'935    5'693    5'014    6'555    3'390    3'510    6'529    6'298
          CG_KL:       37       29       51       42       21       32       22       46       51       32
           CG_R:  124'572   32'184  136'961   28'350   26'416   26'199  110'498  128'310   34'002   31'563
          CG_RB:  648'045  147'710  673'553  145'613  133'194  122'498  650'796  703'144  146'349  147'859
         CG_RBP:    3'096    4'777    3'292    4'875    5'456    4'807    2'852    3'340    7'775    6'197
         CG_RLT:        -        -        -        1        -        -        -        -        -        -
         Clique:        -   38'837        -   40'891   39'184   37'758        -        -   39'562   40'068
             IB:  584'429  183'992  582'138  183'219  180'196  171'817  580'993  612'257  176'765  184'902
       MIR_1_FF:  574'330  281'766  580'854  271'676  270'296  256'254  683'902  650'293  240'476  270'250
        MIR_1_K:    5'944    8'144    6'661    7'893    7'666    7'506    6'289    6'572    7'988    7'809
       MIR_1_KL:    2'468    1'554    2'683    1'384    1'363    1'243    2'362    2'717    1'289    1'408
        MIR_1_R:   18'002    9'978   16'329   10'567    9'297    8'623   20'854   24'838   10'114   10'615
       MIR_1_RB:  415'487  276'683  428'862  287'941  287'806  271'319  480'279  484'437  295'094  299'920
      MIR_1_RBP:    1'547    2'699    1'634    2'667    2'450    2'486    1'644    1'725    2'528    2'583
      MIR_1_RLT:        -      661        -      689      644      647        -        -      739      662
       MIR_2_FF:   44'881   31'419   42'845   30'902   29'518   28'993   45'352   44'699   26'870   30'166
        MIR_2_K:    1'596    2'542    1'770    2'664    2'686    2'686    1'666    1'748    2'642    2'684
       MIR_2_KL:      273      300      267      309      301      233      233      245      290      310
        MIR_2_R:    7'682   20'890    8'031   20'730   20'574   18'836    7'248    7'335   19'328   21'518
       MIR_2_RB:   92'821   89'127   97'506   90'824   87'260   81'867   93'345   94'277   90'132   89'193
      MIR_2_RBP:      693    1'051      770    1'262    1'077    1'017      863      739    1'162    1'130
       MIR_3_FF:   15'014   13'601   15'461   13'976   13'230   12'539   14'191   14'188   12'209   13'425
        MIR_3_K:    1'587    3'051    2'016    3'112    2'932    2'941    1'822    1'583    3'181    3'144
       MIR_3_KL:      350      528      331      571      556      472      337      350      520      529
        MIR_3_R:   29'863   10'044   30'170    9'861    9'793    9'636   27'278   30'326    9'564   10'906
       MIR_3_RB:   79'345   59'079   82'369   62'363   60'843   56'916   80'492   86'950   62'560   63'671
      MIR_3_RBP:      688    1'296      743    1'031    1'055    1'018      704      648    1'123    1'181
       MIR_4_FF:    6'856   11'869    6'187   11'891   11'537   11'066    6'902    5'942   11'009   11'943
        MIR_4_K:      665    2'238      751    2'259    2'098    2'147      787      665    2'129    2'294
       MIR_4_KL:       84      208       84      207      172      172       79       83      177      180
        MIR_4_R:    6'524    4'868    6'579    4'795    4'571    4'620    6'022    6'560    4'548    5'312
       MIR_4_RB:   40'497   47'976   41'515   50'028   49'605   45'862   41'786   44'950   50'883   51'139
      MIR_4_RBP:      386    1'006      378      929      836      798      352      359      899      978
       MIR_5_FF:    3'998    8'627    4'275    8'447    7'632    7'937    4'299    3'785    7'305    8'186
        MIR_5_K:      424    1'644      553    1'709    1'568    1'543      407      410    1'601    1'757
       MIR_5_KL:       51      203       53      181      165      177       39       50      170      178
        MIR_5_R:    3'471    3'313    3'513    3'191    3'024    3'080    2'914    3'277    3'192    3'552
       MIR_5_RB:   26'821   35'715   27'681   37'237   36'434   34'309   27'490   29'463   37'416   38'452
      MIR_5_RBP:      311      862      358      838      729      658      306      280      790      853
       MIR_6_FF:    1'515    5'813    1'563    5'614    4'977    5'433    1'773    1'478    5'025    5'442
        MIR_6_K:      200    1'259      161    1'127    1'092    1'085      155      140    1'131    1'263
       MIR_6_KL:        8       96       13      139      121      123       11       13      114      110
        MIR_6_R:    1'430    3'138    1'440    3'267    3'165    3'204    1'316    1'474    3'309    3'650
       MIR_6_RB:   17'306   27'625   17'704   29'272   28'084   26'963   17'832   18'894   29'010   29'718
      MIR_6_RBP:      141      710      157      678      632      601      161      162      631      695
   ZERO_HALF_FF:   24'597   12'016   24'419   12'529   12'418   11'775   26'975   25'797   11'650   12'020
    ZERO_HALF_K:      945    1'411    1'156    1'466    1'497    1'142      762      778    1'373    1'282
   ZERO_HALF_KL:        7        4        5        6        3        3       14        7        6        7
    ZERO_HALF_R:  201'806   63'799  214'860   61'145   61'432   59'289  190'672  211'050   60'056   61'115
   ZERO_HALF_RB:   89'553   33'334   89'817   33'454   33'653   31'635   88'595   94'812   34'205   32'743
  ZERO_HALF_RBP:      522      664      585      680      858      691      573      503      734      739
  ZERO_HALF_RLT:        -        -        -        1        1        5        -        -        2        3

LNS stats           Improv/Calls  Closed  Difficulty  TimeLimit
  'graph_arc_lns':           3/4     25%        0.25       0.10
  'graph_cst_lns':           4/4      0%        0.09       0.10
  'graph_dec_lns':           3/4      0%        0.09       0.10
  'graph_var_lns':           2/4     50%        0.60       0.10
      'rins/rens':           3/3      0%        0.12       0.10
    'rnd_cst_lns':           3/5      0%        0.06       0.10
    'rnd_var_lns':           5/5      0%        0.06       0.10

LS stats                   Batches  Restarts  LinMoves  GenMoves  CompoundMoves  WeightUpdates
       'fj_long_default':        1         1     9'327         0              0            673
   'fj_long_lin_default':        2         1         0     9'041            706            102
        'fj_long_random':        2         1     9'215         0              0            828
      'fj_short_default':        3         1         0    10'270          1'029             48
  'fj_short_lin_default':        2         1         0     6'672            638             31
   'fj_short_lin_random':        2         1         0     7'390            841             66
       'fj_short_random':        2         1         0     8'087            733             25
          'violation_ls':        5         0        17       128             18              9
          'violation_ls':        5         0        24        65             11             14
          'violation_ls':        5         0         4       391             51              8

Solutions (25)                  Num     Rank
             'fj_long_random':    1    [1,1]
              'graph_arc_lns':    1    [7,7]
              'graph_dec_lns':    1  [11,11]
                      'no_lp':    1  [19,19]
  'objective_lb_search_no_lp':    1  [21,21]
        'quick_restart_no_lp':    9  [15,25]
               'violation_ls':   11   [2,14]

Objective bounds                      Num
                       'default_lp':    2
                   'initial_domain':    1
                   'lb_tree_search':   72
                           'max_lp':  142
       'objective_lb_search_max_lp':   95
  'objective_shaving_search_max_lp':    1
   'objective_shaving_search_no_lp':    6
                          'probing':    1
                   'probing_max_lp':   55
                     'pseudo_costs':   38
                    'reduced_costs':   89

Solution repositories    Added  Queried  Ignored  Synchro
  'feasible solutions':     63       78        0       61
        'lp solutions':      0        0        0        0
                'pump':     40        4

Improving bounds shared           Num
                       'core':  1'206
                 'default_lp':     48
             'lb_tree_search':     15
                     'max_lp':     49
                      'no_lp':  1'045
        'objective_lb_search':      3
  'objective_lb_search_no_lp':  1'060
                    'probing':     34
             'probing_max_lp':      1
               'pseudo_costs':      1
              'quick_restart':     13
        'quick_restart_no_lp':  1'526
              'reduced_costs':     86

Clauses shared                     Num
                        'core':  1'483
                  'default_lp':      2
              'lb_tree_search':      2
                      'max_lp':      4
                       'no_lp':  1'030
         'objective_lb_search':      5
  'objective_lb_search_max_lp':      4
   'objective_lb_search_no_lp':  1'219
                     'probing':      3
              'probing_max_lp':      2
                'pseudo_costs':      2
               'quick_restart':      2
         'quick_restart_no_lp':  1'427
               'reduced_costs':      2

CpSolverResponse summary:
status: FEASIBLE
objective: 847762
best_bound: 551402
integers: 1586
booleans: 1309
conflicts: 0
branches: 2396
propagations: 46465
integer_propagations: 172980
restarts: 2396
lp_iterations: 0
walltime: 21600.4
usertime: 21600.4
deterministic_time: 82234.5
gap_integral: 1.0361e+06
solution_fingerprint: 0x1c090f2c421a9b90

CPU USED: 32
Loading /home/aneumann/projects/def-adhaj/aneumann/gns/data/instances/test/l/instance_152.pkl...
===* START SOLVING *===
   index    value       gap  ... max_time  cpu  max_memory
0    152  8477.62  0.349579  ...        6   32         118

[1 rows x 8 columns]
===* END OF FILE *===
