created virtual environment CPython3.12.4.final.0-64 in 1269ms
  creator CPython3Posix(dest=/local/aneumann.27429374.0/env, clear=False, no_vcs_ignore=False, global=False)
  seeder FromAppData(download=False, pip=bundle, via=copy, app_data_dir=/home/aneumann/.local/share/virtualenv)
    added seed packages: pip==24.0
  activators BashActivator,CShellActivator,FishActivator,NushellActivator,PowerShellActivator,PythonActivator
Looking in links: /cvmfs/soft.computecanada.ca/custom/python/wheelhouse/gentoo2023/x86-64-v3, /cvmfs/soft.computecanada.ca/custom/python/wheelhouse/gentoo2023/generic, /cvmfs/soft.computecanada.ca/custom/python/wheelhouse/generic
Requirement already satisfied: pip in /local/aneumann.27429374.0/env/lib/python3.12/site-packages (24.0)
Processing /cvmfs/soft.computecanada.ca/custom/python/wheelhouse/generic/pip-24.2+computecanada-py3-none-any.whl
Installing collected packages: pip
  Attempting uninstall: pip
    Found existing installation: pip 24.0
    Uninstalling pip-24.0:
      Successfully uninstalled pip-24.0
Successfully installed pip-24.2+computecanada
Looking in links: /cvmfs/soft.computecanada.ca/custom/python/wheelhouse/gentoo2023/x86-64-v3, /cvmfs/soft.computecanada.ca/custom/python/wheelhouse/gentoo2023/generic, /cvmfs/soft.computecanada.ca/custom/python/wheelhouse/generic
ERROR: protobuf-5.28.3-cp38-abi3-manylinux2014_x86_64.whl is not a supported wheel on this platform.
Looking in links: /cvmfs/soft.computecanada.ca/custom/python/wheelhouse/gentoo2023/x86-64-v3, /cvmfs/soft.computecanada.ca/custom/python/wheelhouse/gentoo2023/generic, /cvmfs/soft.computecanada.ca/custom/python/wheelhouse/generic
Processing /home/aneumann/projects/def-adhaj/aneumann/gns/wheels/immutabledict-4.2.0-py3-none-any.whl
Installing collected packages: immutabledict
Successfully installed immutabledict-4.2.0
Looking in links: /cvmfs/soft.computecanada.ca/custom/python/wheelhouse/gentoo2023/x86-64-v3, /cvmfs/soft.computecanada.ca/custom/python/wheelhouse/gentoo2023/generic, /cvmfs/soft.computecanada.ca/custom/python/wheelhouse/generic
Processing /cvmfs/soft.computecanada.ca/custom/python/wheelhouse/generic/ortools-9.10.4067+computecanada-cp312-cp312-linux_x86_64.whl (from -r /home/aneumann/projects/def-adhaj/aneumann/gns/requirements_or.txt (line 1))
Processing /cvmfs/soft.computecanada.ca/custom/python/wheelhouse/gentoo2023/x86-64-v3/pandas-2.2.2+computecanada-cp312-cp312-linux_x86_64.whl (from -r /home/aneumann/projects/def-adhaj/aneumann/gns/requirements_or.txt (line 2))
Processing /cvmfs/soft.computecanada.ca/custom/python/wheelhouse/generic/absl_py-2.1.0+computecanada-py3-none-any.whl (from ortools->-r /home/aneumann/projects/def-adhaj/aneumann/gns/requirements_or.txt (line 1))
Processing /cvmfs/soft.computecanada.ca/custom/python/wheelhouse/gentoo2023/generic/numpy-2.1.1+computecanada-cp312-cp312-linux_x86_64.whl (from ortools->-r /home/aneumann/projects/def-adhaj/aneumann/gns/requirements_or.txt (line 1))
Processing /cvmfs/soft.computecanada.ca/custom/python/wheelhouse/gentoo2023/x86-64-v3/protobuf-5.28.0+computecanada-cp312-cp312-linux_x86_64.whl (from ortools->-r /home/aneumann/projects/def-adhaj/aneumann/gns/requirements_or.txt (line 1))
Requirement already satisfied: immutabledict>=3.0.0 in /local/aneumann.27429374.0/env/lib/python3.12/site-packages (from ortools->-r /home/aneumann/projects/def-adhaj/aneumann/gns/requirements_or.txt (line 1)) (4.2.0)
Processing /cvmfs/soft.computecanada.ca/custom/python/wheelhouse/generic/python_dateutil-2.9.0.post0+computecanada-py2.py3-none-any.whl (from pandas->-r /home/aneumann/projects/def-adhaj/aneumann/gns/requirements_or.txt (line 2))
Processing /cvmfs/soft.computecanada.ca/custom/python/wheelhouse/generic/pytz-2024.2+computecanada-py2.py3-none-any.whl (from pandas->-r /home/aneumann/projects/def-adhaj/aneumann/gns/requirements_or.txt (line 2))
Processing /cvmfs/soft.computecanada.ca/custom/python/wheelhouse/generic/tzdata-2024.2+computecanada-py2.py3-none-any.whl (from pandas->-r /home/aneumann/projects/def-adhaj/aneumann/gns/requirements_or.txt (line 2))
Processing /cvmfs/soft.computecanada.ca/custom/python/wheelhouse/generic/six-1.16.0+computecanada-py2.py3-none-any.whl (from python-dateutil>=2.8.2->pandas->-r /home/aneumann/projects/def-adhaj/aneumann/gns/requirements_or.txt (line 2))
Installing collected packages: pytz, tzdata, six, protobuf, numpy, absl-py, python-dateutil, pandas, ortools
Successfully installed absl-py-2.1.0+computecanada numpy-2.1.1+computecanada ortools-9.10.4067+computecanada pandas-2.2.2+computecanada protobuf-5.28.0+computecanada python-dateutil-2.9.0.post0+computecanada pytz-2024.2+computecanada six-1.16.0+computecanada tzdata-2024.2+computecanada

Starting CP-SAT solver v9.10.4067
Parameters: max_time_in_seconds: 21600 max_memory_in_mb: 118 log_search_progress: true optimize_with_core: true cp_model_presolve: true enumerate_all_solutions: false num_search_workers: 32 use_implied_bounds: true absolute_gap_limit: 5 relative_gap_limit: 0.01 use_probing_search: true

Initial optimization model '': (model_fingerprint: 0x913ccd381ebd2072)
#Variables: 2'944 (#bools: 26 #ints: 1 in objective)
  - 2'582 Booleans in [0,1]
  - 361 in [0,225000]
  - 1 constants in {1} 
#kBoolOr: 1'256 (#literals: 1'256)
#kLinear1: 455
#kLinear2: 8'134
#kLinear3: 1'633
#kLinearN: 718 (#terms: 7'280)

Starting presolve at 0.00s
  3.09e-03s  0.00e+00d  [DetectDominanceRelations] 
  6.65e-02s  0.00e+00d  [PresolveToFixPoint] #num_loops=16 #num_dual_strengthening=3 
  9.41e-05s  0.00e+00d  [ExtractEncodingFromLinear] #potential_supersets=196 
[Symmetry] Graph for symmetry has 10'274 nodes and 22'337 arcs.
[Symmetry] Symmetry computation done. time: 0.00302644 dtime: 0.00292219
[SAT presolve] num removable Booleans: 0 / 1596
[SAT presolve] num trivial clauses: 0
[SAT presolve] [0s] clauses:3068 literals:6136 vars:1570 one_side_vars:1545 simple_definition:16 singleton_clauses:0
[SAT presolve] [0.00031389s] clauses:3068 literals:6136 vars:1570 one_side_vars:1545 simple_definition:16 singleton_clauses:0
[SAT presolve] [0.000463727s] clauses:3068 literals:6136 vars:1570 one_side_vars:1545 simple_definition:16 singleton_clauses:0
  1.13e+00s  1.85e-01d  [Probe] #probed=3'923 #fixed_bools=93 #new_bounds=160 
  8.51e-03s  0.00e+00d  [MaxClique] Merged 3261(9122 literals) into 1183(8022 literals) at_most_ones. 
  2.60e-03s  0.00e+00d  [DetectDominanceRelations] 
  1.66e-02s  0.00e+00d  [PresolveToFixPoint] #num_loops=4 #num_dual_strengthening=3 
  3.81e-03s  0.00e+00d  [ProcessAtMostOneAndLinear] #num_changes=52 
  2.24e-03s  0.00e+00d  [DetectDuplicateConstraints] #duplicates=2 #without_enforcements=3 
  5.75e-04s  2.32e-05d  [DetectDominatedLinearConstraints] #relevant_constraints=1'563 
  6.45e-04s  0.00e+00d  [DetectDifferentVariables] #different=13 
  1.22e-03s  3.61e-04d  [ProcessSetPPC] #relevant_constraints=1'163 #num_inclusions=921 
  8.48e-05s  0.00e+00d  [FindAlmostIdenticalLinearConstraints] 
  5.58e-03s  5.84e-03d  [FindBigAtMostOneAndLinearOverlap] 
  1.49e-03s  2.82e-03d  [FindBigVerticalLinearOverlap] 
  4.10e-04s  9.29e-04d  [FindBigHorizontalLinearOverlap] #linears=132 
  1.05e-04s  0.00e+00d  [MergeClauses] 
  2.54e-03s  0.00e+00d  [DetectDominanceRelations] 
  9.32e-03s  0.00e+00d  [PresolveToFixPoint] #num_loops=2 #num_dual_strengthening=1 
  2.54e-03s  0.00e+00d  [DetectDominanceRelations] 
  9.24e-03s  0.00e+00d  [PresolveToFixPoint] #num_loops=1 #num_dual_strengthening=1 
[Symmetry] Graph for symmetry has 7'951 nodes and 16'545 arcs.
[Symmetry] Symmetry computation done. time: 0.00169094 dtime: 0.00190263
[SAT presolve] num removable Booleans: 0 / 1503
[SAT presolve] num trivial clauses: 0
[SAT presolve] [0s] clauses:18 literals:36 vars:26 one_side_vars:20 simple_definition:6 singleton_clauses:0
[SAT presolve] [5.5809e-05s] clauses:18 literals:36 vars:26 one_side_vars:20 simple_definition:6 singleton_clauses:0
[SAT presolve] [0.000105194s] clauses:18 literals:36 vars:26 one_side_vars:20 simple_definition:6 singleton_clauses:0
  3.92e-01s  6.26e-02d  [Probe] #probed=3'829 #fixed_bools=1 #new_bounds=68 
  4.08e-03s  0.00e+00d  [MaxClique] Merged 983(6741 literals) into 983(6751 literals) at_most_ones. 
  2.55e-03s  0.00e+00d  [DetectDominanceRelations] 
  1.49e-02s  0.00e+00d  [PresolveToFixPoint] #num_loops=4 #num_dual_strengthening=3 
  3.52e-03s  0.00e+00d  [ProcessAtMostOneAndLinear] 
  2.20e-03s  0.00e+00d  [DetectDuplicateConstraints] #duplicates=7 
  5.71e-04s  2.32e-05d  [DetectDominatedLinearConstraints] #relevant_constraints=1'557 
  5.95e-04s  0.00e+00d  [DetectDifferentVariables] #different=13 
  1.08e-03s  3.55e-04d  [ProcessSetPPC] #relevant_constraints=1'118 #num_inclusions=873 
  9.50e-05s  0.00e+00d  [FindAlmostIdenticalLinearConstraints] 
  5.51e-03s  5.83e-03d  [FindBigAtMostOneAndLinearOverlap] 
  1.50e-03s  2.82e-03d  [FindBigVerticalLinearOverlap] 
  4.12e-04s  9.28e-04d  [FindBigHorizontalLinearOverlap] #linears=132 
  1.09e-04s  0.00e+00d  [MergeClauses] 
  2.62e-03s  0.00e+00d  [DetectDominanceRelations] 
  9.30e-03s  0.00e+00d  [PresolveToFixPoint] #num_loops=1 #num_dual_strengthening=1 
  2.54e-03s  0.00e+00d  [DetectDominanceRelations] 
  9.16e-03s  0.00e+00d  [PresolveToFixPoint] #num_loops=1 #num_dual_strengthening=1 
[Symmetry] Graph for symmetry has 7'946 nodes and 16'539 arcs.
[Symmetry] Symmetry computation done. time: 0.00159521 dtime: 0.00190085
[SAT presolve] num removable Booleans: 0 / 1502
[SAT presolve] num trivial clauses: 0
[SAT presolve] [0s] clauses:18 literals:36 vars:26 one_side_vars:20 simple_definition:6 singleton_clauses:0
[SAT presolve] [5.3056e-05s] clauses:18 literals:36 vars:26 one_side_vars:20 simple_definition:6 singleton_clauses:0
[SAT presolve] [0.000101374s] clauses:18 literals:36 vars:26 one_side_vars:20 simple_definition:6 singleton_clauses:0
  3.83e-01s  6.16e-02d  [Probe] #probed=3'828 #new_bounds=8 
  3.96e-03s  0.00e+00d  [MaxClique] Merged 983(6745 literals) into 983(6747 literals) at_most_ones. 
  2.79e-03s  0.00e+00d  [DetectDominanceRelations] 
  1.21e-02s  0.00e+00d  [PresolveToFixPoint] #num_loops=4 #num_dual_strengthening=3 
  3.53e-03s  0.00e+00d  [ProcessAtMostOneAndLinear] 
  2.18e-03s  0.00e+00d  [DetectDuplicateConstraints] #duplicates=4 
  5.74e-04s  2.32e-05d  [DetectDominatedLinearConstraints] #relevant_constraints=1'557 
  6.02e-04s  0.00e+00d  [DetectDifferentVariables] #different=13 
  1.11e-03s  3.55e-04d  [ProcessSetPPC] #relevant_constraints=1'118 #num_inclusions=873 
  9.77e-05s  0.00e+00d  [FindAlmostIdenticalLinearConstraints] 
  5.74e-03s  5.84e-03d  [FindBigAtMostOneAndLinearOverlap] 
  1.53e-03s  2.82e-03d  [FindBigVerticalLinearOverlap] 
  4.27e-04s  9.28e-04d  [FindBigHorizontalLinearOverlap] #linears=132 
  1.07e-04s  0.00e+00d  [MergeClauses] 
  2.56e-03s  0.00e+00d  [DetectDominanceRelations] 
  9.49e-03s  0.00e+00d  [PresolveToFixPoint] #num_loops=1 #num_dual_strengthening=1 
  1.87e-04s  0.00e+00d  [ExpandObjective] #entries=36 #tight_variables=12 #tight_constraints=3 

Presolve summary:
  - 95 affine relations were detected.
  - rule 'TODO dual: add implied bound' was applied 17 times.
  - rule 'TODO dual: only one blocking constraint?' was applied 28'772 times.
  - rule 'TODO dual: only one blocking enforced constraint?' was applied 17 times.
  - rule 'TODO dual: only one unspecified blocking constraint?' was applied 17 times.
  - rule 'TODO dual: tighten at most one' was applied 820 times.
  - rule 'TODO linear2: contains a Boolean.' was applied 14'276 times.
  - rule 'affine: new relation' was applied 95 times.
  - rule 'at_most_one: removed literals' was applied 353 times.
  - rule 'at_most_one: size one' was applied 155 times.
  - rule 'at_most_one: transformed into max clique.' was applied 1 time.
  - rule 'bool_and: x => x' was applied 2 times.
  - rule 'bool_or: always true' was applied 1'256 times.
  - rule 'bool_or: implications' was applied 7'130 times.
  - rule 'deductions: 426 stored' was applied 1 time.
  - rule 'dual: add implication' was applied 22 times.
  - rule 'dual: enforced equivalence' was applied 2 times.
  - rule 'dual: fix variable' was applied 361 times.
  - rule 'dual: fix variable with multiple choices' was applied 4 times.
  - rule 'dual: reduced domain' was applied 198 times.
  - rule 'duplicate: merged rhs of linear constraint' was applied 2 times.
  - rule 'duplicate: removed constraint' was applied 13 times.
  - rule 'duplicate: removed enforced constraint' was applied 3 times.
  - rule 'enforcement: false literal' was applied 4'022 times.
  - rule 'enforcement: literal not used' was applied 16 times.
  - rule 'linear + amo: fixed literal implied by enforcement' was applied 52 times.
  - rule 'linear1: always true' was applied 6 times.
  - rule 'linear2: contains a Boolean.' was applied 17 times.
  - rule 'linear: always true' was applied 1'313 times.
  - rule 'linear: divide by GCD' was applied 4'806 times.
  - rule 'linear: empty' was applied 129 times.
  - rule 'linear: extracted enforcement literal' was applied 568 times.
  - rule 'linear: fixed or dup variables' was applied 1'508 times.
  - rule 'linear: negative clause' was applied 2'646 times.
  - rule 'linear: positive at most one' was applied 193 times.
  - rule 'linear: positive clause' was applied 4'484 times.
  - rule 'linear: positive equal one' was applied 3 times.
  - rule 'linear: reduced variable domains' was applied 757 times.
  - rule 'linear: remapped using affine relations' was applied 3'043 times.
  - rule 'linear: simplified rhs' was applied 17'928 times.
  - rule 'linear: singleton column' was applied 16 times.
  - rule 'objective: variable not used elsewhere' was applied 1 time.
  - rule 'presolve: 1037 unused variables removed.' was applied 1 time.
  - rule 'presolve: iteration' was applied 3 times.
  - rule 'setppc: removed dominated constraints' was applied 47 times.

Presolved optimization model '': (model_fingerprint: 0xf960e6b65e2fb214)
#Variables: 1'796 (#bools: 25 #ints: 1 in objective)
  - 1'502 Booleans in [0,1]
  - 1 in [0,730]
  - 1 in [0,732]
  - 1 in [0,734]
  - 1 in [0,1460]
  - 1 in [0,1470]
  - 2 in [0,1473]
  - 2 in [0,1476]
  - 1 in [0,1478]
  - 10 in [0,1480]
  - 2 in [0,1481]
  - 2 in [0,1482]
  - 1 in [0,1483]
  - 17 in [0,1484]
  - 1 in [0,1485]
  - 2 in [0,1490]
  - 1 in [0,2225]
  - 3 in [0,2229]
  - 1 in [0,2231]
  - 1 in [0,2233]
  - 2 in [0,2236]
  - 1 in [0,7365]
  - 1 in [0,7390]
  - 5 in [0,7400]
  - 2 in [0,7410]
  - 1 in [0,7415]
  - 18 in [0,7420]
  - 1 in [0,7425]
  - 1 in [0,7450]
  - 20 in [0,11250]
  - 79 in [0,225000]
  - 1 in [2,734]
  - 1 in [2,736]
  - 2 in [4,734]
  - 1 in [9,739]
  - 1 in [49,3742]
  - 1 in [56,3749]
  - 1 in [81,3736]
  - 1 in [82,3745]
  - 1 in [87,3750]
  - 1 in [89,3744]
  - 1 in [90,3745]
  - 1 in [95,3750]
  - 1 in [600,220200]
  - 1 in [600,220800]
  - 1 in [600,221100]
  - 1 in [600,221400]
  - 1 in [600,221700]
  - 1 in [600,222000]
  - 1 in [600,222202]
  - 1 in [600,222300]
  - 1 in [600,222600]
  - 3 in [600,222742]
  - 1 in [600,223200]
  - 2 in [600,223380]
  - 2 in [600,223500]
  - 2 in [600,223740]
  - 4 in [600,223980]
  - 2 in [600,224220]
  - 2 in [600,224502]
  - 2 in [600,224820]
  - 1 in [1200,220200]
  - 1 in [1200,221400]
  - 1 in [1200,222300]
  - 2 in [1200,223800]
  - 2 in [1200,224520]
  - 2 in [1650,224220]
  - 2 in [1800,224460]
  - 3 in [2318,223920]
  - 2 in [2318,224460]
  - 3 in [2548,224160]
  - 1 in [2700,221700]
  - 1 in [2700,222300]
  - 1 in [2700,222900]
  - 2 in [2700,223440]
  - 2 in [2700,223560]
  - 5 in [2940,224520]
  - 2 in [3111,224520]
  - 2 in [3133,224040]
  - 1 in [3360,224967]
  - 2 in [3391,224998]
  - 1 in [3393,225000]
  - 2 in [3554,225000]
  - 2 in [3710,223920]
  - 2 in [3932,224160]
  - 2 in [4164,224040]
  - 2 in [4509,223860]
  - 4 in [4773,224580]
  - 3 in [4860,224160]
  - 2 in [4920,224700]
  - 1 in [5340,224683]
  - 2 in [5356,224699]
  - 1 in [5357,224700]
  - 4 in [5400,224700]
  - 4 in [5700,225000]
#kAtMostOne: 965 (#literals: 6'709)
#kBoolAnd: 22 (#enforced: 22) (#literals: 44)
#kExactlyOne: 3 (#literals: 12)
#kLinear1: 5 (#enforced: 5)
#kLinear2: 625 (#enforced: 443 #multi: 6)
#kLinear3: 1'051 (#enforced: 22)
#kLinearN: 324 (#enforced: 1) (#terms: 2'868)

Preloading model.
#Bound   2.17s best:inf   next:[60688,2139572] initial_domain
[Symmetry] Graph for symmetry has 6'798 nodes and 16'539 arcs.
[Symmetry] Symmetry computation done. time: 0.00149656 dtime: 0.00183197
#Model   2.17s var:1796/1796 constraints:2995/2995

Starting search at 2.17s with 32 workers.
16 full problem subsolvers: [core, default_lp, lb_tree_search, max_lp, no_lp, objective_lb_search, objective_lb_search_max_lp, objective_lb_search_no_lp, objective_shaving_search_max_lp, objective_shaving_search_no_lp, probing, probing_max_lp, pseudo_costs, quick_restart, quick_restart_no_lp, reduced_costs]
14 first solution subsolvers: [fj_long_default, fj_long_lin_default, fj_long_random, fj_short_default, fj_short_lin_default, fj_short_lin_random, fj_short_random, fs_random(2), fs_random_no_lp(2), fs_random_quick_restart(2), fs_random_quick_restart_no_lp]
11 incomplete subsolvers: [feasibility_pump, graph_arc_lns, graph_cst_lns, graph_dec_lns, graph_var_lns, rins/rens, rnd_cst_lns, rnd_var_lns, violation_ls(3)]
3 helper subsolvers: [neighborhood_helper, synchronization_agent, update_gap_integral]
#Bound   2.28s best:inf   next:[60692,2139572] objective_shaving_search_max_lp (vars=1797 csts=3035)
#Bound   2.30s best:inf   next:[60696,2139572] objective_shaving_search_max_lp (vars=1796 csts=2996)
#Bound   2.35s best:inf   next:[60700,2139572] objective_shaving_search_no_lp (vars=1797 csts=3035)
#Bound   2.36s best:inf   next:[60704,2139572] objective_shaving_search_no_lp (vars=1796 csts=2996)
#1       2.40s best:2139572 next:[60704,2139568] fj_long_default(batch:1 #lin_moves:7'709 #lin_evals:12'599 #weight_updates:578)
#2       2.40s best:2139564 next:[60704,2139560] violation_ls(batch:1 #solutions_imported:1 #lin_moves:4 #lin_evals:34 #weight_updates:2)
#3       2.40s best:2139556 next:[60704,2139552] violation_ls(batch:1 #solutions_imported:1 #lin_moves:0 #lin_evals:14 #gen_moves:1 #gen_evals:0 #comp_moves:1 #backtracks:0 #weight_updates:0)
#4       2.40s best:2139548 next:[60704,2139544] violation_ls(batch:1 #solutions_imported:1 #lin_moves:0 #lin_evals:592 #gen_moves:8 #gen_evals:0 #comp_moves:4 #backtracks:2 #weight_updates:0)
#Bound   2.41s best:2139548 next:[60708,2139544] objective_shaving_search_no_lp (vars=1797 csts=3035)
#5       2.42s best:2139540 next:[60708,2139536] violation_ls(batch:2 #solutions_imported:2 #lin_moves:0 #lin_evals:652 #gen_moves:8 #gen_evals:0 #comp_moves:2 #backtracks:3 #weight_updates:0)
#6       2.42s best:2139532 next:[60708,2139528] violation_ls(batch:2 #solutions_imported:2 #lin_moves:8 #lin_evals:69 #weight_updates:5)
#7       2.42s best:2139524 next:[60708,2139520] violation_ls(batch:2 #solutions_imported:2 #lin_moves:1 #lin_evals:618 #gen_moves:8 #gen_evals:0 #comp_moves:4 #backtracks:2 #weight_updates:0)
#8       2.45s best:2139516 next:[60708,2139512] violation_ls(batch:3 #solutions_imported:3 #lin_moves:0 #lin_evals:1'245 #gen_moves:16 #gen_evals:0 #comp_moves:6 #backtracks:5 #weight_updates:0)
#9       2.45s best:2139508 next:[60708,2139504] violation_ls(batch:3 #solutions_imported:3 #lin_moves:1 #lin_evals:1'211 #gen_moves:13 #gen_evals:0 #comp_moves:5 #backtracks:4 #weight_updates:0)
#10      2.67s best:2124092 next:[60708,2124088] graph_cst_lns (d=0.50 s=51 t=0.10 p=0.00 stall=0 h=auto_l0)
#11      2.73s best:2120388 next:[60708,2120384] graph_arc_lns (d=0.50 s=59 t=0.10 p=0.00 stall=0 h=auto_l0)
#12      2.74s best:2120380 next:[60708,2120376] violation_ls(batch:4 #solutions_imported:4 #lin_moves:4 #lin_evals:1'279 #gen_moves:16 #gen_evals:0 #comp_moves:6 #backtracks:5 #weight_updates:2)
#13      2.74s best:2120372 next:[60708,2120368] violation_ls(batch:4 #solutions_imported:4 #lin_moves:9 #lin_evals:684 #gen_moves:5 #gen_evals:0 #comp_moves:1 #backtracks:2 #weight_updates:5)
#14      2.74s best:2120364 next:[60708,2120360] violation_ls(batch:4 #solutions_imported:4 #lin_moves:5 #lin_evals:1'245 #gen_moves:13 #gen_evals:0 #comp_moves:5 #backtracks:4 #weight_updates:2)
#15      2.79s best:435092 next:[60708,435088] graph_var_lns (d=0.50 s=58 t=0.10 p=0.00 stall=0 h=auto_l0)
#Model   2.84s var:1794/1796 constraints:2994/2995
#Bound   2.86s best:435092 next:[62608,435088] lb_tree_search
#Model   3.38s var:1792/1796 constraints:2992/2995
#Bound   3.51s best:435092 next:[62612,435088] objective_shaving_search_max_lp (vars=1413 csts=1522)
#Bound   5.43s best:435092 next:[62616,435088] objective_shaving_search_no_lp (vars=1796 csts=2996)
#Bound   5.67s best:435092 next:[62620,435088] objective_shaving_search_max_lp (vars=1411 csts=1520)
#Bound   7.86s best:435092 next:[62624,435088] max_lp
#Bound   8.11s best:435092 next:[62632,435088] max_lp
#Bound   8.32s best:435092 next:[62636,435088] max_lp
#Bound   8.57s best:435092 next:[62640,435088] max_lp
#Bound   9.00s best:435092 next:[62672,435088] max_lp
#Bound  10.15s best:435092 next:[62676,435088] max_lp
#Bound  12.05s best:435092 next:[62680,435088] max_lp
#Bound  15.40s best:435092 next:[62684,435088] max_lp
#Bound  15.74s best:435092 next:[62700,435088] probing_max_lp
#Bound  16.14s best:435092 next:[62712,435088] probing_max_lp
#Bound  16.96s best:435092 next:[62716,435088] probing_max_lp
#Bound  17.75s best:435092 next:[62720,435088] probing_max_lp
#Model  20.72s var:1791/1796 constraints:2992/2995
#Bound  21.71s best:435092 next:[62732,435088] probing_max_lp
#Bound  22.21s best:435092 next:[62740,435088] probing_max_lp
#Bound  22.61s best:435092 next:[62748,435088] probing_max_lp
#Bound  23.51s best:435092 next:[62760,435088] probing_max_lp
#Model  24.63s var:1790/1796 constraints:2992/2995
#Bound  26.93s best:435092 next:[62764,435088] probing_max_lp
#Model  27.84s var:1789/1796 constraints:2991/2995
#Model  28.65s var:1788/1796 constraints:2991/2995
#Model  31.75s var:1787/1796 constraints:2990/2995
#16     37.60s best:426836 next:[62764,426832] quick_restart_no_lp (fixed_bools=221/2633)
#17     42.24s best:409632 next:[62764,409628] quick_restart_no_lp (fixed_bools=233/2679)
#Model  70.29s var:1786/1796 constraints:2990/2995
#Model  78.70s var:1785/1796 constraints:2988/2995
#Model  81.80s var:1784/1796 constraints:2987/2995
#Model 136.45s var:1783/1796 constraints:2987/2995
#Model 138.65s var:1782/1796 constraints:2986/2995
#Model 246.55s var:1781/1796 constraints:2983/2995
#Bound 413.81s best:409632 next:[62800,409628] max_lp
#Bound 414.92s best:409632 next:[62804,409628] max_lp
#Bound 415.97s best:409632 next:[62808,409628] max_lp
#18    430.05s best:399512 next:[62808,399508] quick_restart_no_lp (fixed_bools=513/3305)
#Bound 626.28s best:399512 next:[62812,399508] max_lp
#19    1516.59s best:387276 next:[62812,387272] quick_restart_no_lp (fixed_bools=754/4253)
#20    1521.30s best:370164 next:[62812,370160] quick_restart_no_lp (fixed_bools=754/4284)
#21    1528.52s best:351028 next:[62812,351024] quick_restart_no_lp (fixed_bools=758/4381)
#22    1535.51s best:345436 next:[62812,345432] quick_restart_no_lp (fixed_bools=758/4433)
#23    2408.77s best:329888 next:[62812,329884] quick_restart_no_lp (fixed_bools=1044/5973)
#24    2653.65s best:322552 next:[62812,322548] quick_restart_no_lp (fixed_bools=1261/6627)
#25    3372.86s best:307004 next:[62812,307000] quick_restart_no_lp (fixed_bools=1447/8867)
#26    5066.51s best:301488 next:[62812,301484] quick_restart_no_lp (fixed_bools=1734/11951)
#27    5601.73s best:292748 next:[62812,292744] quick_restart_no_lp (fixed_bools=1946/13063)
#28    12560.64s best:289820 next:[62812,289816] quick_restart_no_lp (fixed_bools=2154/17537)
#Bound 19830.74s best:289820 next:[62824,289816] max_lp
#Bound 19849.95s best:289820 next:[62828,289816] max_lp
#Bound 19902.04s best:289820 next:[62832,289816] max_lp
#Bound 20120.43s best:289820 next:[62836,289816] max_lp

Task timing                                  n [     min,      max]      avg      dev     time         n [     min,      max]      avg      dev    dtime
                             'core':         1 [   6.00h,    6.00h]    6.00h   0.00ns    6.00h         1 [   5.03h,    5.03h]    5.03h   0.00ns    5.03h
                       'default_lp':         1 [   6.00h,    6.00h]    6.00h   0.00ns    6.00h         1 [  43.66m,   43.66m]   43.66m   0.00ns   43.66m
                 'feasibility_pump':         6 [ 64.95ms,    2.43s]    1.72s 841.05ms   10.31s         5 [296.67ms, 491.52ms] 414.27ms  74.51ms    2.07s
                  'fj_long_default':         1 [144.66ms, 144.66ms] 144.66ms   0.00ns 144.66ms         1 [ 30.40ms,  30.40ms]  30.40ms   0.00ns  30.40ms
              'fj_long_lin_default':         2 [ 78.94ms, 111.72ms]  95.33ms  16.39ms 190.66ms         2 [ 15.79ms,  19.13ms]  17.46ms   1.67ms  34.92ms
                   'fj_long_random':         1 [172.83ms, 172.83ms] 172.83ms   0.00ns 172.83ms         1 [ 36.82ms,  36.82ms]  36.82ms   0.00ns  36.82ms
                 'fj_short_default':         2 [115.33ms, 119.67ms] 117.50ms   2.17ms 235.00ms         2 [ 17.50ms,  26.33ms]  21.91ms   4.42ms  43.83ms
             'fj_short_lin_default':         2 [103.53ms, 104.02ms] 103.77ms 246.10us 207.54ms         2 [ 17.75ms,  24.62ms]  21.18ms   3.44ms  42.37ms
              'fj_short_lin_random':         2 [ 83.98ms,  84.68ms]  84.33ms 348.96us 168.66ms         2 [ 16.49ms,  19.60ms]  18.04ms   1.56ms  36.09ms
                  'fj_short_random':         2 [ 94.23ms,  95.83ms]  95.03ms 798.73us 190.06ms         2 [ 16.01ms,  20.98ms]  18.50ms   2.49ms  36.99ms
                        'fs_random':         1 [244.21ms, 244.21ms] 244.21ms   0.00ns 244.21ms         1 [ 20.00ns,  20.00ns]  20.00ns   0.00ns  20.00ns
                        'fs_random':         1 [246.62ms, 246.62ms] 246.62ms   0.00ns 246.62ms         1 [ 20.00ns,  20.00ns]  20.00ns   0.00ns  20.00ns
                  'fs_random_no_lp':         1 [232.87ms, 232.87ms] 232.87ms   0.00ns 232.87ms         0 [  0.00ns,   0.00ns]   0.00ns   0.00ns   0.00ns
                  'fs_random_no_lp':         1 [253.54ms, 253.54ms] 253.54ms   0.00ns 253.54ms         0 [  0.00ns,   0.00ns]   0.00ns   0.00ns   0.00ns
          'fs_random_quick_restart':         1 [215.93ms, 215.93ms] 215.93ms   0.00ns 215.93ms         1 [ 20.00ns,  20.00ns]  20.00ns   0.00ns  20.00ns
          'fs_random_quick_restart':         1 [242.62ms, 242.62ms] 242.62ms   0.00ns 242.62ms         1 [ 20.00ns,  20.00ns]  20.00ns   0.00ns  20.00ns
    'fs_random_quick_restart_no_lp':         1 [259.17ms, 259.17ms] 259.17ms   0.00ns 259.17ms         0 [  0.00ns,   0.00ns]   0.00ns   0.00ns   0.00ns
                    'graph_arc_lns':         5 [305.66ms,    6.00h]    1.20h    2.40h    6.00h         5 [ 10.00ns, 100.65ms]  80.14ms  40.07ms 400.68ms
                    'graph_cst_lns':         5 [246.67ms,    6.00h]    1.20h    2.40h    6.00h         5 [ 95.00ns, 100.06ms]  80.02ms  40.01ms 400.10ms
                    'graph_dec_lns':         5 [345.08ms,    6.00h]    1.20h    2.40h    6.00h         5 [ 10.00ns, 100.05ms]  80.01ms  40.01ms 400.07ms
                    'graph_var_lns':         6 [368.18ms,    6.00h]    4.00h    2.83h   23.99h         3 [ 40.00ns, 100.08ms]  66.72ms  47.18ms 200.16ms
                   'lb_tree_search':         1 [   6.00h,    6.00h]    6.00h   0.00ns    6.00h         1 [   1.22h,    1.22h]    1.22h   0.00ns    1.22h
                           'max_lp':         1 [   6.00h,    6.00h]    6.00h   0.00ns    6.00h         1 [  23.37m,   23.37m]   23.37m   0.00ns   23.37m
                            'no_lp':         1 [   6.00h,    6.00h]    6.00h   0.00ns    6.00h         1 [   4.85h,    4.85h]    4.85h   0.00ns    4.85h
              'objective_lb_search':         1 [   6.00h,    6.00h]    6.00h   0.00ns    6.00h         1 [  44.98m,   44.98m]   44.98m   0.00ns   44.98m
       'objective_lb_search_max_lp':         1 [   6.00h,    6.00h]    6.00h   0.00ns    6.00h         1 [  31.19m,   31.19m]   31.19m   0.00ns   31.19m
        'objective_lb_search_no_lp':         1 [   6.00h,    6.00h]    6.00h   0.00ns    6.00h         1 [   4.51h,    4.51h]    4.51h   0.00ns    4.51h
  'objective_shaving_search_max_lp':         6 [ 15.66ms, 238.03ms] 118.81ms  87.70ms 712.85ms         2 [ 21.05ms,  22.08ms]  21.56ms 515.20us  43.12ms
   'objective_shaving_search_no_lp':         6 [  5.07ms, 117.57ms]  39.18ms  38.87ms 235.09ms         0 [  0.00ns,   0.00ns]   0.00ns   0.00ns   0.00ns
                          'probing':         1 [   6.00h,    6.00h]    6.00h   0.00ns    6.00h         1 [  43.54m,   43.54m]   43.54m   0.00ns   43.54m
                   'probing_max_lp':         1 [   6.00h,    6.00h]    6.00h   0.00ns    6.00h         1 [   4.34h,    4.34h]    4.34h   0.00ns    4.34h
                     'pseudo_costs':         1 [   6.00h,    6.00h]    6.00h   0.00ns    6.00h         1 [   1.44h,    1.44h]    1.44h   0.00ns    1.44h
                    'quick_restart':         1 [   6.00h,    6.00h]    6.00h   0.00ns    6.00h         1 [  44.40m,   44.40m]   44.40m   0.00ns   44.40m
              'quick_restart_no_lp':         1 [   6.00h,    6.00h]    6.00h   0.00ns    6.00h         1 [   3.48h,    3.48h]    3.48h   0.00ns    3.48h
                    'reduced_costs':         1 [   6.00h,    6.00h]    6.00h   0.00ns    6.00h         1 [  38.13m,   38.13m]   38.13m   0.00ns   38.13m
                        'rins/rens':         6 [866.81us, 933.88ms] 401.83ms 275.32ms    2.41s         5 [100.00ms, 101.17ms] 100.34ms 419.35us 501.70ms
                      'rnd_cst_lns':         6 [696.25ms,    6.00h]    5.00h    2.24h   30.00h         2 [982.00ns, 100.02ms]  50.01ms  50.01ms 100.02ms
                      'rnd_var_lns':         6 [   6.00h,    6.00h]    6.00h    1.28s   35.99h         1 [ 60.00ns,  60.00ns]  60.00ns   0.00ns  60.00ns
                     'violation_ls':         6 [323.99us, 117.43ms]  37.79ms  51.47ms 226.73ms         6 [ 12.26us,  34.59ms]  11.00ms  15.49ms  65.97ms
                     'violation_ls':         6 [338.55us, 105.46ms]  33.90ms  46.48ms 203.39ms         6 [ 11.80us,  30.37ms]   9.51ms  13.45ms  57.08ms
                     'violation_ls':         6 [431.03us, 108.82ms]  36.88ms  48.58ms 221.26ms         6 [  7.73us,  32.54ms]  10.50ms  14.77ms  62.99ms

Search stats                         Bools   Conflicts     Branches    Restarts      BoolPropag   IntegerPropag
                           'core':  55'217   6'767'504  239'476'577  45'786'064  62'962'843'811  11'728'124'354
                     'default_lp':   2'095          98      127'837      63'451       6'198'949      14'949'660
                      'fs_random':   1'507           0          164         164           6'363         158'578
                      'fs_random':   1'507           0          164         164           6'363         158'578
                'fs_random_no_lp':   1'507           0          164         164           6'363         158'578
                'fs_random_no_lp':   1'507           0          164         164           6'363         158'578
        'fs_random_quick_restart':   1'507           0          162         162           6'331         122'653
        'fs_random_quick_restart':   1'507           0          164         164           6'363         158'578
  'fs_random_quick_restart_no_lp':   1'507           0          164         164           6'363         158'578
                 'lb_tree_search':   2'095          16       32'456      21'654       1'917'336       4'617'205
                         'max_lp':   2'095          61        6'743       6'743         303'435       1'040'503
                          'no_lp':  40'369   7'345'686  213'628'121  52'174'963  36'799'712'267  14'252'039'553
            'objective_lb_search':   2'095         100      122'951      61'871       6'007'239      14'538'963
     'objective_lb_search_max_lp':   2'095         101       25'189      17'900       1'556'759       3'885'033
      'objective_lb_search_no_lp':  50'735   7'171'104  253'813'016  50'481'155  43'960'638'346  13'524'523'742
                        'probing':   2'095         102      137'247      67'278       6'550'499      15'899'388
                 'probing_max_lp':   2'095          63        5'381       5'381         231'360         873'326
                   'pseudo_costs':   2'095         129        6'355       6'355         276'909         952'103
                  'quick_restart':   2'095         100      133'806      65'522       6'380'631      15'461'909
            'quick_restart_no_lp':  24'102  10'681'571  545'660'780  61'004'389  23'583'364'776  17'749'432'517
                  'reduced_costs':   2'095          91        5'993       5'993         260'367         925'462

SAT stats                           ClassicMinim  LitRemoved     LitLearned   LitForgotten  Subsumed  MClauses  MDecisions  MLitTrue  MSubsumed  MLitRemoved  MReused
                           'core':     6'468'553  71'297'560  1'551'308'115  1'498'334'970   135'360   127'994   2'597'020         0      3'418       61'077   41'257
                     'default_lp':             0           0             98              0         0         0           0         0          0            0        0
                      'fs_random':             0           0              0              0         0         0           0         0          0            0        0
                      'fs_random':             0           0              0              0         0         0           0         0          0            0        0
                'fs_random_no_lp':             0           0              0              0         0         0           0         0          0            0        0
                'fs_random_no_lp':             0           0              0              0         0         0           0         0          0            0        0
        'fs_random_quick_restart':             0           0              0              0         0         0           0         0          0            0        0
        'fs_random_quick_restart':             0           0              0              0         0         0           0         0          0            0        0
  'fs_random_quick_restart_no_lp':             0           0              0              0         0         0           0         0          0            0        0
                 'lb_tree_search':             0           0             16              0         0         0           0         0          0            0        0
                         'max_lp':             0           0             61              0         0         0           0         0          0            0        0
                          'no_lp':     7'135'688  81'834'397  1'895'637'663  1'862'009'488    92'489   119'156   1'708'464         0      2'602       35'040   35'992
            'objective_lb_search':             0           0            100              0         0         0           0         0          0            0        0
     'objective_lb_search_max_lp':             0           0            101              0         0         0           0         0          0            0        0
      'objective_lb_search_no_lp':     6'911'088  79'213'028  1'664'188'212  1'621'395'618   113'468   175'831   2'206'675         0      2'908       49'257   48'639
                        'probing':             0           0            102              0         0         0           0         0          0            0        0
                 'probing_max_lp':             0           0             63              0         0         0           0         0          0            0        0
                   'pseudo_costs':             0           0            129              0         0         0           0         0          0            0        0
                  'quick_restart':             0           0            100              0         0         0           0         0          0            0        0
            'quick_restart_no_lp':    10'060'033  87'021'838  3'109'828'187  3'022'563'117   249'055   536'661   6'933'684         0      2'575       23'524  129'519
                  'reduced_costs':             0           0             91              0         0         0           0         0          0            0        0

Lp stats                         Component  Iterations  AddedCuts  OPTIMAL  DUAL_F.  DUAL_U.
                  'default_lp':          1  18'440'206  4'721'863  350'622      158        1
                   'fs_random':          1           0          0        0        0        0
                   'fs_random':          1           0          0        0        0        0
     'fs_random_quick_restart':          1           0          0        0        0        0
     'fs_random_quick_restart':          1           0          0        0        0        0
              'lb_tree_search':          1   9'415'128  4'215'297   92'228    9'304        1
                      'max_lp':          1   1'786'308    479'218   24'194    1'513        4
         'objective_lb_search':          1  18'135'887  4'702'549  341'524      252        0
  'objective_lb_search_max_lp':          1   3'331'728  1'032'678   59'028   13'270        1
                     'probing':          1  18'948'792  4'722'072  370'395      144        2
              'probing_max_lp':          1  36'213'891    371'862   16'832    1'251        2
                'pseudo_costs':          1   4'250'947    402'839   18'480    3'052        0
               'quick_restart':          1  18'559'911  4'798'545  359'774      249        1
               'reduced_costs':          1   2'419'133    554'690   16'551    1'727        0

Lp dimension                                                                         Final dimension of first component
                  'default_lp':   2857 rows, 1796 columns, 19231 entries with magnitude in [3.693479e-05, 1.000000e+00]
                   'fs_random':          0 rows, 1796 columns, 0 entries with magnitude in [0.000000e+00, 0.000000e+00]
                   'fs_random':          0 rows, 1796 columns, 0 entries with magnitude in [0.000000e+00, 0.000000e+00]
     'fs_random_quick_restart':          0 rows, 1796 columns, 0 entries with magnitude in [0.000000e+00, 0.000000e+00]
     'fs_random_quick_restart':          0 rows, 1796 columns, 0 entries with magnitude in [0.000000e+00, 0.000000e+00]
              'lb_tree_search':  3198 rows, 1796 columns, 100904 entries with magnitude in [2.622979e-05, 1.000000e+00]
                      'max_lp':    772 rows, 1796 columns, 57513 entries with magnitude in [1.140919e-05, 1.000000e+00]
         'objective_lb_search':   3314 rows, 1796 columns, 24939 entries with magnitude in [2.896333e-06, 1.000000e+00]
  'objective_lb_search_max_lp':  2703 rows, 1796 columns, 259020 entries with magnitude in [5.190978e-06, 1.000000e+00]
                     'probing':   3118 rows, 1796 columns, 21673 entries with magnitude in [3.317531e-06, 1.000000e+00]
              'probing_max_lp':   2198 rows, 1796 columns, 92434 entries with magnitude in [6.536055e-06, 1.000000e+00]
                'pseudo_costs':  1583 rows, 1796 columns, 192351 entries with magnitude in [5.098487e-06, 1.000000e+00]
               'quick_restart':   2766 rows, 1796 columns, 18544 entries with magnitude in [3.933710e-05, 1.000000e+00]
               'reduced_costs':  2218 rows, 1796 columns, 151939 entries with magnitude in [3.170488e-06, 1.000000e+00]

Lp debug                         CutPropag  CutEqPropag   Adjust  Overflow          Bad  BadScaling
                  'default_lp':          1        3'591      443         0  177'533'840           0
                   'fs_random':          0            0        0         0            0           0
                   'fs_random':          0            0        0         0            0           0
     'fs_random_quick_restart':          0            0        0         0            0           0
     'fs_random_quick_restart':          0            0        0         0            0           0
              'lb_tree_search':          0          330  101'475         0  160'251'721           0
                      'max_lp':          0            0   25'654         0   53'932'600           0
         'objective_lb_search':          2        7'430      809         0  175'426'688           0
  'objective_lb_search_max_lp':          1          154   15'078         0   90'369'262           0
                     'probing':          2        3'874      526         0  178'628'659           0
              'probing_max_lp':          0           48   17'988         0   35'397'882           0
                'pseudo_costs':          2           56   19'797         0   40'143'002           0
               'quick_restart':          2        5'962      187         0  177'920'250           0
               'reduced_costs':          1           41   17'394         0   26'348'350           0

Lp pool                          Constraints  Updates  Simplif  Merged  Shortened  Split  Strenghtened             Cuts/Call
                  'default_lp':       12'292   35'753   11'190      73      1'088  4'662       200'745   4'721'863/8'766'130
                   'fs_random':        2'502        0        0       0          0      0             0                   0/0
                   'fs_random':        2'502        0        0       0          0      0             0                   0/0
     'fs_random_quick_restart':        2'502        0        0       0          0      0             0                   0/0
     'fs_random_quick_restart':        2'502        0        0       0          0      0             0                   0/0
              'lb_tree_search':       12'267  101'335    9'091      22        741  4'085       278'771  4'215'297/18'744'818
                      'max_lp':       11'611   27'180    8'191     599        736  5'853        52'878       479'218/752'406
         'objective_lb_search':       11'938   44'552   10'978     113        533  4'608       198'917   4'702'549/8'674'035
  'objective_lb_search_max_lp':       12'633   41'822    7'245      37        419  5'479        99'243   1'032'678/3'616'738
                     'probing':       12'487   36'134   15'252      87        691  5'399       226'371   4'722'072/8'695'805
              'probing_max_lp':       12'834   21'873    9'375      20      1'190  2'515        68'358     371'862/2'263'167
                'pseudo_costs':       12'799   30'102    8'728      32      1'673  3'605        33'996     402'839/1'219'398
               'quick_restart':       11'915   40'024   10'997     132        946  5'435       219'319   4'798'545/8'813'643
               'reduced_costs':       12'667   25'508    7'004      15      1'864  3'662        38'301     554'690/1'326'999

Lp Cut               defaul   max_lp     quick_   reduce   pseudo     lb_tre     probin     object   probin   object
          CG_FF:    246'579    3'251    218'733    8'960    7'443     22'249    230'947    230'149    4'278   13'331
           CG_K:      6'122    1'343      6'452    6'008    3'514      5'491      7'605      6'033    1'563    2'918
           CG_R:    107'313    1'576    126'505    7'127    3'388     17'147    119'188    118'660    4'810   13'134
          CG_RB:    757'366  127'282    841'748  155'489  103'838    315'006    783'902    798'213  145'318  164'476
         CG_RBP:      3'933    2'438      3'878   43'571    5'924     10'428      5'029      4'150    1'506    3'913
         Clique:          -    5'497          -    3'330    2'737     41'928          -          -    4'699   12'787
             IB:  1'356'196   24'256  1'341'086   17'371   22'391    195'340  1'354'979  1'318'629   22'183   72'797
       MIR_1_FF:    834'352   23'631    784'165   22'223   43'018    201'100    759'676    818'757   16'843  109'468
        MIR_1_K:     11'992    1'155     13'368    1'192    1'439      7'663     12'304     11'044    1'309    2'242
       MIR_1_KL:          -        -          1        -        -          -          1          -        -        -
        MIR_1_R:     17'899      461     18'238   12'285    4'491      5'423     16'954     19'267    8'303    7'641
       MIR_1_RB:    583'695  116'425    616'456   95'246   81'611  1'986'916    597'652    588'789   61'901  270'949
      MIR_1_RBP:      5'251   10'656      5'235    2'575      674      7'385      5'543      4'669      114    1'471
       MIR_2_FF:     50'710    3'506     56'473    2'916    4'720     20'830     53'952     58'943    3'255   12'904
        MIR_2_K:      2'873      528      3'008      812      523      4'853      3'214      2'830      767    1'169
        MIR_2_R:      5'786    1'103      6'272    7'433    9'147      7'029      6'250      5'716    1'047    3'291
       MIR_2_RB:     97'752   94'055    111'601  110'067   63'643    638'120    100'173    103'293   30'435  156'926
      MIR_2_RBP:      1'426    3'500      1'414    2'324      683      3'606      1'632      1'271      129      580
       MIR_3_FF:     22'698    1'416     20'330      987    1'330     10'920     21'630     19'487    1'803    4'115
        MIR_3_K:      3'457      436      3'573      336      386      5'520      3'693      3'355      663    1'182
       MIR_3_KL:          -        -          -        -        -          -          -          -        -        1
        MIR_3_R:     23'152      741     26'891    1'990    1'827      6'291     27'159     23'210    1'031    2'228
       MIR_3_RB:    103'552   14'276    106'552   18'418   12'066    184'504    105'001     99'736   11'822   43'877
      MIR_3_RBP:      2'022      256      1'953      349      364      3'822      2'110      1'850      110      808
       MIR_4_FF:      5'379      984      3'767      666      747      5'784      5'200      5'163    1'209    2'743
        MIR_4_K:      1'232      391      1'357      240      278      3'209      1'452      1'240      511      837
        MIR_4_R:      4'509      285      5'259      784    1'109      2'680      5'128      4'554      468      955
       MIR_4_RB:     63'110    7'542     64'760    8'291    6'164    116'674     63'374     62'395    9'497   29'362
      MIR_4_RBP:        908      194        888      191      114      2'505      1'041        845       54      602
       MIR_5_FF:      4'525      824      3'669      551      566      6'526      4'652      4'364    1'244    2'870
        MIR_5_K:        614      396        692      255      318      3'339        550        586      547    1'065
        MIR_5_R:      2'710      262      3'174      404      875      2'394      3'149      2'727      341      889
       MIR_5_RB:     49'709    4'262     52'112    5'106    4'283     94'810     50'068     49'946    8'537   21'289
      MIR_5_RBP:        502      157        545      122      116      3'023        493        502       83      773
       MIR_6_FF:      1'509      638      1'479      360      513      4'911      1'430      1'579    1'268    2'560
        MIR_6_K:        351      335        512      209      209      2'929        424        383      420      914
        MIR_6_R:      1'648      179      1'822      310      786      2'506      1'818      1'505      314      973
       MIR_6_RB:     36'060    4'403     37'563    3'653    3'792    114'664     36'313     35'051    6'751   15'448
      MIR_6_RBP:        344      105        385       70       85      5'759        397        358       48      636
   ZERO_HALF_FF:     46'968    1'495     45'081    1'504    1'116     13'386     45'856     45'434    2'292    5'088
    ZERO_HALF_K:      1'330      134      1'101      159      170      2'125      1'198      1'652      260      383
    ZERO_HALF_R:    170'008    4'178    171'894    4'614    2'843     54'371    188'643    162'415    9'814   27'912
   ZERO_HALF_RB:     86'010   14'260     88'316    6'030    3'571     69'169     91'939     83'498    4'267   14'728
  ZERO_HALF_RBP:        311      406        237      162       27      2'962        353        301       48      443

LNS stats           Improv/Calls  Closed  Difficulty  TimeLimit
  'graph_arc_lns':           4/5     40%        0.37       0.10
  'graph_cst_lns':           2/5     40%        0.39       0.10
  'graph_dec_lns':           2/5     40%        0.43       0.10
  'graph_var_lns':           6/6      0%        0.04       0.10
      'rins/rens':           3/5     20%        0.13       0.10
    'rnd_cst_lns':           5/6      0%        0.04       0.10
    'rnd_var_lns':           6/6      0%        0.04       0.10

LS stats                   Batches  Restarts  LinMoves  GenMoves  CompoundMoves  WeightUpdates
       'fj_long_default':        1         1     7'709         0              0            578
   'fj_long_lin_default':        2         1         0     5'686            641              4
        'fj_long_random':        1         1     9'283         0              0            717
      'fj_short_default':        2         1         0     6'982            885             44
  'fj_short_lin_default':        2         1         0     7'911          1'039             13
   'fj_short_lin_random':        2         1         0     7'120            852             17
       'fj_short_random':        2         1         0     6'739            883              8
          'violation_ls':        6         0    18'903        13              5          1'104
          'violation_ls':        6         0    19'378        16              6            628
          'violation_ls':        6         0         9     7'386            437             83

Solutions (28)            Num     Rank
      'fj_long_default':    1    [1,1]
        'graph_arc_lns':    1  [11,11]
        'graph_cst_lns':    1  [10,10]
        'graph_var_lns':    1  [15,15]
  'quick_restart_no_lp':   13  [16,28]
         'violation_ls':   11   [2,14]

Objective bounds                      Num
                   'initial_domain':    1
                   'lb_tree_search':    1
                           'max_lp':   16
  'objective_shaving_search_max_lp':    4
   'objective_shaving_search_no_lp':    4
                   'probing_max_lp':    9

Solution repositories    Added  Queried  Ignored  Synchro
  'feasible solutions':     81      101        0       76
        'lp solutions':      0        0        0        0
                'pump':     52        6

Improving bounds shared            Num
                        'core':  1'751
                  'default_lp':     71
              'lb_tree_search':      1
                      'max_lp':     82
                       'no_lp':    832
         'objective_lb_search':     93
  'objective_lb_search_max_lp':    199
   'objective_lb_search_no_lp':  1'036
                     'probing':     40
              'probing_max_lp':     35
                'pseudo_costs':    112
               'quick_restart':    115
         'quick_restart_no_lp':    840
               'reduced_costs':     15

Clauses shared                    Num
                       'core':  1'214
                      'no_lp':  1'414
  'objective_lb_search_no_lp':  1'427
        'quick_restart_no_lp':  1'499

CpSolverResponse summary:
status: FEASIBLE
objective: 289820
best_bound: 62836
integers: 1797
booleans: 1507
conflicts: 0
branches: 162
propagations: 6331
integer_propagations: 122653
restarts: 162
lp_iterations: 0
walltime: 21600.5
usertime: 21600.5
deterministic_time: 105720
gap_integral: 1.3038e+06
solution_fingerprint: 0x1fd5034cc3d8489b

CPU USED: 32
Loading /home/aneumann/projects/def-adhaj/aneumann/gns/data/instances/test/l/instance_200.pkl...
===* START SOLVING *===
   index   value      gap    status  computing_time  max_time  cpu  max_memory
0    200  2898.2  0.78319  feasible    21601.483881         6   32         118
===* END OF FILE *===
