created virtual environment CPython3.12.4.final.0-64 in 794ms
  creator CPython3Posix(dest=/localscratch/aneumann.37168018.0/env, clear=False, no_vcs_ignore=False, global=False)
  seeder FromAppData(download=False, pip=bundle, via=copy, app_data_dir=/home/aneumann/.local/share/virtualenv)
    added seed packages: pip==24.2+computecanada
  activators BashActivator,CShellActivator,FishActivator,NushellActivator,PowerShellActivator,PythonActivator
Looking in links: /cvmfs/soft.computecanada.ca/custom/python/wheelhouse/gentoo2023/x86-64-v3, /cvmfs/soft.computecanada.ca/custom/python/wheelhouse/gentoo2023/generic, /cvmfs/soft.computecanada.ca/custom/python/wheelhouse/generic
Requirement already satisfied: pip in /localscratch/aneumann.37168018.0/env/lib/python3.12/site-packages (24.2+computecanada)
Looking in links: /cvmfs/soft.computecanada.ca/custom/python/wheelhouse/gentoo2023/x86-64-v3, /cvmfs/soft.computecanada.ca/custom/python/wheelhouse/gentoo2023/generic, /cvmfs/soft.computecanada.ca/custom/python/wheelhouse/generic
ERROR: protobuf-5.28.3-cp38-abi3-manylinux2014_x86_64.whl is not a supported wheel on this platform.
Looking in links: /cvmfs/soft.computecanada.ca/custom/python/wheelhouse/gentoo2023/x86-64-v3, /cvmfs/soft.computecanada.ca/custom/python/wheelhouse/gentoo2023/generic, /cvmfs/soft.computecanada.ca/custom/python/wheelhouse/generic
Processing /home/aneumann/projects/def-adhaj/aneumann/gns/wheels/immutabledict-4.2.0-py3-none-any.whl
Installing collected packages: immutabledict
Successfully installed immutabledict-4.2.0
Looking in links: /cvmfs/soft.computecanada.ca/custom/python/wheelhouse/gentoo2023/x86-64-v3, /cvmfs/soft.computecanada.ca/custom/python/wheelhouse/gentoo2023/generic, /cvmfs/soft.computecanada.ca/custom/python/wheelhouse/generic
Processing /cvmfs/soft.computecanada.ca/custom/python/wheelhouse/generic/ortools-9.10.4067+computecanada-cp312-cp312-linux_x86_64.whl (from -r /home/aneumann/projects/def-adhaj/aneumann/gns/requirements_or.txt (line 1))
Processing /cvmfs/soft.computecanada.ca/custom/python/wheelhouse/gentoo2023/x86-64-v3/pandas-2.2.2+computecanada-cp312-cp312-linux_x86_64.whl (from -r /home/aneumann/projects/def-adhaj/aneumann/gns/requirements_or.txt (line 2))
Processing /cvmfs/soft.computecanada.ca/custom/python/wheelhouse/generic/absl_py-2.1.0+computecanada-py3-none-any.whl (from ortools->-r /home/aneumann/projects/def-adhaj/aneumann/gns/requirements_or.txt (line 1))
Processing /cvmfs/soft.computecanada.ca/custom/python/wheelhouse/gentoo2023/generic/numpy-2.1.1+computecanada-cp312-cp312-linux_x86_64.whl (from ortools->-r /home/aneumann/projects/def-adhaj/aneumann/gns/requirements_or.txt (line 1))
Processing /cvmfs/soft.computecanada.ca/custom/python/wheelhouse/gentoo2023/x86-64-v3/protobuf-5.28.0+computecanada-cp312-cp312-linux_x86_64.whl (from ortools->-r /home/aneumann/projects/def-adhaj/aneumann/gns/requirements_or.txt (line 1))
Requirement already satisfied: immutabledict>=3.0.0 in /localscratch/aneumann.37168018.0/env/lib/python3.12/site-packages (from ortools->-r /home/aneumann/projects/def-adhaj/aneumann/gns/requirements_or.txt (line 1)) (4.2.0)
Processing /cvmfs/soft.computecanada.ca/custom/python/wheelhouse/generic/python_dateutil-2.9.0.post0+computecanada-py2.py3-none-any.whl (from pandas->-r /home/aneumann/projects/def-adhaj/aneumann/gns/requirements_or.txt (line 2))
Processing /cvmfs/soft.computecanada.ca/custom/python/wheelhouse/generic/pytz-2024.2+computecanada-py2.py3-none-any.whl (from pandas->-r /home/aneumann/projects/def-adhaj/aneumann/gns/requirements_or.txt (line 2))
Processing /cvmfs/soft.computecanada.ca/custom/python/wheelhouse/generic/tzdata-2024.2+computecanada-py2.py3-none-any.whl (from pandas->-r /home/aneumann/projects/def-adhaj/aneumann/gns/requirements_or.txt (line 2))
Processing /cvmfs/soft.computecanada.ca/custom/python/wheelhouse/generic/six-1.16.0+computecanada-py2.py3-none-any.whl (from python-dateutil>=2.8.2->pandas->-r /home/aneumann/projects/def-adhaj/aneumann/gns/requirements_or.txt (line 2))
Installing collected packages: pytz, tzdata, six, protobuf, numpy, absl-py, python-dateutil, pandas, ortools
Successfully installed absl-py-2.1.0+computecanada numpy-2.1.1+computecanada ortools-9.10.4067+computecanada pandas-2.2.2+computecanada protobuf-5.28.0+computecanada python-dateutil-2.9.0.post0+computecanada pytz-2024.2+computecanada six-1.16.0+computecanada tzdata-2024.2+computecanada

Starting CP-SAT solver v9.10.4067
Parameters: max_time_in_seconds: 28800 max_memory_in_mb: 118 log_search_progress: true optimize_with_core: true cp_model_presolve: true enumerate_all_solutions: false num_search_workers: 32 use_implied_bounds: true absolute_gap_limit: 5 relative_gap_limit: 0.01 use_probing_search: true

Initial optimization model '': (model_fingerprint: 0xbcdc410b3ef70571)
#Variables: 3'812 (#bools: 33 #ints: 1 in objective)
  - 3'336 Booleans in [0,1]
  - 475 in [0,300000]
  - 1 constants in {1} 
#kBoolOr: 2'128 (#literals: 2'128)
#kLinear1: 692
#kLinear2: 10'979
#kLinear3: 2'115
#kLinearN: 825 (#terms: 8'525)

Starting presolve at 0.00s
  3.03e-03s  0.00e+00d  [DetectDominanceRelations] 
  9.28e-02s  0.00e+00d  [PresolveToFixPoint] #num_loops=23 #num_dual_strengthening=3 
  8.19e-05s  0.00e+00d  [ExtractEncodingFromLinear] #potential_supersets=278 
[Symmetry] Graph for symmetry has 12'955 nodes and 27'158 arcs.
[Symmetry] Symmetry computation done. time: 0.00266143 dtime: 0.00359271
[Symmetry] #generators: 5, average support size: 2
[Symmetry] 5 orbits with sizes: 2,2,2,2,2
[Symmetry] Found orbitope of size 1 x 2
[SAT presolve] num removable Booleans: 0 / 1990
[SAT presolve] num trivial clauses: 0
[SAT presolve] [0s] clauses:3566 literals:7132 vars:1946 one_side_vars:1904 simple_definition:40 singleton_clauses:0
[SAT presolve] [0.000271261s] clauses:3566 literals:7132 vars:1946 one_side_vars:1904 simple_definition:40 singleton_clauses:0
[SAT presolve] [0.000422626s] clauses:3566 literals:7132 vars:1946 one_side_vars:1904 simple_definition:40 singleton_clauses:0
  7.66e-01s  1.81e-01d  [Probe] #probed=4'900 #fixed_bools=86 #new_bounds=218 
  5.74e-03s  0.00e+00d  [MaxClique] Merged 3834(10808 literals) into 1106(7888 literals) at_most_ones. 
  2.54e-03s  0.00e+00d  [DetectDominanceRelations] 
  2.02e-02s  0.00e+00d  [PresolveToFixPoint] #num_loops=4 #num_dual_strengthening=3 
  3.76e-03s  0.00e+00d  [ProcessAtMostOneAndLinear] #num_changes=56 
  2.44e-03s  0.00e+00d  [DetectDuplicateConstraints] #duplicates=5 
  5.28e-04s  2.71e-05d  [DetectDominatedLinearConstraints] #relevant_constraints=1'872 
  6.04e-04s  0.00e+00d  [DetectDifferentVariables] #different=20 
  9.96e-04s  2.91e-04d  [ProcessSetPPC] #relevant_constraints=1'167 #num_inclusions=794 
  6.07e-05s  0.00e+00d  [FindAlmostIdenticalLinearConstraints] 
  3.98e-03s  6.82e-03d  [FindBigAtMostOneAndLinearOverlap] 
  1.06e-03s  3.26e-03d  [FindBigVerticalLinearOverlap] 
  4.30e-04s  1.44e-03d  [FindBigHorizontalLinearOverlap] #linears=196 
  7.33e-05s  0.00e+00d  [MergeClauses] 
  2.52e-03s  0.00e+00d  [DetectDominanceRelations] 
  1.11e-02s  0.00e+00d  [PresolveToFixPoint] #num_loops=2 #num_dual_strengthening=2 
  2.48e-03s  0.00e+00d  [DetectDominanceRelations] 
  9.63e-03s  0.00e+00d  [PresolveToFixPoint] #num_loops=1 #num_dual_strengthening=1 
[Symmetry] Graph for symmetry has 9'830 nodes and 18'835 arcs.
[Symmetry] Symmetry computation done. time: 0.00152525 dtime: 0.00225823
[Symmetry] #generators: 5, average support size: 2
[Symmetry] 5 orbits with sizes: 2,2,2,2,2
[Symmetry] Found orbitope of size 1 x 2
[SAT presolve] num removable Booleans: 0 / 1898
[SAT presolve] num trivial clauses: 0
[SAT presolve] [0s] clauses:22 literals:44 vars:30 one_side_vars:24 simple_definition:6 singleton_clauses:0
[SAT presolve] [3.3713e-05s] clauses:22 literals:44 vars:30 one_side_vars:24 simple_definition:6 singleton_clauses:0
[SAT presolve] [7.4761e-05s] clauses:22 literals:44 vars:30 one_side_vars:24 simple_definition:6 singleton_clauses:0
  2.04e-01s  4.80e-02d  [Probe] #probed=4'809 #fixed_bools=1 #new_bounds=70 
  2.66e-03s  0.00e+00d  [MaxClique] Merged 888(6474 literals) into 888(6485 literals) at_most_ones. 
  2.47e-03s  0.00e+00d  [DetectDominanceRelations] 
  1.51e-02s  0.00e+00d  [PresolveToFixPoint] #num_loops=4 #num_dual_strengthening=3 
  3.51e-03s  0.00e+00d  [ProcessAtMostOneAndLinear] 
  2.39e-03s  0.00e+00d  [DetectDuplicateConstraints] #duplicates=2 
  4.88e-04s  2.70e-05d  [DetectDominatedLinearConstraints] #relevant_constraints=1'872 
  5.80e-04s  0.00e+00d  [DetectDifferentVariables] #different=20 
  8.45e-04s  2.84e-04d  [ProcessSetPPC] #relevant_constraints=1'092 #num_inclusions=720 
  6.33e-05s  0.00e+00d  [FindAlmostIdenticalLinearConstraints] 
  3.97e-03s  6.83e-03d  [FindBigAtMostOneAndLinearOverlap] 
  1.09e-03s  3.26e-03d  [FindBigVerticalLinearOverlap] 
  4.16e-04s  1.42e-03d  [FindBigHorizontalLinearOverlap] #linears=194 
  6.42e-05s  0.00e+00d  [MergeClauses] 
  2.51e-03s  0.00e+00d  [DetectDominanceRelations] 
  9.72e-03s  0.00e+00d  [PresolveToFixPoint] #num_loops=1 #num_dual_strengthening=1 
  2.51e-03s  0.00e+00d  [DetectDominanceRelations] 
  9.58e-03s  0.00e+00d  [PresolveToFixPoint] #num_loops=1 #num_dual_strengthening=1 
[Symmetry] Graph for symmetry has 9'831 nodes and 18'840 arcs.
[Symmetry] Symmetry computation done. time: 0.00147116 dtime: 0.00225441
[Symmetry] #generators: 4, average support size: 2
[Symmetry] 4 orbits with sizes: 2,2,2,2
[Symmetry] Found orbitope of size 1 x 2
[SAT presolve] num removable Booleans: 0 / 1897
[SAT presolve] num trivial clauses: 0
[SAT presolve] [0s] clauses:23 literals:46 vars:32 one_side_vars:26 simple_definition:6 singleton_clauses:0
[SAT presolve] [3.209e-05s] clauses:23 literals:46 vars:32 one_side_vars:26 simple_definition:6 singleton_clauses:0
[SAT presolve] [7.3238e-05s] clauses:23 literals:46 vars:32 one_side_vars:26 simple_definition:6 singleton_clauses:0
  1.71e-01s  4.05e-02d  [Probe] #probed=4'807 #fixed_bools=1 #new_bounds=32 
  2.65e-03s  0.00e+00d  [MaxClique] Merged 889(6481 literals) into 889(6484 literals) at_most_ones. 
  2.49e-03s  0.00e+00d  [DetectDominanceRelations] 
  1.32e-02s  0.00e+00d  [PresolveToFixPoint] #num_loops=4 #num_dual_strengthening=3 
  3.56e-03s  0.00e+00d  [ProcessAtMostOneAndLinear] #num_changes=1 
  2.36e-03s  0.00e+00d  [DetectDuplicateConstraints] #duplicates=2 
  5.13e-04s  2.70e-05d  [DetectDominatedLinearConstraints] #relevant_constraints=1'871 
  5.76e-04s  0.00e+00d  [DetectDifferentVariables] #different=20 
  8.24e-04s  2.84e-04d  [ProcessSetPPC] #relevant_constraints=1'093 #num_inclusions=720 
  6.80e-05s  0.00e+00d  [FindAlmostIdenticalLinearConstraints] 
  4.01e-03s  6.82e-03d  [FindBigAtMostOneAndLinearOverlap] 
  1.09e-03s  3.26e-03d  [FindBigVerticalLinearOverlap] 
  4.26e-04s  1.42e-03d  [FindBigHorizontalLinearOverlap] #linears=194 
  7.15e-05s  0.00e+00d  [MergeClauses] 
  2.51e-03s  0.00e+00d  [DetectDominanceRelations] 
  9.76e-03s  0.00e+00d  [PresolveToFixPoint] #num_loops=1 #num_dual_strengthening=1 
  1.59e-04s  0.00e+00d  [ExpandObjective] #entries=60 #tight_variables=30 #tight_constraints=10 

Presolve summary:
  - 113 affine relations were detected.
  - rule 'TODO dual: add implied bound' was applied 18 times.
  - rule 'TODO dual: only one blocking constraint?' was applied 38'227 times.
  - rule 'TODO dual: only one blocking enforced constraint?' was applied 18 times.
  - rule 'TODO dual: only one unspecified blocking constraint?' was applied 18 times.
  - rule 'TODO dual: tighten at most one' was applied 1'359 times.
  - rule 'TODO linear2: contains a Boolean.' was applied 19'330 times.
  - rule 'TODO symmetry: add symmetry breaking inequalities?' was applied 3 times.
  - rule 'affine: new relation' was applied 113 times.
  - rule 'at_most_one: removed literals' was applied 396 times.
  - rule 'at_most_one: singleton' was applied 2 times.
  - rule 'at_most_one: size one' was applied 145 times.
  - rule 'at_most_one: transformed into max clique.' was applied 1 time.
  - rule 'bool_and: x => x' was applied 8 times.
  - rule 'bool_or: always true' was applied 2'128 times.
  - rule 'bool_or: implications' was applied 9'657 times.
  - rule 'bool_or: singleton' was applied 1 time.
  - rule 'deductions: 598 stored' was applied 1 time.
  - rule 'dual: add implication' was applied 12 times.
  - rule 'dual: enforced equivalence' was applied 4 times.
  - rule 'dual: fix variable' was applied 600 times.
  - rule 'dual: fix variable with multiple choices' was applied 4 times.
  - rule 'dual: reduced domain' was applied 285 times.
  - rule 'duplicate: merged rhs of linear constraint' was applied 5 times.
  - rule 'duplicate: removed constraint' was applied 9 times.
  - rule 'enforcement: false literal' was applied 6'046 times.
  - rule 'enforcement: literal not used' was applied 19 times.
  - rule 'linear + amo: extracted enforcement literal' was applied 3 times.
  - rule 'linear + amo: fixed literal implied by enforcement' was applied 54 times.
  - rule 'linear1: always true' was applied 3 times.
  - rule 'linear1: infeasible' was applied 1 time.
  - rule 'linear2: contains a Boolean.' was applied 18 times.
  - rule 'linear: advanced coefficient strenghtening.' was applied 1 time.
  - rule 'linear: always true' was applied 1'826 times.
  - rule 'linear: divide by GCD' was applied 6'983 times.
  - rule 'linear: empty' was applied 134 times.
  - rule 'linear: extracted enforcement literal' was applied 807 times.
  - rule 'linear: fixed or dup variables' was applied 1'832 times.
  - rule 'linear: negative clause' was applied 2'933 times.
  - rule 'linear: positive at most one' was applied 268 times.
  - rule 'linear: positive clause' was applied 6'724 times.
  - rule 'linear: positive equal one' was applied 10 times.
  - rule 'linear: reduced variable domains' was applied 1'399 times.
  - rule 'linear: remapped using affine relations' was applied 3'369 times.
  - rule 'linear: simplified rhs' was applied 26'798 times.
  - rule 'linear: singleton column' was applied 17 times.
  - rule 'objective: variable not used elsewhere' was applied 1 time.
  - rule 'presolve: 1395 unused variables removed.' was applied 1 time.
  - rule 'presolve: iteration' was applied 3 times.
  - rule 'setppc: bool_or in at_most_one.' was applied 4 times.
  - rule 'setppc: removed dominated constraints' was applied 67 times.
  - rule 'symmetry: added symmetry breaking implication' was applied 3 times.

Presolved optimization model '': (model_fingerprint: 0x3e1b74a7030d542)
#Variables: 2'287 (#bools: 32 #ints: 1 in objective)
  - 1'896 Booleans in [0,1]
  - 108 different domains in [0,300000] with a largest complexity of 1.
#kAtMostOne: 866 (#literals: 6'431)
#kBoolAnd: 25 (#enforced: 25) (#literals: 50)
#kExactlyOne: 10 (#literals: 30)
#kLinear1: 9 (#enforced: 9)
#kLinear2: 896 (#enforced: 659 #multi: 20)
#kLinear3: 1'316 (#enforced: 12)
#kLinearN: 318 (#terms: 3'276)

Preloading model.
#Bound   1.42s best:inf   next:[172072,7587068] initial_domain
[Symmetry] Graph for symmetry has 8'307 nodes and 18'837 arcs.
[Symmetry] Symmetry computation done. time: 0.00144873 dtime: 0.0021602
[Symmetry] #generators: 3, average support size: 2
[Symmetry] Found orbitope of size 1 x 2
#Model   1.43s var:2287/2287 constraints:3440/3440

Starting search at 1.43s with 32 workers.
16 full problem subsolvers: [core, default_lp, lb_tree_search, max_lp, no_lp, objective_lb_search, objective_lb_search_max_lp, objective_lb_search_no_lp, objective_shaving_search_max_lp, objective_shaving_search_no_lp, probing, probing_max_lp, pseudo_costs, quick_restart, quick_restart_no_lp, reduced_costs]
14 first solution subsolvers: [fj_long_default, fj_long_lin_default, fj_long_random, fj_short_default, fj_short_lin_default, fj_short_lin_random, fj_short_random, fs_random(2), fs_random_no_lp(2), fs_random_quick_restart(2), fs_random_quick_restart_no_lp]
11 incomplete subsolvers: [feasibility_pump, graph_arc_lns, graph_cst_lns, graph_dec_lns, graph_var_lns, rins/rens, rnd_cst_lns, rnd_var_lns, violation_ls(3)]
3 helper subsolvers: [neighborhood_helper, synchronization_agent, update_gap_integral]
#1       2.05s best:7587068 next:[172072,7587064] fj_long_default(batch:3 #lin_moves:25'189 #lin_evals:46'045 #weight_updates:2'210)
#2       2.31s best:7570196 next:[172072,7570192] rnd_var_lns (d=0.50 s=64 t=0.10 p=0.00 stall=0 h=auto_l0)
#Bound   2.39s best:7570196 next:[172076,7570192] objective_shaving_search_no_lp (vars=2083 csts=2558)
#3       2.39s best:7570172 next:[172076,7570168] violation_ls(batch:3 #solutions_imported:2 #lin_moves:12'245 #lin_evals:25'066 #weight_updates:2'467)
#Bound   2.40s best:7570172 next:[172080,7570168] objective_shaving_search_no_lp (vars=2287 csts=3441)
#Bound   2.41s best:7570172 next:[172084,7570168] objective_shaving_search_no_lp (vars=2287 csts=3441)
#Bound   2.45s best:7570172 next:[172088,7570168] objective_shaving_search_no_lp (vars=2287 csts=3441)
#4       2.45s best:7570148 next:[172088,7570144] violation_ls(batch:4 #solutions_imported:3 #lin_moves:6 #lin_evals:149'669 #gen_moves:5'846 #gen_evals:0 #comp_moves:417 #backtracks:2'711 #weight_updates:73)
#5       2.45s best:7570124 next:[172088,7570120] violation_ls(batch:4 #solutions_imported:3 #lin_moves:12'245 #lin_evals:25'077 #gen_moves:4 #gen_evals:0 #comp_moves:4 #backtracks:0 #weight_updates:2'467)
#6       2.54s best:7570100 next:[172088,7570096] violation_ls(batch:1 #solutions_imported:1 #lin_moves:0 #lin_evals:30 #gen_moves:6 #gen_evals:0 #comp_moves:6 #backtracks:0 #weight_updates:0)
#7       2.54s best:7570076 next:[172088,7570072] violation_ls(batch:2 #solutions_imported:2 #lin_moves:0 #lin_evals:56 #gen_moves:10 #gen_evals:0 #comp_moves:10 #backtracks:0 #weight_updates:0)
#8       2.55s best:7570052 next:[172088,7570048] violation_ls(batch:3 #solutions_imported:3 #lin_moves:0 #lin_evals:2'700 #gen_moves:74 #gen_evals:0 #comp_moves:16 #backtracks:29 #weight_updates:1)
#9       2.57s best:7570028 next:[172088,7570024] violation_ls(batch:4 #solutions_imported:4 #lin_moves:0 #lin_evals:2'727 #gen_moves:78 #gen_evals:0 #comp_moves:20 #backtracks:29 #weight_updates:1)
#10      2.63s best:7538048 next:[172088,7538044] graph_arc_lns (d=0.50 s=68 t=0.10 p=0.00 stall=0 h=auto_l0)
#Bound   2.74s best:7538048 next:[172092,7538044] objective_shaving_search_no_lp (vars=2287 csts=3441)
#11      2.77s best:7538024 next:[172092,7538020] violation_ls(batch:5 #solutions_imported:4 #lin_moves:12'462 #lin_evals:26'354 #gen_moves:4 #gen_evals:0 #comp_moves:4 #backtracks:0 #weight_updates:2'576)
#12      2.77s best:7538000 next:[172092,7537996] violation_ls(batch:5 #solutions_imported:5 #lin_moves:3 #lin_evals:2'766 #gen_moves:78 #gen_evals:0 #comp_moves:20 #backtracks:29 #weight_updates:3)
#Bound   2.78s best:7538000 next:[172096,7537996] objective_shaving_search_max_lp (vars=2287 csts=3441)
#Bound   3.21s best:7538000 next:[199432,7537996] default_lp
#13      3.38s best:7537976 next:[199432,7537972] violation_ls(batch:6 #solutions_imported:5 #lin_moves:6 #lin_evals:201'089 #gen_moves:7'351 #gen_evals:0 #comp_moves:482 #backtracks:3'431 #weight_updates:93)
#14      3.38s best:7537952 next:[199432,7537948] violation_ls(batch:6 #solutions_imported:5 #lin_moves:12'462 #lin_evals:26'370 #gen_moves:7 #gen_evals:0 #comp_moves:7 #backtracks:0 #weight_updates:2'576)
#15      3.38s best:7537928 next:[199432,7537924] violation_ls(batch:6 #solutions_imported:6 #lin_moves:3 #lin_evals:2'788 #gen_moves:80 #gen_evals:0 #comp_moves:22 #backtracks:29 #weight_updates:3)
#Bound   3.44s best:7537928 next:[199436,7537924] objective_shaving_search_no_lp (vars=2148 csts=2660)
#Bound   3.46s best:7537928 next:[199440,7537924] objective_shaving_search_max_lp (vars=2287 csts=3441)
#Bound   3.47s best:7537928 next:[199444,7537924] objective_shaving_search_max_lp (vars=2287 csts=3441)
#Model   6.24s var:2286/2287 constraints:3440/3440
#Model   7.76s var:2285/2287 constraints:3439/3440
#Model   7.87s var:2284/2287 constraints:3439/3440
#Model   8.37s var:2283/2287 constraints:3438/3440
#Model  12.12s var:2282/2287 constraints:3437/3440
#Model  12.33s var:2281/2287 constraints:3437/3440
#Model  13.25s var:2280/2287 constraints:3437/3440
#Model  14.67s var:2279/2287 constraints:3436/3440
#Model  19.18s var:2278/2287 constraints:3436/3440
#Model  29.83s var:2277/2287 constraints:3436/3440
#Model  41.98s var:2276/2287 constraints:3435/3440
#Model  51.88s var:2275/2287 constraints:3434/3440
#Model  53.80s var:2274/2287 constraints:3434/3440
#Model  78.66s var:2273/2287 constraints:3433/3440
#16    180.67s best:7524064 next:[199444,7524060] quick_restart_no_lp (fixed_bools=368/3748)
#Bound 222.59s best:7524064 next:[202312,7524060] lb_tree_search
#17    231.60s best:7520036 next:[202312,7520032] quick_restart_no_lp (fixed_bools=403/3900)
#Bound 254.63s best:7520036 next:[203752,7520032] objective_lb_search_max_lp
#18    901.28s best:7514260 next:[203752,7514256] quick_restart_no_lp (fixed_bools=680/4753)
#19    928.11s best:7497312 next:[203752,7497308] quick_restart_no_lp (fixed_bools=681/4910)
#20    933.74s best:7482416 next:[203752,7482412] quick_restart_no_lp (fixed_bools=681/4973)
#21    993.19s best:7473524 next:[203752,7473520] quick_restart_no_lp (fixed_bools=692/5126)
#22    1021.56s best:7467824 next:[203752,7467820] quick_restart_no_lp (fixed_bools=697/5330)
#23    1351.79s best:7461668 next:[203752,7461664] quick_restart_no_lp (fixed_bools=737/5700)
#24    1412.00s best:7454752 next:[203752,7454748] quick_restart_no_lp (fixed_bools=745/5810)
#25    1422.60s best:7445860 next:[203752,7445856] quick_restart_no_lp (fixed_bools=746/5950)
#26    1604.41s best:7432028 next:[203752,7432024] quick_restart_no_lp (fixed_bools=772/6521)
#27    2023.16s best:7419716 next:[203752,7419712] quick_restart_no_lp (fixed_bools=820/7363)
#28    2576.91s best:1029424 next:[203752,1029420] core (fixed_bools=740/3939)
#29    2576.98s best:1007824 next:[203752,1007820] core (fixed_bools=740/3981)
#30    2589.17s best:1000624 next:[203752,1000620] core (fixed_bools=744/4029)
#31    2589.41s best:999184 next:[203752,999180] core (fixed_bools=744/4033)
#32    2589.70s best:996712 next:[203752,996708] core (fixed_bools=744/4039)
#33    2599.20s best:979348 next:[203752,979344] core (fixed_bools=744/4087)
#34    2599.32s best:969244 next:[203752,969240] core (fixed_bools=744/4090)
#35    2630.60s best:956628 next:[203752,956624] quick_restart_no_lp (fixed_bools=871/9094)
#36    2764.64s best:640444 next:[203752,640440] core (fixed_bools=1091/6220)
#37    2788.18s best:636416 next:[203752,636412] quick_restart_no_lp (fixed_bools=2047/10112)
#38    2792.87s best:624104 next:[203752,624100] quick_restart_no_lp (fixed_bools=2047/10154)
#39    2799.39s best:608296 next:[203752,608292] quick_restart_no_lp (fixed_bools=2047/10187)
#40    2872.25s best:606548 next:[203752,606544] quick_restart_no_lp (fixed_bools=2467/10700)
#41    2880.48s best:604856 next:[203752,604852] quick_restart_no_lp (fixed_bools=2470/10824)
#42    2892.33s best:600828 next:[203752,600824] quick_restart_no_lp (fixed_bools=2470/10942)
#43    3473.66s best:595508 next:[203752,595504] quick_restart_no_lp (fixed_bools=2782/12537)
#44    6400.32s best:582892 next:[203752,582888] quick_restart_no_lp (fixed_bools=3230/14765)
#45    8876.47s best:575196 next:[203752,575192] quick_restart_no_lp (fixed_bools=3605/17478)
#46    9543.12s best:564176 next:[203752,564172] quick_restart_no_lp (fixed_bools=3921/18889)
#47    9904.79s best:550192 next:[203752,550188] quick_restart_no_lp (fixed_bools=4211/19502)
#48    19386.22s best:544492 next:[203752,544488] quick_restart_no_lp (fixed_bools=4752/24566)
#49    21452.60s best:541944 next:[203752,541940] quick_restart_no_lp (fixed_bools=5084/26001)

Task timing                                  n [     min,      max]      avg      dev     time         n [     min,      max]      avg      dev    dtime
                             'core':         1 [   8.00h,    8.00h]    8.00h   0.00ns    8.00h         1 [   6.28h,    6.28h]    6.28h   0.00ns    6.28h
                       'default_lp':         1 [   8.00h,    8.00h]    8.00h   0.00ns    8.00h         1 [   1.08h,    1.08h]    1.08h   0.00ns    1.08h
                 'feasibility_pump':         2 [157.88ms,    3.53s]    1.85s    1.69s    3.69s         1 [732.30ms, 732.30ms] 732.30ms   0.00ns 732.30ms
                  'fj_long_default':         3 [109.80ms, 204.14ms] 146.76ms  41.14ms 440.27ms         3 [ 26.32ms,  35.36ms]  32.33ms   4.25ms  96.98ms
              'fj_long_lin_default':         3 [ 44.25ms, 363.75ms] 153.05ms 149.01ms 459.16ms         3 [ 14.50ms,  16.57ms]  15.32ms 897.21us  45.96ms
                   'fj_long_random':         2 [111.89ms, 349.12ms] 230.50ms 118.61ms 461.01ms         2 [ 29.66ms,  36.48ms]  33.07ms   3.41ms  66.14ms
                 'fj_short_default':         9 [ 50.91ms, 178.99ms]  70.32ms  38.64ms 632.90ms         9 [ 15.47ms,  19.75ms]  17.97ms   1.15ms 161.76ms
             'fj_short_lin_default':         3 [ 44.75ms, 255.52ms] 170.85ms  90.89ms 512.55ms         3 [ 13.32ms,  91.92ms]  40.04ms  36.69ms 120.12ms
              'fj_short_lin_random':         1 [424.23ms, 424.23ms] 424.23ms   0.00ns 424.23ms         1 [ 13.84ms,  13.84ms]  13.84ms   0.00ns  13.84ms
                  'fj_short_random':         8 [ 43.58ms,  75.42ms]  56.76ms  10.91ms 454.10ms         8 [ 13.49ms,  21.10ms]  17.15ms   2.23ms 137.17ms
                        'fs_random':         1 [813.35ms, 813.35ms] 813.35ms   0.00ns 813.35ms         1 [ 20.00ns,  20.00ns]  20.00ns   0.00ns  20.00ns
                        'fs_random':         1 [884.92ms, 884.92ms] 884.92ms   0.00ns 884.92ms         1 [ 20.00ns,  20.00ns]  20.00ns   0.00ns  20.00ns
                  'fs_random_no_lp':         1 [700.16ms, 700.16ms] 700.16ms   0.00ns 700.16ms         0 [  0.00ns,   0.00ns]   0.00ns   0.00ns   0.00ns
                  'fs_random_no_lp':         1 [973.34ms, 973.34ms] 973.34ms   0.00ns 973.34ms         0 [  0.00ns,   0.00ns]   0.00ns   0.00ns   0.00ns
          'fs_random_quick_restart':         1 [   1.14s,    1.14s]    1.14s   0.00ns    1.14s         1 [ 20.00ns,  20.00ns]  20.00ns   0.00ns  20.00ns
          'fs_random_quick_restart':         1 [679.70ms, 679.70ms] 679.70ms   0.00ns 679.70ms         1 [ 20.00ns,  20.00ns]  20.00ns   0.00ns  20.00ns
    'fs_random_quick_restart_no_lp':         1 [955.15ms, 955.15ms] 955.15ms   0.00ns 955.15ms         0 [  0.00ns,   0.00ns]   0.00ns   0.00ns   0.00ns
                    'graph_arc_lns':         6 [170.15ms,    8.00h]    1.33h    2.98h    8.00h         6 [ 10.00ns, 100.44ms]  83.43ms  37.31ms 500.56ms
                    'graph_cst_lns':         6 [448.78ms,    8.00h]    6.67h    2.98h   40.00h         2 [  3.07us, 100.01ms]  50.00ms  50.00ms 100.01ms
                    'graph_dec_lns':         6 [315.90ms,    8.00h]    2.67h    3.77h   16.00h         5 [ 20.00ns, 100.07ms]  80.03ms  40.02ms 400.16ms
                    'graph_var_lns':         6 [149.22ms, 983.04ms] 451.08ms 289.55ms    2.71s         6 [100.00ms, 100.24ms] 100.09ms  87.45us 600.53ms
                   'lb_tree_search':         1 [   8.00h,    8.00h]    8.00h   0.00ns    8.00h         1 [  54.85m,   54.85m]   54.85m   0.00ns   54.85m
                           'max_lp':         1 [   8.00h,    8.00h]    8.00h   0.00ns    8.00h         1 [  51.21m,   51.21m]   51.21m   0.00ns   51.21m
                            'no_lp':         1 [   8.00h,    8.00h]    8.00h   0.00ns    8.00h         1 [   7.70h,    7.70h]    7.70h   0.00ns    7.70h
              'objective_lb_search':         1 [   8.00h,    8.00h]    8.00h   0.00ns    8.00h         1 [   1.08h,    1.08h]    1.08h   0.00ns    1.08h
       'objective_lb_search_max_lp':         1 [   8.00h,    8.00h]    8.00h   0.00ns    8.00h         1 [  50.75m,   50.75m]   50.75m   0.00ns   50.75m
        'objective_lb_search_no_lp':         1 [   8.00h,    8.00h]    8.00h   0.00ns    8.00h         1 [   6.60h,    6.60h]    6.60h   0.00ns    6.60h
  'objective_shaving_search_max_lp':         6 [  8.00ms,    1.32s] 335.15ms 471.37ms    2.01s         3 [ 26.63ms,  46.67ms]  36.97ms   8.19ms 110.90ms
   'objective_shaving_search_no_lp':         6 [  8.41ms, 946.03ms] 194.92ms 340.42ms    1.17s         2 [ 29.52ms,  37.31ms]  33.42ms   3.89ms  66.83ms
                          'probing':         1 [   8.00h,    8.00h]    8.00h   0.00ns    8.00h         1 [   1.09h,    1.09h]    1.09h   0.00ns    1.09h
                   'probing_max_lp':         1 [   8.00h,    8.00h]    8.00h   0.00ns    8.00h         1 [  50.93m,   50.93m]   50.93m   0.00ns   50.93m
                     'pseudo_costs':         1 [   8.00h,    8.00h]    8.00h   0.00ns    8.00h         1 [  54.45m,   54.45m]   54.45m   0.00ns   54.45m
                    'quick_restart':         1 [   8.00h,    8.00h]    8.00h   0.00ns    8.00h         1 [   1.11h,    1.11h]    1.11h   0.00ns    1.11h
              'quick_restart_no_lp':         1 [   8.00h,    8.00h]    8.00h   0.00ns    8.00h         1 [   5.69h,    5.69h]    5.69h   0.00ns    5.69h
                    'reduced_costs':         1 [   8.00h,    8.00h]    8.00h   0.00ns    8.00h         1 [  54.70m,   54.70m]   54.70m   0.00ns   54.70m
                        'rins/rens':         2 [373.60ms,    8.00h]    4.00h    4.00h    8.00h         2 [ 10.00ns, 100.47ms]  50.23ms  50.23ms 100.47ms
                      'rnd_cst_lns':         6 [123.63ms,    8.00h]    6.67h    2.98h   40.00h         2 [ 13.88us, 100.09ms]  50.05ms  50.04ms 100.11ms
                      'rnd_var_lns':         6 [165.48ms,    8.00h]    5.33h    3.77h   32.00h         3 [ 40.00ns, 100.06ms]  66.70ms  47.16ms 200.09ms
                     'violation_ls':         6 [276.36us, 494.90ms]  89.48ms 181.66ms 536.87ms         6 [  9.21us, 465.55us]  86.79us 169.39us 520.74us
                     'violation_ls':         6 [350.60us, 242.22ms]  47.20ms  87.72ms 283.20ms         6 [  5.13us,  34.68ms]   7.56ms  12.48ms  45.38ms
                     'violation_ls':         6 [493.04us,  66.50ms]  29.38ms  23.76ms 176.25ms         6 [  8.94us,  19.88ms]   8.35ms   6.86ms  50.13ms

Search stats                         Bools   Conflicts       Branches     Restarts      BoolPropag   IntegerPropag
                           'core':  64'564   9'988'673    709'766'963  109'906'313  70'715'400'131  22'168'792'075
                     'default_lp':   2'687          31        226'018       96'897       7'834'472      16'629'943
                      'fs_random':   1'905           0          2'148        2'148          39'893         137'265
                      'fs_random':   1'905           0            836          836          17'692          54'163
                'fs_random_no_lp':   1'905           0          1'112        1'112          21'529          69'369
                'fs_random_no_lp':   1'905           0          1'112        1'112          21'529          69'369
        'fs_random_quick_restart':   1'905           0          2'148        2'148          39'893         137'265
        'fs_random_quick_restart':   1'905           0            836          836          17'692          54'163
  'fs_random_quick_restart_no_lp':   1'905           0          2'148        2'148          39'893         137'265
                 'lb_tree_search':   2'687          12         54'981       34'374       2'615'151       5'529'649
                         'max_lp':   2'687          20         58'268       35'952       2'762'042       5'874'855
                          'no_lp':  75'678  30'439'319    735'081'433   94'065'774  51'183'676'416  19'538'216'992
            'objective_lb_search':   2'687          21        224'752       96'465       7'793'092      16'544'795
     'objective_lb_search_max_lp':   2'687          18         52'014       32'800       2'481'542       5'291'307
      'objective_lb_search_no_lp':  35'222  18'341'973    698'639'797  111'993'647  29'955'406'453  22'910'506'153
                        'probing':   2'687          21        209'263       91'852       7'477'616      15'813'838
                 'probing_max_lp':   2'687          30         62'112       38'144       2'981'410       6'294'932
                   'pseudo_costs':   2'687          16         60'668       37'155       2'879'755       6'117'437
                  'quick_restart':   2'687          23        220'656       95'051       7'647'810      16'239'378
            'quick_restart_no_lp':  29'173  19'638'091  1'417'039'006  101'562'448  46'452'575'207  23'529'973'655
                  'reduced_costs':   2'687          16         61'818       37'749       2'917'590       6'211'551

SAT stats                           ClassicMinim   LitRemoved     LitLearned   LitForgotten  Subsumed   MClauses  MDecisions  MLitTrue  MSubsumed  MLitRemoved  MReused
                           'core':     9'320'853   85'586'298  2'900'126'938  2'797'640'341   299'070    938'628   7'475'438         4      6'108       47'793  223'142
                     'default_lp':             0            0             31              0         0          0           0         0          0            0        0
                      'fs_random':             0            0              0              0         0          0           0         0          0            0        0
                      'fs_random':             0            0              0              0         0          0           0         0          0            0        0
                'fs_random_no_lp':             0            0              0              0         0          0           0         0          0            0        0
                'fs_random_no_lp':             0            0              0              0         0          0           0         0          0            0        0
        'fs_random_quick_restart':             0            0              0              0         0          0           0         0          0            0        0
        'fs_random_quick_restart':             0            0              0              0         0          0           0         0          0            0        0
  'fs_random_quick_restart_no_lp':             0            0              0              0         0          0           0         0          0            0        0
                 'lb_tree_search':             0            0             12              0         0          0           0         0          0            0        0
                         'max_lp':             0            0             20              0         0          0           0         0          0            0        0
                          'no_lp':    29'459'453  319'073'704  9'393'602'722  9'246'296'339   424'024    853'746   5'504'377         4      7'546       56'311  204'715
            'objective_lb_search':             0            0             21              0         0          0           0         0          0            0        0
     'objective_lb_search_max_lp':             0            0             18              0         0          0           0         0          0            0        0
      'objective_lb_search_no_lp':    17'829'309  197'767'504  5'824'523'360  5'753'399'263   194'456  1'292'471   7'725'680         1      3'384       26'464  315'733
                        'probing':             0            0             21              0         0          0           0         0          0            0        0
                 'probing_max_lp':             0            0             30              0         0          0           0         0          0            0        0
                   'pseudo_costs':             0            0             16              0         0          0           0         0          0            0        0
                  'quick_restart':             0            0             23              0         0          0           0         0          0            0        0
            'quick_restart_no_lp':    18'008'656  137'097'888  6'609'761'567  6'349'660'336   732'085  1'620'844  13'289'693        14      3'946       31'145  305'379
                  'reduced_costs':             0            0             16              0         0          0           0         0          0            0        0

Lp stats                         Component  Iterations  AddedCuts  OPTIMAL  DUAL_F.  DUAL_U.
                  'default_lp':          1  18'239'353  9'153'046  532'186       13        3
                   'fs_random':          1           0          0        0        0        0
                   'fs_random':          1           0          0        0        0        0
     'fs_random_quick_restart':          1           0          0        0        0        0
     'fs_random_quick_restart':          1           0          0        0        0        0
              'lb_tree_search':          1   7'245'208  2'130'170  122'715   33'350        0
                      'max_lp':          1   7'051'324  2'055'287  131'313   33'841        3
         'objective_lb_search':          1  18'269'946  9'171'564  528'616       13        3
  'objective_lb_search_max_lp':          1   6'107'442  2'134'044  116'874   31'321        3
                     'probing':          1  18'395'688  9'192'707  504'767       19        4
              'probing_max_lp':          1   7'327'603  2'147'099  134'347   37'672        2
                'pseudo_costs':          1   7'911'076  2'162'538  131'455   37'030        2
               'quick_restart':          1  18'531'421  9'451'633  522'709        9        4
               'reduced_costs':          1   7'293'928  2'411'891  133'663   37'583        2

Lp dimension                                                                        Final dimension of first component
                  'default_lp':  3174 rows, 2285 columns, 37659 entries with magnitude in [1.109642e-05, 1.000000e+00]
                   'fs_random':         0 rows, 2285 columns, 0 entries with magnitude in [0.000000e+00, 0.000000e+00]
                   'fs_random':         0 rows, 2285 columns, 0 entries with magnitude in [0.000000e+00, 0.000000e+00]
     'fs_random_quick_restart':         0 rows, 2285 columns, 0 entries with magnitude in [0.000000e+00, 0.000000e+00]
     'fs_random_quick_restart':         0 rows, 2285 columns, 0 entries with magnitude in [0.000000e+00, 0.000000e+00]
              'lb_tree_search':  2914 rows, 2287 columns, 32547 entries with magnitude in [1.981236e-05, 1.000000e+00]
                      'max_lp':  3618 rows, 2287 columns, 39714 entries with magnitude in [3.832372e-05, 1.000000e+00]
         'objective_lb_search':  2856 rows, 2285 columns, 36486 entries with magnitude in [4.955110e-06, 1.000000e+00]
  'objective_lb_search_max_lp':  4724 rows, 2287 columns, 68612 entries with magnitude in [1.092915e-05, 1.000000e+00]
                     'probing':  3908 rows, 2285 columns, 42224 entries with magnitude in [3.055854e-05, 1.000000e+00]
              'probing_max_lp':  3615 rows, 2287 columns, 37906 entries with magnitude in [3.569948e-05, 1.000000e+00]
                'pseudo_costs':  3363 rows, 2287 columns, 44965 entries with magnitude in [1.379351e-05, 1.000000e+00]
               'quick_restart':  3154 rows, 2285 columns, 51432 entries with magnitude in [4.645703e-06, 1.000000e+00]
               'reduced_costs':  3949 rows, 2287 columns, 44296 entries with magnitude in [1.802700e-05, 1.000000e+00]

Lp debug                         CutPropag  CutEqPropag  Adjust  Overflow          Bad  BadScaling
                  'default_lp':          0        3'083   1'953         0  344'652'207           0
                   'fs_random':          0            0       0         0            0           0
                   'fs_random':          0            0       0         0            0           0
     'fs_random_quick_restart':          0            0       0         0            0           0
     'fs_random_quick_restart':          0            0       0         0            0           0
              'lb_tree_search':          0        1'036  15'254         0  213'807'699           0
                      'max_lp':          0        1'759  43'755         0  218'356'946           0
         'objective_lb_search':          0        3'201   3'383         0  335'614'281           0
  'objective_lb_search_max_lp':          0        1'652   6'519         0  204'904'485           0
                     'probing':          0        4'582   4'120         0  327'197'355           0
              'probing_max_lp':          0        1'335   6'875         0  230'802'541           0
                'pseudo_costs':          0        1'729   4'347         0  224'157'037           0
               'quick_restart':          0        2'984   2'047         0  344'440'117           0
               'reduced_costs':          0        1'698  18'089         0  229'531'241           0

Lp pool                          Constraints  Updates  Simplif  Merged  Shortened   Split  Strenghtened             Cuts/Call
                  'default_lp':       11'660  102'489   12'120     121        162  15'578       368'381  9'153'046/16'782'193
                   'fs_random':        2'735        0        0       0          0       0             0                   0/0
                   'fs_random':        2'735        0        0       0          0       0             0                   0/0
     'fs_random_quick_restart':        2'735        0        0       0          0       0             0                   0/0
     'fs_random_quick_restart':        2'735        0        0       0          0       0             0                   0/0
              'lb_tree_search':       12'570   86'597   15'446      43      2'156  31'655       379'690   2'130'170/4'135'825
                      'max_lp':       12'701   80'580   15'466      29      3'739  34'353       343'655   2'055'287/4'216'744
         'objective_lb_search':       12'226   97'643   12'661      73        192  16'062       381'496  9'171'564/16'226'108
  'objective_lb_search_max_lp':       13'445   98'556   12'746      42        752  40'326       359'974   2'134'044/3'953'651
                     'probing':       12'350   88'191   11'191      92        146  13'457       343'752  9'192'707/16'789'500
              'probing_max_lp':       12'495   74'515   16'552      47        892  32'297       425'087   2'147'099/4'049'568
                'pseudo_costs':       12'957   73'617   13'735      24      2'205  34'144       407'005   2'162'538/4'074'759
               'quick_restart':       12'258  107'013   10'826     110        320  14'702       380'026  9'451'633/17'378'006
               'reduced_costs':       13'290   77'450   11'887      44        997  33'975       425'849   2'411'891/4'515'615

Lp Cut               defaul   max_lp     quick_   reduce   pseudo   lb_tre     probin     object   probin   object
          CG_FF:    387'682   45'510    394'755   52'558   49'726   44'160    405'301    394'277   49'622   45'216
           CG_K:      6'217    9'935      6'693    7'152    7'384    7'077      5'726      5'639    7'961    6'324
          CG_KL:          2        -          5        2        1        1          2          2        2        2
           CG_R:    331'482   55'955    342'440   71'369   57'577   58'810    319'254    352'396   59'927   49'181
          CG_RB:  2'166'122  278'747  2'298'327  354'972  277'295  277'853  2'201'947  2'300'489  280'680  266'181
         CG_RBP:      5'267    8'262      4'599    5'756    6'077    5'186      3'556      3'756    6'363    4'762
         Clique:          -   50'715          -   52'975   50'006   46'812          -          -   51'222   44'791
             IB:  1'860'360  219'429  1'911'269  256'026  232'889  226'135  1'786'907  1'784'834  237'184  232'008
       MIR_1_FF:  1'528'125  303'751  1'552'152  340'765  293'598  295'361  1'632'960  1'463'258  312'321  311'359
        MIR_1_K:     11'168    5'346     12'266    6'540    5'921    5'534      8'136      8'864    6'242    5'671
        MIR_1_R:     34'070   16'538     35'013   19'173   15'445   11'383     41'690     31'874   14'681   15'704
       MIR_1_RB:  1'239'419  376'797  1'268'065  457'280  433'675  424'512  1'225'092  1'243'747  397'653  430'270
      MIR_1_RBP:      4'287    1'743      4'641    1'960    1'811    1'622      3'121      2'803    1'941    1'717
      MIR_1_RLT:          -      424          -      434      453      368          -          -      410      362
       MIR_2_FF:     95'360   35'678    113'021   36'804   33'006   33'451    113'519    102'834   33'639   34'793
        MIR_2_K:      3'259    2'357      2'738    2'458    2'448    2'164      2'532      2'491    2'561    2'513
       MIR_2_KL:          -        -          -        -        -        1          -          -        -        -
        MIR_2_R:     11'923   18'066     11'953   18'047   16'118   16'500     10'629     11'885   17'128   17'258
       MIR_2_RB:    199'146  143'947    210'556  162'935  148'886  166'017    187'926    203'174  145'107  182'937
      MIR_2_RBP:      1'830    1'065      1'396      919      838      670      1'251      1'219      890      753
       MIR_3_FF:     27'476   13'359     26'985   14'161   12'874   12'474     28'711     27'105   14'126   13'405
        MIR_3_K:      3'040    3'697      2'417    3'827    3'792    3'481      1'949      2'065    3'815    3'401
        MIR_3_R:     47'006   13'941     47'357   12'130   12'183   11'033     46'131     49'097   12'379   10'758
       MIR_3_RB:    207'160   82'358    210'992  100'954   95'241   91'998    200'809    211'136   92'730   86'281
      MIR_3_RBP:      1'579    1'442      1'341    1'427    1'435    1'352        796      1'010    1'509    1'346
       MIR_4_FF:     10'609   12'002      8'760   13'706   12'590   11'864      7'859      7'539   13'732   12'328
        MIR_4_K:      1'156    2'856        947    2'887    2'911    2'647        719        599    3'022    2'624
       MIR_4_KL:          -        -          -        -        -        -          -          -        1        -
        MIR_4_R:      8'697    5'723      8'768    5'103    5'020    4'644      7'941      8'680    4'987    4'487
       MIR_4_RB:    118'412   71'445    120'422   90'126   83'096   80'859    115'857    117'938   81'556   74'710
      MIR_4_RBP:        821    1'390        741    1'322    1'363    1'182        569        453    1'612    1'285
       MIR_5_FF:      6'352   11'817      6'342   12'345   11'723   11'122      5'137      5'241   11'162   10'891
        MIR_5_K:        592    3'037        631    3'074    3'056    2'739        406        435    2'917    2'612
        MIR_5_R:      5'766    4'438      5'692    4'058    4'146    3'656      4'765      5'477    3'924    3'614
       MIR_5_RB:     88'294   59'689     91'827   71'016   66'987   64'678     87'066     89'276   62'898   59'522
      MIR_5_RBP:        638    1'310        609    1'474    1'470    1'261        361        391    1'483    1'139
       MIR_6_FF:      3'076    8'224      3'169    9'186    8'203    7'956      2'612      2'385    8'210    7'988
        MIR_6_K:        358    2'566        399    2'687    2'387    2'230        263        267    2'502    2'114
       MIR_6_KL:          -        -          -        1        1        -          -          -        -        -
        MIR_6_R:      2'927    5'361      2'595    4'740    4'771    4'178      2'355      2'473    4'617    4'111
       MIR_6_RB:     60'544   44'893     63'099   53'013   50'097   48'198     59'242     61'892   48'752   45'770
      MIR_6_RBP:        414    1'148        420    1'336    1'191    1'017        280        244    1'356    1'057
   ZERO_HALF_FF:     96'757   12'462     94'017   14'167   13'221   12'568     91'441     84'686   13'235   12'057
    ZERO_HALF_K:      3'534      821      3'334    1'002      955      936      2'859      1'941      961      949
   ZERO_HALF_KL:          -        6          -        2        2        4          -          -        1        3
    ZERO_HALF_R:    355'529   78'131    362'671   87'381   83'634   80'466    365'106    373'007   85'535   73'314
   ZERO_HALF_RB:    215'582   38'140    217'339   51'910   46'338   43'123    209'188    204'037   43'887   45'805
  ZERO_HALF_RBP:      1'008      766        870      731      697      887        736        648      656      671

LNS stats           Improv/Calls  Closed  Difficulty  TimeLimit
  'graph_arc_lns':           3/6     33%        0.18       0.10
  'graph_cst_lns':           5/6      0%        0.04       0.10
  'graph_dec_lns':           2/6      0%        0.04       0.10
  'graph_var_lns':           4/6     50%        0.61       0.10
      'rins/rens':           2/2      0%        0.19       0.10
    'rnd_cst_lns':           6/6      0%        0.04       0.10
    'rnd_var_lns':           5/6     17%        0.13       0.10

LS stats                   Batches  Restarts  LinMoves  GenMoves  CompoundMoves  WeightUpdates
       'fj_long_default':        3         1    25'189         0              0          2'210
   'fj_long_lin_default':        3         1         0     8'241            930             20
        'fj_long_random':        2         1    19'005         0              0            995
      'fj_short_default':        9         1         0    32'877          2'269             63
  'fj_short_lin_default':        3         1         0    27'429            863              7
   'fj_short_lin_random':        1         1         0     2'571            565              1
       'fj_short_random':        8         1         0    26'635          2'321             48
          'violation_ls':        6         0    12'462         7              7          2'576
          'violation_ls':        6         0         3        80             22              3
          'violation_ls':        6         0         6     7'351            482             93

Solutions (49)            Num     Rank
                 'core':    8  [28,36]
      'fj_long_default':    1    [1,1]
        'graph_arc_lns':    1  [10,10]
  'quick_restart_no_lp':   26  [16,49]
          'rnd_var_lns':    1    [2,2]
         'violation_ls':   12   [3,15]

Objective bounds                      Num
                       'default_lp':    1
                   'initial_domain':    1
                   'lb_tree_search':    1
       'objective_lb_search_max_lp':    1
  'objective_shaving_search_max_lp':    3
   'objective_shaving_search_no_lp':    6

Solution repositories    Added  Queried  Ignored  Synchro
  'feasible solutions':    101       95        0       97
        'lp solutions':      0        0        0        0
                'pump':     13        2

Improving bounds shared            Num
                        'core':  3'125
                  'default_lp':    161
     'fs_random_quick_restart':      4
                      'max_lp':      3
                       'no_lp':  2'055
         'objective_lb_search':     37
  'objective_lb_search_max_lp':      1
   'objective_lb_search_no_lp':  2'146
                     'probing':     35
              'probing_max_lp':    125
                'pseudo_costs':      5
               'quick_restart':     59
         'quick_restart_no_lp':  1'428
               'reduced_costs':     56

Clauses shared                    Num
                       'core':  1'327
                      'no_lp':  1'282
  'objective_lb_search_no_lp':  1'204
        'quick_restart_no_lp':  1'528

CpSolverResponse summary:
status: FEASIBLE
objective: 541944
best_bound: 203752
integers: 2288
booleans: 1905
conflicts: 0
branches: 836
propagations: 17692
integer_propagations: 54163
restarts: 836
lp_iterations: 0
walltime: 28803
usertime: 28803
deterministic_time: 129285
gap_integral: 1.64598e+06
solution_fingerprint: 0xafb17eb0085044ea

CPU USED: 32
Loading /home/aneumann/projects/def-adhaj/aneumann/gns/data/instances/test/xl/instance_173.pkl...
===* START SOLVING *===
   index    value       gap  ... max_time  cpu  max_memory
0    173  5419.44  0.624035  ...        8   32         118

[1 rows x 8 columns]
===* END OF FILE *===
