created virtual environment CPython3.12.4.final.0-64 in 1005ms
  creator CPython3Posix(dest=/localscratch/aneumann.37167999.0/env, clear=False, no_vcs_ignore=False, global=False)
  seeder FromAppData(download=False, pip=bundle, via=copy, app_data_dir=/home/aneumann/.local/share/virtualenv)
    added seed packages: pip==24.2+computecanada
  activators BashActivator,CShellActivator,FishActivator,NushellActivator,PowerShellActivator,PythonActivator
Looking in links: /cvmfs/soft.computecanada.ca/custom/python/wheelhouse/gentoo2023/x86-64-v3, /cvmfs/soft.computecanada.ca/custom/python/wheelhouse/gentoo2023/generic, /cvmfs/soft.computecanada.ca/custom/python/wheelhouse/generic
Requirement already satisfied: pip in /localscratch/aneumann.37167999.0/env/lib/python3.12/site-packages (24.2+computecanada)
Looking in links: /cvmfs/soft.computecanada.ca/custom/python/wheelhouse/gentoo2023/x86-64-v3, /cvmfs/soft.computecanada.ca/custom/python/wheelhouse/gentoo2023/generic, /cvmfs/soft.computecanada.ca/custom/python/wheelhouse/generic
ERROR: protobuf-5.28.3-cp38-abi3-manylinux2014_x86_64.whl is not a supported wheel on this platform.
Looking in links: /cvmfs/soft.computecanada.ca/custom/python/wheelhouse/gentoo2023/x86-64-v3, /cvmfs/soft.computecanada.ca/custom/python/wheelhouse/gentoo2023/generic, /cvmfs/soft.computecanada.ca/custom/python/wheelhouse/generic
Processing /home/aneumann/projects/def-adhaj/aneumann/gns/wheels/immutabledict-4.2.0-py3-none-any.whl
Installing collected packages: immutabledict
Successfully installed immutabledict-4.2.0
Looking in links: /cvmfs/soft.computecanada.ca/custom/python/wheelhouse/gentoo2023/x86-64-v3, /cvmfs/soft.computecanada.ca/custom/python/wheelhouse/gentoo2023/generic, /cvmfs/soft.computecanada.ca/custom/python/wheelhouse/generic
Processing /cvmfs/soft.computecanada.ca/custom/python/wheelhouse/generic/ortools-9.10.4067+computecanada-cp312-cp312-linux_x86_64.whl (from -r /home/aneumann/projects/def-adhaj/aneumann/gns/requirements_or.txt (line 1))
Processing /cvmfs/soft.computecanada.ca/custom/python/wheelhouse/gentoo2023/x86-64-v3/pandas-2.2.2+computecanada-cp312-cp312-linux_x86_64.whl (from -r /home/aneumann/projects/def-adhaj/aneumann/gns/requirements_or.txt (line 2))
Processing /cvmfs/soft.computecanada.ca/custom/python/wheelhouse/generic/absl_py-2.1.0+computecanada-py3-none-any.whl (from ortools->-r /home/aneumann/projects/def-adhaj/aneumann/gns/requirements_or.txt (line 1))
Processing /cvmfs/soft.computecanada.ca/custom/python/wheelhouse/gentoo2023/generic/numpy-2.1.1+computecanada-cp312-cp312-linux_x86_64.whl (from ortools->-r /home/aneumann/projects/def-adhaj/aneumann/gns/requirements_or.txt (line 1))
Processing /cvmfs/soft.computecanada.ca/custom/python/wheelhouse/gentoo2023/x86-64-v3/protobuf-5.28.0+computecanada-cp312-cp312-linux_x86_64.whl (from ortools->-r /home/aneumann/projects/def-adhaj/aneumann/gns/requirements_or.txt (line 1))
Requirement already satisfied: immutabledict>=3.0.0 in /localscratch/aneumann.37167999.0/env/lib/python3.12/site-packages (from ortools->-r /home/aneumann/projects/def-adhaj/aneumann/gns/requirements_or.txt (line 1)) (4.2.0)
Processing /cvmfs/soft.computecanada.ca/custom/python/wheelhouse/generic/python_dateutil-2.9.0.post0+computecanada-py2.py3-none-any.whl (from pandas->-r /home/aneumann/projects/def-adhaj/aneumann/gns/requirements_or.txt (line 2))
Processing /cvmfs/soft.computecanada.ca/custom/python/wheelhouse/generic/pytz-2024.2+computecanada-py2.py3-none-any.whl (from pandas->-r /home/aneumann/projects/def-adhaj/aneumann/gns/requirements_or.txt (line 2))
Processing /cvmfs/soft.computecanada.ca/custom/python/wheelhouse/generic/tzdata-2024.2+computecanada-py2.py3-none-any.whl (from pandas->-r /home/aneumann/projects/def-adhaj/aneumann/gns/requirements_or.txt (line 2))
Processing /cvmfs/soft.computecanada.ca/custom/python/wheelhouse/generic/six-1.16.0+computecanada-py2.py3-none-any.whl (from python-dateutil>=2.8.2->pandas->-r /home/aneumann/projects/def-adhaj/aneumann/gns/requirements_or.txt (line 2))
Installing collected packages: pytz, tzdata, six, protobuf, numpy, absl-py, python-dateutil, pandas, ortools
Successfully installed absl-py-2.1.0+computecanada numpy-2.1.1+computecanada ortools-9.10.4067+computecanada pandas-2.2.2+computecanada protobuf-5.28.0+computecanada python-dateutil-2.9.0.post0+computecanada pytz-2024.2+computecanada six-1.16.0+computecanada tzdata-2024.2+computecanada

Starting CP-SAT solver v9.10.4067
Parameters: max_time_in_seconds: 28800 max_memory_in_mb: 118 log_search_progress: true optimize_with_core: true cp_model_presolve: true enumerate_all_solutions: false num_search_workers: 32 use_implied_bounds: true absolute_gap_limit: 5 relative_gap_limit: 0.01 use_probing_search: true

Initial optimization model '': (model_fingerprint: 0x30346711a9171a27)
#Variables: 4'216 (#bools: 35 #ints: 1 in objective)
  - 3'708 Booleans in [0,1]
  - 507 in [0,300000]
  - 1 constants in {1} 
#kBoolOr: 2'148 (#literals: 2'148)
#kLinear1: 840
#kLinear2: 12'435
#kLinear3: 2'429
#kLinearN: 848 (#terms: 9'287)

Starting presolve at 0.00s
  3.24e-03s  0.00e+00d  [DetectDominanceRelations] 
  8.88e-02s  0.00e+00d  [PresolveToFixPoint] #num_loops=13 #num_dual_strengthening=3 
  9.18e-05s  0.00e+00d  [ExtractEncodingFromLinear] #potential_supersets=310 
[Symmetry] Graph for symmetry has 14'160 nodes and 30'174 arcs.
[Symmetry] Symmetry computation done. time: 0.00288788 dtime: 0.00398151
[Symmetry] #generators: 1, average support size: 2
[Symmetry] 1 orbits with sizes: 2
[SAT presolve] num removable Booleans: 0 / 2180
[SAT presolve] num trivial clauses: 0
[SAT presolve] [0s] clauses:4112 literals:8224 vars:2162 one_side_vars:2101 simple_definition:60 singleton_clauses:0
[SAT presolve] [0.000286642s] clauses:4112 literals:8224 vars:2162 one_side_vars:2101 simple_definition:60 singleton_clauses:0
[SAT presolve] [0.000455s] clauses:4112 literals:8224 vars:2162 one_side_vars:2101 simple_definition:60 singleton_clauses:0
  7.92e-01s  1.90e-01d  [Probe] #probed=5'349 #fixed_bools=97 #new_bounds=192 
  9.89e-03s  0.00e+00d  [MaxClique] Merged 4406(12296 literals) into 1613(10630 literals) at_most_ones. 
  2.82e-03s  0.00e+00d  [DetectDominanceRelations] 
  2.07e-02s  0.00e+00d  [PresolveToFixPoint] #num_loops=5 #num_dual_strengthening=4 
  4.03e-03s  0.00e+00d  [ProcessAtMostOneAndLinear] #num_changes=35 
  2.90e-03s  0.00e+00d  [DetectDuplicateConstraints] #duplicates=2 #without_enforcements=4 
  5.17e-04s  2.91e-05d  [DetectDominatedLinearConstraints] #relevant_constraints=1'976 
  6.48e-04s  0.00e+00d  [DetectDifferentVariables] #different=17 
  1.27e-03s  4.80e-04d  [ProcessSetPPC] #relevant_constraints=1'683 #num_inclusions=1'247 
  7.31e-05s  0.00e+00d  [FindAlmostIdenticalLinearConstraints] 
  4.25e-03s  7.24e-03d  [FindBigAtMostOneAndLinearOverlap] 
  1.21e-03s  3.50e-03d  [FindBigVerticalLinearOverlap] 
  5.52e-04s  1.86e-03d  [FindBigHorizontalLinearOverlap] #linears=229 
  8.65e-05s  0.00e+00d  [MergeClauses] 
  2.75e-03s  0.00e+00d  [DetectDominanceRelations] 
  1.06e-02s  0.00e+00d  [PresolveToFixPoint] #num_loops=2 #num_dual_strengthening=1 
  2.81e-03s  0.00e+00d  [DetectDominanceRelations] 
  1.09e-02s  0.00e+00d  [PresolveToFixPoint] #num_loops=1 #num_dual_strengthening=1 
[Symmetry] Graph for symmetry has 11'187 nodes and 22'734 arcs.
[Symmetry] Symmetry computation done. time: 0.00172673 dtime: 0.00267167
[Symmetry] #generators: 1, average support size: 2
[Symmetry] The model contains 2 duplicate constraints !
[Symmetry] 1 orbits with sizes: 2
[SAT presolve] num removable Booleans: 0 / 2082
[SAT presolve] num trivial clauses: 0
[SAT presolve] [0s] clauses:29 literals:58 vars:36 one_side_vars:23 simple_definition:13 singleton_clauses:0
[SAT presolve] [3.2501e-05s] clauses:29 literals:58 vars:36 one_side_vars:23 simple_definition:13 singleton_clauses:0
[SAT presolve] [7.8167e-05s] clauses:29 literals:58 vars:36 one_side_vars:23 simple_definition:13 singleton_clauses:0
  2.64e-01s  6.07e-02d  [Probe] #probed=5'250 #new_bounds=91 
  5.30e-03s  0.00e+00d  [MaxClique] Merged 1361(9129 literals) into 1361(9144 literals) at_most_ones. 
  2.75e-03s  0.00e+00d  [DetectDominanceRelations] 
  1.91e-02s  0.00e+00d  [PresolveToFixPoint] #num_loops=5 #num_dual_strengthening=4 
  3.98e-03s  0.00e+00d  [ProcessAtMostOneAndLinear] 
  2.88e-03s  0.00e+00d  [DetectDuplicateConstraints] #duplicates=5 #without_enforcements=2 
  5.59e-04s  2.91e-05d  [DetectDominatedLinearConstraints] #relevant_constraints=1'973 
  6.13e-04s  0.00e+00d  [DetectDifferentVariables] #different=17 
  1.12e-03s  4.72e-04d  [ProcessSetPPC] #relevant_constraints=1'606 #num_inclusions=1'163 
  8.04e-05s  0.00e+00d  [FindAlmostIdenticalLinearConstraints] 
  4.22e-03s  7.25e-03d  [FindBigAtMostOneAndLinearOverlap] 
  1.19e-03s  3.50e-03d  [FindBigVerticalLinearOverlap] 
  6.10e-04s  1.86e-03d  [FindBigHorizontalLinearOverlap] #linears=229 
  8.05e-05s  0.00e+00d  [MergeClauses] 
  2.79e-03s  0.00e+00d  [DetectDominanceRelations] 
  1.10e-02s  0.00e+00d  [PresolveToFixPoint] #num_loops=1 #num_dual_strengthening=1 
  2.80e-03s  0.00e+00d  [DetectDominanceRelations] 
  1.06e-02s  0.00e+00d  [PresolveToFixPoint] #num_loops=1 #num_dual_strengthening=1 
[Symmetry] Graph for symmetry has 11'185 nodes and 22'744 arcs.
[Symmetry] Symmetry computation done. time: 0.00175296 dtime: 0.00267447
[Symmetry] #generators: 1, average support size: 2
[Symmetry] 1 orbits with sizes: 2
[SAT presolve] num removable Booleans: 0 / 2082
[SAT presolve] num trivial clauses: 0
[SAT presolve] [0s] clauses:29 literals:58 vars:36 one_side_vars:23 simple_definition:13 singleton_clauses:0
[SAT presolve] [3.2551e-05s] clauses:29 literals:58 vars:36 one_side_vars:23 simple_definition:13 singleton_clauses:0
[SAT presolve] [7.8288e-05s] clauses:29 literals:58 vars:36 one_side_vars:23 simple_definition:13 singleton_clauses:0
  2.55e-01s  5.82e-02d  [Probe] #probed=5'250 #new_bounds=30 
  5.41e-03s  0.00e+00d  [MaxClique] Merged 1361(9143 literals) into 1361(9144 literals) at_most_ones. 
  2.71e-03s  0.00e+00d  [DetectDominanceRelations] 
  1.50e-02s  0.00e+00d  [PresolveToFixPoint] #num_loops=4 #num_dual_strengthening=3 
  3.83e-03s  0.00e+00d  [ProcessAtMostOneAndLinear] 
  2.82e-03s  0.00e+00d  [DetectDuplicateConstraints] #duplicates=2 #without_enforcements=2 
  5.16e-04s  2.91e-05d  [DetectDominatedLinearConstraints] #relevant_constraints=1'973 
  6.04e-04s  0.00e+00d  [DetectDifferentVariables] #different=17 
  1.11e-03s  4.72e-04d  [ProcessSetPPC] #relevant_constraints=1'606 #num_inclusions=1'163 
  7.50e-05s  0.00e+00d  [FindAlmostIdenticalLinearConstraints] 
  4.13e-03s  7.25e-03d  [FindBigAtMostOneAndLinearOverlap] 
  1.18e-03s  3.50e-03d  [FindBigVerticalLinearOverlap] 
  5.64e-04s  1.86e-03d  [FindBigHorizontalLinearOverlap] #linears=229 
  8.53e-05s  0.00e+00d  [MergeClauses] 
  2.80e-03s  0.00e+00d  [DetectDominanceRelations] 
  1.10e-02s  0.00e+00d  [PresolveToFixPoint] #num_loops=1 #num_dual_strengthening=1 
  1.72e-04s  0.00e+00d  [ExpandObjective] #entries=96 #tight_variables=48 #tight_constraints=16 

Presolve summary:
  - 114 affine relations were detected.
  - rule 'TODO dual: add implied bound' was applied 19 times.
  - rule 'TODO dual: only one blocking constraint?' was applied 44'321 times.
  - rule 'TODO dual: only one blocking enforced constraint?' was applied 19 times.
  - rule 'TODO dual: only one unspecified blocking constraint?' was applied 19 times.
  - rule 'TODO dual: tighten at most one' was applied 1'209 times.
  - rule 'TODO duplicate: identical constraint with different enforcements' was applied 6 times.
  - rule 'TODO linear2: contains a Boolean.' was applied 22'517 times.
  - rule 'affine: new relation' was applied 114 times.
  - rule 'at_most_one: empty or all false' was applied 4 times.
  - rule 'at_most_one: removed literals' was applied 483 times.
  - rule 'at_most_one: singleton' was applied 1 time.
  - rule 'at_most_one: size one' was applied 175 times.
  - rule 'at_most_one: transformed into max clique.' was applied 1 time.
  - rule 'bool_and: non-reified.' was applied 32 times.
  - rule 'bool_and: x => x' was applied 2 times.
  - rule 'bool_or: always true' was applied 2'148 times.
  - rule 'bool_or: implications' was applied 11'251 times.
  - rule 'deductions: 514 stored' was applied 1 time.
  - rule 'dual: add implication' was applied 12 times.
  - rule 'dual: fix variable' was applied 690 times.
  - rule 'dual: fix variable with multiple choices' was applied 4 times.
  - rule 'dual: reduced domain' was applied 259 times.
  - rule 'duplicate: merged rhs of linear constraint' was applied 2 times.
  - rule 'duplicate: removed constraint' was applied 9 times.
  - rule 'duplicate: removed enforced constraint' was applied 2 times.
  - rule 'enforcement: false literal' was applied 6'925 times.
  - rule 'enforcement: literal not used' was applied 29 times.
  - rule 'enforcement: true literal' was applied 32 times.
  - rule 'linear + amo: extracted enforcement literal' was applied 5 times.
  - rule 'linear + amo: fixed literal implied by enforcement' was applied 30 times.
  - rule 'linear1: always true' was applied 4 times.
  - rule 'linear2: contains a Boolean.' was applied 16 times.
  - rule 'linear: always true' was applied 1'875 times.
  - rule 'linear: divide by GCD' was applied 7'389 times.
  - rule 'linear: empty' was applied 134 times.
  - rule 'linear: extracted enforcement literal' was applied 964 times.
  - rule 'linear: fixed or dup variables' was applied 1'707 times.
  - rule 'linear: negative clause' was applied 3'301 times.
  - rule 'linear: positive at most one' was applied 298 times.
  - rule 'linear: positive clause' was applied 7'950 times.
  - rule 'linear: positive equal one' was applied 16 times.
  - rule 'linear: reduced variable domains' was applied 989 times.
  - rule 'linear: remapped using affine relations' was applied 3'675 times.
  - rule 'linear: simplified rhs' was applied 25'394 times.
  - rule 'linear: singleton column' was applied 18 times.
  - rule 'objective: variable not used elsewhere' was applied 1 time.
  - rule 'presolve: 1586 unused variables removed.' was applied 1 time.
  - rule 'presolve: iteration' was applied 3 times.
  - rule 'setppc: bool_or in at_most_one.' was applied 2 times.
  - rule 'setppc: removed dominated constraints' was applied 76 times.

Presolved optimization model '': (model_fingerprint: 0x9c06da70e8bb1d2)
#Variables: 2'498 (#bools: 34 #ints: 1 in objective)
  - 2'082 Booleans in [0,1]
  - 113 different domains in [0,300000] with a largest complexity of 1.
#kAtMostOne: 1'332 (#literals: 9'085)
#kBoolAnd: 31 (#enforced: 31) (#literals: 62)
#kExactlyOne: 16 (#literals: 48)
#kLinear1: 9 (#enforced: 9)
#kLinear2: 1'042 (#enforced: 808 #multi: 24)
#kLinear3: 1'414 (#enforced: 15)
#kLinearN: 325 (#enforced: 2) (#terms: 3'529)

Preloading model.
#Bound   1.62s best:inf   next:[41574,760746] initial_domain
[Symmetry] Graph for symmetry has 9'467 nodes and 22'744 arcs.
[Symmetry] Symmetry computation done. time: 0.00167473 dtime: 0.00257459
[Symmetry] #generators: 1, average support size: 2
#Model   1.62s var:2498/2498 constraints:4169/4169

Starting search at 1.63s with 32 workers.
16 full problem subsolvers: [core, default_lp, lb_tree_search, max_lp, no_lp, objective_lb_search, objective_lb_search_max_lp, objective_lb_search_no_lp, objective_shaving_search_max_lp, objective_shaving_search_no_lp, probing, probing_max_lp, pseudo_costs, quick_restart, quick_restart_no_lp, reduced_costs]
14 first solution subsolvers: [fj_long_default, fj_long_lin_default, fj_long_random, fj_short_default, fj_short_lin_default, fj_short_lin_random, fj_short_random, fs_random(2), fs_random_no_lp(2), fs_random_quick_restart(2), fs_random_quick_restart_no_lp]
11 incomplete subsolvers: [feasibility_pump, graph_arc_lns, graph_cst_lns, graph_dec_lns, graph_var_lns, rins/rens, rnd_cst_lns, rnd_var_lns, violation_ls(3)]
3 helper subsolvers: [neighborhood_helper, synchronization_agent, update_gap_integral]
#Bound   1.67s best:inf   next:[41575,760746] objective_shaving_search_no_lp (vars=2498 csts=4201)
#Bound   2.06s best:inf   next:[41576,760746] objective_shaving_search_no_lp (vars=2499 csts=4201)
#1       2.08s best:760746 next:[41576,760745] fj_long_default(batch:2 #lin_moves:16'659 #lin_evals:30'715 #weight_updates:893)
#2       2.11s best:760745 next:[41576,760744] violation_ls(batch:1 #solutions_imported:1 #lin_moves:0 #lin_evals:8'138 #gen_moves:80 #gen_evals:0 #comp_moves:10 #backtracks:35 #weight_updates:1)
#3       2.11s best:760744 next:[41576,760743] violation_ls(batch:1 #solutions_imported:1 #lin_moves:9 #lin_evals:58 #weight_updates:5)
#Bound   2.13s best:760744 next:[41577,760743] objective_shaving_search_no_lp (vars=2498 csts=4201)
#4       2.14s best:760743 next:[41577,760742] violation_ls(batch:1 #solutions_imported:1 #lin_moves:0 #lin_evals:7'501 #gen_moves:94 #gen_evals:0 #comp_moves:10 #backtracks:42 #weight_updates:1)
#5       2.28s best:760742 next:[41577,760741] violation_ls(batch:2 #solutions_imported:2 #lin_moves:11 #lin_evals:7'565 #gen_moves:94 #gen_evals:0 #comp_moves:10 #backtracks:42 #weight_updates:7)
#6       2.34s best:760741 next:[41577,760740] violation_ls(batch:3 #solutions_imported:3 #lin_moves:11 #lin_evals:12'722 #gen_moves:172 #gen_evals:0 #comp_moves:20 #backtracks:76 #weight_updates:8)
#7       2.35s best:760740 next:[41577,760739] violation_ls(batch:3 #solutions_imported:3 #lin_moves:16 #lin_evals:5'104 #gen_moves:61 #gen_evals:0 #comp_moves:7 #backtracks:27 #weight_updates:11)
#8       2.35s best:760739 next:[41577,760738] violation_ls(batch:3 #solutions_imported:3 #lin_moves:12 #lin_evals:16'420 #gen_moves:179 #gen_evals:0 #comp_moves:17 #backtracks:81 #weight_updates:10)
#Bound   2.60s best:760739 next:[41578,760738] objective_shaving_search_max_lp (vars=2498 csts=4201)
#Bound   2.61s best:760739 next:[41579,760738] objective_shaving_search_max_lp (vars=2498 csts=4170)
#9       2.73s best:476046 next:[41579,476045] graph_arc_lns (d=0.50 s=58 t=0.10 p=0.00 stall=0 h=auto_l0)
#Bound   2.76s best:476046 next:[41580,476045] objective_shaving_search_no_lp (vars=2498 csts=4170)
#Bound   2.88s best:476046 next:[41581,476045] objective_shaving_search_max_lp (vars=2498 csts=4170)
#Bound   3.16s best:476046 next:[41634,476045] objective_lb_search_max_lp
#Bound   3.47s best:476046 next:[44334,476045] quick_restart
#Bound   3.82s best:476046 next:[44335,476045] objective_shaving_search_no_lp (vars=2359 csts=2895)
#Bound   4.35s best:476046 next:[44336,476045] objective_shaving_search_max_lp (vars=2359 csts=2895)
#Model   5.64s var:2497/2498 constraints:4169/4169
#Model   7.26s var:2496/2498 constraints:4168/4169
#Model   7.36s var:2495/2498 constraints:4168/4169
#Model   7.66s var:2494/2498 constraints:4168/4169
#Model   7.86s var:2493/2498 constraints:4166/4169
#Model   8.47s var:2492/2498 constraints:4165/4169
#Model   8.57s var:2491/2498 constraints:4165/4169
#Model   8.68s var:2490/2498 constraints:4164/4169
#Model   8.78s var:2489/2498 constraints:4163/4169
#Model   8.99s var:2487/2498 constraints:4163/4169
#Model   9.49s var:2486/2498 constraints:4163/4169
#Model  10.52s var:2485/2498 constraints:4163/4169
#Model  12.68s var:2484/2498 constraints:4163/4169
#Model  14.71s var:2483/2498 constraints:4163/4169
#Bound  15.13s best:476046 next:[44337,476045] objective_shaving_search_no_lp (vars=2344 csts=2884)
#Model  15.43s var:2482/2498 constraints:4163/4169
#Bound  15.45s best:476046 next:[44338,476045] objective_shaving_search_max_lp (vars=2344 csts=2884)
#Model  16.55s var:2481/2498 constraints:4163/4169
#Bound  21.42s best:476046 next:[44339,476045] pseudo_costs
#Bound  21.71s best:476046 next:[44342,476045] pseudo_costs
#Bound  21.97s best:476046 next:[44556,476045] pseudo_costs
#Bound  22.25s best:476046 next:[44557,476045] pseudo_costs
#Bound  22.98s best:476046 next:[44610,476045] pseudo_costs
#Model  23.11s var:2480/2498 constraints:4163/4169
#Bound  25.80s best:476046 next:[44638,476045] objective_lb_search_max_lp
#Bound  26.12s best:476046 next:[44694,476045] objective_lb_search_max_lp
#10     28.55s best:470799 next:[44694,470798] quick_restart_no_lp (fixed_bools=140/3479)
#Bound  31.06s best:470799 next:[44704,470798] pseudo_costs
#Bound  32.59s best:470799 next:[44705,470798] pseudo_costs
#Model  42.78s var:2479/2498 constraints:4162/4169
#Model  51.16s var:2478/2498 constraints:4162/4169
#Model  60.16s var:2477/2498 constraints:4161/4169
#Model  84.83s var:2476/2498 constraints:4160/4169
#Model 240.15s var:2475/2498 constraints:4159/4169
#Model 241.47s var:2474/2498 constraints:4157/4169
#Model 256.13s var:2473/2498 constraints:4157/4169
#Bound 287.67s best:470799 next:[44706,470798] pseudo_costs
#Bound 288.11s best:470799 next:[44725,470798] pseudo_costs
#Bound 295.94s best:470799 next:[44798,470798] objective_lb_search_max_lp
#Bound 296.57s best:470799 next:[44814,470798] objective_lb_search_max_lp
#Model 301.62s var:2472/2498 constraints:4157/4169
#Bound 308.28s best:470799 next:[44853,470798] objective_lb_search_max_lp
#Bound 308.56s best:470799 next:[44874,470798] objective_lb_search_max_lp
#Bound 457.61s best:470799 next:[45182,470798] objective_lb_search_max_lp
#Bound 457.84s best:470799 next:[45214,470798] objective_lb_search_max_lp
#Bound 458.06s best:470799 next:[45265,470798] objective_lb_search_max_lp
#Model 609.17s var:2471/2498 constraints:4156/4169
#Model 861.93s var:2470/2498 constraints:4156/4169
#Model 1338.90s var:2469/2498 constraints:4155/4169
#11    2220.36s best:469911 next:[45265,469910] objective_lb_search_no_lp (fixed_bools=571/4257)
#12    2614.28s best:462882 next:[45265,462881] quick_restart_no_lp (fixed_bools=704/5186)
#13    2951.05s best:458031 next:[45265,458030] quick_restart_no_lp (fixed_bools=743/5390)
#14    3077.46s best:457676 next:[45265,457675] core (fixed_bools=781/11965)
#Model 4402.53s var:2468/2498 constraints:4155/4169
#15    4921.70s best:378121 next:[45265,378120] core (fixed_bools=914/21676)
#16    4930.14s best:370540 next:[45265,370539] core (fixed_bools=914/21811)
#Model 7782.73s var:2467/2498 constraints:4155/4169
#Model 8618.03s var:2466/2498 constraints:4154/4169
#Model 8773.03s var:2465/2498 constraints:4153/4169
#17    10705.40s best:365293 next:[45265,365292] quick_restart_no_lp (fixed_bools=1390/7689)
#18    10714.09s best:345295 next:[45265,345294] quick_restart_no_lp (fixed_bools=1390/7782)
#Model 10794.89s var:2464/2498 constraints:4152/4169
#19    10998.31s best:338464 next:[45265,338463] quick_restart_no_lp (fixed_bools=1396/8665)
#20    11019.91s best:323515 next:[45265,323514] quick_restart_no_lp (fixed_bools=1396/8809)
#21    12862.09s best:316981 next:[45265,316980] quick_restart_no_lp (fixed_bools=2035/11134)
#22    16176.80s best:311239 next:[45265,311238] quick_restart_no_lp (fixed_bools=2423/13782)
#23    21459.78s best:299656 next:[45265,299655] quick_restart_no_lp (fixed_bools=2942/19861)
#24    24233.83s best:279658 next:[45265,279657] quick_restart_no_lp (fixed_bools=3598/23316)

Task timing                                  n [     min,      max]      avg      dev     time         n [     min,      max]      avg      dev    dtime
                             'core':         1 [   8.00h,    8.00h]    8.00h   0.00ns    8.00h         1 [   5.98h,    5.98h]    5.98h   0.00ns    5.98h
                       'default_lp':         1 [   8.00h,    8.00h]    8.00h   0.00ns    8.00h         1 [  23.02m,   23.02m]   23.02m   0.00ns   23.02m
                 'feasibility_pump':         6 [169.74ms,    3.82s]    2.61s    1.21s   15.64s         5 [628.05ms,    1.03s] 806.08ms 162.33ms    4.03s
                  'fj_long_default':         2 [ 82.36ms, 151.31ms] 116.83ms  34.47ms 233.67ms         2 [ 25.92ms,  35.88ms]  30.90ms   4.98ms  61.80ms
              'fj_long_lin_default':         2 [ 35.41ms, 224.71ms] 130.06ms  94.65ms 260.12ms         2 [ 14.02ms,  16.73ms]  15.38ms   1.35ms  30.75ms
                   'fj_long_random':         1 [312.44ms, 312.44ms] 312.44ms   0.00ns 312.44ms         1 [ 34.71ms,  34.71ms]  34.71ms   0.00ns  34.71ms
                 'fj_short_default':         4 [ 33.40ms, 153.19ms]  75.42ms  46.68ms 301.66ms         4 [ 13.44ms,  22.56ms]  17.22ms   3.38ms  68.89ms
             'fj_short_lin_default':         3 [ 53.36ms, 170.57ms]  93.74ms  54.35ms 281.23ms         3 [ 14.37ms,  20.34ms]  16.89ms   2.53ms  50.67ms
              'fj_short_lin_random':         3 [ 36.84ms, 240.40ms] 135.77ms  83.20ms 407.31ms         3 [ 13.49ms,  85.48ms]  37.72ms  33.77ms 113.15ms
                  'fj_short_random':         1 [433.62ms, 433.62ms] 433.62ms   0.00ns 433.62ms         1 [ 14.58ms,  14.58ms]  14.58ms   0.00ns  14.58ms
                        'fs_random':         1 [   1.02s,    1.02s]    1.02s   0.00ns    1.02s         1 [ 20.00ns,  20.00ns]  20.00ns   0.00ns  20.00ns
                        'fs_random':         1 [   1.19s,    1.19s]    1.19s   0.00ns    1.19s         1 [ 20.00ns,  20.00ns]  20.00ns   0.00ns  20.00ns
                  'fs_random_no_lp':         1 [608.11ms, 608.11ms] 608.11ms   0.00ns 608.11ms         0 [  0.00ns,   0.00ns]   0.00ns   0.00ns   0.00ns
                  'fs_random_no_lp':         1 [750.13ms, 750.13ms] 750.13ms   0.00ns 750.13ms         0 [  0.00ns,   0.00ns]   0.00ns   0.00ns   0.00ns
          'fs_random_quick_restart':         1 [577.39ms, 577.39ms] 577.39ms   0.00ns 577.39ms         1 [ 20.00ns,  20.00ns]  20.00ns   0.00ns  20.00ns
          'fs_random_quick_restart':         1 [677.37ms, 677.37ms] 677.37ms   0.00ns 677.37ms         1 [ 20.00ns,  20.00ns]  20.00ns   0.00ns  20.00ns
    'fs_random_quick_restart_no_lp':         1 [485.40ms, 485.40ms] 485.40ms   0.00ns 485.40ms         0 [  0.00ns,   0.00ns]   0.00ns   0.00ns   0.00ns
                    'graph_arc_lns':         5 [226.68ms,    8.00h]    1.60h    3.20h    8.00h         5 [ 10.00ns, 100.29ms]  80.08ms  40.04ms 400.42ms
                    'graph_cst_lns':         5 [   8.00h,    8.00h]    8.00h    2.03s   40.00h         1 [ 50.00ns,  50.00ns]  50.00ns   0.00ns  50.00ns
                    'graph_dec_lns':         5 [216.85ms,    8.00h]    1.60h    3.20h    8.00h         5 [ 10.00ns, 100.39ms]  80.14ms  40.07ms 400.69ms
                    'graph_var_lns':         5 [286.38ms,    8.00h]    3.20h    3.92h   16.00h         5 [ 10.00ns, 100.05ms]  60.01ms  49.00ms 300.06ms
                   'lb_tree_search':         1 [   8.00h,    8.00h]    8.00h   0.00ns    8.00h         1 [  14.49m,   14.49m]   14.49m   0.00ns   14.49m
                           'max_lp':         1 [   8.00h,    8.00h]    8.00h   0.00ns    8.00h         1 [  13.26m,   13.26m]   13.26m   0.00ns   13.26m
                            'no_lp':         1 [   8.00h,    8.00h]    8.00h   0.00ns    8.00h         1 [   5.66h,    5.66h]    5.66h   0.00ns    5.66h
              'objective_lb_search':         1 [   8.00h,    8.00h]    8.00h   0.00ns    8.00h         1 [  22.02m,   22.02m]   22.02m   0.00ns   22.02m
       'objective_lb_search_max_lp':         1 [   8.00h,    8.00h]    8.00h   0.00ns    8.00h         1 [  15.39m,   15.39m]   15.39m   0.00ns   15.39m
        'objective_lb_search_no_lp':         1 [   8.00h,    8.00h]    8.00h   0.00ns    8.00h         1 [   5.38h,    5.38h]    5.38h   0.00ns    5.38h
  'objective_shaving_search_max_lp':         6 [  8.74ms, 767.15ms] 324.01ms 257.35ms    1.94s         2 [ 48.65ms,  65.60ms]  57.13ms   8.47ms 114.25ms
   'objective_shaving_search_no_lp':         6 [ 24.68ms, 205.08ms] 111.21ms  66.03ms 667.28ms         2 [ 33.42ms,  33.89ms]  33.66ms 233.53us  67.32ms
                          'probing':         1 [   8.00h,    8.00h]    8.00h   0.00ns    8.00h         1 [  19.30m,   19.30m]   19.30m   0.00ns   19.30m
                   'probing_max_lp':         1 [   8.00h,    8.00h]    8.00h   0.00ns    8.00h         1 [  12.82m,   12.82m]   12.82m   0.00ns   12.82m
                     'pseudo_costs':         1 [   8.00h,    8.00h]    8.00h   0.00ns    8.00h         1 [  14.70m,   14.70m]   14.70m   0.00ns   14.70m
                    'quick_restart':         1 [   8.00h,    8.00h]    8.00h   0.00ns    8.00h         1 [  23.72m,   23.72m]   23.72m   0.00ns   23.72m
              'quick_restart_no_lp':         1 [   8.00h,    8.00h]    8.00h   0.00ns    8.00h         1 [   3.81h,    3.81h]    3.81h   0.00ns    3.81h
                    'reduced_costs':         1 [   8.00h,    8.00h]    8.00h   0.00ns    8.00h         1 [  15.26m,   15.26m]   15.26m   0.00ns   15.26m
                        'rins/rens':         6 [295.84ms,    7.99h]    1.33h    2.98h    8.00h         6 [ 10.00ns, 100.95ms]  83.74ms  37.45ms 502.43ms
                      'rnd_cst_lns':         5 [186.82ms,    8.00h]    6.40h    3.20h   32.00h         3 [ 10.00ns, 100.09ms]  33.37ms  47.18ms 100.11ms
                      'rnd_var_lns':         5 [   1.07s,    8.00h]    6.40h    3.20h   32.00h         2 [ 40.00ns, 100.00ms]  50.00ms  50.00ms 100.00ms
                     'violation_ls':         5 [  5.41ms, 107.77ms]  46.56ms  43.48ms 232.82ms         5 [ 20.03us,  31.77ms]  12.67ms  15.14ms  63.36ms
                     'violation_ls':         5 [  6.56ms, 100.56ms]  55.67ms  40.65ms 278.37ms         5 [ 21.74us,  33.16ms]  13.61ms  15.67ms  68.07ms
                     'violation_ls':         5 [563.66us,  55.92ms]  21.94ms  19.10ms 109.72ms         5 [ 24.01us,   9.66ms]   4.45ms   4.25ms  22.26ms

Search stats                         Bools  Conflicts     Branches     Restarts      BoolPropag   IntegerPropag
                           'core':  66'428  4'332'179  500'694'940   83'749'940  78'431'732'947  22'905'770'523
                     'default_lp':   2'923         14       14'531       12'734         798'844       1'887'476
                      'fs_random':   2'091          0            0            0               0               0
                      'fs_random':   2'091          0        1'698        1'698          41'322         188'243
                'fs_random_no_lp':   2'091          0            0            0               0               0
                'fs_random_no_lp':   2'091          0            0            0               0               0
        'fs_random_quick_restart':   2'091          0            0            0               0               0
        'fs_random_quick_restart':   2'091          0            0            0               0               0
  'fs_random_quick_restart_no_lp':   2'091          0        1'206        1'206          30'979         143'517
                 'lb_tree_search':   2'923          8       24'316       19'907       1'722'922       3'863'701
                         'max_lp':   2'923          8       21'325       17'755       1'467'005       3'376'783
                          'no_lp':  39'815  4'268'631  390'681'946   88'806'137  51'121'158'751  26'012'880'275
            'objective_lb_search':   2'923         20       13'701       12'250         710'789       1'707'780
     'objective_lb_search_max_lp':   2'923          9       27'291       20'757       1'809'675       4'162'939
      'objective_lb_search_no_lp':  55'797  3'708'296  483'289'927   90'621'282  64'097'286'127  25'612'111'534
                        'probing':   2'923         16       11'769       11'071         553'321       1'374'265
                 'probing_max_lp':   2'923          8       23'327       18'942       1'670'305       3'763'017
                   'pseudo_costs':   2'923          8       23'651       18'881       1'594'771       3'674'262
                  'quick_restart':   2'923         16       16'095       13'695         955'089       2'255'621
            'quick_restart_no_lp':  26'754  4'940'371  748'804'947  106'888'882  30'907'363'943  31'570'817'643
                  'reduced_costs':   2'923          9       26'910       20'457       1'779'484       4'100'940

SAT stats                           ClassicMinim  LitRemoved     LitLearned   LitForgotten  Subsumed  MClauses  MDecisions  MLitTrue  MSubsumed  MLitRemoved  MReused
                           'core':     4'088'052  45'103'657  1'123'279'203  1'086'107'889   104'325   206'726  12'164'411         4      3'152      126'624   87'779
                     'default_lp':             0           0             14              0         0         0           0         0          0            0        0
                      'fs_random':             0           0              0              0         0         0           0         0          0            0        0
                      'fs_random':             0           0              0              0         0         0           0         0          0            0        0
                'fs_random_no_lp':             0           0              0              0         0         0           0         0          0            0        0
                'fs_random_no_lp':             0           0              0              0         0         0           0         0          0            0        0
        'fs_random_quick_restart':             0           0              0              0         0         0           0         0          0            0        0
        'fs_random_quick_restart':             0           0              0              0         0         0           0         0          0            0        0
  'fs_random_quick_restart_no_lp':             0           0              0              0         0         0           0         0          0            0        0
                 'lb_tree_search':             0           0              8              0         0         0           0         0          0            0        0
                         'max_lp':             0           0              8              0         0         0           0         0          0            0        0
                          'no_lp':     4'096'976  47'253'929  1'115'645'424  1'089'499'803    69'065   306'038   5'302'307         5      1'805       34'989   75'324
            'objective_lb_search':             0           0             20              0         0         0           0         0          0            0        0
     'objective_lb_search_max_lp':             0           0              9              0         0         0           0         0          0            0        0
      'objective_lb_search_no_lp':     3'497'853  37'562'060    997'601'982    963'979'268    88'390   231'389  13'225'652         2      2'710       73'957  135'832
                        'probing':             0           0             16              0         0         0           0         0          0            0        0
                 'probing_max_lp':             0           0              8              0         0         0           0         0          0            0        0
                   'pseudo_costs':             0           0              8              0         0         0           0         0          0            0        0
                  'quick_restart':             0           0             16              0         0         0           0         0          0            0        0
            'quick_restart_no_lp':     4'457'424  33'098'010  1'505'066'018  1'420'962'526   225'146   395'765  26'129'755         5      1'916       49'847  205'721
                  'reduced_costs':             0           0              9              0         0         0           0         0          0            0        0

Lp stats                         Component  Iterations  AddedCuts  OPTIMAL  DUAL_F.  DUAL_U.
                  'default_lp':          1   2'729'419  1'182'536   59'444       73        1
                   'fs_random':          1           0          0        0        0        0
                   'fs_random':          1           0          0        0        0        0
     'fs_random_quick_restart':          1           0          0        0        0        0
     'fs_random_quick_restart':          1           0          0        0        0        0
              'lb_tree_search':          1   1'479'799    448'028   64'342   13'282        0
                      'max_lp':          1   1'248'576    393'878   57'048   10'619        0
         'objective_lb_search':          1   2'551'691  1'144'944   56'715       65        1
  'objective_lb_search_max_lp':          1   1'625'449    546'339   67'211   14'320        1
                     'probing':          1   1'967'973    828'431   50'710       50        1
              'probing_max_lp':          1   1'230'250    340'730   60'260   11'183        0
                'pseudo_costs':          1   1'406'154    461'459   61'083   12'098        0
               'quick_restart':          1   3'043'332  1'256'419   63'813       42        0
               'reduced_costs':          1   1'555'728    478'949   66'230   14'047        1

Lp dimension                                                                        Final dimension of first component
                  'default_lp':  5607 rows, 2497 columns, 30673 entries with magnitude in [2.336622e-05, 1.000000e+00]
                   'fs_random':         0 rows, 2497 columns, 0 entries with magnitude in [0.000000e+00, 0.000000e+00]
                   'fs_random':         0 rows, 2497 columns, 0 entries with magnitude in [0.000000e+00, 0.000000e+00]
     'fs_random_quick_restart':         0 rows, 2497 columns, 0 entries with magnitude in [0.000000e+00, 0.000000e+00]
     'fs_random_quick_restart':         0 rows, 2497 columns, 0 entries with magnitude in [0.000000e+00, 0.000000e+00]
              'lb_tree_search':  2555 rows, 2498 columns, 17468 entries with magnitude in [5.887465e-05, 1.000000e+00]
                      'max_lp':  2869 rows, 2498 columns, 17376 entries with magnitude in [7.024101e-04, 1.000000e+00]
         'objective_lb_search':  4654 rows, 2497 columns, 24112 entries with magnitude in [1.367975e-05, 1.000000e+00]
  'objective_lb_search_max_lp':  2884 rows, 2498 columns, 20889 entries with magnitude in [8.179166e-05, 1.000000e+00]
                     'probing':  5676 rows, 2497 columns, 32470 entries with magnitude in [1.188050e-05, 1.000000e+00]
              'probing_max_lp':  2559 rows, 2498 columns, 16765 entries with magnitude in [8.164966e-04, 1.000000e+00]
                'pseudo_costs':  2973 rows, 2498 columns, 24414 entries with magnitude in [1.365731e-04, 1.000000e+00]
               'quick_restart':  5333 rows, 2497 columns, 26910 entries with magnitude in [3.044955e-05, 1.000000e+00]
               'reduced_costs':  3624 rows, 2498 columns, 28829 entries with magnitude in [7.939268e-05, 1.000000e+00]

Lp debug                         CutPropag  CutEqPropag  Adjust  Overflow          Bad  BadScaling
                  'default_lp':          0          576   8'947         0   76'541'598           0
                   'fs_random':          0            0       0         0            0           0
                   'fs_random':          0            0       0         0            0           0
     'fs_random_quick_restart':          0            0       0         0            0           0
     'fs_random_quick_restart':          0            0       0         0            0           0
              'lb_tree_search':          0          494   4'294         0  133'187'483           0
                      'max_lp':          0           52   3'323         2  123'529'683           0
         'objective_lb_search':          0          453   5'566         0   75'277'785           0
  'objective_lb_search_max_lp':          0          185  14'393         0  138'328'784           0
                     'probing':          0          458   8'691         0   72'303'953           0
              'probing_max_lp':          0          101   5'209         0  131'640'626           0
                'pseudo_costs':          0          135   2'802         1  129'693'323           0
               'quick_restart':          0          526   8'743         0   80'153'794           0
               'reduced_costs':          0          242   5'807         0  138'960'238           0

Lp pool                          Constraints  Updates  Simplif  Merged  Shortened   Split  Strenghtened            Cuts/Call
                  'default_lp':       12'800   10'730   13'113      40        602   3'411        21'661  1'182'536/2'478'867
                   'fs_random':        3'304        0        0       0          0       0             0                  0/0
                   'fs_random':        3'304        0        0       0          0       0             0                  0/0
     'fs_random_quick_restart':        3'304        0        0       0          0       0             0                  0/0
     'fs_random_quick_restart':        3'304        0        0       0          0       0             0                  0/0
              'lb_tree_search':       13'178   15'570   19'617      18        826  16'842        93'799    448'028/1'011'249
                      'max_lp':       14'031   15'283   19'092      15        513  16'466        79'393      393'878/881'444
         'objective_lb_search':       13'211   11'486   13'047      37        671   3'746        21'837  1'144'944/2'309'260
  'objective_lb_search_max_lp':       13'484   16'030   14'424      23        456  18'329        93'598    546'339/1'113'055
                     'probing':       12'711    9'829   14'667      24        613   4'342        17'023    828'431/1'704'515
              'probing_max_lp':       13'883   10'064   26'190      15        678  12'327        75'970      340'730/792'487
                'pseudo_costs':       13'610   14'282   18'574      17        711  15'868        81'516    461'459/1'063'263
               'quick_restart':       12'697   11'336   14'603      26        512   4'432        22'028  1'256'419/2'445'285
               'reduced_costs':       14'093   18'309   17'504      24        744  31'321        85'394      478'949/968'197

Lp Cut             defaul  max_lp   quick_  reduce  pseudo  lb_tre   probin   object  probin   object
          CG_FF:   51'720  10'056   61'346  13'981  14'272  11'709   35'516   47'839   8'474   15'236
           CG_K:      636   2'539      477   2'657   3'253   3'741      366    1'121   2'544    5'190
           CG_R:    3'268   2'719    4'730   3'649   3'785   4'790    2'738    3'291   2'502    5'295
          CG_RB:  164'268  17'743  192'190  31'156  27'630  26'269  102'095  148'459  15'413   41'679
         CG_RBP:      151     736      136     887     729     851       91      219     603    1'550
         Clique:        -  12'334        -  15'662  13'781  15'132        -        -  12'297   16'901
             IB:  192'485  78'760  209'097  86'565  88'426  87'556  144'668  201'714  74'337  100'525
       MIR_1_FF:  326'552  66'458  339'057  71'656  75'303  71'751  236'761  309'952  59'589   84'098
        MIR_1_K:    3'609   4'610    1'690   4'337   5'068   4'110    1'414    3'842   3'788    5'071
        MIR_1_R:      976   1'241      866   1'544   1'291   1'450    1'023    1'317   1'160    1'439
       MIR_1_RB:  252'884  73'854  262'070  99'210  89'914  77'151  176'829  242'953  57'473  103'506
      MIR_1_RBP:      386     169      450     522     245     223      297      390     239      208
      MIR_1_RLT:        -      84        -      77      81      99        -        -      69       77
       MIR_2_FF:   13'668   8'621   13'342   9'465  10'595   9'811   10'965   18'305   8'395   12'134
        MIR_2_K:      900   1'621      719   1'508   1'644   1'861      480    1'360   1'183    2'315
        MIR_2_R:      792     632      700     761     583     685      534      737     468      657
       MIR_2_RB:   30'155  26'323   28'276  33'708  29'542  27'824   21'018   29'328  17'423   33'041
      MIR_2_RBP:      128      79      111     123      76     156       76      107     112      118
       MIR_3_FF:    2'936   5'031    3'746   5'077   5'457   5'666    2'654    3'993   4'623    6'628
        MIR_3_K:      286   1'034      254     884   1'088   1'274      150      487     774    1'619
        MIR_3_R:      787   1'649    1'071   2'007   2'059   2'412      586      746   1'858    1'995
       MIR_3_RB:   27'818  17'342   28'313  23'013  20'248  20'721   19'554   27'503  15'559   23'715
      MIR_3_RBP:       98     168      121     262     246     261       59       75     229      284
       MIR_4_FF:    1'135   3'311    1'247   3'219   3'436   3'733    1'042    1'384   2'811    4'092
        MIR_4_K:      129     636      122     640     696     969       81      182     525    1'168
        MIR_4_R:      221   1'010      262   1'137   1'120   1'297      187      215   1'053    1'061
       MIR_4_RB:   19'455  13'697   19'994  17'453  15'186  16'406   13'416   18'578  12'230   18'939
      MIR_4_RBP:       34     105       53     163     107     127       28       29     130      120
       MIR_5_FF:      636   2'753      820   2'667   3'121   3'148      661      815   2'440    3'337
        MIR_5_K:       83   1'081      305     605     937   1'175       89      232     467    1'400
        MIR_5_R:      109     543      147     611     584     752       84       99     562      563
       MIR_5_RB:   13'645  10'855   14'487  13'116  12'012  12'317    9'432   13'260   8'980   14'766
      MIR_5_RBP:       33      97       27     168     116     134       16       12     112      143
       MIR_6_FF:      416   2'002      485   1'951   2'315   2'236      397      443   1'851    2'334
        MIR_6_K:       59     689       84     499     761     803       47       84     468      911
        MIR_6_R:       82     553      105     620     653     787       66       62     525      665
       MIR_6_RB:    9'534   7'987    9'962   9'853   8'680   9'286    6'576    8'710   7'034   10'811
      MIR_6_RBP:       44      81       37      94      77     103       41        7      86       92
   ZERO_HALF_FF:   17'051   2'845   12'980   3'282   2'744   3'192    8'695   14'396   2'367    3'305
    ZERO_HALF_K:      872     435      340     578     575     513      112      798     646      763
    ZERO_HALF_R:    9'184   6'149   10'996   7'192   6'702   9'463    6'613    7'956   5'050   10'313
   ZERO_HALF_RB:   35'060   5'178   34'936   6'300   6'250   5'969   22'741   33'731   4'193    8'187
  ZERO_HALF_RBP:      251      68      268      90      71     115      233      213      88       88

LNS stats           Improv/Calls  Closed  Difficulty  TimeLimit
  'graph_arc_lns':           2/5     60%        0.65       0.10
  'graph_cst_lns':           5/5      0%        0.06       0.10
  'graph_dec_lns':           1/5     40%        0.34       0.10
  'graph_var_lns':           3/5     40%        0.43       0.10
      'rins/rens':           5/6     17%        0.09       0.10
    'rnd_cst_lns':           4/5      0%        0.06       0.10
    'rnd_var_lns':           4/5     20%        0.18       0.10

LS stats                   Batches  Restarts  LinMoves  GenMoves  CompoundMoves  WeightUpdates
       'fj_long_default':        2         1    16'659         0              0            893
   'fj_long_lin_default':        2         1         0     5'163            715              1
        'fj_long_random':        1         1     9'499         0              0            501
      'fj_short_default':        4         1         0    11'920          1'178             11
  'fj_short_lin_default':        3         1         0     8'923          1'106              9
   'fj_short_lin_random':        3         1         0    26'475            782              2
       'fj_short_random':        1         1         0     2'336            629              0
          'violation_ls':        5         0        12     2'709             83             36
          'violation_ls':        5         0    18'597       172             20          1'422
          'violation_ls':        5         0    19'240        61              7            787

Solutions (24)                  Num     Rank
                       'core':    3  [14,16]
            'fj_long_default':    1    [1,1]
              'graph_arc_lns':    1    [9,9]
  'objective_lb_search_no_lp':    1  [11,11]
        'quick_restart_no_lp':   11  [10,24]
               'violation_ls':    7    [2,8]

Objective bounds                      Num
                   'initial_domain':    1
       'objective_lb_search_max_lp':   10
  'objective_shaving_search_max_lp':    5
   'objective_shaving_search_no_lp':    6
                     'pseudo_costs':    9
                    'quick_restart':    1

Solution repositories    Added  Queried  Ignored  Synchro
  'feasible solutions':     64       93        0       64
        'lp solutions':      0        0        0        0
                'pump':     62        6

Improving bounds shared            Num
                        'core':  3'077
                  'default_lp':      4
                      'max_lp':     43
                       'no_lp':  3'242
         'objective_lb_search':     10
  'objective_lb_search_max_lp':    120
   'objective_lb_search_no_lp':  1'689
                     'probing':     50
              'probing_max_lp':     17
                'pseudo_costs':     39
               'quick_restart':    239
         'quick_restart_no_lp':  2'510
               'reduced_costs':    177

Clauses shared                    Num
                       'core':  1'481
                      'no_lp':  1'627
  'objective_lb_search_no_lp':  1'273
        'quick_restart_no_lp':  1'201

CpSolverResponse summary:
status: FEASIBLE
objective: 279658
best_bound: 45265
integers: 2499
booleans: 2091
conflicts: 0
branches: 1206
propagations: 30979
integer_propagations: 143517
restarts: 1206
lp_iterations: 0
walltime: 28800.9
usertime: 28800.9
deterministic_time: 85438.6
gap_integral: 1.05643e+06
solution_fingerprint: 0xb82832991d0939

CPU USED: 32
Loading /home/aneumann/projects/def-adhaj/aneumann/gns/data/instances/test/xl/instance_154.pkl...
===* START SOLVING *===
   index    value       gap  ... max_time  cpu  max_memory
0    154  2796.58  0.838142  ...        8   32         118

[1 rows x 8 columns]
===* END OF FILE *===
