created virtual environment CPython3.12.4.final.0-64 in 1676ms
  creator CPython3Posix(dest=/local/aneumann.27429351.0/env, clear=False, no_vcs_ignore=False, global=False)
  seeder FromAppData(download=False, pip=bundle, via=copy, app_data_dir=/home/aneumann/.local/share/virtualenv)
    added seed packages: pip==24.0
  activators BashActivator,CShellActivator,FishActivator,NushellActivator,PowerShellActivator,PythonActivator
Looking in links: /cvmfs/soft.computecanada.ca/custom/python/wheelhouse/gentoo2023/x86-64-v3, /cvmfs/soft.computecanada.ca/custom/python/wheelhouse/gentoo2023/generic, /cvmfs/soft.computecanada.ca/custom/python/wheelhouse/generic
Requirement already satisfied: pip in /local/aneumann.27429351.0/env/lib/python3.12/site-packages (24.0)
Processing /cvmfs/soft.computecanada.ca/custom/python/wheelhouse/generic/pip-24.2+computecanada-py3-none-any.whl
Installing collected packages: pip
  Attempting uninstall: pip
    Found existing installation: pip 24.0
    Uninstalling pip-24.0:
      Successfully uninstalled pip-24.0
Successfully installed pip-24.2+computecanada
Looking in links: /cvmfs/soft.computecanada.ca/custom/python/wheelhouse/gentoo2023/x86-64-v3, /cvmfs/soft.computecanada.ca/custom/python/wheelhouse/gentoo2023/generic, /cvmfs/soft.computecanada.ca/custom/python/wheelhouse/generic
ERROR: protobuf-5.28.3-cp38-abi3-manylinux2014_x86_64.whl is not a supported wheel on this platform.
Looking in links: /cvmfs/soft.computecanada.ca/custom/python/wheelhouse/gentoo2023/x86-64-v3, /cvmfs/soft.computecanada.ca/custom/python/wheelhouse/gentoo2023/generic, /cvmfs/soft.computecanada.ca/custom/python/wheelhouse/generic
Processing /home/aneumann/projects/def-adhaj/aneumann/gns/wheels/immutabledict-4.2.0-py3-none-any.whl
Installing collected packages: immutabledict
Successfully installed immutabledict-4.2.0
Looking in links: /cvmfs/soft.computecanada.ca/custom/python/wheelhouse/gentoo2023/x86-64-v3, /cvmfs/soft.computecanada.ca/custom/python/wheelhouse/gentoo2023/generic, /cvmfs/soft.computecanada.ca/custom/python/wheelhouse/generic
Processing /cvmfs/soft.computecanada.ca/custom/python/wheelhouse/generic/ortools-9.10.4067+computecanada-cp312-cp312-linux_x86_64.whl (from -r /home/aneumann/projects/def-adhaj/aneumann/gns/requirements_or.txt (line 1))
Processing /cvmfs/soft.computecanada.ca/custom/python/wheelhouse/gentoo2023/x86-64-v3/pandas-2.2.2+computecanada-cp312-cp312-linux_x86_64.whl (from -r /home/aneumann/projects/def-adhaj/aneumann/gns/requirements_or.txt (line 2))
Processing /cvmfs/soft.computecanada.ca/custom/python/wheelhouse/generic/absl_py-2.1.0+computecanada-py3-none-any.whl (from ortools->-r /home/aneumann/projects/def-adhaj/aneumann/gns/requirements_or.txt (line 1))
Processing /cvmfs/soft.computecanada.ca/custom/python/wheelhouse/gentoo2023/generic/numpy-2.1.1+computecanada-cp312-cp312-linux_x86_64.whl (from ortools->-r /home/aneumann/projects/def-adhaj/aneumann/gns/requirements_or.txt (line 1))
Processing /cvmfs/soft.computecanada.ca/custom/python/wheelhouse/gentoo2023/x86-64-v3/protobuf-5.28.0+computecanada-cp312-cp312-linux_x86_64.whl (from ortools->-r /home/aneumann/projects/def-adhaj/aneumann/gns/requirements_or.txt (line 1))
Requirement already satisfied: immutabledict>=3.0.0 in /local/aneumann.27429351.0/env/lib/python3.12/site-packages (from ortools->-r /home/aneumann/projects/def-adhaj/aneumann/gns/requirements_or.txt (line 1)) (4.2.0)
Processing /cvmfs/soft.computecanada.ca/custom/python/wheelhouse/generic/python_dateutil-2.9.0.post0+computecanada-py2.py3-none-any.whl (from pandas->-r /home/aneumann/projects/def-adhaj/aneumann/gns/requirements_or.txt (line 2))
Processing /cvmfs/soft.computecanada.ca/custom/python/wheelhouse/generic/pytz-2024.2+computecanada-py2.py3-none-any.whl (from pandas->-r /home/aneumann/projects/def-adhaj/aneumann/gns/requirements_or.txt (line 2))
Processing /cvmfs/soft.computecanada.ca/custom/python/wheelhouse/generic/tzdata-2024.2+computecanada-py2.py3-none-any.whl (from pandas->-r /home/aneumann/projects/def-adhaj/aneumann/gns/requirements_or.txt (line 2))
Processing /cvmfs/soft.computecanada.ca/custom/python/wheelhouse/generic/six-1.16.0+computecanada-py2.py3-none-any.whl (from python-dateutil>=2.8.2->pandas->-r /home/aneumann/projects/def-adhaj/aneumann/gns/requirements_or.txt (line 2))
Installing collected packages: pytz, tzdata, six, protobuf, numpy, absl-py, python-dateutil, pandas, ortools
Successfully installed absl-py-2.1.0+computecanada numpy-2.1.1+computecanada ortools-9.10.4067+computecanada pandas-2.2.2+computecanada protobuf-5.28.0+computecanada python-dateutil-2.9.0.post0+computecanada pytz-2024.2+computecanada six-1.16.0+computecanada tzdata-2024.2+computecanada

Starting CP-SAT solver v9.10.4067
Parameters: max_time_in_seconds: 21600 max_memory_in_mb: 118 log_search_progress: true optimize_with_core: true cp_model_presolve: true enumerate_all_solutions: false num_search_workers: 32 use_implied_bounds: true absolute_gap_limit: 5 relative_gap_limit: 0.01 use_probing_search: true

Initial optimization model '': (model_fingerprint: 0x43e6042fe0a37c83)
#Variables: 3'000 (#bools: 27 #ints: 1 in objective)
  - 2'626 Booleans in [0,1]
  - 373 in [0,225000]
  - 1 constants in {1} 
#kBoolOr: 1'314 (#literals: 1'314)
#kLinear1: 540
#kLinear2: 8'543
#kLinear3: 1'632
#kLinearN: 902 (#terms: 8'361)

Starting presolve at 0.00s
  2.96e-03s  0.00e+00d  [DetectDominanceRelations] 
  6.53e-02s  0.00e+00d  [PresolveToFixPoint] #num_loops=11 #num_dual_strengthening=3 
  9.44e-05s  0.00e+00d  [ExtractEncodingFromLinear] #potential_supersets=244 
[Symmetry] Graph for symmetry has 10'872 nodes and 24'198 arcs.
[Symmetry] Symmetry computation done. time: 0.00333582 dtime: 0.0032105
[Symmetry] #generators: 1, average support size: 2
[Symmetry] 1 orbits with sizes: 2
[SAT presolve] num removable Booleans: 0 / 1680
[SAT presolve] num trivial clauses: 0
[SAT presolve] [0s] clauses:3463 literals:6926 vars:1668 one_side_vars:1613 simple_definition:55 singleton_clauses:0
[SAT presolve] [0.000320096s] clauses:3463 literals:6926 vars:1668 one_side_vars:1613 simple_definition:55 singleton_clauses:0
[SAT presolve] [0.000479264s] clauses:3463 literals:6926 vars:1668 one_side_vars:1613 simple_definition:55 singleton_clauses:0
  9.06e-01s  1.51e-01d  [Probe] #probed=3'812 #fixed_bools=78 #new_bounds=147 
  1.02e-02s  0.00e+00d  [MaxClique] Merged 3689(9978 literals) into 1221(8654 literals) at_most_ones. 
  2.51e-03s  0.00e+00d  [DetectDominanceRelations] 
  1.83e-02s  0.00e+00d  [PresolveToFixPoint] #num_loops=5 #num_dual_strengthening=4 
  3.75e-03s  0.00e+00d  [ProcessAtMostOneAndLinear] #num_changes=5 
  2.33e-03s  0.00e+00d  [DetectDuplicateConstraints] #duplicates=2 #without_enforcements=2 
  5.74e-04s  2.51e-05d  [DetectDominatedLinearConstraints] #relevant_constraints=1'684 
  6.53e-04s  0.00e+00d  [DetectDifferentVariables] #different=8 
  1.31e-03s  3.24e-04d  [ProcessSetPPC] #relevant_constraints=1'394 #num_inclusions=883 
  8.15e-05s  0.00e+00d  [FindAlmostIdenticalLinearConstraints] 
  4.84e-03s  4.98e-03d  [FindBigAtMostOneAndLinearOverlap] 
  1.50e-03s  2.41e-03d  [FindBigVerticalLinearOverlap] 
  6.46e-04s  1.62e-03d  [FindBigHorizontalLinearOverlap] #linears=303 
  1.06e-04s  0.00e+00d  [MergeClauses] 
  2.45e-03s  0.00e+00d  [DetectDominanceRelations] 
  9.49e-03s  0.00e+00d  [PresolveToFixPoint] #num_loops=2 #num_dual_strengthening=1 
  2.46e-03s  0.00e+00d  [DetectDominanceRelations] 
  9.44e-03s  0.00e+00d  [PresolveToFixPoint] #num_loops=1 #num_dual_strengthening=1 
[Symmetry] Graph for symmetry has 8'648 nodes and 18'333 arcs.
[Symmetry] Symmetry computation done. time: 0.00192273 dtime: 0.00220312
[Symmetry] #generators: 1, average support size: 2
[Symmetry] The model contains 2 duplicate constraints !
[Symmetry] 1 orbits with sizes: 2
[SAT presolve] num removable Booleans: 0 / 1602
[SAT presolve] num trivial clauses: 0
[SAT presolve] [0s] clauses:19 literals:38 vars:24 one_side_vars:16 simple_definition:8 singleton_clauses:0
[SAT presolve] [5.1717e-05s] clauses:19 literals:38 vars:24 one_side_vars:16 simple_definition:8 singleton_clauses:0
[SAT presolve] [0.000100475s] clauses:19 literals:38 vars:24 one_side_vars:16 simple_definition:8 singleton_clauses:0
  2.48e-01s  3.98e-02d  [Probe] #probed=3'734 #new_bounds=31 
  4.00e-03s  0.00e+00d  [MaxClique] Merged 991(7257 literals) into 991(7264 literals) at_most_ones. 
  2.69e-03s  0.00e+00d  [DetectDominanceRelations] 
  1.41e-02s  0.00e+00d  [PresolveToFixPoint] #num_loops=4 #num_dual_strengthening=3 
  3.58e-03s  0.00e+00d  [ProcessAtMostOneAndLinear] 
  2.31e-03s  0.00e+00d  [DetectDuplicateConstraints] #duplicates=2 
  5.91e-04s  2.50e-05d  [DetectDominatedLinearConstraints] #relevant_constraints=1'678 
  5.92e-04s  0.00e+00d  [DetectDifferentVariables] #different=8 
  1.13e-03s  3.18e-04d  [ProcessSetPPC] #relevant_constraints=1'312 #num_inclusions=798 
  8.39e-05s  0.00e+00d  [FindAlmostIdenticalLinearConstraints] 
  4.97e-03s  4.98e-03d  [FindBigAtMostOneAndLinearOverlap] 
  1.52e-03s  2.41e-03d  [FindBigVerticalLinearOverlap] 
  6.60e-04s  1.62e-03d  [FindBigHorizontalLinearOverlap] #linears=303 
  1.02e-04s  0.00e+00d  [MergeClauses] 
  2.46e-03s  0.00e+00d  [DetectDominanceRelations] 
  9.47e-03s  0.00e+00d  [PresolveToFixPoint] #num_loops=1 #num_dual_strengthening=1 
  2.67e-03s  0.00e+00d  [DetectDominanceRelations] 
  9.63e-03s  0.00e+00d  [PresolveToFixPoint] #num_loops=1 #num_dual_strengthening=1 
[Symmetry] Graph for symmetry has 8'646 nodes and 18'335 arcs.
[Symmetry] Symmetry computation done. time: 0.00181466 dtime: 0.00219073
[Symmetry] #generators: 1, average support size: 2
[Symmetry] 1 orbits with sizes: 2
[SAT presolve] num removable Booleans: 0 / 1602
[SAT presolve] num trivial clauses: 0
[SAT presolve] [0s] clauses:19 literals:38 vars:24 one_side_vars:16 simple_definition:8 singleton_clauses:0
[SAT presolve] [5.0142e-05s] clauses:19 literals:38 vars:24 one_side_vars:16 simple_definition:8 singleton_clauses:0
[SAT presolve] [9.8478e-05s] clauses:19 literals:38 vars:24 one_side_vars:16 simple_definition:8 singleton_clauses:0
  2.50e-01s  3.98e-02d  [Probe] #probed=3'734 
  4.19e-03s  0.00e+00d  [MaxClique] Merged 991(7263 literals) into 991(7264 literals) at_most_ones. 
  2.55e-03s  0.00e+00d  [DetectDominanceRelations] 
  9.64e-03s  0.00e+00d  [PresolveToFixPoint] #num_loops=1 #num_dual_strengthening=1 
  3.60e-03s  0.00e+00d  [ProcessAtMostOneAndLinear] 
  2.25e-03s  0.00e+00d  [DetectDuplicateConstraints] 
  5.78e-04s  2.50e-05d  [DetectDominatedLinearConstraints] #relevant_constraints=1'678 
  5.95e-04s  0.00e+00d  [DetectDifferentVariables] #different=8 
  1.13e-03s  3.18e-04d  [ProcessSetPPC] #relevant_constraints=1'312 #num_inclusions=798 
  8.70e-05s  0.00e+00d  [FindAlmostIdenticalLinearConstraints] 
  4.95e-03s  4.97e-03d  [FindBigAtMostOneAndLinearOverlap] 
  1.51e-03s  2.41e-03d  [FindBigVerticalLinearOverlap] 
  6.61e-04s  1.62e-03d  [FindBigHorizontalLinearOverlap] #linears=303 
  1.07e-04s  0.00e+00d  [MergeClauses] 
  2.47e-03s  0.00e+00d  [DetectDominanceRelations] 
  9.46e-03s  0.00e+00d  [PresolveToFixPoint] #num_loops=1 #num_dual_strengthening=1 
  1.87e-04s  0.00e+00d  [ExpandObjective] #entries=108 #tight_variables=54 #tight_constraints=18 

Presolve summary:
  - 77 affine relations were detected.
  - rule 'TODO dual: only one blocking constraint?' was applied 28'090 times.
  - rule 'TODO dual: only one unspecified blocking constraint?' was applied 16 times.
  - rule 'TODO dual: tighten at most one' was applied 1'196 times.
  - rule 'TODO linear2: contains a Boolean.' was applied 15'552 times.
  - rule 'affine: new relation' was applied 77 times.
  - rule 'at_most_one: empty or all false' was applied 8 times.
  - rule 'at_most_one: removed literals' was applied 405 times.
  - rule 'at_most_one: size one' was applied 148 times.
  - rule 'at_most_one: transformed into max clique.' was applied 1 time.
  - rule 'bool_and: non-reified.' was applied 80 times.
  - rule 'bool_or: always true' was applied 1'314 times.
  - rule 'bool_or: implications' was applied 7'773 times.
  - rule 'deductions: 326 stored' was applied 1 time.
  - rule 'dual: fix variable' was applied 387 times.
  - rule 'dual: fix variable with multiple choices' was applied 9 times.
  - rule 'dual: reduced domain' was applied 163 times.
  - rule 'duplicate: merged rhs of linear constraint' was applied 2 times.
  - rule 'duplicate: removed constraint' was applied 4 times.
  - rule 'duplicate: removed enforced constraint' was applied 2 times.
  - rule 'enforcement: false literal' was applied 3'878 times.
  - rule 'enforcement: literal not used' was applied 17 times.
  - rule 'enforcement: true literal' was applied 80 times.
  - rule 'linear + amo: fixed literal implied by enforcement' was applied 5 times.
  - rule 'linear1: always true' was applied 1 time.
  - rule 'linear2: contains a Boolean.' was applied 4 times.
  - rule 'linear: always true' was applied 1'239 times.
  - rule 'linear: divide by GCD' was applied 4'954 times.
  - rule 'linear: empty' was applied 115 times.
  - rule 'linear: extracted enforcement literal' was applied 559 times.
  - rule 'linear: fixed or dup variables' was applied 1'301 times.
  - rule 'linear: negative clause' was applied 2'433 times.
  - rule 'linear: positive at most one' was applied 234 times.
  - rule 'linear: positive clause' was applied 5'340 times.
  - rule 'linear: positive equal one' was applied 18 times.
  - rule 'linear: reduced variable domains' was applied 579 times.
  - rule 'linear: remapped using affine relations' was applied 2'644 times.
  - rule 'linear: simplified rhs' was applied 16'853 times.
  - rule 'linear: singleton column' was applied 3 times.
  - rule 'objective: variable not used elsewhere' was applied 1 time.
  - rule 'presolve: 1001 unused variables removed.' was applied 1 time.
  - rule 'presolve: iteration' was applied 3 times.
  - rule 'setppc: bool_or in at_most_one.' was applied 4 times.
  - rule 'setppc: removed dominated constraints' was applied 78 times.

Presolved optimization model '': (model_fingerprint: 0xcbd9889d5dd00fff)
#Variables: 1'919 (#bools: 26 #ints: 1 in objective)
  - 1'602 Booleans in [0,1]
  - 1 in [0,734]
  - 1 in [0,736]
  - 1 in [0,737]
  - 1 in [0,1470]
  - 1 in [0,1471]
  - 1 in [0,1474]
  - 1 in [0,1475]
  - 1 in [0,1476]
  - 1 in [0,1477]
  - 1 in [0,1478]
  - 2 in [0,1480]
  - 1 in [0,1482]
  - 2 in [0,1483]
  - 8 in [0,1484]
  - 1 in [0,1485]
  - 17 in [0,1486]
  - 1 in [0,1487]
  - 1 in [0,1490]
  - 1 in [0,1491]
  - 1 in [0,1493]
  - 1 in [0,2219]
  - 1 in [0,2220]
  - 1 in [0,2222]
  - 1 in [0,2226]
  - 2 in [0,2231]
  - 1 in [0,2235]
  - 1 in [0,2237]
  - 1 in [0,2238]
  - 1 in [0,2242]
  - 1 in [0,7335]
  - 1 in [0,7350]
  - 1 in [0,7365]
  - 1 in [0,7370]
  - 2 in [0,7400]
  - 1 in [0,7410]
  - 14 in [0,7420]
  - 1 in [0,7425]
  - 12 in [0,7430]
  - 1 in [0,7435]
  - 1 in [0,7450]
  - 1 in [0,7455]
  - 1 in [0,7465]
  - 14 in [0,11250]
  - 108 in [0,225000]
  - 1 in [1,737]
  - 1 in [1,738]
  - 1 in [3,737]
  - 1 in [15,3742]
  - 1 in [21,3739]
  - 1 in [23,3750]
  - 1 in [31,3749]
  - 1 in [50,3747]
  - 1 in [53,3750]
  - 1 in [300,221100]
  - 1 in [300,221400]
  - 2 in [300,222300]
  - 2 in [300,222600]
  - 1 in [300,222900]
  - 1 in [300,223200]
  - 1 in [300,223500]
  - 2 in [300,223800]
  - 2 in [300,223920]
  - 2 in [300,224100]
  - 2 in [300,224280]
  - 2 in [300,224339]
  - 4 in [300,224340]
  - 2 in [300,224793]
  - 4 in [300,225000]
  - 1 in [900,221100]
  - 1 in [900,221400]
  - 1 in [900,221921]
  - 1 in [900,223200]
  - 1 in [900,223500]
  - 2 in [900,223680]
  - 2 in [900,224040]
  - 2 in [900,224520]
  - 2 in [900,224700]
  - 2 in [900,225000]
  - 2 in [1200,224280]
  - 4 in [1260,224340]
  - 2 in [1500,221921]
  - 1 in [1860,224995]
  - 1 in [1865,225000]
  - 2 in [2038,224220]
  - 2 in [2149,224640]
  - 3 in [2401,224340]
  - 3 in [2587,224520]
  - 2 in [2588,224100]
  - 2 in [2760,224400]
  - 3 in [2777,223860]
  - 2 in [2908,224780]
  - 2 in [2940,224820]
  - 4 in [3000,224820]
  - 4 in [3180,225000]
  - 3 in [3213,224700]
  - 4 in [4039,224460]
  - 3 in [4140,224520]
#kAtMostOne: 972 (#literals: 7'225)
#kBoolAnd: 19 (#enforced: 19) (#literals: 38)
#kExactlyOne: 18 (#literals: 54)
#kLinear1: 5 (#enforced: 5)
#kLinear2: 598 (#enforced: 432 #multi: 33)
#kLinear3: 1'050 (#enforced: 3)
#kLinearN: 462 (#terms: 3'653)

Preloading model.
#Bound   1.67s best:inf   next:[224304,15425952] initial_domain
[Symmetry] Graph for symmetry has 7'565 nodes and 18'335 arcs.
[Symmetry] Symmetry computation done. time: 0.00173243 dtime: 0.00212587
[Symmetry] #generators: 1, average support size: 2
#Model   1.67s var:1919/1919 constraints:3124/3124

Starting search at 1.67s with 32 workers.
16 full problem subsolvers: [core, default_lp, lb_tree_search, max_lp, no_lp, objective_lb_search, objective_lb_search_max_lp, objective_lb_search_no_lp, objective_shaving_search_max_lp, objective_shaving_search_no_lp, probing, probing_max_lp, pseudo_costs, quick_restart, quick_restart_no_lp, reduced_costs]
14 first solution subsolvers: [fj_long_default, fj_long_lin_default, fj_long_random, fj_short_default, fj_short_lin_default, fj_short_lin_random, fj_short_random, fs_random(2), fs_random_no_lp(2), fs_random_quick_restart(2), fs_random_quick_restart_no_lp]
11 incomplete subsolvers: [feasibility_pump, graph_arc_lns, graph_cst_lns, graph_dec_lns, graph_var_lns, rins/rens, rnd_cst_lns, rnd_var_lns, violation_ls(3)]
3 helper subsolvers: [neighborhood_helper, synchronization_agent, update_gap_integral]
#1       1.91s best:15425952 next:[224304,15425948] fj_long_default(batch:1 #lin_moves:5'794 #lin_evals:10'505 #weight_updates:396)
#Bound   1.91s best:15425952 next:[224308,15425948] objective_shaving_search_no_lp (vars=1700 csts=2042)
#2       1.91s best:15425884 next:[224308,15425880] violation_ls(batch:1 #solutions_imported:1 #lin_moves:6 #lin_evals:43 #weight_updates:4)
#3       1.91s best:15425816 next:[224308,15425812] violation_ls(batch:1 #solutions_imported:1 #lin_moves:0 #lin_evals:427 #gen_moves:7 #gen_evals:0 #comp_moves:3 #backtracks:2 #weight_updates:0)
#4       1.93s best:15425748 next:[224308,15425744] violation_ls(batch:2 #solutions_imported:2 #lin_moves:0 #lin_evals:5'034 #gen_moves:95 #gen_evals:0 #comp_moves:9 #backtracks:43 #weight_updates:1)
#Bound   1.95s best:15425748 next:[224312,15425744] objective_shaving_search_no_lp (vars=1919 csts=3125)
#Bound   1.96s best:15425748 next:[224316,15425744] objective_shaving_search_no_lp (vars=1919 csts=3125)
#5       1.96s best:15425680 next:[224316,15425676] violation_ls(batch:3 #solutions_imported:3 #lin_moves:3 #lin_evals:5'068 #gen_moves:95 #gen_evals:0 #comp_moves:9 #backtracks:43 #weight_updates:3)
#6       1.96s best:15425612 next:[224316,15425608] violation_ls(batch:3 #solutions_imported:3 #lin_moves:12 #lin_evals:5'209 #gen_moves:104 #gen_evals:0 #comp_moves:6 #backtracks:49 #weight_updates:10)
#7       1.96s best:15425544 next:[224316,15425540] violation_ls(batch:3 #solutions_imported:3 #lin_moves:0 #lin_evals:8'449 #gen_moves:211 #gen_evals:0 #comp_moves:15 #backtracks:98 #weight_updates:2)
#Bound   1.97s best:15425544 next:[224320,15425540] objective_shaving_search_max_lp (vars=1919 csts=3125)
#8       2.25s best:15420528 next:[224320,15420524] graph_arc_lns (d=0.50 s=52 t=0.10 p=0.00 stall=0 h=auto_l0)
#Bound   2.26s best:15420528 next:[224324,15420524] objective_shaving_search_no_lp (vars=1919 csts=3125)
#Bound   2.27s best:15420528 next:[224328,15420524] objective_shaving_search_max_lp (vars=1919 csts=3125)
#9       2.27s best:15420460 next:[224328,15420456] violation_ls(batch:4 #solutions_imported:4 #lin_moves:3 #lin_evals:5'095 #gen_moves:98 #gen_evals:0 #comp_moves:12 #backtracks:43 #weight_updates:3)
#10      2.27s best:15420392 next:[224328,15420388] violation_ls(batch:4 #solutions_imported:4 #lin_moves:13 #lin_evals:5'236 #gen_moves:104 #gen_evals:0 #comp_moves:6 #backtracks:49 #weight_updates:10)
#11      2.27s best:15420324 next:[224328,15420320] violation_ls(batch:4 #solutions_imported:4 #lin_moves:0 #lin_evals:9'253 #gen_moves:222 #gen_evals:0 #comp_moves:18 #backtracks:102 #weight_updates:2)
#Bound   2.28s best:15420324 next:[289584,15420320] pseudo_costs
#Bound   2.32s best:15420324 next:[295436,15420320] pseudo_costs
#Bound   2.33s best:15420324 next:[354864,15420320] reduced_costs
#12      2.56s best:15420256 next:[354864,15420252] rnd_cst_lns (d=0.50 s=72 t=0.10 p=0.00 stall=0 h=auto_l0)
#Bound   3.05s best:15420256 next:[356488,15420252] default_lp
#Bound   3.14s best:15420256 next:[356528,15420252] default_lp
#Bound   3.14s best:15420256 next:[356784,15420252] default_lp
#Bound   3.21s best:15420256 next:[356980,15420252] default_lp
#Bound   3.30s best:15420256 next:[357040,15420252] default_lp
#Model   3.86s var:1918/1919 constraints:3123/3124
#Model   4.47s var:1917/1919 constraints:3122/3124
#Model   4.94s var:1916/1919 constraints:3122/3124
#Model   5.05s var:1915/1919 constraints:3122/3124
#Model   5.35s var:1914/1919 constraints:3121/3124
#Model   5.55s var:1913/1919 constraints:3121/3124
#Model   7.66s var:1912/1919 constraints:3121/3124
#Model   7.86s var:1911/1919 constraints:3120/3124
#Model   8.17s var:1910/1919 constraints:3120/3124
#Model   8.67s var:1908/1919 constraints:3120/3124
#Model   8.88s var:1907/1919 constraints:3119/3124
#Model   8.98s var:1906/1919 constraints:3118/3124
#Model   9.38s var:1905/1919 constraints:3118/3124
#Model  10.19s var:1904/1919 constraints:3118/3124
#Model  10.29s var:1903/1919 constraints:3117/3124
#Model  10.39s var:1902/1919 constraints:3116/3124
#Model  10.80s var:1901/1919 constraints:3115/3124
#Model  11.90s var:1900/1919 constraints:3114/3124
#Model  12.51s var:1899/1919 constraints:3112/3124
#Model  12.71s var:1898/1919 constraints:3112/3124
#Model  13.12s var:1897/1919 constraints:3111/3124
#Model  15.02s var:1896/1919 constraints:3111/3124
#Model  15.83s var:1895/1919 constraints:3110/3124
#Model  17.43s var:1894/1919 constraints:3109/3124
#Model  17.64s var:1893/1919 constraints:3109/3124
#Model  18.44s var:1892/1919 constraints:3109/3124
#Model  19.34s var:1891/1919 constraints:3108/3124
#Model  22.35s var:1890/1919 constraints:3108/3124
#Model  26.06s var:1889/1919 constraints:3108/3124
#13     31.55s best:15415072 next:[357040,15415068] quick_restart_no_lp (fixed_bools=204/2677)
#14     33.16s best:15408320 next:[357040,15408316] quick_restart_no_lp (fixed_bools=217/2732)
#Model  63.79s var:1888/1919 constraints:3108/3124
#15    192.45s best:15407392 next:[357040,15407388] no_lp (fixed_bools=275/3480)
#16    210.16s best:1127392 next:[357040,1127388] core (fixed_bools=274/3069)
#17    400.82s best:1122748 next:[357040,1122744] core (fixed_bools=537/4712)
#Model 642.39s var:1887/1919 constraints:3104/3124
#Bound 944.95s best:1122748 next:[357044,1122744] lb_tree_search
#Bound 945.14s best:1122748 next:[357056,1122744] lb_tree_search
#Bound 945.32s best:1122748 next:[357100,1122744] lb_tree_search
#Bound 945.49s best:1122748 next:[357108,1122744] lb_tree_search
#Bound 1219.98s best:1122748 next:[358944,1122744] max_lp
#Model 1298.44s var:1886/1919 constraints:3104/3124
#Bound 2661.94s best:1122748 next:[363024,1122744] pseudo_costs
#Bound 3193.02s best:1122748 next:[363028,1122744] max_lp
#Bound 3193.28s best:1122748 next:[363092,1122744] max_lp
#Bound 3193.52s best:1122748 next:[363952,1122744] max_lp
#Bound 3193.94s best:1122748 next:[365200,1122744] max_lp
#18    4996.95s best:1109352 next:[365200,1109348] core (fixed_bools=878/11117)
#19    4996.97s best:1108944 next:[365200,1108940] core (fixed_bools=878/11131)
#20    4997.06s best:1101192 next:[365200,1101188] core (fixed_bools=878/11151)
#Bound 5041.73s best:1101192 next:[365204,1101188] objective_lb_search_max_lp
#Bound 5043.05s best:1101192 next:[366620,1101188] objective_lb_search_max_lp
#Bound 5043.77s best:1101192 next:[368156,1101188] objective_lb_search_max_lp
#Bound 5045.62s best:1101192 next:[368592,1101188] objective_lb_search_max_lp
#Bound 5046.80s best:1101192 next:[368596,1101188] objective_lb_search_max_lp
#Bound 5047.38s best:1101192 next:[368600,1101188] objective_lb_search_max_lp
#Bound 5048.02s best:1101192 next:[368736,1101188] objective_lb_search_max_lp
#Bound 5048.50s best:1101192 next:[369280,1101188] objective_lb_search_max_lp
#Bound 5759.80s best:1101192 next:[369284,1101188] max_lp
#Bound 5761.27s best:1101192 next:[369336,1101188] max_lp
#Bound 5761.64s best:1101192 next:[370308,1101188] max_lp
#Bound 5761.99s best:1101192 next:[370912,1101188] max_lp
#Bound 5762.46s best:1101192 next:[370964,1101188] max_lp
#Bound 5762.94s best:1101192 next:[371028,1101188] max_lp
#Bound 5763.45s best:1101192 next:[371076,1101188] max_lp
#Bound 5764.70s best:1101192 next:[371112,1101188] max_lp
#Bound 5767.33s best:1101192 next:[371120,1101188] max_lp
#Bound 5767.86s best:1101192 next:[371636,1101188] max_lp
#Bound 5768.25s best:1101192 next:[371688,1101188] max_lp
#Bound 5774.63s best:1101192 next:[371964,1101188] max_lp
#Bound 5774.91s best:1101192 next:[372052,1101188] max_lp
#Bound 5777.68s best:1101192 next:[372108,1101188] max_lp
#Bound 5828.67s best:1101192 next:[372352,1101188] max_lp
#Bound 5828.99s best:1101192 next:[372408,1101188] max_lp
#Bound 5829.60s best:1101192 next:[372536,1101188] max_lp
#Bound 5837.73s best:1101192 next:[372564,1101188] max_lp
#Bound 5838.13s best:1101192 next:[372588,1101188] max_lp
#Bound 5838.52s best:1101192 next:[372596,1101188] max_lp
#Bound 5839.23s best:1101192 next:[372632,1101188] max_lp
#Bound 5842.81s best:1101192 next:[372656,1101188] max_lp
#Bound 5846.29s best:1101192 next:[372660,1101188] max_lp
#21    5861.17s best:1091232 next:[372660,1091228] no_lp (fixed_bools=1286/11029)
#22    5861.49s best:1087152 next:[372660,1087148] no_lp (fixed_bools=1286/11046)
#Bound 5865.91s best:1087152 next:[372672,1087148] max_lp
#Bound 5868.18s best:1087152 next:[372676,1087148] max_lp
#Bound 5868.68s best:1087152 next:[372680,1087148] max_lp
#Bound 5871.42s best:1087152 next:[372700,1087148] max_lp
#Bound 5871.87s best:1087152 next:[372716,1087148] max_lp
#Bound 5872.54s best:1087152 next:[372728,1087148] max_lp
#Bound 5873.00s best:1087152 next:[372748,1087148] max_lp
#Bound 5873.44s best:1087152 next:[372756,1087148] max_lp
#Bound 5873.72s best:1087152 next:[372768,1087148] max_lp
#Bound 5874.11s best:1087152 next:[372772,1087148] max_lp
#Bound 5874.81s best:1087152 next:[372776,1087148] max_lp
#Bound 5875.16s best:1087152 next:[372780,1087148] max_lp
#Bound 5875.52s best:1087152 next:[372800,1087148] max_lp
#Bound 5875.75s best:1087152 next:[372804,1087148] max_lp
#Bound 5875.97s best:1087152 next:[372816,1087148] max_lp
#Bound 5876.21s best:1087152 next:[372836,1087148] max_lp
#Bound 5876.47s best:1087152 next:[372920,1087148] max_lp
#Bound 5876.78s best:1087152 next:[372936,1087148] max_lp
#Bound 5910.58s best:1087152 next:[372940,1087148] max_lp
#Bound 5911.87s best:1087152 next:[372972,1087148] max_lp
#Bound 5912.84s best:1087152 next:[373128,1087148] max_lp
#Bound 5913.82s best:1087152 next:[373204,1087148] max_lp
#Bound 5916.88s best:1087152 next:[373232,1087148] max_lp
#Bound 5917.99s best:1087152 next:[373236,1087148] max_lp
#Bound 5921.13s best:1087152 next:[373248,1087148] max_lp
#Bound 5921.63s best:1087152 next:[373252,1087148] max_lp
#Bound 5926.89s best:1087152 next:[373256,1087148] max_lp
#Bound 5929.22s best:1087152 next:[373272,1087148] max_lp
#Bound 5929.76s best:1087152 next:[373288,1087148] max_lp
#Bound 5930.32s best:1087152 next:[373296,1087148] max_lp
#Bound 5931.33s best:1087152 next:[373300,1087148] max_lp
#Bound 6370.64s best:1087152 next:[373324,1087148] max_lp
#Bound 6556.37s best:1087152 next:[373360,1087148] max_lp
#Bound 6583.23s best:1087152 next:[373384,1087148] max_lp
#Bound 6583.83s best:1087152 next:[373388,1087148] max_lp
#Bound 6584.59s best:1087152 next:[373440,1087148] max_lp
#Bound 6585.16s best:1087152 next:[373444,1087148] max_lp
#Bound 6585.91s best:1087152 next:[373456,1087148] max_lp
#Bound 6586.19s best:1087152 next:[373460,1087148] max_lp
#Bound 6586.66s best:1087152 next:[373492,1087148] max_lp
#Bound 6589.40s best:1087152 next:[373496,1087148] max_lp
#Bound 6590.92s best:1087152 next:[373508,1087148] max_lp
#Bound 6591.26s best:1087152 next:[373512,1087148] max_lp
#Bound 6591.89s best:1087152 next:[373516,1087148] max_lp
#Bound 6594.21s best:1087152 next:[373520,1087148] max_lp
#Bound 6594.58s best:1087152 next:[373524,1087148] max_lp
#Bound 6594.86s best:1087152 next:[373552,1087148] max_lp
#Bound 6595.44s best:1087152 next:[373556,1087148] max_lp
#Bound 6595.65s best:1087152 next:[373564,1087148] max_lp
#Bound 6596.37s best:1087152 next:[373580,1087148] max_lp
#Bound 6596.87s best:1087152 next:[373632,1087148] max_lp
#Bound 6597.36s best:1087152 next:[373640,1087148] max_lp
#Bound 6597.57s best:1087152 next:[373644,1087148] max_lp
#Bound 6597.76s best:1087152 next:[373648,1087148] max_lp
#Bound 6598.05s best:1087152 next:[373672,1087148] max_lp
#Bound 6598.35s best:1087152 next:[373720,1087148] max_lp
#Bound 6598.60s best:1087152 next:[373724,1087148] max_lp
#Bound 6598.87s best:1087152 next:[373732,1087148] max_lp
#Bound 6599.15s best:1087152 next:[373764,1087148] max_lp
#Bound 6599.35s best:1087152 next:[373768,1087148] max_lp
#Bound 6600.36s best:1087152 next:[373780,1087148] max_lp
#Bound 6600.56s best:1087152 next:[373800,1087148] max_lp
#Bound 6600.89s best:1087152 next:[373804,1087148] max_lp
#Bound 6601.15s best:1087152 next:[373836,1087148] max_lp
#Bound 6601.42s best:1087152 next:[373840,1087148] max_lp
#Bound 6603.12s best:1087152 next:[373904,1087148] max_lp
#Bound 6650.31s best:1087152 next:[373908,1087148] max_lp
#Bound 6650.51s best:1087152 next:[373916,1087148] max_lp
#Bound 6650.73s best:1087152 next:[373920,1087148] max_lp
#Bound 6650.93s best:1087152 next:[373952,1087148] max_lp
#Bound 6651.14s best:1087152 next:[373972,1087148] max_lp
#Bound 6652.03s best:1087152 next:[373988,1087148] max_lp
#Bound 6652.25s best:1087152 next:[374004,1087148] max_lp
#Bound 6652.46s best:1087152 next:[374008,1087148] max_lp
#Bound 6652.73s best:1087152 next:[374016,1087148] max_lp
#Bound 6652.98s best:1087152 next:[374036,1087148] max_lp
#Bound 6653.03s best:1087152 next:[374044,1087148] max_lp
#Bound 6653.26s best:1087152 next:[374104,1087148] max_lp
#Bound 6653.92s best:1087152 next:[374188,1087148] max_lp
#Bound 6655.14s best:1087152 next:[374192,1087148] max_lp
#Bound 6656.33s best:1087152 next:[374196,1087148] max_lp
#Bound 6656.59s best:1087152 next:[374212,1087148] max_lp
#Bound 6657.02s best:1087152 next:[374216,1087148] max_lp
#Bound 6657.52s best:1087152 next:[374220,1087148] max_lp
#Bound 6657.96s best:1087152 next:[374264,1087148] max_lp
#Bound 6658.36s best:1087152 next:[374268,1087148] max_lp
#Bound 6658.64s best:1087152 next:[374320,1087148] max_lp
#Bound 6660.28s best:1087152 next:[374324,1087148] max_lp
#Bound 6661.12s best:1087152 next:[374352,1087148] max_lp
#Bound 6662.14s best:1087152 next:[374380,1087148] max_lp
#Bound 6664.80s best:1087152 next:[374384,1087148] max_lp
#Bound 6665.24s best:1087152 next:[374388,1087148] max_lp
#Bound 6666.35s best:1087152 next:[374392,1087148] max_lp
#Bound 6666.75s best:1087152 next:[374416,1087148] max_lp
#Bound 6667.03s best:1087152 next:[374424,1087148] max_lp
#Bound 6668.16s best:1087152 next:[374436,1087148] max_lp
#Bound 6668.66s best:1087152 next:[374448,1087148] max_lp
#Bound 6670.08s best:1087152 next:[374460,1087148] max_lp
#Bound 6670.78s best:1087152 next:[374500,1087148] max_lp
#Bound 6671.49s best:1087152 next:[374516,1087148] max_lp
#Bound 6677.30s best:1087152 next:[374528,1087148] max_lp
#Bound 6678.07s best:1087152 next:[374536,1087148] max_lp
#Bound 6679.76s best:1087152 next:[374552,1087148] max_lp
#Bound 6680.30s best:1087152 next:[374584,1087148] max_lp
#Bound 6681.18s best:1087152 next:[374592,1087148] max_lp
#Bound 6681.68s best:1087152 next:[374600,1087148] max_lp
#Bound 6681.94s best:1087152 next:[374608,1087148] max_lp
#Bound 6682.28s best:1087152 next:[374612,1087148] max_lp
#Bound 6682.84s best:1087152 next:[374616,1087148] max_lp
#Bound 6683.19s best:1087152 next:[374648,1087148] max_lp
#Bound 6688.96s best:1087152 next:[374652,1087148] max_lp
#Bound 6693.08s best:1087152 next:[374664,1087148] max_lp
#Bound 6693.73s best:1087152 next:[374668,1087148] max_lp
#Bound 6695.05s best:1087152 next:[374672,1087148] max_lp
#Bound 6695.38s best:1087152 next:[374684,1087148] max_lp
#Bound 6695.95s best:1087152 next:[374736,1087148] max_lp
#Bound 6696.59s best:1087152 next:[374740,1087148] max_lp
#Bound 6697.06s best:1087152 next:[374788,1087148] max_lp
#Bound 6705.13s best:1087152 next:[374796,1087148] max_lp
#Bound 6705.53s best:1087152 next:[374804,1087148] max_lp
#Bound 6705.95s best:1087152 next:[374848,1087148] max_lp
#Bound 6706.36s best:1087152 next:[374864,1087148] max_lp
#Bound 6706.66s best:1087152 next:[374872,1087148] max_lp
#Bound 6706.87s best:1087152 next:[374904,1087148] max_lp
#Bound 6707.08s best:1087152 next:[374944,1087148] max_lp
#Bound 6707.74s best:1087152 next:[374992,1087148] max_lp
#Bound 6708.08s best:1087152 next:[375000,1087148] max_lp
#Bound 6708.46s best:1087152 next:[375004,1087148] max_lp
#Bound 6708.79s best:1087152 next:[375012,1087148] max_lp
#Bound 6709.12s best:1087152 next:[375024,1087148] max_lp
#Bound 6709.55s best:1087152 next:[375028,1087148] max_lp
#Bound 6710.21s best:1087152 next:[375036,1087148] max_lp
#Bound 6710.61s best:1087152 next:[375080,1087148] max_lp
#Bound 6710.89s best:1087152 next:[375084,1087148] max_lp
#Bound 6711.37s best:1087152 next:[375096,1087148] max_lp
#Bound 6711.62s best:1087152 next:[375128,1087148] max_lp
#Bound 6713.54s best:1087152 next:[375132,1087148] max_lp
#Bound 6714.38s best:1087152 next:[375136,1087148] max_lp
#Bound 6715.26s best:1087152 next:[375140,1087148] max_lp
#Bound 6715.57s best:1087152 next:[375144,1087148] max_lp
#Bound 6719.33s best:1087152 next:[375192,1087148] max_lp
#Bound 6720.34s best:1087152 next:[375196,1087148] max_lp
#Bound 6724.54s best:1087152 next:[375208,1087148] max_lp
#Bound 6724.82s best:1087152 next:[375228,1087148] max_lp
#Bound 6729.77s best:1087152 next:[375240,1087148] max_lp
#Bound 6731.45s best:1087152 next:[375272,1087148] max_lp
#Bound 6732.09s best:1087152 next:[375276,1087148] max_lp
#Bound 6733.43s best:1087152 next:[375352,1087148] max_lp
#Bound 6735.23s best:1087152 next:[375364,1087148] max_lp
#Bound 6737.16s best:1087152 next:[375368,1087148] max_lp
#Bound 6740.14s best:1087152 next:[375372,1087148] max_lp
#Bound 6740.69s best:1087152 next:[375376,1087148] max_lp
#Bound 6741.23s best:1087152 next:[375396,1087148] max_lp
#Bound 6742.04s best:1087152 next:[375400,1087148] max_lp
#Bound 6742.72s best:1087152 next:[375412,1087148] max_lp
#Bound 6743.13s best:1087152 next:[375448,1087148] max_lp
#Bound 6743.40s best:1087152 next:[375480,1087148] max_lp
#Bound 6743.73s best:1087152 next:[375484,1087148] max_lp
#Bound 6744.03s best:1087152 next:[375488,1087148] max_lp
#Bound 6744.08s best:1087152 next:[375492,1087148] max_lp
#Bound 6744.53s best:1087152 next:[375520,1087148] max_lp
#Bound 6745.12s best:1087152 next:[375528,1087148] max_lp
#Bound 6745.19s best:1087152 next:[375532,1087148] max_lp
#Bound 6745.57s best:1087152 next:[375544,1087148] max_lp
#Bound 6745.88s best:1087152 next:[375564,1087148] max_lp
#Bound 6746.23s best:1087152 next:[375568,1087148] max_lp
#Bound 6746.32s best:1087152 next:[375576,1087148] max_lp
#Bound 6746.61s best:1087152 next:[375588,1087148] max_lp
#Bound 6746.89s best:1087152 next:[375604,1087148] max_lp
#Bound 6747.25s best:1087152 next:[375608,1087148] max_lp
#Bound 6747.56s best:1087152 next:[375612,1087148] max_lp
#Bound 6747.94s best:1087152 next:[375624,1087148] max_lp
#Bound 6748.37s best:1087152 next:[375680,1087148] max_lp
#Bound 6748.91s best:1087152 next:[375684,1087148] max_lp
#Bound 6749.34s best:1087152 next:[375692,1087148] max_lp
#Bound 6751.51s best:1087152 next:[375700,1087148] max_lp
#Bound 6752.47s best:1087152 next:[375708,1087148] max_lp
#Bound 6772.45s best:1087152 next:[375712,1087148] max_lp
#Bound 6814.87s best:1087152 next:[375716,1087148] max_lp
#Bound 6815.10s best:1087152 next:[375720,1087148] max_lp
#Bound 6815.77s best:1087152 next:[375724,1087148] max_lp
#Bound 6821.13s best:1087152 next:[375732,1087148] max_lp
#Bound 6822.05s best:1087152 next:[375756,1087148] max_lp
#Bound 6822.92s best:1087152 next:[375764,1087148] max_lp
#Bound 6823.34s best:1087152 next:[375768,1087148] max_lp
#Bound 6825.51s best:1087152 next:[375772,1087148] max_lp
#Bound 6841.52s best:1087152 next:[375776,1087148] max_lp
#Bound 6841.88s best:1087152 next:[375780,1087148] max_lp
#Bound 6842.23s best:1087152 next:[375784,1087148] max_lp
#Bound 6842.89s best:1087152 next:[375788,1087148] max_lp
#Bound 6844.13s best:1087152 next:[375792,1087148] max_lp
#Bound 6844.47s best:1087152 next:[375796,1087148] max_lp
#Bound 6845.00s best:1087152 next:[375800,1087148] max_lp
#Bound 6845.30s best:1087152 next:[375804,1087148] max_lp
#Bound 6845.64s best:1087152 next:[375816,1087148] max_lp
#Bound 6846.10s best:1087152 next:[375828,1087148] max_lp
#Bound 6846.64s best:1087152 next:[375832,1087148] max_lp
#Bound 6846.89s best:1087152 next:[375840,1087148] max_lp
#Bound 6846.93s best:1087152 next:[375848,1087148] max_lp
#Bound 6847.46s best:1087152 next:[375852,1087148] max_lp
#Bound 6847.83s best:1087152 next:[375872,1087148] max_lp
#Bound 6850.40s best:1087152 next:[375876,1087148] max_lp
#Bound 6850.93s best:1087152 next:[375880,1087148] max_lp
#Bound 6851.48s best:1087152 next:[375888,1087148] max_lp
#Bound 6851.91s best:1087152 next:[375896,1087148] max_lp
#Bound 6852.45s best:1087152 next:[375908,1087148] max_lp
#Bound 6852.78s best:1087152 next:[375916,1087148] max_lp
#Bound 6853.12s best:1087152 next:[375944,1087148] max_lp
#Bound 6858.41s best:1087152 next:[375992,1087148] max_lp
#Bound 6858.73s best:1087152 next:[376128,1087148] max_lp
#Bound 6859.19s best:1087152 next:[376752,1087148] max_lp
#Bound 6859.77s best:1087152 next:[376756,1087148] max_lp
#Bound 6860.49s best:1087152 next:[376776,1087148] max_lp
#Bound 6861.01s best:1087152 next:[377380,1087148] max_lp
#Bound 6861.64s best:1087152 next:[377892,1087148] max_lp
#Bound 6861.70s best:1087152 next:[377956,1087148] max_lp
#Bound 6862.29s best:1087152 next:[378380,1087148] max_lp
#Bound 6862.90s best:1087152 next:[378696,1087148] max_lp
#Bound 6862.96s best:1087152 next:[379344,1087148] max_lp
#Bound 7094.26s best:1087152 next:[379348,1087148] max_lp
#Bound 7095.58s best:1087152 next:[379368,1087148] max_lp
#Bound 7095.94s best:1087152 next:[379392,1087148] max_lp
#Bound 7096.39s best:1087152 next:[379412,1087148] max_lp
#Bound 7097.79s best:1087152 next:[379416,1087148] max_lp
#Bound 7097.84s best:1087152 next:[379428,1087148] max_lp
#Bound 7098.31s best:1087152 next:[379436,1087148] max_lp
#Bound 7098.63s best:1087152 next:[379460,1087148] max_lp
#Bound 7101.87s best:1087152 next:[379484,1087148] max_lp
#Bound 7101.90s best:1087152 next:[379492,1087148] max_lp
#Bound 7103.27s best:1087152 next:[379564,1087148] max_lp
#Bound 7103.64s best:1087152 next:[379576,1087148] max_lp
#Bound 7104.87s best:1087152 next:[379580,1087148] max_lp
#Bound 7105.42s best:1087152 next:[379608,1087148] max_lp
#Bound 7105.74s best:1087152 next:[379644,1087148] max_lp
#Bound 7106.35s best:1087152 next:[379664,1087148] max_lp
#Bound 7106.86s best:1087152 next:[379684,1087148] max_lp
#Bound 7106.93s best:1087152 next:[379696,1087148] max_lp
#Bound 7107.47s best:1087152 next:[379728,1087148] max_lp
#Bound 7107.93s best:1087152 next:[379744,1087148] max_lp
#Bound 7108.33s best:1087152 next:[379752,1087148] max_lp
#Bound 7108.70s best:1087152 next:[379768,1087148] max_lp
#Bound 7111.38s best:1087152 next:[379776,1087148] max_lp
#Bound 7111.88s best:1087152 next:[379796,1087148] max_lp
#Bound 7111.93s best:1087152 next:[379800,1087148] max_lp
#Bound 7112.30s best:1087152 next:[379804,1087148] max_lp
#Bound 7112.61s best:1087152 next:[379808,1087148] max_lp
#Bound 7112.88s best:1087152 next:[379820,1087148] max_lp
#Bound 7113.27s best:1087152 next:[379824,1087148] max_lp
#Bound 7113.62s best:1087152 next:[379832,1087148] max_lp
#Bound 7114.04s best:1087152 next:[379848,1087148] max_lp
#Bound 7114.51s best:1087152 next:[379852,1087148] max_lp
#Bound 7115.32s best:1087152 next:[379860,1087148] max_lp
#Bound 7115.37s best:1087152 next:[379864,1087148] max_lp
#Bound 7115.73s best:1087152 next:[379872,1087148] max_lp
#Bound 7132.06s best:1087152 next:[379884,1087148] max_lp
#Bound 7133.13s best:1087152 next:[379888,1087148] max_lp
#Bound 7133.67s best:1087152 next:[379896,1087148] max_lp
#Bound 7139.63s best:1087152 next:[379904,1087148] max_lp
#Bound 7140.32s best:1087152 next:[379916,1087148] max_lp
#Bound 7144.63s best:1087152 next:[379924,1087148] max_lp
#Bound 7144.94s best:1087152 next:[379940,1087148] max_lp
#Bound 7145.23s best:1087152 next:[379944,1087148] max_lp
#Bound 7147.30s best:1087152 next:[379948,1087148] max_lp
#Bound 7147.54s best:1087152 next:[379952,1087148] max_lp
#Bound 7148.03s best:1087152 next:[379956,1087148] max_lp
#Bound 7148.08s best:1087152 next:[379964,1087148] max_lp
#Bound 7148.91s best:1087152 next:[379984,1087148] max_lp
#Bound 7149.45s best:1087152 next:[380008,1087148] max_lp
#Bound 7150.54s best:1087152 next:[380016,1087148] max_lp
#Bound 7151.17s best:1087152 next:[380028,1087148] max_lp
#Bound 7153.99s best:1087152 next:[380032,1087148] max_lp
#Bound 7154.98s best:1087152 next:[380044,1087148] max_lp
#Bound 7164.23s best:1087152 next:[380048,1087148] max_lp
#Bound 7164.96s best:1087152 next:[380052,1087148] max_lp
#Bound 7165.76s best:1087152 next:[380064,1087148] max_lp
#Bound 7167.06s best:1087152 next:[380096,1087148] max_lp
#Bound 7168.58s best:1087152 next:[380100,1087148] max_lp
#Bound 7170.01s best:1087152 next:[380104,1087148] max_lp
#Bound 7170.05s best:1087152 next:[380108,1087148] max_lp
#Bound 7170.64s best:1087152 next:[380140,1087148] max_lp
#Bound 7171.69s best:1087152 next:[380148,1087148] max_lp
#Bound 7172.07s best:1087152 next:[380168,1087148] max_lp
#Bound 7173.41s best:1087152 next:[380180,1087148] max_lp
#Bound 7173.49s best:1087152 next:[380188,1087148] max_lp
#Bound 7174.57s best:1087152 next:[380192,1087148] max_lp
#Bound 7175.12s best:1087152 next:[380292,1087148] max_lp
#Bound 7176.36s best:1087152 next:[380312,1087148] max_lp
#Bound 7177.71s best:1087152 next:[380316,1087148] max_lp
#Bound 7179.38s best:1087152 next:[380320,1087148] max_lp
#Bound 7197.67s best:1087152 next:[380328,1087148] max_lp
#Bound 7198.25s best:1087152 next:[380344,1087148] max_lp
#Bound 7198.74s best:1087152 next:[380348,1087148] max_lp
#Bound 7200.28s best:1087152 next:[380352,1087148] max_lp
#Bound 7200.67s best:1087152 next:[380368,1087148] max_lp
#Bound 7201.19s best:1087152 next:[380388,1087148] max_lp
#Bound 7201.78s best:1087152 next:[380392,1087148] max_lp
#Bound 7202.53s best:1087152 next:[380396,1087148] max_lp
#Bound 7202.88s best:1087152 next:[380400,1087148] max_lp
#Bound 7203.30s best:1087152 next:[380404,1087148] max_lp
#Bound 7204.47s best:1087152 next:[380408,1087148] max_lp
#Bound 7204.91s best:1087152 next:[380412,1087148] max_lp
#Bound 7205.43s best:1087152 next:[380424,1087148] max_lp
#Bound 7206.04s best:1087152 next:[380428,1087148] max_lp
#Bound 7207.09s best:1087152 next:[380444,1087148] max_lp
#Bound 7209.70s best:1087152 next:[380448,1087148] max_lp
#Bound 7222.08s best:1087152 next:[380468,1087148] max_lp
#Bound 7223.24s best:1087152 next:[380472,1087148] max_lp
#Bound 7223.97s best:1087152 next:[380476,1087148] max_lp
#Bound 7224.82s best:1087152 next:[380488,1087148] max_lp
#Bound 7225.11s best:1087152 next:[380492,1087148] max_lp
#Bound 7225.40s best:1087152 next:[380496,1087148] max_lp
#Bound 7226.01s best:1087152 next:[380504,1087148] max_lp
#Bound 7226.43s best:1087152 next:[380540,1087148] max_lp
#Bound 7234.64s best:1087152 next:[380564,1087148] max_lp
#Bound 7235.95s best:1087152 next:[380568,1087148] max_lp
#Bound 7239.24s best:1087152 next:[380576,1087148] max_lp
#Bound 7239.32s best:1087152 next:[380588,1087148] max_lp
#Bound 7240.11s best:1087152 next:[380636,1087148] max_lp
#Bound 7242.45s best:1087152 next:[380648,1087148] max_lp
#Bound 7244.74s best:1087152 next:[380652,1087148] max_lp
#Bound 7247.52s best:1087152 next:[380668,1087148] max_lp
#Bound 7250.95s best:1087152 next:[380676,1087148] max_lp
#Bound 7273.93s best:1087152 next:[380692,1087148] max_lp
#Bound 7289.46s best:1087152 next:[380732,1087148] max_lp
#Bound 7289.82s best:1087152 next:[380736,1087148] max_lp
#Bound 7294.79s best:1087152 next:[380748,1087148] max_lp
#Bound 7307.74s best:1087152 next:[380768,1087148] max_lp
#Bound 7309.67s best:1087152 next:[380780,1087148] max_lp
#Bound 7310.02s best:1087152 next:[380784,1087148] max_lp
#Bound 7311.78s best:1087152 next:[380788,1087148] max_lp
#Bound 7315.56s best:1087152 next:[380792,1087148] max_lp
#Bound 7323.35s best:1087152 next:[380804,1087148] max_lp
#Bound 7384.18s best:1087152 next:[380832,1087148] max_lp
#Bound 7384.62s best:1087152 next:[380836,1087148] max_lp
#Bound 7390.83s best:1087152 next:[380848,1087148] max_lp
#Bound 7391.18s best:1087152 next:[380852,1087148] max_lp
#Bound 7392.58s best:1087152 next:[380872,1087148] max_lp
#Bound 7479.71s best:1087152 next:[380880,1087148] max_lp
#Bound 7480.17s best:1087152 next:[380884,1087148] max_lp
#Bound 7480.72s best:1087152 next:[380904,1087148] max_lp
#Bound 7482.51s best:1087152 next:[380908,1087148] max_lp
#Bound 7483.05s best:1087152 next:[380912,1087148] max_lp
#Bound 7484.54s best:1087152 next:[380924,1087148] max_lp
#Bound 7486.99s best:1087152 next:[380940,1087148] max_lp
#Bound 7680.64s best:1087152 next:[380972,1087148] max_lp
#Bound 7828.89s best:1087152 next:[380976,1087148] max_lp
#Bound 8129.10s best:1087152 next:[380984,1087148] max_lp
#Bound 8129.15s best:1087152 next:[380988,1087148] max_lp
#Bound 8129.94s best:1087152 next:[380992,1087148] max_lp
#Bound 8132.82s best:1087152 next:[381036,1087148] max_lp
#Bound 8132.92s best:1087152 next:[381040,1087148] max_lp
#Bound 8164.15s best:1087152 next:[381068,1087148] max_lp
#Bound 8164.90s best:1087152 next:[381072,1087148] max_lp
#Bound 8165.93s best:1087152 next:[381076,1087148] max_lp
#Bound 8176.21s best:1087152 next:[381108,1087148] max_lp
#Bound 8187.00s best:1087152 next:[381120,1087148] max_lp
#Bound 8187.53s best:1087152 next:[381128,1087148] max_lp
#Bound 8188.14s best:1087152 next:[381136,1087148] max_lp
#Bound 8188.81s best:1087152 next:[381204,1087148] max_lp
#Bound 8189.28s best:1087152 next:[381228,1087148] max_lp
#Bound 8189.71s best:1087152 next:[381640,1087148] max_lp
#Bound 8190.29s best:1087152 next:[382044,1087148] max_lp
#Bound 8190.94s best:1087152 next:[382052,1087148] max_lp
#Bound 8192.08s best:1087152 next:[382188,1087148] max_lp
#Bound 8192.71s best:1087152 next:[382204,1087148] max_lp
#Bound 8212.16s best:1087152 next:[382228,1087148] max_lp
#Bound 8212.65s best:1087152 next:[382240,1087148] max_lp
#Bound 8279.36s best:1087152 next:[382264,1087148] max_lp
#Bound 8279.82s best:1087152 next:[382292,1087148] max_lp
#Bound 8280.99s best:1087152 next:[382320,1087148] max_lp
#Bound 8281.47s best:1087152 next:[382564,1087148] max_lp
#Bound 8281.96s best:1087152 next:[382700,1087148] max_lp
#Bound 8283.57s best:1087152 next:[382708,1087148] max_lp
#Bound 8284.19s best:1087152 next:[382724,1087148] max_lp
#Bound 8284.92s best:1087152 next:[382748,1087148] max_lp
#Bound 8299.32s best:1087152 next:[382752,1087148] max_lp
#Bound 8299.90s best:1087152 next:[382776,1087148] max_lp
#Bound 8311.63s best:1087152 next:[382780,1087148] max_lp
#Bound 8312.29s best:1087152 next:[382784,1087148] max_lp
#Bound 8312.80s best:1087152 next:[382792,1087148] max_lp
#Bound 8313.31s best:1087152 next:[382824,1087148] max_lp
#Bound 8313.88s best:1087152 next:[382864,1087148] max_lp
#Bound 8314.33s best:1087152 next:[382872,1087148] max_lp
#Bound 8314.82s best:1087152 next:[382876,1087148] max_lp
#Bound 8315.18s best:1087152 next:[382892,1087148] max_lp
#Bound 8315.54s best:1087152 next:[382900,1087148] max_lp
#Bound 8315.96s best:1087152 next:[382912,1087148] max_lp
#Bound 8318.03s best:1087152 next:[382928,1087148] max_lp
#Bound 8318.51s best:1087152 next:[382960,1087148] max_lp
#Bound 8341.38s best:1087152 next:[382968,1087148] max_lp
#Bound 8366.89s best:1087152 next:[383012,1087148] max_lp
#Bound 8372.27s best:1087152 next:[383016,1087148] max_lp
#Bound 8373.01s best:1087152 next:[383060,1087148] max_lp
#Bound 8373.86s best:1087152 next:[383064,1087148] max_lp
#Bound 8374.23s best:1087152 next:[383072,1087148] max_lp
#Bound 8408.94s best:1087152 next:[383080,1087148] max_lp
#Bound 8409.19s best:1087152 next:[383096,1087148] max_lp
#Bound 8409.87s best:1087152 next:[383108,1087148] max_lp
#Bound 8460.43s best:1087152 next:[383140,1087148] max_lp
#Bound 8462.05s best:1087152 next:[383152,1087148] max_lp
#Bound 8462.67s best:1087152 next:[383220,1087148] max_lp
#Bound 8463.32s best:1087152 next:[383232,1087148] max_lp
#Bound 8465.46s best:1087152 next:[383236,1087148] max_lp
#Bound 8466.03s best:1087152 next:[383296,1087148] max_lp
#Bound 8527.46s best:1087152 next:[383308,1087148] max_lp
#Bound 8548.94s best:1087152 next:[383320,1087148] max_lp
#Bound 8549.90s best:1087152 next:[383332,1087148] max_lp
#Bound 8550.41s best:1087152 next:[383348,1087148] max_lp
#Bound 8550.71s best:1087152 next:[383352,1087148] max_lp
#Bound 8551.86s best:1087152 next:[383380,1087148] max_lp
#Bound 8567.35s best:1087152 next:[383384,1087148] max_lp
#Bound 8636.39s best:1087152 next:[383388,1087148] max_lp
#Bound 8638.85s best:1087152 next:[383400,1087148] max_lp
#Bound 8650.54s best:1087152 next:[383424,1087148] max_lp
#Bound 9811.52s best:1087152 next:[383428,1087148] max_lp
#Bound 9813.10s best:1087152 next:[383484,1087148] max_lp
#Bound 9847.35s best:1087152 next:[383488,1087148] max_lp
#Bound 9939.64s best:1087152 next:[383492,1087148] max_lp
#Bound 9998.44s best:1087152 next:[383504,1087148] max_lp
#Bound 9998.64s best:1087152 next:[383520,1087148] max_lp
#Bound 10000.76s best:1087152 next:[383536,1087148] max_lp
#Bound 10001.48s best:1087152 next:[383556,1087148] max_lp
#Bound 10072.65s best:1087152 next:[383560,1087148] max_lp
#Bound 10759.21s best:1087152 next:[383564,1087148] max_lp
#Bound 10759.52s best:1087152 next:[383568,1087148] max_lp
#Bound 10761.26s best:1087152 next:[383584,1087148] max_lp
#Bound 10761.80s best:1087152 next:[383596,1087148] max_lp
#Bound 10762.62s best:1087152 next:[383624,1087148] max_lp
#Bound 10764.02s best:1087152 next:[383628,1087148] max_lp
#Model 10969.43s var:1885/1919 constraints:3103/3124
#23    11247.22s best:1082832 next:[383628,1082828] quick_restart_no_lp (fixed_bools=1537/9105)
#Bound 11381.51s best:1082832 next:[383632,1082828] max_lp
#Bound 11382.70s best:1082832 next:[383640,1082828] max_lp
#Bound 11383.30s best:1082832 next:[383648,1082828] max_lp
#Bound 11383.62s best:1082832 next:[383660,1082828] max_lp
#Bound 11386.86s best:1082832 next:[383688,1082828] max_lp
#Bound 11452.16s best:1082832 next:[383736,1082828] reduced_costs
#Bound 11452.48s best:1082832 next:[383764,1082828] reduced_costs
#Bound 11452.92s best:1082832 next:[383820,1082828] reduced_costs
#Bound 11453.40s best:1082832 next:[383860,1082828] reduced_costs
#Bound 11459.01s best:1082832 next:[384044,1082828] reduced_costs
#Bound 11459.33s best:1082832 next:[384056,1082828] reduced_costs
#Bound 11459.68s best:1082832 next:[384328,1082828] reduced_costs
#Bound 11459.93s best:1082832 next:[384360,1082828] reduced_costs
#Bound 11474.89s best:1082832 next:[384364,1082828] reduced_costs
#Bound 11476.41s best:1082832 next:[384376,1082828] reduced_costs
#Bound 12503.22s best:1082832 next:[384380,1082828] reduced_costs
#Bound 12504.34s best:1082832 next:[384388,1082828] reduced_costs
#Bound 12504.63s best:1082832 next:[384392,1082828] reduced_costs
#Bound 12505.14s best:1082832 next:[384424,1082828] reduced_costs
#Bound 12537.27s best:1082832 next:[384444,1082828] reduced_costs
#Bound 12538.10s best:1082832 next:[384448,1082828] reduced_costs
#Bound 12538.86s best:1082832 next:[384452,1082828] reduced_costs
#Bound 12540.15s best:1082832 next:[384456,1082828] reduced_costs
#Bound 12540.85s best:1082832 next:[384464,1082828] reduced_costs
#Bound 12558.03s best:1082832 next:[384480,1082828] reduced_costs
#Bound 12572.40s best:1082832 next:[384512,1082828] reduced_costs
#Bound 13180.09s best:1082832 next:[384516,1082828] reduced_costs
#Bound 13180.50s best:1082832 next:[384520,1082828] reduced_costs
#Bound 13181.18s best:1082832 next:[384524,1082828] reduced_costs
#Bound 13181.85s best:1082832 next:[384536,1082828] reduced_costs
#Bound 13182.40s best:1082832 next:[384560,1082828] reduced_costs
#Bound 13182.90s best:1082832 next:[384576,1082828] reduced_costs
#Bound 13184.09s best:1082832 next:[384580,1082828] reduced_costs
#Bound 13583.51s best:1082832 next:[384628,1082828] max_lp
#Bound 13609.15s best:1082832 next:[384632,1082828] max_lp
#Bound 13632.13s best:1082832 next:[384648,1082828] max_lp
#Bound 13943.80s best:1082832 next:[384652,1082828] max_lp
#24    14158.44s best:1080848 next:[384652,1080844] quick_restart_no_lp (fixed_bools=1647/10626)
#Bound 14184.44s best:1080848 next:[384696,1080844] max_lp
#Bound 14234.71s best:1080848 next:[384712,1080844] max_lp
#Bound 14255.62s best:1080848 next:[384716,1080844] max_lp
#Bound 14257.58s best:1080848 next:[384736,1080844] max_lp
#Bound 14275.79s best:1080848 next:[384748,1080844] max_lp
#Bound 14276.49s best:1080848 next:[384752,1080844] max_lp
#Bound 14278.02s best:1080848 next:[384760,1080844] max_lp
#Bound 14279.71s best:1080848 next:[384768,1080844] max_lp
#Bound 14281.25s best:1080848 next:[384772,1080844] max_lp
#Bound 14283.48s best:1080848 next:[384792,1080844] max_lp
#Bound 14285.37s best:1080848 next:[384796,1080844] max_lp
#Bound 14286.30s best:1080848 next:[384840,1080844] max_lp
#Bound 14303.92s best:1080848 next:[384852,1080844] max_lp
#Bound 14343.26s best:1080848 next:[384864,1080844] max_lp
#Bound 14344.19s best:1080848 next:[384896,1080844] max_lp
#Bound 14345.05s best:1080848 next:[384920,1080844] max_lp
#Bound 14366.01s best:1080848 next:[384924,1080844] max_lp
#Bound 14366.66s best:1080848 next:[384932,1080844] max_lp
#Bound 14399.90s best:1080848 next:[384936,1080844] max_lp
#Bound 14400.61s best:1080848 next:[384988,1080844] max_lp
#Bound 14432.28s best:1080848 next:[384992,1080844] max_lp
#Bound 14432.94s best:1080848 next:[385000,1080844] max_lp
#Bound 14433.77s best:1080848 next:[385004,1080844] max_lp
#Bound 14435.25s best:1080848 next:[385012,1080844] max_lp
#Bound 14437.11s best:1080848 next:[385016,1080844] max_lp
#Bound 14438.06s best:1080848 next:[385060,1080844] max_lp
#Bound 14439.46s best:1080848 next:[385068,1080844] max_lp
#Bound 14440.47s best:1080848 next:[385076,1080844] max_lp
#Bound 14441.27s best:1080848 next:[385080,1080844] max_lp
#Bound 14443.25s best:1080848 next:[385124,1080844] max_lp
#Bound 14656.56s best:1080848 next:[385128,1080844] max_lp
#Bound 14657.02s best:1080848 next:[385136,1080844] max_lp
#Bound 14657.97s best:1080848 next:[385140,1080844] max_lp
#Bound 14658.42s best:1080848 next:[385152,1080844] max_lp
#Bound 14658.98s best:1080848 next:[385168,1080844] max_lp
#Bound 14659.46s best:1080848 next:[385192,1080844] max_lp
#Bound 14659.92s best:1080848 next:[385196,1080844] max_lp
#Bound 14660.34s best:1080848 next:[385212,1080844] max_lp
#Bound 14665.61s best:1080848 next:[385224,1080844] max_lp
#Bound 14668.04s best:1080848 next:[385260,1080844] max_lp
#Bound 14684.40s best:1080848 next:[385272,1080844] max_lp
#Bound 14685.01s best:1080848 next:[385296,1080844] max_lp
#Bound 14686.67s best:1080848 next:[385328,1080844] max_lp
#25    14772.04s best:886720 next:[385328,886716] core (fixed_bools=1798/19477)
#Bound 14835.28s best:886720 next:[385336,886716] max_lp
#Bound 14835.89s best:886720 next:[385348,886716] max_lp
#Bound 14875.81s best:886720 next:[385352,886716] max_lp
#Bound 14886.85s best:886720 next:[385356,886716] max_lp
#Bound 14888.58s best:886720 next:[385360,886716] max_lp
#Bound 14888.94s best:886720 next:[385364,886716] max_lp
#Bound 14892.38s best:886720 next:[385372,886716] max_lp
#Bound 14892.46s best:886720 next:[385392,886716] max_lp
#Bound 14901.54s best:886720 next:[385396,886716] max_lp
#Bound 14902.73s best:886720 next:[385400,886716] max_lp
#Bound 14903.05s best:886720 next:[385456,886716] max_lp
#Bound 14903.08s best:886720 next:[385464,886716] max_lp
#Bound 14903.64s best:886720 next:[385468,886716] max_lp
#Bound 14904.11s best:886720 next:[385488,886716] max_lp
#Bound 14904.56s best:886720 next:[385504,886716] max_lp
#Bound 14905.05s best:886720 next:[385536,886716] max_lp
#Bound 14906.27s best:886720 next:[385540,886716] max_lp
#Bound 14915.10s best:886720 next:[385548,886716] max_lp
#Bound 14921.87s best:886720 next:[385552,886716] max_lp
#Bound 14932.93s best:886720 next:[385568,886716] max_lp
#Bound 14933.65s best:886720 next:[385596,886716] max_lp
#Bound 14934.56s best:886720 next:[385600,886716] max_lp
#26    15794.71s best:850880 next:[385600,850876] objective_lb_search_no_lp (fixed_bools=3276/21295)
#27    15794.81s best:846800 next:[385600,846796] objective_lb_search_no_lp (fixed_bools=3276/21300)
#Model 16713.90s var:1884/1919 constraints:3102/3124

Task timing                                  n [     min,      max]      avg      dev     time         n [     min,      max]      avg      dev    dtime
                             'core':         1 [   6.00h,    6.00h]    6.00h   0.00ns    6.00h         1 [   3.72h,    3.72h]    3.72h   0.00ns    3.72h
                       'default_lp':         1 [   6.00h,    6.00h]    6.00h   0.00ns    6.00h         1 [  27.48m,   27.48m]   27.48m   0.00ns   27.48m
                 'feasibility_pump':         2 [101.70ms,    2.95s]    1.52s    1.42s    3.05s         1 [755.68ms, 755.68ms] 755.68ms   0.00ns 755.68ms
                  'fj_long_default':         1 [117.14ms, 117.14ms] 117.14ms   0.00ns 117.14ms         1 [ 22.15ms,  22.15ms]  22.15ms   0.00ns  22.15ms
              'fj_long_lin_default':         1 [116.59ms, 116.59ms] 116.59ms   0.00ns 116.59ms         1 [ 19.03ms,  19.03ms]  19.03ms   0.00ns  19.03ms
                   'fj_long_random':         1 [189.08ms, 189.08ms] 189.08ms   0.00ns 189.08ms         1 [ 35.18ms,  35.18ms]  35.18ms   0.00ns  35.18ms
                 'fj_short_default':         2 [131.57ms, 143.71ms] 137.64ms   6.07ms 275.28ms         2 [ 22.34ms,  30.57ms]  26.46ms   4.11ms  52.91ms
             'fj_short_lin_default':         2 [104.88ms, 113.51ms] 109.20ms   4.31ms 218.39ms         2 [ 15.83ms,  26.71ms]  21.27ms   5.44ms  42.54ms
              'fj_short_lin_random':         2 [ 94.39ms, 115.32ms] 104.86ms  10.47ms 209.71ms         2 [ 18.08ms,  26.44ms]  22.26ms   4.18ms  44.53ms
                  'fj_short_random':         1 [123.07ms, 123.07ms] 123.07ms   0.00ns 123.07ms         1 [ 23.02ms,  23.02ms]  23.02ms   0.00ns  23.02ms
                        'fs_random':         1 [228.02ms, 228.02ms] 228.02ms   0.00ns 228.02ms         1 [ 20.00ns,  20.00ns]  20.00ns   0.00ns  20.00ns
                        'fs_random':         1 [230.52ms, 230.52ms] 230.52ms   0.00ns 230.52ms         1 [ 20.00ns,  20.00ns]  20.00ns   0.00ns  20.00ns
                  'fs_random_no_lp':         1 [223.57ms, 223.57ms] 223.57ms   0.00ns 223.57ms         0 [  0.00ns,   0.00ns]   0.00ns   0.00ns   0.00ns
                  'fs_random_no_lp':         1 [224.59ms, 224.59ms] 224.59ms   0.00ns 224.59ms         0 [  0.00ns,   0.00ns]   0.00ns   0.00ns   0.00ns
          'fs_random_quick_restart':         1 [227.39ms, 227.39ms] 227.39ms   0.00ns 227.39ms         1 [ 20.00ns,  20.00ns]  20.00ns   0.00ns  20.00ns
          'fs_random_quick_restart':         1 [230.03ms, 230.03ms] 230.03ms   0.00ns 230.03ms         1 [ 20.00ns,  20.00ns]  20.00ns   0.00ns  20.00ns
    'fs_random_quick_restart_no_lp':         1 [223.52ms, 223.52ms] 223.52ms   0.00ns 223.52ms         0 [  0.00ns,   0.00ns]   0.00ns   0.00ns   0.00ns
                    'graph_arc_lns':         4 [290.49ms,    6.00h]    3.00h    3.00h   12.00h         3 [ 20.00ns, 100.33ms]  66.85ms  47.27ms 200.54ms
                    'graph_cst_lns':         3 [   6.00h,    6.00h]    6.00h  41.72ms   18.00h         1 [ 30.00ns,  30.00ns]  30.00ns   0.00ns  30.00ns
                    'graph_dec_lns':         3 [240.44ms,    6.00h]    4.00h    2.83h   12.00h         2 [ 20.00ns, 100.04ms]  50.02ms  50.02ms 100.04ms
                    'graph_var_lns':         4 [269.71ms,    6.00h]    4.50h    2.60h   18.00h         2 [ 30.00ns, 100.11ms]  50.05ms  50.05ms 100.11ms
                   'lb_tree_search':         1 [   6.00h,    6.00h]    6.00h   0.00ns    6.00h         1 [  22.10m,   22.10m]   22.10m   0.00ns   22.10m
                           'max_lp':         1 [   6.00h,    6.00h]    6.00h   0.00ns    6.00h         1 [  21.33m,   21.33m]   21.33m   0.00ns   21.33m
                            'no_lp':         1 [   6.00h,    6.00h]    6.00h   0.00ns    6.00h         1 [   3.66h,    3.66h]    3.66h   0.00ns    3.66h
              'objective_lb_search':         1 [   6.00h,    6.00h]    6.00h   0.00ns    6.00h         1 [  27.63m,   27.63m]   27.63m   0.00ns   27.63m
       'objective_lb_search_max_lp':         1 [   6.00h,    6.00h]    6.00h   0.00ns    6.00h         1 [  19.60m,   19.60m]   19.60m   0.00ns   19.60m
        'objective_lb_search_no_lp':         1 [   6.00h,    6.00h]    6.00h   0.00ns    6.00h         1 [   3.89h,    3.89h]    3.89h   0.00ns    3.89h
  'objective_shaving_search_max_lp':         4 [  8.48ms, 232.34ms]  68.97ms  94.50ms 275.90ms         1 [ 21.76ms,  21.76ms]  21.76ms   0.00ns  21.76ms
   'objective_shaving_search_no_lp':         4 [  8.75ms, 231.09ms]  68.60ms  94.00ms 274.38ms         1 [ 19.57ms,  19.57ms]  19.57ms   0.00ns  19.57ms
                          'probing':         1 [   6.00h,    6.00h]    6.00h   0.00ns    6.00h         1 [  27.06m,   27.06m]   27.06m   0.00ns   27.06m
                   'probing_max_lp':         1 [   6.00h,    6.00h]    6.00h   0.00ns    6.00h         1 [  19.49m,   19.49m]   19.49m   0.00ns   19.49m
                     'pseudo_costs':         1 [   6.00h,    6.00h]    6.00h   0.00ns    6.00h         1 [  19.47m,   19.47m]   19.47m   0.00ns   19.47m
                    'quick_restart':         1 [   6.00h,    6.00h]    6.00h   0.00ns    6.00h         1 [  29.51m,   29.51m]   29.51m   0.00ns   29.51m
              'quick_restart_no_lp':         1 [   6.00h,    6.00h]    6.00h   0.00ns    6.00h         1 [   2.62h,    2.62h]    2.62h   0.00ns    2.62h
                    'reduced_costs':         1 [   6.00h,    6.00h]    6.00h   0.00ns    6.00h         1 [  20.53m,   20.53m]   20.53m   0.00ns   20.53m
                        'rins/rens':         1 [   6.00h,    6.00h]    6.00h   0.00ns    6.00h         1 [ 10.00ns,  10.00ns]  10.00ns   0.00ns  10.00ns
                      'rnd_cst_lns':         4 [265.96ms,    6.00h]    4.50h    2.60h   18.00h         2 [421.00ns, 100.08ms]  50.04ms  50.04ms 100.08ms
                      'rnd_var_lns':         4 [   6.00h,    6.00h]    6.00h 147.12ms   24.00h         1 [ 40.00ns,  40.00ns]  40.00ns   0.00ns  40.00ns
                     'violation_ls':         4 [326.17us,   4.53ms]   2.39ms   2.02ms   9.56ms         4 [ 11.80us,   1.15ms] 296.65us 490.13us   1.19ms
                     'violation_ls':         4 [406.99us,   4.67ms]   2.47ms   2.01ms   9.90ms         4 [ 10.87us,   1.00ms] 278.39us 419.52us   1.11ms
                     'violation_ls':         4 [445.33us,   6.25ms]   2.93ms   2.40ms  11.71ms         4 [  2.12us,   1.10ms] 561.86us 484.33us   2.25ms

Search stats                         Bools  Conflicts     Branches    Restarts      BoolPropag   IntegerPropag
                           'core':  25'132    769'650  165'284'297  51'852'723  48'796'533'165  11'918'719'076
                     'default_lp':   2'241         24       74'305      43'334       4'004'655       8'947'197
                      'fs_random':   1'607          0        1'200       1'200          27'462         105'270
                      'fs_random':   1'607          0        1'288       1'288          29'003         113'626
                'fs_random_no_lp':   1'607          0        1'082       1'082          24'881          94'863
                'fs_random_no_lp':   1'607          0        1'318       1'318          29'646         116'959
        'fs_random_quick_restart':   1'607          0        1'258       1'258          28'442         110'562
        'fs_random_quick_restart':   1'607          0        1'288       1'288          29'003         113'626
  'fs_random_quick_restart_no_lp':   1'607          0        1'322       1'322          29'740         117'469
                 'lb_tree_search':   2'241          4       45'939      29'069       2'606'020       5'773'473
                         'max_lp':   2'241         15       44'673      28'406       2'535'693       5'628'923
                          'no_lp':  23'712    659'267  160'736'934  52'559'984  44'531'669'567  12'256'824'886
            'objective_lb_search':   2'241         25       74'903      43'621       4'028'798       9'019'810
     'objective_lb_search_max_lp':   2'241         11       43'485      27'824       2'477'591       5'504'823
      'objective_lb_search_no_lp':  23'287    681'027  150'077'055  49'983'960  49'232'441'865  11'528'313'427
                        'probing':   2'241         25       63'184      37'983       3'491'345       7'729'337
                 'probing_max_lp':   2'241         16       44'919      28'794       2'600'901       5'721'964
                   'pseudo_costs':   2'241         19       43'856      28'009       2'496'867       5'546'366
                  'quick_restart':   2'241         30       67'623      39'983       3'682'200       8'241'893
            'quick_restart_no_lp':  14'234    326'153  198'226'145  70'814'660  21'786'132'846  17'938'575'872
                  'reduced_costs':   2'241         23       44'560      28'346       2'525'283       5'608'882

SAT stats                           ClassicMinim  LitRemoved   LitLearned  LitForgotten  Subsumed  MClauses  MDecisions  MLitTrue  MSubsumed  MLitRemoved  MReused
                           'core':       698'456   7'089'453  211'055'200   194'916'217    31'761    51'693   2'283'036         2        710       35'219   10'040
                     'default_lp':             0           0           24             0         0         0           0         0          0            0        0
                      'fs_random':             0           0            0             0         0         0           0         0          0            0        0
                      'fs_random':             0           0            0             0         0         0           0         0          0            0        0
                'fs_random_no_lp':             0           0            0             0         0         0           0         0          0            0        0
                'fs_random_no_lp':             0           0            0             0         0         0           0         0          0            0        0
        'fs_random_quick_restart':             0           0            0             0         0         0           0         0          0            0        0
        'fs_random_quick_restart':             0           0            0             0         0         0           0         0          0            0        0
  'fs_random_quick_restart_no_lp':             0           0            0             0         0         0           0         0          0            0        0
                 'lb_tree_search':             1           3            5             0         0         0           0         0          0            0        0
                         'max_lp':             0           0           15             0         0         0           0         0          0            0        0
                          'no_lp':       598'764   5'981'511  186'369'873   173'004'118    26'441    32'914   2'309'769         0        617       20'699    7'921
            'objective_lb_search':             0           0           26             0         0         0           0         0          0            0        0
     'objective_lb_search_max_lp':             0           0           11             0         0         0           0         0          0            0        0
      'objective_lb_search_no_lp':       613'403   6'006'972  192'240'534   176'104'932    30'735    27'651   2'030'213         0        749       30'193    4'856
                        'probing':             2           2           27             0         0         0           0         0          0            0        0
                 'probing_max_lp':             0           0           16             0         0         0           0         0          0            0        0
                   'pseudo_costs':             1           1           20             0         0         0           0         0          0            0        0
                  'quick_restart':             0           0           30             0         0         0           0         0          0            0        0
            'quick_restart_no_lp':       257'384   2'441'026   98'960'643    84'411'127    29'488    54'227   2'352'274         5        649       18'272   13'306
                  'reduced_costs':             0           0           23             0         0         0           0         0          0            0        0

Lp stats                         Component  Iterations  AddedCuts  OPTIMAL  DUAL_F.  DUAL_U.
                  'default_lp':          1   6'975'368  2'584'674  234'627        5        6
                   'fs_random':          1           0          0        0        0        0
                   'fs_random':          1           0          0        0        0        0
     'fs_random_quick_restart':          1           0          0        0        0        0
     'fs_random_quick_restart':          1           0          0        0        0        0
              'lb_tree_search':          1   4'759'029  1'066'107  106'295   22'391        1
                      'max_lp':          1   4'014'849  1'094'839  101'752   22'646        1
         'objective_lb_search':          1   6'990'264  2'555'933  236'220        3        7
  'objective_lb_search_max_lp':          1   3'806'548    973'284   94'919   24'312        1
                     'probing':          1   6'462'232  2'290'687  203'391        7        6
              'probing_max_lp':          1   3'894'772    950'107  100'416   24'158        1
                'pseudo_costs':          1   3'768'530  1'027'045   96'743   24'213        0
               'quick_restart':          1   6'935'846  2'598'470  215'930        1        7
               'reduced_costs':          1   3'949'140  1'086'358  100'151   23'528        0

Lp dimension                                                                        Final dimension of first component
                  'default_lp':  2605 rows, 1919 columns, 24844 entries with magnitude in [6.993232e-06, 1.000000e+00]
                   'fs_random':         0 rows, 1919 columns, 0 entries with magnitude in [0.000000e+00, 0.000000e+00]
                   'fs_random':         0 rows, 1919 columns, 0 entries with magnitude in [0.000000e+00, 0.000000e+00]
     'fs_random_quick_restart':         0 rows, 1919 columns, 0 entries with magnitude in [0.000000e+00, 0.000000e+00]
     'fs_random_quick_restart':         0 rows, 1919 columns, 0 entries with magnitude in [0.000000e+00, 0.000000e+00]
              'lb_tree_search':  2637 rows, 1919 columns, 23591 entries with magnitude in [6.813116e-06, 1.000000e+00]
                      'max_lp':  2976 rows, 1919 columns, 27901 entries with magnitude in [3.850161e-05, 1.000000e+00]
         'objective_lb_search':  2241 rows, 1919 columns, 19461 entries with magnitude in [3.458049e-06, 1.000000e+00]
  'objective_lb_search_max_lp':  3085 rows, 1919 columns, 24892 entries with magnitude in [9.466822e-06, 1.000000e+00]
                     'probing':  2427 rows, 1919 columns, 18946 entries with magnitude in [8.972869e-05, 1.000000e+00]
              'probing_max_lp':  2813 rows, 1919 columns, 22714 entries with magnitude in [9.865882e-06, 1.000000e+00]
                'pseudo_costs':  2568 rows, 1919 columns, 19724 entries with magnitude in [4.765344e-06, 1.000000e+00]
               'quick_restart':  2722 rows, 1919 columns, 25544 entries with magnitude in [3.739183e-06, 1.000000e+00]
               'reduced_costs':  2927 rows, 1919 columns, 25359 entries with magnitude in [4.372467e-06, 1.000000e+00]

Lp debug                         CutPropag  CutEqPropag  Adjust  Overflow          Bad  BadScaling
                  'default_lp':          7        3'041   4'030         0  163'994'177           0
                   'fs_random':          0            0       0         0            0           0
                   'fs_random':          0            0       0         0            0           0
     'fs_random_quick_restart':          0            0       0         0            0           0
     'fs_random_quick_restart':          0            0       0         0            0           0
              'lb_tree_search':          9          652  50'053         0  151'809'350           0
                      'max_lp':         12        2'716  43'810         2  147'101'658           0
         'objective_lb_search':          6        2'974   3'725         0  162'821'311           0
  'objective_lb_search_max_lp':          9        1'618  58'987         0  145'347'083           0
                     'probing':          9        2'407   3'900         0  153'636'190           0
              'probing_max_lp':         13        1'664  39'628         0  151'636'176           0
                'pseudo_costs':         12        1'260  37'033         0  147'971'892           0
               'quick_restart':         11        3'112   2'630         0  161'574'273           0
               'reduced_costs':          8        1'377  46'446         0  148'938'068           0

Lp pool                          Constraints  Updates  Simplif  Merged  Shortened    Split  Strenghtened            Cuts/Call
                  'default_lp':       12'202   43'702   13'439     137        950   14'571       154'091  2'584'674/5'843'552
                   'fs_random':        2'665        0        0       0          0        0             0                  0/0
                   'fs_random':        2'665        0        0       0          0        0             0                  0/0
     'fs_random_quick_restart':        2'665        0        0       0          0        0             0                  0/0
     'fs_random_quick_restart':        2'665        0        0       0          0        0             0                  0/0
              'lb_tree_search':       12'210   36'964   18'261      22      4'041   30'402       239'483  1'066'107/2'333'531
                      'max_lp':       12'938   48'505   39'738      26      1'889  167'036       242'759  1'094'839/2'238'872
         'objective_lb_search':       12'527   44'250   15'016      71      1'397   14'370       162'795  2'555'933/5'653'639
  'objective_lb_search_max_lp':       12'356   40'739   17'402      53      3'819   33'862       206'386    973'284/1'988'290
                     'probing':       12'282   41'878   14'482      70      1'610   11'435       125'402  2'290'687/5'425'993
              'probing_max_lp':       12'208   40'273   29'009      24      2'175   30'681       227'769    950'107/2'101'495
                'pseudo_costs':       12'083   35'454   15'788      87      1'379   25'937       226'740  1'027'045/2'128'985
               'quick_restart':       12'007   47'571   15'633     128      1'101   15'260       141'102  2'598'470/6'241'763
               'reduced_costs':       12'430   39'977   16'085      53      1'691   35'763       227'037  1'086'358/2'203'709

Lp Cut             defaul   max_lp   quick_   reduce   pseudo   lb_tre   probin   object   probin   object
          CG_FF:   95'232   26'399   90'378   29'149   28'530   28'395   82'548   92'510   27'137   26'456
           CG_K:    4'666    3'573    4'298    3'515    4'155    5'986    2'952    4'313    5'227    4'290
           CG_R:   89'266   26'695   84'545   21'463   20'174   22'324   73'118   89'494   20'375   19'767
          CG_RB:  498'802   99'984  503'951  104'017  103'763  107'017  401'556  497'240   91'412  100'714
         CG_RBP:    5'601    3'303    4'951    3'403    3'403    4'152    1'546    1'700    3'457    3'230
         CG_RLT:        -        -        -        -        -        1        -        -        1        1
         Clique:        -   30'045        -   28'584   26'657   30'034        -        -   26'119   25'428
             IB:  511'346  136'368  497'649  131'136  122'035  135'177  453'226  510'859  119'958  116'027
       MIR_1_FF:  393'417  138'436  476'713  157'522  143'188  139'110  425'061  393'106  122'600  124'107
        MIR_1_K:    5'091    4'312    4'681    4'942    5'542    4'349    3'602    3'955    4'256    3'882
        MIR_1_R:   12'150    7'566   12'990    8'424    6'324    6'463   10'332    8'712    4'712    6'597
       MIR_1_RB:  406'265  198'946  378'321  199'676  188'668  182'250  353'967  394'691  163'327  176'783
      MIR_1_RBP:    1'584    1'393    1'595    2'040    1'604    1'297    1'413    1'610    1'451    1'137
      MIR_1_RLT:        -      545        -      482      470      552        -        -      489      529
       MIR_2_FF:   29'816   20'545   32'772   22'204   19'776   20'490   29'371   28'127   19'058   18'618
        MIR_2_K:    2'006    1'831    1'933    1'869    1'889    2'068    1'462    1'594    1'990    1'750
        MIR_2_R:    4'932   16'500    5'238   15'478   14'450   14'326    4'566    4'575   13'094   13'594
       MIR_2_RB:   72'428   73'396   72'978   64'026   59'180   64'220   63'394   72'002   59'650   63'159
      MIR_2_RBP:      738      849      760      951      789      739      673      751      836      638
       MIR_3_FF:    8'767    9'365    7'782    9'494    8'627   10'089    7'578    8'810    9'075    8'878
        MIR_3_K:    1'817    2'698    1'596    2'711    2'844    3'432    1'282    1'766    2'817    2'708
        MIR_3_R:   18'488    8'838   16'221    8'125    7'553    9'530   14'143   19'065    8'159    7'794
       MIR_3_RB:   72'574   49'931   66'839   45'248   42'897   45'882   60'740   72'702   42'106   41'464
      MIR_3_RBP:      760    1'389      828    1'517    1'439    1'500      655      821    1'549    1'310
       MIR_4_FF:    2'633    7'979    2'568    8'023    7'462    8'726    2'703    2'991    7'562    8'071
        MIR_4_K:      801    2'347      767    2'276    2'278    2'637      624      760    2'234    2'344
       MIR_4_KL:        -        1        -        -        -        -        -        -        -        -
        MIR_4_R:    3'892    4'092    3'535    3'828    3'435    4'187    2'948    3'779    3'541    3'591
       MIR_4_RB:   39'134   41'642   37'012   37'022   35'526   38'729   33'627   38'538   33'879   34'904
      MIR_4_RBP:      416    1'270      396    1'480    1'271    1'413      325      448    1'310    1'391
       MIR_5_FF:    1'871    6'294    1'891    6'068    5'680    6'869    1'914    2'075    5'636    5'868
        MIR_5_K:      534    1'860      579    1'813    1'975    2'281      417      445    1'919    2'014
        MIR_5_R:    2'155    3'204    1'923    2'963    2'944    3'165    1'640    2'474    2'845    2'859
       MIR_5_RB:   29'244   32'179   27'490   28'644   28'009   30'922   25'329   29'269   27'003   27'292
      MIR_5_RBP:      317    1'062      314    1'056    1'003    1'200      286      385      998    1'098
       MIR_6_FF:      796    4'538      753    4'413    4'090    4'704      783      737    4'173    4'254
        MIR_6_K:      222    1'601      244    1'574    1'631    1'885      186      176    1'610    1'607
        MIR_6_R:      963    3'274      843    2'840    2'755    3'498      735    1'079    2'789    2'837
       MIR_6_RB:   19'535   24'587   18'367   22'504   22'193   23'916   17'057   18'689   20'883   21'400
      MIR_6_RBP:      177      843      167      914      828      975      138      201      827      881
   ZERO_HALF_FF:   25'773   10'807   26'775   11'452   10'738   11'497   24'644   25'845   10'206    9'948
    ZERO_HALF_K:    1'411      865    1'808    1'087    1'089    1'017    1'469    1'397    1'021      806
   ZERO_HALF_KL:        -        -        -        -        3        -        -        -        -        -
    ZERO_HALF_R:  134'703   49'771  126'435   45'525   45'239   45'649  110'711  137'338   42'799   41'213
   ZERO_HALF_RB:   83'834   33'157   78'912   36'247   34'118   32'850   71'565   80'585   29'361   31'500
  ZERO_HALF_RBP:      517      559      672      653      819      603      401      319      653      545
  ZERO_HALF_RLT:        -        -        -        -        2        1        -        -        3        -

LNS stats           Improv/Calls  Closed  Difficulty  TimeLimit
  'graph_arc_lns':           4/4      0%        0.09       0.10
  'graph_cst_lns':           3/3      0%        0.12       0.10
  'graph_dec_lns':           2/3      0%        0.12       0.10
  'graph_var_lns':           4/4      0%        0.09       0.10
      'rins/rens':           1/1      0%        0.29       0.10
    'rnd_cst_lns':           4/4      0%        0.09       0.10
    'rnd_var_lns':           4/4      0%        0.09       0.10

LS stats                   Batches  Restarts  LinMoves  GenMoves  CompoundMoves  WeightUpdates
       'fj_long_default':        1         1     5'794         0              0            396
   'fj_long_lin_default':        1         1         0     3'077            670              9
        'fj_long_random':        1         1     8'978         0              0          1'022
      'fj_short_default':        2         1         0     8'301            949             80
  'fj_short_lin_default':        2         1         0     7'122            869             48
   'fj_short_lin_random':        2         1         0     7'390          1'002             46
       'fj_short_random':        1         1         0     3'725            560             26
          'violation_ls':        4         0         0       222             18              2
          'violation_ls':        4         0        13       104              6             10
          'violation_ls':        4         0         3        98             12              3

Solutions (27)                  Num     Rank
                       'core':    6  [16,25]
            'fj_long_default':    1    [1,1]
              'graph_arc_lns':    1    [8,8]
                      'no_lp':    3  [15,22]
  'objective_lb_search_no_lp':    2  [26,27]
        'quick_restart_no_lp':    4  [13,24]
                'rnd_cst_lns':    1  [12,12]
               'violation_ls':    9   [2,11]

Objective bounds                      Num
                       'default_lp':    5
                   'initial_domain':    1
                   'lb_tree_search':    4
                           'max_lp':  531
       'objective_lb_search_max_lp':    8
  'objective_shaving_search_max_lp':    2
   'objective_shaving_search_no_lp':    4
                     'pseudo_costs':    3
                    'reduced_costs':   29

Solution repositories    Added  Queried  Ignored  Synchro
  'feasible solutions':     80       58        0       76
        'lp solutions':      0        0        0        0
                'pump':      7        1

Improving bounds shared            Num
                        'core':    898
                  'default_lp':     32
                      'max_lp':     13
                       'no_lp':    791
         'objective_lb_search':     69
  'objective_lb_search_max_lp':     23
   'objective_lb_search_no_lp':    929
                     'probing':      1
              'probing_max_lp':     30
                'pseudo_costs':     10
               'quick_restart':     71
         'quick_restart_no_lp':  1'635
               'reduced_costs':     51

Clauses shared                    Num
                       'core':    887
             'lb_tree_search':      1
                      'no_lp':    883
        'objective_lb_search':      1
  'objective_lb_search_no_lp':    855
                    'probing':      2
               'pseudo_costs':      1
        'quick_restart_no_lp':  1'232

CpSolverResponse summary:
status: FEASIBLE
objective: 846800
best_bound: 385600
integers: 1920
booleans: 1607
conflicts: 0
branches: 1318
propagations: 29646
integer_propagations: 116959
restarts: 1318
lp_iterations: 0
walltime: 21603.6
usertime: 21603.6
deterministic_time: 64072.3
gap_integral: 835606
solution_fingerprint: 0x83605964beffaad7

CPU USED: 32
Loading /home/aneumann/projects/def-adhaj/aneumann/gns/data/instances/test/l/instance_177.pkl...
===* START SOLVING *===
   index   value       gap    status  computing_time  max_time  cpu  max_memory
0    177  8468.0  0.544639  feasible    21604.728966         6   32         118
===* END OF FILE *===
