created virtual environment CPython3.12.4.final.0-64 in 838ms
  creator CPython3Posix(dest=/localscratch/aneumann.37168015.0/env, clear=False, no_vcs_ignore=False, global=False)
  seeder FromAppData(download=False, pip=bundle, via=copy, app_data_dir=/home/aneumann/.local/share/virtualenv)
    added seed packages: pip==24.2+computecanada
  activators BashActivator,CShellActivator,FishActivator,NushellActivator,PowerShellActivator,PythonActivator
Looking in links: /cvmfs/soft.computecanada.ca/custom/python/wheelhouse/gentoo2023/x86-64-v3, /cvmfs/soft.computecanada.ca/custom/python/wheelhouse/gentoo2023/generic, /cvmfs/soft.computecanada.ca/custom/python/wheelhouse/generic
Requirement already satisfied: pip in /localscratch/aneumann.37168015.0/env/lib/python3.12/site-packages (24.2+computecanada)
Looking in links: /cvmfs/soft.computecanada.ca/custom/python/wheelhouse/gentoo2023/x86-64-v3, /cvmfs/soft.computecanada.ca/custom/python/wheelhouse/gentoo2023/generic, /cvmfs/soft.computecanada.ca/custom/python/wheelhouse/generic
ERROR: protobuf-5.28.3-cp38-abi3-manylinux2014_x86_64.whl is not a supported wheel on this platform.
Looking in links: /cvmfs/soft.computecanada.ca/custom/python/wheelhouse/gentoo2023/x86-64-v3, /cvmfs/soft.computecanada.ca/custom/python/wheelhouse/gentoo2023/generic, /cvmfs/soft.computecanada.ca/custom/python/wheelhouse/generic
Processing /home/aneumann/projects/def-adhaj/aneumann/gns/wheels/immutabledict-4.2.0-py3-none-any.whl
Installing collected packages: immutabledict
Successfully installed immutabledict-4.2.0
Looking in links: /cvmfs/soft.computecanada.ca/custom/python/wheelhouse/gentoo2023/x86-64-v3, /cvmfs/soft.computecanada.ca/custom/python/wheelhouse/gentoo2023/generic, /cvmfs/soft.computecanada.ca/custom/python/wheelhouse/generic
Processing /cvmfs/soft.computecanada.ca/custom/python/wheelhouse/generic/ortools-9.10.4067+computecanada-cp312-cp312-linux_x86_64.whl (from -r /home/aneumann/projects/def-adhaj/aneumann/gns/requirements_or.txt (line 1))
Processing /cvmfs/soft.computecanada.ca/custom/python/wheelhouse/gentoo2023/x86-64-v3/pandas-2.2.2+computecanada-cp312-cp312-linux_x86_64.whl (from -r /home/aneumann/projects/def-adhaj/aneumann/gns/requirements_or.txt (line 2))
Processing /cvmfs/soft.computecanada.ca/custom/python/wheelhouse/generic/absl_py-2.1.0+computecanada-py3-none-any.whl (from ortools->-r /home/aneumann/projects/def-adhaj/aneumann/gns/requirements_or.txt (line 1))
Processing /cvmfs/soft.computecanada.ca/custom/python/wheelhouse/gentoo2023/generic/numpy-2.1.1+computecanada-cp312-cp312-linux_x86_64.whl (from ortools->-r /home/aneumann/projects/def-adhaj/aneumann/gns/requirements_or.txt (line 1))
Processing /cvmfs/soft.computecanada.ca/custom/python/wheelhouse/gentoo2023/x86-64-v3/protobuf-5.28.0+computecanada-cp312-cp312-linux_x86_64.whl (from ortools->-r /home/aneumann/projects/def-adhaj/aneumann/gns/requirements_or.txt (line 1))
Requirement already satisfied: immutabledict>=3.0.0 in /localscratch/aneumann.37168015.0/env/lib/python3.12/site-packages (from ortools->-r /home/aneumann/projects/def-adhaj/aneumann/gns/requirements_or.txt (line 1)) (4.2.0)
Processing /cvmfs/soft.computecanada.ca/custom/python/wheelhouse/generic/python_dateutil-2.9.0.post0+computecanada-py2.py3-none-any.whl (from pandas->-r /home/aneumann/projects/def-adhaj/aneumann/gns/requirements_or.txt (line 2))
Processing /cvmfs/soft.computecanada.ca/custom/python/wheelhouse/generic/pytz-2024.2+computecanada-py2.py3-none-any.whl (from pandas->-r /home/aneumann/projects/def-adhaj/aneumann/gns/requirements_or.txt (line 2))
Processing /cvmfs/soft.computecanada.ca/custom/python/wheelhouse/generic/tzdata-2024.2+computecanada-py2.py3-none-any.whl (from pandas->-r /home/aneumann/projects/def-adhaj/aneumann/gns/requirements_or.txt (line 2))
Processing /cvmfs/soft.computecanada.ca/custom/python/wheelhouse/generic/six-1.16.0+computecanada-py2.py3-none-any.whl (from python-dateutil>=2.8.2->pandas->-r /home/aneumann/projects/def-adhaj/aneumann/gns/requirements_or.txt (line 2))
Installing collected packages: pytz, tzdata, six, protobuf, numpy, absl-py, python-dateutil, pandas, ortools
Successfully installed absl-py-2.1.0+computecanada numpy-2.1.1+computecanada ortools-9.10.4067+computecanada pandas-2.2.2+computecanada protobuf-5.28.0+computecanada python-dateutil-2.9.0.post0+computecanada pytz-2024.2+computecanada six-1.16.0+computecanada tzdata-2024.2+computecanada

Starting CP-SAT solver v9.10.4067
Parameters: max_time_in_seconds: 28800 max_memory_in_mb: 118 log_search_progress: true optimize_with_core: true cp_model_presolve: true enumerate_all_solutions: false num_search_workers: 32 use_implied_bounds: true absolute_gap_limit: 5 relative_gap_limit: 0.01 use_probing_search: true

Initial optimization model '': (model_fingerprint: 0x319e388c06d5cbed)
#Variables: 3'764 (#bools: 35 #ints: 1 in objective)
  - 3'292 Booleans in [0,1]
  - 471 in [0,300000]
  - 1 constants in {1} 
#kBoolOr: 2'140 (#literals: 2'140)
#kLinear1: 596
#kLinear2: 10'849
#kLinear3: 2'155
#kLinearN: 745 (#terms: 8'019)

Starting presolve at 0.00s
  2.97e-03s  0.00e+00d  [DetectDominanceRelations] 
  8.02e-02s  0.00e+00d  [PresolveToFixPoint] #num_loops=15 #num_dual_strengthening=3 
  8.41e-05s  0.00e+00d  [ExtractEncodingFromLinear] #potential_supersets=275 
[Symmetry] Graph for symmetry has 12'796 nodes and 26'601 arcs.
[Symmetry] Symmetry computation done. time: 0.00255244 dtime: 0.00353336
[SAT presolve] num removable Booleans: 0 / 1920
[SAT presolve] num trivial clauses: 0
[SAT presolve] [0s] clauses:3524 literals:7048 vars:1904 one_side_vars:1859 simple_definition:43 singleton_clauses:0
[SAT presolve] [0.000246083s] clauses:3524 literals:7048 vars:1904 one_side_vars:1859 simple_definition:43 singleton_clauses:0
[SAT presolve] [0.000382159s] clauses:3524 literals:7048 vars:1904 one_side_vars:1859 simple_definition:43 singleton_clauses:0
  5.65e-01s  1.38e-01d  [Probe] #probed=4'779 #fixed_bools=73 #new_bounds=197 
  5.90e-03s  0.00e+00d  [MaxClique] Merged 3788(10636 literals) into 1024(7710 literals) at_most_ones. 
  2.51e-03s  0.00e+00d  [DetectDominanceRelations] 
  1.88e-02s  0.00e+00d  [PresolveToFixPoint] #num_loops=4 #num_dual_strengthening=3 
  3.68e-03s  0.00e+00d  [ProcessAtMostOneAndLinear] #num_changes=20 
  2.34e-03s  0.00e+00d  [DetectDuplicateConstraints] #duplicates=6 
  4.88e-04s  2.73e-05d  [DetectDominatedLinearConstraints] #relevant_constraints=1'907 
  7.88e-04s  0.00e+00d  [DetectDifferentVariables] #different=14 
  9.17e-04s  2.94e-04d  [ProcessSetPPC] #relevant_constraints=1'039 #num_inclusions=762 
  5.86e-05s  0.00e+00d  [FindAlmostIdenticalLinearConstraints] 
  3.98e-03s  6.69e-03d  [FindBigAtMostOneAndLinearOverlap] 
  1.05e-03s  3.20e-03d  [FindBigVerticalLinearOverlap] 
  2.82e-04s  8.99e-04d  [FindBigHorizontalLinearOverlap] #linears=122 
  7.12e-05s  0.00e+00d  [MergeClauses] 
  2.48e-03s  0.00e+00d  [DetectDominanceRelations] 
  9.69e-03s  0.00e+00d  [PresolveToFixPoint] #num_loops=2 #num_dual_strengthening=1 
  2.42e-03s  0.00e+00d  [DetectDominanceRelations] 
  9.41e-03s  0.00e+00d  [PresolveToFixPoint] #num_loops=1 #num_dual_strengthening=1 
[Symmetry] Graph for symmetry has 9'712 nodes and 18'694 arcs.
[Symmetry] Symmetry computation done. time: 0.00149898 dtime: 0.00222231
[SAT presolve] num removable Booleans: 0 / 1847
[SAT presolve] num trivial clauses: 0
[SAT presolve] [0s] clauses:23 literals:46 vars:31 one_side_vars:23 simple_definition:8 singleton_clauses:0
[SAT presolve] [3.186e-05s] clauses:23 literals:46 vars:31 one_side_vars:23 simple_definition:8 singleton_clauses:0
[SAT presolve] [7.2927e-05s] clauses:23 literals:46 vars:31 one_side_vars:23 simple_definition:8 singleton_clauses:0
  1.52e-01s  3.73e-02d  [Probe] #probed=4'706 #new_bounds=70 
  2.30e-03s  0.00e+00d  [MaxClique] Merged 854(6572 literals) into 854(6582 literals) at_most_ones. 
  2.45e-03s  0.00e+00d  [DetectDominanceRelations] 
  1.56e-02s  0.00e+00d  [PresolveToFixPoint] #num_loops=4 #num_dual_strengthening=3 
  3.49e-03s  0.00e+00d  [ProcessAtMostOneAndLinear] 
  2.32e-03s  0.00e+00d  [DetectDuplicateConstraints] #duplicates=6 
  4.84e-04s  2.72e-05d  [DetectDominatedLinearConstraints] #relevant_constraints=1'904 
  5.16e-04s  0.00e+00d  [DetectDifferentVariables] #different=14 
  8.02e-04s  2.88e-04d  [ProcessSetPPC] #relevant_constraints=987 #num_inclusions=705 
  6.11e-05s  0.00e+00d  [FindAlmostIdenticalLinearConstraints] 
  3.88e-03s  6.69e-03d  [FindBigAtMostOneAndLinearOverlap] 
  1.03e-03s  3.20e-03d  [FindBigVerticalLinearOverlap] 
  2.85e-04s  8.99e-04d  [FindBigHorizontalLinearOverlap] #linears=122 
  6.62e-05s  0.00e+00d  [MergeClauses] 
  2.45e-03s  0.00e+00d  [DetectDominanceRelations] 
  9.49e-03s  0.00e+00d  [PresolveToFixPoint] #num_loops=1 #num_dual_strengthening=1 
  2.45e-03s  0.00e+00d  [DetectDominanceRelations] 
  9.45e-03s  0.00e+00d  [PresolveToFixPoint] #num_loops=1 #num_dual_strengthening=1 
[Symmetry] Graph for symmetry has 9'710 nodes and 18'696 arcs.
[Symmetry] Symmetry computation done. time: 0.0014295 dtime: 0.00222153
[SAT presolve] num removable Booleans: 0 / 1847
[SAT presolve] num trivial clauses: 0
[SAT presolve] [0s] clauses:23 literals:46 vars:31 one_side_vars:23 simple_definition:8 singleton_clauses:0
[SAT presolve] [3.2832e-05s] clauses:23 literals:46 vars:31 one_side_vars:23 simple_definition:8 singleton_clauses:0
[SAT presolve] [7.3389e-05s] clauses:23 literals:46 vars:31 one_side_vars:23 simple_definition:8 singleton_clauses:0
  1.51e-01s  3.70e-02d  [Probe] #probed=4'706 #new_bounds=6 
  2.34e-03s  0.00e+00d  [MaxClique] Merged 854(6578 literals) into 854(6582 literals) at_most_ones. 
  2.46e-03s  0.00e+00d  [DetectDominanceRelations] 
  1.09e-02s  0.00e+00d  [PresolveToFixPoint] #num_loops=3 #num_dual_strengthening=2 
  3.50e-03s  0.00e+00d  [ProcessAtMostOneAndLinear] 
  2.33e-03s  0.00e+00d  [DetectDuplicateConstraints] #duplicates=2 
  4.87e-04s  2.72e-05d  [DetectDominatedLinearConstraints] #relevant_constraints=1'904 
  5.24e-04s  0.00e+00d  [DetectDifferentVariables] #different=14 
  8.61e-04s  2.88e-04d  [ProcessSetPPC] #relevant_constraints=987 #num_inclusions=705 
  6.46e-05s  0.00e+00d  [FindAlmostIdenticalLinearConstraints] 
  3.89e-03s  6.69e-03d  [FindBigAtMostOneAndLinearOverlap] 
  9.87e-04s  3.20e-03d  [FindBigVerticalLinearOverlap] 
  2.84e-04s  8.99e-04d  [FindBigHorizontalLinearOverlap] #linears=122 
  7.94e-05s  0.00e+00d  [MergeClauses] 
  2.47e-03s  0.00e+00d  [DetectDominanceRelations] 
  9.50e-03s  0.00e+00d  [PresolveToFixPoint] #num_loops=1 #num_dual_strengthening=1 
  1.48e-04s  0.00e+00d  [ExpandObjective] #entries=66 #tight_variables=33 #tight_constraints=11 

Presolve summary:
  - 111 affine relations were detected.
  - rule 'TODO dual: add implied bound' was applied 16 times.
  - rule 'TODO dual: only one blocking constraint?' was applied 33'351 times.
  - rule 'TODO dual: only one blocking enforced constraint?' was applied 16 times.
  - rule 'TODO dual: only one unspecified blocking constraint?' was applied 16 times.
  - rule 'TODO dual: tighten at most one' was applied 866 times.
  - rule 'TODO linear2: contains a Boolean.' was applied 19'305 times.
  - rule 'affine: new relation' was applied 111 times.
  - rule 'at_most_one: removed literals' was applied 334 times.
  - rule 'at_most_one: size one' was applied 118 times.
  - rule 'at_most_one: transformed into max clique.' was applied 1 time.
  - rule 'bool_and: x => x' was applied 4 times.
  - rule 'bool_or: always true' was applied 2'140 times.
  - rule 'bool_or: implications' was applied 9'645 times.
  - rule 'deductions: 468 stored' was applied 1 time.
  - rule 'dual: add implication' was applied 20 times.
  - rule 'dual: fix variable' was applied 616 times.
  - rule 'dual: fix variable with multiple choices' was applied 4 times.
  - rule 'dual: reduced domain' was applied 250 times.
  - rule 'duplicate: merged rhs of linear constraint' was applied 6 times.
  - rule 'duplicate: removed constraint' was applied 14 times.
  - rule 'enforcement: false literal' was applied 6'060 times.
  - rule 'enforcement: literal not used' was applied 20 times.
  - rule 'linear + amo: extracted enforcement literal' was applied 2 times.
  - rule 'linear + amo: fixed literal implied by enforcement' was applied 18 times.
  - rule 'linear1: always true' was applied 5 times.
  - rule 'linear2: contains a Boolean.' was applied 19 times.
  - rule 'linear: always true' was applied 1'610 times.
  - rule 'linear: divide by GCD' was applied 6'835 times.
  - rule 'linear: empty' was applied 141 times.
  - rule 'linear: extracted enforcement literal' was applied 698 times.
  - rule 'linear: fixed or dup variables' was applied 1'717 times.
  - rule 'linear: negative clause' was applied 3'031 times.
  - rule 'linear: positive at most one' was applied 264 times.
  - rule 'linear: positive clause' was applied 6'614 times.
  - rule 'linear: positive equal one' was applied 11 times.
  - rule 'linear: reduced variable domains' was applied 1'011 times.
  - rule 'linear: remapped using affine relations' was applied 3'464 times.
  - rule 'linear: simplified rhs' was applied 22'900 times.
  - rule 'linear: singleton column' was applied 19 times.
  - rule 'objective: variable not used elsewhere' was applied 1 time.
  - rule 'presolve: 1400 unused variables removed.' was applied 1 time.
  - rule 'presolve: iteration' was applied 3 times.
  - rule 'setppc: bool_or in at_most_one.' was applied 2 times.
  - rule 'setppc: removed dominated constraints' was applied 52 times.

Presolved optimization model '': (model_fingerprint: 0xa95ac58b2da7c562)
#Variables: 2'234 (#bools: 34 #ints: 1 in objective)
  - 1'847 Booleans in [0,1]
  - 109 different domains in [0,300000] with a largest complexity of 1.
#kAtMostOne: 831 (#literals: 6'532)
#kBoolAnd: 27 (#enforced: 27) (#literals: 54)
#kExactlyOne: 11 (#literals: 33)
#kLinear1: 11 (#enforced: 11)
#kLinear2: 795 (#enforced: 583 #multi: 16)
#kLinear3: 1'397 (#enforced: 5)
#kLinearN: 295 (#terms: 3'072)

Preloading model.
#Bound   1.13s best:inf   next:[436806,28227222] initial_domain
[Symmetry] Graph for symmetry has 8'180 nodes and 18'696 arcs.
[Symmetry] Symmetry computation done. time: 0.00137914 dtime: 0.00213136
#Model   1.13s var:2234/2234 constraints:3367/3367

Starting search at 1.14s with 32 workers.
16 full problem subsolvers: [core, default_lp, lb_tree_search, max_lp, no_lp, objective_lb_search, objective_lb_search_max_lp, objective_lb_search_no_lp, objective_shaving_search_max_lp, objective_shaving_search_no_lp, probing, probing_max_lp, pseudo_costs, quick_restart, quick_restart_no_lp, reduced_costs]
14 first solution subsolvers: [fj_long_default, fj_long_lin_default, fj_long_random, fj_short_default, fj_short_lin_default, fj_short_lin_random, fj_short_random, fs_random(2), fs_random_no_lp(2), fs_random_quick_restart(2), fs_random_quick_restart_no_lp]
11 incomplete subsolvers: [feasibility_pump, graph_arc_lns, graph_cst_lns, graph_dec_lns, graph_var_lns, rins/rens, rnd_cst_lns, rnd_var_lns, violation_ls(3)]
3 helper subsolvers: [neighborhood_helper, synchronization_agent, update_gap_integral]
#1       1.62s best:28227222 next:[436806,28227220] fj_long_default(batch:3 #lin_moves:20'524 #lin_evals:37'559 #weight_updates:2'068)
#2       1.62s best:28226364 next:[436806,28226362] violation_ls(batch:1 #solutions_imported:1 #lin_moves:142 #lin_evals:878 #weight_updates:75)
#3       1.63s best:28226270 next:[436806,28226268] violation_ls(batch:1 #solutions_imported:1 #lin_moves:0 #lin_evals:680 #gen_moves:21 #gen_evals:0 #comp_moves:11 #backtracks:5 #weight_updates:0)
#4       1.67s best:28226176 next:[436806,28226174] violation_ls(batch:2 #solutions_imported:2 #lin_moves:150 #lin_evals:938 #weight_updates:80)
#5       1.68s best:28226082 next:[436806,28226080] violation_ls(batch:2 #solutions_imported:2 #lin_moves:8 #lin_evals:740 #gen_moves:21 #gen_evals:0 #comp_moves:11 #backtracks:5 #weight_updates:5)
#Bound   1.73s best:28226082 next:[436808,28226080] objective_shaving_search_no_lp (vars=1867 csts=2202)
#Bound   1.74s best:28226082 next:[436810,28226080] objective_shaving_search_no_lp (vars=2234 csts=3368)
#Bound   1.75s best:28226082 next:[436812,28226080] objective_shaving_search_max_lp (vars=2234 csts=3368)
#6       1.77s best:28225988 next:[436812,28225986] violation_ls(batch:1 #solutions_imported:1 #lin_moves:0 #lin_evals:5'089 #gen_moves:76 #gen_evals:0 #comp_moves:8 #backtracks:34 #weight_updates:1)
#7       1.77s best:28225894 next:[436812,28225892] violation_ls(batch:2 #solutions_imported:2 #lin_moves:0 #lin_evals:9'751 #gen_moves:164 #gen_evals:0 #comp_moves:16 #backtracks:74 #weight_updates:2)
#Bound   1.82s best:28225894 next:[436814,28225892] objective_shaving_search_no_lp (vars=2234 csts=3368)
#Bound   1.86s best:28225894 next:[436816,28225892] objective_shaving_search_max_lp (vars=2234 csts=3368)
#8       1.86s best:28225800 next:[436816,28225798] violation_ls(batch:3 #solutions_imported:3 #lin_moves:8 #lin_evals:9'811 #gen_moves:164 #gen_evals:0 #comp_moves:16 #backtracks:74 #weight_updates:7)
#9       1.87s best:28224948 next:[436816,28224946] violation_ls(batch:3 #solutions_imported:3 #lin_moves:150 #lin_evals:3'029 #gen_moves:32 #gen_evals:0 #comp_moves:8 #backtracks:12 #weight_updates:80)
#10      1.88s best:28224854 next:[436816,28224852] violation_ls(batch:3 #solutions_imported:3 #lin_moves:8 #lin_evals:5'455 #gen_moves:103 #gen_evals:0 #comp_moves:19 #backtracks:42 #weight_updates:6)
#11      1.92s best:28224648 next:[436816,28224646] graph_var_lns (d=0.50 s=60 t=0.10 p=0.00 stall=0 h=auto_l0)
#12      2.05s best:28223540 next:[436816,28223538] graph_arc_lns (d=0.50 s=53 t=0.10 p=0.00 stall=0 h=auto_l0)
#Bound   2.06s best:28223540 next:[436818,28223538] objective_shaving_search_no_lp (vars=2234 csts=3368)
#13      2.06s best:28223446 next:[436818,28223444] violation_ls(batch:4 #solutions_imported:4 #lin_moves:13 #lin_evals:9'860 #gen_moves:164 #gen_evals:0 #comp_moves:16 #backtracks:74 #weight_updates:11)
#14      2.06s best:28223352 next:[436818,28223350] violation_ls(batch:4 #solutions_imported:4 #lin_moves:152 #lin_evals:3'067 #gen_moves:32 #gen_evals:0 #comp_moves:8 #backtracks:12 #weight_updates:81)
#15      2.06s best:28223258 next:[436818,28223256] violation_ls(batch:4 #solutions_imported:4 #lin_moves:13 #lin_evals:5'502 #gen_moves:103 #gen_evals:0 #comp_moves:19 #backtracks:42 #weight_updates:9)
#16      2.13s best:28222910 next:[436818,28222908] rnd_cst_lns (d=0.50 s=73 t=0.10 p=0.00 stall=0 h=auto_l0)
#Bound   2.29s best:28222910 next:[436820,28222908] objective_shaving_search_no_lp (vars=2234 csts=3368)
#Bound   2.30s best:28222910 next:[436822,28222908] objective_shaving_search_max_lp (vars=2234 csts=3368)
#17      2.30s best:28222816 next:[436822,28222814] violation_ls(batch:5 #solutions_imported:5 #lin_moves:13 #lin_evals:14'363 #gen_moves:240 #gen_evals:0 #comp_moves:24 #backtracks:108 #weight_updates:12)
#18      2.30s best:28222722 next:[436822,28222720] violation_ls(batch:5 #solutions_imported:5 #lin_moves:162 #lin_evals:3'129 #gen_moves:32 #gen_evals:0 #comp_moves:8 #backtracks:12 #weight_updates:86)
#19      2.31s best:28222628 next:[436822,28222626] violation_ls(batch:5 #solutions_imported:5 #lin_moves:13 #lin_evals:9'976 #gen_moves:179 #gen_evals:0 #comp_moves:27 #backtracks:76 #weight_updates:10)
#Model   2.76s var:2233/2234 constraints:3366/3367
#Bound   2.77s best:28222628 next:[436824,28222626] objective_shaving_search_no_lp (vars=2234 csts=3368)
#Bound   2.78s best:28222628 next:[436826,28222626] objective_shaving_search_max_lp (vars=2234 csts=3368)
#20      2.78s best:28222534 next:[436826,28222532] violation_ls(batch:6 #solutions_imported:6 #lin_moves:170 #lin_evals:3'188 #gen_moves:32 #gen_evals:0 #comp_moves:8 #backtracks:12 #weight_updates:91)
#21      2.78s best:28222440 next:[436826,28222438] violation_ls(batch:6 #solutions_imported:6 #lin_moves:21 #lin_evals:10'034 #gen_moves:179 #gen_evals:0 #comp_moves:27 #backtracks:76 #weight_updates:15)
#22      2.81s best:28221128 next:[436826,28221126] graph_cst_lns (d=0.64 s=98 t=0.10 p=0.67 stall=2 h=auto_l0)
#Bound   3.29s best:28221128 next:[436948,28221126] objective_lb_search_max_lp
#Bound   3.33s best:28221128 next:[437562,28221126] objective_lb_search_max_lp
#Bound   3.34s best:28221128 next:[437564,28221126] objective_shaving_search_max_lp (vars=2234 csts=3368)
#23      3.34s best:28221034 next:[437564,28221032] violation_ls(batch:7 #solutions_imported:7 #lin_moves:34 #lin_evals:14'491 #gen_moves:240 #gen_evals:0 #comp_moves:24 #backtracks:108 #weight_updates:23)
#24      3.34s best:28220940 next:[437564,28220938] violation_ls(batch:7 #solutions_imported:7 #lin_moves:179 #lin_evals:3'248 #gen_moves:32 #gen_evals:0 #comp_moves:8 #backtracks:12 #weight_updates:96)
#25      3.34s best:28220846 next:[437564,28220844] violation_ls(batch:7 #solutions_imported:7 #lin_moves:21 #lin_evals:17'538 #gen_moves:324 #gen_evals:0 #comp_moves:36 #backtracks:144 #weight_updates:17)
#Bound   3.36s best:28220846 next:[490524,28220844] objective_lb_search_max_lp
#Bound   3.41s best:28220846 next:[496824,28220844] objective_lb_search_max_lp
#Bound   3.45s best:28220846 next:[496872,28220844] objective_lb_search_max_lp
#26      3.54s best:28220420 next:[496872,28220418] rnd_var_lns (d=0.71 s=116 t=0.10 p=1.00 stall=1 h=auto_l0)
#Model   3.70s var:2232/2234 constraints:3366/3367
#Bound   3.72s best:28220420 next:[502512,28220418] objective_lb_search_max_lp
#Model   4.31s var:2231/2234 constraints:3366/3367
#Model   6.06s var:2230/2234 constraints:3366/3367
#Model   6.46s var:2229/2234 constraints:3366/3367
#Model   6.57s var:2228/2234 constraints:3365/3367
#Model   7.07s var:2227/2234 constraints:3364/3367
#Model   7.28s var:2226/2234 constraints:3364/3367
#Model   7.38s var:2225/2234 constraints:3363/3367
#Model   8.10s var:2224/2234 constraints:3363/3367
#Model   8.91s var:2223/2234 constraints:3362/3367
#Model  10.53s var:2222/2234 constraints:3362/3367
#Model  13.37s var:2221/2234 constraints:3362/3367
#Model  13.57s var:2220/2234 constraints:3361/3367
#Model  14.08s var:2219/2234 constraints:3361/3367
#27     19.94s best:28219502 next:[502512,28219500] quick_restart_no_lp (fixed_bools=128/3187)
#Bound  21.84s best:28219502 next:[502514,28219500] objective_lb_search_max_lp
#Bound  22.10s best:28219502 next:[502834,28219500] objective_lb_search_max_lp
#Bound  22.31s best:28219502 next:[502996,28219500] objective_lb_search_max_lp
#Bound  22.47s best:28219502 next:[503042,28219500] objective_lb_search_max_lp
#Bound  22.72s best:28219502 next:[503478,28219500] objective_lb_search_max_lp
#Model  30.76s var:2218/2234 constraints:3360/3367
#Model  69.00s var:2217/2234 constraints:3359/3367
#Model  91.06s var:2216/2234 constraints:3359/3367
#Bound 208.03s best:28219502 next:[581472,28219500] max_lp
#Bound 307.33s best:28219502 next:[581474,28219500] probing_max_lp
#Bound 307.96s best:28219502 next:[581912,28219500] probing_max_lp
#Bound 308.53s best:28219502 next:[581934,28219500] probing_max_lp
#Bound 309.12s best:28219502 next:[581956,28219500] probing_max_lp
#Bound 309.58s best:28219502 next:[582438,28219500] probing_max_lp
#28    465.88s best:28218266 next:[582438,28218264] quick_restart_no_lp (fixed_bools=257/3726)
#29    479.05s best:28217768 next:[582438,28217766] quick_restart_no_lp (fixed_bools=257/3790)
#Bound 560.53s best:28217768 next:[582440,28217766] probing_max_lp
#Bound 561.77s best:28217768 next:[582516,28217766] probing_max_lp
#Bound 563.33s best:28217768 next:[582528,28217766] probing_max_lp
#Bound 564.75s best:28217768 next:[582532,28217766] probing_max_lp
#Bound 565.57s best:28217768 next:[582534,28217766] probing_max_lp
#Bound 565.80s best:28217768 next:[582536,28217766] probing_max_lp
#Bound 566.05s best:28217768 next:[582546,28217766] probing_max_lp
#Bound 566.44s best:28217768 next:[582554,28217766] probing_max_lp
#Bound 566.63s best:28217768 next:[582592,28217766] probing_max_lp
#Bound 566.97s best:28217768 next:[582608,28217766] probing_max_lp
#Bound 567.25s best:28217768 next:[582626,28217766] probing_max_lp
#30    600.35s best:28216784 next:[582626,28216782] quick_restart_no_lp (fixed_bools=274/4026)
#31    607.35s best:28216064 next:[582626,28216062] quick_restart_no_lp (fixed_bools=274/4086)
#Model 726.00s var:2215/2234 constraints:3358/3367
#32    877.72s best:28215596 next:[582626,28215594] quick_restart_no_lp (fixed_bools=292/4623)
#Bound 1193.42s best:28215596 next:[587112,28215594] default_lp
#33    1472.47s best:28214984 next:[587112,28214982] quick_restart_no_lp (fixed_bools=325/5417)
#34    1550.09s best:28211494 next:[587112,28211492] core (fixed_bools=216/4820)
#35    1555.00s best:28210780 next:[587112,28210778] core (fixed_bools=218/4852)
#36    1555.59s best:28209862 next:[587112,28209860] core (fixed_bools=218/4854)
#37    1558.33s best:28209142 next:[587112,28209140] core (fixed_bools=218/4867)
#38    1560.09s best:28208206 next:[587112,28208204] core (fixed_bools=218/4904)
#39    1613.40s best:28208176 next:[587112,28208174] quick_restart_no_lp (fixed_bools=331/6118)
#40    1648.75s best:28207432 next:[587112,28207430] quick_restart_no_lp (fixed_bools=334/6592)
#41    1654.14s best:28206580 next:[587112,28206578] quick_restart_no_lp (fixed_bools=334/6661)
#Model 1780.18s var:2214/2234 constraints:3356/3367
#42    1899.69s best:1927434 next:[587112,1927432] objective_lb_search_no_lp (fixed_bools=237/3119)
#43    1899.84s best:1927008 next:[587112,1927006] objective_lb_search_no_lp (fixed_bools=237/3124)
#44    1920.39s best:1524732 next:[587112,1524730] no_lp (fixed_bools=489/3738)
#Bound 2001.85s best:1524732 next:[587114,1524730] probing_max_lp
#Bound 2003.23s best:1524732 next:[587548,1524730] probing_max_lp
#Bound 2003.69s best:1524732 next:[587596,1524730] probing_max_lp
#Bound 2004.16s best:1524732 next:[587808,1524730] probing_max_lp
#Bound 2004.52s best:1524732 next:[588078,1524730] probing_max_lp
#Bound 2100.57s best:1524732 next:[604032,1524730] objective_lb_search_max_lp
#Bound 2145.98s best:1524732 next:[604106,1524730] probing_max_lp
#Bound 2146.63s best:1524732 next:[604354,1524730] probing_max_lp
#Bound 2146.99s best:1524732 next:[604516,1524730] probing_max_lp
#Bound 2147.66s best:1524732 next:[604810,1524730] probing_max_lp
#Bound 2148.02s best:1524732 next:[604872,1524730] probing_max_lp
#Bound 2149.04s best:1524732 next:[604998,1524730] probing_max_lp
#Bound 2170.58s best:1524732 next:[609672,1524730] quick_restart
#45    2236.42s best:1430782 next:[609672,1430780] objective_lb_search_no_lp (fixed_bools=729/3612)
#46    2237.42s best:1145310 next:[609672,1145308] objective_lb_search_no_lp (fixed_bools=729/3855)
#Model 2257.99s var:2213/2234 constraints:3355/3367
#Model 2258.20s var:2212/2234 constraints:3354/3367
#Bound 2303.35s best:1145310 next:[609674,1145308] lb_tree_search
#Bound 2303.79s best:1145310 next:[609692,1145308] lb_tree_search
#Bound 2304.13s best:1145310 next:[609698,1145308] lb_tree_search
#Bound 2304.50s best:1145310 next:[609792,1145308] lb_tree_search
#Bound 2305.07s best:1145310 next:[609918,1145308] lb_tree_search
#Bound 2305.53s best:1145310 next:[610156,1145308] lb_tree_search
#Bound 2306.80s best:1145310 next:[610638,1145308] lb_tree_search
#Bound 2527.90s best:1145310 next:[610640,1145308] max_lp
#Bound 2528.37s best:1145310 next:[610648,1145308] max_lp
#Bound 2528.76s best:1145310 next:[610714,1145308] max_lp
#Bound 2529.23s best:1145310 next:[611002,1145308] max_lp
#Bound 2529.75s best:1145310 next:[611210,1145308] max_lp
#Bound 2530.71s best:1145310 next:[611344,1145308] max_lp
#Bound 2531.40s best:1145310 next:[611410,1145308] max_lp
#Bound 2531.97s best:1145310 next:[611496,1145308] max_lp
#47    2621.29s best:1144992 next:[611496,1144990] quick_restart_no_lp (fixed_bools=2430/8447)
#48    2621.64s best:1144074 next:[611496,1144072] quick_restart_no_lp (fixed_bools=2430/8461)
#49    2622.25s best:1143606 next:[611496,1143604] quick_restart_no_lp (fixed_bools=2430/8471)
#50    2850.23s best:1142754 next:[611496,1142752] quick_restart_no_lp (fixed_bools=2465/8936)
#51    3134.95s best:1142034 next:[611496,1142032] quick_restart_no_lp (fixed_bools=2497/9215)
#52    3135.50s best:1141536 next:[611496,1141534] quick_restart_no_lp (fixed_bools=2497/9235)
#53    3143.44s best:1141044 next:[611496,1141042] quick_restart_no_lp (fixed_bools=2497/9284)
#Bound 3202.34s best:1141044 next:[615312,1141042] probing_max_lp
#Bound 3206.58s best:1141044 next:[620952,1141042] objective_lb_search_max_lp
#Bound 3234.80s best:1141044 next:[620954,1141042] lb_tree_search
#Bound 3235.11s best:1141044 next:[621238,1141042] lb_tree_search
#Bound 3235.35s best:1141044 next:[621436,1141042] lb_tree_search
#Bound 3235.58s best:1141044 next:[621918,1141042] lb_tree_search
#54    3258.47s best:1137196 next:[621918,1137194] objective_lb_search_no_lp (fixed_bools=1219/6632)
#55    3258.59s best:1035676 next:[621918,1035674] objective_lb_search_no_lp (fixed_bools=1219/6679)
#Model 3273.83s var:2211/2234 constraints:3352/3367
#Model 3274.13s var:2210/2234 constraints:3352/3367
#Model 3277.38s var:2209/2234 constraints:3350/3367
#Model 3278.40s var:2208/2234 constraints:3350/3367
#Model 3279.83s var:2207/2234 constraints:3350/3367
#Model 3282.97s var:2206/2234 constraints:3349/3367
#56    3411.85s best:1035250 next:[621918,1035248] quick_restart_no_lp (fixed_bools=3106/10126)
#57    3417.98s best:1034314 next:[621918,1034312] quick_restart_no_lp (fixed_bools=3106/10144)
#Model 3658.69s var:2205/2234 constraints:3348/3367
#58    4640.67s best:1033786 next:[621918,1033784] quick_restart_no_lp (fixed_bools=3213/10503)
#59    5085.43s best:1032556 next:[621918,1032554] quick_restart_no_lp (fixed_bools=3272/10911)
#Bound 5171.55s best:1032556 next:[621920,1032554] lb_tree_search
#Bound 5172.38s best:1032556 next:[621980,1032554] lb_tree_search
#Bound 5172.90s best:1032556 next:[622056,1032554] lb_tree_search
#Bound 5173.41s best:1032556 next:[622696,1032554] lb_tree_search
#Bound 5173.81s best:1032556 next:[622722,1032554] lb_tree_search
#Bound 5174.07s best:1032556 next:[622776,1032554] lb_tree_search
#Bound 5303.29s best:1032556 next:[626592,1032554] reduced_costs
#Bound 5401.97s best:1032556 next:[626594,1032554] lb_tree_search
#Bound 5402.16s best:1032556 next:[626764,1032554] lb_tree_search
#Bound 5402.33s best:1032556 next:[627164,1032554] lb_tree_search
#Bound 5402.50s best:1032556 next:[627174,1032554] lb_tree_search
#Bound 5402.67s best:1032556 next:[627370,1032554] lb_tree_search
#Bound 5402.88s best:1032556 next:[627898,1032554] lb_tree_search
#Bound 5403.19s best:1032556 next:[628154,1032554] lb_tree_search
#Bound 5403.41s best:1032556 next:[628304,1032554] lb_tree_search
#Bound 5403.59s best:1032556 next:[628416,1032554] lb_tree_search
#Bound 5436.35s best:1032556 next:[628420,1032554] lb_tree_search
#Bound 5436.88s best:1032556 next:[628446,1032554] lb_tree_search
#Bound 5437.22s best:1032556 next:[628560,1032554] lb_tree_search
#Bound 5437.68s best:1032556 next:[628712,1032554] lb_tree_search
#Bound 5438.22s best:1032556 next:[628726,1032554] lb_tree_search
#Bound 5438.69s best:1032556 next:[628750,1032554] lb_tree_search
#Bound 5439.25s best:1032556 next:[628782,1032554] lb_tree_search
#Bound 5439.78s best:1032556 next:[628856,1032554] lb_tree_search
#Bound 5440.25s best:1032556 next:[628888,1032554] lb_tree_search
#Bound 5441.53s best:1032556 next:[628920,1032554] lb_tree_search
#Bound 5442.06s best:1032556 next:[628938,1032554] lb_tree_search
#Bound 5442.65s best:1032556 next:[628966,1032554] lb_tree_search
#Bound 5443.06s best:1032556 next:[628968,1032554] lb_tree_search
#Bound 5443.43s best:1032556 next:[628972,1032554] lb_tree_search
#Bound 5443.46s best:1032556 next:[629070,1032554] lb_tree_search
#Bound 5444.01s best:1032556 next:[629112,1032554] lb_tree_search
#Bound 5444.26s best:1032556 next:[629114,1032554] lb_tree_search
#Bound 5444.69s best:1032556 next:[629188,1032554] lb_tree_search
#Bound 5445.10s best:1032556 next:[629602,1032554] lb_tree_search
#Bound 5445.52s best:1032556 next:[630178,1032554] lb_tree_search
#Bound 5445.87s best:1032556 next:[630456,1032554] lb_tree_search
#Bound 5446.45s best:1032556 next:[630866,1032554] lb_tree_search
#Bound 5447.07s best:1032556 next:[631324,1032554] lb_tree_search
#Bound 5447.55s best:1032556 next:[631688,1032554] lb_tree_search
#Bound 5448.64s best:1032556 next:[632038,1032554] lb_tree_search
#Bound 5448.87s best:1032556 next:[632090,1032554] lb_tree_search
#Bound 5449.12s best:1032556 next:[632092,1032554] lb_tree_search
#Bound 5449.95s best:1032556 next:[632116,1032554] lb_tree_search
#Bound 5450.24s best:1032556 next:[632122,1032554] lb_tree_search
#Bound 5450.27s best:1032556 next:[632130,1032554] lb_tree_search
#Bound 5450.91s best:1032556 next:[632134,1032554] lb_tree_search
#Bound 5451.20s best:1032556 next:[632136,1032554] lb_tree_search
#Bound 5451.60s best:1032556 next:[632140,1032554] lb_tree_search
#Bound 5451.90s best:1032556 next:[632142,1032554] lb_tree_search
#Bound 5452.19s best:1032556 next:[632146,1032554] lb_tree_search
#Bound 5452.91s best:1032556 next:[632188,1032554] lb_tree_search
#Bound 5453.34s best:1032556 next:[632190,1032554] lb_tree_search
#Bound 5453.62s best:1032556 next:[632192,1032554] lb_tree_search
#Bound 5453.86s best:1032556 next:[632206,1032554] lb_tree_search
#Bound 5454.25s best:1032556 next:[632208,1032554] lb_tree_search
#Bound 5454.70s best:1032556 next:[632212,1032554] lb_tree_search
#Bound 5455.01s best:1032556 next:[632228,1032554] lb_tree_search
#Bound 5455.38s best:1032556 next:[632230,1032554] lb_tree_search
#Bound 5456.44s best:1032556 next:[632232,1032554] lb_tree_search
#60    5866.22s best:1028576 next:[632232,1028574] objective_lb_search_no_lp (fixed_bools=1916/9665)
#61    6019.33s best:1019746 next:[632232,1019744] objective_lb_search_no_lp (fixed_bools=1987/9747)
#62    6019.39s best:991452 next:[632232,991450] objective_lb_search_no_lp (fixed_bools=1987/9762)
#Model 6057.82s var:2204/2234 constraints:3348/3367
#Model 6065.61s var:2201/2234 constraints:3347/3367
#63    6095.57s best:990600 next:[632232,990598] quick_restart_no_lp (fixed_bools=3855/12270)
#64    6102.86s best:989886 next:[632232,989884] quick_restart_no_lp (fixed_bools=3855/12294)
#65    6115.12s best:989388 next:[632232,989386] quick_restart_no_lp (fixed_bools=3855/12307)
#66    7470.97s best:988920 next:[632232,988918] quick_restart_no_lp (fixed_bools=3977/12622)
#67    7651.15s best:987434 next:[632232,987432] no_lp (fixed_bools=2851/13782)
#68    7652.08s best:986118 next:[632232,986116] no_lp (fixed_bools=2851/13790)
#69    7654.09s best:985930 next:[632232,985928] no_lp (fixed_bools=2851/13791)
#70    7655.48s best:985750 next:[632232,985748] no_lp (fixed_bools=2851/13826)
#71    7660.11s best:983682 next:[632232,983680] no_lp (fixed_bools=2851/13829)
#Model 7747.80s var:2200/2234 constraints:3345/3367
#Model 7755.71s var:2198/2234 constraints:3345/3367
#72    7816.74s best:979524 next:[632232,979522] no_lp (fixed_bools=3002/14800)
#Model 7860.03s var:2197/2234 constraints:3344/3367
#73    8494.75s best:978588 next:[632232,978586] core (fixed_bools=4674/14119)
#74    8497.28s best:977736 next:[632232,977734] core (fixed_bools=4674/14144)
#75    8600.09s best:976884 next:[632232,976882] quick_restart_no_lp (fixed_bools=4395/14886)
#76    8601.77s best:976356 next:[632232,976354] quick_restart_no_lp (fixed_bools=4395/14900)
#77    9658.25s best:975858 next:[632232,975856] quick_restart_no_lp (fixed_bools=4464/15587)
#78    10203.85s best:973222 next:[632232,973220] objective_lb_search_no_lp (fixed_bools=3283/16999)
#79    10290.10s best:972694 next:[632232,972692] quick_restart_no_lp (fixed_bools=4531/16902)
#80    10486.96s best:972046 next:[632232,972044] quick_restart_no_lp (fixed_bools=4548/17194)
#81    10567.89s best:969272 next:[632232,969270] no_lp (fixed_bools=3569/19620)
#Model 10591.01s var:2195/2234 constraints:3344/3367
#82    10692.71s best:968660 next:[632232,968658] quick_restart_no_lp (fixed_bools=4753/17952)
#83    10742.88s best:957378 next:[632232,957376] objective_lb_search_no_lp (fixed_bools=3618/19186)
#84    10749.38s best:956644 next:[632232,956642] objective_lb_search_no_lp (fixed_bools=4072/19397)
#85    10750.18s best:956146 next:[632232,956144] objective_lb_search_no_lp (fixed_bools=4074/19449)
#Model 10758.18s var:2194/2234 constraints:3343/3367
#86    11302.27s best:944472 next:[632232,944470] objective_lb_search_no_lp (fixed_bools=4134/21837)
#Model 11303.51s var:2193/2234 constraints:3341/3367
#87    11310.43s best:944004 next:[632232,944002] quick_restart_no_lp (fixed_bools=5346/19024)
#Model 11322.06s var:2190/2234 constraints:3340/3367
#88    11322.86s best:943656 next:[632232,943654] quick_restart_no_lp (fixed_bools=5406/19073)
#89    11670.26s best:943230 next:[632232,943228] quick_restart_no_lp (fixed_bools=5439/19487)
#90    11909.00s best:942294 next:[632232,942292] quick_restart_no_lp (fixed_bools=5454/19914)
#Model 11938.28s var:2189/2234 constraints:3340/3367
#Model 11943.66s var:2188/2234 constraints:3340/3367
#91    13533.34s best:941574 next:[632232,941572] quick_restart_no_lp (fixed_bools=5588/21535)
#92    13697.91s best:941046 next:[632232,941044] quick_restart_no_lp (fixed_bools=5602/21790)
#93    16564.50s best:940320 next:[632232,940318] quick_restart_no_lp (fixed_bools=5621/25942)
#94    19305.11s best:939846 next:[632232,939844] objective_lb_search_no_lp (fixed_bools=4884/40036)
#95    19963.77s best:939468 next:[632232,939466] objective_lb_search_no_lp (fixed_bools=4906/42632)
#96    20920.59s best:938940 next:[632232,938938] quick_restart_no_lp (fixed_bools=5656/30669)
#97    23275.26s best:938292 next:[632232,938290] quick_restart_no_lp (fixed_bools=5667/32439)

Task timing                                  n [     min,      max]      avg      dev     time         n [     min,      max]      avg      dev    dtime
                             'core':         1 [   8.00h,    8.00h]    8.00h   0.00ns    8.00h         1 [   8.73h,    8.73h]    8.73h   0.00ns    8.73h
                       'default_lp':         1 [   8.00h,    8.00h]    8.00h   0.00ns    8.00h         1 [   1.04h,    1.04h]    1.04h   0.00ns    1.04h
                 'feasibility_pump':         2 [169.49ms,    3.92s]    2.05s    1.88s    4.09s         1 [825.43ms, 825.43ms] 825.43ms   0.00ns 825.43ms
                  'fj_long_default':         3 [ 29.78ms, 151.72ms]  98.42ms  50.95ms 295.25ms         3 [  9.17ms,  36.99ms]  27.48ms  12.95ms  82.43ms
              'fj_long_lin_default':         3 [ 60.45ms, 219.03ms] 113.96ms  74.30ms 341.89ms         3 [ 15.99ms,  19.51ms]  18.18ms   1.56ms  54.54ms
                   'fj_long_random':         2 [117.57ms, 229.16ms] 173.37ms  55.79ms 346.73ms         2 [ 35.32ms,  38.28ms]  36.80ms   1.48ms  73.60ms
                 'fj_short_default':         6 [ 55.26ms, 123.67ms]  74.95ms  23.83ms 449.68ms         6 [ 16.42ms,  23.40ms]  19.80ms   2.40ms 118.81ms
             'fj_short_lin_default':         4 [ 45.21ms, 149.22ms]  78.75ms  41.23ms 315.00ms         4 [ 15.56ms,  20.74ms]  17.78ms   2.27ms  71.12ms
              'fj_short_lin_random':         3 [ 58.09ms, 215.63ms] 112.78ms  72.77ms 338.34ms         3 [ 15.26ms,  21.02ms]  18.27ms   2.36ms  54.80ms
                  'fj_short_random':         1 [339.95ms, 339.95ms] 339.95ms   0.00ns 339.95ms         1 [ 15.97ms,  15.97ms]  15.97ms   0.00ns  15.97ms
                        'fs_random':         1 [534.46ms, 534.46ms] 534.46ms   0.00ns 534.46ms         1 [ 20.00ns,  20.00ns]  20.00ns   0.00ns  20.00ns
                        'fs_random':         1 [668.32ms, 668.32ms] 668.32ms   0.00ns 668.32ms         1 [ 20.00ns,  20.00ns]  20.00ns   0.00ns  20.00ns
                  'fs_random_no_lp':         1 [761.20ms, 761.20ms] 761.20ms   0.00ns 761.20ms         0 [  0.00ns,   0.00ns]   0.00ns   0.00ns   0.00ns
                  'fs_random_no_lp':         1 [940.85ms, 940.85ms] 940.85ms   0.00ns 940.85ms         0 [  0.00ns,   0.00ns]   0.00ns   0.00ns   0.00ns
          'fs_random_quick_restart':         1 [818.47ms, 818.47ms] 818.47ms   0.00ns 818.47ms         1 [ 20.00ns,  20.00ns]  20.00ns   0.00ns  20.00ns
          'fs_random_quick_restart':         1 [891.92ms, 891.92ms] 891.92ms   0.00ns 891.92ms         1 [ 20.00ns,  20.00ns]  20.00ns   0.00ns  20.00ns
    'fs_random_quick_restart_no_lp':         1 [526.26ms, 526.26ms] 526.26ms   0.00ns 526.26ms         0 [  0.00ns,   0.00ns]   0.00ns   0.00ns   0.00ns
                    'graph_arc_lns':         6 [223.02ms,    8.00h]    1.33h    2.98h    8.00h         6 [ 10.00ns, 100.29ms]  83.46ms  37.32ms 500.75ms
                    'graph_cst_lns':         6 [191.73ms,    8.00h]    1.33h    2.98h    8.00h         6 [ 10.00ns, 100.36ms]  83.48ms  37.34ms 500.90ms
                    'graph_dec_lns':         6 [353.49ms,    8.00h]    2.67h    3.77h   16.00h         6 [716.00ns, 100.39ms]  66.75ms  47.20ms 400.49ms
                    'graph_var_lns':         7 [219.24ms,    8.00h]    5.71h    3.61h   40.00h         4 [ 20.00ns, 100.19ms]  50.08ms  50.08ms 200.31ms
                   'lb_tree_search':         1 [   8.00h,    8.00h]    8.00h   0.00ns    8.00h         1 [  39.14m,   39.14m]   39.14m   0.00ns   39.14m
                           'max_lp':         1 [   8.00h,    8.00h]    8.00h   0.00ns    8.00h         1 [  38.51m,   38.51m]   38.51m   0.00ns   38.51m
                            'no_lp':         1 [   8.00h,    8.00h]    8.00h   0.00ns    8.00h         1 [   7.64h,    7.64h]    7.64h   0.00ns    7.64h
              'objective_lb_search':         1 [   8.00h,    8.00h]    8.00h   0.00ns    8.00h         1 [   1.12h,    1.12h]    1.12h   0.00ns    1.12h
       'objective_lb_search_max_lp':         1 [   8.00h,    8.00h]    8.00h   0.00ns    8.00h         1 [  41.34m,   41.34m]   41.34m   0.00ns   41.34m
        'objective_lb_search_no_lp':         1 [   8.00h,    8.00h]    8.00h   0.00ns    8.00h         1 [   8.56h,    8.56h]    8.56h   0.00ns    8.56h
  'objective_shaving_search_max_lp':         7 [  7.88ms, 600.69ms]  98.59ms 205.18ms 690.15ms         1 [ 22.28ms,  22.28ms]  22.28ms   0.00ns  22.28ms
   'objective_shaving_search_no_lp':         7 [  7.90ms, 584.97ms]  91.92ms 201.30ms 643.47ms         1 [ 26.58ms,  26.58ms]  26.58ms   0.00ns  26.58ms
                          'probing':         1 [   8.00h,    8.00h]    8.00h   0.00ns    8.00h         1 [   1.05h,    1.05h]    1.05h   0.00ns    1.05h
                   'probing_max_lp':         1 [   8.00h,    8.00h]    8.00h   0.00ns    8.00h         1 [  40.04m,   40.04m]   40.04m   0.00ns   40.04m
                     'pseudo_costs':         1 [   8.00h,    8.00h]    8.00h   0.00ns    8.00h         1 [  39.75m,   39.75m]   39.75m   0.00ns   39.75m
                    'quick_restart':         1 [   8.00h,    8.00h]    8.00h   0.00ns    8.00h         1 [   1.13h,    1.13h]    1.13h   0.00ns    1.13h
              'quick_restart_no_lp':         1 [   8.00h,    8.00h]    8.00h   0.00ns    8.00h         1 [   7.18h,    7.18h]    7.18h   0.00ns    7.18h
                    'reduced_costs':         1 [   8.00h,    8.00h]    8.00h   0.00ns    8.00h         1 [  39.31m,   39.31m]   39.31m   0.00ns   39.31m
                        'rins/rens':         1 [   8.00h,    8.00h]    8.00h   0.00ns    8.00h         1 [ 10.00ns,  10.00ns]  10.00ns   0.00ns  10.00ns
                      'rnd_cst_lns':         7 [222.18ms,    8.00h]    3.43h    3.96h   24.00h         6 [ 10.00ns, 100.20ms]  66.74ms  47.19ms 400.43ms
                      'rnd_var_lns':         7 [198.10ms,    8.00h]    5.71h    3.61h   40.00h         4 [ 20.00ns, 100.24ms]  50.06ms  50.06ms 200.25ms
                     'violation_ls':         7 [248.31us,  10.95ms]   3.47ms   4.16ms  24.31ms         7 [ 12.42us, 572.69us] 146.79us 213.25us   1.03ms
                     'violation_ls':         7 [261.97us,  27.22ms]   5.57ms   8.92ms  38.96ms         7 [ 14.04us,   1.37ms] 508.24us 549.86us   3.56ms
                     'violation_ls':         7 [280.29us, 150.50ms]  23.99ms  51.77ms 167.92ms         7 [ 14.59us,   1.11ms] 463.57us 517.02us   3.25ms

Search stats                         Bools   Conflicts     Branches     Restarts       BoolPropag   IntegerPropag
                           'core':  54'751  11'257'588  658'365'522  128'261'048   92'991'316'555  26'981'879'605
                     'default_lp':   2'632          20      112'804       59'456        4'761'969      10'885'271
                      'fs_random':   1'858           0          270          270            8'772          20'504
                      'fs_random':   1'858           0          270          270            8'772          20'504
                'fs_random_no_lp':   1'858           0            0            0                0               0
                'fs_random_no_lp':   1'858           0          512          512           13'103          35'857
        'fs_random_quick_restart':   1'858           0          512          512           13'103          35'857
        'fs_random_quick_restart':   1'858           0          764          764           17'358          56'626
  'fs_random_quick_restart_no_lp':   1'858           0        2'714        2'714           52'328         201'466
                 'lb_tree_search':   2'632          14       63'478       38'388        2'961'514       6'728'488
                         'max_lp':   2'632          13       60'563       36'924        2'813'242       6'389'244
                          'no_lp':  55'522   8'846'816  736'865'084  128'596'372  100'483'224'215  28'038'112'091
            'objective_lb_search':   2'632          28       96'562       53'966        4'299'125       9'833'364
     'objective_lb_search_max_lp':   2'632          10       58'696       36'021        2'756'835       6'275'565
      'objective_lb_search_no_lp':  58'968   9'933'005  688'811'780  125'054'603   99'692'790'222  26'299'572'088
                        'probing':   2'632          16      104'583       57'086        4'604'388      10'469'152
                 'probing_max_lp':   2'632           8       65'616       39'724        3'070'794       6'971'611
                   'pseudo_costs':   2'632          18       60'895       37'094        2'840'221       6'461'154
                  'quick_restart':   2'632          13      109'966       58'457        4'692'073      10'734'530
            'quick_restart_no_lp':  34'486  11'188'092  977'553'742  133'383'022   76'792'396'346  30'793'002'563
                  'reduced_costs':   2'632          21       62'506       37'923        2'915'335       6'625'651

SAT stats                           ClassicMinim  LitRemoved     LitLearned   LitForgotten  Subsumed  MClauses  MDecisions  MLitTrue  MSubsumed  MLitRemoved  MReused
                           'core':    10'363'377  95'918'359  3'881'083'678  3'720'352'478   412'175    46'924  14'062'847         1      4'041      655'410   46'002
                     'default_lp':            13          27             33              0         0         0           0         0          0            0        0
                      'fs_random':             0           0              0              0         0         0           0         0          0            0        0
                      'fs_random':             0           0              0              0         0         0           0         0          0            0        0
                'fs_random_no_lp':             0           0              0              0         0         0           0         0          0            0        0
                'fs_random_no_lp':             0           0              0              0         0         0           0         0          0            0        0
        'fs_random_quick_restart':             0           0              0              0         0         0           0         0          0            0        0
        'fs_random_quick_restart':             0           0              0              0         0         0           0         0          0            0        0
  'fs_random_quick_restart_no_lp':             0           0              0              0         0         0           0         0          0            0        0
                 'lb_tree_search':             5           6             19              0         0         0           0         0          0            0        0
                         'max_lp':             5           8             18              0         0         0           0         0          0            0        0
                          'no_lp':     7'895'706  64'589'232  3'064'808'455  2'892'268'612   441'296    38'984  16'707'641         1      5'067    1'008'053   89'193
            'objective_lb_search':             6          12             34              0         0         0           0         0          0            0        0
     'objective_lb_search_max_lp':             1           1             12              0         0         0           0         0          0            0        0
      'objective_lb_search_no_lp':     9'038'562  79'916'556  3'405'047'833  3'243'886'194   413'832    36'614  13'069'940         1      4'476      835'436   50'676
                        'probing':             8          12             26              0         0         0           0         0          0            0        0
                 'probing_max_lp':             1           3              9              0         0         0           0         0          0            0        0
                   'pseudo_costs':             1           4             19              0         0         0           0         0          0            0        0
                  'quick_restart':             6           7             19              0         0         0           0         0          0            0        0
            'quick_restart_no_lp':    10'037'409  77'329'487  3'955'754'859  3'759'949'773   514'101    80'337  24'892'862         3      3'870      644'940  109'038
                  'reduced_costs':             2           6             23              0         0         0           0         0          0            0        0

Lp stats                         Component  Iterations  AddedCuts  OPTIMAL  DUAL_F.  DUAL_U.
                  'default_lp':          1  13'183'041  6'060'860  329'250       14        1
                   'fs_random':          1           0          0        0        0        0
                   'fs_random':          1           0          0        0        0        0
     'fs_random_quick_restart':          1           0          0        0        0        0
     'fs_random_quick_restart':          1           0          0        0        0        0
              'lb_tree_search':          1   5'438'874  1'859'030  136'650   35'832        0
                      'max_lp':          1   5'108'428  1'828'768  131'171   34'176        0
         'objective_lb_search':          1  13'313'054  6'696'272  299'654       12        0
  'objective_lb_search_max_lp':          1   5'096'352  1'916'456  127'890   33'332        0
                     'probing':          1  13'404'324  6'136'618  316'676       21        0
              'probing_max_lp':          1   5'858'528  1'981'595  140'762   37'543        0
                'pseudo_costs':          1   5'098'527  1'912'345  132'031   34'666        0
               'quick_restart':          1  14'172'953  6'985'693  324'223       26        1
               'reduced_costs':          1   5'144'232  1'881'887  134'764   35'502        0

Lp dimension                                                                         Final dimension of first component
                  'default_lp':   3642 rows, 2232 columns, 30199 entries with magnitude in [7.289608e-06, 1.000000e+00]
                   'fs_random':          0 rows, 2232 columns, 0 entries with magnitude in [0.000000e+00, 0.000000e+00]
                   'fs_random':          0 rows, 2232 columns, 0 entries with magnitude in [0.000000e+00, 0.000000e+00]
     'fs_random_quick_restart':          0 rows, 2232 columns, 0 entries with magnitude in [0.000000e+00, 0.000000e+00]
     'fs_random_quick_restart':          0 rows, 2232 columns, 0 entries with magnitude in [0.000000e+00, 0.000000e+00]
              'lb_tree_search':   3337 rows, 2234 columns, 34635 entries with magnitude in [1.290449e-05, 1.000000e+00]
                      'max_lp':   3808 rows, 2234 columns, 37481 entries with magnitude in [2.491630e-05, 1.000000e+00]
         'objective_lb_search':   5046 rows, 2232 columns, 49880 entries with magnitude in [2.892179e-06, 1.000000e+00]
  'objective_lb_search_max_lp':  4111 rows, 2234 columns, 101760 entries with magnitude in [5.064262e-06, 1.000000e+00]
                     'probing':   3832 rows, 2232 columns, 26877 entries with magnitude in [4.733164e-05, 1.000000e+00]
              'probing_max_lp':   3012 rows, 2234 columns, 28206 entries with magnitude in [3.579545e-04, 1.000000e+00]
                'pseudo_costs':   3281 rows, 2234 columns, 58425 entries with magnitude in [2.823350e-06, 1.000000e+00]
               'quick_restart':   3585 rows, 2232 columns, 43681 entries with magnitude in [2.906320e-06, 1.000000e+00]
               'reduced_costs':   3060 rows, 2234 columns, 32875 entries with magnitude in [2.742929e-05, 1.000000e+00]

Lp debug                         CutPropag  CutEqPropag  Adjust  Overflow          Bad  BadScaling
                  'default_lp':          6        2'983   1'482         0  253'838'026           0
                   'fs_random':          0            0       0         0            0           0
                   'fs_random':          0            0       0         0            0           0
     'fs_random_quick_restart':          0            0       0         0            0           0
     'fs_random_quick_restart':          0            0       0         0            0           0
              'lb_tree_search':         16        1'902  32'577         0  235'514'093           0
                      'max_lp':          6        1'465  22'745         0  220'257'295           0
         'objective_lb_search':          0        3'819   2'507         0  252'314'750           0
  'objective_lb_search_max_lp':          8        3'375   9'567         0  221'865'232           0
                     'probing':          8        3'155   2'256         0  251'050'265           0
              'probing_max_lp':         12        1'414  52'417         0  242'458'257           0
                'pseudo_costs':          5        2'552  11'047         0  227'839'639           0
               'quick_restart':          0        2'759   7'282         0  260'792'469           0
               'reduced_costs':          8        2'066  66'254         0  226'401'220           0

Lp pool                          Constraints  Updates  Simplif  Merged  Shortened   Split  Strenghtened             Cuts/Call
                  'default_lp':       12'470   87'323   15'386     131      3'410   7'709       251'597  6'060'860/12'064'730
                   'fs_random':        2'741        0        0       0          0       0             0                   0/0
                   'fs_random':        2'741        0        0       0          0       0             0                   0/0
     'fs_random_quick_restart':        2'741        0        0       0          0       0             0                   0/0
     'fs_random_quick_restart':        2'741        0        0       0          0       0             0                   0/0
              'lb_tree_search':       12'373   85'086   37'157      25     13'961  23'098       335'042   1'859'030/4'080'652
                      'max_lp':       13'099   95'481   31'715      37     20'025  35'529       313'575   1'828'768/3'759'975
         'objective_lb_search':       11'920   87'471   12'180      93      2'796   7'769       226'290  6'696'272/14'037'416
  'objective_lb_search_max_lp':       12'706  120'062   22'374     118     17'202  28'026       313'016   1'916'456/4'129'949
                     'probing':       12'259   84'367   12'667     100      2'990   7'624       248'920  6'136'618/12'399'371
              'probing_max_lp':       12'903   86'072   29'225      60     15'496  27'604       362'463   1'981'595/4'330'451
                'pseudo_costs':       12'613  111'263   21'541     100     15'321  25'821       333'695   1'912'345/4'068'346
               'quick_restart':       12'319   87'683   13'519     115      2'160   7'957       251'852  6'985'693/14'237'264
               'reduced_costs':       13'181  112'676   28'418      74     22'869  32'005       328'071   1'881'887/3'880'808

Lp Cut               defaul   max_lp     quick_   reduce   pseudo   lb_tre     probin     object   probin   object
          CG_FF:    215'016   41'792    249'842   42'532   43'042   43'436    221'584    238'406   46'694   40'926
           CG_K:      4'491    8'924      7'685    8'630    7'481   10'028      5'144      6'076   10'230    7'503
          CG_KL:        105       28         98       28       18       16        114        138       16       31
           CG_R:    202'942   48'146    194'364   53'336   51'357   47'940    191'343    170'467   49'978   46'484
          CG_RB:  1'258'191  199'906  1'381'221  204'796  218'753  193'952  1'250'382  1'290'636  220'860  209'242
         CG_RBP:      4'367    6'505     10'173    7'344    5'866    8'859      5'429      7'835    9'217    5'569
         CG_RLT:          -        -          -        -        1        -          -          -        2        -
         Clique:          -   39'200          -   41'121   39'529   40'162          -          -   42'963   38'508
             IB:  1'219'241  222'619  1'344'967  231'587  225'140  225'809  1'245'563  1'238'460  236'487  223'585
       MIR_1_FF:  1'055'057  252'374  1'517'292  247'234  267'865  270'945  1'158'182  1'526'488  285'350  277'885
        MIR_1_K:      8'274    6'567      9'339    6'577    6'657    6'804      8'733      8'243    7'684    6'351
       MIR_1_KL:      4'121    1'708      4'618    1'852    1'524    1'461      4'545      4'691    1'596    1'546
        MIR_1_R:     30'084   13'326     42'285   13'527   13'311   14'700     28'837     43'646   20'577   18'360
       MIR_1_RB:    891'184  330'497    951'211  341'122  346'128  345'495    854'552    942'079  341'276  357'760
      MIR_1_RBP:      2'515    2'595      3'051    2'783    2'701    4'327      2'512      2'472    3'665    2'683
      MIR_1_RLT:          -      318          -      386      373      329          -          -      421      361
       MIR_2_FF:    100'517   34'685    128'590   35'489   40'491   37'078    109'129    125'441   43'547   39'135
        MIR_2_K:      2'587    2'327      2'590    2'270    3'477    2'483      2'372      2'604    2'666    2'106
       MIR_2_KL:        484      308        507      288      273      236        541        448      296      257
        MIR_2_R:      8'288   15'100      9'027   17'438   16'668   17'127      8'564      8'344   15'719   17'483
       MIR_2_RB:    165'704  148'281    174'180  155'326  156'161  139'242    158'372    175'706  144'079  162'709
      MIR_2_RBP:        802    1'178      1'072    1'146    1'186    1'180        922        989    1'356    1'684
       MIR_3_FF:     18'682   13'486     21'923   14'539   14'612   14'248     19'979     19'092   16'457   14'047
        MIR_3_K:      2'140    2'779      3'064    2'845    2'691    3'043      2'632      2'505    3'230    2'846
       MIR_3_KL:        678      492        660      512      387      361        669        629      464      326
        MIR_3_R:     26'559   12'185     27'707   13'826   13'300   13'391     26'191     25'622   13'643   12'973
       MIR_3_RB:    137'712   87'196    146'817   92'303   89'591   82'485    137'791    139'627   91'320   91'221
      MIR_3_RBP:        746    1'001        900    1'096      977    1'118        749        749    1'208    1'085
       MIR_4_FF:      7'260   10'233      9'082   10'726   10'877   10'042      7'647      8'065   12'264   10'459
        MIR_4_K:        816    1'747      1'113    1'819    1'885    2'053        929        918    2'221    1'726
       MIR_4_KL:        125      168        113      217      165      146        143        125      174      170
        MIR_4_R:      5'704    4'448      5'999    4'784    4'618    4'540      5'584      5'721    4'790    4'606
       MIR_4_RB:     75'526   60'787     80'741   64'624   62'952   60'080     75'882     79'961   66'117   62'841
      MIR_4_RBP:        353      656        396      727      634      790        400        375      821      658
       MIR_5_FF:      4'930   10'009      5'822   10'616   10'332   10'206      4'912      5'376   11'603   10'397
        MIR_5_K:        367    1'860        571    1'829    1'786    1'977        437        457    2'271    1'860
       MIR_5_KL:         70      197         88      202      189      171         64         93      223      193
        MIR_5_R:      2'820    3'161      2'961    3'488    3'450    3'346      2'847      2'898    3'570    3'435
       MIR_5_RB:     52'376   47'899     56'627   51'807   49'555   48'652     52'012     54'945   52'729   49'383
      MIR_5_RBP:        231      755        295      792      755      826        261        273      985      848
       MIR_6_FF:      1'935    7'111      2'530    7'082    7'434    6'909      2'044      2'497    8'707    7'672
        MIR_6_K:        199    1'267        300    1'201    1'257    1'377        211        274    1'508    1'276
       MIR_6_KL:         16      114         23      143      137      110         24         21      119      122
        MIR_6_R:      1'292    3'132      1'395    3'476    3'309    3'468      1'230      1'199    3'732    3'312
       MIR_6_RB:     33'568   34'285     36'174   35'759   35'184   33'489     33'455     34'646   37'370   34'682
      MIR_6_RBP:        146      480        160      503      442      503        182        143      614      546
   ZERO_HALF_FF:     66'727   11'178     78'812   11'392   11'713   11'631     66'632     79'342   13'013   11'464
    ZERO_HALF_K:      1'207      779      2'366      826      834      918      1'262      2'518      966      905
   ZERO_HALF_KL:         20        6         19        5       13        6         18         32        5        2
    ZERO_HALF_R:    278'606   95'974    282'089   91'725   94'270   87'564    272'492    253'571  101'509   86'065
   ZERO_HALF_RB:    163'564   38'047    182'427   37'553   40'320   43'209    161'264    177'907   44'326   40'413
  ZERO_HALF_RBP:      2'515      949      2'407      658      673      759      1'855      3'522      957      755
  ZERO_HALF_RLT:          -        3          -        -        1        3          -          -        -        -

LNS stats           Improv/Calls  Closed  Difficulty  TimeLimit
  'graph_arc_lns':           4/6     33%        0.21       0.10
  'graph_cst_lns':           4/6     33%        0.25       0.10
  'graph_dec_lns':           4/6     33%        0.21       0.10
  'graph_var_lns':           7/7      0%        0.03       0.10
      'rins/rens':           1/1      0%        0.29       0.10
    'rnd_cst_lns':           5/7     14%        0.09       0.10
    'rnd_var_lns':           6/7     14%        0.09       0.10

LS stats                   Batches  Restarts  LinMoves  GenMoves  CompoundMoves  WeightUpdates
       'fj_long_default':        3         1    20'524         0              0          2'068
   'fj_long_lin_default':        3         1         0     8'728          1'027             77
        'fj_long_random':        2         1    18'077         0              0          1'923
      'fj_short_default':        6         1         0    18'847          1'979             97
  'fj_short_lin_default':        4         1         0    12'680          1'259             23
   'fj_short_lin_random':        3         1         0    10'163          1'152             26
       'fj_short_random':        1         1         0     2'716            778             12
          'violation_ls':        7         0       179        32              8             96
          'violation_ls':        7         0        21       324             36             17
          'violation_ls':        7         0        34       240             24             23

Solutions (97)                  Num     Rank
                       'core':    7  [34,74]
            'fj_long_default':    1    [1,1]
              'graph_arc_lns':    1  [12,12]
              'graph_cst_lns':    1  [22,22]
              'graph_var_lns':    1  [11,11]
                      'no_lp':    8  [44,81]
  'objective_lb_search_no_lp':   16  [42,95]
        'quick_restart_no_lp':   40  [27,97]
                'rnd_cst_lns':    1  [16,16]
                'rnd_var_lns':    1  [26,26]
               'violation_ls':   20   [2,25]

Objective bounds                      Num
                       'default_lp':    1
                   'initial_domain':    1
                   'lb_tree_search':   70
                           'max_lp':    9
       'objective_lb_search_max_lp':   13
  'objective_shaving_search_max_lp':    5
   'objective_shaving_search_no_lp':    6
                   'probing_max_lp':   28
                    'quick_restart':    1
                    'reduced_costs':    1

Solution repositories    Added  Queried  Ignored  Synchro
  'feasible solutions':    249      101        0      235
        'lp solutions':      0        0        0        0
                'pump':     14        1

Improving bounds shared            Num
                        'core':  1'800
                  'default_lp':     83
              'lb_tree_search':      9
                      'max_lp':     45
                       'no_lp':  1'593
         'objective_lb_search':    163
  'objective_lb_search_max_lp':     56
   'objective_lb_search_no_lp':    857
                     'probing':     26
              'probing_max_lp':     97
                'pseudo_costs':    184
               'quick_restart':     98
         'quick_restart_no_lp':  2'407
               'reduced_costs':    172

Clauses shared                     Num
                        'core':  2'050
                  'default_lp':     20
              'lb_tree_search':      6
                      'max_lp':      6
                       'no_lp':  1'978
         'objective_lb_search':     13
  'objective_lb_search_max_lp':      4
   'objective_lb_search_no_lp':  1'865
                     'probing':      8
              'probing_max_lp':      7
                'pseudo_costs':      2
               'quick_restart':      5
         'quick_restart_no_lp':  2'151
               'reduced_costs':      3

CpSolverResponse summary:
status: FEASIBLE
objective: 938292
best_bound: 632232
integers: 2235
booleans: 1858
conflicts: 0
branches: 2714
propagations: 52328
integer_propagations: 201466
restarts: 2714
lp_iterations: 0
walltime: 28806
usertime: 28806
deterministic_time: 145569
gap_integral: 1.83877e+06
solution_fingerprint: 0xa1505d710f6565f9

CPU USED: 32
Loading /home/aneumann/projects/def-adhaj/aneumann/gns/data/instances/test/xl/instance_170.pkl...
===* START SOLVING *===
   index    value       gap  ... max_time  cpu  max_memory
0    170  9382.92  0.326188  ...        8   32         118

[1 rows x 8 columns]
===* END OF FILE *===
