created virtual environment CPython3.12.4.final.0-64 in 843ms
  creator CPython3Posix(dest=/localscratch/aneumann.37168024.0/env, clear=False, no_vcs_ignore=False, global=False)
  seeder FromAppData(download=False, pip=bundle, via=copy, app_data_dir=/home/aneumann/.local/share/virtualenv)
    added seed packages: pip==24.2+computecanada
  activators BashActivator,CShellActivator,FishActivator,NushellActivator,PowerShellActivator,PythonActivator
Looking in links: /cvmfs/soft.computecanada.ca/custom/python/wheelhouse/gentoo2023/x86-64-v3, /cvmfs/soft.computecanada.ca/custom/python/wheelhouse/gentoo2023/generic, /cvmfs/soft.computecanada.ca/custom/python/wheelhouse/generic
Requirement already satisfied: pip in /localscratch/aneumann.37168024.0/env/lib/python3.12/site-packages (24.2+computecanada)
Looking in links: /cvmfs/soft.computecanada.ca/custom/python/wheelhouse/gentoo2023/x86-64-v3, /cvmfs/soft.computecanada.ca/custom/python/wheelhouse/gentoo2023/generic, /cvmfs/soft.computecanada.ca/custom/python/wheelhouse/generic
ERROR: protobuf-5.28.3-cp38-abi3-manylinux2014_x86_64.whl is not a supported wheel on this platform.
Looking in links: /cvmfs/soft.computecanada.ca/custom/python/wheelhouse/gentoo2023/x86-64-v3, /cvmfs/soft.computecanada.ca/custom/python/wheelhouse/gentoo2023/generic, /cvmfs/soft.computecanada.ca/custom/python/wheelhouse/generic
Processing /home/aneumann/projects/def-adhaj/aneumann/gns/wheels/immutabledict-4.2.0-py3-none-any.whl
Installing collected packages: immutabledict
Successfully installed immutabledict-4.2.0
Looking in links: /cvmfs/soft.computecanada.ca/custom/python/wheelhouse/gentoo2023/x86-64-v3, /cvmfs/soft.computecanada.ca/custom/python/wheelhouse/gentoo2023/generic, /cvmfs/soft.computecanada.ca/custom/python/wheelhouse/generic
Processing /cvmfs/soft.computecanada.ca/custom/python/wheelhouse/generic/ortools-9.10.4067+computecanada-cp312-cp312-linux_x86_64.whl (from -r /home/aneumann/projects/def-adhaj/aneumann/gns/requirements_or.txt (line 1))
Processing /cvmfs/soft.computecanada.ca/custom/python/wheelhouse/gentoo2023/x86-64-v3/pandas-2.2.2+computecanada-cp312-cp312-linux_x86_64.whl (from -r /home/aneumann/projects/def-adhaj/aneumann/gns/requirements_or.txt (line 2))
Processing /cvmfs/soft.computecanada.ca/custom/python/wheelhouse/generic/absl_py-2.1.0+computecanada-py3-none-any.whl (from ortools->-r /home/aneumann/projects/def-adhaj/aneumann/gns/requirements_or.txt (line 1))
Processing /cvmfs/soft.computecanada.ca/custom/python/wheelhouse/gentoo2023/generic/numpy-2.1.1+computecanada-cp312-cp312-linux_x86_64.whl (from ortools->-r /home/aneumann/projects/def-adhaj/aneumann/gns/requirements_or.txt (line 1))
Processing /cvmfs/soft.computecanada.ca/custom/python/wheelhouse/gentoo2023/x86-64-v3/protobuf-5.28.0+computecanada-cp312-cp312-linux_x86_64.whl (from ortools->-r /home/aneumann/projects/def-adhaj/aneumann/gns/requirements_or.txt (line 1))
Requirement already satisfied: immutabledict>=3.0.0 in /localscratch/aneumann.37168024.0/env/lib/python3.12/site-packages (from ortools->-r /home/aneumann/projects/def-adhaj/aneumann/gns/requirements_or.txt (line 1)) (4.2.0)
Processing /cvmfs/soft.computecanada.ca/custom/python/wheelhouse/generic/python_dateutil-2.9.0.post0+computecanada-py2.py3-none-any.whl (from pandas->-r /home/aneumann/projects/def-adhaj/aneumann/gns/requirements_or.txt (line 2))
Processing /cvmfs/soft.computecanada.ca/custom/python/wheelhouse/generic/pytz-2024.2+computecanada-py2.py3-none-any.whl (from pandas->-r /home/aneumann/projects/def-adhaj/aneumann/gns/requirements_or.txt (line 2))
Processing /cvmfs/soft.computecanada.ca/custom/python/wheelhouse/generic/tzdata-2024.2+computecanada-py2.py3-none-any.whl (from pandas->-r /home/aneumann/projects/def-adhaj/aneumann/gns/requirements_or.txt (line 2))
Processing /cvmfs/soft.computecanada.ca/custom/python/wheelhouse/generic/six-1.16.0+computecanada-py2.py3-none-any.whl (from python-dateutil>=2.8.2->pandas->-r /home/aneumann/projects/def-adhaj/aneumann/gns/requirements_or.txt (line 2))
Installing collected packages: pytz, tzdata, six, protobuf, numpy, absl-py, python-dateutil, pandas, ortools
Successfully installed absl-py-2.1.0+computecanada numpy-2.1.1+computecanada ortools-9.10.4067+computecanada pandas-2.2.2+computecanada protobuf-5.28.0+computecanada python-dateutil-2.9.0.post0+computecanada pytz-2024.2+computecanada six-1.16.0+computecanada tzdata-2024.2+computecanada

Starting CP-SAT solver v9.10.4067
Parameters: max_time_in_seconds: 28800 max_memory_in_mb: 118 log_search_progress: true optimize_with_core: true cp_model_presolve: true enumerate_all_solutions: false num_search_workers: 32 use_implied_bounds: true absolute_gap_limit: 5 relative_gap_limit: 0.01 use_probing_search: true

Initial optimization model '': (model_fingerprint: 0x4c59509ef485478a)
#Variables: 3'652 (#bools: 35 #ints: 1 in objective)
  - 3'188 Booleans in [0,1]
  - 463 in [0,300000]
  - 1 constants in {1} 
#kBoolOr: 1'938 (#literals: 1'938)
#kLinear1: 634
#kLinear2: 10'701
#kLinear3: 2'069
#kLinearN: 755 (#terms: 8'291)

Starting presolve at 0.00s
  2.78e-03s  0.00e+00d  [DetectDominanceRelations] 
  7.98e-02s  0.00e+00d  [PresolveToFixPoint] #num_loops=16 #num_dual_strengthening=5 
  8.25e-05s  0.00e+00d  [ExtractEncodingFromLinear] #potential_supersets=271 
[Symmetry] Graph for symmetry has 12'630 nodes and 26'831 arcs.
[Symmetry] Symmetry computation done. time: 0.00255065 dtime: 0.00355363
[Symmetry] #generators: 6, average support size: 2
[Symmetry] 6 orbits with sizes: 2,2,2,2,2,2
[Symmetry] Found orbitope of size 1 x 2
[SAT presolve] num removable Booleans: 0 / 1919
[SAT presolve] num trivial clauses: 0
[SAT presolve] [0s] clauses:3662 literals:7324 vars:1901 one_side_vars:1855 simple_definition:45 singleton_clauses:0
[SAT presolve] [0.000269416s] clauses:3662 literals:7324 vars:1901 one_side_vars:1855 simple_definition:45 singleton_clauses:0
[SAT presolve] [0.00041536s] clauses:3662 literals:7324 vars:1901 one_side_vars:1855 simple_definition:45 singleton_clauses:0
  6.80e-01s  1.62e-01d  [Probe] #probed=4'642 #fixed_bools=90 #new_bounds=202 
  7.07e-03s  0.00e+00d  [MaxClique] Merged 3922(10816 literals) into 1296(8727 literals) at_most_ones. 
  2.35e-03s  0.00e+00d  [DetectDominanceRelations] 
  2.11e-02s  0.00e+00d  [PresolveToFixPoint] #num_loops=6 #num_dual_strengthening=5 
  3.72e-03s  0.00e+00d  [ProcessAtMostOneAndLinear] #num_changes=52 
  2.53e-03s  0.00e+00d  [DetectDuplicateConstraints] #duplicates=4 #without_enforcements=1 
  5.03e-04s  2.71e-05d  [DetectDominatedLinearConstraints] #relevant_constraints=1'873 
  7.08e-04s  0.00e+00d  [DetectDifferentVariables] #different=17 
  1.07e-03s  3.34e-04d  [ProcessSetPPC] #relevant_constraints=1'379 #num_inclusions=956 
  5.93e-05s  0.00e+00d  [FindAlmostIdenticalLinearConstraints] 
  3.51e-03s  6.03e-03d  [FindBigAtMostOneAndLinearOverlap] 
  9.99e-04s  2.90e-03d  [FindBigVerticalLinearOverlap] 
  4.72e-04s  1.60e-03d  [FindBigHorizontalLinearOverlap] #linears=223 
  7.46e-05s  0.00e+00d  [MergeClauses] 
  2.31e-03s  0.00e+00d  [DetectDominanceRelations] 
  9.16e-03s  0.00e+00d  [PresolveToFixPoint] #num_loops=1 #num_dual_strengthening=1 
  2.34e-03s  0.00e+00d  [DetectDominanceRelations] 
  9.19e-03s  0.00e+00d  [PresolveToFixPoint] #num_loops=1 #num_dual_strengthening=1 
[Symmetry] Graph for symmetry has 9'851 nodes and 19'460 arcs.
[Symmetry] Symmetry computation done. time: 0.00150766 dtime: 0.0023223
[Symmetry] #generators: 5, average support size: 2
[Symmetry] 5 orbits with sizes: 2,2,2,2,2
[Symmetry] Found orbitope of size 1 x 2
[SAT presolve] num removable Booleans: 0 / 1822
[SAT presolve] num trivial clauses: 0
[SAT presolve] [0s] clauses:31 literals:62 vars:46 one_side_vars:36 simple_definition:10 singleton_clauses:0
[SAT presolve] [3.3022e-05s] clauses:31 literals:62 vars:46 one_side_vars:36 simple_definition:10 singleton_clauses:0
[SAT presolve] [7.6293e-05s] clauses:31 literals:62 vars:46 one_side_vars:36 simple_definition:10 singleton_clauses:0
  2.30e-01s  5.42e-02d  [Probe] #probed=4'538 #new_bounds=100 
  3.60e-03s  0.00e+00d  [MaxClique] Merged 1088(7357 literals) into 1088(7367 literals) at_most_ones. 
  2.35e-03s  0.00e+00d  [DetectDominanceRelations] 
  1.85e-02s  0.00e+00d  [PresolveToFixPoint] #num_loops=6 #num_dual_strengthening=5 
  3.57e-03s  0.00e+00d  [ProcessAtMostOneAndLinear] 
  2.39e-03s  0.00e+00d  [DetectDuplicateConstraints] #duplicates=28 
  4.97e-04s  2.71e-05d  [DetectDominatedLinearConstraints] #relevant_constraints=1'872 
  5.25e-04s  0.00e+00d  [DetectDifferentVariables] #different=17 
  9.71e-04s  3.27e-04d  [ProcessSetPPC] #relevant_constraints=1'322 #num_inclusions=885 
  5.68e-05s  0.00e+00d  [FindAlmostIdenticalLinearConstraints] 
  3.53e-03s  6.02e-03d  [FindBigAtMostOneAndLinearOverlap] 
  1.00e-03s  2.90e-03d  [FindBigVerticalLinearOverlap] 
  4.78e-04s  1.60e-03d  [FindBigHorizontalLinearOverlap] #linears=223 
  6.95e-05s  0.00e+00d  [MergeClauses] 
  2.36e-03s  0.00e+00d  [DetectDominanceRelations] 
  9.28e-03s  0.00e+00d  [PresolveToFixPoint] #num_loops=1 #num_dual_strengthening=1 
  2.40e-03s  0.00e+00d  [DetectDominanceRelations] 
  9.65e-03s  0.00e+00d  [PresolveToFixPoint] #num_loops=1 #num_dual_strengthening=1 
[Symmetry] Graph for symmetry has 9'853 nodes and 19'472 arcs.
[Symmetry] Symmetry computation done. time: 0.00150892 dtime: 0.002325
[Symmetry] #generators: 4, average support size: 2
[Symmetry] 4 orbits with sizes: 2,2,2,2
[Symmetry] Found orbitope of size 1 x 2
[SAT presolve] num removable Booleans: 0 / 1822
[SAT presolve] num trivial clauses: 0
[SAT presolve] [0s] clauses:32 literals:64 vars:48 one_side_vars:38 simple_definition:10 singleton_clauses:0
[SAT presolve] [3.3353e-05s] clauses:32 literals:64 vars:48 one_side_vars:38 simple_definition:10 singleton_clauses:0
[SAT presolve] [7.7075e-05s] clauses:32 literals:64 vars:48 one_side_vars:38 simple_definition:10 singleton_clauses:0
  2.17e-01s  5.09e-02d  [Probe] #probed=4'538 #new_bounds=51 
  3.49e-03s  0.00e+00d  [MaxClique] Merged 1089(7367 literals) into 1089(7369 literals) at_most_ones. 
  2.33e-03s  0.00e+00d  [DetectDominanceRelations] 
  1.34e-02s  0.00e+00d  [PresolveToFixPoint] #num_loops=3 #num_dual_strengthening=2 
  3.48e-03s  0.00e+00d  [ProcessAtMostOneAndLinear] 
  2.34e-03s  0.00e+00d  [DetectDuplicateConstraints] #duplicates=7 
  4.98e-04s  2.71e-05d  [DetectDominatedLinearConstraints] #relevant_constraints=1'872 
  5.35e-04s  0.00e+00d  [DetectDifferentVariables] #different=17 
  9.38e-04s  3.27e-04d  [ProcessSetPPC] #relevant_constraints=1'323 #num_inclusions=885 
  6.52e-05s  0.00e+00d  [FindAlmostIdenticalLinearConstraints] 
  3.47e-03s  6.03e-03d  [FindBigAtMostOneAndLinearOverlap] 
  1.04e-03s  2.90e-03d  [FindBigVerticalLinearOverlap] 
  4.81e-04s  1.60e-03d  [FindBigHorizontalLinearOverlap] #linears=223 
  7.32e-05s  0.00e+00d  [MergeClauses] 
  2.36e-03s  0.00e+00d  [DetectDominanceRelations] 
  9.36e-03s  0.00e+00d  [PresolveToFixPoint] #num_loops=1 #num_dual_strengthening=1 
  1.54e-04s  0.00e+00d  [ExpandObjective] #entries=66 #tight_variables=33 #tight_constraints=11 

Presolve summary:
  - 102 affine relations were detected.
  - rule 'TODO dual: add implied bound' was applied 44 times.
  - rule 'TODO dual: only one blocking constraint?' was applied 44'345 times.
  - rule 'TODO dual: only one blocking enforced constraint?' was applied 44 times.
  - rule 'TODO dual: only one unspecified blocking constraint?' was applied 22 times.
  - rule 'TODO dual: tighten at most one' was applied 1'781 times.
  - rule 'TODO linear2: contains a Boolean.' was applied 18'875 times.
  - rule 'TODO symmetry: add symmetry breaking inequalities?' was applied 3 times.
  - rule 'affine: new relation' was applied 102 times.
  - rule 'at_most_one: removed literals' was applied 385 times.
  - rule 'at_most_one: singleton' was applied 7 times.
  - rule 'at_most_one: size one' was applied 151 times.
  - rule 'at_most_one: transformed into max clique.' was applied 1 time.
  - rule 'bool_and: x => x' was applied 2 times.
  - rule 'bool_or: always true' was applied 1'938 times.
  - rule 'bool_or: implications' was applied 9'432 times.
  - rule 'deductions: 485 stored' was applied 1 time.
  - rule 'dual: add implication' was applied 84 times.
  - rule 'dual: fix variable' was applied 567 times.
  - rule 'dual: fix variable with multiple choices' was applied 5 times.
  - rule 'dual: reduced domain' was applied 303 times.
  - rule 'duplicate: merged rhs of linear constraint' was applied 4 times.
  - rule 'duplicate: removed constraint' was applied 39 times.
  - rule 'duplicate: removed enforced constraint' was applied 1 time.
  - rule 'enforcement: false literal' was applied 5'712 times.
  - rule 'enforcement: literal not used' was applied 17 times.
  - rule 'linear + amo: fixed literal implied by enforcement' was applied 52 times.
  - rule 'linear1: always true' was applied 5 times.
  - rule 'linear2: contains a Boolean.' was applied 15 times.
  - rule 'linear: always true' was applied 1'724 times.
  - rule 'linear: divide by GCD' was applied 6'940 times.
  - rule 'linear: empty' was applied 150 times.
  - rule 'linear: extracted enforcement literal' was applied 652 times.
  - rule 'linear: fixed or dup variables' was applied 1'835 times.
  - rule 'linear: negative clause' was applied 2'938 times.
  - rule 'linear: positive at most one' was applied 260 times.
  - rule 'linear: positive clause' was applied 6'494 times.
  - rule 'linear: positive equal one' was applied 11 times.
  - rule 'linear: reduced variable domains' was applied 1'004 times.
  - rule 'linear: remapped using affine relations' was applied 3'330 times.
  - rule 'linear: simplified rhs' was applied 22'480 times.
  - rule 'linear: singleton column' was applied 14 times.
  - rule 'objective: variable not used elsewhere' was applied 1 time.
  - rule 'presolve: 1331 unused variables removed.' was applied 1 time.
  - rule 'presolve: iteration' was applied 3 times.
  - rule 'setppc: bool_or in at_most_one.' was applied 1 time.
  - rule 'setppc: removed dominated constraints' was applied 64 times.
  - rule 'symmetry: added symmetry breaking implication' was applied 3 times.

Presolved optimization model '': (model_fingerprint: 0x3a78c289f09f6ce2)
#Variables: 2'205 (#bools: 34 #ints: 1 in objective)
  - 1'822 Booleans in [0,1]
  - 122 different domains in [0,300000] with a largest complexity of 1.
#kAtMostOne: 1'057 (#literals: 7'303)
#kBoolAnd: 46 (#enforced: 46) (#literals: 92)
#kExactlyOne: 11 (#literals: 33)
#kLinear1: 8 (#enforced: 8)
#kLinear2: 789 (#enforced: 552 #multi: 16)
#kLinear3: 1'361 (#enforced: 14)
#kLinearN: 274 (#enforced: 2) (#terms: 3'112)

Preloading model.
#Bound   1.40s best:inf   next:[377860,18189640] initial_domain
[Symmetry] Graph for symmetry has 8'408 nodes and 19'476 arcs.
[Symmetry] Symmetry computation done. time: 0.00144377 dtime: 0.00223665
[Symmetry] #generators: 3, average support size: 2
[Symmetry] Found orbitope of size 1 x 2
#Model   1.41s var:2205/2205 constraints:3546/3546

Starting search at 1.41s with 32 workers.
16 full problem subsolvers: [core, default_lp, lb_tree_search, max_lp, no_lp, objective_lb_search, objective_lb_search_max_lp, objective_lb_search_no_lp, objective_shaving_search_max_lp, objective_shaving_search_no_lp, probing, probing_max_lp, pseudo_costs, quick_restart, quick_restart_no_lp, reduced_costs]
14 first solution subsolvers: [fj_long_default, fj_long_lin_default, fj_long_random, fj_short_default, fj_short_lin_default, fj_short_lin_random, fj_short_random, fs_random(2), fs_random_no_lp(2), fs_random_quick_restart(2), fs_random_quick_restart_no_lp]
11 incomplete subsolvers: [feasibility_pump, graph_arc_lns, graph_cst_lns, graph_dec_lns, graph_var_lns, rins/rens, rnd_cst_lns, rnd_var_lns, violation_ls(3)]
3 helper subsolvers: [neighborhood_helper, synchronization_agent, update_gap_integral]
#Bound   1.56s best:inf   next:[377880,18189640] objective_shaving_search_no_lp (vars=2205 csts=3589)
#Bound   1.86s best:inf   next:[377900,18189640] objective_shaving_search_max_lp (vars=2205 csts=3547)
#Bound   1.89s best:inf   next:[377920,18189640] objective_shaving_search_max_lp (vars=2205 csts=3547)
#Bound   2.00s best:inf   next:[377940,18189640] objective_shaving_search_max_lp (vars=2208 csts=3590)
#Bound   2.02s best:inf   next:[377960,18189640] objective_shaving_search_max_lp (vars=2205 csts=3547)
#Model   2.02s var:2204/2205 constraints:3546/3546
#1       2.05s best:18189640 next:[377960,18189620] fj_long_default(batch:3 #lin_moves:19'560 #lin_evals:38'418 #weight_updates:1'219)
#2       2.06s best:18189580 next:[377960,18189560] violation_ls(batch:1 #solutions_imported:1 #lin_moves:9 #lin_evals:62 #weight_updates:5)
#3       2.09s best:18189520 next:[377960,18189500] violation_ls(batch:1 #solutions_imported:1 #lin_moves:0 #lin_evals:5'922 #gen_moves:62 #gen_evals:0 #comp_moves:6 #backtracks:28 #weight_updates:1)
#Bound   2.10s best:18189520 next:[377980,18189500] objective_shaving_search_max_lp (vars=2205 csts=3547)
#4       2.11s best:18189460 next:[377980,18189440] violation_ls(batch:2 #solutions_imported:2 #lin_moves:18 #lin_evals:124 #weight_updates:10)
#5       2.12s best:18189400 next:[377980,18189380] violation_ls(batch:2 #solutions_imported:2 #lin_moves:0 #lin_evals:11'222 #gen_moves:118 #gen_evals:0 #comp_moves:12 #backtracks:53 #weight_updates:2)
#6       2.13s best:18189340 next:[377980,18189320] violation_ls(batch:1 #solutions_imported:1 #lin_moves:0 #lin_evals:6'885 #gen_moves:95 #gen_evals:0 #comp_moves:9 #backtracks:43 #weight_updates:1)
#7       2.14s best:18189280 next:[377980,18189260] violation_ls(batch:2 #solutions_imported:2 #lin_moves:6 #lin_evals:6'936 #gen_moves:95 #gen_evals:0 #comp_moves:9 #backtracks:43 #weight_updates:4)
#8       2.19s best:18189220 next:[377980,18189200] violation_ls(batch:3 #solutions_imported:3 #lin_moves:6 #lin_evals:13'973 #gen_moves:178 #gen_evals:0 #comp_moves:18 #backtracks:80 #weight_updates:5)
#9       2.21s best:18189160 next:[377980,18189140] violation_ls(batch:3 #solutions_imported:3 #lin_moves:18 #lin_evals:6'024 #gen_moves:70 #gen_evals:0 #comp_moves:6 #backtracks:32 #weight_updates:11)
#10      2.22s best:18189100 next:[377980,18189080] violation_ls(batch:3 #solutions_imported:3 #lin_moves:0 #lin_evals:27'011 #gen_moves:681 #gen_evals:0 #comp_moves:29 #backtracks:326 #weight_updates:5)
#11      2.36s best:18185600 next:[377980,18185580] graph_cst_lns (d=0.50 s=72 t=0.10 p=0.00 stall=0 h=auto_l0)
#12      2.38s best:18179320 next:[377980,18179300] graph_dec_lns (d=0.50 s=64 t=0.10 p=0.00 stall=0 h=auto_l0)
#13      2.40s best:18177120 next:[377980,18177100] violation_ls(batch:4 #solutions_imported:4 #lin_moves:6 #lin_evals:16'240 #gen_moves:221 #gen_evals:0 #comp_moves:23 #backtracks:99 #weight_updates:5)
#14      2.40s best:18177060 next:[377980,18177040] violation_ls(batch:4 #solutions_imported:4 #lin_moves:25 #lin_evals:6'078 #gen_moves:70 #gen_evals:0 #comp_moves:6 #backtracks:32 #weight_updates:17)
#15      2.40s best:18177000 next:[377980,18176980] violation_ls(batch:4 #solutions_imported:4 #lin_moves:0 #lin_evals:27'037 #gen_moves:684 #gen_evals:0 #comp_moves:32 #backtracks:326 #weight_updates:5)
#Bound   2.40s best:18177000 next:[378000,18176980] objective_shaving_search_no_lp (vars=2205 csts=3547)
#Bound   2.51s best:18177000 next:[378020,18176980] objective_shaving_search_no_lp (vars=2205 csts=3547)
#16      2.51s best:18176940 next:[378020,18176920] violation_ls(batch:5 #solutions_imported:5 #lin_moves:6 #lin_evals:19'914 #gen_moves:286 #gen_evals:0 #comp_moves:30 #backtracks:128 #weight_updates:6)
#17      2.51s best:18176880 next:[378020,18176860] violation_ls(batch:5 #solutions_imported:5 #lin_moves:28 #lin_evals:6'121 #gen_moves:70 #gen_evals:0 #comp_moves:6 #backtracks:32 #weight_updates:19)
#18      2.51s best:18176820 next:[378020,18176800] violation_ls(batch:5 #solutions_imported:5 #lin_moves:0 #lin_evals:30'056 #gen_moves:741 #gen_evals:0 #comp_moves:39 #backtracks:351 #weight_updates:6)
#Bound   2.59s best:18176820 next:[384640,18176800] probing_max_lp
#Bound   2.73s best:18176820 next:[384660,18176800] objective_shaving_search_no_lp (vars=2205 csts=3547)
#19      2.73s best:18176760 next:[384660,18176740] violation_ls(batch:6 #solutions_imported:6 #lin_moves:6 #lin_evals:19'945 #gen_moves:289 #gen_evals:0 #comp_moves:33 #backtracks:128 #weight_updates:6)
#20      2.73s best:18176700 next:[384660,18176680] violation_ls(batch:6 #solutions_imported:6 #lin_moves:35 #lin_evals:6'175 #gen_moves:70 #gen_evals:0 #comp_moves:6 #backtracks:32 #weight_updates:24)
#21      2.73s best:18176640 next:[384660,18176620] violation_ls(batch:6 #solutions_imported:6 #lin_moves:3 #lin_evals:30'099 #gen_moves:741 #gen_evals:0 #comp_moves:39 #backtracks:351 #weight_updates:8)
#Bound   2.96s best:18176640 next:[386260,18176620] objective_lb_search_max_lp
#Bound   3.00s best:18176640 next:[393040,18176620] lb_tree_search
#Bound   3.05s best:18176640 next:[398080,18176620] default_lp
#Bound   3.06s best:18176640 next:[402860,18176620] objective_lb_search_max_lp
#Bound   3.12s best:18176640 next:[406480,18176620] objective_lb_search_max_lp
#22      3.17s best:18176580 next:[406480,18176560] violation_ls(batch:7 #solutions_imported:7 #lin_moves:6 #lin_evals:22'944 #gen_moves:346 #gen_evals:0 #comp_moves:40 #backtracks:153 #weight_updates:7)
#23      3.18s best:18176520 next:[406480,18176500] violation_ls(batch:7 #solutions_imported:7 #lin_moves:35 #lin_evals:6'918 #gen_moves:79 #gen_evals:0 #comp_moves:9 #backtracks:35 #weight_updates:24)
#24      3.19s best:18176460 next:[406480,18176440] violation_ls(batch:7 #solutions_imported:7 #lin_moves:10 #lin_evals:30'154 #gen_moves:741 #gen_evals:0 #comp_moves:39 #backtracks:351 #weight_updates:13)
#Bound   3.36s best:18176460 next:[407560,18176440] objective_lb_search_max_lp
#Bound   3.50s best:18176460 next:[407720,18176440] objective_lb_search_max_lp
#Model   4.07s var:2203/2205 constraints:3546/3546
#Model   4.27s var:2202/2205 constraints:3546/3546
#Model   4.47s var:2201/2205 constraints:3545/3546
#Bound   4.79s best:18176460 next:[407860,18176440] default_lp
#Bound   4.79s best:18176460 next:[413340,18176440] lb_tree_search
#Bound   4.96s best:18176460 next:[417640,18176440] lb_tree_search
#Model   5.01s var:2200/2205 constraints:3545/3546
#Bound   5.11s best:18176460 next:[418780,18176440] lb_tree_search
#Bound   5.29s best:18176460 next:[423000,18176440] lb_tree_search
#Bound   5.54s best:18176460 next:[431960,18176440] lb_tree_search
#Bound   5.73s best:18176460 next:[434940,18176440] lb_tree_search
#Bound   5.94s best:18176460 next:[435900,18176440] lb_tree_search
#Model   6.03s var:2198/2205 constraints:3543/3546
#Bound   6.13s best:18176460 next:[442880,18176440] lb_tree_search
#Model   6.84s var:2197/2205 constraints:3542/3546
#Bound   6.90s best:18176460 next:[451400,18176440] lb_tree_search [skipped_logs=3]
#Bound   7.80s best:18176460 next:[461860,18176440] lb_tree_search [skipped_logs=3]
#Model   8.26s var:2196/2205 constraints:3541/3546
#Bound   8.87s best:18176460 next:[464920,18176440] lb_tree_search [skipped_logs=3]
#Bound   9.75s best:18176460 next:[464980,18176440] lb_tree_search [skipped_logs=2]
#Model  10.19s var:2195/2205 constraints:3541/3546
#Bound  11.07s best:18176460 next:[465040,18176440] lb_tree_search [skipped_logs=2]
#Model  11.10s var:2193/2205 constraints:3539/3546
#Bound  11.76s best:18176460 next:[465260,18176440] lb_tree_search [skipped_logs=1]
#Bound  12.79s best:18176460 next:[465300,18176440] lb_tree_search [skipped_logs=1]
#Model  13.36s var:2192/2205 constraints:3538/3546
#Bound  13.57s best:18176460 next:[465360,18176440] lb_tree_search [skipped_logs=1]
#Model  14.28s var:2191/2205 constraints:3538/3546
#Bound  14.85s best:18176460 next:[465400,18176440] lb_tree_search [skipped_logs=1]
#Bound  15.92s best:18176460 next:[465420,18176440] lb_tree_search [skipped_logs=0]
#Bound  16.41s best:18176460 next:[465440,18176440] lb_tree_search [skipped_logs=0]
#Model  17.32s var:2190/2205 constraints:3537/3546
#Bound  17.25s best:18176460 next:[465460,18176440] lb_tree_search [skipped_logs=0]
#Bound  18.76s best:18176460 next:[465500,18176440] lb_tree_search [skipped_logs=1]
#Bound  19.62s best:18176460 next:[465560,18176440] lb_tree_search [skipped_logs=0]
#Bound  20.97s best:18176460 next:[465840,18176440] lb_tree_search [skipped_logs=1]
#Bound  21.67s best:18176460 next:[465900,18176440] lb_tree_search [skipped_logs=1]
#Bound  22.40s best:18176460 next:[465920,18176440] lb_tree_search [skipped_logs=0]
#25     24.04s best:18168140 next:[466020,18168120] quick_restart_no_lp (fixed_bools=107/3222)
#Bound  23.87s best:18176460 next:[466020,18176440] lb_tree_search [skipped_logs=1]
#Bound  24.91s best:18168140 next:[466240,18168120] lb_tree_search [skipped_logs=2]
#Bound  25.82s best:18168140 next:[466300,18168120] lb_tree_search [skipped_logs=1]
#Bound  26.88s best:18168140 next:[466380,18168120] lb_tree_search [skipped_logs=2]
#Bound  27.95s best:18168140 next:[466940,18168120] lb_tree_search [skipped_logs=4]
#Bound  28.72s best:18168140 next:[467020,18168120] lb_tree_search [skipped_logs=2]
#Bound  30.02s best:18168140 next:[467200,18168120] lb_tree_search [skipped_logs=3]
#Bound  30.70s best:18168140 next:[467240,18168120] lb_tree_search [skipped_logs=0]
#Bound  31.75s best:18168140 next:[467340,18168120] lb_tree_search [skipped_logs=2]
#Bound  33.78s best:18168140 next:[467360,18168120] lb_tree_search
#Bound  34.32s best:18168140 next:[467380,18168120] lb_tree_search
#Bound  35.01s best:18168140 next:[467500,18168120] probing_max_lp [skipped_logs=1]
#Bound  36.13s best:18168140 next:[467520,18168120] lb_tree_search
#Bound  40.22s best:18168140 next:[467540,18168120] probing_max_lp
#Bound  40.34s best:18168140 next:[467560,18168120] probing_max_lp
#Bound  40.76s best:18168140 next:[467580,18168120] probing_max_lp
#Bound  40.88s best:18168140 next:[467660,18168120] probing_max_lp
#Bound  41.40s best:18168140 next:[467680,18168120] probing_max_lp
#Bound  42.00s best:18168140 next:[467700,18168120] probing_max_lp
#Bound  42.96s best:18168140 next:[467780,18168120] probing_max_lp [skipped_logs=2]
#Bound  43.64s best:18168140 next:[467800,18168120] probing_max_lp [skipped_logs=0]
#Bound  45.32s best:18168140 next:[467820,18168120] probing_max_lp
#Bound  46.44s best:18168140 next:[467840,18168120] probing_max_lp
#Bound  47.62s best:18168140 next:[467860,18168120] probing_max_lp
#Bound  49.34s best:18168140 next:[467880,18168120] probing_max_lp
#Bound  49.51s best:18168140 next:[467920,18168120] probing_max_lp
#Bound  50.04s best:18168140 next:[468000,18168120] lb_tree_search
#Bound  50.78s best:18168140 next:[468180,18168120] lb_tree_search [skipped_logs=2]
#Bound  51.12s best:18168140 next:[468200,18168120] lb_tree_search [skipped_logs=0]
#Bound  53.05s best:18168140 next:[468400,18168120] probing_max_lp [skipped_logs=3]
#Model  53.58s var:2189/2205 constraints:3536/3546
#Model  53.78s var:2188/2205 constraints:3536/3546
#Bound  53.82s best:18168140 next:[468440,18168120] probing_max_lp [skipped_logs=1]
#Bound  54.89s best:18168140 next:[468760,18168120] probing_max_lp [skipped_logs=3]
#Bound  55.99s best:18168140 next:[468880,18168120] probing_max_lp [skipped_logs=3]
#Bound  56.46s best:18168140 next:[468940,18168120] probing_max_lp [skipped_logs=2]
#Bound  67.89s best:18168140 next:[468960,18168120] lb_tree_search
#Bound  68.61s best:18168140 next:[468980,18168120] lb_tree_search
#Bound  68.90s best:18168140 next:[469000,18168120] lb_tree_search
#Bound  69.64s best:18168140 next:[469020,18168120] lb_tree_search
#Bound  70.13s best:18168140 next:[469040,18168120] lb_tree_search
#Model  70.89s var:2187/2205 constraints:3536/3546
#Bound  71.40s best:18168140 next:[469060,18168120] lb_tree_search
#Bound  72.57s best:18168140 next:[469080,18168120] lb_tree_search
#Bound  73.57s best:18168140 next:[469100,18168120] lb_tree_search
#Bound  74.66s best:18168140 next:[469120,18168120] lb_tree_search
#Bound  75.38s best:18168140 next:[469140,18168120] lb_tree_search
#Bound  77.25s best:18168140 next:[469160,18168120] lb_tree_search
#Bound  87.13s best:18168140 next:[469200,18168120] objective_lb_search_max_lp
#Bound  87.29s best:18168140 next:[469220,18168120] objective_lb_search_max_lp
#Bound  87.95s best:18168140 next:[469300,18168120] objective_lb_search_max_lp
#Bound  88.31s best:18168140 next:[469360,18168120] objective_lb_search_max_lp
#Bound  88.75s best:18168140 next:[469380,18168120] objective_lb_search_max_lp
#Bound  89.10s best:18168140 next:[469400,18168120] objective_lb_search_max_lp
#Bound  89.26s best:18168140 next:[469420,18168120] objective_lb_search_max_lp
#Bound  89.44s best:18168140 next:[469480,18168120] objective_lb_search_max_lp
#Bound  89.65s best:18168140 next:[469500,18168120] objective_lb_search_max_lp
#Bound  90.05s best:18168140 next:[469540,18168120] objective_lb_search_max_lp
#Bound  90.72s best:18168140 next:[469560,18168120] objective_lb_search_max_lp
#Bound  90.92s best:18168140 next:[469580,18168120] objective_lb_search_max_lp
#Model  91.41s var:2186/2205 constraints:3534/3546
#Bound  91.43s best:18168140 next:[469600,18168120] objective_lb_search_max_lp
#Bound  92.05s best:18168140 next:[469620,18168120] objective_lb_search_max_lp
#Bound  92.83s best:18168140 next:[469660,18168120] objective_lb_search_max_lp
#Bound  94.20s best:18168140 next:[469680,18168120] objective_lb_search_max_lp
#Bound  95.28s best:18168140 next:[469700,18168120] objective_lb_search_max_lp
#Bound  96.00s best:18168140 next:[469720,18168120] objective_lb_search_max_lp
#Bound  96.23s best:18168140 next:[469740,18168120] objective_lb_search_max_lp
#Bound  97.05s best:18168140 next:[469760,18168120] objective_lb_search_max_lp
#Bound  97.36s best:18168140 next:[469780,18168120] objective_lb_search_max_lp
#Bound  97.88s best:18168140 next:[469820,18168120] objective_lb_search_max_lp
#Bound  99.10s best:18168140 next:[469860,18168120] objective_lb_search_max_lp
#Bound  99.42s best:18168140 next:[469900,18168120] objective_lb_search_max_lp
#Bound  99.64s best:18168140 next:[469920,18168120] objective_lb_search_max_lp
#Bound  99.86s best:18168140 next:[470060,18168120] objective_lb_search_max_lp
#Bound 100.60s best:18168140 next:[470080,18168120] objective_lb_search_max_lp
#Bound 100.82s best:18168140 next:[470100,18168120] objective_lb_search_max_lp
#Model 101.62s var:2185/2205 constraints:3532/3546
#Bound 108.59s best:18168140 next:[470200,18168120] lb_tree_search
#Bound 109.17s best:18168140 next:[470220,18168120] lb_tree_search
#Bound 109.65s best:18168140 next:[470240,18168120] lb_tree_search
#Bound 109.83s best:18168140 next:[470260,18168120] lb_tree_search
#Bound 110.55s best:18168140 next:[470300,18168120] lb_tree_search
#Bound 110.72s best:18168140 next:[470320,18168120] lb_tree_search
#Bound 111.72s best:18168140 next:[470340,18168120] lb_tree_search
#Bound 111.99s best:18168140 next:[470360,18168120] lb_tree_search
#Bound 112.55s best:18168140 next:[470380,18168120] lb_tree_search
#Bound 113.42s best:18168140 next:[470400,18168120] lb_tree_search
#Bound 117.36s best:18168140 next:[470420,18168120] lb_tree_search
#Bound 118.52s best:18168140 next:[470440,18168120] lb_tree_search
#Bound 119.34s best:18168140 next:[470460,18168120] lb_tree_search
#Bound 120.03s best:18168140 next:[470480,18168120] lb_tree_search
#Bound 120.45s best:18168140 next:[470520,18168120] lb_tree_search
#Bound 121.16s best:18168140 next:[470540,18168120] lb_tree_search
#Bound 121.56s best:18168140 next:[470560,18168120] lb_tree_search
#Bound 122.11s best:18168140 next:[470580,18168120] lb_tree_search
#Bound 122.65s best:18168140 next:[470680,18168120] lb_tree_search
#Bound 122.95s best:18168140 next:[470740,18168120] lb_tree_search
#Bound 123.55s best:18168140 next:[470780,18168120] lb_tree_search
#Bound 123.76s best:18168140 next:[470960,18168120] lb_tree_search
#Bound 123.92s best:18168140 next:[470980,18168120] lb_tree_search
#Bound 124.32s best:18168140 next:[471000,18168120] lb_tree_search
#Bound 157.91s best:18168140 next:[471120,18168120] reduced_costs
#Bound 158.52s best:18168140 next:[471140,18168120] reduced_costs
#Bound 158.75s best:18168140 next:[471460,18168120] reduced_costs
#Model 442.07s var:2184/2205 constraints:3531/3546
#26    1144.61s best:18160620 next:[471460,18160600] quick_restart_no_lp (fixed_bools=668/4384)
#27    1160.87s best:18152220 next:[471460,18152200] quick_restart_no_lp (fixed_bools=668/4481)
#28    1164.63s best:18145460 next:[471460,18145440] quick_restart_no_lp (fixed_bools=668/4511)
#29    2287.75s best:18143060 next:[471460,18143040] quick_restart_no_lp (fixed_bools=1005/5445)
#30    2301.64s best:18138580 next:[471460,18138560] quick_restart_no_lp (fixed_bools=1009/5523)
#31    2305.33s best:18134340 next:[471460,18134320] quick_restart_no_lp (fixed_bools=1009/5579)
#32    2449.30s best:18128100 next:[471460,18128080] quick_restart_no_lp (fixed_bools=1040/6073)
#33    3149.21s best:18122100 next:[471460,18122080] quick_restart_no_lp (fixed_bools=1264/8067)
#34    3311.55s best:18117660 next:[471460,18117640] quick_restart_no_lp (fixed_bools=1297/8645)
#35    3472.79s best:18113220 next:[471460,18113200] quick_restart_no_lp (fixed_bools=1328/9241)
#36    6985.90s best:18085600 next:[471460,18085580] objective_lb_search_no_lp (fixed_bools=1975/10342)
#37    6985.93s best:18009760 next:[471460,18009740] objective_lb_search_no_lp (fixed_bools=1975/10355)
#38    6985.94s best:18006160 next:[471460,18006140] objective_lb_search_no_lp (fixed_bools=1975/10358)
#39    7296.95s best:18002200 next:[471460,18002180] quick_restart_no_lp (fixed_bools=2160/16071)
#40    8917.86s best:2331520 next:[471460,2331500] core (fixed_bools=2678/6104)
#41    8918.04s best:2133520 next:[471460,2133500] core (fixed_bools=2678/6139)
#42    8919.36s best:2132440 next:[471460,2132420] core (fixed_bools=2678/6170)
#43    8919.44s best:2129200 next:[471460,2129180] core (fixed_bools=2678/6172)
#44    8919.92s best:2124760 next:[471460,2124740] core (fixed_bools=2678/6181)
#45    8932.16s best:2120520 next:[471460,2120500] core (fixed_bools=2678/6466)
#46    8936.88s best:2113760 next:[471460,2113740] core (fixed_bools=2678/6499)
#47    8939.78s best:2110080 next:[471460,2110060] core (fixed_bools=2678/6547)
#48    8943.13s best:2103880 next:[471460,2103860] core (fixed_bools=2678/6592)
#49    8950.83s best:2096360 next:[471460,2096340] core (fixed_bools=2678/6744)
#50    9195.24s best:1541100 next:[471460,1541080] objective_lb_search_no_lp (fixed_bools=4694/12677)
#51    9195.25s best:1055100 next:[471460,1055080] objective_lb_search_no_lp (fixed_bools=4694/12740)
#52    9560.46s best:956920 next:[471460,956900] no_lp (fixed_bools=3204/6161)
#53    10013.13s best:952680 next:[471460,952660] quick_restart_no_lp (fixed_bools=6417/18345)
#54    10178.96s best:941000 next:[471460,940980] quick_restart_no_lp (fixed_bools=6639/18560)
#55    10352.31s best:937320 next:[471460,937300] quick_restart_no_lp (fixed_bools=6943/18849)
#56    10357.54s best:935120 next:[471460,935100] quick_restart_no_lp (fixed_bools=6943/18864)
#57    10596.13s best:930640 next:[471460,930620] quick_restart_no_lp (fixed_bools=7159/19310)
#58    10612.57s best:925320 next:[471460,925300] quick_restart_no_lp (fixed_bools=7344/19361)
#59    11799.89s best:920880 next:[471460,920860] quick_restart_no_lp (fixed_bools=7470/20023)
#60    12175.80s best:915720 next:[471460,915700] quick_restart_no_lp (fixed_bools=7669/20545)
#61    12204.63s best:913320 next:[471460,913300] quick_restart_no_lp (fixed_bools=7669/20663)
#62    13312.49s best:908400 next:[471460,908380] quick_restart_no_lp (fixed_bools=7924/21455)
#63    13555.92s best:901960 next:[471460,901940] quick_restart_no_lp (fixed_bools=8090/21747)
#64    14701.26s best:888380 next:[471460,888360] no_lp (fixed_bools=6001/24162)
#65    14777.95s best:816800 next:[471460,816780] objective_lb_search_no_lp (fixed_bools=11330/38685)
#Model 14787.57s var:2182/2205 constraints:3523/3546
#Model 14791.61s var:2181/2205 constraints:3523/3546
#66    14796.71s best:812560 next:[471460,812540] quick_restart_no_lp (fixed_bools=9512/23856)
#Model 14800.01s var:2180/2205 constraints:3523/3546
#67    15193.21s best:812320 next:[471460,812300] quick_restart_no_lp (fixed_bools=9638/24728)
#68    15392.03s best:806080 next:[471460,806060] quick_restart_no_lp (fixed_bools=9662/24986)
#69    15395.92s best:803480 next:[471460,803460] quick_restart_no_lp (fixed_bools=9662/24997)
#Model 15404.20s var:2177/2205 constraints:3519/3546
#70    15756.42s best:799240 next:[471460,799220] quick_restart_no_lp (fixed_bools=9953/25543)
#71    18782.84s best:794800 next:[471460,794780] quick_restart_no_lp (fixed_bools=10159/27074)
#Model 18816.18s var:2176/2205 constraints:3518/3546
#72    23713.97s best:789480 next:[471460,789460] quick_restart_no_lp (fixed_bools=10404/29557)

Task timing                                  n [     min,      max]      avg      dev     time         n [     min,      max]      avg      dev    dtime
                             'core':         1 [   8.00h,    8.00h]    8.00h   0.00ns    8.00h         1 [   7.18h,    7.18h]    7.18h   0.00ns    7.18h
                       'default_lp':         1 [   8.00h,    8.00h]    8.00h   0.00ns    8.00h         1 [   1.17h,    1.17h]    1.17h   0.00ns    1.17h
                 'feasibility_pump':         2 [376.40ms,    2.89s]    1.63s    1.26s    3.27s         1 [742.36ms, 742.36ms] 742.36ms   0.00ns 742.36ms
                  'fj_long_default':         3 [ 38.05ms, 102.75ms]  80.36ms  29.94ms 241.09ms         3 [  2.53ms,  34.11ms]  23.20ms  14.62ms  69.59ms
              'fj_long_lin_default':         4 [ 48.38ms,  91.83ms]  60.30ms  18.27ms 241.19ms         4 [ 15.00ms,  18.06ms]  16.95ms   1.16ms  67.78ms
                   'fj_long_random':         1 [339.87ms, 339.87ms] 339.87ms   0.00ns 339.87ms         1 [ 33.44ms,  33.44ms]  33.44ms   0.00ns  33.44ms
                 'fj_short_default':         6 [ 37.75ms, 234.70ms]  86.12ms  67.01ms 516.75ms         6 [ 14.65ms,  21.02ms]  18.85ms   2.49ms 113.10ms
             'fj_short_lin_default':         1 [311.57ms, 311.57ms] 311.57ms   0.00ns 311.57ms         1 [ 16.31ms,  16.31ms]  16.31ms   0.00ns  16.31ms
              'fj_short_lin_random':         5 [ 37.39ms,  61.10ms]  52.23ms   8.13ms 261.13ms         5 [ 14.16ms,  21.09ms]  17.71ms   2.87ms  88.53ms
                  'fj_short_random':         4 [ 40.02ms, 108.48ms]  68.08ms  26.77ms 272.30ms         4 [ 15.47ms,  24.54ms]  18.17ms   3.70ms  72.68ms
                        'fs_random':         1 [761.05ms, 761.05ms] 761.05ms   0.00ns 761.05ms         1 [ 20.00ns,  20.00ns]  20.00ns   0.00ns  20.00ns
                        'fs_random':         1 [798.26ms, 798.26ms] 798.26ms   0.00ns 798.26ms         1 [ 20.00ns,  20.00ns]  20.00ns   0.00ns  20.00ns
                  'fs_random_no_lp':         1 [635.24ms, 635.24ms] 635.24ms   0.00ns 635.24ms         0 [  0.00ns,   0.00ns]   0.00ns   0.00ns   0.00ns
                  'fs_random_no_lp':         1 [790.85ms, 790.85ms] 790.85ms   0.00ns 790.85ms         0 [  0.00ns,   0.00ns]   0.00ns   0.00ns   0.00ns
          'fs_random_quick_restart':         1 [818.45ms, 818.45ms] 818.45ms   0.00ns 818.45ms         1 [ 20.00ns,  20.00ns]  20.00ns   0.00ns  20.00ns
          'fs_random_quick_restart':         1 [871.63ms, 871.63ms] 871.63ms   0.00ns 871.63ms         1 [ 20.00ns,  20.00ns]  20.00ns   0.00ns  20.00ns
    'fs_random_quick_restart_no_lp':         1 [622.01ms, 622.01ms] 622.01ms   0.00ns 622.01ms         0 [  0.00ns,   0.00ns]   0.00ns   0.00ns   0.00ns
                    'graph_arc_lns':         6 [187.11ms,    8.00h]    2.67h    3.77h   16.00h         5 [ 20.00ns, 100.51ms]  80.12ms  40.06ms 400.58ms
                    'graph_cst_lns':         6 [200.48ms,    8.00h]    1.33h    2.98h    8.00h         6 [ 10.00ns, 100.24ms]  83.46ms  37.32ms 500.73ms
                    'graph_dec_lns':         6 [276.40ms,    8.00h]    1.33h    2.98h    8.00h         6 [ 10.00ns, 100.24ms]  83.45ms  37.32ms 500.67ms
                    'graph_var_lns':         7 [207.70ms,    8.00h]    3.43h    3.96h   24.00h         5 [ 66.00ns, 100.22ms]  80.10ms  40.05ms 400.50ms
                   'lb_tree_search':         1 [   8.00h,    8.00h]    8.00h   0.00ns    8.00h         1 [  36.27m,   36.27m]   36.27m   0.00ns   36.27m
                           'max_lp':         1 [   8.00h,    8.00h]    8.00h   0.00ns    8.00h         1 [  37.89m,   37.89m]   37.89m   0.00ns   37.89m
                            'no_lp':         1 [   8.00h,    8.00h]    8.00h   0.00ns    8.00h         1 [   7.43h,    7.43h]    7.43h   0.00ns    7.43h
              'objective_lb_search':         1 [   8.00h,    8.00h]    8.00h   0.00ns    8.00h         1 [   1.17h,    1.17h]    1.17h   0.00ns    1.17h
       'objective_lb_search_max_lp':         1 [   8.00h,    8.00h]    8.00h   0.00ns    8.00h         1 [  35.88m,   35.88m]   35.88m   0.00ns   35.88m
        'objective_lb_search_no_lp':         1 [   8.00h,    8.00h]    8.00h   0.00ns    8.00h         1 [   7.61h,    7.61h]    7.61h   0.00ns    7.61h
  'objective_shaving_search_max_lp':         7 [  7.85ms, 297.63ms] 110.38ms  95.43ms 772.66ms         1 [ 43.14ms,  43.14ms]  43.14ms   0.00ns  43.14ms
   'objective_shaving_search_no_lp':         7 [  8.15ms, 288.52ms]  84.87ms  94.80ms 594.06ms         0 [  0.00ns,   0.00ns]   0.00ns   0.00ns   0.00ns
                          'probing':         1 [   8.00h,    8.00h]    8.00h   0.00ns    8.00h         1 [   1.11h,    1.11h]    1.11h   0.00ns    1.11h
                   'probing_max_lp':         1 [   8.00h,    8.00h]    8.00h   0.00ns    8.00h         1 [  34.69m,   34.69m]   34.69m   0.00ns   34.69m
                     'pseudo_costs':         1 [   8.00h,    8.00h]    8.00h   0.00ns    8.00h         1 [  37.26m,   37.26m]   37.26m   0.00ns   37.26m
                    'quick_restart':         1 [   8.00h,    8.00h]    8.00h   0.00ns    8.00h         1 [   1.09h,    1.09h]    1.09h   0.00ns    1.09h
              'quick_restart_no_lp':         1 [   8.00h,    8.00h]    8.00h   0.00ns    8.00h         1 [   6.54h,    6.54h]    6.54h   0.00ns    6.54h
                    'reduced_costs':         1 [   8.00h,    8.00h]    8.00h   0.00ns    8.00h         1 [  37.25m,   37.25m]   37.25m   0.00ns   37.25m
                        'rins/rens':         1 [   8.00h,    8.00h]    8.00h   0.00ns    8.00h         1 [ 10.00ns,  10.00ns]  10.00ns   0.00ns  10.00ns
                      'rnd_cst_lns':         7 [263.53ms,    8.00h]    3.43h    3.96h   24.00h         5 [ 30.00ns, 100.17ms]  80.06ms  40.03ms 400.31ms
                      'rnd_var_lns':         7 [   8.00h,    8.00h]    8.00h 361.77ms   56.00h         3 [ 10.00ns,  50.00ns]  23.33ns  18.86ns  70.00ns
                     'violation_ls':         7 [282.74us,  15.76ms]   4.86ms   6.02ms  33.99ms         7 [ 14.82us,   1.20ms] 201.97us 410.15us   1.41ms
                     'violation_ls':         7 [339.01us,  24.05ms]   7.83ms   8.29ms  54.84ms         7 [ 10.96us,   4.60ms]   1.03ms   1.51ms   7.20ms
                     'violation_ls':         7 [446.08us,  85.84ms]  16.72ms  28.49ms 117.04ms         7 [ 12.30us,   1.31ms] 589.50us 478.14us   4.13ms

Search stats                         Bools   Conflicts       Branches     Restarts      BoolPropag   IntegerPropag
                           'core':  57'638  12'116'677    611'968'838  101'009'162  69'829'667'489  25'270'148'569
                     'default_lp':   2'596          19         34'367       23'838       1'861'825       4'610'500
                      'fs_random':   1'830           0            184          184           8'094          58'539
                      'fs_random':   1'830           0            184          184           8'094          58'539
                'fs_random_no_lp':   1'830           0            184          184           8'094          58'539
                'fs_random_no_lp':   1'830           0            184          184           8'094          58'539
        'fs_random_quick_restart':   1'830           0          1'498        1'498          30'787         184'811
        'fs_random_quick_restart':   1'830           0            184          184           8'094          58'539
  'fs_random_quick_restart_no_lp':   1'830           0            462          462          13'140          87'050
                 'lb_tree_search':   2'596          21         71'229       42'422       3'598'238       8'896'366
                         'max_lp':   2'596          18         65'222       39'371       3'322'007       8'210'200
                          'no_lp':  60'550  12'745'330    613'777'530   97'215'681  74'117'453'069  24'451'393'174
            'objective_lb_search':   2'596          22         36'157       24'700       1'946'811       4'839'210
     'objective_lb_search_max_lp':   2'596          26         66'699       40'079       3'381'691       8'391'605
      'objective_lb_search_no_lp':  65'049  14'154'459    590'484'405   92'515'678  89'747'198'893  22'828'886'527
                        'probing':   2'596          23         35'034       24'544       1'969'428       4'806'497
                 'probing_max_lp':   2'596          18         64'664       39'464       3'354'370       8'263'272
                   'pseudo_costs':   2'596          22         71'839       42'665       3'621'555       9'026'852
                  'quick_restart':   2'596          21         38'705       26'024       2'082'979       5'175'086
            'quick_restart_no_lp':  31'920  15'465'377  1'070'302'360  116'974'126  63'642'529'598  29'880'612'389
                  'reduced_costs':   2'596          23         67'992       40'734       3'457'272       8'582'281

SAT stats                           ClassicMinim   LitRemoved     LitLearned   LitForgotten  Subsumed  MClauses  MDecisions  MLitTrue  MSubsumed  MLitRemoved  MReused
                           'core':    11'476'329  126'937'050  3'670'130'446  3'572'003'910   279'916   341'433  14'561'183         6      3'764      261'882  108'330
                     'default_lp':             1            1             20              0         0         0           0         0          0            0        0
                      'fs_random':             0            0              0              0         0         0           0         0          0            0        0
                      'fs_random':             0            0              0              0         0         0           0         0          0            0        0
                'fs_random_no_lp':             0            0              0              0         0         0           0         0          0            0        0
                'fs_random_no_lp':             0            0              0              0         0         0           0         0          0            0        0
        'fs_random_quick_restart':             0            0              0              0         0         0           0         0          0            0        0
        'fs_random_quick_restart':             0            0              0              0         0         0           0         0          0            0        0
  'fs_random_quick_restart_no_lp':             0            0              0              0         0         0           0         0          0            0        0
                 'lb_tree_search':             4           10             25              0         0         0           0         0          0            0        0
                         'max_lp':             5            7             23              0         0         0           0         0          0            0        0
                          'no_lp':    12'107'068  133'644'595  3'859'714'371  3'761'964'656   280'054   339'610  16'076'206         1      4'023      319'966  151'022
            'objective_lb_search':             4            6             26              0         0         0           0         0          0            0        0
     'objective_lb_search_max_lp':             9           18             35              0         0         0           0         0          0            0        0
      'objective_lb_search_no_lp':    13'463'039  152'282'818  4'281'943'194  4'172'962'683   306'733   208'113  14'141'197         2      4'704      357'125   79'326
                        'probing':             4           16             27              0         0         0           0         0          0            0        0
                 'probing_max_lp':             3            9             25              0         0         0           0         0          0            0        0
                   'pseudo_costs':             5           13             27              0         0         0           0         0          0            0        0
                  'quick_restart':             2            4             23              0         0         0           0         0          0            0        0
            'quick_restart_no_lp':    14'361'670  112'453'191  4'917'491'663  4'756'286'285   457'556   485'256  19'838'530         6      3'853      152'671  123'821
                  'reduced_costs':             5           10             28              0         0         0           0         0          0            0        0

Lp stats                         Component  Iterations  AddedCuts  OPTIMAL  DUAL_F.  DUAL_U.
                  'default_lp':          1  13'435'901  4'627'184  121'252    2'128        5
                   'fs_random':          1           0          0        0        0        0
                   'fs_random':          1           0          0        0        0        0
     'fs_random_quick_restart':          1           0          0        0        0        0
     'fs_random_quick_restart':          1           0          0        0        0        0
              'lb_tree_search':          1   5'967'986  1'705'671  147'621   41'175        4
                      'max_lp':          1   5'490'408  1'658'525  137'012   37'705        1
         'objective_lb_search':          1  13'400'740  4'924'307  127'280    1'751        6
  'objective_lb_search_max_lp':          1   5'222'710  1'611'429  139'462   38'317        4
                     'probing':          1  12'917'112  4'432'947  124'877    1'705        6
              'probing_max_lp':          1   5'242'194  1'507'382  136'656   37'056        1
                'pseudo_costs':          1   5'846'115  1'765'350  148'539   41'335        4
               'quick_restart':          1  12'840'481  4'450'480  135'909      969        6
               'reduced_costs':          1   5'637'270  1'715'796  141'322   39'422        5

Lp dimension                                                                        Final dimension of first component
                  'default_lp':  5695 rows, 2203 columns, 32065 entries with magnitude in [2.616611e-06, 1.000000e+00]
                   'fs_random':         0 rows, 2203 columns, 0 entries with magnitude in [0.000000e+00, 0.000000e+00]
                   'fs_random':         0 rows, 2203 columns, 0 entries with magnitude in [0.000000e+00, 0.000000e+00]
     'fs_random_quick_restart':         0 rows, 2203 columns, 0 entries with magnitude in [0.000000e+00, 0.000000e+00]
     'fs_random_quick_restart':         0 rows, 2203 columns, 0 entries with magnitude in [0.000000e+00, 0.000000e+00]
              'lb_tree_search':  3174 rows, 2205 columns, 48137 entries with magnitude in [1.066498e-05, 1.000000e+00]
                      'max_lp':  3206 rows, 2205 columns, 34318 entries with magnitude in [5.237896e-05, 1.000000e+00]
         'objective_lb_search':  5303 rows, 2203 columns, 33291 entries with magnitude in [2.732497e-06, 1.000000e+00]
  'objective_lb_search_max_lp':  2899 rows, 2205 columns, 24858 entries with magnitude in [9.353373e-05, 1.000000e+00]
                     'probing':  5252 rows, 2203 columns, 32037 entries with magnitude in [3.406545e-06, 1.000000e+00]
              'probing_max_lp':  3699 rows, 2205 columns, 46326 entries with magnitude in [5.795255e-06, 1.000000e+00]
                'pseudo_costs':  2456 rows, 2205 columns, 26557 entries with magnitude in [1.809723e-05, 1.000000e+00]
               'quick_restart':  4868 rows, 2203 columns, 24300 entries with magnitude in [3.347326e-06, 1.000000e+00]
               'reduced_costs':  2748 rows, 2205 columns, 34679 entries with magnitude in [3.765648e-06, 1.000000e+00]

Lp debug                         CutPropag  CutEqPropag   Adjust  Overflow          Bad  BadScaling
                  'default_lp':          0          652    2'818         0  123'373'556           0
                   'fs_random':          0            0        0         0            0           0
                   'fs_random':          0            0        0         0            0           0
     'fs_random_quick_restart':          0            0        0         0            0           0
     'fs_random_quick_restart':          0            0        0         0            0           0
              'lb_tree_search':         15        1'531  147'211         0  259'933'524           0
                      'max_lp':          2        1'362  123'205         0  233'064'921           0
         'objective_lb_search':          0          605    1'758         0  127'247'072           0
  'objective_lb_search_max_lp':         16        2'081   81'304         5  236'710'434           0
                     'probing':          0          904    1'576         0  126'584'130           0
              'probing_max_lp':          7        3'290   82'826         2  252'433'292           0
                'pseudo_costs':         29        1'635  123'119         0  249'319'821           0
               'quick_restart':          0        1'094    2'520         0  130'768'325           0
               'reduced_costs':         15        1'560  133'241         0  246'616'994           0

Lp pool                          Constraints  Updates  Simplif  Merged  Shortened   Split  Strenghtened             Cuts/Call
                  'default_lp':       12'062   53'797   18'092      46        563   6'355        65'835  4'627'184/11'551'075
                   'fs_random':        2'924        0        0       0          0       0             0                   0/0
                   'fs_random':        2'924        0        0       0          0       0             0                   0/0
     'fs_random_quick_restart':        2'924        0        0       0          0       0             0                   0/0
     'fs_random_quick_restart':        2'924        0        0       0          0       0             0                   0/0
              'lb_tree_search':       13'157   66'339   46'294      50      8'856  31'147       374'661   1'705'671/3'527'479
                      'max_lp':       13'019   83'047   36'181      42      6'893  25'201       362'254   1'658'525/3'697'522
         'objective_lb_search':       12'201   58'150   18'616      30      1'198   5'835        67'418  4'924'307/12'490'249
  'objective_lb_search_max_lp':       12'925   75'897   50'541      40      6'615  46'886       368'350   1'611'429/3'501'089
                     'probing':       12'818   52'068   17'178      53        987   5'266        60'218  4'432'947/10'654'362
              'probing_max_lp':       12'888   86'248   51'003      30      8'712  48'509       318'391   1'507'382/3'054'630
                'pseudo_costs':       12'855   66'436   91'732      31      6'551  21'962       462'379   1'765'350/3'702'326
               'quick_restart':       12'354   55'587   17'151      50        813   8'381        71'907  4'450'480/10'703'130
               'reduced_costs':       13'281   82'963   43'219      51      7'380  35'859       374'366   1'715'796/3'588'620

Lp Cut               defaul   max_lp     quick_   reduce   pseudo   lb_tre     probin     object   probin   object
          CG_FF:     81'787   39'687     88'512   43'478   43'216   42'813     83'555     85'071   33'103   39'962
           CG_K:      3'296   19'685      4'274   17'782   22'023   17'378      3'815      3'457   11'465   18'029
          CG_KL:         16        -         18        -        -        1         16         18        -        3
           CG_R:     24'073   44'581     29'679   46'538   44'652   53'095     23'522     26'023   46'036   42'193
          CG_RB:    296'504  186'243    308'714  212'005  199'524  215'445    288'671    317'103  188'091  202'221
         CG_RBP:      1'116   15'101      1'815   14'468   20'459   16'617      1'623      1'278    9'283   15'299
         Clique:          -   48'055          -   50'434   53'625   54'454          -          -   47'021   47'953
             IB:    860'376  196'291    854'640  198'968  209'482  203'151    859'572    869'571  183'141  198'261
       MIR_1_FF:  1'156'644  198'730  1'030'299  190'772  210'435  193'020  1'100'788  1'304'438  188'991  190'046
        MIR_1_K:      4'344   18'836      5'909   14'398   19'866   16'727      5'278      3'811    8'876   16'268
       MIR_1_KL:      1'409        1      1'097        -        3        3      1'200      1'127        2        -
        MIR_1_R:    102'626    8'675     23'891    9'514    7'839    8'657     40'956     92'317    8'496    7'264
       MIR_1_RB:  1'156'969  298'334  1'129'738  314'158  326'933  297'312  1'104'565  1'228'405  275'177  287'338
      MIR_1_RBP:      1'615    2'731      3'038    2'591    2'718    3'614      1'963      1'817    2'802    2'848
      MIR_1_RLT:          -      508          -      602      568      619          -          -      511      518
       MIR_2_FF:     43'565   24'856     39'739   25'551   26'395   26'275     38'424     40'425   23'653   25'165
        MIR_2_K:      1'227    4'471      1'728    4'015    4'861    4'583      1'269      1'180    3'547    4'405
       MIR_2_KL:        170        -        122        1        -        -        159        126        -        -
        MIR_2_R:      2'219   12'548      2'486   13'742   13'063   13'446      1'940      2'246   12'178   12'217
       MIR_2_RB:    161'696  139'085    146'589  124'574  122'277  108'239    141'074    165'656  109'177  112'203
      MIR_2_RBP:        595    1'674        825    1'013    1'394    1'467        821        601    1'170    1'350
       MIR_3_FF:     10'752   12'195     11'845   13'931   13'645   13'092      9'904     10'207   11'352   12'389
        MIR_3_K:        820    4'494      1'146    4'637    4'898    4'761        917        809    3'950    4'698
       MIR_3_KL:        142        -        133        2        -        -        137         88        1        2
        MIR_3_R:      5'779    9'763      6'585   10'309   10'652   11'225      6'000      6'613    9'518    9'284
       MIR_3_RB:    180'465   68'196    176'590   74'232   75'056   71'201    185'035    193'382   61'890   66'095
      MIR_3_RBP:        258      763        353      835      795    1'002        304        241      916      635
       MIR_4_FF:      3'750    9'870      4'605   10'326   10'999   10'978      3'421      3'711    8'440    9'296
        MIR_4_K:        322    3'608        466    3'578    3'904    3'677        382        345    3'010    3'511
       MIR_4_KL:         60        -         59        2        1        1         57         48        -        -
        MIR_4_R:      1'142    3'373      1'308    3'844    3'782    4'086      1'082      1'276    3'378    3'258
       MIR_4_RB:    121'106   57'085    120'728   61'417   66'940   62'920    125'116    130'381   51'409   54'135
      MIR_4_RBP:        155      665        179      792      709      991        130        173      879      642
       MIR_5_FF:      2'437    9'778      2'742    9'716    9'895   10'344      2'222      2'506    8'417    8'773
        MIR_5_K:        292    3'550        455    2'988    3'535    3'229        417        253    2'384    3'513
       MIR_5_KL:         20        -         17        -        -        -         18         15        1        -
        MIR_5_R:        619    2'695        825    2'965    3'050    3'078        708        899    2'644    2'565
       MIR_5_RB:     82'835   47'896     84'024   52'888   52'791   52'416     84'488     89'309   44'764   46'292
      MIR_5_RBP:        103      567        109      688      673      910         99        176      867      561
       MIR_6_FF:      1'261    9'695      1'581    9'453    8'925    9'143      1'271      1'340    7'046    9'326
        MIR_6_K:         85    5'207        133    2'252    4'958    2'395        246        152    1'733    5'483
       MIR_6_KL:          5        2          9        2        1        1          6          3        2        -
        MIR_6_R:        390    2'865        408    3'148    3'303    3'816        339        467    3'079    2'868
       MIR_6_RB:     51'653   35'045     54'252   37'891   38'350   38'312     53'267     55'850   31'685   33'299
      MIR_6_RBP:         43      400         85      512      394      655         57        103      611      369
   ZERO_HALF_FF:     47'327   11'828     55'573   12'295   12'300   13'290     46'998     51'654   11'373   10'901
    ZERO_HALF_K:      2'717    1'979      3'171    1'699    2'165    2'034      2'962      2'925    1'324    2'272
   ZERO_HALF_KL:          7        -          -        -        3        3          2          1        1        3
    ZERO_HALF_R:     52'039   64'398     60'223   74'632   68'819   70'290     49'657     55'520   52'682   65'475
   ZERO_HALF_RB:    159'578   31'891    188'802   35'444   34'787   34'133    157'545    170'425   30'679   31'763
  ZERO_HALF_RBP:        775      625        961      714      687      772        949        765      627      478

LNS stats           Improv/Calls  Closed  Difficulty  TimeLimit
  'graph_arc_lns':           5/6     17%        0.09       0.10
  'graph_cst_lns':           3/6     33%        0.31       0.10
  'graph_dec_lns':           2/6     33%        0.18       0.10
  'graph_var_lns':           6/7     29%        0.17       0.10
      'rins/rens':           1/1      0%        0.29       0.10
    'rnd_cst_lns':           4/7     14%        0.09       0.10
    'rnd_var_lns':           7/7      0%        0.03       0.10

LS stats                   Batches  Restarts  LinMoves  GenMoves  CompoundMoves  WeightUpdates
       'fj_long_default':        3         1    19'560         0              0          1'219
   'fj_long_lin_default':        4         1         0    13'032          1'073             15
        'fj_long_random':        1         1     9'415         0              0            585
      'fj_short_default':        6         1         0    21'290          1'411             25
  'fj_short_lin_default':        1         1         0     2'842            521              0
   'fj_short_lin_random':        5         1         0    17'865          1'332             18
       'fj_short_random':        4         1         0    12'965          1'199             13
          'violation_ls':        7         0        10       741             39             13
          'violation_ls':        7         0        35        79              9             24
          'violation_ls':        7         0         6       346             40              7

Solutions (72)                  Num     Rank
                       'core':   10  [40,49]
            'fj_long_default':    1    [1,1]
              'graph_cst_lns':    1  [11,11]
              'graph_dec_lns':    1  [12,12]
                      'no_lp':    2  [52,64]
  'objective_lb_search_no_lp':    6  [36,65]
        'quick_restart_no_lp':   30  [25,72]
               'violation_ls':   21   [2,24]

Objective bounds                      Num
                       'default_lp':    2
                   'initial_domain':    1
                   'lb_tree_search':  114
       'objective_lb_search_max_lp':   33
  'objective_shaving_search_max_lp':    5
   'objective_shaving_search_no_lp':    4
                   'probing_max_lp':   36
                    'reduced_costs':    3

Solution repositories    Added  Queried  Ignored  Synchro
  'feasible solutions':    161      101        0      159
        'lp solutions':      0        0        0        0
                'pump':     11        1

Improving bounds shared            Num
                        'core':  2'669
                  'default_lp':     53
              'lb_tree_search':     12
                      'max_lp':     98
                       'no_lp':  3'485
         'objective_lb_search':    270
  'objective_lb_search_max_lp':    236
   'objective_lb_search_no_lp':  3'526
                     'probing':    126
              'probing_max_lp':    126
                'pseudo_costs':    292
               'quick_restart':     74
         'quick_restart_no_lp':  3'991
               'reduced_costs':    117

Clauses shared                     Num
                        'core':  2'244
                  'default_lp':      4
              'lb_tree_search':      4
                      'max_lp':      5
                       'no_lp':  2'127
         'objective_lb_search':      5
  'objective_lb_search_max_lp':      9
   'objective_lb_search_no_lp':  1'906
                     'probing':      4
              'probing_max_lp':      3
                'pseudo_costs':      5
               'quick_restart':      2
         'quick_restart_no_lp':  2'473
               'reduced_costs':      5

CpSolverResponse summary:
status: FEASIBLE
objective: 789480
best_bound: 471460
integers: 2206
booleans: 1830
conflicts: 0
branches: 462
propagations: 13140
integer_propagations: 87050
restarts: 462
lp_iterations: 0
walltime: 28800.3
usertime: 28800.3
deterministic_time: 133065
gap_integral: 1.68591e+06
solution_fingerprint: 0xf7238766088b7206

CPU USED: 32
Loading /home/aneumann/projects/def-adhaj/aneumann/gns/data/instances/test/xl/instance_179.pkl...
===* START SOLVING *===
   index   value       gap    status  computing_time  max_time  cpu  max_memory
0    179  7894.8  0.402822  feasible    28801.322607         8   32         118
===* END OF FILE *===
