created virtual environment CPython3.12.4.final.0-64 in 1596ms
  creator CPython3Posix(dest=/local/aneumann.27429355.0/env, clear=False, no_vcs_ignore=False, global=False)
  seeder FromAppData(download=False, pip=bundle, via=copy, app_data_dir=/home/aneumann/.local/share/virtualenv)
    added seed packages: pip==24.0
  activators BashActivator,CShellActivator,FishActivator,NushellActivator,PowerShellActivator,PythonActivator
Looking in links: /cvmfs/soft.computecanada.ca/custom/python/wheelhouse/gentoo2023/x86-64-v3, /cvmfs/soft.computecanada.ca/custom/python/wheelhouse/gentoo2023/generic, /cvmfs/soft.computecanada.ca/custom/python/wheelhouse/generic
Requirement already satisfied: pip in /local/aneumann.27429355.0/env/lib/python3.12/site-packages (24.0)
Processing /cvmfs/soft.computecanada.ca/custom/python/wheelhouse/generic/pip-24.2+computecanada-py3-none-any.whl
Installing collected packages: pip
  Attempting uninstall: pip
    Found existing installation: pip 24.0
    Uninstalling pip-24.0:
      Successfully uninstalled pip-24.0
Successfully installed pip-24.2+computecanada
Looking in links: /cvmfs/soft.computecanada.ca/custom/python/wheelhouse/gentoo2023/x86-64-v3, /cvmfs/soft.computecanada.ca/custom/python/wheelhouse/gentoo2023/generic, /cvmfs/soft.computecanada.ca/custom/python/wheelhouse/generic
ERROR: protobuf-5.28.3-cp38-abi3-manylinux2014_x86_64.whl is not a supported wheel on this platform.
Looking in links: /cvmfs/soft.computecanada.ca/custom/python/wheelhouse/gentoo2023/x86-64-v3, /cvmfs/soft.computecanada.ca/custom/python/wheelhouse/gentoo2023/generic, /cvmfs/soft.computecanada.ca/custom/python/wheelhouse/generic
Processing /home/aneumann/projects/def-adhaj/aneumann/gns/wheels/immutabledict-4.2.0-py3-none-any.whl
Installing collected packages: immutabledict
Successfully installed immutabledict-4.2.0
Looking in links: /cvmfs/soft.computecanada.ca/custom/python/wheelhouse/gentoo2023/x86-64-v3, /cvmfs/soft.computecanada.ca/custom/python/wheelhouse/gentoo2023/generic, /cvmfs/soft.computecanada.ca/custom/python/wheelhouse/generic
Processing /cvmfs/soft.computecanada.ca/custom/python/wheelhouse/generic/ortools-9.10.4067+computecanada-cp312-cp312-linux_x86_64.whl (from -r /home/aneumann/projects/def-adhaj/aneumann/gns/requirements_or.txt (line 1))
Processing /cvmfs/soft.computecanada.ca/custom/python/wheelhouse/gentoo2023/x86-64-v3/pandas-2.2.2+computecanada-cp312-cp312-linux_x86_64.whl (from -r /home/aneumann/projects/def-adhaj/aneumann/gns/requirements_or.txt (line 2))
Processing /cvmfs/soft.computecanada.ca/custom/python/wheelhouse/generic/absl_py-2.1.0+computecanada-py3-none-any.whl (from ortools->-r /home/aneumann/projects/def-adhaj/aneumann/gns/requirements_or.txt (line 1))
Processing /cvmfs/soft.computecanada.ca/custom/python/wheelhouse/gentoo2023/generic/numpy-2.1.1+computecanada-cp312-cp312-linux_x86_64.whl (from ortools->-r /home/aneumann/projects/def-adhaj/aneumann/gns/requirements_or.txt (line 1))
Processing /cvmfs/soft.computecanada.ca/custom/python/wheelhouse/gentoo2023/x86-64-v3/protobuf-5.28.0+computecanada-cp312-cp312-linux_x86_64.whl (from ortools->-r /home/aneumann/projects/def-adhaj/aneumann/gns/requirements_or.txt (line 1))
Requirement already satisfied: immutabledict>=3.0.0 in /local/aneumann.27429355.0/env/lib/python3.12/site-packages (from ortools->-r /home/aneumann/projects/def-adhaj/aneumann/gns/requirements_or.txt (line 1)) (4.2.0)
Processing /cvmfs/soft.computecanada.ca/custom/python/wheelhouse/generic/python_dateutil-2.9.0.post0+computecanada-py2.py3-none-any.whl (from pandas->-r /home/aneumann/projects/def-adhaj/aneumann/gns/requirements_or.txt (line 2))
Processing /cvmfs/soft.computecanada.ca/custom/python/wheelhouse/generic/pytz-2024.2+computecanada-py2.py3-none-any.whl (from pandas->-r /home/aneumann/projects/def-adhaj/aneumann/gns/requirements_or.txt (line 2))
Processing /cvmfs/soft.computecanada.ca/custom/python/wheelhouse/generic/tzdata-2024.2+computecanada-py2.py3-none-any.whl (from pandas->-r /home/aneumann/projects/def-adhaj/aneumann/gns/requirements_or.txt (line 2))
Processing /cvmfs/soft.computecanada.ca/custom/python/wheelhouse/generic/six-1.16.0+computecanada-py2.py3-none-any.whl (from python-dateutil>=2.8.2->pandas->-r /home/aneumann/projects/def-adhaj/aneumann/gns/requirements_or.txt (line 2))
Installing collected packages: pytz, tzdata, six, protobuf, numpy, absl-py, python-dateutil, pandas, ortools
Successfully installed absl-py-2.1.0+computecanada numpy-2.1.1+computecanada ortools-9.10.4067+computecanada pandas-2.2.2+computecanada protobuf-5.28.0+computecanada python-dateutil-2.9.0.post0+computecanada pytz-2024.2+computecanada six-1.16.0+computecanada tzdata-2024.2+computecanada

Starting CP-SAT solver v9.10.4067
Parameters: max_time_in_seconds: 21600 max_memory_in_mb: 118 log_search_progress: true optimize_with_core: true cp_model_presolve: true enumerate_all_solutions: false num_search_workers: 32 use_implied_bounds: true absolute_gap_limit: 5 relative_gap_limit: 0.01 use_probing_search: true

Initial optimization model '': (model_fingerprint: 0x9bf95b0809227d27)
#Variables: 2'507 (#bools: 25 #ints: 1 in objective)
  - 2'171 Booleans in [0,1]
  - 335 in [0,225000]
  - 1 constants in {1} 
#kBoolOr: 1'420 (#literals: 1'420)
#kLinear1: 350
#kLinear2: 6'567
#kLinear3: 1'589
#kLinearN: 462 (#terms: 5'437)

Starting presolve at 0.00s
  2.41e-03s  0.00e+00d  [DetectDominanceRelations] 
  5.81e-02s  0.00e+00d  [PresolveToFixPoint] #num_loops=15 #num_dual_strengthening=3 
  7.76e-05s  0.00e+00d  [ExtractEncodingFromLinear] #potential_supersets=192 
[Symmetry] Graph for symmetry has 8'614 nodes and 17'658 arcs.
[Symmetry] Symmetry computation done. time: 0.00246118 dtime: 0.00236669
[SAT presolve] num removable Booleans: 0 / 1318
[SAT presolve] num trivial clauses: 0
[SAT presolve] [0s] clauses:2207 literals:4414 vars:1282 one_side_vars:1253 simple_definition:11 singleton_clauses:0
[SAT presolve] [0.000224737s] clauses:2207 literals:4414 vars:1282 one_side_vars:1253 simple_definition:11 singleton_clauses:0
[SAT presolve] [0.000339982s] clauses:2207 literals:4414 vars:1282 one_side_vars:1253 simple_definition:11 singleton_clauses:0
  4.41e-01s  7.78e-02d  [Probe] #probed=3'096 #fixed_bools=66 #new_bounds=163 
  4.54e-03s  0.00e+00d  [MaxClique] Merged 2393(6886 literals) into 782(5262 literals) at_most_ones. 
  1.99e-03s  0.00e+00d  [DetectDominanceRelations] 
  1.46e-02s  0.00e+00d  [PresolveToFixPoint] #num_loops=4 #num_dual_strengthening=3 
  2.67e-03s  0.00e+00d  [ProcessAtMostOneAndLinear] #num_changes=4 
  1.82e-03s  0.00e+00d  [DetectDuplicateConstraints] #duplicates=3 
  4.41e-04s  1.79e-05d  [DetectDominatedLinearConstraints] #relevant_constraints=1'264 
  5.26e-04s  0.00e+00d  [DetectDifferentVariables] #different=17 
  8.05e-04s  2.05e-04d  [ProcessSetPPC] #relevant_constraints=767 #num_inclusions=578 
  7.02e-05s  0.00e+00d  [FindAlmostIdenticalLinearConstraints] 
  4.86e-03s  4.32e-03d  [FindBigAtMostOneAndLinearOverlap] 
  1.05e-03s  2.06e-03d  [FindBigVerticalLinearOverlap] 
  2.01e-04s  4.14e-04d  [FindBigHorizontalLinearOverlap] #linears=78 
  7.65e-05s  0.00e+00d  [MergeClauses] 
  1.95e-03s  0.00e+00d  [DetectDominanceRelations] 
  7.06e-03s  0.00e+00d  [PresolveToFixPoint] #num_loops=1 #num_dual_strengthening=1 
  2.06e-03s  0.00e+00d  [DetectDominanceRelations] 
  7.15e-03s  0.00e+00d  [PresolveToFixPoint] #num_loops=1 #num_dual_strengthening=1 
[Symmetry] Graph for symmetry has 6'595 nodes and 12'416 arcs.
[Symmetry] Symmetry computation done. time: 0.0012846 dtime: 0.00150965
[Symmetry] #generators: 1, average support size: 2
[Symmetry] 1 orbits with sizes: 2
[SAT presolve] num removable Booleans: 0 / 1252
[SAT presolve] num trivial clauses: 0
[SAT presolve] [0s] clauses:13 literals:26 vars:20 one_side_vars:17 simple_definition:3 singleton_clauses:0
[SAT presolve] [4.5078e-05s] clauses:13 literals:26 vars:20 one_side_vars:17 simple_definition:3 singleton_clauses:0
[SAT presolve] [8.5858e-05s] clauses:13 literals:26 vars:20 one_side_vars:17 simple_definition:3 singleton_clauses:0
  1.10e-01s  1.95e-02d  [Probe] #probed=3'030 #new_bounds=61 
  3.04e-03s  0.00e+00d  [MaxClique] Merged 632(4261 literals) into 632(4269 literals) at_most_ones. 
  1.97e-03s  0.00e+00d  [DetectDominanceRelations] 
  1.14e-02s  0.00e+00d  [PresolveToFixPoint] #num_loops=3 #num_dual_strengthening=2 
  2.60e-03s  0.00e+00d  [ProcessAtMostOneAndLinear] 
  1.77e-03s  0.00e+00d  [DetectDuplicateConstraints] #duplicates=2 
  4.51e-04s  1.79e-05d  [DetectDominatedLinearConstraints] #relevant_constraints=1'264 
  5.35e-04s  0.00e+00d  [DetectDifferentVariables] #different=17 
  7.05e-04s  2.01e-04d  [ProcessSetPPC] #relevant_constraints=716 #num_inclusions=525 
  6.51e-05s  0.00e+00d  [FindAlmostIdenticalLinearConstraints] 
  5.00e-03s  4.33e-03d  [FindBigAtMostOneAndLinearOverlap] 
  1.05e-03s  2.06e-03d  [FindBigVerticalLinearOverlap] 
  2.08e-04s  4.14e-04d  [FindBigHorizontalLinearOverlap] #linears=78 
  7.44e-05s  0.00e+00d  [MergeClauses] 
  1.96e-03s  0.00e+00d  [DetectDominanceRelations] 
  7.05e-03s  0.00e+00d  [PresolveToFixPoint] #num_loops=1 #num_dual_strengthening=1 
  1.96e-03s  0.00e+00d  [DetectDominanceRelations] 
  7.05e-03s  0.00e+00d  [PresolveToFixPoint] #num_loops=1 #num_dual_strengthening=1 
[Symmetry] Graph for symmetry has 6'595 nodes and 12'421 arcs.
[Symmetry] Symmetry computation done. time: 0.00138441 dtime: 0.00150685
[Symmetry] #generators: 1, average support size: 2
[Symmetry] 1 orbits with sizes: 2
[SAT presolve] num removable Booleans: 0 / 1252
[SAT presolve] num trivial clauses: 0
[SAT presolve] [0s] clauses:13 literals:26 vars:20 one_side_vars:17 simple_definition:3 singleton_clauses:0
[SAT presolve] [5.4432e-05s] clauses:13 literals:26 vars:20 one_side_vars:17 simple_definition:3 singleton_clauses:0
[SAT presolve] [9.5304e-05s] clauses:13 literals:26 vars:20 one_side_vars:17 simple_definition:3 singleton_clauses:0
  1.05e-01s  1.85e-02d  [Probe] #probed=3'030 #new_bounds=29 
  2.36e-03s  0.00e+00d  [MaxClique] Merged 632(4266 literals) into 632(4269 literals) at_most_ones. 
  2.09e-03s  0.00e+00d  [DetectDominanceRelations] 
  1.05e-02s  0.00e+00d  [PresolveToFixPoint] #num_loops=4 #num_dual_strengthening=3 
  2.60e-03s  0.00e+00d  [ProcessAtMostOneAndLinear] 
  1.76e-03s  0.00e+00d  [DetectDuplicateConstraints] #duplicates=4 
  4.43e-04s  1.79e-05d  [DetectDominatedLinearConstraints] #relevant_constraints=1'264 
  5.15e-04s  0.00e+00d  [DetectDifferentVariables] #different=17 
  6.97e-04s  2.01e-04d  [ProcessSetPPC] #relevant_constraints=716 #num_inclusions=525 
  7.46e-05s  0.00e+00d  [FindAlmostIdenticalLinearConstraints] 
  4.87e-03s  4.33e-03d  [FindBigAtMostOneAndLinearOverlap] 
  1.05e-03s  2.06e-03d  [FindBigVerticalLinearOverlap] 
  2.05e-04s  4.14e-04d  [FindBigHorizontalLinearOverlap] #linears=78 
  7.72e-05s  0.00e+00d  [MergeClauses] 
  1.96e-03s  0.00e+00d  [DetectDominanceRelations] 
  7.08e-03s  0.00e+00d  [PresolveToFixPoint] #num_loops=1 #num_dual_strengthening=1 
  1.55e-04s  0.00e+00d  [ExpandObjective] #entries=66 #tight_variables=23 #tight_constraints=6 

Presolve summary:
  - 64 affine relations were detected.
  - rule 'TODO dual: only one blocking constraint?' was applied 22'994 times.
  - rule 'TODO dual: only one unspecified blocking constraint?' was applied 16 times.
  - rule 'TODO dual: tighten at most one' was applied 502 times.
  - rule 'TODO linear2: contains a Boolean.' was applied 11'207 times.
  - rule 'affine: new relation' was applied 64 times.
  - rule 'at_most_one: empty or all false' was applied 6 times.
  - rule 'at_most_one: removed literals' was applied 324 times.
  - rule 'at_most_one: size one' was applied 99 times.
  - rule 'at_most_one: transformed into max clique.' was applied 1 time.
  - rule 'bool_and: non-reified.' was applied 36 times.
  - rule 'bool_or: always true' was applied 1'420 times.
  - rule 'bool_or: implications' was applied 5'601 times.
  - rule 'deductions: 402 stored' was applied 1 time.
  - rule 'dual: add implication' was applied 20 times.
  - rule 'dual: fix variable' was applied 358 times.
  - rule 'dual: fix variable with multiple choices' was applied 8 times.
  - rule 'dual: reduced domain' was applied 218 times.
  - rule 'duplicate: merged rhs of linear constraint' was applied 3 times.
  - rule 'duplicate: removed constraint' was applied 9 times.
  - rule 'enforcement: false literal' was applied 3'188 times.
  - rule 'enforcement: literal not used' was applied 16 times.
  - rule 'enforcement: true literal' was applied 36 times.
  - rule 'linear + amo: fixed literal implied by enforcement' was applied 4 times.
  - rule 'linear1: always true' was applied 3 times.
  - rule 'linear2: contains a Boolean.' was applied 8 times.
  - rule 'linear: always true' was applied 1'218 times.
  - rule 'linear: divide by GCD' was applied 4'103 times.
  - rule 'linear: empty' was applied 114 times.
  - rule 'linear: extracted enforcement literal' was applied 539 times.
  - rule 'linear: fixed or dup variables' was applied 1'464 times.
  - rule 'linear: negative clause' was applied 1'987 times.
  - rule 'linear: positive at most one' was applied 192 times.
  - rule 'linear: positive clause' was applied 3'614 times.
  - rule 'linear: positive equal one' was applied 6 times.
  - rule 'linear: reduced variable domains' was applied 915 times.
  - rule 'linear: remapped using affine relations' was applied 2'211 times.
  - rule 'linear: simplified rhs' was applied 16'821 times.
  - rule 'linear: singleton column' was applied 7 times.
  - rule 'objective: variable not used elsewhere' was applied 1 time.
  - rule 'presolve: 907 unused variables removed.' was applied 1 time.
  - rule 'presolve: iteration' was applied 3 times.
  - rule 'setppc: removed dominated constraints' was applied 53 times.

Presolved optimization model '': (model_fingerprint: 0x30d54cb496c820e1)
#Variables: 1'529 (#bools: 24 #ints: 1 in objective)
  - 1'252 Booleans in [0,1]
  - 1 in [0,729]
  - 1 in [0,733]
  - 1 in [0,734]
  - 1 in [0,1472]
  - 1 in [0,1477]
  - 14 in [0,1479]
  - 1 in [0,1480]
  - 1 in [0,1481]
  - 1 in [0,1482]
  - 18 in [0,1483]
  - 11 in [0,1484]
  - 1 in [0,7370]
  - 1 in [0,7375]
  - 11 in [0,7395]
  - 1 in [0,7405]
  - 1 in [0,7410]
  - 15 in [0,7415]
  - 18 in [0,7420]
  - 58 in [0,225000]
  - 1 in [2,731]
  - 1 in [3,737]
  - 1 in [3,738]
  - 2 in [4,737]
  - 1 in [6,739]
  - 1 in [6,741]
  - 1 in [47,3742]
  - 1 in [49,3744]
  - 1 in [66,3745]
  - 1 in [67,3743]
  - 1 in [70,3749]
  - 1 in [73,3749]
  - 1 in [77,3748]
  - 1 in [79,3741]
  - 1 in [79,3750]
  - 1 in [87,3749]
  - 1 in [600,219300]
  - 1 in [600,220200]
  - 1 in [600,221400]
  - 1 in [600,222461]
  - 1 in [600,222900]
  - 2 in [600,223560]
  - 4 in [600,223740]
  - 2 in [600,223800]
  - 2 in [600,223860]
  - 1 in [900,221100]
  - 3 in [900,222673]
  - 2 in [900,224520]
  - 1 in [1200,221100]
  - 1 in [1200,222900]
  - 2 in [1200,223860]
  - 2 in [1200,224040]
  - 2 in [1200,224100]
  - 2 in [1200,225000]
  - 1 in [1800,221700]
  - 1 in [1800,222300]
  - 1 in [1800,222900]
  - 1 in [1800,223200]
  - 1 in [1800,223500]
  - 2 in [1800,223560]
  - 2 in [1800,223800]
  - 2 in [1800,224361]
  - 2 in [1800,224700]
  - 2 in [1800,225000]
  - 2 in [2442,223800]
  - 2 in [2687,224460]
  - 3 in [2820,224520]
  - 1 in [2940,224651]
  - 2 in [2966,224677]
  - 4 in [2986,224220]
  - 1 in [2989,224700]
  - 2 in [3586,224340]
  - 3 in [3589,224160]
  - 2 in [3880,224820]
  - 2 in [3944,224400]
  - 6 in [3960,224700]
  - 3 in [4020,224580]
  - 1 in [4200,224976]
  - 2 in [4220,224996]
  - 1 in [4224,225000]
  - 2 in [4235,223980]
  - 2 in [4320,224040]
  - 1 in [4380,224974]
  - 1 in [4406,225000]
  - 4 in [4620,224880]
  - 4 in [4740,224460]
  - 1 in [5220,224971]
  - 5 in [5249,225000]
#kAtMostOne: 619 (#literals: 4'240)
#kBoolAnd: 17 (#enforced: 17) (#literals: 34)
#kExactlyOne: 6 (#literals: 23)
#kLinear1: 4 (#enforced: 4)
#kLinear2: 633 (#enforced: 453 #multi: 9)
#kLinear3: 960 (#enforced: 2)
#kLinearN: 124 (#terms: 1'772)

Preloading model.
#Bound   0.87s best:inf   next:[499835,21389700] initial_domain
[Symmetry] Graph for symmetry has 5'617 nodes and 12'421 arcs.
[Symmetry] Symmetry computation done. time: 0.00121217 dtime: 0.00144312
[Symmetry] #generators: 1, average support size: 2
#Model   0.87s var:1529/1529 constraints:2363/2363

Starting search at 0.87s with 32 workers.
16 full problem subsolvers: [core, default_lp, lb_tree_search, max_lp, no_lp, objective_lb_search, objective_lb_search_max_lp, objective_lb_search_no_lp, objective_shaving_search_max_lp, objective_shaving_search_no_lp, probing, probing_max_lp, pseudo_costs, quick_restart, quick_restart_no_lp, reduced_costs]
14 first solution subsolvers: [fj_long_default, fj_long_lin_default, fj_long_random, fj_short_default, fj_short_lin_default, fj_short_lin_random, fj_short_random, fs_random(2), fs_random_no_lp(2), fs_random_quick_restart(2), fs_random_quick_restart_no_lp]
11 incomplete subsolvers: [feasibility_pump, graph_arc_lns, graph_cst_lns, graph_dec_lns, graph_var_lns, rins/rens, rnd_cst_lns, rnd_var_lns, violation_ls(3)]
3 helper subsolvers: [neighborhood_helper, synchronization_agent, update_gap_integral]
#Bound   0.96s best:inf   next:[499840,21389700] objective_shaving_search_no_lp (vars=1529 csts=2385)
#Bound   0.97s best:inf   next:[499845,21389700] objective_shaving_search_no_lp (vars=1529 csts=2364)
#Bound   0.98s best:inf   next:[499850,21389700] objective_shaving_search_no_lp (vars=1529 csts=2364)
#Bound   0.99s best:inf   next:[499855,21389700] objective_shaving_search_no_lp (vars=1529 csts=2364)
#Bound   1.00s best:inf   next:[499860,21389700] objective_shaving_search_no_lp (vars=1529 csts=2364)
#Bound   1.00s best:inf   next:[499865,21389700] objective_shaving_search_no_lp (vars=1529 csts=2364)
#Bound   1.01s best:inf   next:[499870,21389700] objective_shaving_search_no_lp (vars=1529 csts=2364)
#1       1.02s best:21389700 next:[499870,21389695] fj_long_random(batch:1 #lin_moves:3'297 #lin_evals:6'582 #weight_updates:257)
#2       1.02s best:21389605 next:[499870,21389600] violation_ls(batch:1 #solutions_imported:1 #lin_moves:168 #lin_evals:1'404 #weight_updates:66)
#Bound   1.02s best:21389605 next:[499875,21389600] objective_shaving_search_no_lp (vars=1529 csts=2364)
#3       1.03s best:21389510 next:[499875,21389505] violation_ls(batch:1 #solutions_imported:1 #lin_moves:0 #lin_evals:3'893 #gen_moves:51 #gen_evals:0 #comp_moves:7 #backtracks:22 #weight_updates:1)
#4       1.03s best:21389415 next:[499875,21389410] violation_ls(batch:2 #solutions_imported:2 #lin_moves:177 #lin_evals:1'453 #weight_updates:71)
#5       1.03s best:21389320 next:[499875,21389315] violation_ls(batch:2 #solutions_imported:2 #lin_moves:7 #lin_evals:3'938 #gen_moves:51 #gen_evals:0 #comp_moves:7 #backtracks:22 #weight_updates:6)
#6       1.04s best:21389225 next:[499875,21389220] violation_ls(batch:3 #solutions_imported:3 #lin_moves:9 #lin_evals:7'282 #gen_moves:157 #gen_evals:0 #comp_moves:23 #backtracks:67 #weight_updates:7)
#7       1.04s best:21389130 next:[499875,21389125] violation_ls(batch:3 #solutions_imported:3 #lin_moves:177 #lin_evals:7'880 #gen_moves:107 #gen_evals:0 #comp_moves:7 #backtracks:50 #weight_updates:73)
#8       1.05s best:21389035 next:[499875,21389030] violation_ls(batch:3 #solutions_imported:3 #lin_moves:7 #lin_evals:7'037 #gen_moves:86 #gen_evals:0 #comp_moves:14 #backtracks:36 #weight_updates:7)
#Bound   1.24s best:21389035 next:[501175,21389030] lb_tree_search
#9       1.28s best:21383030 next:[501175,21383025] graph_var_lns (d=0.50 s=58 t=0.10 p=0.00 stall=0 h=auto_l0)
#10      1.34s best:21382935 next:[501175,21382930] violation_ls(batch:4 #solutions_imported:4 #lin_moves:9 #lin_evals:10'428 #gen_moves:229 #gen_evals:0 #comp_moves:37 #backtracks:96 #weight_updates:8)
#11      1.34s best:21382840 next:[501175,21382835] violation_ls(batch:4 #solutions_imported:4 #lin_moves:182 #lin_evals:7'918 #gen_moves:107 #gen_evals:0 #comp_moves:7 #backtracks:50 #weight_updates:76)
#12      1.34s best:21382745 next:[501175,21382740] violation_ls(batch:4 #solutions_imported:4 #lin_moves:7 #lin_evals:10'044 #gen_moves:123 #gen_evals:0 #comp_moves:19 #backtracks:52 #weight_updates:8)
#13      1.45s best:21382650 next:[501175,21382645] violation_ls(batch:5 #solutions_imported:5 #lin_moves:14 #lin_evals:10'466 #gen_moves:229 #gen_evals:0 #comp_moves:37 #backtracks:96 #weight_updates:11)
#14      1.46s best:21382555 next:[501175,21382550] violation_ls(batch:5 #solutions_imported:5 #lin_moves:182 #lin_evals:10'667 #gen_moves:140 #gen_evals:0 #comp_moves:12 #backtracks:64 #weight_updates:77)
#15      1.46s best:21382460 next:[501175,21382455] violation_ls(batch:5 #solutions_imported:5 #lin_moves:12 #lin_evals:10'083 #gen_moves:123 #gen_evals:0 #comp_moves:19 #backtracks:52 #weight_updates:12)
#16      1.58s best:21380145 next:[501175,21380140] graph_var_lns (d=0.81 s=76 t=0.10 p=1.00 stall=1 h=auto_l0)
#Bound   1.74s best:21380145 next:[501180,21380140] objective_shaving_search_max_lp (vars=1529 csts=2364)
#17      1.74s best:21380050 next:[501180,21380045] violation_ls(batch:6 #solutions_imported:6 #lin_moves:14 #lin_evals:13'266 #gen_moves:256 #gen_evals:0 #comp_moves:42 #backtracks:107 #weight_updates:12)
#18      1.74s best:21379955 next:[501180,21379950] violation_ls(batch:6 #solutions_imported:6 #lin_moves:187 #lin_evals:10'705 #gen_moves:140 #gen_evals:0 #comp_moves:12 #backtracks:64 #weight_updates:80)
#19      1.74s best:21379860 next:[501180,21379855] violation_ls(batch:6 #solutions_imported:6 #lin_moves:12 #lin_evals:13'338 #gen_moves:158 #gen_evals:0 #comp_moves:24 #backtracks:67 #weight_updates:13)
#Bound   2.00s best:21379860 next:[522820,21379855] objective_lb_search_max_lp
#Bound   2.07s best:21379860 next:[522880,21379855] objective_lb_search_max_lp
#Bound   2.23s best:21379860 next:[522885,21379855] reduced_costs
#20      2.27s best:21379625 next:[522885,21379620] graph_var_lns (d=0.72 s=95 t=0.10 p=0.67 stall=0 h=auto_l0)
#Bound   2.37s best:21379625 next:[523110,21379620] reduced_costs
#Bound   2.45s best:21379625 next:[523975,21379620] reduced_costs
#Bound   2.69s best:21379625 next:[524360,21379620] reduced_costs
#Bound   2.80s best:21379625 next:[524365,21379620] reduced_costs
#Bound   2.93s best:21379625 next:[533430,21379620] reduced_costs
#Bound   3.08s best:21379625 next:[536105,21379620] reduced_costs
#Bound   3.18s best:21379625 next:[540290,21379620] objective_lb_search_max_lp
#Bound   3.31s best:21379625 next:[547520,21379620] objective_lb_search_max_lp
#Bound   3.44s best:21379625 next:[553310,21379620] objective_lb_search_max_lp
#Bound   3.58s best:21379625 next:[555370,21379620] objective_lb_search_max_lp
#Bound   3.88s best:21379625 next:[574180,21379620] objective_lb_search_max_lp [skipped_logs=1]
#Model   4.08s var:1528/1529 constraints:2362/2363
#Model   4.39s var:1527/1529 constraints:2361/2363
#Model   4.59s var:1525/1529 constraints:2359/2363
#Bound   4.46s best:21379625 next:[591035,21379620] objective_lb_search_max_lp [skipped_logs=3]
#21      5.27s best:857250 next:[591035,857245] rins_pump_lns (d=0.19 s=103 t=0.10 p=0.00 stall=0 h=auto_l0)
#Model   8.81s var:1524/1529 constraints:2358/2363
#Model   9.46s var:1523/1529 constraints:2357/2363
#Model  14.58s var:1522/1529 constraints:2356/2363
#Model  18.38s var:1521/1529 constraints:2354/2363
#Model  43.40s var:1520/1529 constraints:2353/2363
#Model  44.91s var:1519/1529 constraints:2351/2363
#Model  63.42s var:1518/1529 constraints:2350/2363
#Model 110.15s var:1517/1529 constraints:2349/2363
#Model 154.18s var:1507/1529 constraints:2337/2363
#Model 154.28s var:1502/1529 constraints:2336/2363
#Model 154.49s var:1500/1529 constraints:2334/2363
#Model 154.59s var:1499/1529 constraints:2334/2363
#Model 155.09s var:1498/1529 constraints:2334/2363
#Model 155.30s var:1497/1529 constraints:2334/2363
#Model 155.40s var:1496/1529 constraints:2334/2363
#Model 156.20s var:1495/1529 constraints:2334/2363
#Model 157.21s var:1492/1529 constraints:2334/2363
#Model 158.91s var:1491/1529 constraints:2334/2363
#Model 159.51s var:1490/1529 constraints:2328/2363
#Model 159.72s var:1489/1529 constraints:2328/2363
#Model 160.12s var:1486/1529 constraints:2324/2363
#Model 160.22s var:1485/1529 constraints:2323/2363
#Model 160.32s var:1484/1529 constraints:2319/2363
#Model 160.53s var:1482/1529 constraints:2316/2363
#Model 161.23s var:1481/1529 constraints:2316/2363
#Model 161.53s var:1480/1529 constraints:2316/2363
#Model 162.33s var:1479/1529 constraints:2316/2363
#Model 167.14s var:1478/1529 constraints:2315/2363
#Model 182.65s var:1477/1529 constraints:2314/2363
#Model 333.15s var:1476/1529 constraints:2313/2363
#Bound 407.85s best:857250 next:[591040,857245] lb_tree_search
#Bound 409.77s best:857250 next:[591130,857245] lb_tree_search
#Bound 482.51s best:857250 next:[591135,857245] max_lp
#Bound 483.49s best:857250 next:[591225,857245] max_lp
#22    800.77s best:856535 next:[591225,856530] quick_restart_no_lp (fixed_bools=775/3030)
#23    866.13s best:855420 next:[591225,855415] quick_restart_no_lp (fixed_bools=794/3098)
#24    872.08s best:855155 next:[591225,855150] quick_restart_no_lp (fixed_bools=794/3107)
#Bound 882.25s best:855155 next:[591230,855150] reduced_costs
#Bound 884.30s best:855155 next:[591260,855150] reduced_costs
#Bound 885.02s best:855155 next:[591285,855150] reduced_costs
#Bound 888.31s best:855155 next:[591290,855150] reduced_costs
#Bound 889.39s best:855155 next:[591300,855150] reduced_costs
#Bound 896.14s best:855155 next:[591305,855150] reduced_costs
#Bound 897.70s best:855155 next:[591310,855150] reduced_costs
#Bound 898.44s best:855155 next:[591315,855150] reduced_costs
#Bound 898.99s best:855155 next:[591320,855150] reduced_costs
#Bound 1068.32s best:855155 next:[591325,855150] reduced_costs
#Bound 1068.61s best:855155 next:[591330,855150] reduced_costs
#Bound 1068.93s best:855155 next:[591380,855150] reduced_costs
#25    1176.97s best:854715 next:[591380,854710] quick_restart_no_lp (fixed_bools=895/3293)
#Bound 1194.66s best:854715 next:[591385,854710] reduced_costs
#Bound 1194.98s best:854715 next:[591395,854710] reduced_costs
#Bound 1241.77s best:854715 next:[591400,854710] reduced_costs
#Bound 1242.34s best:854715 next:[591405,854710] reduced_costs
#Bound 1242.59s best:854715 next:[591415,854710] reduced_costs
#Model 1443.92s var:1475/1529 constraints:2312/2363
#Bound 3037.94s best:854715 next:[591420,854710] max_lp
#26    3200.00s best:854140 next:[591420,854135] quick_restart_no_lp (fixed_bools=1099/4577)
#Bound 3753.51s best:854140 next:[591465,854135] max_lp
#Bound 3755.84s best:854140 next:[591470,854135] max_lp
#Bound 3758.98s best:854140 next:[591475,854135] max_lp
#Bound 4196.54s best:854140 next:[591480,854135] objective_lb_search_max_lp
#Bound 4197.32s best:854140 next:[591485,854135] objective_lb_search_max_lp
#Bound 4197.79s best:854140 next:[591490,854135] objective_lb_search_max_lp
#Bound 4219.99s best:854140 next:[591495,854135] objective_lb_search_max_lp
#Bound 4221.51s best:854140 next:[591505,854135] objective_lb_search_max_lp
#Bound 4222.29s best:854140 next:[591510,854135] objective_lb_search_max_lp
#Bound 4375.28s best:854140 next:[591515,854135] objective_lb_search_max_lp
#Bound 4375.62s best:854140 next:[591525,854135] objective_lb_search_max_lp
#Bound 4376.26s best:854140 next:[591540,854135] objective_lb_search_max_lp
#Bound 4376.90s best:854140 next:[591545,854135] objective_lb_search_max_lp
#Bound 4377.35s best:854140 next:[591550,854135] objective_lb_search_max_lp
#Bound 4423.20s best:854140 next:[591555,854135] objective_lb_search_max_lp
#Bound 4524.55s best:854140 next:[591560,854135] objective_lb_search_max_lp
#Bound 4527.13s best:854140 next:[591565,854135] objective_lb_search_max_lp
#Bound 4527.54s best:854140 next:[591570,854135] objective_lb_search_max_lp
#Bound 4791.23s best:854140 next:[591575,854135] lb_tree_search
#Bound 4791.75s best:854140 next:[591580,854135] lb_tree_search
#Bound 4792.30s best:854140 next:[591585,854135] lb_tree_search
#Bound 4804.70s best:854140 next:[591590,854135] lb_tree_search
#Bound 4806.59s best:854140 next:[591600,854135] lb_tree_search
#Bound 4807.50s best:854140 next:[591605,854135] lb_tree_search
#Bound 4933.16s best:854140 next:[591610,854135] lb_tree_search
#Bound 4958.39s best:854140 next:[591615,854135] lb_tree_search
#Bound 4959.81s best:854140 next:[591620,854135] lb_tree_search
#Bound 4962.07s best:854140 next:[591630,854135] lb_tree_search
#Bound 5099.45s best:854140 next:[591635,854135] lb_tree_search
#Bound 5105.69s best:854140 next:[591640,854135] lb_tree_search
#Bound 5106.66s best:854140 next:[591645,854135] lb_tree_search
#Bound 5109.25s best:854140 next:[591650,854135] lb_tree_search
#Bound 5200.42s best:854140 next:[591655,854135] lb_tree_search
#Bound 5202.22s best:854140 next:[591660,854135] lb_tree_search
#Bound 5202.87s best:854140 next:[591665,854135] lb_tree_search
#Bound 5219.33s best:854140 next:[591670,854135] lb_tree_search
#Bound 5220.40s best:854140 next:[591675,854135] lb_tree_search
#Bound 5222.06s best:854140 next:[591680,854135] lb_tree_search
#Bound 5250.95s best:854140 next:[591685,854135] lb_tree_search
#Bound 5254.50s best:854140 next:[591690,854135] lb_tree_search
#Bound 5258.51s best:854140 next:[591695,854135] lb_tree_search
#27    6864.91s best:853695 next:[591695,853690] quick_restart_no_lp (fixed_bools=1420/5969)
#Model 7033.50s var:1474/1529 constraints:2310/2363
#Bound 8514.25s best:853695 next:[591700,853690] objective_lb_search_max_lp
#Bound 8559.49s best:853695 next:[591705,853690] objective_lb_search_max_lp
#Bound 8563.33s best:853695 next:[591710,853690] objective_lb_search_max_lp
#Bound 8579.84s best:853695 next:[591715,853690] objective_lb_search_max_lp
#Bound 8581.25s best:853695 next:[591720,853690] objective_lb_search_max_lp
#Bound 8582.07s best:853695 next:[591725,853690] objective_lb_search_max_lp
#Bound 8586.05s best:853695 next:[591730,853690] objective_lb_search_max_lp
#Bound 8589.46s best:853695 next:[591735,853690] objective_lb_search_max_lp
#Bound 8589.77s best:853695 next:[591740,853690] objective_lb_search_max_lp
#Bound 8590.95s best:853695 next:[591745,853690] objective_lb_search_max_lp
#Bound 8594.02s best:853695 next:[591750,853690] objective_lb_search_max_lp
#Bound 8597.79s best:853695 next:[591755,853690] objective_lb_search_max_lp
#Bound 8599.72s best:853695 next:[591760,853690] objective_lb_search_max_lp
#Bound 8601.25s best:853695 next:[591765,853690] objective_lb_search_max_lp
#Bound 8606.44s best:853695 next:[591770,853690] objective_lb_search_max_lp
#28    10374.76s best:851325 next:[591770,851320] objective_lb_search_no_lp (fixed_bools=1593/17327)
#29    10380.79s best:851040 next:[591770,851035] objective_lb_search_no_lp (fixed_bools=1593/17336)
#30    10384.67s best:832895 next:[591770,832890] objective_lb_search_no_lp (fixed_bools=1593/17381)
#Model 10386.42s var:1467/1529 constraints:2298/2363
#Model 10388.13s var:1462/1529 constraints:2293/2363
#31    10468.64s best:831805 next:[591770,831800] objective_lb_search_no_lp (fixed_bools=2696/17768)
#32    10495.80s best:828300 next:[591770,828295] objective_lb_search_no_lp (fixed_bools=2714/17912)
#33    10518.53s best:827725 next:[591770,827720] objective_lb_search_no_lp (fixed_bools=2799/18062)
#Bound 10703.96s best:827725 next:[591775,827720] objective_lb_search_max_lp
#34    10911.54s best:823850 next:[591775,823845] objective_lb_search_no_lp (fixed_bools=2835/19102)
#35    10964.33s best:823220 next:[591775,823215] quick_restart_no_lp (fixed_bools=2244/9019)
#36    11097.73s best:822985 next:[591775,822980] quick_restart_no_lp (fixed_bools=2248/9222)
#37    11158.26s best:822585 next:[591775,822580] quick_restart_no_lp (fixed_bools=2260/9259)
#38    11164.75s best:821870 next:[591775,821865] quick_restart_no_lp (fixed_bools=2261/9304)
#Model 11166.32s var:1461/1529 constraints:2290/2363
#39    11438.55s best:820900 next:[591775,820895] quick_restart_no_lp (fixed_bools=2339/9525)
#40    14219.60s best:820690 next:[591775,820685] quick_restart_no_lp (fixed_bools=2384/10703)

Task timing                                  n [     min,      max]      avg      dev     time         n [     min,      max]      avg      dev    dtime
                             'core':         1 [   6.00h,    6.00h]    6.00h   0.00ns    6.00h         1 [   5.66h,    5.66h]    5.66h   0.00ns    5.66h
                       'default_lp':         1 [   6.00h,    6.00h]    6.00h   0.00ns    6.00h         1 [  44.00m,   44.00m]   44.00m   0.00ns   44.00m
                 'feasibility_pump':         6 [ 55.19ms,    1.46s] 957.24ms 451.39ms    5.74s         5 [232.96ms, 393.35ms] 285.71ms  57.70ms    1.43s
                  'fj_long_default':         1 [121.26ms, 121.26ms] 121.26ms   0.00ns 121.26ms         1 [ 22.30ms,  22.30ms]  22.30ms   0.00ns  22.30ms
              'fj_long_lin_default':         1 [109.45ms, 109.45ms] 109.45ms   0.00ns 109.45ms         1 [ 18.10ms,  18.10ms]  18.10ms   0.00ns  18.10ms
                   'fj_long_random':         1 [ 76.79ms,  76.79ms]  76.79ms   0.00ns  76.79ms         1 [ 11.83ms,  11.83ms]  11.83ms   0.00ns  11.83ms
                 'fj_short_default':         2 [ 30.93ms, 129.89ms]  80.41ms  49.48ms 160.82ms         2 [  8.28ms,  19.83ms]  14.05ms   5.77ms  28.11ms
             'fj_short_lin_default':         1 [116.58ms, 116.58ms] 116.58ms   0.00ns 116.58ms         1 [ 19.71ms,  19.71ms]  19.71ms   0.00ns  19.71ms
              'fj_short_lin_random':         1 [ 98.86ms,  98.86ms]  98.86ms   0.00ns  98.86ms         1 [ 20.06ms,  20.06ms]  20.06ms   0.00ns  20.06ms
                  'fj_short_random':         1 [ 81.49ms,  81.49ms]  81.49ms   0.00ns  81.49ms         1 [ 15.38ms,  15.38ms]  15.38ms   0.00ns  15.38ms
                        'fs_random':         1 [139.36ms, 139.36ms] 139.36ms   0.00ns 139.36ms         1 [ 20.00ns,  20.00ns]  20.00ns   0.00ns  20.00ns
                        'fs_random':         1 [141.94ms, 141.94ms] 141.94ms   0.00ns 141.94ms         1 [ 20.00ns,  20.00ns]  20.00ns   0.00ns  20.00ns
                  'fs_random_no_lp':         1 [134.58ms, 134.58ms] 134.58ms   0.00ns 134.58ms         0 [  0.00ns,   0.00ns]   0.00ns   0.00ns   0.00ns
                  'fs_random_no_lp':         1 [137.22ms, 137.22ms] 137.22ms   0.00ns 137.22ms         0 [  0.00ns,   0.00ns]   0.00ns   0.00ns   0.00ns
          'fs_random_quick_restart':         1 [138.59ms, 138.59ms] 138.59ms   0.00ns 138.59ms         1 [ 20.00ns,  20.00ns]  20.00ns   0.00ns  20.00ns
          'fs_random_quick_restart':         1 [141.17ms, 141.17ms] 141.17ms   0.00ns 141.17ms         1 [ 20.00ns,  20.00ns]  20.00ns   0.00ns  20.00ns
    'fs_random_quick_restart_no_lp':         1 [136.49ms, 136.49ms] 136.49ms   0.00ns 136.49ms         0 [  0.00ns,   0.00ns]   0.00ns   0.00ns   0.00ns
                    'graph_arc_lns':         6 [259.06ms,    6.00h]    3.00h    3.00h   18.00h         4 [ 57.00ns, 100.18ms]  75.08ms  43.35ms 300.31ms
                    'graph_cst_lns':         6 [230.55ms,    6.00h]    2.00h    2.83h   12.00h         5 [  7.27us, 100.16ms]  80.08ms  40.04ms 400.42ms
                    'graph_dec_lns':         6 [398.11ms,    6.00h]    3.00h    3.00h   18.00h         4 [ 30.00ns, 100.39ms]  75.11ms  43.37ms 300.45ms
                    'graph_var_lns':         6 [226.04ms,    6.00h]    1.00h    2.24h    6.00h         6 [ 10.00ns, 100.71ms]  83.64ms  37.41ms 501.85ms
                   'lb_tree_search':         1 [   6.00h,    6.00h]    6.00h   0.00ns    6.00h         1 [   1.42h,    1.42h]    1.42h   0.00ns    1.42h
                           'max_lp':         1 [   6.00h,    6.00h]    6.00h   0.00ns    6.00h         1 [   1.15h,    1.15h]    1.15h   0.00ns    1.15h
                            'no_lp':         1 [   6.00h,    6.00h]    6.00h   0.00ns    6.00h         1 [   5.49h,    5.49h]    5.49h   0.00ns    5.49h
              'objective_lb_search':         1 [   6.00h,    6.00h]    6.00h   0.00ns    6.00h         1 [  42.83m,   42.83m]   42.83m   0.00ns   42.83m
       'objective_lb_search_max_lp':         1 [   6.00h,    6.00h]    6.00h   0.00ns    6.00h         1 [   1.09h,    1.09h]    1.09h   0.00ns    1.09h
        'objective_lb_search_no_lp':         1 [   6.00h,    6.00h]    6.00h   0.00ns    6.00h         1 [   4.85h,    4.85h]    4.85h   0.00ns    4.85h
  'objective_shaving_search_max_lp':         6 [  4.38ms,  87.04ms]  24.85ms  28.31ms 149.08ms         0 [  0.00ns,   0.00ns]   0.00ns   0.00ns   0.00ns
   'objective_shaving_search_no_lp':         8 [  7.64ms,  80.08ms]  17.84ms  23.60ms 142.72ms         0 [  0.00ns,   0.00ns]   0.00ns   0.00ns   0.00ns
                          'probing':         1 [   6.00h,    6.00h]    6.00h   0.00ns    6.00h         1 [  42.47m,   42.47m]   42.47m   0.00ns   42.47m
                   'probing_max_lp':         1 [   6.00h,    6.00h]    6.00h   0.00ns    6.00h         1 [   6.02h,    6.02h]    6.02h   0.00ns    6.02h
                     'pseudo_costs':         1 [   6.00h,    6.00h]    6.00h   0.00ns    6.00h         1 [   1.78h,    1.78h]    1.78h   0.00ns    1.78h
                    'quick_restart':         1 [   6.00h,    6.00h]    6.00h   0.00ns    6.00h         1 [  45.04m,   45.04m]   45.04m   0.00ns   45.04m
              'quick_restart_no_lp':         1 [   6.00h,    6.00h]    6.00h   0.00ns    6.00h         1 [   5.06h,    5.06h]    5.06h   0.00ns    5.06h
                    'reduced_costs':         1 [   6.00h,    6.00h]    6.00h   0.00ns    6.00h         1 [  35.55m,   35.55m]   35.55m   0.00ns   35.55m
                        'rins/rens':         6 [266.39ms,    6.00h]    1.00h    2.24h    6.00h         6 [ 10.00ns, 101.21ms]  83.66ms  37.42ms 501.98ms
                      'rnd_cst_lns':         6 [309.32ms,    6.00h]    2.00h    2.83h   12.00h         5 [ 20.00ns, 100.23ms]  80.10ms  40.05ms 400.50ms
                      'rnd_var_lns':         6 [   6.00h,    6.00h]    6.00h 267.42ms   36.00h         1 [ 60.00ns,  60.00ns]  60.00ns   0.00ns  60.00ns
                     'violation_ls':         6 [271.65us,   5.10ms]   1.94ms   1.60ms  11.61ms         6 [ 10.32us, 753.12us] 376.79us 274.51us   2.26ms
                     'violation_ls':         6 [285.35us,   8.17ms]   2.75ms   3.06ms  16.48ms         6 [ 10.11us,   1.49ms] 429.99us 529.43us   2.58ms
                     'violation_ls':         6 [375.96us,   8.21ms]   2.45ms   2.68ms  14.70ms         6 [ 10.11us, 866.19us] 365.92us 296.40us   2.20ms

Search stats                         Bools   Conflicts     Branches    Restarts      BoolPropag   IntegerPropag
                           'core':  31'017  13'866'444  426'567'150  63'266'273  52'760'844'772  10'063'903'086
                     'default_lp':   1'810          38      119'789      57'215       4'286'146       8'088'866
                      'fs_random':   1'256           0        1'222       1'222          23'560          70'912
                      'fs_random':   1'256           0        1'240       1'240          23'877          72'112
                'fs_random_no_lp':   1'256           0        1'348       1'348          25'704          78'235
                'fs_random_no_lp':   1'256           0        1'364       1'364          25'923          78'917
        'fs_random_quick_restart':   1'256           0        1'232       1'232          23'731          71'539
        'fs_random_quick_restart':   1'256           0        1'232       1'232          23'731          71'539
  'fs_random_quick_restart_no_lp':   1'256           0        1'366       1'366          25'959          79'021
                 'lb_tree_search':   1'810           4       25'325      17'086       1'128'661       2'109'481
                         'max_lp':   1'810           4       36'651      22'814       1'618'473       3'041'978
                          'no_lp':  31'513  12'544'042  423'411'652  63'581'228  52'849'304'624   9'970'454'120
            'objective_lb_search':   1'810           8      111'738      54'455       4'099'714       7'713'138
     'objective_lb_search_max_lp':   1'810           8       49'295      29'183       2'175'922       4'070'455
      'objective_lb_search_no_lp':  33'527  14'555'556  546'241'756  76'712'104  40'422'989'924  12'436'540'668
                        'probing':   1'810          15      109'933      54'251       4'096'613       7'701'139
                 'probing_max_lp':   1'810           4       10'309       9'275         520'570         976'627
                   'pseudo_costs':   1'810           8       33'269      21'098       1'490'572       2'796'267
                  'quick_restart':   1'810          12      115'201      55'684       4'195'273       7'884'888
            'quick_restart_no_lp':  11'912  22'790'374  992'829'060  77'840'870  23'612'860'814  15'325'933'241
                  'reduced_costs':   1'810           7       42'012      25'522       1'890'111       3'520'175

SAT stats                           ClassicMinim   LitRemoved     LitLearned   LitForgotten  Subsumed   MClauses  MDecisions  MLitTrue  MSubsumed  MLitRemoved  MReused
                           'core':    12'937'929  112'339'491  4'176'453'325  4'039'891'631   417'167    264'542  10'512'781         2      1'911       84'494   91'321
                     'default_lp':             8           16             58              0         0          0           0         0          0            0        0
                      'fs_random':             0            0              0              0         0          0           0         0          0            0        0
                      'fs_random':             0            0              0              0         0          0           0         0          0            0        0
                'fs_random_no_lp':             0            0              0              0         0          0           0         0          0            0        0
                'fs_random_no_lp':             0            0              0              0         0          0           0         0          0            0        0
        'fs_random_quick_restart':             0            0              0              0         0          0           0         0          0            0        0
        'fs_random_quick_restart':             0            0              0              0         0          0           0         0          0            0        0
  'fs_random_quick_restart_no_lp':             0            0              0              0         0          0           0         0          0            0        0
                 'lb_tree_search':             0            0              4              0         0          0           0         0          0            0        0
                         'max_lp':             0            0              4              0         0          0           0         0          0            0        0
                          'no_lp':    11'678'815   98'461'631  3'750'467'379  3'623'979'696   387'113    300'414  10'477'887         1      1'768       52'477   83'310
            'objective_lb_search':             2            3             71              0         0          0           0         0          0            0        0
     'objective_lb_search_max_lp':             4            8             12              0         0          0           0         0          0            0        0
      'objective_lb_search_no_lp':    13'176'225  102'065'355  4'310'086'125  4'108'046'523   635'475    294'523  11'439'177         0      2'342      184'855   66'566
                        'probing':             9           12             41              0         0          0           0         0          0            0        0
                 'probing_max_lp':             0            0              4              0         0          0           0         0          0            0        0
                   'pseudo_costs':             4            4             20              0         0          0           0         0          0            0        0
                  'quick_restart':             6           12             51              0         0          0           0         0          0            0        0
            'quick_restart_no_lp':    21'070'332  164'941'141  6'711'501'925  6'478'443'977   738'705  1'419'328  10'996'160         0      1'501       10'884  163'975
                  'reduced_costs':             2            3             12              0         0          0           0         0          0            0        0

Lp stats                         Component  Iterations  AddedCuts  OPTIMAL  DUAL_F.  DUAL_U.
                  'default_lp':          1  12'020'996  3'777'086  316'052        1        1
                   'fs_random':          1           0          0        0        0        0
                   'fs_random':          1           0          0        0        0        0
     'fs_random_quick_restart':          1           0          0        0        0        0
     'fs_random_quick_restart':          1           0          0        0        0        0
              'lb_tree_search':          1  22'196'985    433'319   59'813   13'402        0
                      'max_lp':          1  10'570'839    937'988   82'159   20'599        0
         'objective_lb_search':          1  11'543'188  3'598'851  302'650        2        3
  'objective_lb_search_max_lp':          1  14'667'765    839'564  101'693   27'624        0
                     'probing':          1  11'499'572  3'430'578  301'147        3        2
              'probing_max_lp':          1  37'675'899    302'038   32'169    4'760        0
                'pseudo_costs':          1  13'239'442    715'344   80'727   16'104        1
               'quick_restart':          1  12'096'510  3'713'803  308'847        0        2
               'reduced_costs':          1   9'983'877    714'706   86'772   23'618        0

Lp dimension                                                                         Final dimension of first component
                  'default_lp':   3439 rows, 1529 columns, 41442 entries with magnitude in [1.753535e-06, 1.000000e+00]
                   'fs_random':          0 rows, 1529 columns, 0 entries with magnitude in [0.000000e+00, 0.000000e+00]
                   'fs_random':          0 rows, 1529 columns, 0 entries with magnitude in [0.000000e+00, 0.000000e+00]
     'fs_random_quick_restart':          0 rows, 1529 columns, 0 entries with magnitude in [0.000000e+00, 0.000000e+00]
     'fs_random_quick_restart':          0 rows, 1529 columns, 0 entries with magnitude in [0.000000e+00, 0.000000e+00]
              'lb_tree_search':   2628 rows, 1529 columns, 47482 entries with magnitude in [1.274027e-05, 1.000000e+00]
                      'max_lp':   1767 rows, 1529 columns, 97672 entries with magnitude in [5.687797e-06, 1.000000e+00]
         'objective_lb_search':   3199 rows, 1529 columns, 44488 entries with magnitude in [2.824500e-06, 1.000000e+00]
  'objective_lb_search_max_lp':   1602 rows, 1529 columns, 29738 entries with magnitude in [5.639546e-05, 1.000000e+00]
                     'probing':   2733 rows, 1529 columns, 28293 entries with magnitude in [5.198228e-06, 1.000000e+00]
              'probing_max_lp':  3622 rows, 1529 columns, 185605 entries with magnitude in [6.253824e-07, 1.000000e+00]
                'pseudo_costs':  3257 rows, 1529 columns, 186650 entries with magnitude in [1.990297e-06, 1.000000e+00]
               'quick_restart':   3202 rows, 1529 columns, 51268 entries with magnitude in [4.718266e-06, 1.000000e+00]
               'reduced_costs':   1501 rows, 1529 columns, 34481 entries with magnitude in [1.190875e-06, 1.000000e+00]

Lp debug                         CutPropag  CutEqPropag   Adjust  Overflow          Bad  BadScaling
                  'default_lp':          1        4'169      508         0  149'176'156           0
                   'fs_random':          0            0        0         0            0           0
                   'fs_random':          0            0        0         0            0           0
     'fs_random_quick_restart':          0            0        0         0            0           0
     'fs_random_quick_restart':          0            0        0         0            0           0
              'lb_tree_search':          7        1'447   55'816         0   82'418'208           0
                      'max_lp':          8        1'915   79'519         0   87'286'379           0
         'objective_lb_search':          7        6'695      302         0  145'527'996           0
  'objective_lb_search_max_lp':         41        1'637  102'245         0  133'954'023           0
                     'probing':         10        4'570      356         0  146'080'889           0
              'probing_max_lp':         16          707   16'434         0   37'549'676           0
                'pseudo_costs':         30        1'395   76'065         0   72'276'580           0
               'quick_restart':          5        5'932       72         0  148'076'387           0
               'reduced_costs':         28        1'216   86'304         0   95'966'925           0

Lp pool                          Constraints  Updates  Simplif  Merged  Shortened   Split  Strenghtened            Cuts/Call
                  'default_lp':       10'887   78'789   20'535      86      4'736  15'846       262'770  3'777'086/6'643'644
                   'fs_random':        1'887        0        0       0          0       0             0                  0/0
                   'fs_random':        1'887        0        0       0          0       0             0                  0/0
     'fs_random_quick_restart':        1'887        0        0       0          0       0             0                  0/0
     'fs_random_quick_restart':        1'887        0        0       0          0       0             0                  0/0
              'lb_tree_search':       11'632   35'299   31'254      49      6'958  42'216        66'158    433'319/1'097'928
                      'max_lp':       12'308  101'534   42'389      42     16'084  32'083       131'180    937'988/3'792'435
         'objective_lb_search':       11'675   80'338   22'653      63      5'260  16'182       248'175  3'598'851/6'335'298
  'objective_lb_search_max_lp':       11'908   55'158   36'298      18     10'634  50'270       115'934    839'564/2'853'199
                     'probing':       11'397   77'766   22'544      68      5'073  17'193       232'599  3'430'578/6'123'347
              'probing_max_lp':       11'394   31'713   65'031       6      7'340  21'781        95'731    302'038/1'663'064
                'pseudo_costs':       11'696  105'462   67'327      10     14'833  35'954       146'129    715'344/1'909'922
               'quick_restart':       11'624   84'246   23'390      66      5'915  16'963       255'583  3'713'803/6'548'363
               'reduced_costs':       12'057   44'109   69'616      11     14'598  39'509       132'838    714'706/1'871'551

Lp Cut             defaul   max_lp   quick_   reduce   pseudo  lb_tre   probin   object  probin   object
          CG_FF:  127'394   15'846  121'701   14'404   13'711   7'693  108'821  114'101   8'258   17'764
           CG_K:    4'556    4'731    4'435    2'919    3'205   3'079    3'826    4'213   3'336    3'073
          CG_KL:      263        9      174        6       10       1      165      171       -       10
           CG_R:  198'299   59'489  195'622   28'174   18'281  15'461  177'868  202'989  14'149   29'133
          CG_RB:  911'070  166'791  877'552  156'351   93'092  85'343  800'464  843'060  57'598  159'813
         CG_RBP:    4'422   53'542    4'039   11'145   15'495  18'930    3'778    3'640   6'091   23'850
         Clique:        -   16'173        -   13'438   16'408   6'718        -        -   5'210   17'725
             IB:  797'720   90'529  798'737   90'054   84'214  64'060  728'286  771'785  29'930  131'899
       MIR_1_FF:  483'499   45'376  456'401   42'108   40'471  28'289  439'766  437'607  21'957   60'278
        MIR_1_K:    8'790    6'601    8'612    2'632    3'682   2'163    7'517    8'189   1'494    4'374
       MIR_1_KL:    7'975      994    7'124      953    1'093     419    6'830    6'843     256    1'085
        MIR_1_R:   15'687   14'266   15'399   11'076   13'803   3'689   14'354   16'028   4'117    6'776
       MIR_1_RB:  465'580  104'134  472'861  104'287  112'769  59'769  440'786  455'464  44'742  121'493
      MIR_1_RBP:    3'370    4'519    3'466    2'804    5'342   3'801    3'586    3'245   1'262    4'887
      MIR_1_RLT:        -       59        -       46       57      31        -        -      20       76
       MIR_2_FF:   42'736   13'319   39'394    8'038    7'839   5'333   36'905   39'679   3'321   11'056
        MIR_2_K:    2'019   11'004    1'979    1'013    1'253     764    1'777    1'935     526    1'512
       MIR_2_KL:      975      219      856      192      250      67      715      751      52      229
        MIR_2_R:   11'248   33'340   11'261   10'105   32'979   4'492   10'545   11'891   5'627    8'295
       MIR_2_RB:  110'444   72'834  114'767   51'784   53'745  35'453  102'987  105'298  23'152   51'323
      MIR_2_RBP:    1'226    9'147    1'164    2'763    6'311   3'784    1'206    1'022   1'396    4'789
       MIR_3_FF:   14'046    5'724   13'221    4'498    4'716   2'748   11'781   13'321   2'029    6'015
        MIR_3_K:    1'835    2'519    1'702    1'169    1'404     695    1'337    1'403     563    1'524
       MIR_3_KL:    1'073      311      942      371      336      95      895      989     100      387
        MIR_3_R:   25'927   11'065   24'784    4'807   10'961   2'597   22'894   24'004   2'655    5'592
       MIR_3_RB:   86'961   26'736   86'909   22'446   25'072  12'580   79'598   83'080   9'583   25'806
      MIR_3_RBP:    1'198    4'495    1'151    1'691    3'127     853      981      991     717    1'768
       MIR_4_FF:    6'049    4'122    6'191    3'211    3'319   1'907    6'182    6'152   1'354    4'284
        MIR_4_K:      777    1'481      730      862    1'111     519      638      636     398    1'256
       MIR_4_KL:      258      118      229      116      130      60      241      221      38      144
        MIR_4_R:    6'127    6'545    5'801    2'377    6'879   1'299    5'259    5'660   1'467    2'988
       MIR_4_RB:   45'784   18'566   46'557   16'153   18'111   8'893   43'404   44'769   6'781   18'653
      MIR_4_RBP:      592    3'688      533      933    2'241     492      589      510     404    1'107
       MIR_5_FF:    3'436    4'671    3'109    3'602    3'784   1'882    3'251    3'405   1'516    4'234
        MIR_5_K:      507    1'598      394    1'005    1'501     529      382      328     508    1'441
       MIR_5_KL:      140      101      127      115      150      34      141      124      34      106
        MIR_5_R:    2'756    5'011    2'599    1'820    5'579   1'071    2'271    2'614   1'028    2'504
       MIR_5_RB:   29'964   17'334   30'020   14'458   15'987   7'855   27'928   29'394   5'949   16'573
      MIR_5_RBP:      489    3'682      376    1'162    2'228     581      342      326     496    1'274
       MIR_6_FF:    1'498    3'387    1'431    2'678    2'830   1'478    1'494    1'532   1'104    3'317
        MIR_6_K:      182    1'289      185      821    1'162     473      151      185     360    1'088
       MIR_6_KL:       35      107       37       87      129      32       34       39      38       93
        MIR_6_R:    1'458    3'883    1'219    1'670    4'368     916    1'124    1'305     855    2'384
       MIR_6_RB:   19'801   12'371   19'898   10'887   12'010   5'723   18'417   19'389   4'467   12'660
      MIR_6_RBP:      278    2'925      270      845    1'739     385      207      235     350    1'116
   ZERO_HALF_FF:   20'249    7'016   23'788    6'123    7'450   3'622   22'450   22'131   2'459    7'088
    ZERO_HALF_K:      885      604      954      457      621     386      800      881     423      700
   ZERO_HALF_KL:       84        3       67        4        7       1       57       57       -        6
    ZERO_HALF_R:  230'639   52'986  223'430   42'984   41'912  18'715  211'810  229'325  17'858   40'445
   ZERO_HALF_RB:   75'908   11'920   80'589   12'071   11'645   7'085   74'729   76'919   5'528   14'384
  ZERO_HALF_RBP:      877      808    1'016      991      825     474    1'009    1'015     482    1'187

LNS stats           Improv/Calls  Closed  Difficulty  TimeLimit
  'graph_arc_lns':           5/6      0%        0.04       0.10
  'graph_cst_lns':           2/6     33%        0.29       0.10
  'graph_dec_lns':           4/6      0%        0.04       0.10
  'graph_var_lns':           5/6     33%        0.31       0.10
      'rins/rens':           5/6     33%        0.20       0.10
    'rnd_cst_lns':           4/6     17%        0.13       0.10
    'rnd_var_lns':           6/6      0%        0.04       0.10

LS stats                   Batches  Restarts  LinMoves  GenMoves  CompoundMoves  WeightUpdates
       'fj_long_default':        1         1     6'304         0              0            893
   'fj_long_lin_default':        1         1         0     3'880            570             18
        'fj_long_random':        1         1     3'297         0              0            257
      'fj_short_default':        2         1         0     5'902            812             61
  'fj_short_lin_default':        1         1         0     4'730            644             12
   'fj_short_lin_random':        1         1         0     4'596            530              8
       'fj_short_random':        1         1         0     3'349            436              5
          'violation_ls':        6         0        12       158             24             13
          'violation_ls':        6         0        14       256             42             12
          'violation_ls':        6         0       187       140             12             80

Solutions (40)                  Num     Rank
             'fj_long_random':    1    [1,1]
              'graph_var_lns':    3   [9,20]
  'objective_lb_search_no_lp':    7  [28,34]
        'quick_restart_no_lp':   12  [22,40]
              'rins_pump_lns':    1  [21,21]
               'violation_ls':   16   [2,19]

Objective bounds                      Num
                   'initial_domain':    1
                   'lb_tree_search':   26
                           'max_lp':    6
       'objective_lb_search_max_lp':   43
  'objective_shaving_search_max_lp':    1
   'objective_shaving_search_no_lp':    8
                    'reduced_costs':   24

Solution repositories    Added  Queried  Ignored  Synchro
  'feasible solutions':    115      107        0      113
        'lp solutions':      0        0        0        0
                'pump':     72        6

Improving bounds shared            Num
                        'core':    606
                  'default_lp':    239
                       'no_lp':  1'064
         'objective_lb_search':     86
  'objective_lb_search_max_lp':     14
   'objective_lb_search_no_lp':    692
                     'probing':     32
              'probing_max_lp':     10
               'quick_restart':     20
         'quick_restart_no_lp':  1'450
               'reduced_costs':      5

Clauses shared                     Num
                        'core':  1'677
                  'default_lp':     11
                       'no_lp':  1'671
         'objective_lb_search':      2
  'objective_lb_search_max_lp':      3
   'objective_lb_search_no_lp':  1'554
                     'probing':     11
                'pseudo_costs':      2
               'quick_restart':     16
         'quick_restart_no_lp':  3'402
               'reduced_costs':      2

CpSolverResponse summary:
status: FEASIBLE
objective: 820690
best_bound: 591775
integers: 1530
booleans: 1256
conflicts: 0
branches: 1364
propagations: 25923
integer_propagations: 78917
restarts: 1364
lp_iterations: 0
walltime: 21600.5
usertime: 21600.5
deterministic_time: 129727
gap_integral: 1.60098e+06
solution_fingerprint: 0xa8ce586b53d96231

CPU USED: 32
Loading /home/aneumann/projects/def-adhaj/aneumann/gns/data/instances/test/l/instance_181.pkl...
===* START SOLVING *===
   index   value      gap    status  computing_time  max_time  cpu  max_memory
0    181  8206.9  0.27893  feasible    21601.272312         6   32         118
===* END OF FILE *===
