created virtual environment CPython3.12.4.final.0-64 in 544ms
  creator CPython3Posix(dest=/local/aneumann.27429362.0/env, clear=False, no_vcs_ignore=False, global=False)
  seeder FromAppData(download=False, pip=bundle, via=copy, app_data_dir=/home/aneumann/.local/share/virtualenv)
    added seed packages: pip==24.0
  activators BashActivator,CShellActivator,FishActivator,NushellActivator,PowerShellActivator,PythonActivator
Looking in links: /cvmfs/soft.computecanada.ca/custom/python/wheelhouse/gentoo2023/x86-64-v3, /cvmfs/soft.computecanada.ca/custom/python/wheelhouse/gentoo2023/generic, /cvmfs/soft.computecanada.ca/custom/python/wheelhouse/generic
Requirement already satisfied: pip in /local/aneumann.27429362.0/env/lib/python3.12/site-packages (24.0)
Processing /cvmfs/soft.computecanada.ca/custom/python/wheelhouse/generic/pip-24.2+computecanada-py3-none-any.whl
Installing collected packages: pip
  Attempting uninstall: pip
    Found existing installation: pip 24.0
    Uninstalling pip-24.0:
      Successfully uninstalled pip-24.0
Successfully installed pip-24.2+computecanada
Looking in links: /cvmfs/soft.computecanada.ca/custom/python/wheelhouse/gentoo2023/x86-64-v3, /cvmfs/soft.computecanada.ca/custom/python/wheelhouse/gentoo2023/generic, /cvmfs/soft.computecanada.ca/custom/python/wheelhouse/generic
ERROR: protobuf-5.28.3-cp38-abi3-manylinux2014_x86_64.whl is not a supported wheel on this platform.
Looking in links: /cvmfs/soft.computecanada.ca/custom/python/wheelhouse/gentoo2023/x86-64-v3, /cvmfs/soft.computecanada.ca/custom/python/wheelhouse/gentoo2023/generic, /cvmfs/soft.computecanada.ca/custom/python/wheelhouse/generic
Processing /home/aneumann/projects/def-adhaj/aneumann/gns/wheels/immutabledict-4.2.0-py3-none-any.whl
Installing collected packages: immutabledict
Successfully installed immutabledict-4.2.0
Looking in links: /cvmfs/soft.computecanada.ca/custom/python/wheelhouse/gentoo2023/x86-64-v3, /cvmfs/soft.computecanada.ca/custom/python/wheelhouse/gentoo2023/generic, /cvmfs/soft.computecanada.ca/custom/python/wheelhouse/generic
Processing /cvmfs/soft.computecanada.ca/custom/python/wheelhouse/generic/ortools-9.10.4067+computecanada-cp312-cp312-linux_x86_64.whl (from -r /home/aneumann/projects/def-adhaj/aneumann/gns/requirements_or.txt (line 1))
Processing /cvmfs/soft.computecanada.ca/custom/python/wheelhouse/gentoo2023/x86-64-v3/pandas-2.2.2+computecanada-cp312-cp312-linux_x86_64.whl (from -r /home/aneumann/projects/def-adhaj/aneumann/gns/requirements_or.txt (line 2))
Processing /cvmfs/soft.computecanada.ca/custom/python/wheelhouse/generic/absl_py-2.1.0+computecanada-py3-none-any.whl (from ortools->-r /home/aneumann/projects/def-adhaj/aneumann/gns/requirements_or.txt (line 1))
Processing /cvmfs/soft.computecanada.ca/custom/python/wheelhouse/gentoo2023/generic/numpy-2.1.1+computecanada-cp312-cp312-linux_x86_64.whl (from ortools->-r /home/aneumann/projects/def-adhaj/aneumann/gns/requirements_or.txt (line 1))
Processing /cvmfs/soft.computecanada.ca/custom/python/wheelhouse/gentoo2023/x86-64-v3/protobuf-5.28.0+computecanada-cp312-cp312-linux_x86_64.whl (from ortools->-r /home/aneumann/projects/def-adhaj/aneumann/gns/requirements_or.txt (line 1))
Requirement already satisfied: immutabledict>=3.0.0 in /local/aneumann.27429362.0/env/lib/python3.12/site-packages (from ortools->-r /home/aneumann/projects/def-adhaj/aneumann/gns/requirements_or.txt (line 1)) (4.2.0)
Processing /cvmfs/soft.computecanada.ca/custom/python/wheelhouse/generic/python_dateutil-2.9.0.post0+computecanada-py2.py3-none-any.whl (from pandas->-r /home/aneumann/projects/def-adhaj/aneumann/gns/requirements_or.txt (line 2))
Processing /cvmfs/soft.computecanada.ca/custom/python/wheelhouse/generic/pytz-2024.2+computecanada-py2.py3-none-any.whl (from pandas->-r /home/aneumann/projects/def-adhaj/aneumann/gns/requirements_or.txt (line 2))
Processing /cvmfs/soft.computecanada.ca/custom/python/wheelhouse/generic/tzdata-2024.2+computecanada-py2.py3-none-any.whl (from pandas->-r /home/aneumann/projects/def-adhaj/aneumann/gns/requirements_or.txt (line 2))
Processing /cvmfs/soft.computecanada.ca/custom/python/wheelhouse/generic/six-1.16.0+computecanada-py2.py3-none-any.whl (from python-dateutil>=2.8.2->pandas->-r /home/aneumann/projects/def-adhaj/aneumann/gns/requirements_or.txt (line 2))
Installing collected packages: pytz, tzdata, six, protobuf, numpy, absl-py, python-dateutil, pandas, ortools
Successfully installed absl-py-2.1.0+computecanada numpy-2.1.1+computecanada ortools-9.10.4067+computecanada pandas-2.2.2+computecanada protobuf-5.28.0+computecanada python-dateutil-2.9.0.post0+computecanada pytz-2024.2+computecanada six-1.16.0+computecanada tzdata-2024.2+computecanada

Starting CP-SAT solver v9.10.4067
Parameters: max_time_in_seconds: 21600 max_memory_in_mb: 118 log_search_progress: true optimize_with_core: true cp_model_presolve: true enumerate_all_solutions: false num_search_workers: 32 use_implied_bounds: true absolute_gap_limit: 5 relative_gap_limit: 0.01 use_probing_search: true

Initial optimization model '': (model_fingerprint: 0xf74c66ff49d337b6)
#Variables: 3'233 (#bools: 26 #ints: 1 in objective)
  - 2'845 Booleans in [0,1]
  - 387 in [0,225000]
  - 1 constants in {1} 
#kBoolOr: 1'370 (#literals: 1'370)
#kLinear1: 627
#kLinear2: 8'983
#kLinear3: 1'748
#kLinearN: 917 (#terms: 8'648)

Starting presolve at 0.00s
  2.62e-03s  0.00e+00d  [DetectDominanceRelations] 
  4.95e-02s  0.00e+00d  [PresolveToFixPoint] #num_loops=14 #num_dual_strengthening=3 
  8.69e-05s  0.00e+00d  [ExtractEncodingFromLinear] #potential_supersets=252 
[Symmetry] Graph for symmetry has 11'647 nodes and 26'061 arcs.
[Symmetry] Symmetry computation done. time: 0.00256172 dtime: 0.00351933
[Symmetry] #generators: 1, average support size: 2
[Symmetry] 1 orbits with sizes: 2
[SAT presolve] num removable Booleans: 0 / 1815
[SAT presolve] num trivial clauses: 0
[SAT presolve] [0s] clauses:3730 literals:7460 vars:1797 one_side_vars:1737 simple_definition:58 singleton_clauses:0
[SAT presolve] [0.000247769s] clauses:3730 literals:7460 vars:1797 one_side_vars:1737 simple_definition:58 singleton_clauses:0
[SAT presolve] [0.000386458s] clauses:3730 literals:7460 vars:1797 one_side_vars:1737 simple_definition:58 singleton_clauses:0
  3.58e-01s  9.09e-02d  [Probe] #probed=4'287 #fixed_bools=97 #new_bounds=132 
  7.40e-03s  0.00e+00d  [MaxClique] Merged 3962(10800 literals) into 1226(8791 literals) at_most_ones. 
  2.22e-03s  0.00e+00d  [DetectDominanceRelations] 
  1.37e-02s  0.00e+00d  [PresolveToFixPoint] #num_loops=5 #num_dual_strengthening=4 
  2.73e-03s  0.00e+00d  [ProcessAtMostOneAndLinear] #num_changes=5 
  1.66e-03s  0.00e+00d  [DetectDuplicateConstraints] #without_enforcements=2 
  4.39e-04s  2.72e-05d  [DetectDominatedLinearConstraints] #relevant_constraints=1'749 
  4.74e-04s  0.00e+00d  [DetectDifferentVariables] #different=11 
  9.49e-04s  3.03e-04d  [ProcessSetPPC] #relevant_constraints=1'342 #num_inclusions=853 
  8.79e-05s  0.00e+00d  [FindAlmostIdenticalLinearConstraints] 
  3.83e-03s  5.68e-03d  [FindBigAtMostOneAndLinearOverlap] 
  1.26e-03s  2.74e-03d  [FindBigVerticalLinearOverlap] 
  7.05e-04s  2.04e-03d  [FindBigHorizontalLinearOverlap] #linears=274 
  8.96e-05s  0.00e+00d  [MergeClauses] 
  2.09e-03s  0.00e+00d  [DetectDominanceRelations] 
  7.42e-03s  0.00e+00d  [PresolveToFixPoint] #num_loops=1 #num_dual_strengthening=1 
  2.18e-03s  0.00e+00d  [DetectDominanceRelations] 
  7.43e-03s  0.00e+00d  [PresolveToFixPoint] #num_loops=1 #num_dual_strengthening=1 
[Symmetry] Graph for symmetry has 9'099 nodes and 18'989 arcs.
[Symmetry] Symmetry computation done. time: 0.0013068 dtime: 0.00229781
[Symmetry] #generators: 1, average support size: 2
[Symmetry] 1 orbits with sizes: 2
[SAT presolve] num removable Booleans: 0 / 1718
[SAT presolve] num trivial clauses: 0
[SAT presolve] [0s] clauses:20 literals:40 vars:26 one_side_vars:17 simple_definition:9 singleton_clauses:0
[SAT presolve] [3.3973e-05s] clauses:20 literals:40 vars:26 one_side_vars:17 simple_definition:9 singleton_clauses:0
[SAT presolve] [8.011e-05s] clauses:20 literals:40 vars:26 one_side_vars:17 simple_definition:9 singleton_clauses:0
  1.94e-01s  4.94e-02d  [Probe] #probed=4'190 #new_bounds=59 
  2.89e-03s  0.00e+00d  [MaxClique] Merged 966(7207 literals) into 966(7213 literals) at_most_ones. 
  2.14e-03s  0.00e+00d  [DetectDominanceRelations] 
  1.18e-02s  0.00e+00d  [PresolveToFixPoint] #num_loops=4 #num_dual_strengthening=3 
  2.65e-03s  0.00e+00d  [ProcessAtMostOneAndLinear] 
  1.63e-03s  0.00e+00d  [DetectDuplicateConstraints] #duplicates=4 #without_enforcements=1 
  4.65e-04s  2.72e-05d  [DetectDominatedLinearConstraints] #relevant_constraints=1'749 
  4.83e-04s  0.00e+00d  [DetectDifferentVariables] #different=11 
  8.28e-04s  2.96e-04d  [ProcessSetPPC] #relevant_constraints=1'260 #num_inclusions=766 
  9.10e-05s  0.00e+00d  [FindAlmostIdenticalLinearConstraints] 
  3.74e-03s  5.67e-03d  [FindBigAtMostOneAndLinearOverlap] 
  1.32e-03s  2.74e-03d  [FindBigVerticalLinearOverlap] 
  6.73e-04s  2.04e-03d  [FindBigHorizontalLinearOverlap] #linears=274 
  8.51e-05s  0.00e+00d  [MergeClauses] 
  2.16e-03s  0.00e+00d  [DetectDominanceRelations] 
  7.44e-03s  0.00e+00d  [PresolveToFixPoint] #num_loops=1 #num_dual_strengthening=1 
  2.21e-03s  0.00e+00d  [DetectDominanceRelations] 
  7.49e-03s  0.00e+00d  [PresolveToFixPoint] #num_loops=1 #num_dual_strengthening=1 
[Symmetry] Graph for symmetry has 9'099 nodes and 18'993 arcs.
[Symmetry] Symmetry computation done. time: 0.00129558 dtime: 0.00229852
[Symmetry] #generators: 1, average support size: 2
[Symmetry] 1 orbits with sizes: 2
[SAT presolve] num removable Booleans: 0 / 1718
[SAT presolve] num trivial clauses: 0
[SAT presolve] [0s] clauses:20 literals:40 vars:26 one_side_vars:17 simple_definition:9 singleton_clauses:0
[SAT presolve] [3.311e-05s] clauses:20 literals:40 vars:26 one_side_vars:17 simple_definition:9 singleton_clauses:0
[SAT presolve] [6.7631e-05s] clauses:20 literals:40 vars:26 one_side_vars:17 simple_definition:9 singleton_clauses:0
  1.90e-01s  4.74e-02d  [Probe] #probed=4'190 #new_bounds=28 
  3.57e-03s  0.00e+00d  [MaxClique] Merged 966(7211 literals) into 966(7213 literals) at_most_ones. 
  2.24e-03s  0.00e+00d  [DetectDominanceRelations] 
  1.10e-02s  0.00e+00d  [PresolveToFixPoint] #num_loops=4 #num_dual_strengthening=3 
  2.67e-03s  0.00e+00d  [ProcessAtMostOneAndLinear] 
  1.58e-03s  0.00e+00d  [DetectDuplicateConstraints] #duplicates=4 #without_enforcements=1 
  4.51e-04s  2.72e-05d  [DetectDominatedLinearConstraints] #relevant_constraints=1'749 
  5.45e-04s  0.00e+00d  [DetectDifferentVariables] #different=11 
  8.35e-04s  2.96e-04d  [ProcessSetPPC] #relevant_constraints=1'260 #num_inclusions=766 
  9.28e-05s  0.00e+00d  [FindAlmostIdenticalLinearConstraints] 
  3.89e-03s  5.68e-03d  [FindBigAtMostOneAndLinearOverlap] 
  1.32e-03s  2.74e-03d  [FindBigVerticalLinearOverlap] 
  6.76e-04s  2.04e-03d  [FindBigHorizontalLinearOverlap] #linears=274 
  8.97e-05s  0.00e+00d  [MergeClauses] 
  2.18e-03s  0.00e+00d  [DetectDominanceRelations] 
  7.32e-03s  0.00e+00d  [PresolveToFixPoint] #num_loops=1 #num_dual_strengthening=1 
  1.71e-04s  0.00e+00d  [ExpandObjective] #entries=120 #tight_variables=60 #tight_constraints=20 

Presolve summary:
  - 74 affine relations were detected.
  - rule 'TODO dual: only one blocking constraint?' was applied 33'929 times.
  - rule 'TODO dual: only one unspecified blocking constraint?' was applied 18 times.
  - rule 'TODO dual: tighten at most one' was applied 1'150 times.
  - rule 'TODO duplicate: identical constraint with different enforcements' was applied 3 times.
  - rule 'TODO linear2: contains a Boolean.' was applied 15'904 times.
  - rule 'affine: new relation' was applied 74 times.
  - rule 'at_most_one: removed literals' was applied 405 times.
  - rule 'at_most_one: size one' was applied 178 times.
  - rule 'at_most_one: transformed into max clique.' was applied 1 time.
  - rule 'bool_and: x => x' was applied 4 times.
  - rule 'bool_or: always true' was applied 1'370 times.
  - rule 'bool_or: implications' was applied 7'947 times.
  - rule 'deductions: 357 stored' was applied 1 time.
  - rule 'dual: add implication' was applied 22 times.
  - rule 'dual: fix variable' was applied 405 times.
  - rule 'dual: fix variable with multiple choices' was applied 2 times.
  - rule 'dual: reduced domain' was applied 222 times.
  - rule 'duplicate: removed constraint' was applied 8 times.
  - rule 'duplicate: removed enforced constraint' was applied 1 time.
  - rule 'enforcement: false literal' was applied 4'133 times.
  - rule 'enforcement: literal not used' was applied 13 times.
  - rule 'linear + amo: fixed literal implied by enforcement' was applied 5 times.
  - rule 'linear1: always true' was applied 5 times.
  - rule 'linear2: contains a Boolean.' was applied 10 times.
  - rule 'linear: always true' was applied 1'551 times.
  - rule 'linear: divide by GCD' was applied 5'109 times.
  - rule 'linear: empty' was applied 150 times.
  - rule 'linear: extracted enforcement literal' was applied 604 times.
  - rule 'linear: fixed or dup variables' was applied 1'592 times.
  - rule 'linear: negative clause' was applied 2'299 times.
  - rule 'linear: positive at most one' was applied 232 times.
  - rule 'linear: positive clause' was applied 5'648 times.
  - rule 'linear: positive equal one' was applied 20 times.
  - rule 'linear: reduced variable domains' was applied 732 times.
  - rule 'linear: remapped using affine relations' was applied 2'455 times.
  - rule 'linear: simplified rhs' was applied 19'165 times.
  - rule 'linear: singleton column' was applied 14 times.
  - rule 'objective: variable not used elsewhere' was applied 1 time.
  - rule 'presolve: 1104 unused variables removed.' was applied 1 time.
  - rule 'presolve: iteration' was applied 3 times.
  - rule 'setppc: bool_or in at_most_one.' was applied 5 times.
  - rule 'setppc: removed dominated constraints' was applied 79 times.

Presolved optimization model '': (model_fingerprint: 0x5c3ea845f443922d)
#Variables: 2'041 (#bools: 25 #ints: 1 in objective)
  - 1'718 Booleans in [0,1]
  - 1 in [0,719]
  - 1 in [0,729]
  - 1 in [0,732]
  - 1 in [0,1453]
  - 1 in [0,1454]
  - 1 in [0,1463]
  - 1 in [0,1464]
  - 12 in [0,1469]
  - 2 in [0,1472]
  - 1 in [0,1475]
  - 1 in [0,1478]
  - 19 in [0,1479]
  - 1 in [0,1481]
  - 1 in [0,1485]
  - 1 in [0,1486]
  - 1 in [0,1491]
  - 7 in [0,1498]
  - 12 in [0,7345]
  - 1 in [0,7375]
  - 24 in [0,7395]
  - 1 in [0,7405]
  - 12 in [0,7490]
  - 112 in [0,225000]
  - 1 in [1,733]
  - 1 in [2,731]
  - 2 in [3,722]
  - 1 in [5,3740]
  - 1 in [8,727]
  - 1 in [14,3749]
  - 1 in [40,3732]
  - 1 in [49,3741]
  - 1 in [50,3742]
  - 1 in [57,3749]
  - 1 in [80,3748]
  - 1 in [82,3750]
  - 1 in [300,219900]
  - 1 in [300,220800]
  - 1 in [300,221700]
  - 1 in [300,222900]
  - 2 in [300,223920]
  - 1 in [300,224100]
  - 4 in [300,224400]
  - 2 in [300,224520]
  - 4 in [300,225000]
  - 1 in [600,219300]
  - 1 in [600,220500]
  - 1 in [600,220800]
  - 1 in [600,222300]
  - 2 in [600,223260]
  - 2 in [600,223721]
  - 2 in [600,224460]
  - 2 in [600,224760]
  - 2 in [600,224940]
  - 2 in [600,225000]
  - 1 in [840,224968]
  - 2 in [848,224976]
  - 1 in [872,225000]
  - 1 in [900,216600]
  - 1 in [900,223200]
  - 2 in [900,224400]
  - 2 in [1800,223920]
  - 3 in [2280,225000]
  - 2 in [2371,224580]
  - 1 in [2400,218100]
  - 1 in [2400,219300]
  - 1 in [2400,220800]
  - 1 in [2400,222300]
  - 1 in [2400,222933]
  - 2 in [2400,223920]
  - 2 in [2400,225000]
  - 4 in [2698,223733]
  - 2 in [2850,222933]
  - 3 in [2975,224520]
  - 3 in [3300,224340]
  - 2 in [3600,225000]
  - 2 in [3607,223740]
  - 2 in [3952,225000]
  - 2 in [4208,225000]
  - 3 in [4261,224400]
  - 3 in [4737,224820]
  - 4 in [4800,224880]
  - 4 in [4920,225000]
  - 2 in [5100,225000]
  - 2 in [6600,225000]
#kAtMostOne: 946 (#literals: 7'171)
#kBoolAnd: 24 (#enforced: 24) (#literals: 48)
#kExactlyOne: 20 (#literals: 60)
#kLinear1: 6 (#enforced: 6)
#kLinear2: 688 (#enforced: 509 #multi: 22)
#kLinear3: 1'013 (#enforced: 2)
#kLinearN: 557 (#terms: 4'126)

Preloading model.
#Bound   0.95s best:inf   next:[55760,1437835] initial_domain
[Symmetry] Graph for symmetry has 7'907 nodes and 18'993 arcs.
[Symmetry] Symmetry computation done. time: 0.00131265 dtime: 0.00223035
[Symmetry] #generators: 1, average support size: 2
#Model   0.95s var:2041/2041 constraints:3254/3254

Starting search at 0.95s with 32 workers.
16 full problem subsolvers: [core, default_lp, lb_tree_search, max_lp, no_lp, objective_lb_search, objective_lb_search_max_lp, objective_lb_search_no_lp, objective_shaving_search_max_lp, objective_shaving_search_no_lp, probing, probing_max_lp, pseudo_costs, quick_restart, quick_restart_no_lp, reduced_costs]
14 first solution subsolvers: [fj_long_default, fj_long_lin_default, fj_long_random, fj_short_default, fj_short_lin_default, fj_short_lin_random, fj_short_random, fs_random(2), fs_random_no_lp(2), fs_random_quick_restart(2), fs_random_quick_restart_no_lp]
11 incomplete subsolvers: [feasibility_pump, graph_arc_lns, graph_cst_lns, graph_dec_lns, graph_var_lns, rins/rens, rnd_cst_lns, rnd_var_lns, violation_ls(3)]
3 helper subsolvers: [neighborhood_helper, synchronization_agent, update_gap_integral]
#Bound   1.08s best:inf   next:[55765,1437835] objective_shaving_search_no_lp (vars=2041 csts=3269)
#1       1.31s best:1437835 next:[55765,1437830] fj_long_default(batch:2 #lin_moves:10'571 #lin_evals:18'895 #weight_updates:709)
#2       1.33s best:1437830 next:[55765,1437825] violation_ls(batch:1 #solutions_imported:1 #lin_moves:0 #lin_evals:3'653 #gen_moves:56 #gen_evals:0 #comp_moves:12 #backtracks:22 #weight_updates:1)
#Bound   1.33s best:1437830 next:[55770,1437825] objective_shaving_search_no_lp (vars=2042 csts=3269)
#3       1.34s best:1437825 next:[55770,1437820] violation_ls(batch:2 #solutions_imported:2 #lin_moves:5 #lin_evals:3'692 #gen_moves:56 #gen_evals:0 #comp_moves:12 #backtracks:22 #weight_updates:4)
#4       1.36s best:1437820 next:[55770,1437815] violation_ls(batch:1 #solutions_imported:1 #lin_moves:0 #lin_evals:627 #gen_moves:12 #gen_evals:0 #comp_moves:6 #backtracks:3 #weight_updates:0)
#5       1.37s best:1437815 next:[55770,1437810] violation_ls(batch:2 #solutions_imported:2 #lin_moves:10 #lin_evals:682 #gen_moves:12 #gen_evals:0 #comp_moves:6 #backtracks:3 #weight_updates:5)
#6       1.40s best:1437810 next:[55770,1437805] violation_ls(batch:1 #solutions_imported:1 #lin_moves:8 #lin_evals:49 #weight_updates:4)
#7       1.40s best:1437805 next:[55770,1437800] violation_ls(batch:2 #solutions_imported:2 #lin_moves:16 #lin_evals:100 #weight_updates:9)
#8       1.42s best:1437800 next:[55770,1437795] violation_ls(batch:3 #solutions_imported:3 #lin_moves:18 #lin_evals:734 #gen_moves:12 #gen_evals:0 #comp_moves:6 #backtracks:3 #weight_updates:10)
#9       1.42s best:1437795 next:[55770,1437790] violation_ls(batch:3 #solutions_imported:3 #lin_moves:26 #lin_evals:154 #weight_updates:14)
#10      1.42s best:1437790 next:[55770,1437785] violation_ls(batch:3 #solutions_imported:3 #lin_moves:13 #lin_evals:3'743 #gen_moves:56 #gen_evals:0 #comp_moves:12 #backtracks:22 #weight_updates:9)
#Bound   1.45s best:1437790 next:[55775,1437785] objective_shaving_search_no_lp (vars=2041 csts=3269)
#Bound   1.62s best:1437790 next:[55780,1437785] objective_shaving_search_no_lp (vars=2041 csts=3255)
#Bound   1.63s best:1437790 next:[55785,1437785] objective_shaving_search_max_lp (vars=2041 csts=3255)
#11      1.64s best:1437785 next:[55785,1437780] violation_ls(batch:4 #solutions_imported:4 #lin_moves:28 #lin_evals:789 #gen_moves:12 #gen_evals:0 #comp_moves:6 #backtracks:3 #weight_updates:15)
#12      1.64s best:1437780 next:[55785,1437775] violation_ls(batch:4 #solutions_imported:4 #lin_moves:26 #lin_evals:4'349 #gen_moves:64 #gen_evals:0 #comp_moves:8 #backtracks:28 #weight_updates:15)
#13      1.65s best:1437775 next:[55785,1437770] violation_ls(batch:4 #solutions_imported:4 #lin_moves:13 #lin_evals:8'155 #gen_moves:132 #gen_evals:0 #comp_moves:20 #backtracks:56 #weight_updates:10)
#14      1.87s best:1418615 next:[55785,1418610] graph_dec_lns (d=0.50 s=60 t=0.10 p=0.00 stall=0 h=auto_l0)
#Bound   1.93s best:1418615 next:[55790,1418610] objective_shaving_search_no_lp (vars=2041 csts=3255)
#Bound   1.94s best:1418615 next:[55795,1418610] objective_shaving_search_max_lp (vars=2041 csts=3255)
#15      1.94s best:1418610 next:[55795,1418605] violation_ls(batch:5 #solutions_imported:5 #lin_moves:37 #lin_evals:844 #gen_moves:12 #gen_evals:0 #comp_moves:6 #backtracks:3 #weight_updates:21)
#16      1.94s best:1418605 next:[55795,1418600] violation_ls(batch:5 #solutions_imported:5 #lin_moves:26 #lin_evals:8'391 #gen_moves:207 #gen_evals:0 #comp_moves:17 #backtracks:95 #weight_updates:17)
#17      1.94s best:1418600 next:[55795,1418595] violation_ls(batch:5 #solutions_imported:5 #lin_moves:22 #lin_evals:8'211 #gen_moves:132 #gen_evals:0 #comp_moves:20 #backtracks:56 #weight_updates:16)
#Bound   2.08s best:1418600 next:[62360,1418595] lb_tree_search
#Bound   2.32s best:1418600 next:[62365,1418595] objective_shaving_search_no_lp (vars=1821 csts=2147)
#18      2.32s best:1418595 next:[62365,1418590] violation_ls(batch:6 #solutions_imported:6 #lin_moves:48 #lin_evals:903 #gen_moves:12 #gen_evals:0 #comp_moves:6 #backtracks:3 #weight_updates:27)
#19      2.32s best:1418590 next:[62365,1418585] violation_ls(batch:6 #solutions_imported:6 #lin_moves:35 #lin_evals:8'277 #gen_moves:132 #gen_evals:0 #comp_moves:20 #backtracks:56 #weight_updates:24)
#20      2.51s best:369545 next:[62365,369540] rnd_var_lns (d=0.71 s=99 t=0.10 p=1.00 stall=1 h=auto_l0)
#Bound   3.00s best:369545 next:[62370,369540] objective_shaving_search_no_lp (vars=2041 csts=3255)
#Bound   3.01s best:369545 next:[62375,369540] objective_shaving_search_max_lp (vars=2041 csts=3255)
#21      3.01s best:369540 next:[62375,369535] violation_ls(batch:7 #solutions_imported:7 #lin_moves:63 #lin_evals:977 #gen_moves:12 #gen_evals:0 #comp_moves:6 #backtracks:3 #weight_updates:35)
#22      3.02s best:369535 next:[62375,369530] violation_ls(batch:7 #solutions_imported:7 #lin_moves:26 #lin_evals:12'422 #gen_moves:326 #gen_evals:0 #comp_moves:32 #backtracks:147 #weight_updates:19)
#23      3.02s best:369530 next:[62375,369525] violation_ls(batch:7 #solutions_imported:7 #lin_moves:35 #lin_evals:11'750 #gen_moves:225 #gen_evals:0 #comp_moves:27 #backtracks:99 #weight_updates:25)
#Model   4.03s var:2038/2041 constraints:3254/3254
#Model   4.33s var:2037/2041 constraints:3254/3254
#Model   4.44s var:2036/2041 constraints:3254/3254
#Model   4.51s var:2035/2041 constraints:3254/3254
#Model   4.72s var:2034/2041 constraints:3254/3254
#Model   5.24s var:2033/2041 constraints:3254/3254
#Model   6.44s var:2032/2041 constraints:3253/3254
#Model   6.64s var:2031/2041 constraints:3252/3254
#Model   7.21s var:2030/2041 constraints:3252/3254
#Model   7.51s var:2029/2041 constraints:3252/3254
#Model   7.81s var:2028/2041 constraints:3252/3254
#Bound   8.07s best:369530 next:[72575,369525] lb_tree_search
#Model   8.11s var:2027/2041 constraints:3252/3254
#Model   9.23s var:2026/2041 constraints:3252/3254
#Model  10.24s var:2025/2041 constraints:3251/3254
#Model  11.79s var:2024/2041 constraints:3250/3254
#24     14.17s best:367145 next:[72575,367140] rins_pump_lns (d=0.12 s=120 t=0.10 p=0.00 stall=0 h=auto_l0)
#Model  14.78s var:2023/2041 constraints:3250/3254
#Model  15.30s var:2022/2041 constraints:3250/3254
#Model  16.20s var:2021/2041 constraints:3250/3254
#Model  16.31s var:2020/2041 constraints:3250/3254
#Model  16.91s var:2019/2041 constraints:3248/3254
#Model  21.12s var:2018/2041 constraints:3246/3254
#Model  23.12s var:2017/2041 constraints:3246/3254
#Model  23.32s var:2016/2041 constraints:3246/3254
#Model  26.73s var:2015/2041 constraints:3246/3254
#Model  27.44s var:2014/2041 constraints:3246/3254
#Model  27.64s var:2013/2041 constraints:3246/3254
#Model  30.25s var:2012/2041 constraints:3246/3254
#Model  31.35s var:2011/2041 constraints:3246/3254
#25     31.36s best:361540 next:[72575,361535] quick_restart_no_lp (fixed_bools=269/2801)
#Model  31.45s var:2010/2041 constraints:3246/3254
#Model  32.46s var:2009/2041 constraints:3245/3254
#26     36.65s best:360325 next:[72575,360320] quick_restart_no_lp (fixed_bools=271/2846)
#Model  42.67s var:2008/2041 constraints:3245/3254
#Model  43.47s var:2007/2041 constraints:3245/3254
#Model  48.88s var:2006/2041 constraints:3245/3254
#Model  50.18s var:2005/2041 constraints:3245/3254
#Model 106.42s var:2004/2041 constraints:3244/3254
#Bound 175.20s best:360325 next:[74075,360320] reduced_costs
#Bound 208.74s best:360325 next:[74375,360320] probing
#27    339.76s best:347420 next:[74375,347415] quick_restart_no_lp (fixed_bools=667/3450)
#Bound 482.78s best:347420 next:[74675,347415] probing_max_lp
#Bound 577.47s best:347420 next:[74975,347415] objective_lb_search
#Bound 662.77s best:347420 next:[75575,347415] lb_tree_search
#Bound 781.11s best:347420 next:[75875,347415] probing_max_lp
#Model 886.03s var:2003/2041 constraints:3242/3254
#Bound 1825.76s best:347420 next:[76175,347415] probing_max_lp
#Bound 2085.79s best:347420 next:[76475,347415] lb_tree_search
#Bound 2163.75s best:347420 next:[76775,347415] objective_lb_search
#Model 2600.93s var:2002/2041 constraints:3242/3254
#28    3090.70s best:330155 next:[76775,330150] quick_restart_no_lp (fixed_bools=1553/6237)
#29    4572.10s best:319390 next:[76775,319385] quick_restart_no_lp (fixed_bools=1975/7939)
#Model 6272.74s var:2001/2041 constraints:3242/3254
#Bound 6536.53s best:319390 next:[77075,319385] objective_lb_search
#Bound 6698.48s best:319390 next:[77375,319385] quick_restart
#Bound 7576.70s best:319390 next:[77675,319385] pseudo_costs
#Model 7688.48s var:2000/2041 constraints:3241/3254
#Bound 7691.75s best:319390 next:[77975,319385] quick_restart
#Bound 7812.51s best:319390 next:[78275,319385] default_lp
#Bound 8681.71s best:319390 next:[79475,319385] probing_max_lp
#Model 9007.57s var:1999/2041 constraints:3241/3254
#Model 9117.24s var:1998/2041 constraints:3241/3254
#Bound 9152.49s best:319390 next:[79775,319385] lb_tree_search
#Bound 9251.18s best:319390 next:[80075,319385] probing
#Model 9307.36s var:1997/2041 constraints:3238/3254
#30    9632.64s best:312265 next:[80075,312260] quick_restart_no_lp (fixed_bools=2884/9024)
#Bound 10090.04s best:312265 next:[80375,312260] lb_tree_search
#Bound 10442.18s best:312265 next:[80380,312260] probing
#Bound 10448.23s best:312265 next:[80975,312260] probing_max_lp
#Model 10519.36s var:1996/2041 constraints:3237/3254
#Model 10560.09s var:1995/2041 constraints:3237/3254
#Model 10597.61s var:1994/2041 constraints:3237/3254
#Bound 10617.38s best:312265 next:[83375,312260] quick_restart
#31    11062.96s best:307420 next:[83375,307415] quick_restart_no_lp (fixed_bools=3365/9668)
#Bound 11829.27s best:307420 next:[83675,307415] objective_lb_search
#Bound 12192.08s best:307420 next:[84275,307415] probing
#Bound 12830.43s best:307420 next:[84575,307415] probing_max_lp
#Bound 12836.33s best:307420 next:[84875,307415] quick_restart
#Bound 13527.47s best:307420 next:[85475,307415] lb_tree_search
#Model 13583.04s var:1993/2041 constraints:3237/3254
#Bound 13586.35s best:307420 next:[85775,307415] max_lp
#Bound 13625.16s best:307420 next:[86075,307415] pseudo_costs
#Model 14103.19s var:1992/2041 constraints:3237/3254

Task timing                                  n [     min,      max]      avg      dev     time         n [     min,      max]      avg      dev    dtime
                             'core':         1 [   6.00h,    6.00h]    6.00h   0.00ns    6.00h         1 [   2.78h,    2.78h]    2.78h   0.00ns    2.78h
                       'default_lp':         1 [   6.00h,    6.00h]    6.00h   0.00ns    6.00h         1 [  35.05m,   35.05m]   35.05m   0.00ns   35.05m
                 'feasibility_pump':         7 [146.12ms,    3.40s]    1.78s 956.78ms   12.45s         6 [314.42ms, 818.23ms] 491.83ms 161.22ms    2.95s
                  'fj_long_default':         2 [ 17.67ms, 182.09ms]  99.88ms  82.21ms 199.76ms         2 [  4.36ms,  35.31ms]  19.84ms  15.47ms  39.67ms
              'fj_long_lin_default':         3 [ 63.47ms,  95.28ms]  74.74ms  14.55ms 224.23ms         3 [ 17.80ms,  21.26ms]  19.69ms   1.43ms  59.06ms
                   'fj_long_random':         2 [ 33.56ms, 190.42ms] 111.99ms  78.43ms 223.98ms         2 [  9.89ms,  34.47ms]  22.18ms  12.29ms  44.35ms
                 'fj_short_default':         4 [ 65.84ms, 118.80ms]  83.66ms  20.68ms 334.63ms         4 [ 20.66ms,  24.60ms]  22.38ms   1.45ms  89.50ms
             'fj_short_lin_default':         2 [ 75.88ms, 125.92ms] 100.90ms  25.02ms 201.80ms         2 [ 20.28ms,  24.32ms]  22.30ms   2.02ms  44.61ms
              'fj_short_lin_random':         2 [ 79.45ms, 121.38ms] 100.42ms  20.97ms 200.84ms         2 [ 19.25ms,  24.28ms]  21.77ms   2.51ms  43.53ms
                  'fj_short_random':         1 [295.92ms, 295.92ms] 295.92ms   0.00ns 295.92ms         1 [ 70.35ms,  70.35ms]  70.35ms   0.00ns  70.35ms
                        'fs_random':         1 [451.27ms, 451.27ms] 451.27ms   0.00ns 451.27ms         1 [ 20.00ns,  20.00ns]  20.00ns   0.00ns  20.00ns
                        'fs_random':         1 [451.51ms, 451.51ms] 451.51ms   0.00ns 451.51ms         1 [ 20.00ns,  20.00ns]  20.00ns   0.00ns  20.00ns
                  'fs_random_no_lp':         1 [363.76ms, 363.76ms] 363.76ms   0.00ns 363.76ms         0 [  0.00ns,   0.00ns]   0.00ns   0.00ns   0.00ns
                  'fs_random_no_lp':         1 [369.90ms, 369.90ms] 369.90ms   0.00ns 369.90ms         0 [  0.00ns,   0.00ns]   0.00ns   0.00ns   0.00ns
          'fs_random_quick_restart':         1 [457.40ms, 457.40ms] 457.40ms   0.00ns 457.40ms         1 [ 20.00ns,  20.00ns]  20.00ns   0.00ns  20.00ns
          'fs_random_quick_restart':         1 [460.36ms, 460.36ms] 460.36ms   0.00ns 460.36ms         1 [ 20.00ns,  20.00ns]  20.00ns   0.00ns  20.00ns
    'fs_random_quick_restart_no_lp':         1 [368.88ms, 368.88ms] 368.88ms   0.00ns 368.88ms         0 [  0.00ns,   0.00ns]   0.00ns   0.00ns   0.00ns
                    'graph_arc_lns':         6 [236.61ms,    6.00h]    2.00h    2.83h   12.00h         5 [ 20.00ns, 100.19ms]  80.08ms  40.04ms 400.38ms
                    'graph_cst_lns':         6 [225.07ms,    6.00h]    1.00h    2.24h    6.00h         6 [ 10.00ns, 100.16ms]  83.41ms  37.30ms 500.45ms
                    'graph_dec_lns':         6 [378.69ms,    6.00h]    2.00h    2.83h   12.00h         5 [ 78.00ns, 100.14ms]  80.04ms  40.02ms 400.20ms
                    'graph_var_lns':         6 [212.94ms,    6.00h]    3.00h    3.00h   18.00h         4 [ 30.00ns, 100.17ms]  75.06ms  43.34ms 300.25ms
                   'lb_tree_search':         1 [   6.00h,    6.00h]    6.00h   0.00ns    6.00h         1 [  20.64m,   20.64m]   20.64m   0.00ns   20.64m
                           'max_lp':         1 [   6.00h,    6.00h]    6.00h   0.00ns    6.00h         1 [  16.96m,   16.96m]   16.96m   0.00ns   16.96m
                            'no_lp':         1 [   6.00h,    6.00h]    6.00h   0.00ns    6.00h         1 [   2.65h,    2.65h]    2.65h   0.00ns    2.65h
              'objective_lb_search':         1 [   6.00h,    6.00h]    6.00h   0.00ns    6.00h         1 [  33.44m,   33.44m]   33.44m   0.00ns   33.44m
       'objective_lb_search_max_lp':         1 [   6.00h,    6.00h]    6.00h   0.00ns    6.00h         1 [  20.81m,   20.81m]   20.81m   0.00ns   20.81m
        'objective_lb_search_no_lp':         1 [   6.00h,    6.00h]    6.00h   0.00ns    6.00h         1 [   3.46h,    3.46h]    3.46h   0.00ns    3.46h
  'objective_shaving_search_max_lp':         7 [  8.05ms, 298.56ms]  97.09ms  97.25ms 679.66ms         1 [ 27.73ms,  27.73ms]  27.73ms   0.00ns  27.73ms
   'objective_shaving_search_no_lp':         7 [  8.21ms, 220.77ms]  79.22ms  77.91ms 554.55ms         1 [ 30.25ms,  30.25ms]  30.25ms   0.00ns  30.25ms
                          'probing':         1 [   6.00h,    6.00h]    6.00h   0.00ns    6.00h         1 [  34.96m,   34.96m]   34.96m   0.00ns   34.96m
                   'probing_max_lp':         1 [   6.00h,    6.00h]    6.00h   0.00ns    6.00h         1 [  20.20m,   20.20m]   20.20m   0.00ns   20.20m
                     'pseudo_costs':         1 [   6.00h,    6.00h]    6.00h   0.00ns    6.00h         1 [  19.90m,   19.90m]   19.90m   0.00ns   19.90m
                    'quick_restart':         1 [   6.00h,    6.00h]    6.00h   0.00ns    6.00h         1 [  35.30m,   35.30m]   35.30m   0.00ns   35.30m
              'quick_restart_no_lp':         1 [   6.00h,    6.00h]    6.00h   0.00ns    6.00h         1 [   2.12h,    2.12h]    2.12h   0.00ns    2.12h
                    'reduced_costs':         1 [   6.00h,    6.00h]    6.00h   0.00ns    6.00h         1 [  20.16m,   20.16m]   20.16m   0.00ns   20.16m
                        'rins/rens':         7 [596.15us, 784.03ms] 253.47ms 266.71ms    1.77s         4 [100.00ms, 100.45ms] 100.28ms 168.97us 401.11ms
                      'rnd_cst_lns':         7 [284.99ms,    6.00h]    4.28h    2.71h   29.99h         3 [206.00ns, 100.08ms]  66.69ms  47.16ms 200.08ms
                      'rnd_var_lns':         7 [147.25ms,    6.00h]    4.29h    2.71h   30.00h         3 [ 50.00ns, 100.04ms]  66.69ms  47.16ms 200.08ms
                     'violation_ls':         7 [392.02us,  18.42ms]   4.80ms   6.04ms  33.62ms         7 [ 13.13us,   1.03ms] 413.75us 465.02us   2.90ms
                     'violation_ls':         7 [416.18us,  44.35ms]   8.14ms  14.84ms  56.96ms         7 [ 17.58us, 121.91us]  33.94us  35.97us 237.59us
                     'violation_ls':         7 [429.17us,  91.38ms]  15.33ms  31.08ms 107.32ms         7 [ 17.19us,   1.35ms] 526.71us 496.11us   3.69ms

Search stats                         Bools  Conflicts     Branches    Restarts      BoolPropag   IntegerPropag
                           'core':  38'696  2'481'334  320'735'949  51'257'821  17'913'215'626  12'827'410'532
                     'default_lp':   2'370         32       78'026      45'485       4'774'395      10'573'929
                      'fs_random':   1'724          0        1'262       1'262          40'266         125'583
                      'fs_random':   1'724          0        1'398       1'398          42'360         132'675
                'fs_random_no_lp':   1'724          0        1'796       1'796          53'203         174'262
                'fs_random_no_lp':   1'724          0        1'918       1'918          55'966         185'952
        'fs_random_quick_restart':   1'724          0        1'538       1'538          45'735         145'626
        'fs_random_quick_restart':   1'724          0        1'538       1'538          45'735         145'626
  'fs_random_quick_restart_no_lp':   1'724          0        2'214       2'214          62'045         217'429
                 'lb_tree_search':   2'370          5       43'926      28'543       2'835'791       6'147'571
                         'max_lp':   2'370         27       36'923      24'738       2'394'755       5'285'279
                          'no_lp':  34'649  1'718'162  322'572'805  54'622'095  24'191'906'392  13'277'373'162
            'objective_lb_search':   2'370         33       76'907      44'951       4'700'777      10'369'701
     'objective_lb_search_max_lp':   2'370         35       50'731      31'750       3'213'347       7'076'834
      'objective_lb_search_no_lp':  50'654  4'713'229  403'824'924  59'107'073  24'183'735'532  14'943'316'920
                        'probing':   2'370         33       77'421      45'452       4'785'277      10'496'716
                 'probing_max_lp':   2'370         27       44'432      28'787       2'892'637       6'319'604
                   'pseudo_costs':   2'370         34       40'999      26'797       2'628'250       5'785'755
                  'quick_restart':   2'370         30       72'914      42'884       4'473'034       9'880'343
            'quick_restart_no_lp':  11'368    444'153  370'210'449  64'302'109  14'067'679'963  15'939'723'433
                  'reduced_costs':   2'370         50       45'871      29'267       2'928'067       6'446'592

SAT stats                           ClassicMinim  LitRemoved     LitLearned   LitForgotten  Subsumed  MClauses  MDecisions  MLitTrue  MSubsumed  MLitRemoved  MReused
                           'core':     2'330'979  24'133'094    665'949'322    643'918'038    60'104   151'781   6'506'595         0      2'018       63'237   51'119
                     'default_lp':             0           0             32              0         0         0           0         0          0            0        0
                      'fs_random':             0           0              0              0         0         0           0         0          0            0        0
                      'fs_random':             0           0              0              0         0         0           0         0          0            0        0
                'fs_random_no_lp':             0           0              0              0         0         0           0         0          0            0        0
                'fs_random_no_lp':             0           0              0              0         0         0           0         0          0            0        0
        'fs_random_quick_restart':             0           0              0              0         0         0           0         0          0            0        0
        'fs_random_quick_restart':             0           0              0              0         0         0           0         0          0            0        0
  'fs_random_quick_restart_no_lp':             0           0              0              0         0         0           0         0          0            0        0
                 'lb_tree_search':             0           0              5              0         0         0           0         0          0            0        0
                         'max_lp':             0           0             27              0         0         0           0         0          0            0        0
                          'no_lp':     1'615'837  18'143'896    427'762'342    410'908'179    40'847    53'674  12'004'633         1      1'839      112'250   74'906
            'objective_lb_search':             0           0             33              0         0         0           0         0          0            0        0
     'objective_lb_search_max_lp':             0           0             35              0         0         0           0         0          0            0        0
      'objective_lb_search_no_lp':     4'480'520  47'357'285  1'255'983'156  1'220'701'144    96'452   169'221   9'269'387         0      2'984       98'148   80'101
                        'probing':             0           0             33              0         0         0           0         0          0            0        0
                 'probing_max_lp':             0           0             27              0         0         0           0         0          0            0        0
                   'pseudo_costs':             0           0             34              0         0         0           0         0          0            0        0
                  'quick_restart':             0           0             30              0         0         0           0         0          0            0        0
            'quick_restart_no_lp':       344'874   3'652'447    138'243'792    118'552'843    37'378    83'870  15'447'887         1        802       45'876   83'243
                  'reduced_costs':             0           0             50              0         0         0           0         0          0            0        0

Lp stats                         Component  Iterations  AddedCuts  OPTIMAL  DUAL_F.  DUAL_U.
                  'default_lp':          1   9'052'082  3'138'408  250'167        1        1
                   'fs_random':          1           0          0        0        0        0
                   'fs_random':          1           0          0        0        0        0
     'fs_random_quick_restart':          1           0          0        0        0        0
     'fs_random_quick_restart':          1           0          0        0        0        0
              'lb_tree_search':          1   2'895'043  1'111'933   98'257   25'415        0
                      'max_lp':          1   2'493'208    879'330   83'961   20'823        0
         'objective_lb_search':          1   8'532'383  2'751'628  246'106        1        1
  'objective_lb_search_max_lp':          1   3'245'917  1'086'728  108'974   29'387        1
                     'probing':          1   8'963'983  3'224'396  248'651        0        1
              'probing_max_lp':          1   2'830'875  1'026'153   98'028   25'528        0
                'pseudo_costs':          1   2'690'573  1'044'990   92'678   23'353        0
               'quick_restart':          1   8'632'486  3'085'120  235'006        1        2
               'reduced_costs':          1   3'064'162  1'043'016  100'420   26'519        0

Lp dimension                                                                        Final dimension of first component
                  'default_lp':  2960 rows, 2041 columns, 31391 entries with magnitude in [3.772936e-06, 1.000000e+00]
                   'fs_random':         0 rows, 2041 columns, 0 entries with magnitude in [0.000000e+00, 0.000000e+00]
                   'fs_random':         0 rows, 2041 columns, 0 entries with magnitude in [0.000000e+00, 0.000000e+00]
     'fs_random_quick_restart':         0 rows, 2041 columns, 0 entries with magnitude in [0.000000e+00, 0.000000e+00]
     'fs_random_quick_restart':         0 rows, 2041 columns, 0 entries with magnitude in [0.000000e+00, 0.000000e+00]
              'lb_tree_search':  2916 rows, 2041 columns, 23144 entries with magnitude in [1.756123e-04, 1.000000e+00]
                      'max_lp':  3156 rows, 2041 columns, 32485 entries with magnitude in [6.487406e-05, 1.000000e+00]
         'objective_lb_search':  3373 rows, 2041 columns, 27821 entries with magnitude in [3.749486e-06, 1.000000e+00]
  'objective_lb_search_max_lp':  2766 rows, 2041 columns, 41502 entries with magnitude in [3.657068e-05, 1.000000e+00]
                     'probing':  3253 rows, 2041 columns, 22541 entries with magnitude in [2.300847e-05, 1.000000e+00]
              'probing_max_lp':  2393 rows, 2041 columns, 23523 entries with magnitude in [2.488270e-05, 1.000000e+00]
                'pseudo_costs':  3769 rows, 2041 columns, 30722 entries with magnitude in [5.908806e-05, 1.000000e+00]
               'quick_restart':  3565 rows, 2041 columns, 31460 entries with magnitude in [4.320836e-06, 1.000000e+00]
               'reduced_costs':  2698 rows, 2041 columns, 39970 entries with magnitude in [3.524258e-05, 1.000000e+00]

Lp debug                         CutPropag  CutEqPropag  Adjust  Overflow          Bad  BadScaling
                  'default_lp':          0        4'961   4'546         0  172'253'966           0
                   'fs_random':          0            0       0         0            0           0
                   'fs_random':          0            0       0         0            0           0
     'fs_random_quick_restart':          0            0       0         0            0           0
     'fs_random_quick_restart':          0            0       0         0            0           0
              'lb_tree_search':          0        3'088   3'113         0  157'940'424           0
                      'max_lp':          0          960   2'869         0  134'329'140           0
         'objective_lb_search':          0        5'580      89         0  168'536'064           0
  'objective_lb_search_max_lp':         31        2'161     366         0  168'767'777           0
                     'probing':          0        6'426   4'169         0  176'664'406           0
              'probing_max_lp':          0        2'820     788         0  160'313'613           0
                'pseudo_costs':         19        2'146     286         0  146'649'323           0
               'quick_restart':          0        5'443   2'826         0  166'995'410           0
               'reduced_costs':         40        2'484     591         0  158'386'639           0

Lp pool                          Constraints  Updates  Simplif  Merged  Shortened   Split  Strenghtened            Cuts/Call
                  'default_lp':       12'034   49'930   50'648      87      1'268  25'678       159'265  3'138'408/7'743'121
                   'fs_random':        2'713        0        0       0          0       0             0                  0/0
                   'fs_random':        2'713        0        0       0          0       0             0                  0/0
     'fs_random_quick_restart':        2'713        0        0       0          0       0             0                  0/0
     'fs_random_quick_restart':        2'713        0        0       0          0       0             0                  0/0
              'lb_tree_search':       13'161   62'477   30'855      22      2'561  42'666       178'556  1'111'933/2'467'382
                      'max_lp':       12'549   48'591   28'347      31      2'653  39'830       153'881    879'330/1'880'186
         'objective_lb_search':       12'244   50'384   34'842      97      1'051  26'849       145'898  2'751'628/6'769'929
  'objective_lb_search_max_lp':       12'901   63'624   43'762      77      2'051  62'370       198'334  1'086'728/2'269'390
                     'probing':       12'037   54'902   48'331      72      1'514  23'284       167'793  3'224'396/8'132'564
              'probing_max_lp':       12'376   59'302   31'055      27      3'560  53'016       173'462  1'026'153/2'444'123
                'pseudo_costs':       13'221   67'260   34'733      19      2'930  58'512       171'009  1'044'990/2'439'656
               'quick_restart':       11'739   56'665   48'362      94      1'180  24'879       161'025  3'085'120/7'561'938
               'reduced_costs':       12'166   60'014  103'821     100      1'718  61'237       204'168  1'043'016/2'378'517

Lp Cut             defaul   max_lp   quick_   reduce   pseudo   lb_tre   probin   object   probin   object
          CG_FF:  115'735   20'188  111'857   24'521   23'534   24'490  118'060   98'365   23'774   24'752
           CG_K:    4'257    2'901    4'844    2'546    2'561    2'794    3'636    3'216    2'583    2'901
          CG_KL:        -        -        -        1        3        1        -        -        -        4
           CG_R:  119'882   23'012  119'280   29'594   29'515   33'640  114'235  111'742   31'881   35'275
          CG_RB:  499'046   81'680  491'891   90'366   95'644  102'845  483'059  449'618   93'690   94'999
         CG_RBP:    1'239    1'873    1'692    1'380    1'366    1'931    1'132    1'013    1'749    1'777
         Clique:        -   23'601        -   28'663   25'704   28'572        -        -   27'153   30'974
             IB:  571'629  107'638  564'256  133'441  127'648  136'895  612'749  535'654  131'717  139'023
       MIR_1_FF:  684'019  162'800  689'437  166'531  164'838  200'260  775'908  524'696  184'715  166'106
        MIR_1_K:   23'863    6'018   24'073    6'385    6'337    7'346   18'159   12'606    7'318    6'103
       MIR_1_KL:        -        -        -        -        -        1        -        -        -        -
        MIR_1_R:   14'948    5'537   17'366    9'386    8'570    7'663   18'201   14'392    6'335    7'107
       MIR_1_RB:  486'451  165'698  460'059  204'816  212'154  214'369  458'593  434'511  186'914  216'662
      MIR_1_RBP:    1'419      685    1'605      680      608      623    1'585    1'189      633      639
      MIR_1_RLT:        -      425        -      543      483      500        -        -      478      533
       MIR_2_FF:   49'940   18'193   51'129   21'106   20'426   22'405   57'972   38'411   22'444   19'616
        MIR_2_K:    1'521    1'279    1'724    1'621    1'503    1'549    1'703    1'379    1'503    1'428
        MIR_2_R:    7'429    3'875    8'006    7'643    5'091    5'882    8'643    8'216    4'926    5'287
       MIR_2_RB:   80'618   62'657   85'274   68'926   85'713   81'902   86'287   75'180   78'106   80'495
      MIR_2_RBP:      555      441      641      407      254      335      679      537      242      434
       MIR_3_FF:   11'364    6'194    9'311    7'913    7'130    7'496   16'118   10'038    7'511    7'771
        MIR_3_K:    1'264    1'383    1'258    1'664    1'466    1'581    1'276    1'251    1'587    1'785
        MIR_3_R:   14'461    3'881   14'108    5'590    4'595    4'598   16'221   15'631    4'345    5'548
       MIR_3_RB:   68'362   32'475   65'611   40'285   38'537   40'183   67'517   65'214   35'089   43'119
      MIR_3_RBP:      642      443      624      487      443      419      617      598      523      617
       MIR_4_FF:    2'913    5'015    3'103    6'410    5'896    6'165    3'712    2'790    5'972    5'961
        MIR_4_K:      563    1'146      431    1'380    1'189    1'320      530      481    1'285    1'363
        MIR_4_R:    3'369    1'748    3'142    2'251    1'996    2'061    3'666    3'707    1'832    2'344
       MIR_4_RB:   40'957   27'197   39'589   33'282   30'222   33'102   40'307   38'258   30'980   35'386
      MIR_4_RBP:      268      402      303      419      394      389      290      285      428      462
       MIR_5_FF:    2'438    4'213    2'356    5'199    4'945    4'901    2'938    2'557    5'052    5'088
        MIR_5_K:      258    1'183      288    1'331    1'343    1'383      314      228    1'455    1'351
        MIR_5_R:    1'538    1'247    1'460    1'597    1'501    1'533    1'606    1'647    1'423    1'672
       MIR_5_RB:   29'578   21'531   28'090   27'506   24'978   26'351   28'646   26'845   23'782   28'580
      MIR_5_RBP:      131      390      161      433      462      367      208      159      492      436
       MIR_6_FF:    1'168    3'110    1'223    3'662    3'838    3'811    1'454    1'238    3'692    3'739
        MIR_6_K:      111    1'036      189    1'069    1'148    1'124      181      117    1'094    1'034
       MIR_6_KL:        -        -        -        -        -        1        -        -        -        1
        MIR_6_R:      800    1'373      782    1'642    1'482    1'460      896      846    1'482    1'665
       MIR_6_RB:   19'824   15'501   19'256   19'065   18'412   18'750   19'429   18'261   17'027   19'983
      MIR_6_RBP:       64      335      118      329      403      328      117       89      354      339
   ZERO_HALF_FF:   39'926    7'987   35'945    9'967    9'319   10'559   34'620   32'234    9'718   10'169
    ZERO_HALF_K:    7'095    1'125    5'962    1'122    1'117    1'311    5'292    3'489    1'347    1'159
   ZERO_HALF_KL:        -        -        -        -        1        -        -        -        -        1
    ZERO_HALF_R:  144'471   34'850  140'606   47'998   45'424   43'665  140'716  139'501   40'870   49'595
   ZERO_HALF_RB:   84'134   16'899   77'807   23'636   26'552   24'842   76'870   75'239   22'463   23'181
  ZERO_HALF_RBP:      158      165      263      223      245      230      254      200      189      264

LNS stats           Improv/Calls  Closed  Difficulty  TimeLimit
  'graph_arc_lns':           3/6      0%        0.04       0.10
  'graph_cst_lns':           2/6     33%        0.27       0.10
  'graph_dec_lns':           4/6     17%        0.09       0.10
  'graph_var_lns':           4/6     17%        0.11       0.10
      'rins/rens':           4/4     25%        0.18       0.10
    'rnd_cst_lns':           5/7     14%        0.08       0.10
    'rnd_var_lns':           6/7     14%        0.09       0.10

LS stats                   Batches  Restarts  LinMoves  GenMoves  CompoundMoves  WeightUpdates
       'fj_long_default':        2         1    10'571         0              0            709
   'fj_long_lin_default':        3         1         0    11'656            679             41
        'fj_long_random':        2         1    12'089         0              0            990
      'fj_short_default':        4         1         0    17'225          1'109             39
  'fj_short_lin_default':        2         1         0     8'623            738             13
   'fj_short_lin_random':        2         1         0     8'740            812             10
       'fj_short_random':        1         1         0    24'574            517              1
          'violation_ls':        7         0        26       326             32             19
          'violation_ls':        7         0        35       225             27             25
          'violation_ls':        7         0        63        12              6             35

Solutions (31)            Num     Rank
      'fj_long_default':    1    [1,1]
        'graph_dec_lns':    1  [14,14]
  'quick_restart_no_lp':    7  [25,31]
        'rins_pump_lns':    1  [24,24]
          'rnd_var_lns':    1  [20,20]
         'violation_ls':   20   [2,23]

Objective bounds                      Num
                       'default_lp':    1
                   'initial_domain':    1
                   'lb_tree_search':    7
                           'max_lp':    1
              'objective_lb_search':    4
  'objective_shaving_search_max_lp':    3
   'objective_shaving_search_no_lp':    7
                          'probing':    4
                   'probing_max_lp':    6
                     'pseudo_costs':    2
                    'quick_restart':    4
                    'reduced_costs':    1

Solution repositories    Added  Queried  Ignored  Synchro
  'feasible solutions':     65      115        0       65
        'lp solutions':      0        0        0        0
                'pump':     58        7

Improving bounds shared            Num
                        'core':  1'099
                  'default_lp':     49
                      'max_lp':     21
                       'no_lp':  1'931
         'objective_lb_search':      9
  'objective_lb_search_max_lp':     34
   'objective_lb_search_no_lp':  1'872
                     'probing':      6
              'probing_max_lp':     52
                'pseudo_costs':     86
               'quick_restart':     43
         'quick_restart_no_lp':  2'805
               'reduced_costs':     99

Clauses shared                    Num
                       'core':  1'287
                      'no_lp':  1'202
  'objective_lb_search_no_lp':  1'366
        'quick_restart_no_lp':  1'292

CpSolverResponse summary:
status: FEASIBLE
objective: 307420
best_bound: 86075
integers: 2042
booleans: 1724
conflicts: 0
branches: 1918
propagations: 55966
integer_propagations: 185952
restarts: 1918
lp_iterations: 0
walltime: 21600.5
usertime: 21600.5
deterministic_time: 55114.2
gap_integral: 678318
solution_fingerprint: 0xb9f10441ef64d4e2

CPU USED: 32
Loading /home/aneumann/projects/def-adhaj/aneumann/gns/data/instances/test/l/instance_188.pkl...
===* START SOLVING *===
   index   value       gap    status  computing_time  max_time  cpu  max_memory
0    188  3074.2  0.720008  feasible    21601.183681         6   32         118
===* END OF FILE *===
