created virtual environment CPython3.12.4.final.0-64 in 1345ms
  creator CPython3Posix(dest=/localscratch/aneumann.37167996.0/env, clear=False, no_vcs_ignore=False, global=False)
  seeder FromAppData(download=False, pip=bundle, via=copy, app_data_dir=/home/aneumann/.local/share/virtualenv)
    added seed packages: pip==24.2+computecanada
  activators BashActivator,CShellActivator,FishActivator,NushellActivator,PowerShellActivator,PythonActivator
Looking in links: /cvmfs/soft.computecanada.ca/custom/python/wheelhouse/gentoo2023/x86-64-v3, /cvmfs/soft.computecanada.ca/custom/python/wheelhouse/gentoo2023/generic, /cvmfs/soft.computecanada.ca/custom/python/wheelhouse/generic
Requirement already satisfied: pip in /localscratch/aneumann.37167996.0/env/lib/python3.12/site-packages (24.2+computecanada)
Looking in links: /cvmfs/soft.computecanada.ca/custom/python/wheelhouse/gentoo2023/x86-64-v3, /cvmfs/soft.computecanada.ca/custom/python/wheelhouse/gentoo2023/generic, /cvmfs/soft.computecanada.ca/custom/python/wheelhouse/generic
ERROR: protobuf-5.28.3-cp38-abi3-manylinux2014_x86_64.whl is not a supported wheel on this platform.
Looking in links: /cvmfs/soft.computecanada.ca/custom/python/wheelhouse/gentoo2023/x86-64-v3, /cvmfs/soft.computecanada.ca/custom/python/wheelhouse/gentoo2023/generic, /cvmfs/soft.computecanada.ca/custom/python/wheelhouse/generic
Processing /home/aneumann/projects/def-adhaj/aneumann/gns/wheels/immutabledict-4.2.0-py3-none-any.whl
Installing collected packages: immutabledict
Successfully installed immutabledict-4.2.0
Looking in links: /cvmfs/soft.computecanada.ca/custom/python/wheelhouse/gentoo2023/x86-64-v3, /cvmfs/soft.computecanada.ca/custom/python/wheelhouse/gentoo2023/generic, /cvmfs/soft.computecanada.ca/custom/python/wheelhouse/generic
Processing /cvmfs/soft.computecanada.ca/custom/python/wheelhouse/generic/ortools-9.10.4067+computecanada-cp312-cp312-linux_x86_64.whl (from -r /home/aneumann/projects/def-adhaj/aneumann/gns/requirements_or.txt (line 1))
Processing /cvmfs/soft.computecanada.ca/custom/python/wheelhouse/gentoo2023/x86-64-v3/pandas-2.2.2+computecanada-cp312-cp312-linux_x86_64.whl (from -r /home/aneumann/projects/def-adhaj/aneumann/gns/requirements_or.txt (line 2))
Processing /cvmfs/soft.computecanada.ca/custom/python/wheelhouse/generic/absl_py-2.1.0+computecanada-py3-none-any.whl (from ortools->-r /home/aneumann/projects/def-adhaj/aneumann/gns/requirements_or.txt (line 1))
Processing /cvmfs/soft.computecanada.ca/custom/python/wheelhouse/gentoo2023/generic/numpy-2.1.1+computecanada-cp312-cp312-linux_x86_64.whl (from ortools->-r /home/aneumann/projects/def-adhaj/aneumann/gns/requirements_or.txt (line 1))
Processing /cvmfs/soft.computecanada.ca/custom/python/wheelhouse/gentoo2023/x86-64-v3/protobuf-5.28.0+computecanada-cp312-cp312-linux_x86_64.whl (from ortools->-r /home/aneumann/projects/def-adhaj/aneumann/gns/requirements_or.txt (line 1))
Requirement already satisfied: immutabledict>=3.0.0 in /localscratch/aneumann.37167996.0/env/lib/python3.12/site-packages (from ortools->-r /home/aneumann/projects/def-adhaj/aneumann/gns/requirements_or.txt (line 1)) (4.2.0)
Processing /cvmfs/soft.computecanada.ca/custom/python/wheelhouse/generic/python_dateutil-2.9.0.post0+computecanada-py2.py3-none-any.whl (from pandas->-r /home/aneumann/projects/def-adhaj/aneumann/gns/requirements_or.txt (line 2))
Processing /cvmfs/soft.computecanada.ca/custom/python/wheelhouse/generic/pytz-2024.2+computecanada-py2.py3-none-any.whl (from pandas->-r /home/aneumann/projects/def-adhaj/aneumann/gns/requirements_or.txt (line 2))
Processing /cvmfs/soft.computecanada.ca/custom/python/wheelhouse/generic/tzdata-2024.2+computecanada-py2.py3-none-any.whl (from pandas->-r /home/aneumann/projects/def-adhaj/aneumann/gns/requirements_or.txt (line 2))
Processing /cvmfs/soft.computecanada.ca/custom/python/wheelhouse/generic/six-1.16.0+computecanada-py2.py3-none-any.whl (from python-dateutil>=2.8.2->pandas->-r /home/aneumann/projects/def-adhaj/aneumann/gns/requirements_or.txt (line 2))
Installing collected packages: pytz, tzdata, six, protobuf, numpy, absl-py, python-dateutil, pandas, ortools
Successfully installed absl-py-2.1.0+computecanada numpy-2.1.1+computecanada ortools-9.10.4067+computecanada pandas-2.2.2+computecanada protobuf-5.28.0+computecanada python-dateutil-2.9.0.post0+computecanada pytz-2024.2+computecanada six-1.16.0+computecanada tzdata-2024.2+computecanada

Starting CP-SAT solver v9.10.4067
Parameters: max_time_in_seconds: 28800 max_memory_in_mb: 118 log_search_progress: true optimize_with_core: true cp_model_presolve: true enumerate_all_solutions: false num_search_workers: 32 use_implied_bounds: true absolute_gap_limit: 5 relative_gap_limit: 0.01 use_probing_search: true

Initial optimization model '': (model_fingerprint: 0x8d5154e934f7c91e)
#Variables: 3'544 (#bools: 33 #ints: 1 in objective)
  - 3'092 Booleans in [0,1]
  - 451 in [0,300000]
  - 1 constants in {1} 
#kBoolOr: 2'112 (#literals: 2'112)
#kLinear1: 614
#kLinear2: 10'465
#kLinear3: 2'096
#kLinearN: 685 (#terms: 7'551)

Starting presolve at 0.00s
  2.70e-03s  0.00e+00d  [DetectDominanceRelations] 
  8.46e-02s  0.00e+00d  [PresolveToFixPoint] #num_loops=19 #num_dual_strengthening=4 
  8.00e-05s  0.00e+00d  [ExtractEncodingFromLinear] #potential_supersets=259 
[Symmetry] Graph for symmetry has 12'011 nodes and 24'622 arcs.
[Symmetry] Symmetry computation done. time: 0.002298 dtime: 0.0032968
[SAT presolve] num removable Booleans: 0 / 1827
[SAT presolve] num trivial clauses: 0
[SAT presolve] [0s] clauses:3118 literals:6237 vars:1787 one_side_vars:1743 simple_definition:41 singleton_clauses:0
[SAT presolve] [0.00022812s] clauses:3118 literals:6237 vars:1787 one_side_vars:1743 simple_definition:41 singleton_clauses:0
[SAT presolve] [0.000359057s] clauses:3118 literals:6237 vars:1787 one_side_vars:1743 simple_definition:41 singleton_clauses:0
  5.49e-01s  1.34e-01d  [Probe] #probed=4'314 #fixed_bools=86 #new_bounds=212 
  6.12e-03s  0.00e+00d  [MaxClique] Merged 3365(9678 literals) into 1302(8253 literals) at_most_ones. 
  2.30e-03s  0.00e+00d  [DetectDominanceRelations] 
  1.88e-02s  0.00e+00d  [PresolveToFixPoint] #num_loops=4 #num_dual_strengthening=3 
  3.46e-03s  0.00e+00d  [ProcessAtMostOneAndLinear] #num_changes=22 
  2.34e-03s  0.00e+00d  [DetectDuplicateConstraints] #duplicates=1 #without_enforcements=1 
  4.34e-04s  2.48e-05d  [DetectDominatedLinearConstraints] #relevant_constraints=1'772 
  5.63e-04s  0.00e+00d  [DetectDifferentVariables] #different=20 
  1.01e-03s  3.94e-04d  [ProcessSetPPC] #relevant_constraints=1'216 #num_inclusions=1'058 
  5.90e-05s  0.00e+00d  [FindAlmostIdenticalLinearConstraints] 
  3.46e-03s  6.08e-03d  [FindBigAtMostOneAndLinearOverlap] 
  9.79e-04s  2.93e-03d  [FindBigVerticalLinearOverlap] 
  9.59e-05s  1.95e-04d  [FindBigHorizontalLinearOverlap] #linears=27 
  1.38e-04s  1.50e-08d  [MergeClauses] 
  2.26e-03s  0.00e+00d  [DetectDominanceRelations] 
  9.09e-03s  0.00e+00d  [PresolveToFixPoint] #num_loops=2 #num_dual_strengthening=1 
  2.26e-03s  0.00e+00d  [DetectDominanceRelations] 
  8.86e-03s  0.00e+00d  [PresolveToFixPoint] #num_loops=1 #num_dual_strengthening=1 
[Symmetry] Graph for symmetry has 9'473 nodes and 18'370 arcs.
[Symmetry] Symmetry computation done. time: 0.00145039 dtime: 0.00218123
[SAT presolve] num removable Booleans: 0 / 1739
[SAT presolve] num trivial clauses: 0
[SAT presolve] [0s] clauses:23 literals:47 vars:30 one_side_vars:20 simple_definition:9 singleton_clauses:0
[SAT presolve] [3.2361e-05s] clauses:23 literals:47 vars:30 one_side_vars:20 simple_definition:9 singleton_clauses:0
[SAT presolve] [7.1595e-05s] clauses:23 literals:47 vars:30 one_side_vars:20 simple_definition:9 singleton_clauses:0
  1.58e-01s  3.72e-02d  [Probe] #probed=4'224 #new_bounds=115 
  3.68e-03s  0.00e+00d  [MaxClique] Merged 1123(7038 literals) into 1123(7055 literals) at_most_ones. 
  2.32e-03s  0.00e+00d  [DetectDominanceRelations] 
  1.76e-02s  0.00e+00d  [PresolveToFixPoint] #num_loops=4 #num_dual_strengthening=3 
  3.35e-03s  0.00e+00d  [ProcessAtMostOneAndLinear] 
  2.32e-03s  0.00e+00d  [DetectDuplicateConstraints] #duplicates=7 
  4.26e-04s  2.48e-05d  [DetectDominatedLinearConstraints] #relevant_constraints=1'770 
  5.21e-04s  0.00e+00d  [DetectDifferentVariables] #different=20 
  8.95e-04s  3.89e-04d  [ProcessSetPPC] #relevant_constraints=1'162 #num_inclusions=999 
  6.27e-05s  0.00e+00d  [FindAlmostIdenticalLinearConstraints] 
  3.39e-03s  6.08e-03d  [FindBigAtMostOneAndLinearOverlap] 
  9.35e-04s  2.93e-03d  [FindBigVerticalLinearOverlap] 
  1.04e-04s  1.95e-04d  [FindBigHorizontalLinearOverlap] #linears=27 
  1.35e-04s  1.50e-08d  [MergeClauses] 
  2.28e-03s  0.00e+00d  [DetectDominanceRelations] 
  9.16e-03s  0.00e+00d  [PresolveToFixPoint] #num_loops=1 #num_dual_strengthening=1 
  2.37e-03s  0.00e+00d  [DetectDominanceRelations] 
  9.19e-03s  0.00e+00d  [PresolveToFixPoint] #num_loops=1 #num_dual_strengthening=1 
[Symmetry] Graph for symmetry has 9'470 nodes and 18'377 arcs.
[Symmetry] Symmetry computation done. time: 0.00150182 dtime: 0.00218007
[SAT presolve] num removable Booleans: 0 / 1739
[SAT presolve] num trivial clauses: 0
[SAT presolve] [0s] clauses:23 literals:47 vars:30 one_side_vars:20 simple_definition:9 singleton_clauses:0
[SAT presolve] [3.2661e-05s] clauses:23 literals:47 vars:30 one_side_vars:20 simple_definition:9 singleton_clauses:0
[SAT presolve] [7.1545e-05s] clauses:23 literals:47 vars:30 one_side_vars:20 simple_definition:9 singleton_clauses:0
  1.54e-01s  3.64e-02d  [Probe] #probed=4'224 #new_bounds=9 
  3.54e-03s  0.00e+00d  [MaxClique] Merged 1123(7053 literals) into 1123(7055 literals) at_most_ones. 
  2.29e-03s  0.00e+00d  [DetectDominanceRelations] 
  1.20e-02s  0.00e+00d  [PresolveToFixPoint] #num_loops=4 #num_dual_strengthening=3 
  3.34e-03s  0.00e+00d  [ProcessAtMostOneAndLinear] 
  2.30e-03s  0.00e+00d  [DetectDuplicateConstraints] #duplicates=4 
  4.40e-04s  2.48e-05d  [DetectDominatedLinearConstraints] #relevant_constraints=1'770 
  5.24e-04s  0.00e+00d  [DetectDifferentVariables] #different=20 
  9.01e-04s  3.89e-04d  [ProcessSetPPC] #relevant_constraints=1'162 #num_inclusions=999 
  6.61e-05s  0.00e+00d  [FindAlmostIdenticalLinearConstraints] 
  3.39e-03s  6.08e-03d  [FindBigAtMostOneAndLinearOverlap] 
  9.47e-04s  2.93e-03d  [FindBigVerticalLinearOverlap] 
  1.02e-04s  1.95e-04d  [FindBigHorizontalLinearOverlap] #linears=27 
  1.34e-04s  1.50e-08d  [MergeClauses] 
  2.29e-03s  0.00e+00d  [DetectDominanceRelations] 
  9.04e-03s  0.00e+00d  [PresolveToFixPoint] #num_loops=1 #num_dual_strengthening=1 
  1.51e-04s  0.00e+00d  [ExpandObjective] #entries=66 #tight_variables=33 #tight_constraints=11 

Presolve summary:
  - 96 affine relations were detected.
  - rule 'TODO dual: add implied bound' was applied 32 times.
  - rule 'TODO dual: only one blocking constraint?' was applied 36'000 times.
  - rule 'TODO dual: only one blocking enforced constraint?' was applied 32 times.
  - rule 'TODO dual: only one unspecified blocking constraint?' was applied 18 times.
  - rule 'TODO dual: tighten at most one' was applied 616 times.
  - rule 'TODO linear2: contains a Boolean.' was applied 18'534 times.
  - rule 'affine: new relation' was applied 96 times.
  - rule 'at_most_one: empty or all false' was applied 8 times.
  - rule 'at_most_one: removed literals' was applied 383 times.
  - rule 'at_most_one: singleton' was applied 2 times.
  - rule 'at_most_one: size one' was applied 125 times.
  - rule 'at_most_one: transformed into max clique.' was applied 1 time.
  - rule 'bool_and: non-reified.' was applied 48 times.
  - rule 'bool_and: x => x' was applied 8 times.
  - rule 'bool_or: always true' was applied 2'112 times.
  - rule 'bool_or: implications' was applied 9'259 times.
  - rule 'bool_or: singleton' was applied 4 times.
  - rule 'deductions: 528 stored' was applied 1 time.
  - rule 'dual: add implication' was applied 22 times.
  - rule 'dual: enforced equivalence' was applied 4 times.
  - rule 'dual: fix variable' was applied 598 times.
  - rule 'dual: fix variable with multiple choices' was applied 6 times.
  - rule 'dual: reduced domain' was applied 274 times.
  - rule 'duplicate: merged rhs of linear constraint' was applied 1 time.
  - rule 'duplicate: removed constraint' was applied 12 times.
  - rule 'duplicate: removed enforced constraint' was applied 1 time.
  - rule 'enforcement: false literal' was applied 5'854 times.
  - rule 'enforcement: literal not used' was applied 31 times.
  - rule 'enforcement: true literal' was applied 48 times.
  - rule 'linear + amo: fixed literal implied by enforcement' was applied 22 times.
  - rule 'linear1: always true' was applied 3 times.
  - rule 'linear2: contains a Boolean.' was applied 12 times.
  - rule 'linear: always true' was applied 1'657 times.
  - rule 'linear: divide by GCD' was applied 6'466 times.
  - rule 'linear: empty' was applied 122 times.
  - rule 'linear: enforcement literal in expression' was applied 2 times.
  - rule 'linear: extracted enforcement literal' was applied 742 times.
  - rule 'linear: fixed or dup variables' was applied 1'682 times.
  - rule 'linear: negative clause' was applied 2'723 times.
  - rule 'linear: positive at most one' was applied 256 times.
  - rule 'linear: positive clause' was applied 6'541 times.
  - rule 'linear: positive equal one' was applied 11 times.
  - rule 'linear: reduced variable domains' was applied 1'194 times.
  - rule 'linear: remapped using affine relations' was applied 3'040 times.
  - rule 'linear: simplified rhs' was applied 25'041 times.
  - rule 'linear: singleton column' was applied 14 times.
  - rule 'objective: variable not used elsewhere' was applied 1 time.
  - rule 'presolve: 1322 unused variables removed.' was applied 1 time.
  - rule 'presolve: iteration' was applied 3 times.
  - rule 'setppc: bool_or in at_most_one.' was applied 4 times.
  - rule 'setppc: removed dominated constraints' was applied 52 times.

Presolved optimization model '': (model_fingerprint: 0x678d6716f05d4d4f)
#Variables: 2'112 (#bools: 32 #ints: 1 in objective)
  - 1'739 Booleans in [0,1]
  - 117 different domains in [0,300000] with a largest complexity of 1.
#kAtMostOne: 1'101 (#literals: 7'009)
#kBoolAnd: 25 (#enforced: 25) (#literals: 51)
#kBoolOr: 1 (#literals: 3)
#kExactlyOne: 11 (#literals: 33)
#kLinear1: 4 (#enforced: 4)
#kLinear2: 854 (#enforced: 605 #multi: 16)
#kLinear3: 1'278 (#enforced: 9)
#kLinearN: 243 (#terms: 2'674)

Preloading model.
#Bound   1.13s best:inf   next:[175988,8121530] initial_domain
[Symmetry] Graph for symmetry has 8'038 nodes and 18'377 arcs.
[Symmetry] Symmetry computation done. time: 0.0013979 dtime: 0.00209331
#Model   1.13s var:2112/2112 constraints:3517/3517

Starting search at 1.13s with 32 workers.
16 full problem subsolvers: [core, default_lp, lb_tree_search, max_lp, no_lp, objective_lb_search, objective_lb_search_max_lp, objective_lb_search_no_lp, objective_shaving_search_max_lp, objective_shaving_search_no_lp, probing, probing_max_lp, pseudo_costs, quick_restart, quick_restart_no_lp, reduced_costs]
14 first solution subsolvers: [fj_long_default, fj_long_lin_default, fj_long_random, fj_short_default, fj_short_lin_default, fj_short_lin_random, fj_short_random, fs_random(2), fs_random_no_lp(2), fs_random_quick_restart(2), fs_random_quick_restart_no_lp]
11 incomplete subsolvers: [feasibility_pump, graph_arc_lns, graph_cst_lns, graph_dec_lns, graph_var_lns, rins/rens, rnd_cst_lns, rnd_var_lns, violation_ls(3)]
3 helper subsolvers: [neighborhood_helper, synchronization_agent, update_gap_integral]
#Bound   1.35s best:inf   next:[175990,8121530] objective_shaving_search_no_lp (vars=1796 csts=2105)
#Bound   1.63s best:inf   next:[175992,8121530] objective_shaving_search_max_lp (vars=2112 csts=3518)
#Bound   1.64s best:inf   next:[175994,8121530] objective_shaving_search_max_lp (vars=2112 csts=3518)
#Bound   1.68s best:inf   next:[175996,8121530] objective_shaving_search_max_lp (vars=2112 csts=3518)
#Bound   1.70s best:inf   next:[175998,8121530] objective_shaving_search_max_lp (vars=2112 csts=3518)
#Bound   1.71s best:inf   next:[176000,8121530] objective_shaving_search_max_lp (vars=2112 csts=3518)
#Bound   1.71s best:inf   next:[176002,8121530] objective_shaving_search_max_lp (vars=2112 csts=3518)
#Bound   1.72s best:inf   next:[176004,8121530] objective_shaving_search_max_lp (vars=2112 csts=3518)
#Bound   1.74s best:inf   next:[176006,8121530] objective_shaving_search_max_lp (vars=2112 csts=3518)
#Bound   1.75s best:inf   next:[176008,8121530] objective_shaving_search_max_lp (vars=2112 csts=3518)
#Bound   1.81s best:inf   next:[176010,8121530] objective_shaving_search_max_lp (vars=2112 csts=3518)
#Bound   1.83s best:inf   next:[176012,8121530] objective_shaving_search_max_lp (vars=2112 csts=3518)
#1       1.84s best:8114796 next:[176012,8114794] fj_long_default(batch:2 #lin_moves:17'091 #lin_evals:29'539 #weight_updates:1'129)
#Bound   1.84s best:8114796 next:[176014,8114794] objective_shaving_search_max_lp (vars=2112 csts=3518)
#2       1.89s best:8114770 next:[176014,8114768] violation_ls(batch:1 #solutions_imported:1 #lin_moves:0 #lin_evals:16'433 #gen_moves:273 #gen_evals:0 #comp_moves:27 #backtracks:123 #weight_updates:4)
#3       1.89s best:8114744 next:[176014,8114742] violation_ls(batch:1 #solutions_imported:1 #lin_moves:8 #lin_evals:54 #weight_updates:5)
#4       1.94s best:8114718 next:[176014,8114716] violation_ls(batch:2 #solutions_imported:2 #lin_moves:13 #lin_evals:16'502 #gen_moves:273 #gen_evals:0 #comp_moves:27 #backtracks:123 #weight_updates:11)
#5       1.97s best:8114692 next:[176014,8114690] violation_ls(batch:3 #solutions_imported:3 #lin_moves:21 #lin_evals:16'557 #gen_moves:273 #gen_evals:0 #comp_moves:27 #backtracks:123 #weight_updates:17)
#6       1.98s best:8114666 next:[176014,8114664] violation_ls(batch:3 #solutions_imported:3 #lin_moves:0 #lin_evals:37'023 #gen_moves:598 #gen_evals:0 #comp_moves:52 #backtracks:273 #weight_updates:10)
#7       2.28s best:8114640 next:[176014,8114638] violation_ls(batch:4 #solutions_imported:4 #lin_moves:29 #lin_evals:16'612 #gen_moves:273 #gen_evals:0 #comp_moves:27 #backtracks:123 #weight_updates:23)
#8       2.28s best:8114614 next:[176014,8114612] violation_ls(batch:4 #solutions_imported:4 #lin_moves:49 #lin_evals:11'027 #gen_moves:134 #gen_evals:0 #comp_moves:8 #backtracks:63 #weight_updates:26)
#9       2.29s best:8114588 next:[176014,8114586] violation_ls(batch:4 #solutions_imported:4 #lin_moves:0 #lin_evals:46'078 #gen_moves:704 #gen_evals:0 #comp_moves:60 #backtracks:322 #weight_updates:12)
#10      2.39s best:774684 next:[176014,774682] graph_arc_lns (d=0.50 s=67 t=0.10 p=0.00 stall=0 h=auto_l0)
#11      2.39s best:774658 next:[176014,774656] violation_ls(batch:5 #solutions_imported:5 #lin_moves:29 #lin_evals:16'655 #gen_moves:289 #gen_evals:0 #comp_moves:43 #backtracks:123 #weight_updates:23)
#12      2.41s best:774632 next:[176014,774630] violation_ls(batch:5 #solutions_imported:5 #lin_moves:49 #lin_evals:11'058 #gen_moves:140 #gen_evals:0 #comp_moves:14 #backtracks:63 #weight_updates:26)
#13      2.41s best:774606 next:[176014,774604] violation_ls(batch:5 #solutions_imported:5 #lin_moves:0 #lin_evals:46'523 #gen_moves:716 #gen_evals:0 #comp_moves:66 #backtracks:325 #weight_updates:12)
#Bound   2.45s best:774606 next:[176016,774604] objective_shaving_search_no_lp (vars=1797 csts=2105)
#Bound   2.46s best:774606 next:[176018,774604] objective_shaving_search_no_lp (vars=2112 csts=3518)
#14      2.58s best:774580 next:[176018,774578] violation_ls(batch:6 #solutions_imported:6 #lin_moves:35 #lin_evals:16'707 #gen_moves:289 #gen_evals:0 #comp_moves:43 #backtracks:123 #weight_updates:28)
#15      2.58s best:774554 next:[176018,774552] violation_ls(batch:6 #solutions_imported:6 #lin_moves:49 #lin_evals:11'093 #gen_moves:146 #gen_evals:0 #comp_moves:20 #backtracks:63 #weight_updates:26)
#16      2.58s best:774528 next:[176018,774526] violation_ls(batch:6 #solutions_imported:6 #lin_moves:6 #lin_evals:46'575 #gen_moves:716 #gen_evals:0 #comp_moves:66 #backtracks:325 #weight_updates:17)
#Bound   2.58s best:774528 next:[176020,774526] objective_shaving_search_no_lp (vars=2112 csts=3518)
#17      2.63s best:760620 next:[176020,760618] rnd_var_lns (d=0.71 s=101 t=0.10 p=1.00 stall=1 h=auto_l0)
#Bound   2.83s best:760620 next:[176022,760618] objective_shaving_search_no_lp (vars=2112 csts=3518)
#18      2.83s best:760594 next:[176022,760592] violation_ls(batch:7 #solutions_imported:7 #lin_moves:35 #lin_evals:16'761 #gen_moves:308 #gen_evals:0 #comp_moves:50 #backtracks:129 #weight_updates:29)
#19      2.84s best:760568 next:[176022,760566] violation_ls(batch:7 #solutions_imported:7 #lin_moves:55 #lin_evals:11'145 #gen_moves:146 #gen_evals:0 #comp_moves:20 #backtracks:63 #weight_updates:31)
#20      2.86s best:760542 next:[176022,760540] violation_ls(batch:7 #solutions_imported:7 #lin_moves:13 #lin_evals:46'629 #gen_moves:716 #gen_evals:0 #comp_moves:66 #backtracks:325 #weight_updates:22)
#Bound   2.94s best:760542 next:[191750,760540] probing
#Bound   2.96s best:760542 next:[194044,760540] pseudo_costs
#Bound   3.01s best:760542 next:[204068,760540] probing
#Bound   3.05s best:760542 next:[233708,760540] default_lp
#21      3.17s best:753956 next:[233708,753954] graph_var_lns (d=0.48 s=124 t=0.10 p=0.50 stall=0 h=auto_l0)
#Model   3.28s var:2111/2112 constraints:3516/3517
#Model   3.39s var:2110/2112 constraints:3516/3517
#Model   4.13s var:2109/2112 constraints:3516/3517
#Model   4.44s var:2108/2112 constraints:3515/3517
#Model   4.74s var:2107/2112 constraints:3514/3517
#Model   5.35s var:2106/2112 constraints:3513/3517
#Model   5.55s var:2105/2112 constraints:3512/3517
#Model   6.55s var:2104/2112 constraints:3511/3517
#Model   6.86s var:2103/2112 constraints:3510/3517
#Model   8.48s var:2102/2112 constraints:3509/3517
#Model  10.14s var:2101/2112 constraints:3508/3517
#Model  11.09s var:2100/2112 constraints:3508/3517
#Bound  12.61s best:753956 next:[233716,753954] objective_lb_search_max_lp
#Bound  12.83s best:753956 next:[237408,753954] objective_lb_search_max_lp
#22     12.96s best:657860 next:[237408,657858] rins_pump_lns (d=0.19 s=135 t=0.10 p=0.00 stall=0 h=auto_l0)
#Bound  13.10s best:657860 next:[241108,657858] objective_lb_search_max_lp
#Model  13.57s var:2099/2112 constraints:3507/3517
#Model  13.77s var:2098/2112 constraints:3506/3517
#Model  14.18s var:2097/2112 constraints:3506/3517
#Model  14.39s var:2096/2112 constraints:3505/3517
#Model  14.59s var:2095/2112 constraints:3503/3517
#Bound  18.15s best:657860 next:[241110,657858] objective_shaving_search_no_lp (vars=1818 csts=2237)
#Model  44.14s var:2094/2112 constraints:3500/3517
#Model  52.53s var:2093/2112 constraints:3499/3517
#Model  59.91s var:2092/2112 constraints:3499/3517
#Bound 156.27s best:657860 next:[257108,657858] quick_restart
#Bound 266.40s best:657860 next:[257110,657858] probing_max_lp
#Bound 266.66s best:657860 next:[258258,657858] probing_max_lp
#Bound 266.97s best:657860 next:[258668,657858] probing_max_lp
#Bound 267.21s best:657860 next:[258670,657858] probing_max_lp
#Bound 267.49s best:657860 next:[260228,657858] probing_max_lp
#Bound 269.69s best:657860 next:[261008,657858] probing_max_lp
#Bound 269.87s best:657860 next:[261788,657858] probing_max_lp
#Bound 405.88s best:657860 next:[262542,657858] probing_max_lp
#Bound 406.55s best:657860 next:[263002,657858] probing_max_lp
#Bound 406.85s best:657860 next:[263008,657858] probing_max_lp
#Bound 407.08s best:657860 next:[263010,657858] probing_max_lp
#Bound 407.42s best:657860 next:[263026,657858] probing_max_lp
#Bound 407.84s best:657860 next:[263216,657858] probing_max_lp
#Bound 408.11s best:657860 next:[263226,657858] probing_max_lp
#Bound 408.35s best:657860 next:[263244,657858] probing_max_lp
#Bound 477.50s best:657860 next:[263292,657858] probing_max_lp
#Bound 477.80s best:657860 next:[263334,657858] probing_max_lp
#Bound 478.03s best:657860 next:[263396,657858] probing_max_lp
#Bound 478.25s best:657860 next:[263408,657858] probing_max_lp
#Bound 478.46s best:657860 next:[263438,657858] probing_max_lp
#Bound 478.64s best:657860 next:[263442,657858] probing_max_lp
#Bound 478.82s best:657860 next:[263452,657858] probing_max_lp
#23    498.15s best:657698 next:[263452,657696] quick_restart_no_lp (fixed_bools=1005/4172)
#24    596.99s best:653628 next:[263452,653626] quick_restart_no_lp (fixed_bools=1039/4508)
#Bound 611.75s best:653628 next:[263868,653626] objective_lb_search_max_lp
#Bound 612.01s best:653628 next:[264908,653626] objective_lb_search_max_lp
#25    624.84s best:646672 next:[264908,646670] quick_restart_no_lp (fixed_bools=1043/4588)
#Bound 659.47s best:646672 next:[265064,646670] objective_lb_search_max_lp
#Bound 659.79s best:646672 next:[266468,646670] objective_lb_search_max_lp
#26    1310.10s best:631650 next:[266468,631648] quick_restart_no_lp (fixed_bools=1538/5649)
#27    1315.08s best:628246 next:[266468,628244] quick_restart_no_lp (fixed_bools=1540/5717)
#28    1318.54s best:625684 next:[266468,625682] quick_restart_no_lp (fixed_bools=1647/5760)
#29    1322.82s best:619912 next:[266468,619910] quick_restart_no_lp (fixed_bools=1664/5872)
#30    1813.29s best:610662 next:[266468,610660] quick_restart_no_lp (fixed_bools=2073/7328)
#31    2499.14s best:600524 next:[266468,600522] quick_restart_no_lp (fixed_bools=2526/8417)
#32    3628.93s best:591348 next:[266468,591346] quick_restart_no_lp (fixed_bools=3144/9312)
#33    3647.68s best:589568 next:[266468,589566] quick_restart_no_lp (fixed_bools=3347/9381)
#34    3811.37s best:576322 next:[266468,576320] quick_restart_no_lp (fixed_bools=3454/9959)
#35    5613.87s best:562262 next:[266468,562260] quick_restart_no_lp (fixed_bools=4291/12390)
#36    7409.15s best:554196 next:[266468,554194] quick_restart_no_lp (fixed_bools=4935/14783)
#37    8264.00s best:537620 next:[266468,537618] quick_restart_no_lp (fixed_bools=5313/15562)
#Model 8726.65s var:2091/2112 constraints:3497/3517
#38    11236.98s best:532606 next:[266468,532604] quick_restart_no_lp (fixed_bools=5857/17551)
#39    11544.17s best:521210 next:[266468,521208] quick_restart_no_lp (fixed_bools=6093/18219)
#40    12022.73s best:511146 next:[266468,511144] quick_restart_no_lp (fixed_bools=6426/18948)
#41    15261.47s best:509962 next:[266468,509960] quick_restart_no_lp (fixed_bools=6939/21180)
#42    17828.93s best:502562 next:[266468,502560] quick_restart_no_lp (fixed_bools=7051/22522)
#43    19092.88s best:492942 next:[266468,492940] quick_restart_no_lp (fixed_bools=7371/23678)
#44    19558.33s best:489538 next:[266468,489536] quick_restart_no_lp (fixed_bools=7710/24205)

Task timing                                  n [     min,      max]      avg      dev     time         n [     min,      max]      avg      dev    dtime
                             'core':         1 [   8.00h,    8.00h]    8.00h   0.00ns    8.00h         1 [   7.51h,    7.51h]    7.51h   0.00ns    7.51h
                       'default_lp':         1 [   8.00h,    8.00h]    8.00h   0.00ns    8.00h         1 [   1.21h,    1.21h]    1.21h   0.00ns    1.21h
                 'feasibility_pump':         8 [323.61ms,    4.15s]    2.21s 962.14ms   17.70s         7 [570.36ms, 799.32ms] 648.56ms  70.94ms    4.54s
                  'fj_long_default':         2 [104.88ms, 255.94ms] 180.41ms  75.53ms 360.82ms         2 [ 28.70ms,  35.53ms]  32.12ms   3.42ms  64.23ms
              'fj_long_lin_default':         2 [ 54.23ms, 342.90ms] 198.57ms 144.34ms 397.13ms         2 [ 14.77ms,  16.27ms]  15.52ms 749.12us  31.04ms
                   'fj_long_random':         3 [105.26ms, 178.31ms] 129.91ms  34.23ms 389.72ms         3 [ 34.45ms,  35.95ms]  35.08ms 630.80us 105.25ms
                 'fj_short_default':         6 [ 57.84ms, 147.90ms]  79.59ms  30.89ms 477.57ms         6 [ 14.85ms,  23.70ms]  20.37ms   3.00ms 122.21ms
             'fj_short_lin_default':         5 [ 62.92ms, 101.91ms]  76.04ms  13.51ms 380.22ms         5 [ 16.43ms,  23.71ms]  20.75ms   2.65ms 103.77ms
              'fj_short_lin_random':         3 [ 64.47ms, 193.03ms] 113.21ms  56.90ms 339.64ms         3 [ 14.72ms,  28.25ms]  21.51ms   5.52ms  64.53ms
                  'fj_short_random':         1 [385.15ms, 385.15ms] 385.15ms   0.00ns 385.15ms         1 [ 16.72ms,  16.72ms]  16.72ms   0.00ns  16.72ms
                        'fs_random':         1 [   1.13s,    1.13s]    1.13s   0.00ns    1.13s         1 [ 20.00ns,  20.00ns]  20.00ns   0.00ns  20.00ns
                        'fs_random':         1 [811.42ms, 811.42ms] 811.42ms   0.00ns 811.42ms         1 [ 20.00ns,  20.00ns]  20.00ns   0.00ns  20.00ns
                  'fs_random_no_lp':         1 [   1.10s,    1.10s]    1.10s   0.00ns    1.10s         0 [  0.00ns,   0.00ns]   0.00ns   0.00ns   0.00ns
                  'fs_random_no_lp':         1 [771.03ms, 771.03ms] 771.03ms   0.00ns 771.03ms         0 [  0.00ns,   0.00ns]   0.00ns   0.00ns   0.00ns
          'fs_random_quick_restart':         1 [   1.14s,    1.14s]    1.14s   0.00ns    1.14s         1 [ 20.00ns,  20.00ns]  20.00ns   0.00ns  20.00ns
          'fs_random_quick_restart':         1 [789.12ms, 789.12ms] 789.12ms   0.00ns 789.12ms         1 [ 20.00ns,  20.00ns]  20.00ns   0.00ns  20.00ns
    'fs_random_quick_restart_no_lp':         1 [741.82ms, 741.82ms] 741.82ms   0.00ns 741.82ms         0 [  0.00ns,   0.00ns]   0.00ns   0.00ns   0.00ns
                    'graph_arc_lns':         8 [195.99ms,    8.00h]    4.00h    4.00h   31.99h         6 [ 10.00ns, 100.29ms]  66.80ms  47.23ms 400.79ms
                    'graph_cst_lns':         7 [232.80ms,    8.00h]    2.29h    3.61h   16.00h         6 [ 20.00ns, 100.30ms]  83.45ms  37.32ms 500.68ms
                    'graph_dec_lns':         7 [404.81ms,    8.00h]    4.57h    3.96h   32.00h         3 [ 40.00ns, 200.09ms] 100.06ms  81.69ms 300.18ms
                    'graph_var_lns':         8 [201.60ms,    8.00h]    2.00h    3.46h   16.00h         7 [ 20.00ns, 100.26ms]  85.92ms  35.07ms 601.41ms
                   'lb_tree_search':         1 [   8.00h,    8.00h]    8.00h   0.00ns    8.00h         1 [  49.64m,   49.64m]   49.64m   0.00ns   49.64m
                           'max_lp':         1 [   8.00h,    8.00h]    8.00h   0.00ns    8.00h         1 [  50.87m,   50.87m]   50.87m   0.00ns   50.87m
                            'no_lp':         1 [   8.00h,    8.00h]    8.00h   0.00ns    8.00h         1 [   7.53h,    7.53h]    7.53h   0.00ns    7.53h
              'objective_lb_search':         1 [   8.00h,    8.00h]    8.00h   0.00ns    8.00h         1 [   1.15h,    1.15h]    1.15h   0.00ns    1.15h
       'objective_lb_search_max_lp':         1 [   8.00h,    8.00h]    8.00h   0.00ns    8.00h         1 [  46.66m,   46.66m]   46.66m   0.00ns   46.66m
        'objective_lb_search_no_lp':         1 [   8.00h,    8.00h]    8.00h   0.00ns    8.00h         1 [   7.68h,    7.68h]    7.68h   0.00ns    7.68h
  'objective_shaving_search_max_lp':        13 [  7.39ms, 376.51ms]  48.25ms  97.67ms 627.23ms         1 [  6.22ms,   6.22ms]   6.22ms   0.00ns   6.22ms
   'objective_shaving_search_no_lp':         8 [  7.69ms, 318.09ms] 124.53ms 108.20ms 996.24ms         3 [ 20.97ms,  22.56ms]  21.52ms 738.77us  64.56ms
                          'probing':         1 [   8.00h,    8.00h]    8.00h   0.00ns    8.00h         1 [   1.16h,    1.16h]    1.16h   0.00ns    1.16h
                   'probing_max_lp':         1 [   8.00h,    8.00h]    8.00h   0.00ns    8.00h         1 [  48.08m,   48.08m]   48.08m   0.00ns   48.08m
                     'pseudo_costs':         1 [   8.00h,    8.00h]    8.00h   0.00ns    8.00h         1 [  48.21m,   48.21m]   48.21m   0.00ns   48.21m
                    'quick_restart':         1 [   8.00h,    8.00h]    8.00h   0.00ns    8.00h         1 [   1.20h,    1.20h]    1.20h   0.00ns    1.20h
              'quick_restart_no_lp':         1 [   8.00h,    8.00h]    8.00h   0.00ns    8.00h         1 [   5.93h,    5.93h]    5.93h   0.00ns    5.93h
                    'reduced_costs':         1 [   8.00h,    8.00h]    8.00h   0.00ns    8.00h         1 [  48.86m,   48.86m]   48.86m   0.00ns   48.86m
                        'rins/rens':         8 [850.60us, 889.50ms] 307.85ms 260.61ms    2.46s         6 [100.00ms, 101.27ms] 100.43ms 417.40us 602.55ms
                      'rnd_cst_lns':         8 [348.69ms,    8.00h]    3.00h    3.87h   24.00h         6 [ 30.00ns, 100.12ms]  83.37ms  37.29ms 500.24ms
                      'rnd_var_lns':         8 [209.00ms,    8.00h]    3.00h    3.87h   24.00h         7 [ 20.00ns, 100.34ms]  71.50ms  45.21ms 500.53ms
                     'violation_ls':         8 [315.19us,  91.03ms]  22.80ms  30.78ms 182.36ms         8 [ 16.62us,  30.25ms]   4.91ms   9.66ms  39.24ms
                     'violation_ls':         8 [333.03us,  92.73ms]  27.23ms  29.23ms 217.84ms         8 [ 12.78us,  27.71ms]   3.73ms   9.08ms  29.82ms
                     'violation_ls':         8 [559.38us,  85.44ms]  21.02ms  29.51ms 168.19ms         8 [ 16.62us,  25.68ms]   3.62ms   8.40ms  28.96ms

Search stats                         Bools   Conflicts       Branches     Restarts      BoolPropag   IntegerPropag
                           'core':  23'383  16'195'980    699'579'271  127'848'539  18'150'740'561  26'356'665'426
                     'default_lp':   2'489          32        255'604      106'558       8'448'313      18'039'427
                      'fs_random':   1'743           0            242          242           8'328          62'122
                      'fs_random':   1'743           0            912          912          20'201         115'796
                'fs_random_no_lp':   1'743           0            242          242           8'328          62'122
                'fs_random_no_lp':   1'743           0            242          242           8'328          62'122
        'fs_random_quick_restart':   1'743           0            242          242           8'328          62'122
        'fs_random_quick_restart':   1'743           0            242          242           8'328          62'122
  'fs_random_quick_restart_no_lp':   1'743           0            242          242           8'328          62'122
                 'lb_tree_search':   2'489          17         82'827       47'836       3'757'908       7'914'716
                         'max_lp':   2'489          18         73'305       42'999       3'354'937       7'220'412
                          'no_lp':  21'984  15'918'152    669'461'037  128'442'314  19'387'653'930  26'383'736'745
            'objective_lb_search':   2'489          28        251'799      105'224       8'316'031      17'717'368
     'objective_lb_search_max_lp':   2'489          31         75'127       43'959       3'431'412       7'357'526
      'objective_lb_search_no_lp':  46'664  21'612'745    709'879'112  120'776'342  32'834'254'672  24'658'502'324
                        'probing':   2'489          22        259'801      108'829       8'663'603      18'454'430
                 'probing_max_lp':   2'489          25         81'622       47'630       3'795'409       8'081'750
                   'pseudo_costs':   2'489          39         75'683       44'191       3'462'969       7'418'386
                  'quick_restart':   2'489          47        260'826      108'311       8'553'095      18'180'987
            'quick_restart_no_lp':  28'243  36'957'440  1'858'360'168  111'808'772  32'761'817'916  26'132'657'932
                  'reduced_costs':   2'489          21         78'922       45'806       3'590'495       7'702'216

SAT stats                           ClassicMinim   LitRemoved      LitLearned    LitForgotten  Subsumed   MClauses  MDecisions  MLitTrue  MSubsumed  MLitRemoved  MReused
                           'core':    15'759'150  184'671'567   5'155'314'497   5'098'761'783   144'712  1'352'033   6'998'443         1      2'307       13'884  311'189
                     'default_lp':             0            0              32               0         0          0           0         0          0            0        0
                      'fs_random':             0            0               0               0         0          0           0         0          0            0        0
                      'fs_random':             0            0               0               0         0          0           0         0          0            0        0
                'fs_random_no_lp':             0            0               0               0         0          0           0         0          0            0        0
                'fs_random_no_lp':             0            0               0               0         0          0           0         0          0            0        0
        'fs_random_quick_restart':             0            0               0               0         0          0           0         0          0            0        0
        'fs_random_quick_restart':             0            0               0               0         0          0           0         0          0            0        0
  'fs_random_quick_restart_no_lp':             0            0               0               0         0          0           0         0          0            0        0
                 'lb_tree_search':             0            0              17               0         0          0           0         0          0            0        0
                         'max_lp':             0            0              18               0         0          0           0         0          0            0        0
                          'no_lp':    15'538'211  184'637'519   4'934'129'006   4'886'388'690   126'506  1'390'615   7'167'796         2      2'048       12'249  315'771
            'objective_lb_search':             0            0              28               0         0          0           0         0          0            0        0
     'objective_lb_search_max_lp':             0            0              31               0         0          0           0         0          0            0        0
      'objective_lb_search_no_lp':    20'895'152  238'237'312   6'483'155'087   6'377'438'943   299'217  1'089'509   5'843'416         7      3'670       23'652  256'475
                        'probing':             0            0              22               0         0          0           0         0          0            0        0
                 'probing_max_lp':             0            0              25               0         0          0           0         0          0            0        0
                   'pseudo_costs':             0            0              39               0         0          0           0         0          0            0        0
                  'quick_restart':             0            0              47               0         0          0           0         0          0            0        0
            'quick_restart_no_lp':    35'199'099  305'147'692  11'857'464'929  11'608'215'985   725'376  1'800'348  10'631'840       106      4'884       28'465  304'360
                  'reduced_costs':             0            0              21               0         0          0           0         0          0            0        0

Lp stats                         Component  Iterations   AddedCuts  OPTIMAL  DUAL_F.  DUAL_U.
                  'default_lp':          1  19'416'026  10'314'573  583'015        5        3
                   'fs_random':          1           0           0        0        0        0
                   'fs_random':          1           0           0        0        0        0
     'fs_random_quick_restart':          1           0           0        0        0        0
     'fs_random_quick_restart':          1           0           0        0        0        0
              'lb_tree_search':          1   7'593'820   3'231'334  169'925   50'211        5
                      'max_lp':          1   7'002'001   3'081'878  153'036   44'114        3
         'objective_lb_search':          1  18'362'988   9'206'532  575'405        1        4
  'objective_lb_search_max_lp':          1   6'917'484   3'151'713  157'211   45'087        7
                     'probing':          1  19'365'521  10'122'534  594'119        2        3
              'probing_max_lp':          1   7'186'132   3'103'813  169'297   49'127        5
                'pseudo_costs':          1   7'179'873   3'048'745  157'448   45'921        4
               'quick_restart':          1  19'374'565  10'101'876  591'737        0        4
               'reduced_costs':          1   7'221'001   3'206'623  163'570   47'750        5

Lp dimension                                                                        Final dimension of first component
                  'default_lp':  3247 rows, 2108 columns, 34915 entries with magnitude in [6.952042e-07, 1.000000e+00]
                   'fs_random':         0 rows, 2108 columns, 0 entries with magnitude in [0.000000e+00, 0.000000e+00]
                   'fs_random':         0 rows, 2108 columns, 0 entries with magnitude in [0.000000e+00, 0.000000e+00]
     'fs_random_quick_restart':         0 rows, 2108 columns, 0 entries with magnitude in [0.000000e+00, 0.000000e+00]
     'fs_random_quick_restart':         0 rows, 2108 columns, 0 entries with magnitude in [0.000000e+00, 0.000000e+00]
              'lb_tree_search':  3422 rows, 2112 columns, 29460 entries with magnitude in [1.493933e-05, 1.000000e+00]
                      'max_lp':  3506 rows, 2112 columns, 46673 entries with magnitude in [7.076264e-06, 1.000000e+00]
         'objective_lb_search':  3215 rows, 2108 columns, 35420 entries with magnitude in [1.076929e-05, 1.000000e+00]
  'objective_lb_search_max_lp':  4006 rows, 2112 columns, 39596 entries with magnitude in [1.118345e-05, 1.000000e+00]
                     'probing':  3469 rows, 2108 columns, 49396 entries with magnitude in [1.336526e-06, 1.000000e+00]
              'probing_max_lp':  2772 rows, 2112 columns, 70846 entries with magnitude in [7.876717e-06, 1.000000e+00]
                'pseudo_costs':  3338 rows, 2112 columns, 39074 entries with magnitude in [6.911972e-05, 1.000000e+00]
               'quick_restart':  3114 rows, 2108 columns, 36808 entries with magnitude in [7.599583e-06, 1.000000e+00]
               'reduced_costs':  3572 rows, 2112 columns, 34643 entries with magnitude in [1.234032e-04, 1.000000e+00]

Lp debug                         CutPropag  CutEqPropag  Adjust  Overflow          Bad  BadScaling
                  'default_lp':          1        6'514   2'735         0  370'786'248           0
                   'fs_random':          0            0       0         0            0           0
                   'fs_random':          0            0       0         0            0           0
     'fs_random_quick_restart':          0            0       0         0            0           0
     'fs_random_quick_restart':          0            0       0         0            0           0
              'lb_tree_search':          5        3'715   2'297         1  281'390'677           0
                      'max_lp':          0        2'322  11'109         0  261'786'688           0
         'objective_lb_search':          0        6'666   5'343         0  362'990'456           0
  'objective_lb_search_max_lp':          0        1'846  11'250         0  264'427'442           0
                     'probing':          1        6'099   2'463         0  373'072'902           0
              'probing_max_lp':         12        1'983  12'472         0  281'447'298           0
                'pseudo_costs':          0        1'420   4'137         0  263'111'954           0
               'quick_restart':          1        6'352   8'112         0  364'522'852           0
               'reduced_costs':          0        2'349   6'159         0  275'997'378           0

Lp pool                          Constraints  Updates  Simplif  Merged  Shortened   Split  Strenghtened              Cuts/Call
                  'default_lp':       12'284  130'576   22'429     162        843  16'240       367'274  10'314'573/20'990'544
                   'fs_random':        2'873        0        0       0          0       0             0                    0/0
                   'fs_random':        2'873        0        0       0          0       0             0                    0/0
     'fs_random_quick_restart':        2'873        0        0       0          0       0             0                    0/0
     'fs_random_quick_restart':        2'873        0        0       0          0       0             0                    0/0
              'lb_tree_search':       12'810  104'058   31'675      38      3'010  26'956       529'263    3'231'334/6'157'077
                      'max_lp':       13'353  116'000   22'420      39      1'282  35'791       479'476    3'081'878/5'929'193
         'objective_lb_search':       12'224  130'508   18'116     181        686  16'736       367'602   9'206'532/18'804'828
  'objective_lb_search_max_lp':       13'141   95'115   22'267      86      1'290  27'671       486'875    3'151'713/6'068'881
                     'probing':       12'159  125'217   17'579     248        672  14'573       398'517  10'122'534/20'589'208
              'probing_max_lp':       13'283  105'052   28'953      44      1'535  27'325       521'394    3'103'813/6'082'543
                'pseudo_costs':       13'148  104'219   23'340     111      1'266  32'240       483'534    3'048'745/5'809'956
               'quick_restart':       12'614  135'329   22'523     135        693  18'788       382'325  10'101'876/20'605'535
               'reduced_costs':       13'033  102'944   22'722     104      1'751  21'853       533'425    3'206'623/6'079'179

Lp Cut               defaul   max_lp     quick_   reduce   pseudo   lb_tre     probin     object   probin   object
          CG_FF:    450'124   77'203    444'166   77'546   73'497   78'472    446'235    402'553   73'933   78'473
           CG_K:     10'332   10'444      9'006   11'943   11'150   14'397     10'476      8'411   11'483   11'070
          CG_KL:          1        -          -        -        1        1          2          1        2        -
           CG_R:    394'310   70'478    409'554   79'246   71'378   83'186    419'234    392'584   80'995   74'582
          CG_RB:  2'420'007  405'786  2'397'734  435'766  388'202  435'055  2'340'365  2'204'715  396'245  414'290
         CG_RBP:     10'411   11'190      7'749   13'732   11'052   15'390      8'918      7'106   12'408   12'072
         Clique:          -   61'311          -   65'961   64'204   69'861          -          -   67'653   62'868
             IB:  1'820'607  359'353  1'797'730  377'172  360'376  379'965  1'825'755  1'662'391  365'712  375'650
       MIR_1_FF:  1'866'231  492'871  1'660'310  494'824  472'424  515'929  1'677'986  1'489'491  485'415  487'389
        MIR_1_K:     14'478    9'554     12'879   11'795   10'471   10'464     15'409     10'836   10'786   10'136
       MIR_1_KL:         22        4         31        1        1        1         11          9        2        2
        MIR_1_R:     47'074   19'832     48'801   19'618   16'925   18'717     44'281     39'548   20'687   19'776
       MIR_1_RB:  1'422'358  562'977  1'440'141  565'558  554'428  554'520  1'452'545  1'290'484  541'473  584'734
      MIR_1_RBP:      6'352    2'762      6'615    3'871    2'955    4'638      6'765      5'477    3'177    3'213
      MIR_1_RLT:          -      595          -      594      591      698          -          -      606      550
       MIR_2_FF:    150'303   71'327    134'564   69'814   67'294   72'568    139'885     97'607   67'958   70'477
        MIR_2_K:      5'878    4'542      3'954    5'127    4'654    4'732      5'277      4'004    4'912    4'329
       MIR_2_KL:         11        1          8        -        -        3          8          9        -        3
        MIR_2_R:     14'448   16'034     13'732   16'869   15'318   16'548     14'941     12'176   17'468   16'760
       MIR_2_RB:    247'093  240'204    258'619  243'706  224'675  224'226    242'893    220'857  229'684  229'483
      MIR_2_RBP:      2'116    1'430      2'308    2'214    1'513    2'815      2'515      2'166    1'804    1'947
       MIR_3_FF:     31'701   28'170     29'700   29'297   29'516   32'536     34'432     30'184   31'229   29'534
        MIR_3_K:      4'519    5'450      3'723    5'899    5'686    6'187      5'675      4'303    6'054    5'430
       MIR_3_KL:          3        -          1        -        -        -          1          1        -        1
        MIR_3_R:     45'017   12'979     48'097   15'200   14'478   15'999     50'932     47'766   15'937   13'905
       MIR_3_RB:    201'811  124'717    205'186  133'206  135'970  135'001    210'608    191'004  130'677  137'286
      MIR_3_RBP:      2'798    1'749      3'062    2'148    1'866    2'359      3'155      3'147    2'045    1'953
       MIR_4_FF:     10'339   21'589      8'914   22'201   22'038   22'994     10'609      8'912   22'369   22'122
        MIR_4_K:      1'707    3'121      1'250    3'496    3'401    3'551      1'788      1'174    3'586    3'201
       MIR_4_KL:          3        -          1        -        1        -          2          1        1        -
        MIR_4_R:      8'840    4'931      8'968    5'658    5'467    5'911      9'817      8'967    6'155    5'294
       MIR_4_RB:    119'378   99'058    117'414  102'088  101'614  102'816    120'268    108'268  101'085  103'996
      MIR_4_RBP:      1'293    1'024      1'382    1'353    1'238    1'525      1'462      1'303    1'307    1'197
       MIR_5_FF:      7'051   15'337      6'477   16'022   15'539   16'572      7'056      6'597   16'074   15'622
        MIR_5_K:      1'320    3'422      1'089    3'826    3'564    3'729      1'400      1'072    3'779    3'522
       MIR_5_KL:          4        -          4        -        -        -          -          3        -        -
        MIR_5_R:      4'849    3'922      5'008    4'479    4'442    4'914      5'570      4'834    4'745    4'213
       MIR_5_RB:     87'555   77'807     86'648   80'579   78'753   81'952     88'725     78'958   81'282   81'035
      MIR_5_RBP:        790    1'149        855    1'461    1'428    1'551        810        766    1'461    1'348
       MIR_6_FF:      3'960   11'969      3'986   11'984   11'360   12'104      3'849      3'955   12'836   11'432
        MIR_6_K:      1'172    2'436      1'142    2'599    2'518    2'578      1'182        863    2'829    2'416
       MIR_6_KL:          -        2          -        2        1        1          -          1        3        1
        MIR_6_R:      2'750    3'943      2'782    4'773    4'626    5'226      3'027      2'646    4'888    4'428
       MIR_6_RB:     60'012   57'509     59'438   59'542   58'804   59'873     60'527     54'595   59'257   60'370
      MIR_6_RBP:        627      840        793    1'053      961    1'084        630        635    1'082      886
   ZERO_HALF_FF:    120'380   17'730    118'915   18'619   16'754   19'499    113'126    105'687   18'217   17'522
    ZERO_HALF_K:      5'960    1'324      5'538    1'404    1'245    1'755      4'865      7'128    1'401    1'347
   ZERO_HALF_KL:          -        -          -        2        4        3          -          -       12        7
    ZERO_HALF_R:    453'507  110'813    475'497  129'014  125'057  136'236    481'994    451'903  131'222  115'067
   ZERO_HALF_RB:    254'010   52'137    256'888   54'292   50'479   52'212    246'543    230'394   50'937   49'985
  ZERO_HALF_RBP:      1'061      852      1'217    1'069      826      980        980      1'040      940      789

LNS stats           Improv/Calls  Closed  Difficulty  TimeLimit
  'graph_arc_lns':           8/8      0%        0.02       0.10
  'graph_cst_lns':           4/7     43%        0.34       0.10
  'graph_dec_lns':           4/7      0%        0.03       0.10
  'graph_var_lns':           7/8     38%        0.27       0.10
      'rins/rens':           5/6     33%        0.19       0.10
    'rnd_cst_lns':           3/8     25%        0.13       0.10
    'rnd_var_lns':           4/8     38%        0.33       0.10

LS stats                   Batches  Restarts  LinMoves  GenMoves  CompoundMoves  WeightUpdates
       'fj_long_default':        2         1    17'091         0              0          1'129
   'fj_long_lin_default':        2         1         0     5'981            828              6
        'fj_long_random':        3         1    28'190         0              0          1'810
      'fj_short_default':        6         1         0    22'331          1'876             40
  'fj_short_lin_default':        5         1         0    19'290          2'034             38
   'fj_short_lin_random':        3         1         0    13'254          1'156             15
       'fj_short_random':        1         1         0     3'111            653              3
          'violation_ls':        8         0        35     6'749            606             98
          'violation_ls':        8         0        55     6'909            576            107
          'violation_ls':        8         0     9'519       716             66            516

Solutions (44)            Num     Rank
      'fj_long_default':    1    [1,1]
        'graph_arc_lns':    1  [10,10]
        'graph_var_lns':    1  [21,21]
  'quick_restart_no_lp':   22  [23,44]
        'rins_pump_lns':    1  [22,22]
          'rnd_var_lns':    1  [17,17]
         'violation_ls':   17   [2,20]

Objective bounds                      Num
                       'default_lp':    1
                   'initial_domain':    1
       'objective_lb_search_max_lp':    7
  'objective_shaving_search_max_lp':   12
   'objective_shaving_search_no_lp':    6
                          'probing':    2
                   'probing_max_lp':   22
                     'pseudo_costs':    1
                    'quick_restart':    1

Solution repositories    Added  Queried  Ignored  Synchro
  'feasible solutions':    108      138        0      103
        'lp solutions':      0        0        0        0
                'pump':     62        8

Improving bounds shared            Num
                        'core':  3'233
                  'default_lp':    363
              'lb_tree_search':      2
                      'max_lp':     44
                       'no_lp':  3'371
         'objective_lb_search':     92
  'objective_lb_search_max_lp':     49
   'objective_lb_search_no_lp':  3'520
                     'probing':     66
              'probing_max_lp':      4
                'pseudo_costs':     83
               'quick_restart':    202
         'quick_restart_no_lp':  4'007
               'reduced_costs':    132

Clauses shared                    Num
                       'core':  1'168
                      'no_lp':  1'127
  'objective_lb_search_no_lp':  1'299
              'quick_restart':      1
        'quick_restart_no_lp':  1'613

CpSolverResponse summary:
status: FEASIBLE
objective: 489538
best_bound: 266468
integers: 2111
booleans: 1743
conflicts: 0
branches: 242
propagations: 8328
integer_propagations: 62122
restarts: 242
lp_iterations: 0
walltime: 28800.2
usertime: 28800.2
deterministic_time: 137689
gap_integral: 1.69568e+06
solution_fingerprint: 0xad16eaea631ad6d0

CPU USED: 32
Loading /home/aneumann/projects/def-adhaj/aneumann/gns/data/instances/test/xl/instance_151.pkl...
===* START SOLVING *===
   index    value       gap  ... max_time  cpu  max_memory
0    151  4895.38  0.455675  ...        8   32         118

[1 rows x 8 columns]
===* END OF FILE *===
