created virtual environment CPython3.12.4.final.0-64 in 838ms
  creator CPython3Posix(dest=/localscratch/aneumann.37168014.0/env, clear=False, no_vcs_ignore=False, global=False)
  seeder FromAppData(download=False, pip=bundle, via=copy, app_data_dir=/home/aneumann/.local/share/virtualenv)
    added seed packages: pip==24.2+computecanada
  activators BashActivator,CShellActivator,FishActivator,NushellActivator,PowerShellActivator,PythonActivator
Looking in links: /cvmfs/soft.computecanada.ca/custom/python/wheelhouse/gentoo2023/x86-64-v3, /cvmfs/soft.computecanada.ca/custom/python/wheelhouse/gentoo2023/generic, /cvmfs/soft.computecanada.ca/custom/python/wheelhouse/generic
Requirement already satisfied: pip in /localscratch/aneumann.37168014.0/env/lib/python3.12/site-packages (24.2+computecanada)
Looking in links: /cvmfs/soft.computecanada.ca/custom/python/wheelhouse/gentoo2023/x86-64-v3, /cvmfs/soft.computecanada.ca/custom/python/wheelhouse/gentoo2023/generic, /cvmfs/soft.computecanada.ca/custom/python/wheelhouse/generic
ERROR: protobuf-5.28.3-cp38-abi3-manylinux2014_x86_64.whl is not a supported wheel on this platform.
Looking in links: /cvmfs/soft.computecanada.ca/custom/python/wheelhouse/gentoo2023/x86-64-v3, /cvmfs/soft.computecanada.ca/custom/python/wheelhouse/gentoo2023/generic, /cvmfs/soft.computecanada.ca/custom/python/wheelhouse/generic
Processing /home/aneumann/projects/def-adhaj/aneumann/gns/wheels/immutabledict-4.2.0-py3-none-any.whl
Installing collected packages: immutabledict
Successfully installed immutabledict-4.2.0
Looking in links: /cvmfs/soft.computecanada.ca/custom/python/wheelhouse/gentoo2023/x86-64-v3, /cvmfs/soft.computecanada.ca/custom/python/wheelhouse/gentoo2023/generic, /cvmfs/soft.computecanada.ca/custom/python/wheelhouse/generic
Processing /cvmfs/soft.computecanada.ca/custom/python/wheelhouse/generic/ortools-9.10.4067+computecanada-cp312-cp312-linux_x86_64.whl (from -r /home/aneumann/projects/def-adhaj/aneumann/gns/requirements_or.txt (line 1))
Processing /cvmfs/soft.computecanada.ca/custom/python/wheelhouse/gentoo2023/x86-64-v3/pandas-2.2.2+computecanada-cp312-cp312-linux_x86_64.whl (from -r /home/aneumann/projects/def-adhaj/aneumann/gns/requirements_or.txt (line 2))
Processing /cvmfs/soft.computecanada.ca/custom/python/wheelhouse/generic/absl_py-2.1.0+computecanada-py3-none-any.whl (from ortools->-r /home/aneumann/projects/def-adhaj/aneumann/gns/requirements_or.txt (line 1))
Processing /cvmfs/soft.computecanada.ca/custom/python/wheelhouse/gentoo2023/generic/numpy-2.1.1+computecanada-cp312-cp312-linux_x86_64.whl (from ortools->-r /home/aneumann/projects/def-adhaj/aneumann/gns/requirements_or.txt (line 1))
Processing /cvmfs/soft.computecanada.ca/custom/python/wheelhouse/gentoo2023/x86-64-v3/protobuf-5.28.0+computecanada-cp312-cp312-linux_x86_64.whl (from ortools->-r /home/aneumann/projects/def-adhaj/aneumann/gns/requirements_or.txt (line 1))
Requirement already satisfied: immutabledict>=3.0.0 in /localscratch/aneumann.37168014.0/env/lib/python3.12/site-packages (from ortools->-r /home/aneumann/projects/def-adhaj/aneumann/gns/requirements_or.txt (line 1)) (4.2.0)
Processing /cvmfs/soft.computecanada.ca/custom/python/wheelhouse/generic/python_dateutil-2.9.0.post0+computecanada-py2.py3-none-any.whl (from pandas->-r /home/aneumann/projects/def-adhaj/aneumann/gns/requirements_or.txt (line 2))
Processing /cvmfs/soft.computecanada.ca/custom/python/wheelhouse/generic/pytz-2024.2+computecanada-py2.py3-none-any.whl (from pandas->-r /home/aneumann/projects/def-adhaj/aneumann/gns/requirements_or.txt (line 2))
Processing /cvmfs/soft.computecanada.ca/custom/python/wheelhouse/generic/tzdata-2024.2+computecanada-py2.py3-none-any.whl (from pandas->-r /home/aneumann/projects/def-adhaj/aneumann/gns/requirements_or.txt (line 2))
Processing /cvmfs/soft.computecanada.ca/custom/python/wheelhouse/generic/six-1.16.0+computecanada-py2.py3-none-any.whl (from python-dateutil>=2.8.2->pandas->-r /home/aneumann/projects/def-adhaj/aneumann/gns/requirements_or.txt (line 2))
Installing collected packages: pytz, tzdata, six, protobuf, numpy, absl-py, python-dateutil, pandas, ortools
Successfully installed absl-py-2.1.0+computecanada numpy-2.1.1+computecanada ortools-9.10.4067+computecanada pandas-2.2.2+computecanada protobuf-5.28.0+computecanada python-dateutil-2.9.0.post0+computecanada pytz-2024.2+computecanada six-1.16.0+computecanada tzdata-2024.2+computecanada

Starting CP-SAT solver v9.10.4067
Parameters: max_time_in_seconds: 28800 max_memory_in_mb: 118 log_search_progress: true optimize_with_core: true cp_model_presolve: true enumerate_all_solutions: false num_search_workers: 32 use_implied_bounds: true absolute_gap_limit: 5 relative_gap_limit: 0.01 use_probing_search: true

Initial optimization model '': (model_fingerprint: 0xc3d3889a48a9fca4)
#Variables: 3'356 (#bools: 34 #ints: 1 in objective)
  - 2'926 Booleans in [0,1]
  - 429 in [0,300000]
  - 1 constants in {1} 
#kBoolOr: 2'202 (#literals: 2'202)
#kLinear1: 557
#kLinear2: 9'846
#kLinear3: 2'111
#kLinearN: 509 (#terms: 6'703)

Starting presolve at 0.00s
  2.87e-03s  0.00e+00d  [DetectDominanceRelations] 
  7.25e-02s  0.00e+00d  [PresolveToFixPoint] #num_loops=17 #num_dual_strengthening=3 
  7.84e-05s  0.00e+00d  [ExtractEncodingFromLinear] #potential_supersets=234 
[Symmetry] Graph for symmetry has 11'466 nodes and 23'620 arcs.
[Symmetry] Symmetry computation done. time: 0.00226066 dtime: 0.00314004
[Symmetry] #generators: 2, average support size: 2
[Symmetry] 2 orbits with sizes: 2,2
[Symmetry] Found orbitope of size 1 x 2
[SAT presolve] num removable Booleans: 0 / 1742
[SAT presolve] num trivial clauses: 0
[SAT presolve] [0s] clauses:3036 literals:6072 vars:1704 one_side_vars:1667 simple_definition:36 singleton_clauses:0
[SAT presolve] [0.000219374s] clauses:3036 literals:6072 vars:1704 one_side_vars:1667 simple_definition:36 singleton_clauses:0
[SAT presolve] [0.000329972s] clauses:3036 literals:6072 vars:1704 one_side_vars:1667 simple_definition:36 singleton_clauses:0
  9.40e-01s  2.26e-01d  [Probe] #probed=4'171 #fixed_bools=97 #new_bounds=228 
  6.49e-03s  0.00e+00d  [MaxClique] Merged 3264(9396 literals) into 1335(8377 literals) at_most_ones. 
  2.29e-03s  0.00e+00d  [DetectDominanceRelations] 
  1.82e-02s  0.00e+00d  [PresolveToFixPoint] #num_loops=5 #num_dual_strengthening=4 
  3.34e-03s  0.00e+00d  [ProcessAtMostOneAndLinear] #num_changes=10 
  2.35e-03s  0.00e+00d  [DetectDuplicateConstraints] #duplicates=4 #without_enforcements=3 
  4.18e-04s  2.42e-05d  [DetectDominatedLinearConstraints] #relevant_constraints=1'719 
  6.63e-04s  0.00e+00d  [DetectDifferentVariables] #different=17 
  1.06e-03s  4.24e-04d  [ProcessSetPPC] #relevant_constraints=1'242 #num_inclusions=1'098 
  5.51e-05s  0.00e+00d  [FindAlmostIdenticalLinearConstraints] 
  3.73e-03s  6.41e-03d  [FindBigAtMostOneAndLinearOverlap] 
  9.08e-04s  3.08e-03d  [FindBigVerticalLinearOverlap] 
  1.43e-04s  3.70e-04d  [FindBigHorizontalLinearOverlap] #linears=51 
  7.06e-05s  0.00e+00d  [MergeClauses] 
  2.28e-03s  0.00e+00d  [DetectDominanceRelations] 
  9.93e-03s  0.00e+00d  [PresolveToFixPoint] #num_loops=3 #num_dual_strengthening=2 
  2.24e-03s  0.00e+00d  [DetectDominanceRelations] 
  8.62e-03s  0.00e+00d  [PresolveToFixPoint] #num_loops=1 #num_dual_strengthening=1 
[Symmetry] Graph for symmetry has 8'989 nodes and 17'666 arcs.
[Symmetry] Symmetry computation done. time: 0.00139647 dtime: 0.00202714
[Symmetry] #generators: 1, average support size: 2
[Symmetry] The model contains 5 duplicate constraints !
[Symmetry] 1 orbits with sizes: 2
[SAT presolve] num removable Booleans: 0 / 1642
[SAT presolve] num trivial clauses: 0
[SAT presolve] [0s] clauses:28 literals:56 vars:38 one_side_vars:28 simple_definition:10 singleton_clauses:0
[SAT presolve] [3.6609e-05s] clauses:28 literals:56 vars:38 one_side_vars:28 simple_definition:10 singleton_clauses:0
[SAT presolve] [7.6694e-05s] clauses:28 literals:56 vars:38 one_side_vars:28 simple_definition:10 singleton_clauses:0
  2.22e-01s  5.18e-02d  [Probe] #probed=4'068 #new_bounds=113 
  3.99e-03s  0.00e+00d  [MaxClique] Merged 1126(7031 literals) into 1125(7044 literals) at_most_ones. 
  2.34e-03s  0.00e+00d  [DetectDominanceRelations] 
  1.59e-02s  0.00e+00d  [PresolveToFixPoint] #num_loops=4 #num_dual_strengthening=3 
  3.26e-03s  0.00e+00d  [ProcessAtMostOneAndLinear] 
  2.34e-03s  0.00e+00d  [DetectDuplicateConstraints] #duplicates=8 
  4.19e-04s  2.42e-05d  [DetectDominatedLinearConstraints] #relevant_constraints=1'713 
  4.99e-04s  0.00e+00d  [DetectDifferentVariables] #different=17 
  9.31e-04s  4.17e-04d  [ProcessSetPPC] #relevant_constraints=1'182 #num_inclusions=1'036 
  6.58e-05s  0.00e+00d  [FindAlmostIdenticalLinearConstraints] 
  3.67e-03s  6.39e-03d  [FindBigAtMostOneAndLinearOverlap] 
  9.02e-04s  3.08e-03d  [FindBigVerticalLinearOverlap] 
  1.46e-04s  3.70e-04d  [FindBigHorizontalLinearOverlap] #linears=51 
  6.53e-05s  0.00e+00d  [MergeClauses] 
  2.28e-03s  0.00e+00d  [DetectDominanceRelations] 
  8.60e-03s  0.00e+00d  [PresolveToFixPoint] #num_loops=1 #num_dual_strengthening=1 
  2.28e-03s  0.00e+00d  [DetectDominanceRelations] 
  8.60e-03s  0.00e+00d  [PresolveToFixPoint] #num_loops=1 #num_dual_strengthening=1 
[Symmetry] Graph for symmetry has 8'981 nodes and 17'661 arcs.
[Symmetry] Symmetry computation done. time: 0.00137604 dtime: 0.00203853
[Symmetry] #generators: 1, average support size: 2
[Symmetry] 1 orbits with sizes: 2
[SAT presolve] num removable Booleans: 0 / 1642
[SAT presolve] num trivial clauses: 0
[SAT presolve] [0s] clauses:27 literals:54 vars:36 one_side_vars:26 simple_definition:10 singleton_clauses:0
[SAT presolve] [3.171e-05s] clauses:27 literals:54 vars:36 one_side_vars:26 simple_definition:10 singleton_clauses:0
[SAT presolve] [7.0633e-05s] clauses:27 literals:54 vars:36 one_side_vars:26 simple_definition:10 singleton_clauses:0
  2.15e-01s  5.05e-02d  [Probe] #probed=4'068 #new_bounds=27 
  4.02e-03s  0.00e+00d  [MaxClique] Merged 1125(7038 literals) into 1125(7044 literals) at_most_ones. 
  2.35e-03s  0.00e+00d  [DetectDominanceRelations] 
  1.20e-02s  0.00e+00d  [PresolveToFixPoint] #num_loops=4 #num_dual_strengthening=3 
  3.21e-03s  0.00e+00d  [ProcessAtMostOneAndLinear] 
  2.32e-03s  0.00e+00d  [DetectDuplicateConstraints] #duplicates=4 
  4.13e-04s  2.42e-05d  [DetectDominatedLinearConstraints] #relevant_constraints=1'713 
  5.45e-04s  0.00e+00d  [DetectDifferentVariables] #different=17 
  8.77e-04s  4.17e-04d  [ProcessSetPPC] #relevant_constraints=1'182 #num_inclusions=1'036 
  6.87e-05s  0.00e+00d  [FindAlmostIdenticalLinearConstraints] 
  3.66e-03s  6.40e-03d  [FindBigAtMostOneAndLinearOverlap] 
  9.33e-04s  3.08e-03d  [FindBigVerticalLinearOverlap] 
  1.59e-04s  3.70e-04d  [FindBigHorizontalLinearOverlap] #linears=51 
  6.89e-05s  0.00e+00d  [MergeClauses] 
  2.31e-03s  0.00e+00d  [DetectDominanceRelations] 
  8.68e-03s  0.00e+00d  [PresolveToFixPoint] #num_loops=1 #num_dual_strengthening=1 
  1.50e-04s  0.00e+00d  [ExpandObjective] #entries=36 #tight_variables=18 #tight_constraints=6 

Presolve summary:
  - 99 affine relations were detected.
  - rule 'TODO dual: only one blocking constraint?' was applied 36'120 times.
  - rule 'TODO dual: only one unspecified blocking constraint?' was applied 19 times.
  - rule 'TODO dual: tighten at most one' was applied 483 times.
  - rule 'TODO linear2: contains a Boolean.' was applied 17'328 times.
  - rule 'TODO symmetry: add symmetry breaking inequalities?' was applied 1 time.
  - rule 'affine: fixed' was applied 1 time.
  - rule 'affine: new relation' was applied 99 times.
  - rule 'at_most_one: removed literals' was applied 376 times.
  - rule 'at_most_one: singleton' was applied 1 time.
  - rule 'at_most_one: size one' was applied 150 times.
  - rule 'at_most_one: transformed into max clique.' was applied 2 times.
  - rule 'bool_and: x => x' was applied 2 times.
  - rule 'bool_or: always true' was applied 2'202 times.
  - rule 'bool_or: implications' was applied 8'653 times.
  - rule 'bool_or: singleton' was applied 6 times.
  - rule 'deductions: 454 stored' was applied 1 time.
  - rule 'dual: add implication' was applied 24 times.
  - rule 'dual: enforced equivalence' was applied 1 time.
  - rule 'dual: fix variable' was applied 553 times.
  - rule 'dual: fix variable with multiple choices' was applied 6 times.
  - rule 'dual: reduced domain' was applied 230 times.
  - rule 'duplicate: merged rhs of linear constraint' was applied 4 times.
  - rule 'duplicate: removed constraint' was applied 16 times.
  - rule 'duplicate: removed enforced constraint' was applied 3 times.
  - rule 'enforcement: false literal' was applied 5'580 times.
  - rule 'enforcement: literal not used' was applied 14 times.
  - rule 'linear + amo: fixed literal implied by enforcement' was applied 10 times.
  - rule 'linear1: always true' was applied 3 times.
  - rule 'linear2: contains a Boolean.' was applied 15 times.
  - rule 'linear: always true' was applied 1'558 times.
  - rule 'linear: divide by GCD' was applied 6'441 times.
  - rule 'linear: empty' was applied 139 times.
  - rule 'linear: extracted enforcement literal' was applied 638 times.
  - rule 'linear: fixed or dup variables' was applied 1'699 times.
  - rule 'linear: negative clause' was applied 2'861 times.
  - rule 'linear: positive at most one' was applied 228 times.
  - rule 'linear: positive clause' was applied 5'798 times.
  - rule 'linear: positive equal one' was applied 6 times.
  - rule 'linear: reduced variable domains' was applied 889 times.
  - rule 'linear: remapped using affine relations' was applied 3'258 times.
  - rule 'linear: simplified rhs' was applied 21'011 times.
  - rule 'linear: singleton column' was applied 12 times.
  - rule 'objective: variable not used elsewhere' was applied 1 time.
  - rule 'presolve: 1249 unused variables removed.' was applied 1 time.
  - rule 'presolve: iteration' was applied 3 times.
  - rule 'setppc: bool_or in at_most_one.' was applied 1 time.
  - rule 'setppc: removed dominated constraints' was applied 59 times.
  - rule 'symmetry: added symmetry breaking implication' was applied 1 time.

Presolved optimization model '': (model_fingerprint: 0xf12c21030e50dd)
#Variables: 1'996 (#bools: 33 #ints: 1 in objective)
  - 1'642 Booleans in [0,1]
  - 130 different domains in [0,300000] with a largest complexity of 1.
#kAtMostOne: 1'098 (#literals: 6'984)
#kBoolAnd: 31 (#enforced: 31) (#literals: 62)
#kExactlyOne: 6 (#literals: 18)
#kLinear1: 8 (#enforced: 8)
#kLinear2: 798 (#enforced: 553 #multi: 10)
#kLinear3: 1'347 (#enforced: 2)
#kLinearN: 121 (#terms: 2'140)

Preloading model.
#Bound   1.63s best:inf   next:[531296,28818840] initial_domain
[Symmetry] Graph for symmetry has 7'621 nodes and 17'661 arcs.
[Symmetry] Symmetry computation done. time: 0.0013502 dtime: 0.00196189
[Symmetry] #generators: 1, average support size: 2
#Model   1.63s var:1996/1996 constraints:3409/3409

Starting search at 1.64s with 32 workers.
16 full problem subsolvers: [core, default_lp, lb_tree_search, max_lp, no_lp, objective_lb_search, objective_lb_search_max_lp, objective_lb_search_no_lp, objective_shaving_search_max_lp, objective_shaving_search_no_lp, probing, probing_max_lp, pseudo_costs, quick_restart, quick_restart_no_lp, reduced_costs]
14 first solution subsolvers: [fj_long_default, fj_long_lin_default, fj_long_random, fj_short_default, fj_short_lin_default, fj_short_lin_random, fj_short_random, fs_random(2), fs_random_no_lp(2), fs_random_quick_restart(2), fs_random_quick_restart_no_lp]
11 incomplete subsolvers: [feasibility_pump, graph_arc_lns, graph_cst_lns, graph_dec_lns, graph_var_lns, rins/rens, rnd_cst_lns, rnd_var_lns, violation_ls(3)]
3 helper subsolvers: [neighborhood_helper, synchronization_agent, update_gap_integral]
#Bound   1.97s best:inf   next:[531300,28818840] objective_shaving_search_no_lp (vars=1748 csts=2066)
#Bound   2.14s best:inf   next:[531304,28818840] objective_shaving_search_max_lp (vars=1996 csts=3410)
#Bound   2.32s best:inf   next:[531308,28818840] objective_shaving_search_max_lp (vars=1996 csts=3410)
#Bound   2.33s best:inf   next:[531312,28818840] objective_shaving_search_max_lp (vars=1996 csts=3410)
#Bound   2.36s best:inf   next:[531316,28818840] objective_shaving_search_max_lp (vars=1996 csts=3410)
#Bound   2.37s best:inf   next:[531320,28818840] objective_shaving_search_max_lp (vars=1996 csts=3410)
#Bound   2.37s best:inf   next:[531324,28818840] objective_shaving_search_max_lp (vars=1996 csts=3410)
#Bound   2.38s best:inf   next:[531328,28818840] objective_shaving_search_max_lp (vars=1996 csts=3410)
#Bound   2.39s best:inf   next:[531332,28818840] objective_shaving_search_max_lp (vars=1996 csts=3410)
#Bound   2.40s best:inf   next:[531336,28818840] objective_shaving_search_max_lp (vars=1996 csts=3410)
#Bound   2.41s best:inf   next:[531340,28818840] objective_shaving_search_no_lp (vars=1996 csts=3410)
#Bound   2.41s best:inf   next:[531344,28818840] objective_shaving_search_no_lp (vars=1996 csts=3410)
#Bound   2.42s best:inf   next:[531348,28818840] objective_shaving_search_no_lp (vars=1996 csts=3410)
#Bound   2.43s best:inf   next:[531352,28818840] objective_shaving_search_no_lp (vars=1996 csts=3410)
#Bound   2.44s best:inf   next:[531356,28818840] objective_shaving_search_no_lp (vars=1996 csts=3410)
#Bound   2.44s best:inf   next:[531360,28818840] objective_shaving_search_no_lp (vars=1996 csts=3410)
#Bound   2.45s best:inf   next:[531364,28818840] objective_shaving_search_no_lp (vars=1996 csts=3410)
#Bound   2.46s best:inf   next:[531368,28818840] objective_shaving_search_no_lp (vars=1996 csts=3410)
#1       2.47s best:28818840 next:[531368,28818836] fj_long_random(batch:3 #lin_moves:24'368 #lin_evals:44'663 #weight_updates:1'412)
#2       2.53s best:28818744 next:[531368,28818740] violation_ls(batch:1 #solutions_imported:1 #lin_moves:0 #lin_evals:4'797 #gen_moves:85 #gen_evals:0 #comp_moves:9 #backtracks:38 #weight_updates:1)
#3       2.55s best:28818648 next:[531368,28818644] violation_ls(batch:2 #solutions_imported:2 #lin_moves:12 #lin_evals:5'144 #gen_moves:85 #gen_evals:0 #comp_moves:9 #backtracks:38 #weight_updates:7)
#4       2.56s best:28818552 next:[531368,28818548] violation_ls(batch:2 #solutions_imported:2 #lin_moves:26 #lin_evals:702 #weight_updates:14)
#5       2.58s best:28818456 next:[531368,28818452] violation_ls(batch:3 #solutions_imported:3 #lin_moves:18 #lin_evals:5'194 #gen_moves:85 #gen_evals:0 #comp_moves:9 #backtracks:38 #weight_updates:11)
#6       2.58s best:28818360 next:[531368,28818356] violation_ls(batch:3 #solutions_imported:3 #lin_moves:39 #lin_evals:1'053 #weight_updates:20)
#7       2.61s best:28818264 next:[531368,28818260] violation_ls(batch:2 #solutions_imported:2 #lin_moves:12 #lin_evals:47'281 #gen_moves:3'363 #gen_evals:0 #comp_moves:237 #backtracks:1'563 #weight_updates:64)
#8       2.62s best:28818168 next:[531368,28818164] violation_ls(batch:3 #solutions_imported:3 #lin_moves:25 #lin_evals:47'629 #gen_moves:3'363 #gen_evals:0 #comp_moves:237 #backtracks:1'563 #weight_updates:70)
#9       2.71s best:28818156 next:[531368,28818152] graph_cst_lns (d=0.50 s=88 t=0.10 p=0.00 stall=0 h=auto_l0)
#10      2.73s best:28817932 next:[531368,28817928] graph_var_lns (d=0.50 s=86 t=0.10 p=0.00 stall=0 h=auto_l0)
#11      2.74s best:28817836 next:[531368,28817832] violation_ls(batch:4 #solutions_imported:4 #lin_moves:18 #lin_evals:9'940 #gen_moves:153 #gen_evals:0 #comp_moves:15 #backtracks:69 #weight_updates:12)
#12      2.74s best:28817740 next:[531368,28817736] violation_ls(batch:4 #solutions_imported:4 #lin_moves:39 #lin_evals:6'793 #gen_moves:93 #gen_evals:0 #comp_moves:9 #backtracks:42 #weight_updates:21)
#13      2.74s best:28817644 next:[531368,28817640] violation_ls(batch:4 #solutions_imported:4 #lin_moves:25 #lin_evals:52'804 #gen_moves:3'419 #gen_evals:0 #comp_moves:243 #backtracks:1'588 #weight_updates:71)
#14      2.87s best:28817548 next:[531368,28817544] violation_ls(batch:5 #solutions_imported:5 #lin_moves:18 #lin_evals:15'329 #gen_moves:244 #gen_evals:0 #comp_moves:24 #backtracks:110 #weight_updates:13)
#15      2.87s best:28817452 next:[531368,28817448] violation_ls(batch:5 #solutions_imported:5 #lin_moves:47 #lin_evals:6'849 #gen_moves:93 #gen_evals:0 #comp_moves:9 #backtracks:42 #weight_updates:26)
#16      2.89s best:28817244 next:[531368,28817240] graph_var_lns (d=0.29 s=113 t=0.10 p=0.00 stall=0 h=auto_l0)
#17      3.06s best:28816752 next:[531368,28816748] rnd_var_lns (d=0.71 s=120 t=0.10 p=1.00 stall=1 h=auto_l0)
#18      3.06s best:28816656 next:[531368,28816652] violation_ls(batch:6 #solutions_imported:6 #lin_moves:18 #lin_evals:15'364 #gen_moves:248 #gen_evals:0 #comp_moves:28 #backtracks:110 #weight_updates:13)
#19      3.06s best:28816560 next:[531368,28816556] violation_ls(batch:6 #solutions_imported:6 #lin_moves:47 #lin_evals:6'868 #gen_moves:96 #gen_evals:0 #comp_moves:12 #backtracks:42 #weight_updates:26)
#20      3.06s best:28816464 next:[531368,28816460] violation_ls(batch:6 #solutions_imported:6 #lin_moves:25 #lin_evals:62'466 #gen_moves:3'592 #gen_evals:0 #comp_moves:258 #backtracks:1'667 #weight_updates:74)
#21      3.19s best:28816368 next:[531368,28816364] violation_ls(batch:7 #solutions_imported:7 #lin_moves:22 #lin_evals:15'408 #gen_moves:248 #gen_evals:0 #comp_moves:28 #backtracks:110 #weight_updates:16)
#22      3.20s best:28816272 next:[531368,28816268] violation_ls(batch:7 #solutions_imported:7 #lin_moves:47 #lin_evals:7'569 #gen_moves:116 #gen_evals:0 #comp_moves:18 #backtracks:49 #weight_updates:27)
#23      3.21s best:28816176 next:[531368,28816172] violation_ls(batch:7 #solutions_imported:7 #lin_moves:25 #lin_evals:62'517 #gen_moves:3'608 #gen_evals:0 #comp_moves:262 #backtracks:1'673 #weight_updates:75)
#Bound   3.26s best:28816176 next:[560096,28816172] objective_lb_search
#24      3.53s best:28816080 next:[560096,28816076] violation_ls(batch:8 #solutions_imported:8 #lin_moves:22 #lin_evals:15'460 #gen_moves:260 #gen_evals:0 #comp_moves:34 #backtracks:113 #weight_updates:17)
#25      3.53s best:28815984 next:[560096,28815980] violation_ls(batch:8 #solutions_imported:8 #lin_moves:51 #lin_evals:7'611 #gen_moves:116 #gen_evals:0 #comp_moves:18 #backtracks:49 #weight_updates:29)
#26      3.53s best:28815888 next:[560096,28815884] violation_ls(batch:8 #solutions_imported:8 #lin_moves:25 #lin_evals:62'570 #gen_moves:3'620 #gen_evals:0 #comp_moves:268 #backtracks:1'676 #weight_updates:76)
#27      3.82s best:28815624 next:[560096,28815620] rnd_var_lns (d=0.81 s=147 t=0.10 p=0.75 stall=0 h=auto_l0)
#Model   6.45s var:1995/1996 constraints:3408/3409
#Model   7.25s var:1994/1996 constraints:3407/3409
#Model   8.33s var:1993/1996 constraints:3406/3409
#Model  10.45s var:1992/1996 constraints:3405/3409
#Model  11.23s var:1991/1996 constraints:3404/3409
#Model  11.63s var:1990/1996 constraints:3403/3409
#Model  11.74s var:1989/1996 constraints:3401/3409
#Model  12.95s var:1988/1996 constraints:3401/3409
#Model  13.35s var:1987/1996 constraints:3401/3409
#Model  21.93s var:1986/1996 constraints:3400/3409
#28     22.60s best:28815528 next:[560096,28815524] violation_ls(batch:9 #solutions_imported:9 #lin_moves:22 #lin_evals:17'681 #gen_moves:295 #gen_evals:0 #comp_moves:39 #backtracks:128 #weight_updates:18)
#29     22.60s best:28815432 next:[560096,28815428] violation_ls(batch:9 #solutions_imported:9 #lin_moves:55 #lin_evals:7'655 #gen_moves:116 #gen_evals:0 #comp_moves:18 #backtracks:49 #weight_updates:32)
#30     22.60s best:28815336 next:[560096,28815332] violation_ls(batch:9 #solutions_imported:9 #lin_moves:31 #lin_evals:62'620 #gen_moves:3'620 #gen_evals:0 #comp_moves:268 #backtracks:1'676 #weight_updates:81)
#31     25.91s best:28813828 next:[560096,28813824] quick_restart_no_lp (fixed_bools=86/2727)
#32     27.92s best:28813100 next:[560096,28813096] quick_restart_no_lp (fixed_bools=104/2798)
#Model  31.23s var:1985/1996 constraints:3399/3409
#Model  45.33s var:1984/1996 constraints:3397/3409
#Model  50.82s var:1983/1996 constraints:3395/3409
#Model  53.05s var:1982/1996 constraints:3395/3409
#Model  67.96s var:1981/1996 constraints:3395/3409
#Bound  86.49s best:28813100 next:[560100,28813096] pseudo_costs
#Bound  86.71s best:28813100 next:[560412,28813096] pseudo_costs
#Bound  87.09s best:28813100 next:[560724,28813096] pseudo_costs
#Bound 141.65s best:28813100 next:[692576,28813096] probing_max_lp
#Bound 167.73s best:28813100 next:[692580,28813096] max_lp
#Bound 167.91s best:28813100 next:[692936,28813096] max_lp
#Bound 168.06s best:28813100 next:[693204,28813096] max_lp
#Bound 186.06s best:28813100 next:[698336,28813096] default_lp
#33    1068.47s best:28812568 next:[698336,28812564] quick_restart_no_lp (fixed_bools=249/4278)
#34    1091.73s best:28812356 next:[698336,28812352] quick_restart_no_lp (fixed_bools=253/4920)
#35    1237.24s best:28811972 next:[698336,28811968] quick_restart_no_lp (fixed_bools=257/5739)
#36    1252.23s best:28811480 next:[698336,28811476] quick_restart_no_lp (fixed_bools=261/5821)
#37    1779.35s best:28810692 next:[698336,28810688] quick_restart_no_lp (fixed_bools=291/7350)
#38    2030.03s best:28809972 next:[698336,28809968] quick_restart_no_lp (fixed_bools=301/7927)
#39    2030.67s best:28809604 next:[698336,28809600] quick_restart_no_lp (fixed_bools=301/7941)
#40    2034.11s best:28282964 next:[698336,28282960] core (fixed_bools=415/5506)
#41    2034.12s best:28265300 next:[698336,28265296] core (fixed_bools=415/5512)
#42    2034.13s best:28254164 next:[698336,28254160] core (fixed_bools=415/5519)
#43    2036.37s best:28253632 next:[698336,28253628] quick_restart_no_lp (fixed_bools=301/8352)
#44    2039.40s best:28252952 next:[698336,28252948] quick_restart_no_lp (fixed_bools=301/8410)
#45    2041.93s best:28248040 next:[698336,28248036] core (fixed_bools=415/5545)
#46    2041.95s best:28247776 next:[698336,28247772] core (fixed_bools=415/5557)
#47    2049.75s best:28246964 next:[698336,28246960] quick_restart_no_lp (fixed_bools=301/8590)
#48    2336.58s best:28246432 next:[698336,28246428] quick_restart_no_lp (fixed_bools=1389/9185)
#49    2858.74s best:28232300 next:[698336,28232296] objective_lb_search_no_lp (fixed_bools=841/5053)
#50    2891.61s best:28231808 next:[698336,28231804] quick_restart_no_lp (fixed_bools=1634/10111)
#51    3022.86s best:28231444 next:[698336,28231440] quick_restart_no_lp (fixed_bools=1677/10361)
#52    3041.16s best:28231232 next:[698336,28231228] quick_restart_no_lp (fixed_bools=1681/10554)
#53    3043.32s best:28230848 next:[698336,28230844] quick_restart_no_lp (fixed_bools=1681/10571)
#54    3045.25s best:28230000 next:[698336,28229996] quick_restart_no_lp (fixed_bools=1681/10586)
#55    3046.56s best:28229348 next:[698336,28229344] quick_restart_no_lp (fixed_bools=1727/10603)
#56    3048.48s best:28228620 next:[698336,28228616] quick_restart_no_lp (fixed_bools=1795/10611)
#57    3048.89s best:28228128 next:[698336,28228124] quick_restart_no_lp (fixed_bools=1795/10621)
#58    3270.08s best:27859132 next:[698336,27859128] core (fixed_bools=1266/10955)
#Model 3404.03s var:1980/1996 constraints:3393/3409
#59    3561.78s best:27853632 next:[698336,27853628] core (fixed_bools=1844/12371)
#60    3561.83s best:27851136 next:[698336,27851132] core (fixed_bools=1844/12373)
#61    3676.95s best:27699908 next:[698336,27699904] objective_lb_search_no_lp (fixed_bools=1894/7857)
#62    6276.29s best:1216064 next:[698336,1216060] no_lp (fixed_bools=2203/4934)
#63    6276.41s best:1187264 next:[698336,1187260] no_lp (fixed_bools=2203/4957)
#Model 6314.80s var:1979/1996 constraints:3387/3409
#64    6394.76s best:1164588 next:[698336,1164584] no_lp (fixed_bools=2564/6027)
#65    6765.60s best:1163800 next:[698336,1163796] quick_restart_no_lp (fixed_bools=6925/13259)
#66    6773.02s best:1163308 next:[698336,1163304] quick_restart_no_lp (fixed_bools=6925/13335)
#67    6940.61s best:1162452 next:[698336,1162448] quick_restart_no_lp (fixed_bools=6945/13449)
#68    7286.81s best:1160920 next:[698336,1160916] no_lp (fixed_bools=2897/8973)
#69    7286.82s best:1158040 next:[698336,1158036] no_lp (fixed_bools=2897/8986)
#70    7286.85s best:1135000 next:[698336,1134996] no_lp (fixed_bools=2897/9012)
#71    7325.64s best:1134508 next:[698336,1134504] quick_restart_no_lp (fixed_bools=7341/14336)
#72    7325.76s best:1133652 next:[698336,1133648] quick_restart_no_lp (fixed_bools=7341/14350)
#73    7334.74s best:1133268 next:[698336,1133264] quick_restart_no_lp (fixed_bools=7341/14374)
#74    7445.11s best:1132056 next:[698336,1132052] quick_restart_no_lp (fixed_bools=7382/14817)
#75    7734.70s best:1130412 next:[698336,1130408] quick_restart_no_lp (fixed_bools=7440/15147)
#76    7748.67s best:1130012 next:[698336,1130008] quick_restart_no_lp (fixed_bools=7440/15248)
#77    7748.86s best:1129628 next:[698336,1129624] quick_restart_no_lp (fixed_bools=7440/15262)
#Model 7762.71s var:1978/1996 constraints:3387/3409
#78    9166.50s best:1127812 next:[698336,1127808] no_lp (fixed_bools=3495/11827)
#Model 9182.21s var:1977/1996 constraints:3386/3409
#79    9216.29s best:1127320 next:[698336,1127316] quick_restart_no_lp (fixed_bools=7643/16973)
#80    9219.62s best:1126464 next:[698336,1126460] quick_restart_no_lp (fixed_bools=7643/17005)
#81    9222.39s best:1125812 next:[698336,1125808] quick_restart_no_lp (fixed_bools=7643/17031)
#82    9358.83s best:1125320 next:[698336,1125316] quick_restart_no_lp (fixed_bools=7697/17198)
#83    9447.54s best:1120304 next:[698336,1120300] objective_lb_search_no_lp (fixed_bools=4369/16695)
#84    9537.39s best:1119812 next:[698336,1119808] quick_restart_no_lp (fixed_bools=7855/17948)
#85    9722.79s best:1118956 next:[698336,1118952] quick_restart_no_lp (fixed_bools=7872/18249)
#86    9737.08s best:1118556 next:[698336,1118552] quick_restart_no_lp (fixed_bools=7884/18286)
#87    10149.07s best:1116824 next:[698336,1116820] no_lp (fixed_bools=3907/15449)
#88    10149.57s best:1116332 next:[698336,1116328] no_lp (fixed_bools=3907/15474)
#89    10257.93s best:1103740 next:[698336,1103736] no_lp (fixed_bools=3939/15934)
#90    10294.41s best:1103248 next:[698336,1103244] quick_restart_no_lp (fixed_bools=7986/18940)
#91    10561.28s best:1101720 next:[698336,1101716] objective_lb_search_no_lp (fixed_bools=4954/19451)
#92    10790.02s best:1101228 next:[698336,1101224] quick_restart_no_lp (fixed_bools=8271/19546)
#Model 10815.09s var:1976/1996 constraints:3385/3409
#93    11006.77s best:1100440 next:[698336,1100436] quick_restart_no_lp (fixed_bools=8382/19656)
#94    11138.43s best:1100040 next:[698336,1100036] quick_restart_no_lp (fixed_bools=8395/19706)
#95    11139.79s best:1099540 next:[698336,1099536] quick_restart_no_lp (fixed_bools=8395/19723)
#96    11249.47s best:1099276 next:[698336,1099272] quick_restart_no_lp (fixed_bools=8406/19862)
#97    11465.04s best:1097748 next:[698336,1097744] no_lp (fixed_bools=4458/18031)
#98    11529.78s best:1096892 next:[698336,1096888] quick_restart_no_lp (fixed_bools=8524/20602)
#99    11537.09s best:1096664 next:[698336,1096660] quick_restart_no_lp (fixed_bools=8524/20631)
#100   11544.39s best:1096400 next:[698336,1096396] quick_restart_no_lp (fixed_bools=8543/20667)
#101   11741.62s best:1095612 next:[698336,1095608] quick_restart_no_lp (fixed_bools=8543/20782)
#102   12711.09s best:1094960 next:[698336,1094956] quick_restart_no_lp (fixed_bools=8649/23139)
#103   12713.52s best:1094468 next:[698336,1094464] quick_restart_no_lp (fixed_bools=8649/23148)
#104   13165.15s best:1094068 next:[698336,1094064] quick_restart_no_lp (fixed_bools=8666/24292)
#105   13749.32s best:1093536 next:[698336,1093532] quick_restart_no_lp (fixed_bools=8677/25371)
#106   14340.61s best:1093072 next:[698336,1093068] quick_restart_no_lp (fixed_bools=8688/25752)
#107   14358.00s best:1092352 next:[698336,1092348] quick_restart_no_lp (fixed_bools=8688/25764)
#108   14834.75s best:1088944 next:[698336,1088940] no_lp (fixed_bools=4788/28026)
#109   14834.77s best:1087664 next:[698336,1087660] no_lp (fixed_bools=4788/28027)
#110   15455.07s best:1087400 next:[698336,1087396] quick_restart_no_lp (fixed_bools=8885/26388)
#111   16557.13s best:1086748 next:[698336,1086744] quick_restart_no_lp (fixed_bools=8957/26746)
#112   16935.30s best:1080736 next:[698336,1080732] core (fixed_bools=6872/31709)
#113   16935.40s best:1079948 next:[698336,1079944] core (fixed_bools=6872/31709)
#114   17363.43s best:1030660 next:[698336,1030656] objective_lb_search_no_lp (fixed_bools=6238/34739)
#Model 17384.71s var:1975/1996 constraints:3385/3409
#Model 17385.52s var:1973/1996 constraints:3384/3409
#115   17439.17s best:1030168 next:[698336,1030164] quick_restart_no_lp (fixed_bools=9995/27955)
#Model 17494.68s var:1971/1996 constraints:3382/3409
#116   18253.77s best:1029380 next:[698336,1029376] quick_restart_no_lp (fixed_bools=10030/28183)
#117   20342.45s best:1028524 next:[698336,1028520] quick_restart_no_lp (fixed_bools=10138/28573)
#118   21606.76s best:1027872 next:[698336,1027868] quick_restart_no_lp (fixed_bools=10183/28909)
#119   21615.59s best:1027684 next:[698336,1027680] quick_restart_no_lp (fixed_bools=10194/28943)
#120   21930.31s best:1027372 next:[698336,1027368] quick_restart_no_lp (fixed_bools=10194/29084)
#121   22376.41s best:1026560 next:[698336,1026556] quick_restart_no_lp (fixed_bools=10205/29200)
#122   22388.32s best:1026176 next:[698336,1026172] quick_restart_no_lp (fixed_bools=10287/29219)
#123   22773.81s best:1013808 next:[698336,1013804] core (fixed_bools=8362/40950)
#124   22774.74s best:1013316 next:[698336,1013312] quick_restart_no_lp (fixed_bools=10477/29640)
#Model 22775.09s var:1965/1996 constraints:3379/3409
#125   22775.63s best:1012528 next:[698336,1012524] quick_restart_no_lp (fixed_bools=10564/29659)
#126   22789.64s best:1012340 next:[698336,1012336] quick_restart_no_lp (fixed_bools=10575/29688)
#Model 22810.60s var:1963/1996 constraints:3378/3409
#127   23019.41s best:1010912 next:[698336,1010908] quick_restart_no_lp (fixed_bools=10610/30034)
#128   23070.79s best:1010600 next:[698336,1010596] quick_restart_no_lp (fixed_bools=10676/30064)
#129   23641.93s best:1010324 next:[698336,1010320] quick_restart_no_lp (fixed_bools=10676/30223)
#130   24187.86s best:1009496 next:[698336,1009492] quick_restart_no_lp (fixed_bools=10687/30471)
#131   24196.60s best:1008684 next:[698336,1008680] quick_restart_no_lp (fixed_bools=10698/30498)
#132   24562.40s best:1008272 next:[698336,1008268] quick_restart_no_lp (fixed_bools=10811/30712)
#133   25204.95s best:1007852 next:[698336,1007848] quick_restart_no_lp (fixed_bools=10824/30957)
#134   25263.20s best:1007480 next:[698336,1007476] quick_restart_no_lp (fixed_bools=10835/31022)
#Model 25399.25s var:1962/1996 constraints:3376/3409
#135   28627.49s best:1006668 next:[698336,1006664] quick_restart_no_lp (fixed_bools=10867/31890)
#136   28656.66s best:1006212 next:[698336,1006208] quick_restart_no_lp (fixed_bools=10916/31957)

Task timing                                  n [     min,      max]      avg      dev     time         n [     min,      max]      avg      dev    dtime
                             'core':         1 [   8.00h,    8.00h]    8.00h   0.00ns    8.00h         1 [   7.91h,    7.91h]    7.91h   0.00ns    7.91h
                       'default_lp':         1 [   8.00h,    8.00h]    8.00h   0.00ns    8.00h         1 [   1.30h,    1.30h]    1.30h   0.00ns    1.30h
                 'feasibility_pump':         9 [412.50ms,    2.78s]    1.80s 660.81ms   16.17s         8 [531.23ms, 916.35ms] 694.82ms 125.26ms    5.56s
                  'fj_long_default':         4 [ 96.48ms, 104.85ms] 100.28ms   3.03ms 401.12ms         4 [ 31.40ms,  33.36ms]  32.08ms 756.34us 128.32ms
              'fj_long_lin_default':         4 [ 37.84ms, 267.28ms] 104.21ms  94.44ms 416.82ms         4 [ 14.05ms,  19.08ms]  16.67ms   2.30ms  66.69ms
                   'fj_long_random':         3 [ 64.92ms, 249.62ms] 137.62ms  80.36ms 412.85ms         3 [ 21.12ms,  32.59ms]  28.52ms   5.24ms  85.56ms
                 'fj_short_default':         8 [ 43.69ms, 132.67ms]  66.64ms  26.22ms 533.11ms         8 [ 14.81ms,  24.10ms]  19.59ms   3.00ms 156.70ms
             'fj_short_lin_default':         6 [ 54.84ms, 122.54ms]  72.97ms  23.87ms 437.83ms         6 [ 15.87ms,  22.92ms]  19.79ms   2.11ms 118.75ms
              'fj_short_lin_random':         6 [ 45.82ms, 149.08ms]  68.15ms  36.35ms 408.90ms         6 [ 14.84ms,  19.33ms]  17.53ms   1.54ms 105.19ms
                  'fj_short_random':         5 [ 52.55ms, 135.60ms]  77.59ms  30.59ms 387.93ms         5 [ 16.64ms,  23.43ms]  20.16ms   2.34ms 100.82ms
                        'fs_random':         1 [   1.09s,    1.09s]    1.09s   0.00ns    1.09s         1 [ 20.00ns,  20.00ns]  20.00ns   0.00ns  20.00ns
                        'fs_random':         1 [   1.18s,    1.18s]    1.18s   0.00ns    1.18s         1 [ 20.00ns,  20.00ns]  20.00ns   0.00ns  20.00ns
                  'fs_random_no_lp':         1 [886.35ms, 886.35ms] 886.35ms   0.00ns 886.35ms         0 [  0.00ns,   0.00ns]   0.00ns   0.00ns   0.00ns
                  'fs_random_no_lp':         1 [888.55ms, 888.55ms] 888.55ms   0.00ns 888.55ms         0 [  0.00ns,   0.00ns]   0.00ns   0.00ns   0.00ns
          'fs_random_quick_restart':         1 [929.05ms, 929.05ms] 929.05ms   0.00ns 929.05ms         1 [ 20.00ns,  20.00ns]  20.00ns   0.00ns  20.00ns
          'fs_random_quick_restart':         1 [982.27ms, 982.27ms] 982.27ms   0.00ns 982.27ms         1 [ 20.00ns,  20.00ns]  20.00ns   0.00ns  20.00ns
    'fs_random_quick_restart_no_lp':         1 [902.86ms, 902.86ms] 902.86ms   0.00ns 902.86ms         0 [  0.00ns,   0.00ns]   0.00ns   0.00ns   0.00ns
                    'graph_arc_lns':         8 [194.43ms, 623.90ms] 337.14ms 166.84ms    2.70s         8 [100.03ms, 100.47ms] 100.15ms 130.99us 801.23ms
                    'graph_cst_lns':         8 [143.82ms,    8.00h]    3.00h    3.87h   24.00h         6 [313.00ns, 100.22ms]  83.39ms  37.29ms 500.32ms
                    'graph_dec_lns':         8 [243.89ms,    8.00h]    3.00h    3.87h   24.00h         5 [ 30.00ns, 200.16ms] 100.13ms  63.30ms 500.65ms
                    'graph_var_lns':         8 [123.27ms,    8.00h]    4.00h    4.00h   32.00h         5 [ 40.00ns, 100.38ms]  80.08ms  40.04ms 400.42ms
                   'lb_tree_search':         1 [   8.00h,    8.00h]    8.00h   0.00ns    8.00h         1 [  47.98m,   47.98m]   47.98m   0.00ns   47.98m
                           'max_lp':         1 [   8.00h,    8.00h]    8.00h   0.00ns    8.00h         1 [  49.96m,   49.96m]   49.96m   0.00ns   49.96m
                            'no_lp':         1 [   8.00h,    8.00h]    8.00h   0.00ns    8.00h         1 [   7.64h,    7.64h]    7.64h   0.00ns    7.64h
              'objective_lb_search':         1 [   8.00h,    8.00h]    8.00h   0.00ns    8.00h         1 [   1.23h,    1.23h]    1.23h   0.00ns    1.23h
       'objective_lb_search_max_lp':         1 [   8.00h,    8.00h]    8.00h   0.00ns    8.00h         1 [  50.22m,   50.22m]   50.22m   0.00ns   50.22m
        'objective_lb_search_no_lp':         1 [   8.00h,    8.00h]    8.00h   0.00ns    8.00h         1 [   7.83h,    7.83h]    7.83h   0.00ns    7.83h
  'objective_shaving_search_max_lp':        11 [  7.00ms, 433.48ms]  78.76ms 125.27ms 866.37ms         1 [ 22.30ms,  22.30ms]  22.30ms   0.00ns  22.30ms
   'objective_shaving_search_no_lp':        11 [  6.98ms, 333.15ms]  65.26ms 120.03ms 717.83ms         1 [ 24.05ms,  24.05ms]  24.05ms   0.00ns  24.05ms
                          'probing':         1 [   8.00h,    8.00h]    8.00h   0.00ns    8.00h         1 [   1.27h,    1.27h]    1.27h   0.00ns    1.27h
                   'probing_max_lp':         1 [   8.00h,    8.00h]    8.00h   0.00ns    8.00h         1 [  44.68m,   44.68m]   44.68m   0.00ns   44.68m
                     'pseudo_costs':         1 [   8.00h,    8.00h]    8.00h   0.00ns    8.00h         1 [  48.26m,   48.26m]   48.26m   0.00ns   48.26m
                    'quick_restart':         1 [   8.00h,    8.00h]    8.00h   0.00ns    8.00h         1 [   1.19h,    1.19h]    1.19h   0.00ns    1.19h
              'quick_restart_no_lp':         1 [   8.00h,    8.00h]    8.00h   0.00ns    8.00h         1 [   6.33h,    6.33h]    6.33h   0.00ns    6.33h
                    'reduced_costs':         1 [   8.00h,    8.00h]    8.00h   0.00ns    8.00h         1 [  48.10m,   48.10m]   48.10m   0.00ns   48.10m
                        'rins/rens':         9 [124.01ms,    8.00h]    3.55h    3.97h   31.99h         6 [ 40.00ns, 110.08ms]  85.20ms  38.27ms 511.20ms
                      'rnd_cst_lns':         9 [178.24ms,    8.00h]    2.67h    3.77h   24.00h         7 [  2.77us, 100.44ms]  85.88ms  35.06ms 601.14ms
                      'rnd_var_lns':         9 [138.75ms,    8.00h]   53.38m    2.51h    8.01h         9 [ 10.00ns, 100.55ms]  89.04ms  31.48ms 801.37ms
                     'violation_ls':         9 [293.01us,   3.16ms]   1.69ms   1.16ms  15.25ms         9 [  8.85us,   1.29ms] 186.20us 390.34us   1.68ms
                     'violation_ls':         9 [392.67us,  70.75ms]   9.19ms  21.81ms  82.72ms         9 [ 17.56us,  21.50ms]   2.77ms   6.66ms  24.92ms
                     'violation_ls':         9 [427.61us,   9.54ms]   2.67ms   2.72ms  24.05ms         9 [ 14.91us,   1.19ms] 424.71us 494.78us   3.82ms

Search stats                         Bools  Conflicts     Branches     Restarts       BoolPropag   IntegerPropag
                           'core':  44'143  6'477'196  402'077'088   86'247'202  115'602'327'142  22'038'173'466
                     'default_lp':   2'358         22       77'700       44'779        4'246'621      10'158'582
                      'fs_random':   1'650          0        1'154        1'154           25'564         148'823
                      'fs_random':   1'650          0        1'154        1'154           25'564         148'823
                'fs_random_no_lp':   1'650          0        1'376        1'376           29'304         169'505
                'fs_random_no_lp':   1'650          0        1'376        1'376           29'304         169'505
        'fs_random_quick_restart':   1'650          0        1'154        1'154           25'564         148'823
        'fs_random_quick_restart':   1'650          0        1'154        1'154           25'564         148'823
  'fs_random_quick_restart_no_lp':   1'650          0        1'154        1'154           25'564         148'823
                 'lb_tree_search':   2'358         21       66'616       39'247        3'677'874       8'762'134
                         'max_lp':   2'358         19       66'403       39'129        3'661'175       8'754'664
                          'no_lp':  36'036  5'942'208  426'050'872   90'426'526  108'682'228'738  23'118'437'301
            'objective_lb_search':   2'358         24       77'842       44'885        4'270'684      10'203'624
     'objective_lb_search_max_lp':   2'358         18       66'988       39'432        3'681'452       8'812'901
      'objective_lb_search_no_lp':  44'406  6'631'645  432'915'307   85'537'119  114'435'299'154  21'736'455'200
                        'probing':   2'358         22       75'917       44'457        4'256'821      10'042'097
                 'probing_max_lp':   2'358         17       62'140       37'505        3'527'789       8'292'110
                   'pseudo_costs':   2'358         19       67'225       39'547        3'719'405       8'891'965
                  'quick_restart':   2'358         21       75'600       43'758        4'151'694       9'939'110
            'quick_restart_no_lp':  32'006  4'556'029  521'325'341  109'856'541   90'640'321'088  29'780'442'308
                  'reduced_costs':   2'358         19       63'902       37'854        3'532'890       8'460'730

SAT stats                           ClassicMinim  LitRemoved     LitLearned   LitForgotten  Subsumed  MClauses  MDecisions  MLitTrue  MSubsumed  MLitRemoved  MReused
                           'core':     6'232'142  79'890'711  1'420'698'956  1'387'625'033    95'327   197'678   5'329'438         0      2'126       95'284   56'085
                     'default_lp':             6          15             32              0         0         0           0         0          0            0        0
                      'fs_random':             0           0              0              0         0         0           0         0          0            0        0
                      'fs_random':             0           0              0              0         0         0           0         0          0            0        0
                'fs_random_no_lp':             0           0              0              0         0         0           0         0          0            0        0
                'fs_random_no_lp':             0           0              0              0         0         0           0         0          0            0        0
        'fs_random_quick_restart':             0           0              0              0         0         0           0         0          0            0        0
        'fs_random_quick_restart':             0           0              0              0         0         0           0         0          0            0        0
  'fs_random_quick_restart_no_lp':             0           0              0              0         0         0           0         0          0            0        0
                 'lb_tree_search':             8          23             30              0         0         0           0         0          0            0        0
                         'max_lp':             6          11             29              0         0         0           0         0          0            0        0
                          'no_lp':     5'703'309  70'093'189  1'390'334'735  1'354'810'837    93'059   179'175   5'010'389         2      1'656       91'428   38'982
            'objective_lb_search':            10          24             39              0         0         0           0         0          0            0        0
     'objective_lb_search_max_lp':             6          16             24              0         0         0           0         0          0            0        0
      'objective_lb_search_no_lp':     6'342'668  79'405'102  1'521'669'536  1'481'605'488   115'574   159'693   5'850'152         0      1'809      122'303   43'618
                        'probing':             7          19             30              0         0         0           0         0          0            0        0
                 'probing_max_lp':             5          12             22              0         0         0           0         0          0            0        0
                   'pseudo_costs':             7          16             26              0         0         0           0         0          0            0        0
                  'quick_restart':             9          16             30              0         0         0           0         0          0            0        0
            'quick_restart_no_lp':     4'243'198  33'426'569  1'406'458'746  1'357'921'041   117'409   165'029  11'031'617         1      1'488       69'773   95'362
                  'reduced_costs':             7          16             26              0         0         0           0         0          0            0        0

Lp stats                         Component  Iterations  AddedCuts  OPTIMAL  DUAL_F.  DUAL_U.
                  'default_lp':          1  22'194'076  9'013'434  251'011      970        1
                   'fs_random':          1           0          0        0        0        0
                   'fs_random':          1           0          0        0        0        0
     'fs_random_quick_restart':          1           0          0        0        0        0
     'fs_random_quick_restart':          1           0          0        0        0        0
              'lb_tree_search':          1   6'517'388  2'618'636  139'360   37'803        0
                      'max_lp':          1   6'777'494  2'679'587  140'290   37'147        0
         'objective_lb_search':          1  19'929'419  8'510'336  251'166      494        0
  'objective_lb_search_max_lp':          1   6'247'929  2'415'188  139'005   38'564        0
                     'probing':          1  20'606'160  8'946'105  248'726      573        1
              'probing_max_lp':          1   5'793'315  2'182'074  131'601   35'506        0
                'pseudo_costs':          1   6'934'059  2'549'543  141'693   37'428        0
               'quick_restart':          1  18'606'158  8'976'137  245'027      185        1
               'reduced_costs':          1   6'149'336  2'487'053  135'644   35'739        0

Lp dimension                                                                        Final dimension of first component
                  'default_lp':  5226 rows, 1996 columns, 27370 entries with magnitude in [6.094762e-06, 1.000000e+00]
                   'fs_random':         0 rows, 1996 columns, 0 entries with magnitude in [0.000000e+00, 0.000000e+00]
                   'fs_random':         0 rows, 1996 columns, 0 entries with magnitude in [0.000000e+00, 0.000000e+00]
     'fs_random_quick_restart':         0 rows, 1996 columns, 0 entries with magnitude in [0.000000e+00, 0.000000e+00]
     'fs_random_quick_restart':         0 rows, 1996 columns, 0 entries with magnitude in [0.000000e+00, 0.000000e+00]
              'lb_tree_search':  4850 rows, 1996 columns, 77504 entries with magnitude in [3.141270e-05, 1.000000e+00]
                      'max_lp':  3529 rows, 1996 columns, 48719 entries with magnitude in [2.041157e-05, 1.000000e+00]
         'objective_lb_search':  3782 rows, 1996 columns, 25042 entries with magnitude in [2.070545e-06, 1.000000e+00]
  'objective_lb_search_max_lp':  3870 rows, 1996 columns, 38234 entries with magnitude in [2.085159e-05, 1.000000e+00]
                     'probing':  5205 rows, 1996 columns, 27854 entries with magnitude in [1.081613e-05, 1.000000e+00]
              'probing_max_lp':  3997 rows, 1996 columns, 46745 entries with magnitude in [1.684378e-05, 1.000000e+00]
                'pseudo_costs':  2884 rows, 1996 columns, 40511 entries with magnitude in [5.896666e-05, 1.000000e+00]
               'quick_restart':  4629 rows, 1996 columns, 24614 entries with magnitude in [2.354225e-05, 1.000000e+00]
               'reduced_costs':  2870 rows, 1996 columns, 48867 entries with magnitude in [1.486350e-05, 1.000000e+00]

Lp debug                         CutPropag  CutEqPropag  Adjust  Overflow          Bad  BadScaling
                  'default_lp':          0        2'434   6'567         0  191'694'943           0
                   'fs_random':          0            0       0         0            0           0
                   'fs_random':          0            0       0         0            0           0
     'fs_random_quick_restart':          0            0       0         0            0           0
     'fs_random_quick_restart':          0            0       0         0            0           0
              'lb_tree_search':          0        3'101  23'474         0  258'047'257           0
                      'max_lp':          0        3'542  22'655         0  259'794'325           0
         'objective_lb_search':          0        1'871  20'182         0  189'995'896           0
  'objective_lb_search_max_lp':          7        4'092  20'317         0  246'614'224           0
                     'probing':          0        1'553   6'562         0  189'619'001           0
              'probing_max_lp':          0        4'792  14'886         0  242'804'260           0
                'pseudo_costs':          0        3'904  36'710         0  259'253'524           0
               'quick_restart':          0        1'211   6'686         0  193'232'139           0
               'reduced_costs':          0        3'952  21'547         0  247'286'665           0

Lp pool                          Constraints  Updates  Simplif  Merged  Shortened   Split  Strenghtened             Cuts/Call
                  'default_lp':       12'167   56'206   16'672      82      2'274   5'989       171'877  9'013'434/21'012'239
                   'fs_random':        2'815        0        0       0          0       0             0                   0/0
                   'fs_random':        2'815        0        0       0          0       0             0                   0/0
     'fs_random_quick_restart':        2'815        0        0       0          0       0             0                   0/0
     'fs_random_quick_restart':        2'815        0        0       0          0       0             0                   0/0
              'lb_tree_search':       12'987  115'589   18'030      56     11'021  14'079       385'977   2'618'636/5'709'729
                      'max_lp':       12'966  129'758   22'639      28     11'900  18'075       418'925   2'679'587/6'005'897
         'objective_lb_search':       12'068   57'232   16'136      83      1'408   6'245       168'622  8'510'336/19'192'893
  'objective_lb_search_max_lp':       12'524  129'543   20'134      71      9'403  22'475       351'388   2'415'188/5'384'380
                     'probing':       11'841   58'168   13'323      79      1'686   5'931       161'932  8'946'105/20'548'141
              'probing_max_lp':       12'447  130'032   21'705      34      9'724  24'971       344'794   2'182'074/4'792'453
                'pseudo_costs':       12'909  110'508   20'476      41     11'904  19'720       398'487   2'549'543/5'658'038
               'quick_restart':       11'866   61'403   16'155      86      1'400   6'503       164'094  8'976'137/20'333'319
               'reduced_costs':       12'372  154'694   17'408      88      8'636  44'644       381'195   2'487'053/5'610'909

Lp Cut               defaul   max_lp     quick_   reduce   pseudo   lb_tre     probin     object   probin   object
          CG_FF:    458'055   50'860    410'440   48'955   51'174   49'517    436'360    378'592   41'828   43'396
           CG_K:      5'206   12'632      4'399   13'884   11'488   11'593      5'016      4'646   10'001   10'344
          CG_KL:        164        3        117        2        6        6        136        102        5        2
           CG_R:     52'862   50'679     56'095   39'923   44'916   51'809     53'385     57'843   43'060   43'355
          CG_RB:  1'050'383  324'343  1'114'351  259'136  291'993  301'922  1'057'936    962'053  230'469  284'715
         CG_RBP:      2'937    7'844      2'509    8'958    6'607    7'282      2'905      2'859    5'692    8'440
         Clique:          -   51'056          -   47'529   50'233   49'653          -          -   43'493   43'972
             IB:  1'732'838  251'309  1'543'991  248'162  244'253  249'392  1'629'274  1'568'208  204'415  220'358
       MIR_1_FF:  2'273'145  630'789  2'477'537  579'384  587'243  620'566  2'401'775  2'234'220  485'894  584'395
        MIR_1_K:     11'108   10'749     10'443   15'203    9'987   10'264     11'403     13'430    9'858   13'128
       MIR_1_KL:      8'334      132      7'532       13      130      198      7'630      7'175      110        -
        MIR_1_R:     22'579   22'550     37'249   15'373   22'258   21'208     30'458     30'162   15'334   14'277
       MIR_1_RB:  1'610'936  454'497  1'607'094  436'513  450'748  462'384  1'618'638  1'551'195  401'442  423'029
      MIR_1_RBP:      2'470    2'504      2'314    3'854    2'950    2'495      2'318      3'330    2'244    3'952
      MIR_1_RLT:          -      214          -      252      240      217          -          -      187      213
       MIR_2_FF:    132'954   72'138    138'088   61'669   67'666   66'718    131'047    142'632   54'126   60'230
        MIR_2_K:      3'121    3'519      2'733    3'881    3'075    2'838      2'933      3'834    2'898    3'164
       MIR_2_KL:        758       17        720        6       34       16        678        598       14        1
        MIR_2_R:      6'921   22'506      6'287   22'806   23'692   22'490      6'284      8'317   22'603   18'384
       MIR_2_RB:    296'390  195'376    281'037  208'934  184'158  189'813    269'148    276'926  184'302  196'878
      MIR_2_RBP:        851      961        811    1'764    1'047      999        775      1'123      991    1'526
       MIR_3_FF:     25'166   22'664     25'868   20'300   21'979   21'134     26'656     26'332   17'901   19'015
        MIR_3_K:      2'533    3'204      2'229    3'645    3'147    2'747      2'226      2'865    2'732    3'027
       MIR_3_KL:        614       33        552       14       41       43        655        583       27        1
        MIR_3_R:     22'834   10'305     19'135    9'554    9'931    9'324     19'918     22'143    9'715    8'037
       MIR_3_RB:    317'931   95'303    289'625   92'361   91'736   91'816    303'451    291'701   79'797   85'869
      MIR_3_RBP:        996      963      1'081    1'110    1'061      850        888        966      785      980
       MIR_4_FF:     11'667   16'361     11'892   14'815   16'012   15'766     12'247     11'652   13'021   13'842
        MIR_4_K:      1'100    2'621        951    2'902    2'535    2'412        976      1'365    2'331    2'686
       MIR_4_KL:        236       23        230        8       26       18        262        212       19        1
        MIR_4_R:      4'080    3'833      3'599    3'653    3'744    4'085      3'742      4'135    3'619    3'234
       MIR_4_RB:    204'268   76'743    184'919   72'337   76'508   76'460    194'738    186'700   62'871   68'876
      MIR_4_RBP:        539      870        493    1'154      901      787        531        571      768      995
       MIR_5_FF:      5'568   14'397      5'797   12'980   13'248   12'958      6'121      5'529   10'486   11'382
        MIR_5_K:        591    2'485        604    2'899    2'453    2'236        521        657    2'218    2'394
       MIR_5_KL:         72       27         68        9       19       17         69         55       12        1
        MIR_5_R:      2'702    3'236      2'268    3'093    2'958    3'145      2'344      2'822    2'881    2'735
       MIR_5_RB:    133'569   63'054    121'918   57'521   61'294   61'112    127'028    124'076   50'146   55'137
      MIR_5_RBP:        390      666        378      925      759      693        336        316      662      760
       MIR_6_FF:      2'450   11'071      2'831   10'048   10'167   10'069      2'917      2'637    8'511    8'889
        MIR_6_K:        222    2'206        204    2'523    2'128    1'948        218        258    1'868    2'134
       MIR_6_KL:         24       22         23       15       31       23         21         23       10        8
        MIR_6_R:        951    3'918        842    3'262    3'707    3'580        867      1'085    3'080    2'897
       MIR_6_RB:     85'459   47'536     77'768   42'411   47'319   46'055     81'488     78'920   37'898   41'162
      MIR_6_RBP:        170      787        190      986      837      732        178        177      655      797
   ZERO_HALF_FF:     87'994   11'445     95'822   10'045   11'051   10'737     87'015     87'278    9'974    9'913
    ZERO_HALF_K:      3'945      869      4'344    1'453      975    1'036      4'373      3'844      948    1'096
   ZERO_HALF_KL:         13        1         13        -        1        -         20         17        4        -
    ZERO_HALF_R:    116'826   80'646    119'281   65'657   71'888   78'592    111'624    120'595   65'501   59'729
   ZERO_HALF_RB:    307'457   39'085    298'199   34'284   38'651   38'364    285'509    284'152   34'187   35'141
  ZERO_HALF_RBP:      1'055      535      1'266      888      538      517      1'067      1'425      481      691

LNS stats           Improv/Calls  Closed  Difficulty  TimeLimit
  'graph_arc_lns':           4/8     38%        0.22       0.10
  'graph_cst_lns':           5/8     38%        0.27       0.10
  'graph_dec_lns':           4/8     12%        0.05       0.10
  'graph_var_lns':           6/8     25%        0.12       0.10
      'rins/rens':           8/9     11%        0.05       0.10
    'rnd_cst_lns':           8/9     33%        0.23       0.10
    'rnd_var_lns':           5/9     56%        0.74       0.10

LS stats                   Batches  Restarts  LinMoves  GenMoves  CompoundMoves  WeightUpdates
       'fj_long_default':        4         1    37'044         0              0          2'956
   'fj_long_lin_default':        4         1         0    14'260          1'081             24
        'fj_long_random':        3         1    24'368         0              0          1'412
      'fj_short_default':        8         1         0    29'096          2'053             36
  'fj_short_lin_default':        6         1         0    25'372          1'789             24
   'fj_short_lin_random':        6         1         0    21'866          1'657             28
       'fj_short_random':        5         1         0    21'151          1'518             17
          'violation_ls':        9         0        22       295             39             18
          'violation_ls':        9         0        31     3'620            268             81
          'violation_ls':        9         0        55       116             18             32

Solutions (136)                 Num      Rank
                       'core':   11  [40,123]
             'fj_long_random':    1     [1,1]
              'graph_cst_lns':    1     [9,9]
              'graph_var_lns':    2   [10,16]
                      'no_lp':   13  [62,109]
  'objective_lb_search_no_lp':    5  [49,114]
        'quick_restart_no_lp':   77  [31,136]
                'rnd_var_lns':    2   [17,27]
               'violation_ls':   24    [2,30]

Objective bounds                      Num
                       'default_lp':    1
                   'initial_domain':    1
                           'max_lp':    3
              'objective_lb_search':    1
  'objective_shaving_search_max_lp':    9
   'objective_shaving_search_no_lp':    9
                   'probing_max_lp':    1
                     'pseudo_costs':    3

Solution repositories    Added  Queried  Ignored  Synchro
  'feasible solutions':    313      149        0      307
        'lp solutions':      0        0        0        0
                'pump':    116        9

Improving bounds shared            Num
                        'core':  2'324
                  'default_lp':    115
                      'max_lp':    192
                       'no_lp':  2'571
         'objective_lb_search':    204
  'objective_lb_search_max_lp':    147
   'objective_lb_search_no_lp':  3'138
                     'probing':    181
              'probing_max_lp':    158
                'pseudo_costs':     93
               'quick_restart':     59
         'quick_restart_no_lp':  2'608
               'reduced_costs':    223

Clauses shared                     Num
                        'core':  2'277
                  'default_lp':     16
              'lb_tree_search':     23
                      'max_lp':     15
                       'no_lp':  2'407
         'objective_lb_search':     16
  'objective_lb_search_max_lp':      9
   'objective_lb_search_no_lp':  2'628
                     'probing':     15
              'probing_max_lp':     11
                'pseudo_costs':     13
               'quick_restart':      9
         'quick_restart_no_lp':  2'172
               'reduced_costs':      8

CpSolverResponse summary:
status: FEASIBLE
objective: 1006212
best_bound: 698336
integers: 1997
booleans: 1650
conflicts: 0
branches: 1376
propagations: 29304
integer_propagations: 169505
restarts: 1376
lp_iterations: 0
walltime: 28800.7
usertime: 28800.7
deterministic_time: 142245
gap_integral: 1.79765e+06
solution_fingerprint: 0xa48cd03abc499537

CPU USED: 32
Loading /home/aneumann/projects/def-adhaj/aneumann/gns/data/instances/test/xl/instance_169.pkl...
===* START SOLVING *===
   index     value       gap  ... max_time  cpu  max_memory
0    169  10062.12  0.305975  ...        8   32         118

[1 rows x 8 columns]
===* END OF FILE *===
