created virtual environment CPython3.12.4.final.0-64 in 2041ms
  creator CPython3Posix(dest=/local/aneumann.27429365.0/env, clear=False, no_vcs_ignore=False, global=False)
  seeder FromAppData(download=False, pip=bundle, via=copy, app_data_dir=/home/aneumann/.local/share/virtualenv)
    added seed packages: pip==24.0
  activators BashActivator,CShellActivator,FishActivator,NushellActivator,PowerShellActivator,PythonActivator
Looking in links: /cvmfs/soft.computecanada.ca/custom/python/wheelhouse/gentoo2023/x86-64-v3, /cvmfs/soft.computecanada.ca/custom/python/wheelhouse/gentoo2023/generic, /cvmfs/soft.computecanada.ca/custom/python/wheelhouse/generic
Requirement already satisfied: pip in /local/aneumann.27429365.0/env/lib/python3.12/site-packages (24.0)
Processing /cvmfs/soft.computecanada.ca/custom/python/wheelhouse/generic/pip-24.2+computecanada-py3-none-any.whl
Installing collected packages: pip
  Attempting uninstall: pip
    Found existing installation: pip 24.0
    Uninstalling pip-24.0:
      Successfully uninstalled pip-24.0
Successfully installed pip-24.2+computecanada
Looking in links: /cvmfs/soft.computecanada.ca/custom/python/wheelhouse/gentoo2023/x86-64-v3, /cvmfs/soft.computecanada.ca/custom/python/wheelhouse/gentoo2023/generic, /cvmfs/soft.computecanada.ca/custom/python/wheelhouse/generic
ERROR: protobuf-5.28.3-cp38-abi3-manylinux2014_x86_64.whl is not a supported wheel on this platform.
Looking in links: /cvmfs/soft.computecanada.ca/custom/python/wheelhouse/gentoo2023/x86-64-v3, /cvmfs/soft.computecanada.ca/custom/python/wheelhouse/gentoo2023/generic, /cvmfs/soft.computecanada.ca/custom/python/wheelhouse/generic
Processing /home/aneumann/projects/def-adhaj/aneumann/gns/wheels/immutabledict-4.2.0-py3-none-any.whl
Installing collected packages: immutabledict
Successfully installed immutabledict-4.2.0
Looking in links: /cvmfs/soft.computecanada.ca/custom/python/wheelhouse/gentoo2023/x86-64-v3, /cvmfs/soft.computecanada.ca/custom/python/wheelhouse/gentoo2023/generic, /cvmfs/soft.computecanada.ca/custom/python/wheelhouse/generic
Processing /cvmfs/soft.computecanada.ca/custom/python/wheelhouse/generic/ortools-9.10.4067+computecanada-cp312-cp312-linux_x86_64.whl (from -r /home/aneumann/projects/def-adhaj/aneumann/gns/requirements_or.txt (line 1))
Processing /cvmfs/soft.computecanada.ca/custom/python/wheelhouse/gentoo2023/x86-64-v3/pandas-2.2.2+computecanada-cp312-cp312-linux_x86_64.whl (from -r /home/aneumann/projects/def-adhaj/aneumann/gns/requirements_or.txt (line 2))
Processing /cvmfs/soft.computecanada.ca/custom/python/wheelhouse/generic/absl_py-2.1.0+computecanada-py3-none-any.whl (from ortools->-r /home/aneumann/projects/def-adhaj/aneumann/gns/requirements_or.txt (line 1))
Processing /cvmfs/soft.computecanada.ca/custom/python/wheelhouse/gentoo2023/generic/numpy-2.1.1+computecanada-cp312-cp312-linux_x86_64.whl (from ortools->-r /home/aneumann/projects/def-adhaj/aneumann/gns/requirements_or.txt (line 1))
Processing /cvmfs/soft.computecanada.ca/custom/python/wheelhouse/gentoo2023/x86-64-v3/protobuf-5.28.0+computecanada-cp312-cp312-linux_x86_64.whl (from ortools->-r /home/aneumann/projects/def-adhaj/aneumann/gns/requirements_or.txt (line 1))
Requirement already satisfied: immutabledict>=3.0.0 in /local/aneumann.27429365.0/env/lib/python3.12/site-packages (from ortools->-r /home/aneumann/projects/def-adhaj/aneumann/gns/requirements_or.txt (line 1)) (4.2.0)
Processing /cvmfs/soft.computecanada.ca/custom/python/wheelhouse/generic/python_dateutil-2.9.0.post0+computecanada-py2.py3-none-any.whl (from pandas->-r /home/aneumann/projects/def-adhaj/aneumann/gns/requirements_or.txt (line 2))
Processing /cvmfs/soft.computecanada.ca/custom/python/wheelhouse/generic/pytz-2024.2+computecanada-py2.py3-none-any.whl (from pandas->-r /home/aneumann/projects/def-adhaj/aneumann/gns/requirements_or.txt (line 2))
Processing /cvmfs/soft.computecanada.ca/custom/python/wheelhouse/generic/tzdata-2024.2+computecanada-py2.py3-none-any.whl (from pandas->-r /home/aneumann/projects/def-adhaj/aneumann/gns/requirements_or.txt (line 2))
Processing /cvmfs/soft.computecanada.ca/custom/python/wheelhouse/generic/six-1.16.0+computecanada-py2.py3-none-any.whl (from python-dateutil>=2.8.2->pandas->-r /home/aneumann/projects/def-adhaj/aneumann/gns/requirements_or.txt (line 2))
Installing collected packages: pytz, tzdata, six, protobuf, numpy, absl-py, python-dateutil, pandas, ortools
Successfully installed absl-py-2.1.0+computecanada numpy-2.1.1+computecanada ortools-9.10.4067+computecanada pandas-2.2.2+computecanada protobuf-5.28.0+computecanada python-dateutil-2.9.0.post0+computecanada pytz-2024.2+computecanada six-1.16.0+computecanada tzdata-2024.2+computecanada

Starting CP-SAT solver v9.10.4067
Parameters: max_time_in_seconds: 21600 max_memory_in_mb: 118 log_search_progress: true optimize_with_core: true cp_model_presolve: true enumerate_all_solutions: false num_search_workers: 32 use_implied_bounds: true absolute_gap_limit: 5 relative_gap_limit: 0.01 use_probing_search: true

Initial optimization model '': (model_fingerprint: 0xa8a2b34932f29a10)
#Variables: 2'513 (#bools: 26 #ints: 1 in objective)
  - 2'181 Booleans in [0,1]
  - 331 in [0,225000]
  - 1 constants in {1} 
#kBoolOr: 1'138 (#literals: 1'138)
#kLinear1: 361
#kLinear2: 7'142
#kLinear3: 1'570
#kLinearN: 520 (#terms: 5'780)

Starting presolve at 0.00s
  2.52e-03s  0.00e+00d  [DetectDominanceRelations] 
  6.40e-02s  0.00e+00d  [PresolveToFixPoint] #num_loops=15 #num_dual_strengthening=4 
  8.47e-05s  0.00e+00d  [ExtractEncodingFromLinear] #potential_supersets=187 
[Symmetry] Graph for symmetry has 8'841 nodes and 18'490 arcs.
[Symmetry] Symmetry computation done. time: 0.00259912 dtime: 0.0025632
[SAT presolve] num removable Booleans: 0 / 1346
[SAT presolve] num trivial clauses: 0
[SAT presolve] [0s] clauses:2410 literals:4821 vars:1324 one_side_vars:1282 simple_definition:21 singleton_clauses:0
[SAT presolve] [0.000252861s] clauses:2410 literals:4821 vars:1324 one_side_vars:1282 simple_definition:21 singleton_clauses:0
[SAT presolve] [0.000375516s] clauses:2410 literals:4821 vars:1324 one_side_vars:1282 simple_definition:21 singleton_clauses:0
  6.56e-01s  1.09e-01d  [Probe] #probed=3'095 #fixed_bools=75 #new_bounds=137 
  7.57e-03s  0.00e+00d  [MaxClique] Merged 2589(7346 literals) into 996(6627 literals) at_most_ones. 
  2.13e-03s  0.00e+00d  [DetectDominanceRelations] 
  1.62e-02s  0.00e+00d  [PresolveToFixPoint] #num_loops=6 #num_dual_strengthening=5 
  2.98e-03s  0.00e+00d  [ProcessAtMostOneAndLinear] #num_changes=2 
  1.94e-03s  0.00e+00d  [DetectDuplicateConstraints] #duplicates=1 #without_enforcements=1 
  4.88e-04s  1.89e-05d  [DetectDominatedLinearConstraints] #relevant_constraints=1'340 
  5.79e-04s  0.00e+00d  [DetectDifferentVariables] #different=10 
  1.04e-03s  2.97e-04d  [ProcessSetPPC] #relevant_constraints=942 #num_inclusions=770 
  7.39e-05s  0.00e+00d  [FindAlmostIdenticalLinearConstraints] 
  4.46e-03s  4.67e-03d  [FindBigAtMostOneAndLinearOverlap] 
  1.15e-03s  2.25e-03d  [FindBigVerticalLinearOverlap] 
  1.47e-04s  2.57e-04d  [FindBigHorizontalLinearOverlap] #linears=48 
  1.69e-04s  1.50e-08d  [MergeClauses] 
  2.11e-03s  0.00e+00d  [DetectDominanceRelations] 
  7.56e-03s  0.00e+00d  [PresolveToFixPoint] #num_loops=1 #num_dual_strengthening=1 
  2.10e-03s  0.00e+00d  [DetectDominanceRelations] 
  7.54e-03s  0.00e+00d  [PresolveToFixPoint] #num_loops=1 #num_dual_strengthening=1 
[Symmetry] Graph for symmetry has 6'979 nodes and 14'030 arcs.
[Symmetry] Symmetry computation done. time: 0.00145277 dtime: 0.00166697
[SAT presolve] num removable Booleans: 0 / 1271
[SAT presolve] num trivial clauses: 0
[SAT presolve] [0s] clauses:21 literals:43 vars:26 one_side_vars:16 simple_definition:10 singleton_clauses:0
[SAT presolve] [5.3076e-05s] clauses:21 literals:43 vars:26 one_side_vars:16 simple_definition:10 singleton_clauses:0
[SAT presolve] [9.7211e-05s] clauses:21 literals:43 vars:26 one_side_vars:16 simple_definition:10 singleton_clauses:0
  2.61e-01s  4.19e-02d  [Probe] #probed=3'020 #new_bounds=63 
  3.63e-03s  0.00e+00d  [MaxClique] Merged 837(5556 literals) into 837(5565 literals) at_most_ones. 
  2.11e-03s  0.00e+00d  [DetectDominanceRelations] 
  1.48e-02s  0.00e+00d  [PresolveToFixPoint] #num_loops=6 #num_dual_strengthening=5 
  2.84e-03s  0.00e+00d  [ProcessAtMostOneAndLinear] 
  1.89e-03s  0.00e+00d  [DetectDuplicateConstraints] 
  5.07e-04s  1.89e-05d  [DetectDominatedLinearConstraints] #relevant_constraints=1'340 
  5.36e-04s  0.00e+00d  [DetectDifferentVariables] #different=10 
  8.75e-04s  2.91e-04d  [ProcessSetPPC] #relevant_constraints=893 #num_inclusions=717 
  8.46e-05s  0.00e+00d  [FindAlmostIdenticalLinearConstraints] 
  4.44e-03s  4.69e-03d  [FindBigAtMostOneAndLinearOverlap] 
  1.14e-03s  2.25e-03d  [FindBigVerticalLinearOverlap] 
  1.56e-04s  2.57e-04d  [FindBigHorizontalLinearOverlap] #linears=48 
  1.66e-04s  1.50e-08d  [MergeClauses] 
  2.11e-03s  0.00e+00d  [DetectDominanceRelations] 
  7.56e-03s  0.00e+00d  [PresolveToFixPoint] #num_loops=1 #num_dual_strengthening=1 
  2.11e-03s  0.00e+00d  [DetectDominanceRelations] 
  7.53e-03s  0.00e+00d  [PresolveToFixPoint] #num_loops=1 #num_dual_strengthening=1 
[Symmetry] Graph for symmetry has 6'979 nodes and 14'037 arcs.
[Symmetry] Symmetry computation done. time: 0.00137567 dtime: 0.00167756
[SAT presolve] num removable Booleans: 0 / 1271
[SAT presolve] num trivial clauses: 0
[SAT presolve] [0s] clauses:21 literals:43 vars:26 one_side_vars:16 simple_definition:10 singleton_clauses:0
[SAT presolve] [5.2736e-05s] clauses:21 literals:43 vars:26 one_side_vars:16 simple_definition:10 singleton_clauses:0
[SAT presolve] [9.6413e-05s] clauses:21 literals:43 vars:26 one_side_vars:16 simple_definition:10 singleton_clauses:0
  2.25e-01s  3.71e-02d  [Probe] #probed=3'019 #fixed_bools=1 #new_bounds=14 
  3.57e-03s  0.00e+00d  [MaxClique] Merged 837(5563 literals) into 837(5565 literals) at_most_ones. 
  2.12e-03s  0.00e+00d  [DetectDominanceRelations] 
  9.90e-03s  0.00e+00d  [PresolveToFixPoint] #num_loops=4 #num_dual_strengthening=3 
  2.85e-03s  0.00e+00d  [ProcessAtMostOneAndLinear] 
  1.91e-03s  0.00e+00d  [DetectDuplicateConstraints] 
  4.84e-04s  1.89e-05d  [DetectDominatedLinearConstraints] #relevant_constraints=1'340 
  5.19e-04s  0.00e+00d  [DetectDifferentVariables] #different=10 
  8.93e-04s  2.91e-04d  [ProcessSetPPC] #relevant_constraints=893 #num_inclusions=717 
  7.97e-05s  0.00e+00d  [FindAlmostIdenticalLinearConstraints] 
  4.43e-03s  4.67e-03d  [FindBigAtMostOneAndLinearOverlap] 
  1.14e-03s  2.25e-03d  [FindBigVerticalLinearOverlap] 
  1.53e-04s  2.56e-04d  [FindBigHorizontalLinearOverlap] #linears=48 
  1.72e-04s  1.50e-08d  [MergeClauses] 
  2.12e-03s  0.00e+00d  [DetectDominanceRelations] 
  7.58e-03s  0.00e+00d  [PresolveToFixPoint] #num_loops=1 #num_dual_strengthening=1 
  1.65e-04s  0.00e+00d  [ExpandObjective] #entries=84 #tight_variables=28 #tight_constraints=7 

Presolve summary:
  - 70 affine relations were detected.
  - rule 'TODO dual: add implied bound' was applied 62 times.
  - rule 'TODO dual: only one blocking constraint?' was applied 32'044 times.
  - rule 'TODO dual: only one blocking enforced constraint?' was applied 62 times.
  - rule 'TODO dual: only one unspecified blocking constraint?' was applied 22 times.
  - rule 'TODO dual: tighten at most one' was applied 612 times.
  - rule 'TODO linear2: contains a Boolean.' was applied 12'508 times.
  - rule 'affine: new relation' was applied 70 times.
  - rule 'at_most_one: empty or all false' was applied 6 times.
  - rule 'at_most_one: removed literals' was applied 338 times.
  - rule 'at_most_one: size one' was applied 110 times.
  - rule 'at_most_one: transformed into max clique.' was applied 1 time.
  - rule 'bool_and: non-reified.' was applied 42 times.
  - rule 'bool_and: x => x' was applied 2 times.
  - rule 'bool_or: always true' was applied 1'138 times.
  - rule 'bool_or: implications' was applied 6'242 times.
  - rule 'bool_or: singleton' was applied 8 times.
  - rule 'deductions: 332 stored' was applied 1 time.
  - rule 'dual: enforced equivalence' was applied 2 times.
  - rule 'dual: fix variable' was applied 345 times.
  - rule 'dual: fix variable with multiple choices' was applied 10 times.
  - rule 'dual: reduced domain' was applied 218 times.
  - rule 'duplicate: merged rhs of linear constraint' was applied 1 time.
  - rule 'duplicate: removed constraint' was applied 1 time.
  - rule 'duplicate: removed enforced constraint' was applied 1 time.
  - rule 'enforcement: false literal' was applied 3'592 times.
  - rule 'enforcement: literal not used' was applied 15 times.
  - rule 'enforcement: true literal' was applied 42 times.
  - rule 'linear + amo: extracted enforcement literal' was applied 2 times.
  - rule 'linear1: always true' was applied 3 times.
  - rule 'linear2: contains a Boolean.' was applied 7 times.
  - rule 'linear: always true' was applied 1'150 times.
  - rule 'linear: divide by GCD' was applied 4'587 times.
  - rule 'linear: empty' was applied 118 times.
  - rule 'linear: enforcement literal in expression' was applied 2 times.
  - rule 'linear: extracted enforcement literal' was applied 503 times.
  - rule 'linear: fixed or dup variables' was applied 1'400 times.
  - rule 'linear: negative clause' was applied 2'131 times.
  - rule 'linear: positive at most one' was applied 186 times.
  - rule 'linear: positive clause' was applied 4'120 times.
  - rule 'linear: positive equal one' was applied 7 times.
  - rule 'linear: reduced variable domains' was applied 779 times.
  - rule 'linear: remapped using affine relations' was applied 2'342 times.
  - rule 'linear: simplified rhs' was applied 16'655 times.
  - rule 'linear: singleton column' was applied 9 times.
  - rule 'objective: variable not used elsewhere' was applied 1 time.
  - rule 'presolve: 888 unused variables removed.' was applied 1 time.
  - rule 'presolve: iteration' was applied 3 times.
  - rule 'setppc: removed dominated constraints' was applied 49 times.

Presolved optimization model '': (model_fingerprint: 0xf735afc9b6757deb)
#Variables: 1'546 (#bools: 25 #ints: 1 in objective)
  - 1'270 Booleans in [0,1]
  - 1 in [0,726]
  - 1 in [0,730]
  - 1 in [0,736]
  - 1 in [0,1465]
  - 2 in [0,1472]
  - 16 in [0,1476]
  - 2 in [0,1479]
  - 13 in [0,1480]
  - 3 in [0,1483]
  - 1 in [0,1484]
  - 1 in [0,1486]
  - 2 in [0,1489]
  - 9 in [0,1494]
  - 1 in [0,7370]
  - 7 in [0,7380]
  - 1 in [0,7395]
  - 18 in [0,7400]
  - 3 in [0,7415]
  - 2 in [0,7445]
  - 1 in [0,7460]
  - 17 in [0,7470]
  - 65 in [0,225000]
  - 1 in [2,732]
  - 1 in [4,730]
  - 1 in [4,740]
  - 1 in [4,744]
  - 1 in [8,748]
  - 1 in [40,3742]
  - 1 in [42,3744]
  - 1 in [49,3748]
  - 1 in [51,3750]
  - 1 in [60,3745]
  - 1 in [65,3750]
  - 1 in [99,3744]
  - 1 in [105,3750]
  - 1 in [600,219600]
  - 1 in [600,220800]
  - 1 in [600,221400]
  - 1 in [600,222900]
  - 3 in [600,223139]
  - 2 in [600,224160]
  - 2 in [600,224220]
  - 2 in [600,224640]
  - 2 in [600,224760]
  - 1 in [1200,219000]
  - 1 in [1200,220500]
  - 1 in [1200,221400]
  - 1 in [1200,222000]
  - 1 in [1200,222300]
  - 1 in [1200,222600]
  - 1 in [1200,222900]
  - 2 in [1200,223200]
  - 2 in [1200,223320]
  - 2 in [1200,223380]
  - 1 in [1200,223500]
  - 2 in [1200,223800]
  - 2 in [1200,224280]
  - 1 in [1200,224400]
  - 2 in [1200,224577]
  - 2 in [1200,224580]
  - 2 in [1200,224700]
  - 2 in [1200,225000]
  - 2 in [2341,224880]
  - 2 in [2400,224280]
  - 2 in [2400,224400]
  - 1 in [2480,225000]
  - 1 in [2517,225000]
  - 3 in [2520,224280]
  - 1 in [2520,224673]
  - 1 in [2547,224700]
  - 4 in [2703,224580]
  - 3 in [2870,224640]
  - 2 in [2932,224880]
  - 2 in [2936,224040]
  - 3 in [2940,224880]
  - 2 in [3158,223500]
  - 2 in [3236,223800]
  - 2 in [3240,224340]
  - 5 in [3600,224700]
  - 3 in [4278,225000]
  - 2 in [5241,223980]
  - 3 in [5700,224400]
  - 3 in [5940,224640]
  - 4 in [6300,225000]
#kAtMostOne: 817 (#literals: 5'521)
#kBoolAnd: 19 (#enforced: 19) (#literals: 39)
#kBoolOr: 1 (#literals: 3)
#kExactlyOne: 7 (#literals: 28)
#kLinear1: 5 (#enforced: 5)
#kLinear2: 580 (#enforced: 412 #multi: 18)
#kLinear3: 999
#kLinearN: 173 (#terms: 1'959)

Preloading model.
#Bound   1.37s best:inf   next:[135704,4351678] initial_domain
[Symmetry] Graph for symmetry has 6'011 nodes and 14'031 arcs.
[Symmetry] Symmetry computation done. time: 0.00131874 dtime: 0.00161875
#Model   1.38s var:1546/1546 constraints:2601/2601

Starting search at 1.38s with 32 workers.
16 full problem subsolvers: [core, default_lp, lb_tree_search, max_lp, no_lp, objective_lb_search, objective_lb_search_max_lp, objective_lb_search_no_lp, objective_shaving_search_max_lp, objective_shaving_search_no_lp, probing, probing_max_lp, pseudo_costs, quick_restart, quick_restart_no_lp, reduced_costs]
14 first solution subsolvers: [fj_long_default, fj_long_lin_default, fj_long_random, fj_short_default, fj_short_lin_default, fj_short_lin_random, fj_short_random, fs_random(2), fs_random_no_lp(2), fs_random_quick_restart(2), fs_random_quick_restart_no_lp]
11 incomplete subsolvers: [feasibility_pump, graph_arc_lns, graph_cst_lns, graph_dec_lns, graph_var_lns, rins/rens, rnd_cst_lns, rnd_var_lns, violation_ls(3)]
3 helper subsolvers: [neighborhood_helper, synchronization_agent, update_gap_integral]
#Bound   1.47s best:inf   next:[135706,4351678] objective_shaving_search_max_lp (vars=1546 csts=2634)
#Bound   1.49s best:inf   next:[135708,4351678] objective_shaving_search_max_lp (vars=1546 csts=2602)
#Bound   1.50s best:inf   next:[135710,4351678] objective_shaving_search_max_lp (vars=1546 csts=2602)
#Bound   1.51s best:inf   next:[135712,4351678] objective_shaving_search_max_lp (vars=1546 csts=2602)
#Bound   1.52s best:inf   next:[135714,4351678] objective_shaving_search_max_lp (vars=1546 csts=2602)
#Bound   1.53s best:inf   next:[135716,4351678] objective_shaving_search_max_lp (vars=1546 csts=2602)
#Bound   1.54s best:inf   next:[135718,4351678] objective_shaving_search_max_lp (vars=1546 csts=2602)
#Bound   1.55s best:inf   next:[135720,4351678] objective_shaving_search_max_lp (vars=1546 csts=2602)
#Bound   1.56s best:inf   next:[135722,4351678] objective_shaving_search_max_lp (vars=1546 csts=2602)
#Bound   1.59s best:inf   next:[135724,4351678] objective_shaving_search_max_lp (vars=1546 csts=2634)
#Bound   1.60s best:inf   next:[135726,4351678] objective_shaving_search_max_lp (vars=1546 csts=2602)
#Bound   1.61s best:inf   next:[135728,4351678] objective_shaving_search_max_lp (vars=1546 csts=2602)
#Bound   1.62s best:inf   next:[135730,4351678] objective_shaving_search_max_lp (vars=1546 csts=2602)
#Bound   1.63s best:inf   next:[135732,4351678] objective_shaving_search_max_lp (vars=1546 csts=2602)
#Bound   1.63s best:inf   next:[135734,4351678] objective_shaving_search_max_lp (vars=1546 csts=2602)
#Bound   1.64s best:inf   next:[135736,4351678] objective_shaving_search_max_lp (vars=1546 csts=2602)
#1       1.65s best:4351678 next:[135736,4351676] fj_long_random(batch:2 #lin_moves:9'442 #lin_evals:17'072 #weight_updates:937)
#Bound   1.65s best:4351678 next:[135738,4351676] objective_shaving_search_max_lp (vars=1546 csts=2602)
#2       1.65s best:4351660 next:[135738,4351658] violation_ls(batch:1 #solutions_imported:1 #lin_moves:0 #lin_evals:730 #gen_moves:10 #gen_evals:0 #comp_moves:4 #backtracks:3 #weight_updates:0)
#3       1.65s best:4351642 next:[135738,4351640] violation_ls(batch:1 #solutions_imported:1 #lin_moves:1 #lin_evals:26 #weight_updates:0)
#4       1.66s best:4351624 next:[135738,4351622] violation_ls(batch:1 #solutions_imported:1 #lin_moves:0 #lin_evals:571 #gen_moves:8 #gen_evals:0 #comp_moves:4 #backtracks:2 #weight_updates:0)
#5       1.67s best:4351606 next:[135738,4351604] violation_ls(batch:2 #solutions_imported:2 #lin_moves:2 #lin_evals:52 #weight_updates:0)
#6       1.67s best:4351588 next:[135738,4351586] violation_ls(batch:3 #solutions_imported:3 #lin_moves:4 #lin_evals:1'593 #gen_moves:15 #gen_evals:0 #comp_moves:5 #backtracks:5 #weight_updates:2)
#7       1.67s best:4351570 next:[135738,4351568] violation_ls(batch:3 #solutions_imported:3 #lin_moves:3 #lin_evals:78 #weight_updates:0)
#Model   1.87s var:1543/1546 constraints:2601/2601
#Bound   1.89s best:4351570 next:[149744,4351568] max_lp
#8       1.93s best:4351552 next:[149744,4351550] violation_ls(batch:4 #solutions_imported:4 #lin_moves:8 #lin_evals:1'627 #gen_moves:15 #gen_evals:0 #comp_moves:5 #backtracks:5 #weight_updates:5)
#9       1.93s best:4351534 next:[149744,4351532] violation_ls(batch:4 #solutions_imported:4 #lin_moves:3 #lin_evals:86 #gen_moves:1 #gen_evals:0 #comp_moves:1 #backtracks:0 #weight_updates:0)
#10      1.93s best:4351516 next:[149744,4351514] violation_ls(batch:4 #solutions_imported:4 #lin_moves:4 #lin_evals:1'933 #gen_moves:18 #gen_evals:0 #comp_moves:6 #backtracks:6 #weight_updates:3)
#11      1.97s best:4335252 next:[149744,4335250] graph_arc_lns (d=0.50 s=90 t=0.10 p=0.00 stall=0 h=auto_l0)
#12      2.21s best:4335234 next:[149744,4335232] violation_ls(batch:5 #solutions_imported:5 #lin_moves:11 #lin_evals:1'658 #gen_moves:15 #gen_evals:0 #comp_moves:5 #backtracks:5 #weight_updates:6)
#13      2.21s best:4335216 next:[149744,4335214] violation_ls(batch:5 #solutions_imported:5 #lin_moves:4 #lin_evals:110 #gen_moves:1 #gen_evals:0 #comp_moves:1 #backtracks:0 #weight_updates:0)
#14      2.22s best:4335198 next:[149744,4335196] violation_ls(batch:5 #solutions_imported:5 #lin_moves:4 #lin_evals:1'961 #gen_moves:21 #gen_evals:0 #comp_moves:9 #backtracks:6 #weight_updates:3)
#15      3.16s best:4308300 next:[149744,4308298] graph_arc_lns (d=0.72 s=110 t=0.10 p=0.67 stall=0 h=auto_l0)
#Model   7.35s var:1542/1546 constraints:2601/2601
#Model   7.45s var:1541/1546 constraints:2600/2601
#Model   8.46s var:1540/1546 constraints:2600/2601
#Model   8.96s var:1539/1546 constraints:2600/2601
#Model   9.26s var:1538/1546 constraints:2600/2601
#Model   9.76s var:1537/1546 constraints:2600/2601
#Model  10.07s var:1536/1546 constraints:2600/2601
#Model  11.17s var:1535/1546 constraints:2600/2601
#Model  12.28s var:1534/1546 constraints:2599/2601
#Model  12.68s var:1533/1546 constraints:2597/2601
#Model  13.18s var:1532/1546 constraints:2596/2601
#16     25.07s best:4302642 next:[149744,4302640] quick_restart_no_lp (fixed_bools=115/2126)
#17     25.08s best:4287800 next:[149744,4287798] quick_restart_no_lp (fixed_bools=115/2143)
#Model  26.79s var:1531/1546 constraints:2595/2601
#Model  44.81s var:1530/1546 constraints:2593/2601
#Model  54.62s var:1529/1546 constraints:2592/2601
#18     95.22s best:623730 next:[149744,623728] core (fixed_bools=154/2171)
#19     97.70s best:603476 next:[149744,603474] quick_restart_no_lp (fixed_bools=156/2669)
#20     97.77s best:592406 next:[149744,592404] quick_restart_no_lp (fixed_bools=156/2703)
#Model 132.47s var:1528/1546 constraints:2592/2601
#Model 141.88s var:1527/1546 constraints:2591/2601
#Model 149.28s var:1526/1546 constraints:2591/2601
#21    363.79s best:576580 next:[149744,576578] graph_var_lns (d=0.79 s=126 t=0.10 p=0.75 stall=4 h=auto_l0)
#22    819.25s best:565248 next:[149744,565246] objective_lb_search_no_lp (fixed_bools=590/3915)
#23    1575.47s best:559098 next:[149744,559096] quick_restart_no_lp (fixed_bools=947/4261)
#Model 1764.74s var:1525/1546 constraints:2591/2601
#24    2791.88s best:544256 next:[149744,544254] quick_restart_no_lp (fixed_bools=1189/5033)
#25    3230.11s best:529858 next:[149744,529856] no_lp (fixed_bools=1439/8267)
#26    3232.09s best:520662 next:[149744,520660] no_lp (fixed_bools=1443/8433)
#27    3260.30s best:506678 next:[149744,506676] core (fixed_bools=2825/17229)
#28    3260.63s best:505598 next:[149744,505596] core (fixed_bools=2825/17230)
#29    3270.36s best:495922 next:[149744,495920] core (fixed_bools=3370/17234)
#30    3273.26s best:494842 next:[149744,494840] core (fixed_bools=3372/17280)
#31    4908.41s best:475596 next:[149744,475594] core (fixed_bools=3722/23702)
#32    5148.35s best:459770 next:[149744,459768] quick_restart_no_lp (fixed_bools=1856/8429)
#33    5324.02s best:456220 next:[149744,456218] quick_restart_no_lp (fixed_bools=2058/8904)
#34    5488.32s best:440148 next:[149744,440146] quick_restart_no_lp (fixed_bools=2229/9241)
#35    5545.28s best:423830 next:[149744,423828] quick_restart_no_lp (fixed_bools=2433/9314)
#36    5657.48s best:419812 next:[149744,419810] quick_restart_no_lp (fixed_bools=2517/9590)
#37    6019.39s best:419062 next:[149744,419060] quick_restart_no_lp (fixed_bools=2686/10008)
#Model 6082.11s var:1524/1546 constraints:2590/2601
#38    6233.25s best:402744 next:[149744,402742] quick_restart_no_lp (fixed_bools=2823/10330)
#39    7157.42s best:392248 next:[149744,392246] quick_restart_no_lp (fixed_bools=3093/11095)
#40    8500.41s best:379784 next:[149744,379782] quick_restart_no_lp (fixed_bools=3367/11718)
#41    10200.32s best:372978 next:[149744,372976] quick_restart_no_lp (fixed_bools=3692/12425)
#42    10517.28s best:364368 next:[149744,364366] quick_restart_no_lp (fixed_bools=3961/12807)
#43    11859.81s best:362320 next:[149744,362318] quick_restart_no_lp (fixed_bools=4277/13723)

Task timing                                  n [     min,      max]      avg      dev     time         n [     min,      max]      avg      dev    dtime
                             'core':         1 [   6.00h,    6.00h]    6.00h   0.00ns    6.00h         1 [   4.46h,    4.46h]    4.46h   0.00ns    4.46h
                       'default_lp':         1 [   6.00h,    6.00h]    6.00h   0.00ns    6.00h         1 [  39.60m,   39.60m]   39.60m   0.00ns   39.60m
                 'feasibility_pump':         6 [ 64.80ms,    1.56s] 914.68ms 442.77ms    5.49s         5 [266.96ms, 420.78ms] 316.19ms  56.43ms    1.58s
                  'fj_long_default':         2 [ 23.83ms, 181.65ms] 102.74ms  78.91ms 205.48ms         2 [  3.62ms,  35.77ms]  19.70ms  16.08ms  39.40ms
              'fj_long_lin_default':         1 [191.14ms, 191.14ms] 191.14ms   0.00ns 191.14ms         1 [ 34.43ms,  34.43ms]  34.43ms   0.00ns  34.43ms
                   'fj_long_random':         2 [  5.50ms, 182.70ms]  94.10ms  88.60ms 188.20ms         2 [  1.46ms,  36.82ms]  19.14ms  17.68ms  38.29ms
                 'fj_short_default':         3 [ 82.90ms, 140.61ms] 104.00ms  25.99ms 312.01ms         3 [ 20.34ms,  22.51ms]  21.64ms 934.77us  64.91ms
             'fj_short_lin_default':         2 [ 95.37ms, 116.90ms] 106.14ms  10.76ms 212.27ms         2 [ 22.14ms,  22.81ms]  22.47ms 335.48us  44.95ms
              'fj_short_lin_random':         2 [ 95.05ms, 137.44ms] 116.24ms  21.19ms 232.49ms         2 [ 22.32ms,  25.20ms]  23.76ms   1.44ms  47.52ms
                  'fj_short_random':         2 [ 96.74ms, 136.94ms] 116.84ms  20.10ms 233.68ms         2 [ 22.71ms,  24.73ms]  23.72ms   1.01ms  47.44ms
                        'fs_random':         1 [264.65ms, 264.65ms] 264.65ms   0.00ns 264.65ms         1 [ 20.00ns,  20.00ns]  20.00ns   0.00ns  20.00ns
                        'fs_random':         1 [274.95ms, 274.95ms] 274.95ms   0.00ns 274.95ms         1 [ 20.00ns,  20.00ns]  20.00ns   0.00ns  20.00ns
                  'fs_random_no_lp':         1 [257.84ms, 257.84ms] 257.84ms   0.00ns 257.84ms         0 [  0.00ns,   0.00ns]   0.00ns   0.00ns   0.00ns
                  'fs_random_no_lp':         1 [259.73ms, 259.73ms] 259.73ms   0.00ns 259.73ms         0 [  0.00ns,   0.00ns]   0.00ns   0.00ns   0.00ns
          'fs_random_quick_restart':         1 [263.89ms, 263.89ms] 263.89ms   0.00ns 263.89ms         1 [ 20.00ns,  20.00ns]  20.00ns   0.00ns  20.00ns
          'fs_random_quick_restart':         1 [274.14ms, 274.14ms] 274.14ms   0.00ns 274.14ms         1 [ 20.00ns,  20.00ns]  20.00ns   0.00ns  20.00ns
    'fs_random_quick_restart_no_lp':         1 [257.54ms, 257.54ms] 257.54ms   0.00ns 257.54ms         0 [  0.00ns,   0.00ns]   0.00ns   0.00ns   0.00ns
                    'graph_arc_lns':         6 [283.06ms,    6.00h]    1.00h    2.24h    6.00h         6 [ 10.00ns, 100.25ms]  83.44ms  37.32ms 500.65ms
                    'graph_cst_lns':         6 [259.87ms,    6.00h]    4.00h    2.79h   24.00h         3 [ 40.00ns, 100.19ms]  66.73ms  47.18ms 200.19ms
                    'graph_dec_lns':         5 [220.91ms,    6.00h]    3.60h    2.94h   18.00h         3 [  2.38us, 100.13ms]  66.73ms  47.18ms 200.18ms
                    'graph_var_lns':         6 [179.76ms,    6.00h]    1.00h    2.24h    6.00h         6 [ 10.00ns, 100.14ms]  83.40ms  37.30ms 500.41ms
                   'lb_tree_search':         1 [   6.00h,    6.00h]    6.00h   0.00ns    6.00h         1 [  24.89m,   24.89m]   24.89m   0.00ns   24.89m
                           'max_lp':         1 [   6.00h,    6.00h]    6.00h   0.00ns    6.00h         1 [  28.60m,   28.60m]   28.60m   0.00ns   28.60m
                            'no_lp':         1 [   6.00h,    6.00h]    6.00h   0.00ns    6.00h         1 [   4.64h,    4.64h]    4.64h   0.00ns    4.64h
              'objective_lb_search':         1 [   6.00h,    6.00h]    6.00h   0.00ns    6.00h         1 [  38.79m,   38.79m]   38.79m   0.00ns   38.79m
       'objective_lb_search_max_lp':         1 [   6.00h,    6.00h]    6.00h   0.00ns    6.00h         1 [  25.91m,   25.91m]   25.91m   0.00ns   25.91m
        'objective_lb_search_no_lp':         1 [   6.00h,    6.00h]    6.00h   0.00ns    6.00h         1 [   4.09h,    4.09h]    4.09h   0.00ns    4.09h
  'objective_shaving_search_max_lp':        17 [  6.55ms,  88.21ms]  15.28ms  19.71ms 259.84ms         0 [  0.00ns,   0.00ns]   0.00ns   0.00ns   0.00ns
   'objective_shaving_search_no_lp':        12 [  4.33ms,  99.10ms]  23.06ms  24.31ms 276.71ms         0 [  0.00ns,   0.00ns]   0.00ns   0.00ns   0.00ns
                          'probing':         1 [   6.00h,    6.00h]    6.00h   0.00ns    6.00h         1 [  40.00m,   40.00m]   40.00m   0.00ns   40.00m
                   'probing_max_lp':         1 [   6.00h,    6.00h]    6.00h   0.00ns    6.00h         1 [  29.55m,   29.55m]   29.55m   0.00ns   29.55m
                     'pseudo_costs':         1 [   6.00h,    6.00h]    6.00h   0.00ns    6.00h         1 [  26.09m,   26.09m]   26.09m   0.00ns   26.09m
                    'quick_restart':         1 [   6.00h,    6.00h]    6.00h   0.00ns    6.00h         1 [  36.03m,   36.03m]   36.03m   0.00ns   36.03m
              'quick_restart_no_lp':         1 [   6.00h,    6.00h]    6.00h   0.00ns    6.00h         1 [   4.48h,    4.48h]    4.48h   0.00ns    4.48h
                    'reduced_costs':         1 [   6.00h,    6.00h]    6.00h   0.00ns    6.00h         1 [  27.96m,   27.96m]   27.96m   0.00ns   27.96m
                        'rins/rens':         6 [710.66us,    6.00h]    3.00h    3.00h   18.00h         3 [156.00ns, 101.12ms]  67.17ms  47.49ms 201.50ms
                      'rnd_cst_lns':         6 [343.06ms,    6.00h]    3.00h    3.00h   18.00h         4 [144.00ns, 100.13ms]  75.05ms  43.33ms 300.20ms
                      'rnd_var_lns':         6 [296.52ms,    6.00h]    3.00h    3.00h   18.00h         4 [ 30.00ns, 100.03ms]  75.01ms  43.31ms 300.04ms
                     'violation_ls':         6 [297.87us, 121.67ms]  21.90ms  44.70ms 131.38ms         6 [  4.80us,  35.20ms]   5.87ms  13.11ms  35.24ms
                     'violation_ls':         6 [304.29us,  25.80ms]   7.30ms   9.87ms  43.83ms         6 [ 10.90us,   8.55ms]   1.48ms   3.16ms   8.91ms
                     'violation_ls':         6 [403.58us,  28.12ms]   5.52ms  10.13ms  33.10ms         6 [ 11.15us,   9.15ms]   1.57ms   3.39ms   9.44ms

Search stats                         Bools   Conflicts     Branches    Restarts      BoolPropag   IntegerPropag
                           'core':  50'158   8'376'714  331'635'389  59'775'094  62'395'854'513  12'038'322'808
                     'default_lp':   1'827          65      209'552      89'504       7'903'912      16'386'791
                      'fs_random':   1'275           0        1'298       1'298          28'056         193'788
                      'fs_random':   1'275           0        1'298       1'298          28'056         193'788
                'fs_random_no_lp':   1'275           0        1'298       1'298          28'056         193'788
                'fs_random_no_lp':   1'275           0        1'338       1'338          28'976         197'617
        'fs_random_quick_restart':   1'275           0        1'298       1'298          28'056         193'788
        'fs_random_quick_restart':   1'275           0        1'298       1'298          28'056         193'788
  'fs_random_quick_restart_no_lp':   1'275           0        1'328       1'328          28'759         196'592
                 'lb_tree_search':   1'827          13       65'716      37'678       3'233'485       6'669'750
                         'max_lp':   1'827          38       88'049      48'222       4'218'275       8'780'888
                          'no_lp':  53'787   7'824'306  378'682'353  58'061'269  57'115'950'842  11'834'052'448
            'objective_lb_search':   1'827          37      211'271      90'081       7'926'512      16'465'047
     'objective_lb_search_max_lp':   1'827          34       81'345      45'429       3'955'522       8'244'180
      'objective_lb_search_no_lp':  37'046   4'230'357  286'643'232  63'037'801  62'560'136'308  12'171'651'220
                        'probing':   1'827          40      216'321      92'348       8'143'224      16'866'318
                 'probing_max_lp':   1'827          38       80'701      45'408       3'961'178       8'226'907
                   'pseudo_costs':   1'827          33       77'172      43'308       3'777'939       7'860'573
                  'quick_restart':   1'827          39      237'903      99'200       8'736'690      18'141'951
            'quick_restart_no_lp':  16'649  19'229'237  897'996'728  69'550'250  26'133'566'801  16'695'197'733
                  'reduced_costs':   1'827          38       83'409      46'485       4'066'631       8'470'684

SAT stats                           ClassicMinim   LitRemoved     LitLearned   LitForgotten  Subsumed   MClauses  MDecisions  MLitTrue  MSubsumed  MLitRemoved  MReused
                           'core':     8'016'689   77'993'884  2'287'826'985  2'226'477'670   160'470    254'058   7'165'363         1      3'747       92'481   82'092
                     'default_lp':             0            0             65              0         0          0           0         0          0            0        0
                      'fs_random':             0            0              0              0         0          0           0         0          0            0        0
                      'fs_random':             0            0              0              0         0          0           0         0          0            0        0
                'fs_random_no_lp':             0            0              0              0         0          0           0         0          0            0        0
                'fs_random_no_lp':             0            0              0              0         0          0           0         0          0            0        0
        'fs_random_quick_restart':             0            0              0              0         0          0           0         0          0            0        0
        'fs_random_quick_restart':             0            0              0              0         0          0           0         0          0            0        0
  'fs_random_quick_restart_no_lp':             0            0              0              0         0          0           0         0          0            0        0
                 'lb_tree_search':             0            0             13              0         0          0           0         0          0            0        0
                         'max_lp':             0            0             38              0         0          0           0         0          0            0        0
                          'no_lp':     7'436'527   71'243'659  2'191'732'994  2'124'180'660   170'757     98'309   7'240'409         0      3'472      168'875   39'109
            'objective_lb_search':             0            0             37              0         0          0           0         0          0            0        0
     'objective_lb_search_max_lp':             0            0             34              0         0          0           0         0          0            0        0
      'objective_lb_search_no_lp':     4'021'402   40'222'984  1'094'117'797  1'055'662'952    93'737    205'839   7'189'536         3      2'047       67'395   80'668
                        'probing':             0            0             40              0         0          0           0         0          0            0        0
                 'probing_max_lp':             0            0             38              0         0          0           0         0          0            0        0
                   'pseudo_costs':             0            0             33              0         0          0           0         0          0            0        0
                  'quick_restart':             0            0             39              0         0          0           0         0          0            0        0
            'quick_restart_no_lp':    18'509'250  163'705'874  6'342'173'533  6'243'651'589   278'770  1'028'868   6'006'474        18      3'290       19'357  205'651
                  'reduced_costs':             0            0             38              0         0          0           0         0          0            0        0

Lp stats                         Component  Iterations  AddedCuts  OPTIMAL  DUAL_F.  DUAL_U.
                  'default_lp':          1  15'377'486  5'088'453  481'797        3        1
                   'fs_random':          1           0          0        0        0        0
                   'fs_random':          1           0          0        0        0        0
     'fs_random_quick_restart':          1           0          0        0        0        0
     'fs_random_quick_restart':          1           0          0        0        0        0
              'lb_tree_search':          1   4'095'637  1'314'865  129'175   37'977        0
                      'max_lp':          1   6'266'625  1'401'392  163'728   50'702        0
         'objective_lb_search':          1  15'013'899  5'212'225  485'092        1        0
  'objective_lb_search_max_lp':          1   5'845'656  1'446'117  155'620   47'350        0
                     'probing':          1  15'530'956  5'798'853  496'788        2        1
              'probing_max_lp':          1   6'209'528  1'359'853  157'873   46'189        1
                'pseudo_costs':          1   5'244'486  1'379'022  148'575   44'820        0
               'quick_restart':          1  15'194'538  4'348'291  528'421        0        0
               'reduced_costs':          1   5'956'103  1'425'461  158'758   48'592        0

Lp dimension                                                                        Final dimension of first component
                  'default_lp':  2042 rows, 1541 columns, 18742 entries with magnitude in [1.408827e-05, 1.000000e+00]
                   'fs_random':         0 rows, 1541 columns, 0 entries with magnitude in [0.000000e+00, 0.000000e+00]
                   'fs_random':         0 rows, 1541 columns, 0 entries with magnitude in [0.000000e+00, 0.000000e+00]
     'fs_random_quick_restart':         0 rows, 1541 columns, 0 entries with magnitude in [0.000000e+00, 0.000000e+00]
     'fs_random_quick_restart':         0 rows, 1541 columns, 0 entries with magnitude in [0.000000e+00, 0.000000e+00]
              'lb_tree_search':  2396 rows, 1546 columns, 31792 entries with magnitude in [4.489652e-06, 1.000000e+00]
                      'max_lp':  2354 rows, 1546 columns, 28995 entries with magnitude in [6.195840e-06, 1.000000e+00]
         'objective_lb_search':  2212 rows, 1541 columns, 18561 entries with magnitude in [3.673816e-06, 1.000000e+00]
  'objective_lb_search_max_lp':  2000 rows, 1546 columns, 23546 entries with magnitude in [3.169054e-06, 1.000000e+00]
                     'probing':  2587 rows, 1541 columns, 30265 entries with magnitude in [5.871673e-06, 1.000000e+00]
              'probing_max_lp':  2211 rows, 1546 columns, 25430 entries with magnitude in [2.670660e-05, 1.000000e+00]
                'pseudo_costs':  2680 rows, 1546 columns, 36355 entries with magnitude in [1.768106e-05, 1.000000e+00]
               'quick_restart':  2625 rows, 1541 columns, 24415 entries with magnitude in [9.866285e-06, 1.000000e+00]
               'reduced_costs':  2559 rows, 1546 columns, 33307 entries with magnitude in [7.746336e-06, 1.000000e+00]

Lp debug                         CutPropag  CutEqPropag   Adjust  Overflow          Bad  BadScaling
                  'default_lp':          0       14'453      602         0  192'282'202           0
                   'fs_random':          0            0        0         0            0           0
                   'fs_random':          0            0        0         0            0           0
     'fs_random_quick_restart':          0            0        0         0            0           0
     'fs_random_quick_restart':          0            0        0         0            0           0
              'lb_tree_search':          0        2'244  101'787         1  135'880'179           0
                      'max_lp':          0        2'150  139'534         0  171'290'692           0
         'objective_lb_search':          0       22'402      988         0  187'728'339           0
  'objective_lb_search_max_lp':          0        2'109  158'281         0  164'724'645           0
                     'probing':          0       19'410      137         0  189'740'159           0
              'probing_max_lp':          0        2'714  193'685         0  158'243'526           0
                'pseudo_costs':          0        2'576  120'874         1  156'427'123           0
               'quick_restart':          0       22'766      278         0  194'692'521           0
               'reduced_costs':          0        4'299  143'302         1  162'706'042           0

Lp pool                          Constraints  Updates  Simplif  Merged  Shortened   Split  Strenghtened             Cuts/Call
                  'default_lp':       11'499   87'611   16'951     118        857  15'823       316'640   5'088'453/9'725'422
                   'fs_random':        2'164        0        0       0          0       0             0                   0/0
                   'fs_random':        2'164        0        0       0          0       0             0                   0/0
     'fs_random_quick_restart':        2'164        0        0       0          0       0             0                   0/0
     'fs_random_quick_restart':        2'164        0        0       0          0       0             0                   0/0
              'lb_tree_search':       12'445  121'824   19'324      23      3'185  54'408       261'177   1'314'865/2'669'078
                      'max_lp':       11'934   91'156   25'818      61      1'177  66'556       342'147   1'401'392/2'965'277
         'objective_lb_search':       11'280   98'825   14'179     109      1'316  18'022       326'151   5'212'225/9'614'565
  'objective_lb_search_max_lp':       11'633   82'673   23'493      87      1'990  44'947       340'815   1'446'117/3'100'635
                     'probing':       11'914  102'873   13'396     103        995  15'364       339'272  5'798'853/10'215'323
              'probing_max_lp':       12'390   81'811   25'675      66      1'582  59'690       308'972   1'359'853/2'911'289
                'pseudo_costs':       11'578   98'260   24'283      47      2'534  60'731       305'032   1'379'022/2'960'584
               'quick_restart':       11'365   91'563   15'860      90      1'056  18'400       329'941   4'348'291/7'591'434
               'reduced_costs':       11'984   99'369   22'816      80      1'148  66'985       331'353   1'425'461/2'955'969

Lp Cut               defaul   max_lp     quick_   reduce   pseudo   lb_tre     probin     object   probin   object
          CG_FF:    198'265   28'208    169'166   26'556   28'055   24'915    231'357    199'890   26'958   31'293
           CG_K:     35'272   13'777     18'774   12'241   13'579   10'716     26'106     35'070   11'782   14'215
          CG_KL:          -        2          1        -        -        1          1          -        2        3
           CG_R:    229'676   25'803    231'095   24'377   24'267   21'890    267'402    271'600   22'106   27'182
          CG_RB:  1'231'660  188'744  1'046'274  200'783  177'144  164'067  1'571'626  1'251'374  179'703  205'223
         CG_RBP:     44'882   29'573     13'946   24'644   29'938   23'312     28'151     41'498   21'869   28'537
         Clique:          -   40'638          -   40'112   37'309   32'756          -          -   39'198   39'204
             IB:    902'178  141'190    854'787  146'546  141'851  129'457    946'628    906'775  143'138  151'839
       MIR_1_FF:    745'296  101'493    458'428  101'851  100'879   95'541    762'908    722'149   98'085  108'784
        MIR_1_K:     19'507   12'325      8'842   12'446   10'656   10'926     17'865     20'903   10'709   11'943
        MIR_1_R:     21'252    8'419     19'278    6'869    8'093    7'347     21'970     22'933    6'835    8'887
       MIR_1_RB:    618'783  259'991    563'688  267'819  274'506  251'190    767'100    658'705  267'796  265'536
      MIR_1_RBP:      2'568    2'295      2'422    2'308    2'440    4'109      2'070      3'001    2'791    1'957
      MIR_1_RLT:          -        9          -        8        6        7          -          -        3        3
       MIR_2_FF:     44'825   14'390     27'871   15'104   14'560   13'051     49'362     48'208   14'692   16'421
        MIR_2_K:      3'671    4'230      1'991    4'201    3'719    3'351      2'485      3'778    3'516    3'880
        MIR_2_R:      9'640   11'365      9'697   12'886   14'813   11'196     10'981     12'371   11'085   10'885
       MIR_2_RB:    123'883   94'801    111'941  128'189  116'398  157'647    144'659    132'292  103'590  116'259
      MIR_2_RBP:      1'382      909        693    1'623    1'322    8'668        660      1'253    1'214      861
       MIR_3_FF:     15'347    9'035     11'975    8'476    8'428    7'682     15'356     14'938    8'857    9'654
        MIR_3_K:      5'820    4'338      2'684    3'973    3'323    3'122      5'838      6'298    3'287    3'830
        MIR_3_R:     50'845   13'299     57'092   12'069   11'466    9'142     52'942     51'430   11'279   11'466
       MIR_3_RB:    126'691   75'834    127'810   72'401   69'954   70'308    140'476    126'068   72'397   73'454
      MIR_3_RBP:        698    1'134        527    1'003      943    1'520        558        655    1'066    1'143
       MIR_4_FF:      6'021    8'128      5'199    7'882    7'253    7'212      6'208      6'153    7'985    8'855
        MIR_4_K:      5'471    3'010      2'236    3'089    2'692    2'436      4'204      5'059    2'688    2'745
        MIR_4_R:      8'839    6'106      8'567    5'599    5'757    4'293      8'961      9'093    5'124    5'033
       MIR_4_RB:     65'304   60'160     59'628   57'763   54'881   50'390     74'699     67'283   58'756   59'750
      MIR_4_RBP:        380      778        318      685      623    1'101        284        358      758      753
       MIR_5_FF:      4'730    5'557      3'203    6'231    5'625    5'468      4'558      4'362    6'138    7'102
        MIR_5_K:      1'835    2'361        958    2'331    1'908    1'795      1'289      1'850    1'810    2'113
        MIR_5_R:      6'131    4'138      5'932    3'773    3'424    2'973      6'307      5'912    3'523    3'485
       MIR_5_RB:     46'545   47'505     43'333   45'856   44'474   39'826     51'786     47'067   46'018   47'429
      MIR_5_RBP:        275      477        216      355      382      583        186        250      470      390
       MIR_6_FF:      1'958    3'829      1'688    4'072    3'768    3'351      1'973      1'754    4'053    4'414
        MIR_6_K:        641    1'736        487    1'843    1'559    1'298        648        730    1'546    1'585
       MIR_6_KL:          -        1          -        -        -        -          -          -        -        -
        MIR_6_R:      2'926    4'956      2'572    4'096    3'735    2'880      2'839      2'697    4'057    3'766
       MIR_6_RB:     30'718   39'761     29'348   38'011   35'711   30'943     34'753     31'916   36'985   37'597
      MIR_6_RBP:        153      350        146      291      269      485        136        164      388      303
   ZERO_HALF_FF:     50'951   13'869     41'194   14'003   13'521   11'089     52'870     49'988   14'837   14'571
    ZERO_HALF_K:      4'588    1'774      2'672    1'673    1'423    1'446      2'421      3'531    1'411    1'432
    ZERO_HALF_R:    285'376   65'965    280'722   58'366   54'514   48'904    307'497    302'906   57'169   60'284
   ZERO_HALF_RB:    132'623   48'178    120'325   42'250   43'141   35'825    170'047    139'082   43'477   41'330
  ZERO_HALF_RBP:        847      951        565      807      713      646        686        881      702      721

LNS stats           Improv/Calls  Closed  Difficulty  TimeLimit
  'graph_arc_lns':           5/6     33%        0.31       0.10
  'graph_cst_lns':           4/6      0%        0.04       0.10
  'graph_dec_lns':           4/5      0%        0.06       0.10
  'graph_var_lns':           2/6     50%        0.59       0.10
      'rins/rens':           5/5      0%        0.06       0.10
    'rnd_cst_lns':           4/6     17%        0.11       0.10
    'rnd_var_lns':           5/6     33%        0.31       0.10

LS stats                   Batches  Restarts  LinMoves  GenMoves  CompoundMoves  WeightUpdates
       'fj_long_default':        2         1     9'601         0              0          1'293
   'fj_long_lin_default':        1         1         0     5'577            441             95
        'fj_long_random':        2         1     9'442         0              0            937
      'fj_short_default':        3         1         0     8'551            882             86
  'fj_short_lin_default':        2         1         0     6'165            775             71
   'fj_short_lin_random':        2         1         0     6'738            775             78
       'fj_short_random':        2         1         0     6'674            778             90
          'violation_ls':        6         0        11     1'319             22             22
          'violation_ls':        6         0         4     1'111             29             19
          'violation_ls':        6         0     9'224         1              1            780

Solutions (43)                  Num     Rank
                       'core':    6  [18,31]
             'fj_long_random':    1    [1,1]
              'graph_arc_lns':    2  [11,15]
              'graph_var_lns':    1  [21,21]
                      'no_lp':    2  [25,26]
  'objective_lb_search_no_lp':    1  [22,22]
        'quick_restart_no_lp':   18  [16,43]
               'violation_ls':   12   [2,14]

Objective bounds                      Num
                   'initial_domain':    1
                           'max_lp':    1
  'objective_shaving_search_max_lp':   17

Solution repositories    Added  Queried  Ignored  Synchro
  'feasible solutions':    126      103        0      119
        'lp solutions':      0        0        0        0
                'pump':     38        6

Improving bounds shared            Num
                        'core':  2'137
                  'default_lp':    173
                      'max_lp':     88
                       'no_lp':  1'643
         'objective_lb_search':    226
  'objective_lb_search_max_lp':     79
   'objective_lb_search_no_lp':  2'053
                     'probing':    193
              'probing_max_lp':     44
                'pseudo_costs':     43
               'quick_restart':    178
         'quick_restart_no_lp':  1'565
               'reduced_costs':    115

Clauses shared                    Num
                       'core':  1'143
                      'no_lp':  1'058
  'objective_lb_search_no_lp':    774
        'quick_restart_no_lp':  1'258

CpSolverResponse summary:
status: FEASIBLE
objective: 362320
best_bound: 149744
integers: 1545
booleans: 1275
conflicts: 0
branches: 1298
propagations: 28056
integer_propagations: 193788
restarts: 1298
lp_iterations: 0
walltime: 21600.3
usertime: 21600.3
deterministic_time: 82675.2
gap_integral: 1.01419e+06
solution_fingerprint: 0x4fbeb565158a31b1

CPU USED: 32
Loading /home/aneumann/projects/def-adhaj/aneumann/gns/data/instances/test/l/instance_191.pkl...
===* START SOLVING *===
   index   value       gap    status  computing_time  max_time  cpu  max_memory
0    191  3623.2  0.586708  feasible    21601.071385         6   32         118
===* END OF FILE *===
