created virtual environment CPython3.12.4.final.0-64 in 7334ms
  creator CPython3Posix(dest=/local/aneumann.27429346.0/env, clear=False, no_vcs_ignore=False, global=False)
  seeder FromAppData(download=False, pip=bundle, via=copy, app_data_dir=/home/aneumann/.local/share/virtualenv)
    added seed packages: pip==24.0
  activators BashActivator,CShellActivator,FishActivator,NushellActivator,PowerShellActivator,PythonActivator
Looking in links: /cvmfs/soft.computecanada.ca/custom/python/wheelhouse/gentoo2023/x86-64-v3, /cvmfs/soft.computecanada.ca/custom/python/wheelhouse/gentoo2023/generic, /cvmfs/soft.computecanada.ca/custom/python/wheelhouse/generic
Requirement already satisfied: pip in /local/aneumann.27429346.0/env/lib/python3.12/site-packages (24.0)
Processing /cvmfs/soft.computecanada.ca/custom/python/wheelhouse/generic/pip-24.2+computecanada-py3-none-any.whl
Installing collected packages: pip
  Attempting uninstall: pip
    Found existing installation: pip 24.0
    Uninstalling pip-24.0:
      Successfully uninstalled pip-24.0
Successfully installed pip-24.2+computecanada
Looking in links: /cvmfs/soft.computecanada.ca/custom/python/wheelhouse/gentoo2023/x86-64-v3, /cvmfs/soft.computecanada.ca/custom/python/wheelhouse/gentoo2023/generic, /cvmfs/soft.computecanada.ca/custom/python/wheelhouse/generic
ERROR: protobuf-5.28.3-cp38-abi3-manylinux2014_x86_64.whl is not a supported wheel on this platform.
Looking in links: /cvmfs/soft.computecanada.ca/custom/python/wheelhouse/gentoo2023/x86-64-v3, /cvmfs/soft.computecanada.ca/custom/python/wheelhouse/gentoo2023/generic, /cvmfs/soft.computecanada.ca/custom/python/wheelhouse/generic
Processing /home/aneumann/projects/def-adhaj/aneumann/gns/wheels/immutabledict-4.2.0-py3-none-any.whl
Installing collected packages: immutabledict
Successfully installed immutabledict-4.2.0
Looking in links: /cvmfs/soft.computecanada.ca/custom/python/wheelhouse/gentoo2023/x86-64-v3, /cvmfs/soft.computecanada.ca/custom/python/wheelhouse/gentoo2023/generic, /cvmfs/soft.computecanada.ca/custom/python/wheelhouse/generic
Processing /cvmfs/soft.computecanada.ca/custom/python/wheelhouse/generic/ortools-9.10.4067+computecanada-cp312-cp312-linux_x86_64.whl (from -r /home/aneumann/projects/def-adhaj/aneumann/gns/requirements_or.txt (line 1))
Processing /cvmfs/soft.computecanada.ca/custom/python/wheelhouse/gentoo2023/x86-64-v3/pandas-2.2.2+computecanada-cp312-cp312-linux_x86_64.whl (from -r /home/aneumann/projects/def-adhaj/aneumann/gns/requirements_or.txt (line 2))
Processing /cvmfs/soft.computecanada.ca/custom/python/wheelhouse/generic/absl_py-2.1.0+computecanada-py3-none-any.whl (from ortools->-r /home/aneumann/projects/def-adhaj/aneumann/gns/requirements_or.txt (line 1))
Processing /cvmfs/soft.computecanada.ca/custom/python/wheelhouse/gentoo2023/generic/numpy-2.1.1+computecanada-cp312-cp312-linux_x86_64.whl (from ortools->-r /home/aneumann/projects/def-adhaj/aneumann/gns/requirements_or.txt (line 1))
Processing /cvmfs/soft.computecanada.ca/custom/python/wheelhouse/gentoo2023/x86-64-v3/protobuf-5.28.0+computecanada-cp312-cp312-linux_x86_64.whl (from ortools->-r /home/aneumann/projects/def-adhaj/aneumann/gns/requirements_or.txt (line 1))
Requirement already satisfied: immutabledict>=3.0.0 in /local/aneumann.27429346.0/env/lib/python3.12/site-packages (from ortools->-r /home/aneumann/projects/def-adhaj/aneumann/gns/requirements_or.txt (line 1)) (4.2.0)
Processing /cvmfs/soft.computecanada.ca/custom/python/wheelhouse/generic/python_dateutil-2.9.0.post0+computecanada-py2.py3-none-any.whl (from pandas->-r /home/aneumann/projects/def-adhaj/aneumann/gns/requirements_or.txt (line 2))
Processing /cvmfs/soft.computecanada.ca/custom/python/wheelhouse/generic/pytz-2024.2+computecanada-py2.py3-none-any.whl (from pandas->-r /home/aneumann/projects/def-adhaj/aneumann/gns/requirements_or.txt (line 2))
Processing /cvmfs/soft.computecanada.ca/custom/python/wheelhouse/generic/tzdata-2024.2+computecanada-py2.py3-none-any.whl (from pandas->-r /home/aneumann/projects/def-adhaj/aneumann/gns/requirements_or.txt (line 2))
Processing /cvmfs/soft.computecanada.ca/custom/python/wheelhouse/generic/six-1.16.0+computecanada-py2.py3-none-any.whl (from python-dateutil>=2.8.2->pandas->-r /home/aneumann/projects/def-adhaj/aneumann/gns/requirements_or.txt (line 2))
Installing collected packages: pytz, tzdata, six, protobuf, numpy, absl-py, python-dateutil, pandas, ortools
Successfully installed absl-py-2.1.0+computecanada numpy-2.1.1+computecanada ortools-9.10.4067+computecanada pandas-2.2.2+computecanada protobuf-5.28.0+computecanada python-dateutil-2.9.0.post0+computecanada pytz-2024.2+computecanada six-1.16.0+computecanada tzdata-2024.2+computecanada

Starting CP-SAT solver v9.10.4067
Parameters: max_time_in_seconds: 21600 max_memory_in_mb: 118 log_search_progress: true optimize_with_core: true cp_model_presolve: true enumerate_all_solutions: false num_search_workers: 32 use_implied_bounds: true absolute_gap_limit: 5 relative_gap_limit: 0.01 use_probing_search: true

Initial optimization model '': (model_fingerprint: 0x8b09c33452bb7a79)
#Variables: 2'963 (#bools: 27 #ints: 1 in objective)
  - 2'591 Booleans in [0,1]
  - 371 in [0,225000]
  - 1 constants in {1} 
#kBoolOr: 1'284 (#literals: 1'284)
#kLinear1: 392
#kLinear2: 8'227
#kLinear3: 1'636
#kLinearN: 809 (#terms: 7'522)

Starting presolve at 0.00s
  2.92e-03s  0.00e+00d  [DetectDominanceRelations] 
  6.46e-02s  0.00e+00d  [PresolveToFixPoint] #num_loops=10 #num_dual_strengthening=3 
  9.20e-05s  0.00e+00d  [ExtractEncodingFromLinear] #potential_supersets=230 
[Symmetry] Graph for symmetry has 10'439 nodes and 22'463 arcs.
[Symmetry] Symmetry computation done. time: 0.00305852 dtime: 0.00301096
[SAT presolve] num removable Booleans: 0 / 1583
[SAT presolve] num trivial clauses: 0
[SAT presolve] [0s] clauses:3121 literals:6242 vars:1575 one_side_vars:1522 simple_definition:51 singleton_clauses:0
[SAT presolve] [0.000296637s] clauses:3121 literals:6242 vars:1575 one_side_vars:1522 simple_definition:51 singleton_clauses:0
[SAT presolve] [0.000440354s] clauses:3121 literals:6242 vars:1575 one_side_vars:1522 simple_definition:51 singleton_clauses:0
  7.52e-01s  1.26e-01d  [Probe] #probed=3'791 #fixed_bools=77 #new_bounds=145 
  9.48e-03s  0.00e+00d  [MaxClique] Merged 3335(9162 literals) into 1214(7708 literals) at_most_ones. 
  2.47e-03s  0.00e+00d  [DetectDominanceRelations] 
  1.65e-02s  0.00e+00d  [PresolveToFixPoint] #num_loops=4 #num_dual_strengthening=3 
  3.60e-03s  0.00e+00d  [ProcessAtMostOneAndLinear] #num_changes=4 
  2.25e-03s  0.00e+00d  [DetectDuplicateConstraints] #duplicates=3 #without_enforcements=1 
  5.55e-04s  2.33e-05d  [DetectDominatedLinearConstraints] #relevant_constraints=1'612 
  6.45e-04s  0.00e+00d  [DetectDifferentVariables] #different=7 
  1.20e-03s  3.63e-04d  [ProcessSetPPC] #relevant_constraints=1'192 #num_inclusions=915 
  7.91e-05s  0.00e+00d  [FindAlmostIdenticalLinearConstraints] 
  5.71e-03s  5.04e-03d  [FindBigAtMostOneAndLinearOverlap] 
  1.41e-03s  2.44e-03d  [FindBigVerticalLinearOverlap] 
  2.80e-04s  5.93e-04d  [FindBigHorizontalLinearOverlap] #linears=91 
  1.01e-04s  0.00e+00d  [MergeClauses] 
  2.40e-03s  0.00e+00d  [DetectDominanceRelations] 
  8.98e-03s  0.00e+00d  [PresolveToFixPoint] #num_loops=1 #num_dual_strengthening=1 
  2.40e-03s  0.00e+00d  [DetectDominanceRelations] 
  8.95e-03s  0.00e+00d  [PresolveToFixPoint] #num_loops=1 #num_dual_strengthening=1 
[Symmetry] Graph for symmetry has 8'298 nodes and 16'793 arcs.
[Symmetry] Symmetry computation done. time: 0.0017558 dtime: 0.0020047
[SAT presolve] num removable Booleans: 0 / 1506
[SAT presolve] num trivial clauses: 0
[SAT presolve] [0s] clauses:19 literals:38 vars:24 one_side_vars:17 simple_definition:7 singleton_clauses:0
[SAT presolve] [5.0891e-05s] clauses:19 literals:38 vars:24 one_side_vars:17 simple_definition:7 singleton_clauses:0
[SAT presolve] [9.7772e-05s] clauses:19 literals:38 vars:24 one_side_vars:17 simple_definition:7 singleton_clauses:0
  3.06e-01s  4.87e-02d  [Probe] #probed=3'714 #new_bounds=58 
  4.93e-03s  0.00e+00d  [MaxClique] Merged 1031(6605 literals) into 1031(6617 literals) at_most_ones. 
  2.41e-03s  0.00e+00d  [DetectDominanceRelations] 
  1.33e-02s  0.00e+00d  [PresolveToFixPoint] #num_loops=4 #num_dual_strengthening=3 
  3.43e-03s  0.00e+00d  [ProcessAtMostOneAndLinear] 
  2.24e-03s  0.00e+00d  [DetectDuplicateConstraints] 
  5.77e-04s  2.33e-05d  [DetectDominatedLinearConstraints] #relevant_constraints=1'612 
  5.75e-04s  0.00e+00d  [DetectDifferentVariables] #different=7 
  1.15e-03s  3.57e-04d  [ProcessSetPPC] #relevant_constraints=1'138 #num_inclusions=857 
  8.09e-05s  0.00e+00d  [FindAlmostIdenticalLinearConstraints] 
  5.70e-03s  5.05e-03d  [FindBigAtMostOneAndLinearOverlap] 
  1.38e-03s  2.44e-03d  [FindBigVerticalLinearOverlap] 
  2.75e-04s  5.93e-04d  [FindBigHorizontalLinearOverlap] #linears=91 
  1.05e-04s  0.00e+00d  [MergeClauses] 
  2.52e-03s  0.00e+00d  [DetectDominanceRelations] 
  9.06e-03s  0.00e+00d  [PresolveToFixPoint] #num_loops=1 #num_dual_strengthening=1 
  2.49e-03s  0.00e+00d  [DetectDominanceRelations] 
  9.07e-03s  0.00e+00d  [PresolveToFixPoint] #num_loops=1 #num_dual_strengthening=1 
[Symmetry] Graph for symmetry has 8'298 nodes and 16'800 arcs.
[Symmetry] Symmetry computation done. time: 0.00165333 dtime: 0.00200223
[SAT presolve] num removable Booleans: 0 / 1506
[SAT presolve] num trivial clauses: 0
[SAT presolve] [0s] clauses:19 literals:38 vars:24 one_side_vars:17 simple_definition:7 singleton_clauses:0
[SAT presolve] [5.0177e-05s] clauses:19 literals:38 vars:24 one_side_vars:17 simple_definition:7 singleton_clauses:0
[SAT presolve] [9.6476e-05s] clauses:19 literals:38 vars:24 one_side_vars:17 simple_definition:7 singleton_clauses:0
  3.04e-01s  4.86e-02d  [Probe] #probed=3'714 
  4.80e-03s  0.00e+00d  [MaxClique] Merged 1031(6612 literals) into 1031(6617 literals) at_most_ones. 
  2.43e-03s  0.00e+00d  [DetectDominanceRelations] 
  9.12e-03s  0.00e+00d  [PresolveToFixPoint] #num_loops=1 #num_dual_strengthening=1 
  3.46e-03s  0.00e+00d  [ProcessAtMostOneAndLinear] 
  2.21e-03s  0.00e+00d  [DetectDuplicateConstraints] 
  5.50e-04s  2.33e-05d  [DetectDominatedLinearConstraints] #relevant_constraints=1'612 
  5.87e-04s  0.00e+00d  [DetectDifferentVariables] #different=7 
  1.08e-03s  3.57e-04d  [ProcessSetPPC] #relevant_constraints=1'138 #num_inclusions=857 
  8.50e-05s  0.00e+00d  [FindAlmostIdenticalLinearConstraints] 
  5.69e-03s  5.04e-03d  [FindBigAtMostOneAndLinearOverlap] 
  1.38e-03s  2.44e-03d  [FindBigVerticalLinearOverlap] 
  2.86e-04s  5.93e-04d  [FindBigHorizontalLinearOverlap] #linears=91 
  1.03e-04s  0.00e+00d  [MergeClauses] 
  2.48e-03s  0.00e+00d  [DetectDominanceRelations] 
  9.07e-03s  0.00e+00d  [PresolveToFixPoint] #num_loops=1 #num_dual_strengthening=1 
  1.81e-04s  0.00e+00d  [ExpandObjective] #entries=96 #tight_variables=48 #tight_constraints=16 

Presolve summary:
  - 78 affine relations were detected.
  - rule 'TODO dual: only one blocking constraint?' was applied 25'206 times.
  - rule 'TODO dual: only one unspecified blocking constraint?' was applied 15 times.
  - rule 'TODO dual: tighten at most one' was applied 756 times.
  - rule 'TODO linear2: contains a Boolean.' was applied 14'725 times.
  - rule 'affine: new relation' was applied 78 times.
  - rule 'at_most_one: empty or all false' was applied 4 times.
  - rule 'at_most_one: removed literals' was applied 378 times.
  - rule 'at_most_one: size one' was applied 129 times.
  - rule 'at_most_one: transformed into max clique.' was applied 1 time.
  - rule 'bool_and: non-reified.' was applied 44 times.
  - rule 'bool_and: x => x' was applied 4 times.
  - rule 'bool_or: always true' was applied 1'284 times.
  - rule 'bool_or: implications' was applied 7'357 times.
  - rule 'deductions: 302 stored' was applied 1 time.
  - rule 'dual: fix variable' was applied 397 times.
  - rule 'dual: fix variable with multiple choices' was applied 8 times.
  - rule 'dual: reduced domain' was applied 169 times.
  - rule 'duplicate: merged rhs of linear constraint' was applied 3 times.
  - rule 'duplicate: removed constraint' was applied 3 times.
  - rule 'duplicate: removed enforced constraint' was applied 1 time.
  - rule 'enforcement: false literal' was applied 3'958 times.
  - rule 'enforcement: literal not used' was applied 19 times.
  - rule 'enforcement: true literal' was applied 44 times.
  - rule 'linear + amo: extracted enforcement literal' was applied 4 times.
  - rule 'linear2: contains a Boolean.' was applied 6 times.
  - rule 'linear: always true' was applied 1'184 times.
  - rule 'linear: divide by GCD' was applied 5'036 times.
  - rule 'linear: empty' was applied 131 times.
  - rule 'linear: extracted enforcement literal' was applied 566 times.
  - rule 'linear: fixed or dup variables' was applied 1'427 times.
  - rule 'linear: negative clause' was applied 2'327 times.
  - rule 'linear: positive at most one' was applied 218 times.
  - rule 'linear: positive clause' was applied 5'030 times.
  - rule 'linear: positive equal one' was applied 16 times.
  - rule 'linear: reduced variable domains' was applied 643 times.
  - rule 'linear: remapped using affine relations' was applied 2'562 times.
  - rule 'linear: simplified rhs' was applied 16'802 times.
  - rule 'linear: singleton column' was applied 4 times.
  - rule 'objective: variable not used elsewhere' was applied 1 time.
  - rule 'presolve: 1069 unused variables removed.' was applied 1 time.
  - rule 'presolve: iteration' was applied 3 times.
  - rule 'setppc: bool_or in at_most_one.' was applied 1 time.
  - rule 'setppc: removed dominated constraints' was applied 53 times.

Presolved optimization model '': (model_fingerprint: 0xd1fc2bcd5ef8f43d)
#Variables: 1'812 (#bools: 26 #ints: 1 in objective)
  - 1'506 Booleans in [0,1]
  - 1 in [0,730]
  - 1 in [0,732]
  - 1 in [0,734]
  - 1 in [0,1470]
  - 1 in [0,1473]
  - 1 in [0,1475]
  - 1 in [0,1476]
  - 2 in [0,1478]
  - 15 in [0,1480]
  - 15 in [0,1482]
  - 1 in [0,1483]
  - 1 in [0,1484]
  - 1 in [0,1486]
  - 1 in [0,1487]
  - 1 in [0,1489]
  - 1 in [0,1491]
  - 10 in [0,1498]
  - 1 in [0,7345]
  - 1 in [0,7395]
  - 20 in [0,7400]
  - 15 in [0,7410]
  - 1 in [0,7415]
  - 1 in [0,7420]
  - 1 in [0,7435]
  - 1 in [0,7445]
  - 11 in [0,7490]
  - 99 in [0,225000]
  - 1 in [1,735]
  - 1 in [3,733]
  - 1 in [5,737]
  - 1 in [47,3740]
  - 1 in [57,3750]
  - 1 in [63,3743]
  - 1 in [70,3750]
  - 1 in [97,3747]
  - 1 in [99,3749]
  - 1 in [300,220500]
  - 1 in [300,221400]
  - 2 in [300,222300]
  - 1 in [300,223500]
  - 1 in [300,223800]
  - 2 in [300,223860]
  - 2 in [300,224520]
  - 2 in [300,224580]
  - 2 in [300,224760]
  - 1 in [900,219900]
  - 1 in [900,220800]
  - 3 in [900,222055]
  - 1 in [900,222600]
  - 2 in [900,224160]
  - 4 in [900,224220]
  - 2 in [900,224880]
  - 2 in [900,225000]
  - 1 in [1500,221100]
  - 1 in [1500,222300]
  - 1 in [1500,222600]
  - 2 in [1500,222900]
  - 2 in [1500,223740]
  - 2 in [1500,224100]
  - 2 in [1500,224160]
  - 2 in [1500,224458]
  - 2 in [1500,224820]
  - 2 in [2015,224400]
  - 3 in [2100,223680]
  - 3 in [2665,224580]
  - 2 in [2700,225000]
  - 3 in [2711,224340]
  - 2 in [2820,224400]
  - 2 in [3119,224400]
  - 2 in [3256,224460]
  - 3 in [3287,224442]
  - 3 in [3355,224160]
  - 2 in [3401,224700]
  - 3 in [3596,224580]
  - 4 in [3780,224580]
  - 4 in [5405,224460]
  - 4 in [5820,224820]
  - 4 in [5823,225000]
#kAtMostOne: 1'012 (#literals: 6'574)
#kBoolAnd: 19 (#enforced: 19) (#literals: 38)
#kExactlyOne: 16 (#literals: 48)
#kLinear1: 9 (#enforced: 9)
#kLinear2: 568 (#enforced: 408 #multi: 33)
#kLinear3: 1'060
#kLinearN: 392 (#terms: 3'087)

Preloading model.
#Bound   1.62s best:inf   next:[481950,18517068] initial_domain
[Symmetry] Graph for symmetry has 7'147 nodes and 16'800 arcs.
[Symmetry] Symmetry computation done. time: 0.00157105 dtime: 0.00193317
#Model   1.62s var:1812/1812 constraints:3076/3076

Starting search at 1.62s with 32 workers.
16 full problem subsolvers: [core, default_lp, lb_tree_search, max_lp, no_lp, objective_lb_search, objective_lb_search_max_lp, objective_lb_search_no_lp, objective_shaving_search_max_lp, objective_shaving_search_no_lp, probing, probing_max_lp, pseudo_costs, quick_restart, quick_restart_no_lp, reduced_costs]
14 first solution subsolvers: [fj_long_default, fj_long_lin_default, fj_long_random, fj_short_default, fj_short_lin_default, fj_short_lin_random, fj_short_random, fs_random(2), fs_random_no_lp(2), fs_random_quick_restart(2), fs_random_quick_restart_no_lp]
11 incomplete subsolvers: [feasibility_pump, graph_arc_lns, graph_cst_lns, graph_dec_lns, graph_var_lns, rins/rens, rnd_cst_lns, rnd_var_lns, violation_ls(3)]
3 helper subsolvers: [neighborhood_helper, synchronization_agent, update_gap_integral]
#Bound   1.85s best:inf   next:[481952,18517068] objective_shaving_search_no_lp (vars=1685 csts=2083)
#Bound   1.86s best:inf   next:[481954,18517068] objective_shaving_search_no_lp (vars=1812 csts=3077)
#Bound   1.87s best:inf   next:[481956,18517068] objective_shaving_search_no_lp (vars=1812 csts=3077)
#1       1.87s best:18517068 next:[481956,18517066] fj_long_default(batch:2 #lin_moves:10'074 #lin_evals:19'307 #weight_updates:1'374)
#2       1.88s best:18516986 next:[481956,18516984] violation_ls(batch:1 #solutions_imported:1 #lin_moves:5 #lin_evals:39 #weight_updates:3)
#Bound   1.88s best:18516986 next:[481958,18516984] objective_shaving_search_no_lp (vars=1812 csts=3077)
#3       1.88s best:18516904 next:[481958,18516902] violation_ls(batch:1 #solutions_imported:1 #lin_moves:0 #lin_evals:537 #gen_moves:11 #gen_evals:0 #comp_moves:3 #backtracks:4 #weight_updates:0)
#4       1.90s best:18516822 next:[481958,18516820] violation_ls(batch:2 #solutions_imported:2 #lin_moves:5 #lin_evals:4'374 #gen_moves:61 #gen_evals:0 #comp_moves:5 #backtracks:28 #weight_updates:4)
#5       1.91s best:18516740 next:[481958,18516738] violation_ls(batch:2 #solutions_imported:2 #lin_moves:10 #lin_evals:80 #weight_updates:6)
#6       1.94s best:18516658 next:[481958,18516656] violation_ls(batch:3 #solutions_imported:3 #lin_moves:10 #lin_evals:3'349 #gen_moves:71 #gen_evals:0 #comp_moves:5 #backtracks:33 #weight_updates:7)
#7       1.94s best:18516576 next:[481958,18516574] violation_ls(batch:3 #solutions_imported:3 #lin_moves:5 #lin_evals:4'345 #gen_moves:62 #gen_evals:0 #comp_moves:8 #backtracks:27 #weight_updates:5)
#Bound   1.94s best:18516576 next:[481960,18516574] objective_shaving_search_max_lp (vars=1812 csts=3077)
#Model   2.15s var:1811/1812 constraints:3076/3076
#8       2.18s best:18513032 next:[481960,18513030] graph_var_lns (d=0.50 s=61 t=0.10 p=0.00 stall=0 h=auto_l0)
#Bound   2.20s best:18513032 next:[481962,18513030] objective_shaving_search_max_lp (vars=1812 csts=3077)
#9       2.20s best:18512950 next:[481962,18512948] violation_ls(batch:4 #solutions_imported:4 #lin_moves:14 #lin_evals:3'386 #gen_moves:71 #gen_evals:0 #comp_moves:5 #backtracks:33 #weight_updates:9)
#10      2.20s best:18512868 next:[481962,18512866] violation_ls(batch:4 #solutions_imported:4 #lin_moves:5 #lin_evals:4'673 #gen_moves:71 #gen_evals:0 #comp_moves:11 #backtracks:30 #weight_updates:5)
#Model   2.42s var:1810/1812 constraints:3076/3076
#Bound   2.43s best:18512868 next:[481964,18512866] objective_shaving_search_no_lp (vars=1812 csts=3077)
#Bound   2.43s best:18512868 next:[481966,18512866] objective_shaving_search_max_lp (vars=1812 csts=3077)
#11      2.44s best:18512786 next:[481966,18512784] violation_ls(batch:5 #solutions_imported:5 #lin_moves:5 #lin_evals:14'927 #gen_moves:210 #gen_evals:0 #comp_moves:18 #backtracks:96 #weight_updates:7)
#12      2.44s best:18512704 next:[481966,18512702] violation_ls(batch:5 #solutions_imported:5 #lin_moves:17 #lin_evals:3'418 #gen_moves:71 #gen_evals:0 #comp_moves:5 #backtracks:33 #weight_updates:10)
#13      2.44s best:18512622 next:[481966,18512620] violation_ls(batch:5 #solutions_imported:5 #lin_moves:9 #lin_evals:4'710 #gen_moves:71 #gen_evals:0 #comp_moves:11 #backtracks:30 #weight_updates:7)
#14      2.52s best:18511374 next:[481966,18511372] graph_var_lns (d=0.71 s=81 t=0.10 p=1.00 stall=0 h=auto_l0)
#Bound   3.10s best:18511374 next:[482034,18511372] max_lp
#15      3.11s best:18509142 next:[482034,18509140] graph_arc_lns (d=0.29 s=93 t=0.10 p=0.00 stall=0 h=auto_l0)
#Bound   3.17s best:18509142 next:[482678,18509140] lb_tree_search
#Bound   3.26s best:18509142 next:[486870,18509140] reduced_costs
#16      3.97s best:18508996 next:[486870,18508994] rins_pump_lns (d=0.50 s=96 t=0.10 p=0.00 stall=0 h=auto_l0)
#Model   4.66s var:1808/1812 constraints:3075/3076
#Model   5.27s var:1807/1812 constraints:3075/3076
#Model   6.04s var:1806/1812 constraints:3074/3076
#Model   6.24s var:1805/1812 constraints:3073/3076
#Model   6.61s var:1804/1812 constraints:3073/3076
#Bound   6.65s best:18508996 next:[487562,18508994] probing_max_lp
#Model   6.71s var:1803/1812 constraints:3073/3076
#Model   6.82s var:1802/1812 constraints:3073/3076
#Bound   6.91s best:18508996 next:[488796,18508994] probing_max_lp
#Bound   7.22s best:18508996 next:[488798,18508994] probing_max_lp
#Bound   7.51s best:18508996 next:[489672,18508994] probing_max_lp
#Bound   8.24s best:18508996 next:[489934,18508994] probing_max_lp
#Bound   8.62s best:18508996 next:[489936,18508994] probing_max_lp
#Bound   8.85s best:18508996 next:[490162,18508994] probing_max_lp
#Model   8.95s var:1801/1812 constraints:3073/3076
#Bound   9.10s best:18508996 next:[490206,18508994] probing_max_lp
#Model   9.25s var:1800/1812 constraints:3072/3076
#Bound   9.39s best:18508996 next:[490308,18508994] probing_max_lp
#Model   9.76s var:1799/1812 constraints:3071/3076
#Bound   9.94s best:18508996 next:[490376,18508994] probing_max_lp
#Bound  10.31s best:18508996 next:[490442,18508994] probing_max_lp
#Bound  10.59s best:18508996 next:[490458,18508994] probing_max_lp
#Bound  10.86s best:18508996 next:[490468,18508994] probing_max_lp
#Model  11.37s var:1798/1812 constraints:3069/3076
#Bound  11.64s best:18508996 next:[490640,18508994] probing_max_lp
#Bound  11.93s best:18508996 next:[490680,18508994] probing_max_lp
#Bound  12.18s best:18508996 next:[490702,18508994] probing_max_lp
#Bound  12.42s best:18508996 next:[490750,18508994] probing_max_lp
#Bound  12.72s best:18508996 next:[490768,18508994] probing_max_lp
#Bound  12.95s best:18508996 next:[490778,18508994] probing_max_lp
#Bound  13.20s best:18508996 next:[490824,18508994] probing_max_lp
#Bound  13.45s best:18508996 next:[490826,18508994] probing_max_lp
#Bound  13.74s best:18508996 next:[490834,18508994] probing_max_lp
#Bound  13.95s best:18508996 next:[490868,18508994] probing_max_lp [skipped_logs=0]
#Bound  14.96s best:18508996 next:[490896,18508994] probing_max_lp [skipped_logs=1]
#Bound  15.99s best:18508996 next:[491008,18508994] probing_max_lp [skipped_logs=3]
#Bound  16.97s best:18508996 next:[491072,18508994] probing_max_lp [skipped_logs=2]
#Model  17.68s var:1797/1812 constraints:3069/3076
#Bound  17.36s best:18508996 next:[491096,18508994] probing_max_lp [skipped_logs=0]
#Model  18.08s var:1796/1812 constraints:3068/3076
#Bound  19.01s best:18508996 next:[491146,18508994] probing_max_lp [skipped_logs=2]
#Bound  19.64s best:18508996 next:[491170,18508994] probing_max_lp [skipped_logs=1]
#Bound  20.99s best:18508996 next:[491244,18508994] probing_max_lp [skipped_logs=3]
#Bound  21.99s best:18508996 next:[491306,18508994] probing_max_lp [skipped_logs=2]
#Bound  22.22s best:18508996 next:[491320,18508994] probing_max_lp [skipped_logs=0]
#Model  23.09s var:1795/1812 constraints:3067/3076
#Bound  24.01s best:18508996 next:[491370,18508994] probing_max_lp [skipped_logs=1]
#Bound  24.85s best:18508996 next:[491372,18508994] probing_max_lp [skipped_logs=0]
#Bound  25.76s best:18508996 next:[491408,18508994] probing_max_lp [skipped_logs=1]
#Bound  27.05s best:18508996 next:[491460,18508994] probing_max_lp [skipped_logs=2]
#Bound  27.45s best:18508996 next:[491476,18508994] probing_max_lp [skipped_logs=0]
#17     28.91s best:18507502 next:[491478,18507500] quick_restart_no_lp (fixed_bools=167/2689)
#Bound  29.05s best:18507502 next:[491480,18507500] probing_max_lp [skipped_logs=1]
#Bound  29.85s best:18507502 next:[491498,18507500] probing_max_lp [skipped_logs=2]
#Bound  30.95s best:18507502 next:[491546,18507500] probing_max_lp [skipped_logs=1]
#Bound  31.90s best:18507502 next:[491710,18507500] probing_max_lp [skipped_logs=3]
#Bound  32.18s best:18507502 next:[491716,18507500] probing_max_lp [skipped_logs=0]
#Bound  33.80s best:18507502 next:[491724,18507500] probing_max_lp [skipped_logs=2]
#Bound  34.94s best:18507502 next:[491764,18507500] probing_max_lp [skipped_logs=2]
#Bound  35.71s best:18507502 next:[491876,18507500] max_lp [skipped_logs=3]
#Bound  36.42s best:18507502 next:[491948,18507500] max_lp [skipped_logs=1]
#Bound  38.05s best:18507502 next:[491992,18507500] max_lp
#Bound  38.65s best:18507502 next:[492274,18507500] max_lp [skipped_logs=2]
#Bound  39.83s best:18507502 next:[492764,18507500] max_lp [skipped_logs=2]
#Bound  40.52s best:18507502 next:[492790,18507500] max_lp [skipped_logs=1]
#Bound  44.85s best:18507502 next:[492832,18507500] max_lp
#Bound  45.14s best:18507502 next:[492836,18507500] max_lp
#Bound  45.50s best:18507502 next:[492854,18507500] max_lp
#Bound  53.90s best:18507502 next:[492972,18507500] lb_tree_search
#Bound  54.09s best:18507502 next:[492990,18507500] lb_tree_search
#Bound  54.24s best:18507502 next:[493004,18507500] lb_tree_search
#Bound  54.49s best:18507502 next:[493054,18507500] lb_tree_search
#Bound  54.82s best:18507502 next:[493056,18507500] lb_tree_search
#Bound  55.27s best:18507502 next:[493080,18507500] lb_tree_search
#Bound  55.87s best:18507502 next:[493110,18507500] lb_tree_search
#Bound  57.48s best:18507502 next:[493136,18507500] lb_tree_search
#Model  59.92s var:1794/1812 constraints:3065/3076
#Bound  63.60s best:18507502 next:[493598,18507500] lb_tree_search
#Bound  63.76s best:18507502 next:[493616,18507500] lb_tree_search
#Bound  63.94s best:18507502 next:[493624,18507500] lb_tree_search
#Bound  64.08s best:18507502 next:[493632,18507500] lb_tree_search
#Bound  64.23s best:18507502 next:[493640,18507500] lb_tree_search
#Bound  64.57s best:18507502 next:[493664,18507500] lb_tree_search
#Bound  64.96s best:18507502 next:[493700,18507500] lb_tree_search
#Bound  81.41s best:18507502 next:[493702,18507500] lb_tree_search
#Bound  82.39s best:18507502 next:[493710,18507500] lb_tree_search
#Bound  82.60s best:18507502 next:[493724,18507500] lb_tree_search
#Bound  82.86s best:18507502 next:[493780,18507500] lb_tree_search
#Bound  83.10s best:18507502 next:[493794,18507500] lb_tree_search
#Bound  83.69s best:18507502 next:[493796,18507500] lb_tree_search
#Bound  83.83s best:18507502 next:[493802,18507500] lb_tree_search
#Bound  84.00s best:18507502 next:[493836,18507500] lb_tree_search
#Model  93.65s var:1793/1812 constraints:3065/3076
#Bound 109.19s best:18507502 next:[493868,18507500] lb_tree_search
#Bound 116.09s best:18507502 next:[493878,18507500] lb_tree_search
#Bound 120.21s best:18507502 next:[493900,18507500] lb_tree_search
#Bound 120.39s best:18507502 next:[493928,18507500] lb_tree_search
#Bound 120.54s best:18507502 next:[493944,18507500] lb_tree_search
#Bound 120.70s best:18507502 next:[493958,18507500] lb_tree_search
#Bound 120.85s best:18507502 next:[493966,18507500] lb_tree_search
#Bound 123.54s best:18507502 next:[493990,18507500] lb_tree_search
#Bound 123.94s best:18507502 next:[494032,18507500] lb_tree_search
#Model 143.83s var:1792/1812 constraints:3065/3076
#Bound 148.74s best:18507502 next:[494134,18507500] lb_tree_search
#Bound 149.30s best:18507502 next:[494136,18507500] lb_tree_search
#Bound 151.85s best:18507502 next:[494138,18507500] lb_tree_search
#Bound 162.61s best:18507502 next:[494140,18507500] lb_tree_search
#Bound 163.48s best:18507502 next:[494146,18507500] lb_tree_search
#Bound 165.09s best:18507502 next:[494156,18507500] lb_tree_search
#18    171.98s best:944626 next:[494156,944624] core (fixed_bools=229/2581)
#Bound 199.21s best:944626 next:[522294,944624] pseudo_costs
#Model 221.69s var:1791/1812 constraints:3064/3076
#Model 233.90s var:1790/1812 constraints:3064/3076
#Model 245.01s var:1789/1812 constraints:3063/3076
#Model 245.22s var:1788/1812 constraints:3063/3076
#Model 730.54s var:1787/1812 constraints:3063/3076
#19    866.94s best:888084 next:[522294,888082] no_lp (fixed_bools=587/3048)
#Model 921.36s var:1786/1812 constraints:3062/3076
#Model 978.60s var:1785/1812 constraints:3062/3076
#Model 984.80s var:1783/1812 constraints:3061/3076
#Model 986.71s var:1782/1812 constraints:3061/3076
#Model 999.62s var:1781/1812 constraints:3061/3076
#Model 1000.82s var:1780/1812 constraints:3061/3076
#Model 1014.64s var:1779/1812 constraints:3060/3076
#Model 1016.44s var:1778/1812 constraints:3059/3076
#Model 1019.05s var:1777/1812 constraints:3059/3076
#Model 1032.56s var:1776/1812 constraints:3059/3076
#Model 1166.96s var:1772/1812 constraints:3059/3076
#Model 2624.01s var:1771/1812 constraints:3058/3076
#20    5136.70s best:853200 next:[522294,853198] objective_lb_search_no_lp (fixed_bools=1178/6273)
#Model 5188.84s var:1767/1812 constraints:3055/3076
#Model 5235.47s var:1766/1812 constraints:3053/3076
#Model 6752.17s var:1763/1812 constraints:3051/3076
#Model 6752.38s var:1762/1812 constraints:3049/3076
#Model 6903.18s var:1761/1812 constraints:3047/3076
#Bound 8571.35s best:853200 next:[522296,853198] pseudo_costs
#Bound 8571.73s best:853200 next:[522376,853198] pseudo_costs
#Bound 8604.05s best:853200 next:[522378,853198] pseudo_costs
#Bound 8604.42s best:853200 next:[522386,853198] pseudo_costs
#Bound 8604.84s best:853200 next:[522446,853198] pseudo_costs
#Bound 8605.30s best:853200 next:[522458,853198] pseudo_costs
#Bound 8605.93s best:853200 next:[522486,853198] pseudo_costs
#Bound 8606.57s best:853200 next:[522518,853198] pseudo_costs
#Bound 8607.25s best:853200 next:[522540,853198] pseudo_costs
#Bound 8608.06s best:853200 next:[522544,853198] pseudo_costs
#Bound 8608.16s best:853200 next:[522548,853198] pseudo_costs
#Bound 8608.63s best:853200 next:[522622,853198] pseudo_costs
#Bound 8647.33s best:853200 next:[522624,853198] pseudo_costs
#Bound 8648.37s best:853200 next:[522664,853198] pseudo_costs
#Bound 8648.71s best:853200 next:[522704,853198] pseudo_costs
#Bound 8723.70s best:853200 next:[522706,853198] pseudo_costs
#Bound 8724.19s best:853200 next:[522726,853198] pseudo_costs
#Bound 8724.64s best:853200 next:[522746,853198] pseudo_costs
#Bound 8725.30s best:853200 next:[522786,853198] pseudo_costs
#Bound 8974.25s best:853200 next:[522804,853198] lb_tree_search
#Bound 8974.25s best:853200 next:[522868,853198] lb_tree_search
#Bound 8987.48s best:853200 next:[522874,853198] lb_tree_search
#Bound 8987.80s best:853200 next:[522950,853198] lb_tree_search
#Bound 9027.72s best:853200 next:[522970,853198] lb_tree_search
#Bound 9028.29s best:853200 next:[523028,853198] lb_tree_search
#Bound 9028.31s best:853200 next:[523032,853198] lb_tree_search
#Bound 9035.25s best:853200 next:[523042,853198] lb_tree_search
#Bound 9035.54s best:853200 next:[523114,853198] lb_tree_search
#Bound 9100.29s best:853200 next:[523150,853198] lb_tree_search
#Bound 9101.00s best:853200 next:[523196,853198] lb_tree_search
#Bound 9101.52s best:853200 next:[523202,853198] lb_tree_search
#Bound 9101.82s best:853200 next:[523224,853198] lb_tree_search
#Bound 9102.06s best:853200 next:[523300,853198] lb_tree_search
#Bound 9102.37s best:853200 next:[523330,853198] lb_tree_search
#Bound 9102.71s best:853200 next:[523336,853198] lb_tree_search
#Bound 9102.99s best:853200 next:[523360,853198] lb_tree_search
#Bound 9141.98s best:853200 next:[523400,853198] lb_tree_search
#Bound 9142.44s best:853200 next:[523442,853198] lb_tree_search
#Bound 9142.86s best:853200 next:[523454,853198] lb_tree_search
#Bound 9143.17s best:853200 next:[523492,853198] lb_tree_search
#Bound 9143.50s best:853200 next:[523524,853198] lb_tree_search
#Bound 9146.36s best:853200 next:[523550,853198] lb_tree_search
#Bound 9147.45s best:853200 next:[523606,853198] lb_tree_search
#Bound 9168.31s best:853200 next:[523616,853198] lb_tree_search
#Bound 9168.60s best:853200 next:[523634,853198] lb_tree_search
#Bound 9168.67s best:853200 next:[523688,853198] lb_tree_search
#Bound 9304.01s best:853200 next:[523706,853198] lb_tree_search
#Bound 9304.32s best:853200 next:[523750,853198] lb_tree_search
#Bound 9304.55s best:853200 next:[523770,853198] lb_tree_search
#Model 9394.14s var:1760/1812 constraints:3047/3076
#Bound 9833.92s best:853200 next:[523774,853198] lb_tree_search
#Bound 9834.68s best:853200 next:[523794,853198] lb_tree_search
#Bound 9835.17s best:853200 next:[523800,853198] lb_tree_search
#Bound 9836.01s best:853200 next:[523852,853198] lb_tree_search
#Bound 9851.43s best:853200 next:[523854,853198] lb_tree_search
#Bound 9851.79s best:853200 next:[523858,853198] lb_tree_search
#Bound 9852.11s best:853200 next:[523862,853198] lb_tree_search
#Bound 9852.78s best:853200 next:[523892,853198] lb_tree_search
#Bound 9853.19s best:853200 next:[523932,853198] lb_tree_search
#21    10570.01s best:800436 next:[523932,800434] core (fixed_bools=1954/9483)
#Model 10571.74s var:1759/1812 constraints:3047/3076
#Model 10571.85s var:1757/1812 constraints:3047/3076
#Model 10573.85s var:1755/1812 constraints:3044/3076
#Model 10574.36s var:1754/1812 constraints:3044/3076
#Model 10578.06s var:1752/1812 constraints:3044/3076
#Model 10583.67s var:1751/1812 constraints:3043/3076
#Model 10584.38s var:1749/1812 constraints:3043/3076
#Model 10587.98s var:1748/1812 constraints:3042/3076
#Model 10588.09s var:1747/1812 constraints:3042/3076
#Model 10601.30s var:1746/1812 constraints:3042/3076
#Model 10601.41s var:1744/1812 constraints:3042/3076
#Model 10683.37s var:1743/1812 constraints:3042/3076
#Model 10696.88s var:1742/1812 constraints:3042/3076
#22    13662.71s best:792192 next:[523932,792190] core (fixed_bools=2456/12891)
#Model 13668.87s var:1741/1812 constraints:3035/3076
#Model 13699.80s var:1740/1812 constraints:3033/3076
#Model 13699.90s var:1739/1812 constraints:3033/3076
#Model 13703.11s var:1738/1812 constraints:3032/3076
#Model 13728.03s var:1737/1812 constraints:3032/3076
#Model 13778.67s var:1736/1812 constraints:3031/3076
#23    19024.15s best:789960 next:[523932,789958] quick_restart_no_lp (fixed_bools=2856/9555)
#Model 19044.44s var:1733/1812 constraints:3030/3076
#Model 19044.54s var:1732/1812 constraints:3030/3076
#24    19294.50s best:789222 next:[523932,789220] quick_restart_no_lp (fixed_bools=2939/9835)
#25    19296.21s best:787296 next:[523932,787294] quick_restart_no_lp (fixed_bools=2939/9874)
#Bound 19447.08s best:787296 next:[523934,787294] lb_tree_search
#Bound 20564.30s best:787296 next:[523938,787294] reduced_costs
#Bound 20564.93s best:787296 next:[523944,787294] reduced_costs
#Bound 20567.26s best:787296 next:[523954,787294] reduced_costs
#Bound 20569.68s best:787296 next:[523960,787294] reduced_costs
#Bound 20570.04s best:787296 next:[523974,787294] reduced_costs
#Bound 20572.63s best:787296 next:[523982,787294] reduced_costs
#Bound 20573.23s best:787296 next:[523994,787294] reduced_costs
#Bound 20573.68s best:787296 next:[524014,787294] reduced_costs

Task timing                                  n [     min,      max]      avg      dev     time         n [     min,      max]      avg      dev    dtime
                             'core':         1 [   6.00h,    6.00h]    6.00h   0.00ns    6.00h         1 [   5.42h,    5.42h]    5.42h   0.00ns    5.42h
                       'default_lp':         1 [   6.00h,    6.00h]    6.00h   0.00ns    6.00h         1 [  30.25m,   30.25m]   30.25m   0.00ns   30.25m
                 'feasibility_pump':         4 [ 69.19ms,    2.07s]    1.39s 779.29ms    5.54s         3 [389.16ms, 546.95ms] 446.06ms  71.53ms    1.34s
                  'fj_long_default':         2 [ 17.74ms, 151.51ms]  84.63ms  66.89ms 169.25ms         2 [  3.87ms,  30.09ms]  16.98ms  13.11ms  33.97ms
              'fj_long_lin_default':         3 [ 59.72ms,  86.24ms]  75.77ms  11.52ms 227.32ms         3 [ 14.29ms,  16.03ms]  15.13ms 710.60us  45.39ms
                   'fj_long_random':         1 [182.46ms, 182.46ms] 182.46ms   0.00ns 182.46ms         1 [ 32.36ms,  32.36ms]  32.36ms   0.00ns  32.36ms
                 'fj_short_default':         4 [ 51.04ms, 113.60ms]  74.21ms  23.75ms 296.84ms         4 [ 13.34ms,  16.76ms]  15.50ms   1.37ms  62.02ms
             'fj_short_lin_default':         2 [ 80.46ms, 118.45ms]  99.45ms  18.99ms 198.90ms         2 [ 18.53ms,  19.16ms]  18.85ms 315.46us  37.70ms
              'fj_short_lin_random':         3 [ 59.50ms,  99.86ms]  76.60ms  17.04ms 229.80ms         3 [ 15.16ms,  17.27ms]  16.25ms 864.03us  48.74ms
                  'fj_short_random':         3 [ 50.71ms,  87.25ms]  66.82ms  15.23ms 200.46ms         3 [ 13.04ms,  16.88ms]  15.17ms   1.59ms  45.51ms
                        'fs_random':         1 [285.31ms, 285.31ms] 285.31ms   0.00ns 285.31ms         1 [ 20.00ns,  20.00ns]  20.00ns   0.00ns  20.00ns
                        'fs_random':         1 [295.18ms, 295.18ms] 295.18ms   0.00ns 295.18ms         1 [ 20.00ns,  20.00ns]  20.00ns   0.00ns  20.00ns
                  'fs_random_no_lp':         1 [269.03ms, 269.03ms] 269.03ms   0.00ns 269.03ms         0 [  0.00ns,   0.00ns]   0.00ns   0.00ns   0.00ns
                  'fs_random_no_lp':         1 [275.68ms, 275.68ms] 275.68ms   0.00ns 275.68ms         0 [  0.00ns,   0.00ns]   0.00ns   0.00ns   0.00ns
          'fs_random_quick_restart':         1 [283.92ms, 283.92ms] 283.92ms   0.00ns 283.92ms         1 [ 20.00ns,  20.00ns]  20.00ns   0.00ns  20.00ns
          'fs_random_quick_restart':         1 [290.07ms, 290.07ms] 290.07ms   0.00ns 290.07ms         1 [ 20.00ns,  20.00ns]  20.00ns   0.00ns  20.00ns
    'fs_random_quick_restart_no_lp':         1 [268.00ms, 268.00ms] 268.00ms   0.00ns 268.00ms         0 [  0.00ns,   0.00ns]   0.00ns   0.00ns   0.00ns
                    'graph_arc_lns':         5 [268.54ms,    6.00h]    3.60h    2.94h   18.00h         3 [387.00ns, 100.06ms]  66.69ms  47.15ms 200.06ms
                    'graph_cst_lns':         5 [288.89ms,    6.00h]    4.80h    2.40h   24.00h         2 [ 40.00ns, 100.20ms]  50.10ms  50.10ms 100.20ms
                    'graph_dec_lns':         5 [373.41ms,    6.00h]    2.40h    2.94h   12.00h         4 [ 20.00ns, 100.09ms]  75.05ms  43.33ms 300.19ms
                    'graph_var_lns':         5 [269.93ms,    6.00h]    2.40h    2.94h   12.00h         4 [ 20.00ns, 100.15ms]  75.06ms  43.34ms 300.24ms
                   'lb_tree_search':         1 [   6.00h,    6.00h]    6.00h   0.00ns    6.00h         1 [  46.23m,   46.23m]   46.23m   0.00ns   46.23m
                           'max_lp':         1 [   6.00h,    6.00h]    6.00h   0.00ns    6.00h         1 [  22.03m,   22.03m]   22.03m   0.00ns   22.03m
                            'no_lp':         1 [   6.00h,    6.00h]    6.00h   0.00ns    6.00h         1 [   5.35h,    5.35h]    5.35h   0.00ns    5.35h
              'objective_lb_search':         1 [   6.00h,    6.00h]    6.00h   0.00ns    6.00h         1 [  30.48m,   30.48m]   30.48m   0.00ns   30.48m
       'objective_lb_search_max_lp':         1 [   6.00h,    6.00h]    6.00h   0.00ns    6.00h         1 [  21.65m,   21.65m]   21.65m   0.00ns   21.65m
        'objective_lb_search_no_lp':         1 [   6.00h,    6.00h]    6.00h   0.00ns    6.00h         1 [   5.25h,    5.25h]    5.25h   0.00ns    5.25h
  'objective_shaving_search_max_lp':         5 [  7.99ms, 220.67ms]  56.01ms  82.67ms 280.07ms         1 [ 21.59ms,  21.59ms]  21.59ms   0.00ns  21.59ms
   'objective_shaving_search_no_lp':         5 [  8.46ms, 220.28ms]  51.94ms  84.17ms 259.71ms         1 [ 21.85ms,  21.85ms]  21.85ms   0.00ns  21.85ms
                          'probing':         1 [   6.00h,    6.00h]    6.00h   0.00ns    6.00h         1 [  29.24m,   29.24m]   29.24m   0.00ns   29.24m
                   'probing_max_lp':         1 [   6.00h,    6.00h]    6.00h   0.00ns    6.00h         1 [  21.46m,   21.46m]   21.46m   0.00ns   21.46m
                     'pseudo_costs':         1 [   6.00h,    6.00h]    6.00h   0.00ns    6.00h         1 [  22.71m,   22.71m]   22.71m   0.00ns   22.71m
                    'quick_restart':         1 [   6.00h,    6.00h]    6.00h   0.00ns    6.00h         1 [  30.16m,   30.16m]   30.16m   0.00ns   30.16m
              'quick_restart_no_lp':         1 [   6.00h,    6.00h]    6.00h   0.00ns    6.00h         1 [   4.04h,    4.04h]    4.04h   0.00ns    4.04h
                    'reduced_costs':         1 [   6.00h,    6.00h]    6.00h   0.00ns    6.00h         1 [  24.58m,   24.58m]   24.58m   0.00ns   24.58m
                        'rins/rens':         4 [438.86ms,    6.00h]    1.50h    2.60h    6.00h         4 [ 10.00ns, 100.44ms]  75.24ms  43.44ms 300.95ms
                      'rnd_cst_lns':         5 [308.33ms,    6.00h]    2.40h    2.94h   12.00h         4 [ 20.00ns, 100.11ms]  75.03ms  43.32ms 300.12ms
                      'rnd_var_lns':         5 [   1.01s,    6.00h]    4.80h    2.40h   24.00h         2 [ 40.00ns, 100.00ms]  50.00ms  50.00ms 100.00ms
                     'violation_ls':         5 [  1.88ms,   7.69ms]   3.48ms   2.14ms  17.39ms         5 [ 15.45us, 912.38us] 627.25us 322.57us   3.14ms
                     'violation_ls':         5 [323.23us,   4.95ms]   1.81ms   1.88ms   9.03ms         5 [ 12.89us, 715.79us] 154.44us 280.68us 772.18us
                     'violation_ls':         5 [336.01us,   3.91ms]   1.67ms   1.52ms   8.35ms         5 [ 14.06us, 838.07us] 210.19us 315.91us   1.05ms

Search stats                         Bools  Conflicts     Branches    Restarts      BoolPropag   IntegerPropag
                           'core':  19'383  1'467'642  214'223'059  81'351'440  57'953'137'416  16'985'411'870
                     'default_lp':   2'127         23       69'012      40'138       3'602'384       8'072'945
                      'fs_random':   1'515          0        1'678       1'678          38'640         180'806
                      'fs_random':   1'515          0        1'678       1'678          38'640         180'806
                'fs_random_no_lp':   1'515          0        1'678       1'678          38'640         180'806
                'fs_random_no_lp':   1'515          0        1'678       1'678          38'640         180'806
        'fs_random_quick_restart':   1'515          0        1'678       1'678          38'640         180'806
        'fs_random_quick_restart':   1'515          0        1'678       1'678          38'640         180'806
  'fs_random_quick_restart_no_lp':   1'515          0        1'678       1'678          38'640         180'806
                 'lb_tree_search':   2'127         28       48'641      29'862       2'622'468       5'868'739
                         'max_lp':   2'127         14       48'987      30'015       2'627'398       5'908'896
                          'no_lp':  15'104    652'829  213'063'677  84'192'933  54'762'606'416  17'510'448'755
            'objective_lb_search':   2'127         27       69'116      40'164       3'615'266       8'105'070
     'objective_lb_search_max_lp':   2'127         17       51'488      31'287       2'771'839       6'204'671
      'objective_lb_search_no_lp':  17'739    850'562  212'672'843  82'428'815  53'593'500'499  17'316'122'593
                        'probing':   2'127         20       64'716      38'431       3'492'949       7'736'046
                 'probing_max_lp':   2'127         11       45'905      28'932       2'562'302       5'668'523
                   'pseudo_costs':   2'127         35       54'713      32'884       2'911'411       6'540'117
                  'quick_restart':   2'127         20       68'771      40'011       3'600'321       8'066'433
            'quick_restart_no_lp':  11'251    268'888  245'254'941  98'593'071  39'089'056'143  21'475'170'474
                  'reduced_costs':   2'127         15       53'212      32'158       2'831'047       6'359'983

SAT stats                           ClassicMinim  LitRemoved   LitLearned  LitForgotten  Subsumed  MClauses  MDecisions  MLitTrue  MSubsumed  MLitRemoved  MReused
                           'core':     1'387'818  14'707'280  356'242'622   342'389'546    31'927     7'023   4'936'873         1      1'212      249'341   11'782
                     'default_lp':             3           8           26             0         0         0           0         0          0            0        0
                      'fs_random':             0           0            0             0         0         0           0         0          0            0        0
                      'fs_random':             0           0            0             0         0         0           0         0          0            0        0
                'fs_random_no_lp':             0           0            0             0         0         0           0         0          0            0        0
                'fs_random_no_lp':             0           0            0             0         0         0           0         0          0            0        0
        'fs_random_quick_restart':             0           0            0             0         0         0           0         0          0            0        0
        'fs_random_quick_restart':             0           0            0             0         0         0           0         0          0            0        0
  'fs_random_quick_restart_no_lp':             0           0            0             0         0         0           0         0          0            0        0
                 'lb_tree_search':             6          10           34             0         0         0           0         0          0            0        0
                         'max_lp':             4           6           18             0         0         0           0         0          0            0        0
                          'no_lp':       598'181   5'919'298  160'352'816   148'481'706    20'524     6'914   4'709'924         0      1'280      270'701   10'187
            'objective_lb_search':             7          19           34             0         0         0           0         0          0            0        0
     'objective_lb_search_max_lp':             3           5           20             0         0         0           0         0          0            0        0
      'objective_lb_search_no_lp':       790'623   8'289'758  209'979'981   198'181'383    22'974     6'119   4'232'366         0      1'380      305'513   11'350
                        'probing':             4           5           24             0         0         0           0         0          0            0        0
                 'probing_max_lp':             5           5           16             0         0         0           0         0          0            0        0
                   'pseudo_costs':             5           7           40             0         0         0           0         0          0            0        0
                  'quick_restart':             2           4           22             0         0         0           0         0          0            0        0
            'quick_restart_no_lp':       221'692   2'074'529   76'723'138    65'606'224    18'151     9'834   6'260'514         1        887      137'920   12'823
                  'reduced_costs':             3           9           18             0         0         0           0         0          0            0        0

Lp stats                         Component  Iterations  AddedCuts  OPTIMAL  DUAL_F.  DUAL_U.
                  'default_lp':          1   7'208'713  2'059'898  218'093        2       12
                   'fs_random':          1           0          0        0        0        0
                   'fs_random':          1           0          0        0        0        0
     'fs_random_quick_restart':          1           0          0        0        0        0
     'fs_random_quick_restart':          1           0          0        0        0        0
              'lb_tree_search':          1   7'859'646    716'210  101'712   27'109        4
                      'max_lp':          1   4'311'966    791'805  103'617   27'560        6
         'objective_lb_search':          1   7'340'826  2'190'098  218'316        2       11
  'objective_lb_search_max_lp':          1   4'431'151    785'804  108'207   28'389        3
                     'probing':          1   7'102'080  2'013'714  207'391        1        9
              'probing_max_lp':          1   4'056'603    742'688   98'299   25'918        3
                'pseudo_costs':          1   4'763'312    816'029  112'491   30'770        2
               'quick_restart':          1   7'245'324  2'122'886  217'154        0       10
               'reduced_costs':          1   4'794'938    744'806  109'683   29'737        5

Lp dimension                                                                        Final dimension of first component
                  'default_lp':  2609 rows, 1811 columns, 29155 entries with magnitude in [1.960950e-06, 1.000000e+00]
                   'fs_random':         0 rows, 1811 columns, 0 entries with magnitude in [0.000000e+00, 0.000000e+00]
                   'fs_random':         0 rows, 1811 columns, 0 entries with magnitude in [0.000000e+00, 0.000000e+00]
     'fs_random_quick_restart':         0 rows, 1811 columns, 0 entries with magnitude in [0.000000e+00, 0.000000e+00]
     'fs_random_quick_restart':         0 rows, 1811 columns, 0 entries with magnitude in [0.000000e+00, 0.000000e+00]
              'lb_tree_search':  2475 rows, 1812 columns, 40124 entries with magnitude in [2.584273e-05, 1.000000e+00]
                      'max_lp':  2870 rows, 1812 columns, 32845 entries with magnitude in [6.383030e-06, 1.000000e+00]
         'objective_lb_search':  2727 rows, 1811 columns, 47880 entries with magnitude in [2.647839e-06, 1.000000e+00]
  'objective_lb_search_max_lp':  2321 rows, 1812 columns, 25995 entries with magnitude in [5.014715e-06, 1.000000e+00]
                     'probing':  2822 rows, 1811 columns, 30199 entries with magnitude in [1.423946e-06, 1.000000e+00]
              'probing_max_lp':  2707 rows, 1812 columns, 31592 entries with magnitude in [3.516441e-05, 1.000000e+00]
                'pseudo_costs':  2354 rows, 1812 columns, 18717 entries with magnitude in [4.483648e-05, 1.000000e+00]
               'quick_restart':  2535 rows, 1811 columns, 23601 entries with magnitude in [3.809947e-06, 1.000000e+00]
               'reduced_costs':  2343 rows, 1812 columns, 29199 entries with magnitude in [1.190547e-05, 1.000000e+00]

Lp debug                         CutPropag  CutEqPropag  Adjust  Overflow          Bad  BadScaling
                  'default_lp':          0        3'593   7'197         0  134'384'408           0
                   'fs_random':          0            0       0         0            0           0
                   'fs_random':          0            0       0         0            0           0
     'fs_random_quick_restart':          0            0       0         0            0           0
     'fs_random_quick_restart':          0            0       0         0            0           0
              'lb_tree_search':         17        2'161  25'226         2  141'232'632           0
                      'max_lp':          1        2'222  32'942         0  142'532'890           0
         'objective_lb_search':          1        2'496   7'873         0  134'757'491           0
  'objective_lb_search_max_lp':          0        2'404  40'890         0  146'307'475           0
                     'probing':          1        2'522  20'752         0  133'081'356           0
              'probing_max_lp':          4        3'164  18'747         0  142'075'994           0
                'pseudo_costs':          7        1'630  22'555         0  154'251'471           0
               'quick_restart':          0        2'268   7'601         0  136'256'339           0
               'reduced_costs':          0        1'535  45'834         0  152'160'998           0

Lp pool                          Constraints  Updates  Simplif  Merged  Shortened   Split  Strenghtened            Cuts/Call
                  'default_lp':       12'455   59'266   24'428      83      5'696  23'299       143'939  2'059'898/4'963'254
                   'fs_random':        2'640        0        0       0          0       0             0                  0/0
                   'fs_random':        2'640        0        0       0          0       0             0                  0/0
     'fs_random_quick_restart':        2'640        0        0       0          0       0             0                  0/0
     'fs_random_quick_restart':        2'640        0        0       0          0       0             0                  0/0
              'lb_tree_search':       12'250   62'649   56'236      39     20'643  79'542       220'436    716'210/1'753'265
                      'max_lp':       12'858   51'450   41'135      26     20'019  55'550       215'731    791'805/1'923'702
         'objective_lb_search':       11'645   55'937   30'999      93      5'265  21'442       160'076  2'190'098/5'426'865
  'objective_lb_search_max_lp':       12'761   43'706   41'582     122     22'383  58'523       223'522    785'804/1'984'019
                     'probing':       12'233   52'197   31'998     121      5'383  20'880       150'881  2'013'714/4'966'528
              'probing_max_lp':       12'741   47'326   50'277      26     19'363  88'301       213'020    742'688/1'965'697
                'pseudo_costs':       11'973   51'876   50'564     135     24'400  67'512       234'336    816'029/1'964'235
               'quick_restart':       12'445   54'326   36'559      81      4'611  19'341       166'231  2'122'886/5'144'210
               'reduced_costs':       12'811   56'952   42'545      74     22'319  62'032       228'072    744'806/1'756'919

Lp Cut             defaul   max_lp   quick_   reduce   pseudo   lb_tre   probin   object   probin   object
          CG_FF:   61'935   17'246   62'941   20'592   19'979   18'234   60'079   66'381   18'017   17'580
           CG_K:    2'078    4'166    2'580    7'096    5'099    7'539    2'744    2'469    6'423    3'854
          CG_KL:       72       10       58        6        5        2       60       38        7       13
           CG_R:   97'457   23'498   98'273   22'204   20'775   19'792   86'972   96'928   19'371   20'900
          CG_RB:  427'615   87'433  432'188   87'540   79'927   76'707  390'351  441'110   74'336   82'957
         CG_RBP:    1'582    9'974    1'876    6'870    6'972    6'620    1'753    1'793    5'110    7'350
         Clique:        -   25'545        -   24'459   27'748   22'763        -        -   24'070   27'087
             IB:  476'707  100'905  487'570   94'966  105'668   90'076  468'767  499'752   93'177  103'803
       MIR_1_FF:  194'823   74'394  207'148   60'585   74'553   56'296  211'765  232'243   74'221   70'818
        MIR_1_K:    3'671    6'020    4'246    4'693    6'451    4'736    4'102    4'483    5'939    6'004
       MIR_1_KL:    1'749      551    1'714      441      616      406    1'710    1'646      587      617
        MIR_1_R:    9'550    4'659   10'971    4'875    5'515    5'188   10'219   11'430    4'684    5'081
       MIR_1_RB:  281'942  117'651  297'756  104'341  122'244  103'102  287'086  312'836  117'601  116'051
      MIR_1_RBP:    1'375    2'482    1'511    2'386    2'667    1'874    1'469    1'663    2'375    2'353
      MIR_1_RLT:        -      495        -      488      539      520        -        -      445      510
       MIR_2_FF:   17'417   15'399   18'616   13'209   16'527   12'692   18'917   19'195   16'780   15'153
        MIR_2_K:      824    2'177      843    2'015    2'661    2'563      931      964    3'685    2'164
       MIR_2_KL:      296      144      302      125      164       88      249      303      140      146
        MIR_2_R:    8'215    9'454    8'845    8'053   10'430    9'467    7'967    8'903    8'820    9'665
       MIR_2_RB:   67'569   49'788   68'350   49'841   51'221   52'796   64'911   68'726   48'110   48'828
      MIR_2_RBP:      576    1'115      553    1'165    1'317      817      535      600      902    1'043
       MIR_3_FF:    6'050    6'608    6'309    6'386    7'125    6'202    5'976    6'343    6'378    7'107
        MIR_3_K:      825    2'205    1'067    2'143    2'511    2'170      980    1'082    2'077    2'272
       MIR_3_KL:      372      185      455      182      240      184      400      389      231      252
        MIR_3_R:   22'410   10'318   22'452   10'018   11'416    9'826   20'828   22'225    8'920   10'201
       MIR_3_RB:   64'120   34'334   65'171   33'401   35'701   32'776   61'185   66'149   32'210   34'627
      MIR_3_RBP:      424      774      493      730      835      636      407      405      728      709
       MIR_4_FF:    2'316    4'681    2'478    4'501    5'192    4'103    2'487    2'712    4'215    4'858
        MIR_4_K:      393    1'530      406    1'452    1'580    1'480      354      525    1'229    1'550
       MIR_4_KL:      107       99      103       65       92       67      108      115       87       72
        MIR_4_R:    5'239    3'386    5'443    3'340    3'861    3'349    4'976    5'225    2'961    3'310
       MIR_4_RB:   30'085   27'387   30'275   26'240   28'359   24'394   29'034   31'517   24'517   27'661
      MIR_4_RBP:      298      580      281      541      590      508      224      261      511      578
       MIR_5_FF:    1'588    5'307    1'889    4'606    5'609    4'439    1'668    1'740    4'666    5'265
        MIR_5_K:      189    1'560      218    1'651    1'936    1'663      231      245    1'445    1'753
       MIR_5_KL:       61       87       56       92       94       61       70       65       61       94
        MIR_5_R:    2'463    2'338    2'673    2'380    2'638    2'392    2'260    2'418    2'086    2'373
       MIR_5_RB:   20'096   22'541   20'577   22'173   23'870   21'400   19'505   20'980   20'793   23'169
      MIR_5_RBP:      192      592      199      638      665      588      189      197      512      585
       MIR_6_FF:      675    3'736      805    3'295    3'987    3'158      709      723    3'314    3'782
        MIR_6_K:       92    1'228       90    1'269    1'448    1'238       59       82    1'098    1'444
       MIR_6_KL:       26       68       16       54       75       50       23       12       66       66
        MIR_6_R:    1'065    2'305    1'068    2'674    2'717    2'571    1'021    1'081    2'114    2'457
       MIR_6_RB:   12'426   16'743   12'703   16'864   17'687   15'670   12'277   13'277   15'663   17'545
      MIR_6_RBP:      122      497      146      462      529      399      117      117      368      434
   ZERO_HALF_FF:   19'813    8'918   20'648    8'800    9'859    8'629   21'124   21'162    8'092    9'137
    ZERO_HALF_K:      728      506      745      597      656      596      735      798      559      567
   ZERO_HALF_KL:       18        1       10        -        5        -       11        7        1        -
    ZERO_HALF_R:  143'973   58'839  149'960   56'202   63'809   57'373  139'938  147'117   52'327   60'492
   ZERO_HALF_RB:   67'686   20'957   69'292   17'698   21'378   17'582   65'549   70'974   20'206   21'035
  ZERO_HALF_RBP:      593      389      517      402      487      428      682      692      453      432

LNS stats           Improv/Calls  Closed  Difficulty  TimeLimit
  'graph_arc_lns':           5/5     20%        0.15       0.10
  'graph_cst_lns':           4/5      0%        0.06       0.10
  'graph_dec_lns':           4/5      0%        0.06       0.10
  'graph_var_lns':           4/5     40%        0.43       0.10
      'rins/rens':           4/4      0%        0.09       0.10
    'rnd_cst_lns':           2/5      0%        0.06       0.10
    'rnd_var_lns':           4/5     20%        0.18       0.10

LS stats                   Batches  Restarts  LinMoves  GenMoves  CompoundMoves  WeightUpdates
       'fj_long_default':        2         1    10'074         0              0          1'374
   'fj_long_lin_default':        3         1         0     7'203            578             82
        'fj_long_random':        1         1     8'969         0              0          1'031
      'fj_short_default':        4         1         0    10'130            907            118
  'fj_short_lin_default':        2         1         0     6'525            743             81
   'fj_short_lin_random':        3         1         0     8'107            783             74
       'fj_short_random':        3         1         0     7'305            714             88
          'violation_ls':        5         0        17        71              5             10
          'violation_ls':        5         0         5       210             18              7
          'violation_ls':        5         0         9        71             11              7

Solutions (25)                  Num     Rank
                       'core':    3  [18,22]
            'fj_long_default':    1    [1,1]
              'graph_arc_lns':    1  [15,15]
              'graph_var_lns':    2   [8,14]
                      'no_lp':    1  [19,19]
  'objective_lb_search_no_lp':    1  [20,20]
        'quick_restart_no_lp':    4  [17,25]
              'rins_pump_lns':    1  [16,16]
               'violation_ls':   11   [2,13]

Objective bounds                      Num
                   'initial_domain':    1
                   'lb_tree_search':   79
                           'max_lp':   15
  'objective_shaving_search_max_lp':    3
   'objective_shaving_search_no_lp':    5
                   'probing_max_lp':   77
                     'pseudo_costs':   20
                    'reduced_costs':    9

Solution repositories    Added  Queried  Ignored  Synchro
  'feasible solutions':     98       86        0       90
        'lp solutions':      0        0        0        0
                'pump':     32        4

Improving bounds shared            Num
                        'core':  1'028
                  'default_lp':     12
              'lb_tree_search':      1
                      'max_lp':      7
                       'no_lp':  1'158
         'objective_lb_search':     21
  'objective_lb_search_max_lp':     26
   'objective_lb_search_no_lp':    715
                     'probing':      3
              'probing_max_lp':      9
                'pseudo_costs':    105
               'quick_restart':     20
         'quick_restart_no_lp':  2'028
               'reduced_costs':     52

Clauses shared                     Num
                        'core':  2'538
                  'default_lp':      3
              'lb_tree_search':      6
                      'max_lp':      5
                       'no_lp':  2'294
         'objective_lb_search':      7
  'objective_lb_search_max_lp':      3
   'objective_lb_search_no_lp':  2'185
                     'probing':      6
              'probing_max_lp':      6
                'pseudo_costs':     13
               'quick_restart':      2
         'quick_restart_no_lp':  3'577
               'reduced_costs':      6

CpSolverResponse summary:
status: FEASIBLE
objective: 787296
best_bound: 524014
integers: 1813
booleans: 1515
conflicts: 0
branches: 1678
propagations: 38640
integer_propagations: 180806
restarts: 1678
lp_iterations: 0
walltime: 21600.1
usertime: 21600.1
deterministic_time: 88934.8
gap_integral: 1.11e+06
solution_fingerprint: 0xea97dbf27b5ec731

CPU USED: 32
Loading /home/aneumann/projects/def-adhaj/aneumann/gns/data/instances/test/l/instance_172.pkl...
===* START SOLVING *===
   index    value       gap  ... max_time  cpu  max_memory
0    172  7872.96  0.334413  ...        6   32         118

[1 rows x 8 columns]
===* END OF FILE *===
