created virtual environment CPython3.12.4.final.0-64 in 1779ms
  creator CPython3Posix(dest=/localscratch/aneumann.37168044.0/env, clear=False, no_vcs_ignore=False, global=False)
  seeder FromAppData(download=False, pip=bundle, via=copy, app_data_dir=/home/aneumann/.local/share/virtualenv)
    added seed packages: pip==24.2+computecanada
  activators BashActivator,CShellActivator,FishActivator,NushellActivator,PowerShellActivator,PythonActivator
Looking in links: /cvmfs/soft.computecanada.ca/custom/python/wheelhouse/gentoo2023/x86-64-v3, /cvmfs/soft.computecanada.ca/custom/python/wheelhouse/gentoo2023/generic, /cvmfs/soft.computecanada.ca/custom/python/wheelhouse/generic
Requirement already satisfied: pip in /localscratch/aneumann.37168044.0/env/lib/python3.12/site-packages (24.2+computecanada)
Looking in links: /cvmfs/soft.computecanada.ca/custom/python/wheelhouse/gentoo2023/x86-64-v3, /cvmfs/soft.computecanada.ca/custom/python/wheelhouse/gentoo2023/generic, /cvmfs/soft.computecanada.ca/custom/python/wheelhouse/generic
ERROR: protobuf-5.28.3-cp38-abi3-manylinux2014_x86_64.whl is not a supported wheel on this platform.
Looking in links: /cvmfs/soft.computecanada.ca/custom/python/wheelhouse/gentoo2023/x86-64-v3, /cvmfs/soft.computecanada.ca/custom/python/wheelhouse/gentoo2023/generic, /cvmfs/soft.computecanada.ca/custom/python/wheelhouse/generic
Processing /home/aneumann/projects/def-adhaj/aneumann/gns/wheels/immutabledict-4.2.0-py3-none-any.whl
Installing collected packages: immutabledict
Successfully installed immutabledict-4.2.0
Looking in links: /cvmfs/soft.computecanada.ca/custom/python/wheelhouse/gentoo2023/x86-64-v3, /cvmfs/soft.computecanada.ca/custom/python/wheelhouse/gentoo2023/generic, /cvmfs/soft.computecanada.ca/custom/python/wheelhouse/generic
Processing /cvmfs/soft.computecanada.ca/custom/python/wheelhouse/generic/ortools-9.10.4067+computecanada-cp312-cp312-linux_x86_64.whl (from -r /home/aneumann/projects/def-adhaj/aneumann/gns/requirements_or.txt (line 1))
Processing /cvmfs/soft.computecanada.ca/custom/python/wheelhouse/gentoo2023/x86-64-v3/pandas-2.2.2+computecanada-cp312-cp312-linux_x86_64.whl (from -r /home/aneumann/projects/def-adhaj/aneumann/gns/requirements_or.txt (line 2))
Processing /cvmfs/soft.computecanada.ca/custom/python/wheelhouse/generic/absl_py-2.1.0+computecanada-py3-none-any.whl (from ortools->-r /home/aneumann/projects/def-adhaj/aneumann/gns/requirements_or.txt (line 1))
Processing /cvmfs/soft.computecanada.ca/custom/python/wheelhouse/gentoo2023/generic/numpy-2.1.1+computecanada-cp312-cp312-linux_x86_64.whl (from ortools->-r /home/aneumann/projects/def-adhaj/aneumann/gns/requirements_or.txt (line 1))
Processing /cvmfs/soft.computecanada.ca/custom/python/wheelhouse/gentoo2023/x86-64-v3/protobuf-5.28.0+computecanada-cp312-cp312-linux_x86_64.whl (from ortools->-r /home/aneumann/projects/def-adhaj/aneumann/gns/requirements_or.txt (line 1))
Requirement already satisfied: immutabledict>=3.0.0 in /localscratch/aneumann.37168044.0/env/lib/python3.12/site-packages (from ortools->-r /home/aneumann/projects/def-adhaj/aneumann/gns/requirements_or.txt (line 1)) (4.2.0)
Processing /cvmfs/soft.computecanada.ca/custom/python/wheelhouse/generic/python_dateutil-2.9.0.post0+computecanada-py2.py3-none-any.whl (from pandas->-r /home/aneumann/projects/def-adhaj/aneumann/gns/requirements_or.txt (line 2))
Processing /cvmfs/soft.computecanada.ca/custom/python/wheelhouse/generic/pytz-2024.2+computecanada-py2.py3-none-any.whl (from pandas->-r /home/aneumann/projects/def-adhaj/aneumann/gns/requirements_or.txt (line 2))
Processing /cvmfs/soft.computecanada.ca/custom/python/wheelhouse/generic/tzdata-2024.2+computecanada-py2.py3-none-any.whl (from pandas->-r /home/aneumann/projects/def-adhaj/aneumann/gns/requirements_or.txt (line 2))
Processing /cvmfs/soft.computecanada.ca/custom/python/wheelhouse/generic/six-1.16.0+computecanada-py2.py3-none-any.whl (from python-dateutil>=2.8.2->pandas->-r /home/aneumann/projects/def-adhaj/aneumann/gns/requirements_or.txt (line 2))
Installing collected packages: pytz, tzdata, six, protobuf, numpy, absl-py, python-dateutil, pandas, ortools
Successfully installed absl-py-2.1.0+computecanada numpy-2.1.1+computecanada ortools-9.10.4067+computecanada pandas-2.2.2+computecanada protobuf-5.28.0+computecanada python-dateutil-2.9.0.post0+computecanada pytz-2024.2+computecanada six-1.16.0+computecanada tzdata-2024.2+computecanada

Starting CP-SAT solver v9.10.4067
Parameters: max_time_in_seconds: 28800 max_memory_in_mb: 118 log_search_progress: true optimize_with_core: true cp_model_presolve: true enumerate_all_solutions: false num_search_workers: 32 use_implied_bounds: true absolute_gap_limit: 5 relative_gap_limit: 0.01 use_probing_search: true

Initial optimization model '': (model_fingerprint: 0x98c5a773f3bcbdb5)
#Variables: 3'628 (#bools: 33 #ints: 1 in objective)
  - 3'172 Booleans in [0,1]
  - 455 in [0,300000]
  - 1 constants in {1} 
#kBoolOr: 1'958 (#literals: 1'958)
#kLinear1: 672
#kLinear2: 10'731
#kLinear3: 2'107
#kLinearN: 698 (#terms: 7'936)

Starting presolve at 0.00s
  2.94e-03s  0.00e+00d  [DetectDominanceRelations] 
  8.10e-02s  0.00e+00d  [PresolveToFixPoint] #num_loops=19 #num_dual_strengthening=3 
  8.10e-05s  0.00e+00d  [ExtractEncodingFromLinear] #potential_supersets=251 
[Symmetry] Graph for symmetry has 12'484 nodes and 26'247 arcs.
[Symmetry] Symmetry computation done. time: 0.00248515 dtime: 0.00350714
[Symmetry] #generators: 4, average support size: 2
[Symmetry] 4 orbits with sizes: 2,2,2,2
[Symmetry] Found orbitope of size 1 x 2
[SAT presolve] num removable Booleans: 0 / 1921
[SAT presolve] num trivial clauses: 0
[SAT presolve] [0s] clauses:3453 literals:6906 vars:1883 one_side_vars:1850 simple_definition:32 singleton_clauses:0
[SAT presolve] [0.000242656s] clauses:3453 literals:6906 vars:1883 one_side_vars:1850 simple_definition:32 singleton_clauses:0
[SAT presolve] [0.000383071s] clauses:3453 literals:6906 vars:1883 one_side_vars:1850 simple_definition:32 singleton_clauses:0
  4.62e-01s  1.16e-01d  [Probe] #probed=4'691 #fixed_bools=79 #new_bounds=214 
  5.84e-03s  0.00e+00d  [MaxClique] Merged 3697(10470 literals) into 1193(7957 literals) at_most_ones. 
  2.49e-03s  0.00e+00d  [DetectDominanceRelations] 
  2.06e-02s  0.00e+00d  [PresolveToFixPoint] #num_loops=4 #num_dual_strengthening=3 
  3.62e-03s  0.00e+00d  [ProcessAtMostOneAndLinear] #num_changes=47 
  2.43e-03s  0.00e+00d  [DetectDuplicateConstraints] #duplicates=4 #without_enforcements=2 
  4.94e-04s  2.67e-05d  [DetectDominatedLinearConstraints] #relevant_constraints=1'836 
  5.83e-04s  0.00e+00d  [DetectDifferentVariables] #different=20 
  1.00e-03s  3.93e-04d  [ProcessSetPPC] #relevant_constraints=1'249 #num_inclusions=942 
  6.47e-05s  0.00e+00d  [FindAlmostIdenticalLinearConstraints] 
  4.19e-03s  7.45e-03d  [FindBigAtMostOneAndLinearOverlap] 
  1.03e-03s  3.58e-03d  [FindBigVerticalLinearOverlap] 
  3.79e-04s  1.25e-03d  [FindBigHorizontalLinearOverlap] #linears=165 
  7.34e-05s  0.00e+00d  [MergeClauses] 
  2.44e-03s  0.00e+00d  [DetectDominanceRelations] 
  9.40e-03s  0.00e+00d  [PresolveToFixPoint] #num_loops=1 #num_dual_strengthening=1 
  2.47e-03s  0.00e+00d  [DetectDominanceRelations] 
  9.29e-03s  0.00e+00d  [PresolveToFixPoint] #num_loops=1 #num_dual_strengthening=1 
[Symmetry] Graph for symmetry has 9'592 nodes and 18'666 arcs.
[Symmetry] Symmetry computation done. time: 0.00147539 dtime: 0.00224282
[Symmetry] #generators: 4, average support size: 2
[Symmetry] 4 orbits with sizes: 2,2,2,2
[Symmetry] Found orbitope of size 1 x 2
[SAT presolve] num removable Booleans: 0 / 1840
[SAT presolve] num trivial clauses: 0
[SAT presolve] [0s] clauses:23 literals:46 vars:36 one_side_vars:33 simple_definition:3 singleton_clauses:0
[SAT presolve] [3.3352e-05s] clauses:23 literals:46 vars:36 one_side_vars:33 simple_definition:3 singleton_clauses:0
[SAT presolve] [7.466e-05s] clauses:23 literals:46 vars:36 one_side_vars:33 simple_definition:3 singleton_clauses:0
  1.23e-01s  3.04e-02d  [Probe] #probed=4'608 #new_bounds=56 
  3.16e-03s  0.00e+00d  [MaxClique] Merged 1027(6796 literals) into 1027(6814 literals) at_most_ones. 
  2.52e-03s  0.00e+00d  [DetectDominanceRelations] 
  1.52e-02s  0.00e+00d  [PresolveToFixPoint] #num_loops=4 #num_dual_strengthening=3 
  3.41e-03s  0.00e+00d  [ProcessAtMostOneAndLinear] 
  2.38e-03s  0.00e+00d  [DetectDuplicateConstraints] #duplicates=8 
  5.23e-04s  2.67e-05d  [DetectDominatedLinearConstraints] #relevant_constraints=1'831 
  5.30e-04s  0.00e+00d  [DetectDifferentVariables] #different=20 
  8.81e-04s  3.88e-04d  [ProcessSetPPC] #relevant_constraints=1'199 #num_inclusions=886 
  6.64e-05s  0.00e+00d  [FindAlmostIdenticalLinearConstraints] 
  4.17e-03s  7.46e-03d  [FindBigAtMostOneAndLinearOverlap] 
  1.03e-03s  3.58e-03d  [FindBigVerticalLinearOverlap] 
  3.75e-04s  1.25e-03d  [FindBigHorizontalLinearOverlap] #linears=165 
  6.81e-05s  0.00e+00d  [MergeClauses] 
  2.54e-03s  0.00e+00d  [DetectDominanceRelations] 
  9.47e-03s  0.00e+00d  [PresolveToFixPoint] #num_loops=1 #num_dual_strengthening=1 
  2.49e-03s  0.00e+00d  [DetectDominanceRelations] 
  9.49e-03s  0.00e+00d  [PresolveToFixPoint] #num_loops=1 #num_dual_strengthening=1 
[Symmetry] Graph for symmetry has 9'594 nodes and 18'678 arcs.
[Symmetry] Symmetry computation done. time: 0.0014932 dtime: 0.00224114
[Symmetry] #generators: 3, average support size: 2
[Symmetry] 3 orbits with sizes: 2,2,2
[Symmetry] Found orbitope of size 1 x 2
[SAT presolve] num removable Booleans: 0 / 1840
[SAT presolve] num trivial clauses: 0
[SAT presolve] [0s] clauses:24 literals:48 vars:38 one_side_vars:35 simple_definition:3 singleton_clauses:0
[SAT presolve] [3.6238e-05s] clauses:24 literals:48 vars:38 one_side_vars:35 simple_definition:3 singleton_clauses:0
[SAT presolve] [7.8949e-05s] clauses:24 literals:48 vars:38 one_side_vars:35 simple_definition:3 singleton_clauses:0
  1.22e-01s  3.03e-02d  [Probe] #probed=4'608 
  2.96e-03s  0.00e+00d  [MaxClique] Merged 1028(6806 literals) into 1028(6816 literals) at_most_ones. 
  2.52e-03s  0.00e+00d  [DetectDominanceRelations] 
  9.52e-03s  0.00e+00d  [PresolveToFixPoint] #num_loops=1 #num_dual_strengthening=1 
  3.50e-03s  0.00e+00d  [ProcessAtMostOneAndLinear] 
  2.36e-03s  0.00e+00d  [DetectDuplicateConstraints] 
  5.24e-04s  2.67e-05d  [DetectDominatedLinearConstraints] #relevant_constraints=1'831 
  5.41e-04s  0.00e+00d  [DetectDifferentVariables] #different=20 
  8.80e-04s  3.88e-04d  [ProcessSetPPC] #relevant_constraints=1'200 #num_inclusions=886 
  6.73e-05s  0.00e+00d  [FindAlmostIdenticalLinearConstraints] 
  4.17e-03s  7.46e-03d  [FindBigAtMostOneAndLinearOverlap] 
  1.02e-03s  3.58e-03d  [FindBigVerticalLinearOverlap] 
  3.82e-04s  1.25e-03d  [FindBigHorizontalLinearOverlap] #linears=165 
  7.08e-05s  0.00e+00d  [MergeClauses] 
  2.47e-03s  0.00e+00d  [DetectDominanceRelations] 
  9.35e-03s  0.00e+00d  [PresolveToFixPoint] #num_loops=1 #num_dual_strengthening=1 
  1.71e-04s  0.00e+00d  [ExpandObjective] #entries=42 #tight_variables=21 #tight_constraints=7 

Presolve summary:
  - 109 affine relations were detected.
  - rule 'TODO dual: add implied bound' was applied 45 times.
  - rule 'TODO dual: only one blocking constraint?' was applied 31'037 times.
  - rule 'TODO dual: only one blocking enforced constraint?' was applied 45 times.
  - rule 'TODO dual: only one unspecified blocking constraint?' was applied 15 times.
  - rule 'TODO dual: tighten at most one' was applied 961 times.
  - rule 'TODO linear2: contains a Boolean.' was applied 19'018 times.
  - rule 'TODO symmetry: add symmetry breaking inequalities?' was applied 3 times.
  - rule 'affine: new relation' was applied 109 times.
  - rule 'at_most_one: removed literals' was applied 343 times.
  - rule 'at_most_one: singleton' was applied 2 times.
  - rule 'at_most_one: size one' was applied 116 times.
  - rule 'at_most_one: transformed into max clique.' was applied 1 time.
  - rule 'bool_and: x => x' was applied 6 times.
  - rule 'bool_or: always true' was applied 1'958 times.
  - rule 'bool_or: implications' was applied 9'490 times.
  - rule 'bool_or: singleton' was applied 12 times.
  - rule 'deductions: 548 stored' was applied 1 time.
  - rule 'dual: add implication' was applied 36 times.
  - rule 'dual: enforced equivalence' was applied 4 times.
  - rule 'dual: fix variable' was applied 550 times.
  - rule 'dual: fix variable with multiple choices' was applied 6 times.
  - rule 'dual: reduced domain' was applied 262 times.
  - rule 'duplicate: merged rhs of linear constraint' was applied 4 times.
  - rule 'duplicate: removed constraint' was applied 12 times.
  - rule 'duplicate: removed enforced constraint' was applied 2 times.
  - rule 'enforcement: false literal' was applied 6'001 times.
  - rule 'enforcement: literal not used' was applied 18 times.
  - rule 'linear + amo: fixed literal implied by enforcement' was applied 47 times.
  - rule 'linear1: always true' was applied 2 times.
  - rule 'linear2: contains a Boolean.' was applied 16 times.
  - rule 'linear: always true' was applied 1'714 times.
  - rule 'linear: divide by GCD' was applied 6'635 times.
  - rule 'linear: empty' was applied 123 times.
  - rule 'linear: extracted enforcement literal' was applied 735 times.
  - rule 'linear: fixed or dup variables' was applied 1'642 times.
  - rule 'linear: negative clause' was applied 2'994 times.
  - rule 'linear: positive at most one' was applied 244 times.
  - rule 'linear: positive clause' was applied 6'508 times.
  - rule 'linear: positive equal one' was applied 7 times.
  - rule 'linear: reduced variable domains' was applied 1'051 times.
  - rule 'linear: remapped using affine relations' was applied 3'425 times.
  - rule 'linear: simplified rhs' was applied 23'051 times.
  - rule 'linear: singleton column' was applied 14 times.
  - rule 'objective: variable not used elsewhere' was applied 1 time.
  - rule 'presolve: 1291 unused variables removed.' was applied 1 time.
  - rule 'presolve: iteration' was applied 3 times.
  - rule 'setppc: bool_or in at_most_one.' was applied 3 times.
  - rule 'setppc: removed dominated constraints' was applied 52 times.
  - rule 'symmetry: added symmetry breaking implication' was applied 3 times.

Presolved optimization model '': (model_fingerprint: 0x2fcd72ec9977b768)
#Variables: 2'214 (#bools: 32 #ints: 1 in objective)
  - 1'840 Booleans in [0,1]
  - 103 different domains in [0,300000] with a largest complexity of 1.
#kAtMostOne: 1'004 (#literals: 6'758)
#kBoolAnd: 32 (#enforced: 32) (#literals: 64)
#kExactlyOne: 7 (#literals: 21)
#kLinear1: 8 (#enforced: 8)
#kLinear2: 839 (#enforced: 607 #multi: 11)
#kLinear3: 1'370 (#enforced: 7)
#kLinearN: 229 (#terms: 2'915)

Preloading model.
#Bound   0.97s best:inf   next:[129920,5770394] initial_domain
[Symmetry] Graph for symmetry has 8'182 nodes and 18'682 arcs.
[Symmetry] Symmetry computation done. time: 0.0013724 dtime: 0.00215507
[Symmetry] #generators: 2, average support size: 2
[Symmetry] Found orbitope of size 1 x 2
#Model   0.98s var:2214/2214 constraints:3489/3489

Starting search at 0.98s with 32 workers.
16 full problem subsolvers: [core, default_lp, lb_tree_search, max_lp, no_lp, objective_lb_search, objective_lb_search_max_lp, objective_lb_search_no_lp, objective_shaving_search_max_lp, objective_shaving_search_no_lp, probing, probing_max_lp, pseudo_costs, quick_restart, quick_restart_no_lp, reduced_costs]
14 first solution subsolvers: [fj_long_default, fj_long_lin_default, fj_long_random, fj_short_default, fj_short_lin_default, fj_short_lin_random, fj_short_random, fs_random(2), fs_random_no_lp(2), fs_random_quick_restart(2), fs_random_quick_restart_no_lp]
11 incomplete subsolvers: [feasibility_pump, graph_arc_lns, graph_cst_lns, graph_dec_lns, graph_var_lns, rins/rens, rnd_cst_lns, rnd_var_lns, violation_ls(3)]
3 helper subsolvers: [neighborhood_helper, synchronization_agent, update_gap_integral]
#1       1.89s best:5770394 next:[129920,5770392] fj_long_lin_default(batch:4 #lin_moves:0 #lin_evals:127'930 #gen_moves:8'358 #gen_evals:0 #comp_moves:534 #backtracks:3'912 #weight_updates:57)
#2       1.94s best:5770376 next:[129920,5770374] violation_ls(batch:1 #solutions_imported:1 #lin_moves:0 #lin_evals:6'200 #gen_moves:93 #gen_evals:0 #comp_moves:7 #backtracks:43 #weight_updates:1)
#3       2.03s best:5752764 next:[129920,5752762] fj_long_default(batch:1 #lin_moves:2'273 #lin_evals:5'644 #weight_updates:160)
#4       2.11s best:5752746 next:[129920,5752744] violation_ls(batch:1 #solutions_imported:1 #lin_moves:0 #lin_evals:5'885 #gen_moves:102 #gen_evals:0 #comp_moves:6 #backtracks:48 #weight_updates:1)
#5       2.18s best:5752728 next:[129920,5752726] violation_ls(batch:2 #solutions_imported:2 #lin_moves:3 #lin_evals:6'238 #gen_moves:93 #gen_evals:0 #comp_moves:7 #backtracks:43 #weight_updates:3)
#6       2.19s best:5752710 next:[129920,5752708] violation_ls(batch:2 #solutions_imported:2 #lin_moves:0 #lin_evals:11'398 #gen_moves:198 #gen_evals:0 #comp_moves:10 #backtracks:94 #weight_updates:2)
#7       2.20s best:5736446 next:[129920,5736444] fj_long_random(batch:1 #lin_moves:5'695 #lin_evals:13'307 #weight_updates:508)
#Bound   2.33s best:5736446 next:[129922,5736444] objective_shaving_search_no_lp (vars=1948 csts=2338)
#Bound   2.34s best:5736446 next:[129924,5736444] objective_shaving_search_no_lp (vars=2214 csts=3490)
#Bound   2.37s best:5736446 next:[129926,5736444] objective_shaving_search_max_lp (vars=2214 csts=3490)
#Bound   2.38s best:5736446 next:[129928,5736444] objective_shaving_search_no_lp (vars=2214 csts=3490)
#Bound   2.40s best:5736446 next:[129930,5736444] objective_shaving_search_max_lp (vars=2214 csts=3490)
#8       2.40s best:5736428 next:[129930,5736426] violation_ls(batch:3 #solutions_imported:3 #lin_moves:7 #lin_evals:6'283 #gen_moves:93 #gen_evals:0 #comp_moves:7 #backtracks:43 #weight_updates:6)
#9       2.40s best:5736410 next:[129930,5736408] violation_ls(batch:3 #solutions_imported:3 #lin_moves:0 #lin_evals:12'796 #gen_moves:213 #gen_evals:0 #comp_moves:13 #backtracks:100 #weight_updates:2)
#10      2.43s best:5736392 next:[129930,5736390] violation_ls(batch:1 #solutions_imported:1 #lin_moves:6 #lin_evals:50 #weight_updates:4)
#11      2.43s best:5736374 next:[129930,5736372] violation_ls(batch:2 #solutions_imported:2 #lin_moves:6 #lin_evals:649 #gen_moves:7 #gen_evals:0 #comp_moves:3 #backtracks:2 #weight_updates:4)
#12      2.43s best:5736356 next:[129930,5736354] violation_ls(batch:3 #solutions_imported:3 #lin_moves:6 #lin_evals:5'980 #gen_moves:77 #gen_evals:0 #comp_moves:9 #backtracks:34 #weight_updates:5)
#13      2.47s best:510444 next:[129930,510442] graph_var_lns (d=0.50 s=51 t=0.10 p=0.00 stall=0 h=auto_l0)
#Bound   2.66s best:510444 next:[129932,510442] objective_shaving_search_no_lp (vars=2214 csts=3490)
#14      2.67s best:510426 next:[129932,510424] violation_ls(batch:4 #solutions_imported:4 #lin_moves:6 #lin_evals:14'544 #gen_moves:313 #gen_evals:0 #comp_moves:25 #backtracks:144 #weight_updates:7)
#15      2.68s best:510408 next:[129932,510406] violation_ls(batch:4 #solutions_imported:4 #lin_moves:0 #lin_evals:13'363 #gen_moves:223 #gen_evals:0 #comp_moves:15 #backtracks:104 #weight_updates:2)
#Bound   2.82s best:510408 next:[129934,510406] objective_shaving_search_no_lp (vars=2214 csts=3490)
#Bound   2.85s best:510408 next:[129936,510406] objective_shaving_search_max_lp (vars=2214 csts=3490)
#16      2.85s best:510390 next:[129936,510388] violation_ls(batch:5 #solutions_imported:5 #lin_moves:7 #lin_evals:23'588 #gen_moves:543 #gen_evals:0 #comp_moves:31 #backtracks:256 #weight_updates:9)
#17      2.85s best:510372 next:[129936,510370] violation_ls(batch:5 #solutions_imported:5 #lin_moves:6 #lin_evals:14'558 #gen_moves:315 #gen_evals:0 #comp_moves:27 #backtracks:144 #weight_updates:7)
#18      2.85s best:510354 next:[129936,510352] violation_ls(batch:5 #solutions_imported:5 #lin_moves:0 #lin_evals:13'378 #gen_moves:227 #gen_evals:0 #comp_moves:19 #backtracks:104 #weight_updates:2)
#Model   3.77s var:2213/2214 constraints:3486/3489
#Model   5.75s var:2212/2214 constraints:3485/3489
#Model   7.01s var:2211/2214 constraints:3485/3489
#Model   9.76s var:2210/2214 constraints:3484/3489
#Model  12.49s var:2209/2214 constraints:3484/3489
#Model  13.15s var:2208/2214 constraints:3484/3489
#Model  13.66s var:2207/2214 constraints:3483/3489
#19     15.68s best:505920 next:[129936,505918] quick_restart_no_lp (fixed_bools=263/3165)
#Model  16.62s var:2206/2214 constraints:3482/3489
#Model  23.41s var:2205/2214 constraints:3480/3489
#Bound  32.10s best:505920 next:[131394,505918] reduced_costs
#Bound  32.41s best:505920 next:[132910,505918] reduced_costs
#Bound  33.10s best:505920 next:[132914,505918] reduced_costs
#Bound  34.46s best:505920 next:[132926,505918] reduced_costs
#Bound  35.73s best:505920 next:[132930,505918] reduced_costs
#Bound  35.93s best:505920 next:[132944,505918] reduced_costs
#Bound  42.89s best:505920 next:[132946,505918] reduced_costs
#Bound  43.26s best:505920 next:[132962,505918] reduced_costs
#Model  45.59s var:2204/2214 constraints:3479/3489
#Bound  46.19s best:505920 next:[133278,505918] reduced_costs
#Bound  46.65s best:505920 next:[133288,505918] reduced_costs
#Bound  46.94s best:505920 next:[133304,505918] reduced_costs
#Model  47.92s var:2203/2214 constraints:3479/3489
#Bound  51.11s best:505920 next:[133318,505918] reduced_costs
#Model  51.42s var:2202/2214 constraints:3477/3489
#Bound  51.84s best:505920 next:[133324,505918] reduced_costs
#Bound  52.27s best:505920 next:[133340,505918] reduced_costs
#Bound  54.52s best:505920 next:[133352,505918] reduced_costs
#Bound  56.33s best:505920 next:[133358,505918] reduced_costs
#Bound  58.82s best:505920 next:[133360,505918] reduced_costs
#Bound  59.54s best:505920 next:[133376,505918] reduced_costs
#Bound  65.98s best:505920 next:[133386,505918] reduced_costs
#Bound  67.14s best:505920 next:[133394,505918] reduced_costs
#Bound  69.23s best:505920 next:[133524,505918] reduced_costs
#Bound  69.75s best:505920 next:[133538,505918] reduced_costs
#Bound  72.52s best:505920 next:[134010,505918] lb_tree_search
#Bound  73.51s best:505920 next:[134024,505918] lb_tree_search
#Bound 100.54s best:505920 next:[135102,505918] lb_tree_search
#Bound 100.75s best:505920 next:[135104,505918] lb_tree_search
#Bound 101.37s best:505920 next:[135106,505918] lb_tree_search
#Bound 101.63s best:505920 next:[135122,505918] lb_tree_search
#Bound 118.96s best:505920 next:[135198,505918] reduced_costs
#Bound 120.04s best:505920 next:[135212,505918] reduced_costs
#Bound 123.08s best:505920 next:[135222,505918] reduced_costs
#Bound 133.91s best:505920 next:[135230,505918] reduced_costs
#Bound 217.93s best:505920 next:[142880,505918] pseudo_costs
#Bound 241.39s best:505920 next:[142882,505918] lb_tree_search
#Bound 241.55s best:505920 next:[143420,505918] lb_tree_search
#Bound 241.73s best:505920 next:[143960,505918] lb_tree_search
#20    593.34s best:494194 next:[143960,494192] quick_restart_no_lp (fixed_bools=659/4116)
#21    1151.21s best:483780 next:[143960,483778] quick_restart_no_lp (fixed_bools=1026/4916)
#22    1166.68s best:477466 next:[143960,477464] quick_restart_no_lp (fixed_bools=1266/4958)
#23    1235.72s best:465948 next:[143960,465946] quick_restart_no_lp (fixed_bools=1316/5371)
#24    1249.20s best:452008 next:[143960,452006] quick_restart_no_lp (fixed_bools=1316/5483)
#25    1500.80s best:445530 next:[143960,445528] quick_restart_no_lp (fixed_bools=1615/6291)
#26    1502.07s best:443044 next:[143960,443042] quick_restart_no_lp (fixed_bools=1615/6315)
#27    2097.19s best:428694 next:[143960,428692] quick_restart_no_lp (fixed_bools=1904/7166)
#28    2875.46s best:420166 next:[143960,420164] quick_restart_no_lp (fixed_bools=2262/8137)
#29    2899.03s best:411556 next:[143960,411554] quick_restart_no_lp (fixed_bools=2262/8246)
#30    3000.71s best:403522 next:[143960,403520] quick_restart_no_lp (fixed_bools=2535/8774)
#31    4054.03s best:399958 next:[143960,399956] quick_restart_no_lp (fixed_bools=2812/10404)
#32    7725.25s best:398102 next:[143960,398100] quick_restart_no_lp (fixed_bools=3037/13267)
#33    9114.18s best:392608 next:[143960,392606] quick_restart_no_lp (fixed_bools=3245/14271)
#34    10847.86s best:391952 next:[143960,391950] quick_restart_no_lp (fixed_bools=3533/15335)
#35    12017.64s best:386062 next:[143960,386060] quick_restart_no_lp (fixed_bools=3694/16665)
#36    13664.97s best:375718 next:[143960,375716] quick_restart_no_lp (fixed_bools=3974/18149)
#Model 15119.95s var:2201/2214 constraints:3476/3489
#37    15257.98s best:361860 next:[143960,361858] quick_restart_no_lp (fixed_bools=4320/19493)
#38    17528.65s best:351446 next:[143960,351444] quick_restart_no_lp (fixed_bools=4657/21546)

Task timing                                  n [     min,      max]      avg      dev     time         n [     min,      max]      avg      dev    dtime
                             'core':         1 [   8.00h,    8.00h]    8.00h   0.00ns    8.00h         1 [   7.64h,    7.64h]    7.64h   0.00ns    7.64h
                       'default_lp':         1 [   8.00h,    8.00h]    8.00h   0.00ns    8.00h         1 [   1.15h,    1.15h]    1.15h   0.00ns    1.15h
                 'feasibility_pump':         4 [665.89ms,    2.95s]    1.88s 822.24ms    7.54s         3 [625.74ms, 671.43ms] 651.22ms  19.02ms    1.95s
                  'fj_long_default':         1 [332.07ms, 332.07ms] 332.07ms   0.00ns 332.07ms         1 [  8.54ms,   8.54ms]   8.54ms   0.00ns   8.54ms
              'fj_long_lin_default':         4 [ 14.83ms,  37.62ms]  26.31ms   8.09ms 105.24ms         4 [  5.34ms,  12.33ms]   9.48ms   2.56ms  37.93ms
                   'fj_long_random':         1 [456.02ms, 456.02ms] 456.02ms   0.00ns 456.02ms         1 [ 20.79ms,  20.79ms]  20.79ms   0.00ns  20.79ms
                 'fj_short_default':         4 [ 32.76ms, 255.05ms]  98.53ms  91.51ms 394.11ms         4 [ 11.64ms,  21.50ms]  15.17ms   3.80ms  60.69ms
             'fj_short_lin_default':         1 [375.35ms, 375.35ms] 375.35ms   0.00ns 375.35ms         1 [ 15.40ms,  15.40ms]  15.40ms   0.00ns  15.40ms
              'fj_short_lin_random':         1 [364.71ms, 364.71ms] 364.71ms   0.00ns 364.71ms         1 [ 16.97ms,  16.97ms]  16.97ms   0.00ns  16.97ms
                  'fj_short_random':         1 [269.22ms, 269.22ms] 269.22ms   0.00ns 269.22ms         1 [ 16.21ms,  16.21ms]  16.21ms   0.00ns  16.21ms
                        'fs_random':         1 [   1.06s,    1.06s]    1.06s   0.00ns    1.06s         1 [ 20.00ns,  20.00ns]  20.00ns   0.00ns  20.00ns
                        'fs_random':         1 [   1.09s,    1.09s]    1.09s   0.00ns    1.09s         1 [ 20.00ns,  20.00ns]  20.00ns   0.00ns  20.00ns
                  'fs_random_no_lp':         1 [   1.52s,    1.52s]    1.52s   0.00ns    1.52s         1 [ 27.62ms,  27.62ms]  27.62ms   0.00ns  27.62ms
                  'fs_random_no_lp':         1 [899.61ms, 899.61ms] 899.61ms   0.00ns 899.61ms         1 [  2.22ms,   2.22ms]   2.22ms   0.00ns   2.22ms
          'fs_random_quick_restart':         1 [   1.11s,    1.11s]    1.11s   0.00ns    1.11s         1 [ 20.00ns,  20.00ns]  20.00ns   0.00ns  20.00ns
          'fs_random_quick_restart':         1 [   1.79s,    1.79s]    1.79s   0.00ns    1.79s         1 [ 20.00ns,  20.00ns]  20.00ns   0.00ns  20.00ns
    'fs_random_quick_restart_no_lp':         1 [   1.83s,    1.83s]    1.83s   0.00ns    1.83s         1 [ 43.04ms,  43.04ms]  43.04ms   0.00ns  43.04ms
                    'graph_arc_lns':         5 [159.49ms,    8.00h]    3.20h    3.92h   16.00h         5 [ 10.00ns, 100.14ms]  60.06ms  49.04ms 300.28ms
                    'graph_cst_lns':         5 [454.91ms,    8.00h]    4.80h    3.92h   24.00h         3 [ 30.00ns, 100.21ms]  66.77ms  47.22ms 200.32ms
                    'graph_dec_lns':         4 [300.79ms,    8.00h]    4.00h    4.00h   16.00h         3 [  2.97us, 100.18ms]  66.74ms  47.19ms 200.22ms
                    'graph_var_lns':         5 [303.65ms,    8.00h]    6.40h    3.20h   32.00h         2 [ 40.00ns, 100.04ms]  50.02ms  50.02ms 100.04ms
                   'lb_tree_search':         1 [   8.00h,    8.00h]    8.00h   0.00ns    8.00h         1 [  38.60m,   38.60m]   38.60m   0.00ns   38.60m
                           'max_lp':         1 [   8.00h,    8.00h]    8.00h   0.00ns    8.00h         1 [  38.36m,   38.36m]   38.36m   0.00ns   38.36m
                            'no_lp':         1 [   8.00h,    8.00h]    8.00h   0.00ns    8.00h         1 [   8.81h,    8.81h]    8.81h   0.00ns    8.81h
              'objective_lb_search':         1 [   8.00h,    8.00h]    8.00h   0.00ns    8.00h         1 [   1.10h,    1.10h]    1.10h   0.00ns    1.10h
       'objective_lb_search_max_lp':         1 [   8.00h,    8.00h]    8.00h   0.00ns    8.00h         1 [  39.28m,   39.28m]   39.28m   0.00ns   39.28m
        'objective_lb_search_no_lp':         1 [   8.00h,    8.00h]    8.00h   0.00ns    8.00h         1 [   7.80h,    7.80h]    7.80h   0.00ns    7.80h
  'objective_shaving_search_max_lp':         5 [  7.76ms,    1.38s] 286.99ms 547.54ms    1.43s         1 [ 43.39ms,  43.39ms]  43.39ms   0.00ns  43.39ms
   'objective_shaving_search_no_lp':         5 [  8.26ms,    1.35s] 285.30ms 534.55ms    1.43s         1 [ 28.36ms,  28.36ms]  28.36ms   0.00ns  28.36ms
                          'probing':         1 [   8.00h,    8.00h]    8.00h   0.00ns    8.00h         1 [   1.16h,    1.16h]    1.16h   0.00ns    1.16h
                   'probing_max_lp':         1 [   8.00h,    8.00h]    8.00h   0.00ns    8.00h         1 [  37.77m,   37.77m]   37.77m   0.00ns   37.77m
                     'pseudo_costs':         1 [   8.00h,    8.00h]    8.00h   0.00ns    8.00h         1 [  37.35m,   37.35m]   37.35m   0.00ns   37.35m
                    'quick_restart':         1 [   8.00h,    8.00h]    8.00h   0.00ns    8.00h         1 [   1.18h,    1.18h]    1.18h   0.00ns    1.18h
              'quick_restart_no_lp':         1 [   8.00h,    8.00h]    8.00h   0.00ns    8.00h         1 [   6.52h,    6.52h]    6.52h   0.00ns    6.52h
                    'reduced_costs':         1 [   8.00h,    8.00h]    8.00h   0.00ns    8.00h         1 [  37.81m,   37.81m]   37.81m   0.00ns   37.81m
                        'rins/rens':         4 [471.49us,    8.00h]    2.00h    3.46h    8.00h         3 [ 10.00ns, 100.24ms]  66.76ms  47.21ms 200.28ms
                      'rnd_cst_lns':         5 [246.21ms,    8.00h]    4.80h    3.92h   24.00h         3 [ 30.00ns, 100.39ms]  66.80ms  47.24ms 200.41ms
                      'rnd_var_lns':         5 [212.96ms,    8.00h]    4.80h    3.92h   24.00h         3 [ 30.00ns, 100.08ms]  66.69ms  47.16ms 200.08ms
                     'violation_ls':         5 [293.04us,  30.01ms]   8.73ms  11.30ms  43.64ms         5 [ 13.98us,   4.18ms]   1.11ms   1.60ms   5.53ms
                     'violation_ls':         5 [343.17us, 476.04ms]  98.01ms 189.05ms 490.03ms         5 [  7.15us,   2.19ms] 676.20us 854.33us   3.38ms
                     'violation_ls':         5 [356.33us, 162.65ms]  40.00ms  61.97ms 200.02ms         5 [  4.94us,   1.32ms] 594.73us 587.18us   2.97ms

Search stats                         Bools   Conflicts       Branches     Restarts      BoolPropag   IntegerPropag
                           'core':  65'619  27'881'568    843'461'288  101'330'479  37'236'196'642  19'831'287'144
                     'default_lp':   2'596          33        140'503       67'621       5'307'310      10'968'748
                      'fs_random':   1'848           0              0            0               0               0
                      'fs_random':   1'848           0          1'102        1'102          22'533          66'470
                'fs_random_no_lp':   2'090          18          4'162        4'162          73'948         245'384
                'fs_random_no_lp':   2'596          27          6'499        6'499         199'691         448'944
        'fs_random_quick_restart':   1'848           0              0            0               0               0
        'fs_random_quick_restart':   1'848           0          1'200        1'200          24'404          73'209
  'fs_random_quick_restart_no_lp':   2'596          22          8'024        8'024         257'696         565'941
                 'lb_tree_search':   2'596           5         58'347       35'685       2'670'425       5'419'737
                         'max_lp':   2'596          47         60'300       36'617       2'759'437       5'724'543
                          'no_lp':  57'380  34'332'913    790'160'880   99'013'775  36'330'696'965  19'308'513'902
            'objective_lb_search':   2'596          33        154'284       72'289       5'660'906      11'713'337
     'objective_lb_search_max_lp':   2'596          34         56'310       34'621       2'581'751       5'377'199
      'objective_lb_search_no_lp':  41'880  31'204'132    797'325'765  111'315'364  23'195'992'436  21'788'637'926
                        'probing':   2'596          37        157'488       74'229       5'834'150      12'017'740
                 'probing_max_lp':   2'596          31         58'037       35'948       2'705'657       5'588'647
                   'pseudo_costs':   2'596          69         57'471       35'183       2'643'356       5'492'075
                  'quick_restart':   2'596          54        155'955       72'768       5'703'603      11'771'274
            'quick_restart_no_lp':  27'270  34'185'167  2'048'561'382   94'892'867  41'150'558'036  22'935'512'662
                  'reduced_costs':   2'596          36         58'321       35'626       2'672'097       5'579'000

SAT stats                           ClassicMinim   LitRemoved      LitLearned    LitForgotten   Subsumed   MClauses  MDecisions  MLitTrue  MSubsumed  MLitRemoved  MReused
                           'core':    26'844'880  265'295'096  10'500'821'029  10'319'266'438    450'300  1'260'659   6'903'539         7      5'238       38'329  334'872
                     'default_lp':             0            0              33               0          0          0           0         0          0            0        0
                      'fs_random':             0            0               0               0          0          0           0         0          0            0        0
                      'fs_random':             0            0               0               0          0          0           0         0          0            0        0
                'fs_random_no_lp':             0            0              18               0          0          0           0         0          0            0        0
                'fs_random_no_lp':             0            0              27               0          0          0           0         0          0            0        0
        'fs_random_quick_restart':             0            0               0               0          0          0           0         0          0            0        0
        'fs_random_quick_restart':             0            0               0               0          0          0           0         0          0            0        0
  'fs_random_quick_restart_no_lp':             0            0              22               0          0          0           0         0          0            0        0
                 'lb_tree_search':             0            0               5               0          0          0           0         0          0            0        0
                         'max_lp':             0            0              47               0          0          0           0         0          0            0        0
                          'no_lp':    33'337'229  346'075'032  13'085'095'582  12'914'905'264    416'905    961'465   5'184'590         2      4'891       32'145  252'786
            'objective_lb_search':             0            0              33               0          0          0           0         0          0            0        0
     'objective_lb_search_max_lp':             0            0              34               0          0          0           0         0          0            0        0
      'objective_lb_search_no_lp':    30'296'597  310'744'235  11'817'508'801  11'671'823'517    365'461  1'307'689   6'895'961        10      4'542       32'315  318'498
                        'probing':             0            0              37               0          0          0           0         0          0            0        0
                 'probing_max_lp':             0            0              31               0          0          0           0         0          0            0        0
                   'pseudo_costs':             0            0              69               0          0          0           0         0          0            0        0
                  'quick_restart':             0            0              54               0          0          0           0         0          0            0        0
            'quick_restart_no_lp':    31'869'189  244'544'702  13'293'699'922  12'914'253'176  1'017'900  1'753'695  11'420'709         0      4'763       31'900  317'967
                  'reduced_costs':             0            0              36               0          0          0           0         0          0            0        0

Lp stats                         Component  Iterations   AddedCuts  OPTIMAL  DUAL_F.  DUAL_U.
                  'default_lp':          1  15'157'295   9'573'629  378'659       62        2
                   'fs_random':          1           0           0        0        0        0
                   'fs_random':          1           0           0        0        0        0
     'fs_random_quick_restart':          1           0           0        0        0        0
     'fs_random_quick_restart':          1           0           0        0        0        0
              'lb_tree_search':          1   5'264'892   2'117'276  127'698   35'094        1
                      'max_lp':          1   5'373'107   2'232'291  131'241   36'260        1
         'objective_lb_search':          1  15'250'772   9'558'384  403'789       61        2
  'objective_lb_search_max_lp':          1   5'432'704   2'378'212  123'062   33'766        1
                     'probing':          1  16'275'309  10'368'957  414'704       61        1
              'probing_max_lp':          1   5'236'338   2'179'100  128'500   34'686        1
                'pseudo_costs':          1   5'103'335   2'246'555  125'403   34'595        0
               'quick_restart':          1  15'992'193  10'074'445  406'667       68        2
               'reduced_costs':          1   5'275'543   2'116'521  126'739   35'062        2

Lp dimension                                                                        Final dimension of first component
                  'default_lp':  3062 rows, 2211 columns, 25770 entries with magnitude in [3.575170e-06, 1.000000e+00]
                   'fs_random':         0 rows, 2211 columns, 0 entries with magnitude in [0.000000e+00, 0.000000e+00]
                   'fs_random':         0 rows, 2211 columns, 0 entries with magnitude in [0.000000e+00, 0.000000e+00]
     'fs_random_quick_restart':         0 rows, 2211 columns, 0 entries with magnitude in [0.000000e+00, 0.000000e+00]
     'fs_random_quick_restart':         0 rows, 2211 columns, 0 entries with magnitude in [0.000000e+00, 0.000000e+00]
              'lb_tree_search':  3225 rows, 2214 columns, 61582 entries with magnitude in [1.377373e-05, 1.000000e+00]
                      'max_lp':  3117 rows, 2214 columns, 48232 entries with magnitude in [1.038614e-05, 1.000000e+00]
         'objective_lb_search':  4504 rows, 2211 columns, 52377 entries with magnitude in [4.232439e-06, 1.000000e+00]
  'objective_lb_search_max_lp':  3285 rows, 2214 columns, 40448 entries with magnitude in [3.584720e-06, 1.000000e+00]
                     'probing':  4376 rows, 2211 columns, 55480 entries with magnitude in [4.834780e-06, 1.000000e+00]
              'probing_max_lp':  3623 rows, 2214 columns, 45072 entries with magnitude in [4.641810e-05, 1.000000e+00]
                'pseudo_costs':  3829 rows, 2214 columns, 44577 entries with magnitude in [1.159101e-05, 1.000000e+00]
               'quick_restart':  2934 rows, 2211 columns, 35495 entries with magnitude in [3.571144e-06, 1.000000e+00]
               'reduced_costs':  3067 rows, 2214 columns, 44951 entries with magnitude in [2.655714e-05, 1.000000e+00]

Lp debug                         CutPropag  CutEqPropag  Adjust  Overflow          Bad  BadScaling
                  'default_lp':          0        3'434      44         0  270'684'154           0
                   'fs_random':          0            0       0         0            0           0
                   'fs_random':          0            0       0         0            0           0
     'fs_random_quick_restart':          0            0       0         0            0           0
     'fs_random_quick_restart':          0            0       0         0            0           0
              'lb_tree_search':          0        2'735   5'395         0  209'993'752           0
                      'max_lp':          0        3'744   4'406         0  220'341'850           0
         'objective_lb_search':          0        3'332     341         0  276'660'261           0
  'objective_lb_search_max_lp':          0        2'258  13'689         0  212'285'658           0
                     'probing':          0        2'704     110        10  283'388'244           0
              'probing_max_lp':          0        2'905  16'906         0  216'435'328           0
                'pseudo_costs':          0        3'318   8'543         0  213'951'253           0
               'quick_restart':          0        3'766      69         0  278'838'315           0
               'reduced_costs':          0        2'437   2'275         0  212'126'787           0

Lp pool                          Constraints  Updates  Simplif  Merged  Shortened   Split  Strenghtened              Cuts/Call
                  'default_lp':       12'280  125'156    6'835     184        656   8'173       253'673   9'573'629/18'942'871
                   'fs_random':        2'835        0        0       0          0       0             0                    0/0
                   'fs_random':        2'835        0        0       0          0       0             0                    0/0
     'fs_random_quick_restart':        2'835        0        0       0          0       0             0                    0/0
     'fs_random_quick_restart':        2'835        0        0       0          0       0             0                    0/0
              'lb_tree_search':       12'711   93'971   15'061      50        718  27'194       310'657    2'117'276/4'149'061
                      'max_lp':       12'739   96'523   17'810      37      1'663  31'473       324'103    2'232'291/4'439'802
         'objective_lb_search':       12'056  113'239    7'062     163        529   8'294       259'736   9'558'384/18'676'934
  'objective_lb_search_max_lp':       12'628   94'409   14'688      69        734  32'095       322'584    2'378'212/4'855'969
                     'probing':       12'598  115'503    7'296     194        442   8'151       285'610  10'368'957/20'089'054
              'probing_max_lp':       12'545   94'127   15'477      40      1'133  25'228       312'207    2'179'100/4'608'796
                'pseudo_costs':       12'932   97'493   17'808     108      1'144  29'693       320'200    2'246'555/4'849'903
               'quick_restart':       12'137  129'253   12'339     143        257   8'942       272'236  10'074'445/19'591'438
               'reduced_costs':       12'857   96'510   17'024     149      1'119  33'230       329'484    2'116'521/4'271'929

Lp Cut               defaul   max_lp     quick_   reduce   pseudo   lb_tre     probin     object   probin   object
          CG_FF:    340'937   44'239    368'498   43'089   46'519   43'090    386'640    352'268   41'731   52'653
           CG_K:      7'766    6'830      7'229    7'169    6'811    6'840      9'143      8'033    6'951    6'536
          CG_KL:          -        2          2        2        5        3          1          1        1        4
           CG_R:    266'847   68'944    300'866   62'206   71'685   59'189    305'799    279'872   61'724   62'569
          CG_RB:  2'056'246  274'243  2'214'067  265'938  283'156  238'879  2'292'710  2'068'169  257'544  274'435
         CG_RBP:      7'591    4'726      7'537    5'527    4'789    4'878      9'538      7'199    4'241    5'467
         Clique:          -   38'453          -   36'892   36'823   37'533          -          -   36'540   37'131
             IB:  1'614'760  259'735  1'671'236  242'664  256'705  244'443  1'746'968  1'690'099  255'863  273'221
       MIR_1_FF:  2'378'147  383'256  2'463'850  310'694  376'035  327'134  2'514'992  2'267'636  387'369  472'525
        MIR_1_K:     13'104    8'400     12'511    8'287    8'333   10'605     13'045     12'274    8'807    9'831
        MIR_1_R:     38'340   11'851     47'913   12'190   12'026   11'731     32'585     32'086   13'346   14'917
       MIR_1_RB:  1'266'685  387'528  1'309'302  380'408  380'784  415'762  1'344'752  1'235'773  381'980  416'980
      MIR_1_RBP:      4'701    2'000      4'426    2'326    2'168    3'249      4'565      4'278    2'175    2'607
      MIR_1_RLT:          -      233          -      213      199      220          -          -      240      194
       MIR_2_FF:    182'886   45'079    181'954   40'226   48'938   42'082    198'153    179'287   47'255   56'090
        MIR_2_K:      5'273    3'897      6'128    3'972    3'997    5'139      6'794      5'381    4'235    4'788
        MIR_2_R:     14'390   13'491     16'786   14'438   13'277   13'565     16'440     15'531   12'324   14'327
       MIR_2_RB:    234'555  167'198    243'301  174'603  194'391  150'797    238'892    225'672  160'350  165'542
      MIR_2_RBP:      1'834      879      2'075    1'171      850    1'579      2'143      1'947    1'044    1'163
       MIR_3_FF:     27'522   17'804     26'203   17'090   18'013   16'598     31'745     34'634   16'974   19'788
        MIR_3_K:      4'672    4'102      4'325    4'054    3'908    4'725      4'821      4'479    4'572    4'138
        MIR_3_R:     23'862   10'257     27'216   10'242    9'128   10'144     26'865     26'346    9'672    9'150
       MIR_3_RB:    171'827   88'748    180'986   88'914   87'813   84'618    187'865    173'874   84'770   88'589
      MIR_3_RBP:      1'412    1'598      1'482    1'628    1'483    1'793      1'804      1'356    1'574    1'678
       MIR_4_FF:     14'110   12'566     12'390   12'466   13'117   11'729     14'196     15'280   12'442   14'405
        MIR_4_K:      2'902    3'104      2'558    2'934    2'918    3'358      2'896      2'526    3'490    3'185
        MIR_4_R:      6'267    4'614      6'700    4'328    4'205    4'403      6'785      6'559    4'257    4'106
       MIR_4_RB:    116'560   72'625    121'779   72'209   73'069   70'495    127'102    116'653   70'122   70'540
      MIR_4_RBP:        979    1'022      1'029    1'115      995    1'138      1'129        957    1'087    1'165
       MIR_5_FF:      7'823   11'590      7'574   11'224   11'749   11'218      7'951      7'990   10'957   12'463
        MIR_5_K:      1'653    2'879      1'395    2'857    2'795    3'207      1'507      1'339    2'945    2'806
        MIR_5_R:      3'551    3'365      4'028    3'309    3'083    3'395      4'150      3'806    3'129    3'087
       MIR_5_RB:     87'684   63'061     90'537   61'745   61'157   61'174     95'092     87'458   60'182   60'582
      MIR_5_RBP:        719    1'455        816    1'436    1'371    1'594        903        769    1'385    1'548
       MIR_6_FF:      4'993    9'493      4'788    8'417    9'419    9'366      5'052      5'505    9'439   10'849
        MIR_6_K:      1'377    2'297      1'147    2'198    2'218    2'604      1'368      1'550    2'253    2'285
       MIR_6_KL:          -        1          -        1        1        -          -          -        -        -
        MIR_6_R:      2'269    3'355      2'612    3'259    3'085    3'462      2'668      2'604    3'064    3'010
       MIR_6_RB:     60'531   43'995     63'234   42'898   43'362   42'666     66'895     60'785   42'450   43'788
      MIR_6_RBP:        418    1'038        487      929      924    1'082        540        468      975      979
   ZERO_HALF_FF:     84'283   11'366     88'547   11'563   11'368   12'033     85'923     82'354   12'015   12'653
    ZERO_HALF_K:      3'540    1'565      4'442    1'367    1'589    1'499      3'034      4'616    1'344    1'751
   ZERO_HALF_KL:          -        2          -        1        3        -          -          -        -        -
    ZERO_HALF_R:    307'533   91'144    347'523   90'322   84'530   89'904    349'307    329'712   87'149   85'130
   ZERO_HALF_RB:    201'932   47'544    214'022   47'209   47'039   47'633    215'419    200'373   48'365   48'743
  ZERO_HALF_RBP:      1'148      717        944      791      722      720        780        885      768      814

LNS stats           Improv/Calls  Closed  Difficulty  TimeLimit
  'graph_arc_lns':           4/5      0%        0.06       0.10
  'graph_cst_lns':           5/5      0%        0.06       0.10
  'graph_dec_lns':           2/4      0%        0.09       0.10
  'graph_var_lns':           5/5      0%        0.06       0.10
      'rins/rens':           3/3      0%        0.12       0.10
    'rnd_cst_lns':           4/5      0%        0.06       0.10
    'rnd_var_lns':           3/5     20%        0.18       0.10

LS stats                   Batches  Restarts  LinMoves  GenMoves  CompoundMoves  WeightUpdates
       'fj_long_default':        1         1     2'273         0              0            160
   'fj_long_lin_default':        4         1         0     8'358            534             57
        'fj_long_random':        1         1     5'695         0              0            508
      'fj_short_default':        4         1         0    15'608          1'216             48
  'fj_short_lin_default':        1         1         0     3'001            621              5
   'fj_short_lin_random':        1         1         0     3'448            595              5
       'fj_short_random':        1         1         0     3'026            508              3
          'violation_ls':        5         0         0       227             19              2
          'violation_ls':        5         0         6       315             27              7
          'violation_ls':        5         0         7       543             31              9

Solutions (38)            Num     Rank
      'fj_long_default':    1    [3,3]
  'fj_long_lin_default':    1    [1,1]
       'fj_long_random':    1    [7,7]
        'graph_var_lns':    1  [13,13]
  'quick_restart_no_lp':   20  [19,38]
         'violation_ls':   14   [2,18]

Objective bounds                      Num
                   'initial_domain':    1
                   'lb_tree_search':    9
  'objective_shaving_search_max_lp':    3
   'objective_shaving_search_no_lp':    5
                     'pseudo_costs':    1
                    'reduced_costs':   26

Solution repositories    Added  Queried  Ignored  Synchro
  'feasible solutions':    125       84        0      119
        'lp solutions':      0        0        0        0
                'pump':     33        4

Improving bounds shared               Num
                           'core':  1'968
                     'default_lp':     50
                'fs_random_no_lp':     74
  'fs_random_quick_restart_no_lp':     24
                 'lb_tree_search':      4
                         'max_lp':    105
                          'no_lp':  1'771
            'objective_lb_search':     95
     'objective_lb_search_max_lp':     80
      'objective_lb_search_no_lp':  1'950
                        'probing':    135
                 'probing_max_lp':     48
                   'pseudo_costs':    173
                  'quick_restart':    169
            'quick_restart_no_lp':  2'242
                  'reduced_costs':     98

Clauses shared                    Num
                       'core':  1'048
                      'no_lp':  1'089
  'objective_lb_search_no_lp':    967
        'quick_restart_no_lp':  1'224

CpSolverResponse summary:
status: FEASIBLE
objective: 351446
best_bound: 143960
integers: 2215
booleans: 2090
conflicts: 18
branches: 4162
propagations: 73948
integer_propagations: 245384
restarts: 4162
lp_iterations: 0
walltime: 28800.5
usertime: 28800.5
deterministic_time: 141088
gap_integral: 1.72731e+06
solution_fingerprint: 0x3aa9a2d72678aff7

CPU USED: 32
Loading /home/aneumann/projects/def-adhaj/aneumann/gns/data/instances/test/xl/instance_199.pkl...
===* START SOLVING *===
   index    value       gap  ... max_time  cpu  max_memory
0    199  3514.46  0.590378  ...        8   32         118

[1 rows x 8 columns]
===* END OF FILE *===
