created virtual environment CPython3.12.4.final.0-64 in 801ms
  creator CPython3Posix(dest=/localscratch/aneumann.37168012.0/env, clear=False, no_vcs_ignore=False, global=False)
  seeder FromAppData(download=False, pip=bundle, via=copy, app_data_dir=/home/aneumann/.local/share/virtualenv)
    added seed packages: pip==24.2+computecanada
  activators BashActivator,CShellActivator,FishActivator,NushellActivator,PowerShellActivator,PythonActivator
Looking in links: /cvmfs/soft.computecanada.ca/custom/python/wheelhouse/gentoo2023/x86-64-v3, /cvmfs/soft.computecanada.ca/custom/python/wheelhouse/gentoo2023/generic, /cvmfs/soft.computecanada.ca/custom/python/wheelhouse/generic
Requirement already satisfied: pip in /localscratch/aneumann.37168012.0/env/lib/python3.12/site-packages (24.2+computecanada)
Looking in links: /cvmfs/soft.computecanada.ca/custom/python/wheelhouse/gentoo2023/x86-64-v3, /cvmfs/soft.computecanada.ca/custom/python/wheelhouse/gentoo2023/generic, /cvmfs/soft.computecanada.ca/custom/python/wheelhouse/generic
ERROR: protobuf-5.28.3-cp38-abi3-manylinux2014_x86_64.whl is not a supported wheel on this platform.
Looking in links: /cvmfs/soft.computecanada.ca/custom/python/wheelhouse/gentoo2023/x86-64-v3, /cvmfs/soft.computecanada.ca/custom/python/wheelhouse/gentoo2023/generic, /cvmfs/soft.computecanada.ca/custom/python/wheelhouse/generic
Processing /home/aneumann/projects/def-adhaj/aneumann/gns/wheels/immutabledict-4.2.0-py3-none-any.whl
Installing collected packages: immutabledict
Successfully installed immutabledict-4.2.0
Looking in links: /cvmfs/soft.computecanada.ca/custom/python/wheelhouse/gentoo2023/x86-64-v3, /cvmfs/soft.computecanada.ca/custom/python/wheelhouse/gentoo2023/generic, /cvmfs/soft.computecanada.ca/custom/python/wheelhouse/generic
Processing /cvmfs/soft.computecanada.ca/custom/python/wheelhouse/generic/ortools-9.10.4067+computecanada-cp312-cp312-linux_x86_64.whl (from -r /home/aneumann/projects/def-adhaj/aneumann/gns/requirements_or.txt (line 1))
Processing /cvmfs/soft.computecanada.ca/custom/python/wheelhouse/gentoo2023/x86-64-v3/pandas-2.2.2+computecanada-cp312-cp312-linux_x86_64.whl (from -r /home/aneumann/projects/def-adhaj/aneumann/gns/requirements_or.txt (line 2))
Processing /cvmfs/soft.computecanada.ca/custom/python/wheelhouse/generic/absl_py-2.1.0+computecanada-py3-none-any.whl (from ortools->-r /home/aneumann/projects/def-adhaj/aneumann/gns/requirements_or.txt (line 1))
Processing /cvmfs/soft.computecanada.ca/custom/python/wheelhouse/gentoo2023/generic/numpy-2.1.1+computecanada-cp312-cp312-linux_x86_64.whl (from ortools->-r /home/aneumann/projects/def-adhaj/aneumann/gns/requirements_or.txt (line 1))
Processing /cvmfs/soft.computecanada.ca/custom/python/wheelhouse/gentoo2023/x86-64-v3/protobuf-5.28.0+computecanada-cp312-cp312-linux_x86_64.whl (from ortools->-r /home/aneumann/projects/def-adhaj/aneumann/gns/requirements_or.txt (line 1))
Requirement already satisfied: immutabledict>=3.0.0 in /localscratch/aneumann.37168012.0/env/lib/python3.12/site-packages (from ortools->-r /home/aneumann/projects/def-adhaj/aneumann/gns/requirements_or.txt (line 1)) (4.2.0)
Processing /cvmfs/soft.computecanada.ca/custom/python/wheelhouse/generic/python_dateutil-2.9.0.post0+computecanada-py2.py3-none-any.whl (from pandas->-r /home/aneumann/projects/def-adhaj/aneumann/gns/requirements_or.txt (line 2))
Processing /cvmfs/soft.computecanada.ca/custom/python/wheelhouse/generic/pytz-2024.2+computecanada-py2.py3-none-any.whl (from pandas->-r /home/aneumann/projects/def-adhaj/aneumann/gns/requirements_or.txt (line 2))
Processing /cvmfs/soft.computecanada.ca/custom/python/wheelhouse/generic/tzdata-2024.2+computecanada-py2.py3-none-any.whl (from pandas->-r /home/aneumann/projects/def-adhaj/aneumann/gns/requirements_or.txt (line 2))
Processing /cvmfs/soft.computecanada.ca/custom/python/wheelhouse/generic/six-1.16.0+computecanada-py2.py3-none-any.whl (from python-dateutil>=2.8.2->pandas->-r /home/aneumann/projects/def-adhaj/aneumann/gns/requirements_or.txt (line 2))
Installing collected packages: pytz, tzdata, six, protobuf, numpy, absl-py, python-dateutil, pandas, ortools
Successfully installed absl-py-2.1.0+computecanada numpy-2.1.1+computecanada ortools-9.10.4067+computecanada pandas-2.2.2+computecanada protobuf-5.28.0+computecanada python-dateutil-2.9.0.post0+computecanada pytz-2024.2+computecanada six-1.16.0+computecanada tzdata-2024.2+computecanada

Starting CP-SAT solver v9.10.4067
Parameters: max_time_in_seconds: 28800 max_memory_in_mb: 118 log_search_progress: true optimize_with_core: true cp_model_presolve: true enumerate_all_solutions: false num_search_workers: 32 use_implied_bounds: true absolute_gap_limit: 5 relative_gap_limit: 0.01 use_probing_search: true

Initial optimization model '': (model_fingerprint: 0xa9379cd066b22ad8)
#Variables: 3'792 (#bools: 31 #ints: 1 in objective)
  - 3'332 Booleans in [0,1]
  - 459 in [0,300000]
  - 1 constants in {1} 
#kBoolOr: 2'392 (#literals: 2'392)
#kLinear1: 688
#kLinear2: 11'638
#kLinear3: 2'324
#kLinearN: 699 (#terms: 8'365)

Starting presolve at 0.00s
  3.45e-03s  0.00e+00d  [DetectDominanceRelations] 
  1.01e-01s  0.00e+00d  [PresolveToFixPoint] #num_loops=22 #num_dual_strengthening=5 
  8.54e-05s  0.00e+00d  [ExtractEncodingFromLinear] #potential_supersets=276 
[Symmetry] Graph for symmetry has 12'983 nodes and 27'175 arcs.
[Symmetry] Symmetry computation done. time: 0.00253272 dtime: 0.0035988
[SAT presolve] num removable Booleans: 0 / 2072
[SAT presolve] num trivial clauses: 0
[SAT presolve] [0s] clauses:3397 literals:6794 vars:1980 one_side_vars:1939 simple_definition:39 singleton_clauses:0
[SAT presolve] [0.000247987s] clauses:3397 literals:6794 vars:1980 one_side_vars:1939 simple_definition:39 singleton_clauses:0
[SAT presolve] [0.000403039s] clauses:3397 literals:6794 vars:1980 one_side_vars:1939 simple_definition:39 singleton_clauses:0
  4.37e-01s  1.06e-01d  [Probe] #probed=4'782 #fixed_bools=74 #new_bounds=191 
  5.04e-03s  0.00e+00d  [MaxClique] Merged 3661(10694 literals) into 891(7005 literals) at_most_ones. 
  2.90e-03s  0.00e+00d  [DetectDominanceRelations] 
  2.03e-02s  0.00e+00d  [PresolveToFixPoint] #num_loops=4 #num_dual_strengthening=3 
  3.63e-03s  0.00e+00d  [ProcessAtMostOneAndLinear] #num_changes=44 
  2.38e-03s  0.00e+00d  [DetectDuplicateConstraints] #duplicates=1 #without_enforcements=2 
  4.83e-04s  2.65e-05d  [DetectDominatedLinearConstraints] #relevant_constraints=1'810 
  6.47e-04s  0.00e+00d  [DetectDifferentVariables] #different=25 
  8.62e-04s  3.55e-04d  [ProcessSetPPC] #relevant_constraints=928 #num_inclusions=665 
  6.85e-05s  0.00e+00d  [FindAlmostIdenticalLinearConstraints] 
  5.20e-03s  1.02e-02d  [FindBigAtMostOneAndLinearOverlap] 
  1.19e-03s  4.88e-03d  [FindBigVerticalLinearOverlap] 
  2.95e-04s  9.10e-04d  [FindBigHorizontalLinearOverlap] #linears=113 
  7.11e-05s  0.00e+00d  [MergeClauses] 
  2.87e-03s  0.00e+00d  [DetectDominanceRelations] 
  1.02e-02s  0.00e+00d  [PresolveToFixPoint] #num_loops=1 #num_dual_strengthening=1 
  2.86e-03s  0.00e+00d  [DetectDominanceRelations] 
  9.94e-03s  0.00e+00d  [PresolveToFixPoint] #num_loops=1 #num_dual_strengthening=1 
[Symmetry] Graph for symmetry has 9'716 nodes and 18'313 arcs.
[Symmetry] Symmetry computation done. time: 0.00145835 dtime: 0.00219752
[SAT presolve] num removable Booleans: 0 / 1995
[SAT presolve] num trivial clauses: 0
[SAT presolve] [0s] clauses:21 literals:42 vars:35 one_side_vars:32 simple_definition:3 singleton_clauses:0
[SAT presolve] [3.2411e-05s] clauses:21 literals:42 vars:35 one_side_vars:32 simple_definition:3 singleton_clauses:0
[SAT presolve] [7.467e-05s] clauses:21 literals:42 vars:35 one_side_vars:32 simple_definition:3 singleton_clauses:0
  1.27e-01s  3.20e-02d  [Probe] #probed=4'702 #new_bounds=65 
  2.48e-03s  0.00e+00d  [MaxClique] Merged 752(5830 literals) into 752(5845 literals) at_most_ones. 
  2.89e-03s  0.00e+00d  [DetectDominanceRelations] 
  1.63e-02s  0.00e+00d  [PresolveToFixPoint] #num_loops=3 #num_dual_strengthening=2 
  3.43e-03s  0.00e+00d  [ProcessAtMostOneAndLinear] 
  2.39e-03s  0.00e+00d  [DetectDuplicateConstraints] #duplicates=6 
  4.71e-04s  2.65e-05d  [DetectDominatedLinearConstraints] #relevant_constraints=1'810 
  5.84e-04s  0.00e+00d  [DetectDifferentVariables] #different=25 
  7.18e-04s  3.49e-04d  [ProcessSetPPC] #relevant_constraints=877 #num_inclusions=605 
  6.42e-05s  0.00e+00d  [FindAlmostIdenticalLinearConstraints] 
  5.16e-03s  1.03e-02d  [FindBigAtMostOneAndLinearOverlap] 
  1.12e-03s  4.88e-03d  [FindBigVerticalLinearOverlap] 
  2.95e-04s  9.10e-04d  [FindBigHorizontalLinearOverlap] #linears=113 
  8.31e-05s  0.00e+00d  [MergeClauses] 
  2.88e-03s  0.00e+00d  [DetectDominanceRelations] 
  1.01e-02s  0.00e+00d  [PresolveToFixPoint] #num_loops=1 #num_dual_strengthening=1 
  2.87e-03s  0.00e+00d  [DetectDominanceRelations] 
  1.01e-02s  0.00e+00d  [PresolveToFixPoint] #num_loops=1 #num_dual_strengthening=1 
[Symmetry] Graph for symmetry has 9'716 nodes and 18'323 arcs.
[Symmetry] Symmetry computation done. time: 0.00141065 dtime: 0.00219818
[SAT presolve] num removable Booleans: 0 / 1995
[SAT presolve] num trivial clauses: 0
[SAT presolve] [0s] clauses:21 literals:42 vars:35 one_side_vars:32 simple_definition:3 singleton_clauses:0
[SAT presolve] [3.6068e-05s] clauses:21 literals:42 vars:35 one_side_vars:32 simple_definition:3 singleton_clauses:0
[SAT presolve] [7.7936e-05s] clauses:21 literals:42 vars:35 one_side_vars:32 simple_definition:3 singleton_clauses:0
  1.26e-01s  3.17e-02d  [Probe] #probed=4'702 #new_bounds=6 
  2.41e-03s  0.00e+00d  [MaxClique] Merged 752(5840 literals) into 752(5845 literals) at_most_ones. 
  2.85e-03s  0.00e+00d  [DetectDominanceRelations] 
  1.15e-02s  0.00e+00d  [PresolveToFixPoint] #num_loops=3 #num_dual_strengthening=2 
  3.36e-03s  0.00e+00d  [ProcessAtMostOneAndLinear] 
  2.41e-03s  0.00e+00d  [DetectDuplicateConstraints] #duplicates=6 
  5.16e-04s  2.65e-05d  [DetectDominatedLinearConstraints] #relevant_constraints=1'810 
  5.45e-04s  0.00e+00d  [DetectDifferentVariables] #different=25 
  7.31e-04s  3.49e-04d  [ProcessSetPPC] #relevant_constraints=877 #num_inclusions=605 
  6.33e-05s  0.00e+00d  [FindAlmostIdenticalLinearConstraints] 
  5.15e-03s  1.03e-02d  [FindBigAtMostOneAndLinearOverlap] 
  1.17e-03s  4.88e-03d  [FindBigVerticalLinearOverlap] 
  2.93e-04s  9.10e-04d  [FindBigHorizontalLinearOverlap] #linears=113 
  6.66e-05s  0.00e+00d  [MergeClauses] 
  2.88e-03s  0.00e+00d  [DetectDominanceRelations] 
  1.02e-02s  0.00e+00d  [PresolveToFixPoint] #num_loops=1 #num_dual_strengthening=1 
  1.59e-04s  0.00e+00d  [ExpandObjective] #entries=72 #tight_variables=36 #tight_constraints=12 

Presolve summary:
  - 89 affine relations were detected.
  - rule 'TODO dual: add implied bound' was applied 17 times.
  - rule 'TODO dual: only one blocking constraint?' was applied 38'328 times.
  - rule 'TODO dual: only one blocking enforced constraint?' was applied 17 times.
  - rule 'TODO dual: only one unspecified blocking constraint?' was applied 17 times.
  - rule 'TODO dual: tighten at most one' was applied 717 times.
  - rule 'TODO linear2: contains a Boolean.' was applied 20'233 times.
  - rule 'affine: new relation' was applied 89 times.
  - rule 'at_most_one: empty or all false' was applied 4 times.
  - rule 'at_most_one: removed literals' was applied 344 times.
  - rule 'at_most_one: singleton' was applied 3 times.
  - rule 'at_most_one: size one' was applied 88 times.
  - rule 'at_most_one: transformed into max clique.' was applied 1 time.
  - rule 'bool_and: non-reified.' was applied 20 times.
  - rule 'bool_and: x => x' was applied 4 times.
  - rule 'bool_or: always true' was applied 2'392 times.
  - rule 'bool_or: implications' was applied 10'113 times.
  - rule 'deductions: 688 stored' was applied 1 time.
  - rule 'dual: add implication' was applied 54 times.
  - rule 'dual: fix variable' was applied 620 times.
  - rule 'dual: fix variable with multiple choices' was applied 8 times.
  - rule 'dual: reduced domain' was applied 245 times.
  - rule 'duplicate: merged rhs of linear constraint' was applied 1 time.
  - rule 'duplicate: removed constraint' was applied 13 times.
  - rule 'duplicate: removed enforced constraint' was applied 2 times.
  - rule 'enforcement: false literal' was applied 6'571 times.
  - rule 'enforcement: literal not used' was applied 19 times.
  - rule 'enforcement: true literal' was applied 20 times.
  - rule 'linear + amo: fixed literal implied by enforcement' was applied 44 times.
  - rule 'linear1: always true' was applied 3 times.
  - rule 'linear2: contains a Boolean.' was applied 12 times.
  - rule 'linear: always true' was applied 2'050 times.
  - rule 'linear: divide by GCD' was applied 7'140 times.
  - rule 'linear: empty' was applied 143 times.
  - rule 'linear: extracted enforcement literal' was applied 904 times.
  - rule 'linear: fixed or dup variables' was applied 2'053 times.
  - rule 'linear: negative clause' was applied 2'845 times.
  - rule 'linear: positive at most one' was applied 268 times.
  - rule 'linear: positive clause' was applied 7'268 times.
  - rule 'linear: positive equal one' was applied 12 times.
  - rule 'linear: reduced variable domains' was applied 1'490 times.
  - rule 'linear: remapped using affine relations' was applied 3'142 times.
  - rule 'linear: simplified rhs' was applied 27'848 times.
  - rule 'linear: singleton column' was applied 10 times.
  - rule 'objective: variable not used elsewhere' was applied 1 time.
  - rule 'presolve: 1312 unused variables removed.' was applied 1 time.
  - rule 'presolve: iteration' was applied 3 times.
  - rule 'setppc: bool_or in at_most_one.' was applied 4 times.
  - rule 'setppc: removed dominated constraints' was applied 53 times.

Presolved optimization model '': (model_fingerprint: 0xa675d393e59446f)
#Variables: 2'381 (#bools: 30 #ints: 1 in objective)
  - 1'995 Booleans in [0,1]
  - 111 different domains in [0,300000] with a largest complexity of 1.
#kAtMostOne: 731 (#literals: 5'798)
#kBoolAnd: 33 (#enforced: 33) (#literals: 66)
#kExactlyOne: 12 (#literals: 36)
#kLinear1: 3 (#enforced: 3)
#kLinear2: 1'036 (#enforced: 799 #multi: 16)
#kLinear3: 1'349 (#enforced: 10)
#kLinearN: 224 (#enforced: 4) (#terms: 2'924)

Preloading model.
#Bound   0.98s best:inf   next:[210993,11370018] initial_domain
[Symmetry] Graph for symmetry has 8'305 nodes and 18'323 arcs.
[Symmetry] Symmetry computation done. time: 0.00136024 dtime: 0.00211354
#Model   0.99s var:2381/2381 constraints:3388/3388

Starting search at 0.99s with 32 workers.
16 full problem subsolvers: [core, default_lp, lb_tree_search, max_lp, no_lp, objective_lb_search, objective_lb_search_max_lp, objective_lb_search_no_lp, objective_shaving_search_max_lp, objective_shaving_search_no_lp, probing, probing_max_lp, pseudo_costs, quick_restart, quick_restart_no_lp, reduced_costs]
14 first solution subsolvers: [fj_long_default, fj_long_lin_default, fj_long_random, fj_short_default, fj_short_lin_default, fj_short_lin_random, fj_short_random, fs_random(2), fs_random_no_lp(2), fs_random_quick_restart(2), fs_random_quick_restart_no_lp]
11 incomplete subsolvers: [feasibility_pump, graph_arc_lns, graph_cst_lns, graph_dec_lns, graph_var_lns, rins/rens, rnd_cst_lns, rnd_var_lns, violation_ls(3)]
3 helper subsolvers: [neighborhood_helper, synchronization_agent, update_gap_integral]
#Bound   1.50s best:inf   next:[210994,11370018] objective_shaving_search_no_lp (vars=2005 csts=2335)
#Bound   1.84s best:inf   next:[210995,11370018] objective_shaving_search_no_lp (vars=2381 csts=3389)
#Bound   1.85s best:inf   next:[210996,11370018] objective_shaving_search_no_lp (vars=2381 csts=3389)
#Bound   1.88s best:inf   next:[210997,11370018] objective_shaving_search_max_lp (vars=2381 csts=3389)
#Bound   1.94s best:inf   next:[210998,11370018] objective_shaving_search_max_lp (vars=2381 csts=3389)
#Bound   2.10s best:inf   next:[210999,11370018] objective_shaving_search_max_lp (vars=2381 csts=3389)
#Bound   2.11s best:inf   next:[211000,11370018] objective_shaving_search_max_lp (vars=2381 csts=3389)
#Bound   2.12s best:inf   next:[211001,11370018] objective_shaving_search_max_lp (vars=2381 csts=3389)
#Bound   2.12s best:inf   next:[211002,11370018] objective_shaving_search_max_lp (vars=2381 csts=3389)
#Bound   2.13s best:inf   next:[211003,11370018] objective_shaving_search_max_lp (vars=2381 csts=3389)
#Bound   2.31s best:inf   next:[211004,11370018] objective_shaving_search_max_lp (vars=2381 csts=3389)
#Bound   2.32s best:inf   next:[211005,11370018] objective_shaving_search_max_lp (vars=2381 csts=3389)
#Bound   2.34s best:inf   next:[211006,11370018] objective_shaving_search_max_lp (vars=2381 csts=3389)
#Bound   2.41s best:inf   next:[211007,11370018] objective_shaving_search_max_lp (vars=2381 csts=3389)
#Bound   2.41s best:inf   next:[211008,11370018] objective_shaving_search_no_lp (vars=2381 csts=3389)
#Bound   2.42s best:inf   next:[211009,11370018] objective_shaving_search_no_lp (vars=2381 csts=3389)
#Bound   2.43s best:inf   next:[211010,11370018] objective_shaving_search_no_lp (vars=2381 csts=3389)
#Bound   2.45s best:inf   next:[211011,11370018] objective_shaving_search_no_lp (vars=2381 csts=3389)
#Bound   2.46s best:inf   next:[211012,11370018] objective_shaving_search_no_lp (vars=2381 csts=3389)
#Bound   2.47s best:inf   next:[211013,11370018] objective_shaving_search_no_lp (vars=2381 csts=3389)
#Bound   2.49s best:inf   next:[211014,11370018] objective_shaving_search_no_lp (vars=2381 csts=3389)
#Bound   2.54s best:inf   next:[211015,11370018] objective_shaving_search_no_lp (vars=2381 csts=3389)
#Model   2.83s var:2380/2381 constraints:3387/3388
#Bound   2.71s best:inf   next:[211030,11370018] objective_shaving_search_no_lp (vars=2381 csts=3389) [skipped_logs=14]
#1       3.18s best:11370018 next:[211034,11370017] fj_long_random(batch:9 #lin_moves:76'222 #lin_evals:139'738 #weight_updates:5'783)
#2       3.19s best:11369981 next:[211035,11369980] violation_ls(batch:1 #solutions_imported:1 #lin_moves:13 #lin_evals:71 #weight_updates:9)
#3       3.20s best:11357166 next:[211035,11357165] violation_ls(batch:1 #solutions_imported:1 #lin_moves:0 #lin_evals:12'207 #gen_moves:804 #gen_evals:0 #comp_moves:78 #backtracks:363 #weight_updates:25)
#4       3.23s best:11357129 next:[211035,11357128] violation_ls(batch:2 #solutions_imported:2 #lin_moves:0 #lin_evals:8'949 #gen_moves:199 #gen_evals:0 #comp_moves:19 #backtracks:90 #weight_updates:4)
#5       3.23s best:11357092 next:[211035,11357091] violation_ls(batch:3 #solutions_imported:3 #lin_moves:21 #lin_evals:2'305 #gen_moves:66 #gen_evals:0 #comp_moves:8 #backtracks:29 #weight_updates:16)
#6       3.25s best:11357055 next:[211035,11357054] violation_ls(batch:3 #solutions_imported:3 #lin_moves:13 #lin_evals:9'019 #gen_moves:199 #gen_evals:0 #comp_moves:19 #backtracks:90 #weight_updates:13)
#7       3.29s best:11357018 next:[211035,11357017] violation_ls(batch:3 #solutions_imported:3 #lin_moves:8 #lin_evals:72'866 #gen_moves:4'908 #gen_evals:0 #comp_moves:472 #backtracks:2'216 #weight_updates:88)
#8       3.43s best:11356981 next:[211035,11356980] violation_ls(batch:4 #solutions_imported:4 #lin_moves:8 #lin_evals:80'414 #gen_moves:5'079 #gen_evals:0 #comp_moves:483 #backtracks:2'296 #weight_updates:91)
#9       3.44s best:11356944 next:[211035,11356943] violation_ls(batch:4 #solutions_imported:4 #lin_moves:21 #lin_evals:4'328 #gen_moves:126 #gen_evals:0 #comp_moves:16 #backtracks:55 #weight_updates:17)
#10      3.45s best:11356907 next:[211035,11356906] violation_ls(batch:4 #solutions_imported:4 #lin_moves:26 #lin_evals:9'091 #gen_moves:199 #gen_evals:0 #comp_moves:19 #backtracks:90 #weight_updates:23)
#11      3.56s best:11356870 next:[211035,11356869] violation_ls(batch:5 #solutions_imported:5 #lin_moves:8 #lin_evals:82'235 #gen_moves:5'135 #gen_evals:0 #comp_moves:491 #backtracks:2'320 #weight_updates:92)
#12      3.56s best:11356833 next:[211035,11356832] violation_ls(batch:5 #solutions_imported:5 #lin_moves:21 #lin_evals:7'153 #gen_moves:207 #gen_evals:0 #comp_moves:27 #backtracks:90 #weight_updates:19)
#13      3.56s best:11356796 next:[211035,11356795] violation_ls(batch:5 #solutions_imported:5 #lin_moves:35 #lin_evals:9'149 #gen_moves:199 #gen_evals:0 #comp_moves:19 #backtracks:90 #weight_updates:29)
#14      3.57s best:11346482 next:[211035,11346481] graph_dec_lns (d=0.50 s=196 t=0.10 p=0.00 stall=0 h=auto_l0)
#15      3.58s best:11346434 next:[211035,11346433] graph_cst_lns (d=0.50 s=213 t=0.10 p=0.00 stall=0 h=auto_l0)
#16      3.74s best:11346397 next:[211035,11346396] violation_ls(batch:6 #solutions_imported:6 #lin_moves:8 #lin_evals:85'600 #gen_moves:5'162 #gen_evals:0 #comp_moves:500 #backtracks:2'329 #weight_updates:93)
#17      3.75s best:11346360 next:[211035,11346359] violation_ls(batch:6 #solutions_imported:6 #lin_moves:28 #lin_evals:7'203 #gen_moves:207 #gen_evals:0 #comp_moves:27 #backtracks:90 #weight_updates:24)
#18      3.75s best:11346323 next:[211035,11346322] violation_ls(batch:6 #solutions_imported:6 #lin_moves:35 #lin_evals:15'773 #gen_moves:244 #gen_evals:0 #comp_moves:28 #backtracks:108 #weight_updates:31)
#19      3.77s best:11346245 next:[211035,11346244] graph_dec_lns (d=0.50 s=214 t=0.10 p=0.00 stall=0 h=auto_l0)
#Bound   3.18s best:11370018 next:[211035,11370017] objective_shaving_search_max_lp (vars=2381 csts=3389) [skipped_logs=4]
#Model   4.38s var:2379/2381 constraints:3386/3388
#Model   4.60s var:2378/2381 constraints:3385/3388
#Model   4.71s var:2377/2381 constraints:3384/3388
#Model   5.11s var:2376/2381 constraints:3383/3388
#Model   5.82s var:2375/2381 constraints:3382/3388
#Model   7.81s var:2374/2381 constraints:3381/3388
#Model  10.26s var:2373/2381 constraints:3380/3388
#Model  10.57s var:2372/2381 constraints:3380/3388
#Model  10.77s var:2371/2381 constraints:3380/3388
#Model  11.42s var:2370/2381 constraints:3379/3388
#Model  11.52s var:2369/2381 constraints:3378/3388
#Bound  11.59s best:11346245 next:[211083,11346244] probing_max_lp
#Bound  11.98s best:11346245 next:[211123,11346244] probing_max_lp
#Bound  12.40s best:11346245 next:[211271,11346244] probing_max_lp
#Bound  12.96s best:11346245 next:[211296,11346244] probing_max_lp
#Bound  13.39s best:11346245 next:[211307,11346244] probing_max_lp
#Bound  14.44s best:11346245 next:[211308,11346244] probing_max_lp
#Bound  15.00s best:11346245 next:[211346,11346244] probing_max_lp
#Bound  20.88s best:11346245 next:[211363,11346244] probing_max_lp
#Bound  23.79s best:11346245 next:[211386,11346244] probing_max_lp
#Model  25.69s var:2368/2381 constraints:3376/3388
#Bound  26.50s best:11346245 next:[211387,11346244] probing_max_lp
#Bound  27.07s best:11346245 next:[211391,11346244] probing_max_lp
#Bound  27.43s best:11346245 next:[211394,11346244] probing_max_lp
#Bound  27.82s best:11346245 next:[211405,11346244] probing_max_lp
#Bound  30.08s best:11346245 next:[211437,11346244] probing_max_lp
#Bound  31.25s best:11346245 next:[211441,11346244] probing_max_lp
#Model  32.47s var:2367/2381 constraints:3376/3388
#Bound  33.47s best:11346245 next:[211443,11346244] probing_max_lp
#Bound  34.04s best:11346245 next:[211444,11346244] probing_max_lp
#Bound  34.74s best:11346245 next:[211465,11346244] probing_max_lp
#Bound  35.16s best:11346245 next:[211472,11346244] probing_max_lp
#Bound  35.61s best:11346245 next:[211473,11346244] probing_max_lp
#Bound  36.16s best:11346245 next:[211474,11346244] probing_max_lp
#Model  40.15s var:2366/2381 constraints:3375/3388
#Bound  51.99s best:11346245 next:[211475,11346244] probing_max_lp
#Bound  52.74s best:11346245 next:[211480,11346244] probing_max_lp
#Bound  53.16s best:11346245 next:[211481,11346244] probing_max_lp
#Bound  53.78s best:11346245 next:[211493,11346244] probing_max_lp
#Bound  54.22s best:11346245 next:[211511,11346244] probing_max_lp
#Bound  55.25s best:11346245 next:[211513,11346244] probing_max_lp
#Bound  55.91s best:11346245 next:[211548,11346244] probing_max_lp
#Bound  57.97s best:11346245 next:[211555,11346244] probing_max_lp
#Bound  58.45s best:11346245 next:[211585,11346244] probing_max_lp
#Model  63.58s var:2365/2381 constraints:3375/3388
#Bound  81.59s best:11346245 next:[211702,11346244] probing_max_lp
#Bound 176.89s best:11346245 next:[213721,11346244] objective_lb_search_max_lp
#Bound 177.27s best:11346245 next:[216302,11346244] objective_lb_search_max_lp
#Bound 187.32s best:11346245 next:[216315,11346244] objective_lb_search_max_lp
#Bound 187.67s best:11346245 next:[216339,11346244] objective_lb_search_max_lp
#Bound 187.96s best:11346245 next:[216341,11346244] objective_lb_search_max_lp
#Bound 188.31s best:11346245 next:[216343,11346244] objective_lb_search_max_lp
#Bound 189.28s best:11346245 next:[216354,11346244] objective_lb_search_max_lp
#Bound 190.01s best:11346245 next:[216362,11346244] objective_lb_search_max_lp
#Bound 190.37s best:11346245 next:[216365,11346244] objective_lb_search_max_lp
#Bound 190.74s best:11346245 next:[216366,11346244] objective_lb_search_max_lp
#Bound 192.63s best:11346245 next:[216367,11346244] objective_lb_search_max_lp
#Bound 192.93s best:11346245 next:[216370,11346244] objective_lb_search_max_lp
#Bound 193.33s best:11346245 next:[216371,11346244] objective_lb_search_max_lp
#Bound 193.80s best:11346245 next:[216383,11346244] objective_lb_search_max_lp
#Bound 194.12s best:11346245 next:[216386,11346244] objective_lb_search_max_lp
#Bound 195.14s best:11346245 next:[216390,11346244] objective_lb_search_max_lp
#Bound 195.36s best:11346245 next:[216398,11346244] objective_lb_search_max_lp
#Bound 198.09s best:11346245 next:[216400,11346244] objective_lb_search_max_lp
#Bound 202.40s best:11346245 next:[216401,11346244] objective_lb_search_max_lp
#Bound 204.32s best:11346245 next:[216406,11346244] objective_lb_search_max_lp
#Bound 204.73s best:11346245 next:[216407,11346244] objective_lb_search_max_lp
#Bound 237.11s best:11346245 next:[216408,11346244] objective_lb_search_max_lp
#Bound 244.24s best:11346245 next:[216412,11346244] objective_lb_search_max_lp
#Bound 247.37s best:11346245 next:[216413,11346244] objective_lb_search_max_lp
#Bound 249.60s best:11346245 next:[216429,11346244] probing_max_lp
#20    251.00s best:11323313 next:[216429,11323312] quick_restart_no_lp (fixed_bools=210/3795)
#Bound 268.96s best:11323313 next:[216430,11323312] probing_max_lp
#Bound 274.62s best:11323313 next:[216440,11323312] probing_max_lp
#Bound 275.08s best:11323313 next:[216441,11323312] probing_max_lp
#Bound 277.04s best:11323313 next:[216472,11323312] probing_max_lp
#Bound 278.60s best:11323313 next:[216492,11323312] probing_max_lp
#Bound 285.92s best:11323313 next:[216521,11323312] probing_max_lp
#Bound 287.16s best:11323313 next:[229160,11323312] pseudo_costs
#21    328.46s best:11319218 next:[229160,11319217] quick_restart_no_lp (fixed_bools=222/4039)
#Bound 369.00s best:11319218 next:[229161,11319217] probing_max_lp
#Bound 369.44s best:11319218 next:[231243,11319217] probing_max_lp
#Bound 369.95s best:11319218 next:[231269,11319217] probing_max_lp
#Bound 372.11s best:11319218 next:[231280,11319217] probing_max_lp
#Bound 373.29s best:11319218 next:[231306,11319217] probing_max_lp
#Bound 374.70s best:11319218 next:[231314,11319217] probing_max_lp
#Bound 375.27s best:11319218 next:[231343,11319217] probing_max_lp
#Bound 383.32s best:11319218 next:[231370,11319217] probing_max_lp
#Bound 383.97s best:11319218 next:[231380,11319217] probing_max_lp
#Bound 384.28s best:11319218 next:[231381,11319217] probing_max_lp
#Bound 384.83s best:11319218 next:[231397,11319217] probing_max_lp
#Bound 385.59s best:11319218 next:[231683,11319217] probing_max_lp
#Bound 386.28s best:11319218 next:[231713,11319217] probing_max_lp
#Bound 438.45s best:11319218 next:[231715,11319217] probing_max_lp
#Bound 439.02s best:11319218 next:[231750,11319217] probing_max_lp
#Bound 441.95s best:11319218 next:[231836,11319217] probing_max_lp
#Bound 442.35s best:11319218 next:[231861,11319217] probing_max_lp
#Bound 442.76s best:11319218 next:[231869,11319217] probing_max_lp
#Bound 443.17s best:11319218 next:[231870,11319217] probing_max_lp
#Bound 443.58s best:11319218 next:[231898,11319217] probing_max_lp
#Bound 462.06s best:11319218 next:[231923,11319217] probing_max_lp
#Bound 462.65s best:11319218 next:[231935,11319217] probing_max_lp
#Bound 464.61s best:11319218 next:[231949,11319217] probing_max_lp
#Bound 465.03s best:11319218 next:[232025,11319217] probing_max_lp
#Bound 465.44s best:11319218 next:[232287,11319217] probing_max_lp
#Bound 465.80s best:11319218 next:[232305,11319217] probing_max_lp
#Bound 466.15s best:11319218 next:[232326,11319217] probing_max_lp
#Bound 466.64s best:11319218 next:[232342,11319217] probing_max_lp
#Bound 505.42s best:11319218 next:[232348,11319217] probing_max_lp
#Bound 505.62s best:11319218 next:[232379,11319217] probing_max_lp
#Bound 507.47s best:11319218 next:[232385,11319217] probing_max_lp
#Bound 507.68s best:11319218 next:[232416,11319217] probing_max_lp
#Bound 508.21s best:11319218 next:[232424,11319217] probing_max_lp
#Bound 508.45s best:11319218 next:[232453,11319217] probing_max_lp
#Bound 512.79s best:11319218 next:[232482,11319217] probing_max_lp
#Bound 513.02s best:11319218 next:[232483,11319217] probing_max_lp
#Bound 513.89s best:11319218 next:[232490,11319217] probing_max_lp
#Bound 514.25s best:11319218 next:[232507,11319217] probing_max_lp
#Bound 514.46s best:11319218 next:[232508,11319217] probing_max_lp
#Bound 514.80s best:11319218 next:[232527,11319217] probing_max_lp
#Bound 515.09s best:11319218 next:[232538,11319217] probing_max_lp
#Bound 515.84s best:11319218 next:[232550,11319217] probing_max_lp
#Bound 516.12s best:11319218 next:[232564,11319217] probing_max_lp
#Bound 552.36s best:11319218 next:[232625,11319217] probing_max_lp
#Bound 552.68s best:11319218 next:[232804,11319217] probing_max_lp
#Bound 553.11s best:11319218 next:[232805,11319217] probing_max_lp
#Bound 553.52s best:11319218 next:[232823,11319217] probing_max_lp
#Bound 581.35s best:11319218 next:[232835,11319217] probing_max_lp
#Bound 581.58s best:11319218 next:[232842,11319217] probing_max_lp
#Bound 581.80s best:11319218 next:[232860,11319217] probing_max_lp
#Bound 582.03s best:11319218 next:[232888,11319217] probing_max_lp
#Bound 582.29s best:11319218 next:[232897,11319217] probing_max_lp
#Bound 604.35s best:11319218 next:[232912,11319217] probing_max_lp
#Bound 605.24s best:11319218 next:[232948,11319217] probing_max_lp
#Bound 605.56s best:11319218 next:[232971,11319217] probing_max_lp
#22    627.68s best:11298239 next:[232971,11298238] quick_restart_no_lp (fixed_bools=258/4982)
#23    637.04s best:11294900 next:[232971,11294899] quick_restart_no_lp (fixed_bools=258/5011)
#24    720.42s best:11284316 next:[232971,11284315] quick_restart_no_lp (fixed_bools=268/5207)
#25    932.47s best:11270708 next:[232971,11270707] quick_restart_no_lp (fixed_bools=284/5817)
#26    1023.42s best:11257982 next:[232971,11257981] quick_restart_no_lp (fixed_bools=294/6055)
#Bound 1026.90s best:11257982 next:[232995,11257981] probing_max_lp
#Bound 1027.33s best:11257982 next:[233008,11257981] probing_max_lp
#Bound 1028.16s best:11257982 next:[233021,11257981] probing_max_lp
#Bound 1029.47s best:11257982 next:[233045,11257981] probing_max_lp
#Bound 1052.57s best:11257982 next:[233060,11257981] probing_max_lp
#Bound 1053.30s best:11257982 next:[233082,11257981] probing_max_lp
#Bound 1081.30s best:11257982 next:[233083,11257981] probing_max_lp
#Bound 1081.72s best:11257982 next:[233101,11257981] probing_max_lp
#Bound 1081.77s best:11257982 next:[233119,11257981] probing_max_lp
#27    1258.53s best:11248973 next:[233119,11248972] quick_restart_no_lp (fixed_bools=313/6637)
#28    1293.45s best:11233664 next:[233119,11233663] quick_restart_no_lp (fixed_bools=314/6836)
#29    1900.77s best:11223521 next:[233119,11223520] quick_restart_no_lp (fixed_bools=368/8699)
#30    1952.03s best:11218607 next:[233119,11218606] quick_restart_no_lp (fixed_bools=370/8973)
#31    2360.04s best:11205062 next:[233119,11205061] quick_restart_no_lp (fixed_bools=390/9937)
#Model 2922.90s var:2364/2381 constraints:3374/3388
#32    3069.77s best:11201975 next:[233119,11201974] quick_restart_no_lp (fixed_bools=405/11612)
#33    3415.91s best:11197880 next:[233119,11197879] quick_restart_no_lp (fixed_bools=413/12379)
#34    4251.83s best:11187674 next:[233119,11187673] quick_restart_no_lp (fixed_bools=427/14110)
#35    5422.87s best:11179610 next:[233119,11179609] quick_restart_no_lp (fixed_bools=454/15660)
#Bound 10667.75s best:11179610 next:[233124,11179609] probing_max_lp
#Bound 10668.70s best:11179610 next:[233156,11179609] probing_max_lp
#36    22247.94s best:11176145 next:[233156,11176144] quick_restart_no_lp (fixed_bools=667/31152)
#Bound 26997.72s best:11176145 next:[233163,11176144] objective_lb_search_max_lp
#Bound 26998.58s best:11176145 next:[233193,11176144] objective_lb_search_max_lp
#Bound 27062.92s best:11176145 next:[233238,11176144] objective_lb_search_max_lp
#Bound 27063.16s best:11176145 next:[233267,11176144] objective_lb_search_max_lp
#Bound 27090.44s best:11176145 next:[233278,11176144] objective_lb_search_max_lp
#Bound 27090.94s best:11176145 next:[233304,11176144] objective_lb_search_max_lp
#Bound 27106.69s best:11176145 next:[233307,11176144] objective_lb_search_max_lp
#Bound 27107.23s best:11176145 next:[233367,11176144] objective_lb_search_max_lp
#Bound 27107.59s best:11176145 next:[233378,11176144] objective_lb_search_max_lp
#Bound 27107.96s best:11176145 next:[233379,11176144] objective_lb_search_max_lp
#Bound 27108.31s best:11176145 next:[233415,11176144] objective_lb_search_max_lp
#Bound 27119.02s best:11176145 next:[233442,11176144] objective_lb_search_max_lp
#Bound 27119.40s best:11176145 next:[233457,11176144] objective_lb_search_max_lp
#Bound 27119.81s best:11176145 next:[233489,11176144] objective_lb_search_max_lp
#Bound 27139.64s best:11176145 next:[233492,11176144] objective_lb_search_max_lp
#Bound 27140.12s best:11176145 next:[233526,11176144] objective_lb_search_max_lp
#Bound 27140.48s best:11176145 next:[233556,11176144] objective_lb_search_max_lp
#Bound 27141.16s best:11176145 next:[233600,11176144] objective_lb_search_max_lp

Task timing                                  n [     min,      max]      avg      dev     time         n [     min,      max]      avg      dev    dtime
                             'core':         1 [   8.00h,    8.00h]    8.00h   0.00ns    8.00h         1 [  10.35h,   10.35h]   10.35h   0.00ns   10.35h
                       'default_lp':         1 [   8.00h,    8.00h]    8.00h   0.00ns    8.00h         1 [  23.32m,   23.32m]   23.32m   0.00ns   23.32m
                 'feasibility_pump':         6 [576.51ms,    5.96s]    2.95s    1.66s   17.69s         5 [546.66ms,    1.14s] 802.29ms 206.70ms    4.01s
                  'fj_long_default':         8 [116.61ms, 779.87ms] 210.30ms 215.37ms    1.68s         8 [ 38.20ms,  44.76ms]  42.24ms   1.91ms 337.89ms
              'fj_long_lin_default':        20 [ 56.32ms, 115.86ms]  77.71ms  15.12ms    1.55s        20 [ 13.99ms,  29.13ms]  22.03ms   3.39ms 440.62ms
                   'fj_long_random':         9 [ 22.00ms, 620.59ms] 172.20ms 162.13ms    1.55s         9 [  6.88ms,  43.60ms]  38.32ms  11.28ms 344.88ms
                 'fj_short_default':        23 [ 44.03ms, 141.44ms]  68.78ms  20.87ms    1.58s        23 [ 12.51ms,  24.18ms]  20.08ms   2.70ms 461.94ms
             'fj_short_lin_default':        14 [ 53.17ms, 454.29ms] 114.11ms 102.26ms    1.60s        14 [ 14.71ms,  58.99ms]  28.07ms  14.44ms 392.94ms
              'fj_short_lin_random':        15 [ 58.48ms, 478.79ms] 105.50ms 103.18ms    1.58s        15 [ 15.17ms,  27.04ms]  21.21ms   2.86ms 318.22ms
                  'fj_short_random':        20 [ 42.00ms, 308.73ms]  75.34ms  54.51ms    1.51s        20 [ 14.60ms,  24.58ms]  20.16ms   2.97ms 403.21ms
                        'fs_random':         1 [   2.17s,    2.17s]    2.17s   0.00ns    2.17s         1 [ 43.95ms,  43.95ms]  43.95ms   0.00ns  43.95ms
                        'fs_random':         1 [   2.18s,    2.18s]    2.18s   0.00ns    2.18s         1 [ 33.20ms,  33.20ms]  33.20ms   0.00ns  33.20ms
                  'fs_random_no_lp':         1 [   2.18s,    2.18s]    2.18s   0.00ns    2.18s         1 [212.50ms, 212.50ms] 212.50ms   0.00ns 212.50ms
                  'fs_random_no_lp':         1 [   2.18s,    2.18s]    2.18s   0.00ns    2.18s         1 [235.78ms, 235.78ms] 235.78ms   0.00ns 235.78ms
          'fs_random_quick_restart':         1 [   2.17s,    2.17s]    2.17s   0.00ns    2.17s         1 [ 14.70ms,  14.70ms]  14.70ms   0.00ns  14.70ms
          'fs_random_quick_restart':         1 [   2.17s,    2.17s]    2.17s   0.00ns    2.17s         1 [ 28.10ms,  28.10ms]  28.10ms   0.00ns  28.10ms
    'fs_random_quick_restart_no_lp':         1 [   2.19s,    2.19s]    2.19s   0.00ns    2.19s         1 [ 98.18ms,  98.18ms]  98.18ms   0.00ns  98.18ms
                    'graph_arc_lns':         6 [182.17ms,    8.00h]    1.33h    2.98h    8.00h         6 [  3.74us, 100.57ms]  83.49ms  37.34ms 500.95ms
                    'graph_cst_lns':         6 [225.15ms,    8.00h]    4.00h    4.00h   24.00h         4 [ 60.00ns, 104.79ms]  76.29ms  44.09ms 305.17ms
                    'graph_dec_lns':         5 [342.47ms,    8.00h]    1.60h    3.20h    8.00h         5 [ 10.00ns, 100.69ms]  80.29ms  40.14ms 401.44ms
                    'graph_var_lns':         6 [204.08ms,    8.00h]    4.00h    4.00h   24.00h         4 [ 30.00ns, 100.25ms]  75.13ms  43.37ms 300.51ms
                   'lb_tree_search':         1 [   8.00h,    8.00h]    8.00h   0.00ns    8.00h         1 [  27.88m,   27.88m]   27.88m   0.00ns   27.88m
                           'max_lp':         1 [   8.00h,    8.00h]    8.00h   0.00ns    8.00h         1 [  25.65m,   25.65m]   25.65m   0.00ns   25.65m
                            'no_lp':         1 [   8.00h,    8.00h]    8.00h   0.00ns    8.00h         1 [   8.56h,    8.56h]    8.56h   0.00ns    8.56h
              'objective_lb_search':         1 [   8.00h,    8.00h]    8.00h   0.00ns    8.00h         1 [  19.29m,   19.29m]   19.29m   0.00ns   19.29m
       'objective_lb_search_max_lp':         1 [   8.00h,    8.00h]    8.00h   0.00ns    8.00h         1 [  25.05m,   25.05m]   25.05m   0.00ns   25.05m
        'objective_lb_search_no_lp':         1 [   8.00h,    8.00h]    8.00h   0.00ns    8.00h         1 [   9.22h,    9.22h]    9.22h   0.00ns    9.22h
  'objective_shaving_search_max_lp':        22 [  6.01ms, 580.19ms]  89.00ms 138.75ms    1.96s         1 [ 32.59ms,  32.59ms]  32.59ms   0.00ns  32.59ms
   'objective_shaving_search_no_lp':        34 [  7.80ms, 497.30ms]  59.09ms 110.80ms    2.01s         2 [ 44.41ms,  45.15ms]  44.78ms 370.30us  89.56ms
                          'probing':         1 [   8.00h,    8.00h]    8.00h   0.00ns    8.00h         1 [  23.12m,   23.12m]   23.12m   0.00ns   23.12m
                   'probing_max_lp':         1 [   8.00h,    8.00h]    8.00h   0.00ns    8.00h         1 [  21.26m,   21.26m]   21.26m   0.00ns   21.26m
                     'pseudo_costs':         1 [   8.00h,    8.00h]    8.00h   0.00ns    8.00h         1 [  21.35m,   21.35m]   21.35m   0.00ns   21.35m
                    'quick_restart':         1 [   8.00h,    8.00h]    8.00h   0.00ns    8.00h         1 [  20.89m,   20.89m]   20.89m   0.00ns   20.89m
              'quick_restart_no_lp':         1 [   8.00h,    8.00h]    8.00h   0.00ns    8.00h         1 [   5.90h,    5.90h]    5.90h   0.00ns    5.90h
                    'reduced_costs':         1 [   8.00h,    8.00h]    8.00h   0.00ns    8.00h         1 [  22.23m,   22.23m]   22.23m   0.00ns   22.23m
                        'rins/rens':         4 [338.88ms,    7.99h]    2.00h    3.46h    7.99h         4 [ 10.00ns, 101.50ms]  75.54ms  43.61ms 302.15ms
                      'rnd_cst_lns':         6 [235.24ms,    8.00h]    4.00h    4.00h   24.00h         3 [ 30.00ns, 200.22ms] 100.14ms  81.74ms 300.41ms
                      'rnd_var_lns':         6 [   8.00h,    8.00h]    8.00h 204.37ms   47.99h         1 [ 99.00ns,  99.00ns]  99.00ns   0.00ns  99.00ns
                     'violation_ls':         6 [380.22us,  13.37ms]   5.18ms   4.73ms  31.05ms         6 [ 13.35us, 674.47us] 271.31us 266.46us   1.63ms
                     'violation_ls':         6 [453.18us,  18.16ms]   5.02ms   6.05ms  30.11ms         6 [ 15.07us,   1.50ms] 458.45us 563.56us   2.75ms
                     'violation_ls':         6 [631.57us,  78.84ms]  19.36ms  28.17ms 116.16ms         6 [ 14.45us,  23.35ms]   4.90ms   8.34ms  29.37ms

Search stats                         Bools   Conflicts       Branches     Restarts      BoolPropag   IntegerPropag
                           'core':   3'526  53'753'168    698'205'869   98'850'416  17'428'128'274  21'264'305'403
                     'default_lp':   2'770           6         19'368       16'512       1'058'500       1'950'002
                      'fs_random':   2'000           0          4'000        4'000          85'644         243'407
                      'fs_random':   2'000           0          4'000        4'000          85'644         243'407
                'fs_random_no_lp':   2'770          10         19'329       16'531       1'014'922       1'931'306
                'fs_random_no_lp':   2'770          45         21'414       17'566       1'078'983       2'110'228
        'fs_random_quick_restart':   2'000           0          4'000        4'000          85'644         243'407
        'fs_random_quick_restart':   2'000           0          4'000        4'000          85'644         243'407
  'fs_random_quick_restart_no_lp':   2'770           9         12'319       11'727         530'168       1'025'376
                 'lb_tree_search':   2'770           4         41'784       27'784       2'219'788       4'044'249
                         'max_lp':   2'770           4         44'938       29'377       2'375'881       4'344'151
                          'no_lp':   3'476  34'790'256    757'236'644  104'097'977  15'780'113'208  22'196'352'309
            'objective_lb_search':   2'770           6         15'029       14'229         827'688       1'525'685
     'objective_lb_search_max_lp':   2'770           4         51'122       32'504       2'705'169       4'923'120
      'objective_lb_search_no_lp':   3'390  48'349'625    732'791'877  104'933'458  16'655'510'487  21'661'146'262
                        'probing':   2'770           6         16'010       14'616         896'960       1'600'014
                 'probing_max_lp':   2'770           4         40'665       27'563       2'217'781       3'996'393
                   'pseudo_costs':   2'770           6         40'380       27'079       2'146'079       3'921'175
                  'quick_restart':   2'770           6         15'147       14'347         837'182       1'545'296
            'quick_restart_no_lp':  35'556  26'200'661  1'992'853'389   89'157'536  32'014'182'943  23'316'440'522
                  'reduced_costs':   2'770           4         41'756       27'779       2'225'325       4'067'729

SAT stats                           ClassicMinim   LitRemoved      LitLearned    LitForgotten   Subsumed   MClauses  MDecisions  MLitTrue  MSubsumed  MLitRemoved  MReused
                           'core':    52'793'158  526'395'974  20'332'481'311  20'192'321'067    338'735    916'228   4'891'712         0      4'254       24'929  269'325
                     'default_lp':             0            0               6               0          0          0           0         0          0            0        0
                      'fs_random':             0            0               0               0          0          0           0         0          0            0        0
                      'fs_random':             0            0               0               0          0          0           0         0          0            0        0
                'fs_random_no_lp':             0            0              10               0          0          0           0         0          0            0        0
                'fs_random_no_lp':             0            0              47               0          0          0           0         0          0            0        0
        'fs_random_quick_restart':             0            0               0               0          0          0           0         0          0            0        0
        'fs_random_quick_restart':             0            0               0               0          0          0           0         0          0            0        0
  'fs_random_quick_restart_no_lp':             0            0               9               0          0          0           0         0          0            0        0
                 'lb_tree_search':             0            0               4               0          0          0           0         0          0            0        0
                         'max_lp':             0            0               4               0          0          0           0         0          0            0        0
                          'no_lp':    34'100'101  338'647'334  13'504'744'539  13'405'277'392    236'444  1'374'996   7'352'818         0      3'377       20'067  387'326
            'objective_lb_search':             0            0               6               0          0          0           0         0          0            0        0
     'objective_lb_search_max_lp':             0            0               4               0          0          0           0         0          0            0        0
      'objective_lb_search_no_lp':    47'487'524  473'307'083  18'264'983'807  18'135'541'655    311'327    824'747   4'387'338         0      3'547       21'397  210'369
                        'probing':             0            0               6               0          0          0           0         0          0            0        0
                 'probing_max_lp':             0            0               4               0          0          0           0         0          0            0        0
                   'pseudo_costs':             0            0               6               0          0          0           0         0          0            0        0
                  'quick_restart':             0            0               6               0          0          0           0         0          0            0        0
            'quick_restart_no_lp':    22'751'478  171'211'103  11'300'288'866  10'520'184'050  1'720'263  1'524'116  11'946'717         2      3'628       26'545  263'682
                  'reduced_costs':             0            0               4               0          0          0           0         0          0            0        0

Lp stats                         Component  Iterations  AddedCuts  OPTIMAL  DUAL_F.  DUAL_U.
                  'default_lp':          1   2'816'134    946'768   77'800       98        2
                   'fs_random':          1       2'136      4'769       43        0        0
                   'fs_random':          1       2'395      4'901       43        1        0
     'fs_random_quick_restart':          1       1'363      2'113       29        1        0
     'fs_random_quick_restart':          1       1'845      3'417       37        0        0
              'lb_tree_search':          1   3'769'288    870'157   92'483   24'410        0
                      'max_lp':          1   3'735'026  1'118'874   98'933   26'276        0
         'objective_lb_search':          1   2'125'889    644'346   63'265      105        2
  'objective_lb_search_max_lp':          1   3'954'291  1'141'083  109'226   30'010        0
                     'probing':          1   2'497'186    823'342   67'357      122        2
              'probing_max_lp':          1   3'352'645    767'179   91'426   23'553        0
                'pseudo_costs':          1   3'104'409    823'971   90'247   23'502        2
               'quick_restart':          1   2'259'234    713'754   64'569      127        2
               'reduced_costs':          1   3'111'003    936'924   93'670   24'255        0

Lp dimension                                                                        Final dimension of first component
                  'default_lp':  5016 rows, 2380 columns, 44828 entries with magnitude in [7.659136e-06, 1.000000e+00]
                   'fs_random':   1053 rows, 2380 columns, 8105 entries with magnitude in [3.973721e-04, 1.000000e+00]
                   'fs_random':   1103 rows, 2380 columns, 8163 entries with magnitude in [2.474506e-04, 1.000000e+00]
     'fs_random_quick_restart':    753 rows, 2380 columns, 6792 entries with magnitude in [5.812695e-04, 1.000000e+00]
     'fs_random_quick_restart':    903 rows, 2380 columns, 6978 entries with magnitude in [1.825742e-03, 1.000000e+00]
              'lb_tree_search':  2397 rows, 2381 columns, 19217 entries with magnitude in [1.856688e-05, 1.000000e+00]
                      'max_lp':  3359 rows, 2381 columns, 25109 entries with magnitude in [4.416690e-05, 1.000000e+00]
         'objective_lb_search':  2950 rows, 2380 columns, 19395 entries with magnitude in [1.904980e-05, 1.000000e+00]
  'objective_lb_search_max_lp':  2619 rows, 2381 columns, 28269 entries with magnitude in [1.422811e-05, 1.000000e+00]
                     'probing':  3142 rows, 2380 columns, 21178 entries with magnitude in [1.808418e-06, 1.000000e+00]
              'probing_max_lp':  2179 rows, 2381 columns, 21255 entries with magnitude in [1.147544e-05, 1.000000e+00]
                'pseudo_costs':  2457 rows, 2381 columns, 27508 entries with magnitude in [1.083265e-05, 1.000000e+00]
               'quick_restart':  4321 rows, 2380 columns, 31996 entries with magnitude in [6.728061e-06, 1.000000e+00]
               'reduced_costs':  2875 rows, 2381 columns, 21832 entries with magnitude in [3.644507e-05, 1.000000e+00]

Lp debug                         CutPropag  CutEqPropag  Adjust  Overflow          Bad  BadScaling
                  'default_lp':          0          453      53         0   89'950'965           0
                   'fs_random':          0            0       0         0        7'422           0
                   'fs_random':          0            0       0         0        7'655           0
     'fs_random_quick_restart':          0            0       0         0        2'659           0
     'fs_random_quick_restart':          0            0       0         0        5'104           0
              'lb_tree_search':          0          360   9'851         0  146'007'490           0
                      'max_lp':          0          696   4'172         0  158'266'002           0
         'objective_lb_search':          0          356   7'522         0   76'514'458           0
  'objective_lb_search_max_lp':          0          436   2'750         1  169'593'412           0
                     'probing':          0          385   3'544         0   83'961'023           0
              'probing_max_lp':          0          336   1'260         0  148'550'534           0
                'pseudo_costs':          0          652   9'797         0  146'893'491           0
               'quick_restart':          0          177     396         0   80'967'830           0
               'reduced_costs':          0          564     389         0  150'353'242           0

Lp pool                          Constraints  Updates  Simplif  Merged  Shortened   Split  Strenghtened            Cuts/Call
                  'default_lp':       12'291   21'577      949      16        318   4'741        21'708    946'768/2'021'660
                   'fs_random':        7'308       65        0       0          0       0           442          4'769/6'838
                   'fs_random':        7'440       65        0       0          0       0           475          4'901/7'024
     'fs_random_quick_restart':        4'652       52        0       0          0       0           142          2'113/2'862
     'fs_random_quick_restart':        5'956       60        0       0          0       0           305          3'417/4'837
              'lb_tree_search':       12'524   16'885   11'193      10      4'393  11'350       129'174    870'157/2'016'278
                      'max_lp':       13'235   19'212   10'074      16        598  12'579       173'459  1'118'874/2'948'669
         'objective_lb_search':       11'859   13'080    1'312      26        629   4'303        15'963    644'346/1'397'629
  'objective_lb_search_max_lp':       12'427   18'250    9'424      33      3'247  13'806       171'760  1'141'083/2'903'242
                     'probing':       11'874   18'018    1'005       7        396   4'545        20'019    823'342/1'897'048
              'probing_max_lp':       12'550   13'031   22'069       6        460  13'668       129'140    767'179/2'061'240
                'pseudo_costs':       13'330   15'184   10'730      18        853  10'007       116'641    823'971/2'241'699
               'quick_restart':       12'269   14'064    1'140      24        610   3'946        17'325    713'754/1'743'696
               'reduced_costs':       13'279   21'659    9'239      22        611  18'263       146'606    936'924/2'668'471

Lp Cut            fs_ran  fs_ran  fs_ran  fs_ran   defaul   max_lp   quick_   reduce   pseudo   lb_tre   probin   object   probin   object
          CG_FF:     786     569     357     862   22'888   21'812   18'256   18'293   16'944   16'313   20'093   17'171   17'103   28'440
           CG_K:      43      20      21      51      646    7'203      558    3'483    2'988    4'720      799      599    5'579    6'062
          CG_KL:       -       -       -       -        -        -        -        -        -        1        -        -        -        -
           CG_R:      29      13       9      33    6'748   15'909    5'515   11'461   10'872   10'742    5'602    4'566   11'237   15'900
          CG_RB:   1'890   1'085     603   1'651  105'004  142'785   78'044   91'335   90'345   72'659   91'777   70'904   73'354  144'704
         CG_RBP:       3       3       -       8      211   22'479      164    5'054    6'337    8'308      229      150    9'938   10'169
         Clique:       -       -       -       -        -   19'763        -   19'172   16'520   17'267        -        -   17'928   22'866
             IB:     957     832     656     964  279'221  131'415  213'273  132'815  116'365  108'983  231'425  191'652  110'472  147'498
       MIR_1_FF:     217     174      81     235  199'467  117'851  153'329  108'716   91'619  106'494  193'879  129'992   87'246  129'108
        MIR_1_K:      30      24      11      36    4'121    3'240    3'339    2'722    2'303    2'479    3'846    3'420    2'385    3'058
        MIR_1_R:       2       1       1       3    1'843    4'093    1'397    3'241    3'214    3'039    1'536    1'339    2'480    4'150
       MIR_1_RB:     620     429     254     593  156'248  290'693  114'873  255'194  212'863  196'900  133'117  111'100  186'653  272'627
      MIR_1_RBP:       -       -       -       -      287   10'148      223    5'741    7'117    6'332      230      269    3'124   18'818
      MIR_1_RLT:       -       -       -       -        -       76        -       71       53       81        -        -       57       69
       MIR_2_FF:      24      22       6      24   21'561   16'655   14'707   15'133   15'588   13'885   17'766   12'889   13'795   18'231
        MIR_2_K:       7       4       3       6    1'048    1'141      752      985      826    1'054      860      789      815    1'158
        MIR_2_R:       6       2       2       5    1'016    2'202      900    3'342    1'897    2'188      896      771    1'740    2'501
       MIR_2_RB:      59      44      21      50   30'753   73'024   23'355   58'870   44'275   84'158   28'326   21'848   41'806   62'446
      MIR_2_RBP:       -       -       -       -      146    3'509      140    1'435    1'728   14'919      152      164    2'066    4'099
       MIR_3_FF:      10      14      11      15    5'594    8'579    4'387    8'323    7'810    7'817    4'935    3'688    7'549    9'841
        MIR_3_K:       -       -       -       1      508    1'495      439    1'136    1'063    1'263      528      506    1'074    1'439
        MIR_3_R:       3       1       3       4    1'729    4'328    1'368    3'665    3'232    3'866    1'519    1'121    3'425    4'986
       MIR_3_RB:      44      32      21      41   18'973   41'348   14'624   35'597   31'567   36'798   16'455   13'731   31'396   43'782
      MIR_3_RBP:       -       -       -       -      109    1'786       89      746      986    2'420       64       73    1'100    1'678
       MIR_4_FF:       8       4       1       4    3'052    6'554    2'097    6'371    5'654    5'532    2'392    1'972    5'656    7'818
        MIR_4_K:       -       -       -       -      307    1'143      204      970      871      973      228      147      842    1'056
        MIR_4_R:       2       -       -       2      541    2'035      474    1'722    1'401    1'814      468      320    1'577    2'233
       MIR_4_RB:      31      29       5      36   12'062   31'641    8'869   28'062   25'611   27'913   10'312    8'480   25'359   34'629
      MIR_4_RBP:       -       -       -       -       55    1'116       32      541      823    1'346       39       41      769    1'311
       MIR_5_FF:       6       2       4       3    1'687    4'684    1'132    4'522    4'105    4'326    1'498    1'230    4'282    5'729
        MIR_5_K:       -       -       -       -      334    1'029      212      813      779      958      243      263      787    1'034
        MIR_5_R:       -       3       1       5      288    1'568      246    1'380    1'204    1'441      244      206    1'355    1'711
       MIR_5_RB:      15      20       3      23    9'164   26'815    6'862   23'646   21'526   22'961    7'852    6'592   21'860   29'506
      MIR_5_RBP:       -       -       -       -       49    1'189       47      627      794    1'028       26       39      746    1'320
       MIR_6_FF:       4       3       -       2    1'106    3'982      625    3'708    3'218    3'682      860      749    3'377    4'562
        MIR_6_K:       -       -       -       -      219      885      107      737      648      809      126      119      605    1'057
       MIR_6_KL:       -       -       -       -        -        -        -        -        1        -        -        -        -        -
        MIR_6_R:       3       2       -       1      260    1'888      182    1'564    1'322    1'619      212      160    1'529    2'084
       MIR_6_RB:      14       9       2      13    6'134   20'518    4'696   17'575   15'581   16'965    5'250    4'492   15'933   21'453
      MIR_6_RBP:       -       -       -       -       29      826       15      393      456      709       26       17      568      837
   ZERO_HALF_FF:      34      38      15      44   10'442    6'455    6'429    5'998    5'057    5'388    6'374    5'370    5'249    7'070
    ZERO_HALF_K:       -       1       1       1      173      381      136      222      230      256       74       68      306      291
   ZERO_HALF_KL:       -       -       -       -        -        1        -        1        -        -        -        -        -        -
    ZERO_HALF_R:       1       -       -       -   16'805   43'916   12'619   36'089   33'483   35'354   13'820   10'897   32'761   43'426
   ZERO_HALF_RB:      53      37      21      53   24'627   19'599   18'070   14'389   13'495   13'386   18'241   15'303   10'577   18'715
  ZERO_HALF_RBP:       -       -       -       -    1'313    1'115      968    1'064    1'200    1'011    1'023    1'139      719    1'611

LNS stats           Improv/Calls  Closed  Difficulty  TimeLimit
  'graph_arc_lns':           3/6     33%        0.22       0.10
  'graph_cst_lns':           4/6      0%        0.04       0.10
  'graph_dec_lns':           3/5      0%        0.06       0.10
  'graph_var_lns':           6/6      0%        0.04       0.10
      'rins/rens':           4/4      0%        0.09       0.10
    'rnd_cst_lns':           3/6      0%        0.04       0.10
    'rnd_var_lns':           6/6      0%        0.04       0.10

LS stats                   Batches  Restarts  LinMoves  GenMoves  CompoundMoves  WeightUpdates
       'fj_long_default':        8         1    74'202         0              0          5'798
   'fj_long_lin_default':       20         1         0    71'409          2'499            296
        'fj_long_random':        9         1    76'222         0              0          5'783
      'fj_short_default':       23         1         0    76'166         10'116            199
  'fj_short_lin_default':       14         1         0   141'709          3'651            113
   'fj_short_lin_random':       15         1         0    51'527          6'397            159
       'fj_short_random':       20         1         0    67'450          7'931            173
          'violation_ls':        6         0        28       207             27             24
          'violation_ls':        6         0        35       244             28             31
          'violation_ls':        6         0         8     5'162            500             93

Solutions (36)            Num     Rank
       'fj_long_random':    1    [1,1]
        'graph_cst_lns':    1  [15,15]
        'graph_dec_lns':    2  [14,19]
  'quick_restart_no_lp':   17  [20,36]
         'violation_ls':   15   [2,18]

Objective bounds                      Num
                   'initial_domain':    1
       'objective_lb_search_max_lp':   42
  'objective_shaving_search_max_lp':   12
   'objective_shaving_search_no_lp':   30
                   'probing_max_lp':  104
                     'pseudo_costs':    1

Solution repositories    Added  Queried  Ignored  Synchro
  'feasible solutions':     48       99        0       46
        'lp solutions':      0        0        0        0
                'pump':     11        4

Improving bounds shared             Num
                           'core':  495
                'fs_random_no_lp':   60
  'fs_random_quick_restart_no_lp':    8
                          'no_lp':  343
      'objective_lb_search_no_lp':  300
            'quick_restart_no_lp':  391

Clauses shared                    Num
                       'core':  1'399
            'fs_random_no_lp':      2
                      'no_lp':  1'080
  'objective_lb_search_no_lp':  1'335
        'quick_restart_no_lp':  1'350

CpSolverResponse summary:
status: FEASIBLE
objective: 11176145
best_bound: 233600
integers: 2382
booleans: 2000
conflicts: 0
branches: 4000
propagations: 85644
integer_propagations: 243407
restarts: 4000
lp_iterations: 2395
walltime: 28800.3
usertime: 28800.3
deterministic_time: 136303
gap_integral: 2.20922e+06
solution_fingerprint: 0x9089aeb3bcc9af08

CPU USED: 32
Loading /home/aneumann/projects/def-adhaj/aneumann/gns/data/instances/test/xl/instance_167.pkl...
===* START SOLVING *===
   index      value       gap  ... max_time  cpu  max_memory
0    167  111761.45  0.979098  ...        8   32         118

[1 rows x 8 columns]
===* END OF FILE *===
