created virtual environment CPython3.12.4.final.0-64 in 1114ms
  creator CPython3Posix(dest=/local/aneumann.27429336.0/env, clear=False, no_vcs_ignore=False, global=False)
  seeder FromAppData(download=False, pip=bundle, via=copy, app_data_dir=/home/aneumann/.local/share/virtualenv)
    added seed packages: pip==24.0
  activators BashActivator,CShellActivator,FishActivator,NushellActivator,PowerShellActivator,PythonActivator
Looking in links: /cvmfs/soft.computecanada.ca/custom/python/wheelhouse/gentoo2023/x86-64-v3, /cvmfs/soft.computecanada.ca/custom/python/wheelhouse/gentoo2023/generic, /cvmfs/soft.computecanada.ca/custom/python/wheelhouse/generic
Requirement already satisfied: pip in /local/aneumann.27429336.0/env/lib/python3.12/site-packages (24.0)
Processing /cvmfs/soft.computecanada.ca/custom/python/wheelhouse/generic/pip-24.2+computecanada-py3-none-any.whl
Installing collected packages: pip
  Attempting uninstall: pip
    Found existing installation: pip 24.0
    Uninstalling pip-24.0:
      Successfully uninstalled pip-24.0
Successfully installed pip-24.2+computecanada
Looking in links: /cvmfs/soft.computecanada.ca/custom/python/wheelhouse/gentoo2023/x86-64-v3, /cvmfs/soft.computecanada.ca/custom/python/wheelhouse/gentoo2023/generic, /cvmfs/soft.computecanada.ca/custom/python/wheelhouse/generic
ERROR: protobuf-5.28.3-cp38-abi3-manylinux2014_x86_64.whl is not a supported wheel on this platform.
Looking in links: /cvmfs/soft.computecanada.ca/custom/python/wheelhouse/gentoo2023/x86-64-v3, /cvmfs/soft.computecanada.ca/custom/python/wheelhouse/gentoo2023/generic, /cvmfs/soft.computecanada.ca/custom/python/wheelhouse/generic
Processing /home/aneumann/projects/def-adhaj/aneumann/gns/wheels/immutabledict-4.2.0-py3-none-any.whl
Installing collected packages: immutabledict
Successfully installed immutabledict-4.2.0
Looking in links: /cvmfs/soft.computecanada.ca/custom/python/wheelhouse/gentoo2023/x86-64-v3, /cvmfs/soft.computecanada.ca/custom/python/wheelhouse/gentoo2023/generic, /cvmfs/soft.computecanada.ca/custom/python/wheelhouse/generic
Processing /cvmfs/soft.computecanada.ca/custom/python/wheelhouse/generic/ortools-9.10.4067+computecanada-cp312-cp312-linux_x86_64.whl (from -r /home/aneumann/projects/def-adhaj/aneumann/gns/requirements_or.txt (line 1))
Processing /cvmfs/soft.computecanada.ca/custom/python/wheelhouse/gentoo2023/x86-64-v3/pandas-2.2.2+computecanada-cp312-cp312-linux_x86_64.whl (from -r /home/aneumann/projects/def-adhaj/aneumann/gns/requirements_or.txt (line 2))
Processing /cvmfs/soft.computecanada.ca/custom/python/wheelhouse/generic/absl_py-2.1.0+computecanada-py3-none-any.whl (from ortools->-r /home/aneumann/projects/def-adhaj/aneumann/gns/requirements_or.txt (line 1))
Processing /cvmfs/soft.computecanada.ca/custom/python/wheelhouse/gentoo2023/generic/numpy-2.1.1+computecanada-cp312-cp312-linux_x86_64.whl (from ortools->-r /home/aneumann/projects/def-adhaj/aneumann/gns/requirements_or.txt (line 1))
Processing /cvmfs/soft.computecanada.ca/custom/python/wheelhouse/gentoo2023/x86-64-v3/protobuf-5.28.0+computecanada-cp312-cp312-linux_x86_64.whl (from ortools->-r /home/aneumann/projects/def-adhaj/aneumann/gns/requirements_or.txt (line 1))
Requirement already satisfied: immutabledict>=3.0.0 in /local/aneumann.27429336.0/env/lib/python3.12/site-packages (from ortools->-r /home/aneumann/projects/def-adhaj/aneumann/gns/requirements_or.txt (line 1)) (4.2.0)
Processing /cvmfs/soft.computecanada.ca/custom/python/wheelhouse/generic/python_dateutil-2.9.0.post0+computecanada-py2.py3-none-any.whl (from pandas->-r /home/aneumann/projects/def-adhaj/aneumann/gns/requirements_or.txt (line 2))
Processing /cvmfs/soft.computecanada.ca/custom/python/wheelhouse/generic/pytz-2024.2+computecanada-py2.py3-none-any.whl (from pandas->-r /home/aneumann/projects/def-adhaj/aneumann/gns/requirements_or.txt (line 2))
Processing /cvmfs/soft.computecanada.ca/custom/python/wheelhouse/generic/tzdata-2024.2+computecanada-py2.py3-none-any.whl (from pandas->-r /home/aneumann/projects/def-adhaj/aneumann/gns/requirements_or.txt (line 2))
Processing /cvmfs/soft.computecanada.ca/custom/python/wheelhouse/generic/six-1.16.0+computecanada-py2.py3-none-any.whl (from python-dateutil>=2.8.2->pandas->-r /home/aneumann/projects/def-adhaj/aneumann/gns/requirements_or.txt (line 2))
Installing collected packages: pytz, tzdata, six, protobuf, numpy, absl-py, python-dateutil, pandas, ortools
Successfully installed absl-py-2.1.0+computecanada numpy-2.1.1+computecanada ortools-9.10.4067+computecanada pandas-2.2.2+computecanada protobuf-5.28.0+computecanada python-dateutil-2.9.0.post0+computecanada pytz-2024.2+computecanada six-1.16.0+computecanada tzdata-2024.2+computecanada

Starting CP-SAT solver v9.10.4067
Parameters: max_time_in_seconds: 21600 max_memory_in_mb: 118 log_search_progress: true optimize_with_core: true cp_model_presolve: true enumerate_all_solutions: false num_search_workers: 32 use_implied_bounds: true absolute_gap_limit: 5 relative_gap_limit: 0.01 use_probing_search: true

Initial optimization model '': (model_fingerprint: 0x9b961997be07cd99)
#Variables: 2'722 (#bools: 26 #ints: 1 in objective)
  - 2'368 Booleans in [0,1]
  - 353 in [0,225000]
  - 1 constants in {1} 
#kBoolOr: 1'148 (#literals: 1'148)
#kLinear1: 419
#kLinear2: 7'500
#kLinear3: 1'609
#kLinearN: 630 (#terms: 6'524)

Starting presolve at 0.00s
  2.69e-03s  0.00e+00d  [DetectDominanceRelations] 
  6.22e-02s  0.00e+00d  [PresolveToFixPoint] #num_loops=9 #num_dual_strengthening=3 
  8.57e-05s  0.00e+00d  [ExtractEncodingFromLinear] #potential_supersets=216 
[Symmetry] Graph for symmetry has 9'758 nodes and 21'033 arcs.
[Symmetry] Symmetry computation done. time: 0.00293706 dtime: 0.00280888
[Symmetry] #generators: 3, average support size: 2
[Symmetry] 3 orbits with sizes: 2,2,2
[Symmetry] Found orbitope of size 1 x 2
[SAT presolve] num removable Booleans: 0 / 1501
[SAT presolve] num trivial clauses: 0
[SAT presolve] [0s] clauses:2855 literals:5710 vars:1487 one_side_vars:1441 simple_definition:43 singleton_clauses:0
[SAT presolve] [0.000278801s] clauses:2855 literals:5710 vars:1487 one_side_vars:1441 simple_definition:43 singleton_clauses:0
[SAT presolve] [0.00041601s] clauses:2855 literals:5710 vars:1487 one_side_vars:1441 simple_definition:43 singleton_clauses:0
  6.21e-01s  1.08e-01d  [Probe] #probed=3'521 #fixed_bools=81 #new_bounds=158 
  7.47e-03s  0.00e+00d  [MaxClique] Merged 3059(8486 literals) into 1080(7044 literals) at_most_ones. 
  2.29e-03s  0.00e+00d  [DetectDominanceRelations] 
  1.55e-02s  0.00e+00d  [PresolveToFixPoint] #num_loops=3 #num_dual_strengthening=2 
  3.26e-03s  0.00e+00d  [ProcessAtMostOneAndLinear] #num_changes=15 
  2.10e-03s  0.00e+00d  [DetectDuplicateConstraints] #duplicates=3 #without_enforcements=4 
  5.22e-04s  2.15e-05d  [DetectDominatedLinearConstraints] #relevant_constraints=1'468 
  5.82e-04s  0.00e+00d  [DetectDifferentVariables] #different=11 
  1.08e-03s  3.03e-04d  [ProcessSetPPC] #relevant_constraints=1'114 #num_inclusions=800 
  7.20e-05s  0.00e+00d  [FindAlmostIdenticalLinearConstraints] 
  4.55e-03s  4.80e-03d  [FindBigAtMostOneAndLinearOverlap] 
  1.27e-03s  2.32e-03d  [FindBigVerticalLinearOverlap] 
  3.70e-04s  8.56e-04d  [FindBigHorizontalLinearOverlap] #linears=160 
  9.22e-05s  0.00e+00d  [MergeClauses] 
  2.23e-03s  0.00e+00d  [DetectDominanceRelations] 
  8.21e-03s  0.00e+00d  [PresolveToFixPoint] #num_loops=1 #num_dual_strengthening=1 
  2.45e-03s  0.00e+00d  [DetectDominanceRelations] 
  8.41e-03s  0.00e+00d  [PresolveToFixPoint] #num_loops=1 #num_dual_strengthening=1 
[Symmetry] Graph for symmetry has 7'652 nodes and 15'455 arcs.
[Symmetry] Symmetry computation done. time: 0.00158037 dtime: 0.00182976
[Symmetry] #generators: 2, average support size: 2
[Symmetry] 2 orbits with sizes: 2,2
[Symmetry] Found orbitope of size 1 x 2
[SAT presolve] num removable Booleans: 0 / 1418
[SAT presolve] num trivial clauses: 0
[SAT presolve] [0s] clauses:22 literals:44 vars:32 one_side_vars:26 simple_definition:6 singleton_clauses:0
[SAT presolve] [4.8806e-05s] clauses:22 literals:44 vars:32 one_side_vars:26 simple_definition:6 singleton_clauses:0
[SAT presolve] [9.5403e-05s] clauses:22 literals:44 vars:32 one_side_vars:26 simple_definition:6 singleton_clauses:0
  1.89e-01s  3.23e-02d  [Probe] #probed=3'436 #new_bounds=72 
  3.57e-03s  0.00e+00d  [MaxClique] Merged 883(5887 literals) into 883(5896 literals) at_most_ones. 
  2.31e-03s  0.00e+00d  [DetectDominanceRelations] 
  1.32e-02s  0.00e+00d  [PresolveToFixPoint] #num_loops=3 #num_dual_strengthening=2 
  3.11e-03s  0.00e+00d  [ProcessAtMostOneAndLinear] 
  2.08e-03s  0.00e+00d  [DetectDuplicateConstraints] #duplicates=2 #without_enforcements=1 
  5.29e-04s  2.15e-05d  [DetectDominatedLinearConstraints] #relevant_constraints=1'468 
  5.37e-04s  0.00e+00d  [DetectDifferentVariables] #different=11 
  9.39e-04s  2.98e-04d  [ProcessSetPPC] #relevant_constraints=1'055 #num_inclusions=735 
  7.50e-05s  0.00e+00d  [FindAlmostIdenticalLinearConstraints] 
  4.52e-03s  4.79e-03d  [FindBigAtMostOneAndLinearOverlap] 
  1.26e-03s  2.32e-03d  [FindBigVerticalLinearOverlap] 
  3.66e-04s  8.56e-04d  [FindBigHorizontalLinearOverlap] #linears=160 
  8.93e-05s  0.00e+00d  [MergeClauses] 
  2.25e-03s  0.00e+00d  [DetectDominanceRelations] 
  8.24e-03s  0.00e+00d  [PresolveToFixPoint] #num_loops=1 #num_dual_strengthening=1 
  2.23e-03s  0.00e+00d  [DetectDominanceRelations] 
  8.21e-03s  0.00e+00d  [PresolveToFixPoint] #num_loops=1 #num_dual_strengthening=1 
[Symmetry] Graph for symmetry has 7'654 nodes and 15'466 arcs.
[Symmetry] Symmetry computation done. time: 0.00154463 dtime: 0.00182836
[Symmetry] #generators: 1, average support size: 2
[Symmetry] 1 orbits with sizes: 2
[SAT presolve] num removable Booleans: 0 / 1418
[SAT presolve] num trivial clauses: 0
[SAT presolve] [0s] clauses:22 literals:44 vars:32 one_side_vars:26 simple_definition:6 singleton_clauses:0
[SAT presolve] [4.6707e-05s] clauses:22 literals:44 vars:32 one_side_vars:26 simple_definition:6 singleton_clauses:0
[SAT presolve] [9.3742e-05s] clauses:22 literals:44 vars:32 one_side_vars:26 simple_definition:6 singleton_clauses:0
  1.81e-01s  3.12e-02d  [Probe] #probed=3'436 #new_bounds=27 
  3.66e-03s  0.00e+00d  [MaxClique] Merged 883(5894 literals) into 883(5896 literals) at_most_ones. 
  2.25e-03s  0.00e+00d  [DetectDominanceRelations] 
  1.11e-02s  0.00e+00d  [PresolveToFixPoint] #num_loops=3 #num_dual_strengthening=2 
  3.10e-03s  0.00e+00d  [ProcessAtMostOneAndLinear] 
  2.04e-03s  0.00e+00d  [DetectDuplicateConstraints] #duplicates=2 #without_enforcements=1 
  5.07e-04s  2.15e-05d  [DetectDominatedLinearConstraints] #relevant_constraints=1'468 
  5.48e-04s  0.00e+00d  [DetectDifferentVariables] #different=11 
  9.46e-04s  2.98e-04d  [ProcessSetPPC] #relevant_constraints=1'055 #num_inclusions=735 
  7.80e-05s  0.00e+00d  [FindAlmostIdenticalLinearConstraints] 
  4.54e-03s  4.80e-03d  [FindBigAtMostOneAndLinearOverlap] 
  1.25e-03s  2.32e-03d  [FindBigVerticalLinearOverlap] 
  3.65e-04s  8.56e-04d  [FindBigHorizontalLinearOverlap] #linears=160 
  9.34e-05s  0.00e+00d  [MergeClauses] 
  2.33e-03s  0.00e+00d  [DetectDominanceRelations] 
  8.31e-03s  0.00e+00d  [PresolveToFixPoint] #num_loops=1 #num_dual_strengthening=1 
  1.67e-04s  0.00e+00d  [ExpandObjective] #entries=72 #tight_variables=36 #tight_constraints=12 

Presolve summary:
  - 72 affine relations were detected.
  - rule 'TODO dual: only one blocking constraint?' was applied 22'289 times.
  - rule 'TODO dual: only one unspecified blocking constraint?' was applied 14 times.
  - rule 'TODO dual: tighten at most one' was applied 619 times.
  - rule 'TODO duplicate: identical constraint with different enforcements' was applied 3 times.
  - rule 'TODO linear2: contains a Boolean.' was applied 13'239 times.
  - rule 'TODO symmetry: add symmetry breaking inequalities?' was applied 2 times.
  - rule 'affine: new relation' was applied 72 times.
  - rule 'at_most_one: removed literals' was applied 335 times.
  - rule 'at_most_one: singleton' was applied 2 times.
  - rule 'at_most_one: size one' was applied 138 times.
  - rule 'at_most_one: transformed into max clique.' was applied 1 time.
  - rule 'bool_and: x => x' was applied 6 times.
  - rule 'bool_or: always true' was applied 1'148 times.
  - rule 'bool_or: implications' was applied 6'616 times.
  - rule 'deductions: 331 stored' was applied 1 time.
  - rule 'dual: add implication' was applied 18 times.
  - rule 'dual: fix variable' was applied 369 times.
  - rule 'dual: fix variable with multiple choices' was applied 3 times.
  - rule 'dual: reduced domain' was applied 203 times.
  - rule 'duplicate: merged rhs of linear constraint' was applied 3 times.
  - rule 'duplicate: removed constraint' was applied 7 times.
  - rule 'duplicate: removed enforced constraint' was applied 3 times.
  - rule 'enforcement: false literal' was applied 3'704 times.
  - rule 'enforcement: literal not used' was applied 11 times.
  - rule 'linear + amo: fixed literal implied by enforcement' was applied 15 times.
  - rule 'linear1: always true' was applied 2 times.
  - rule 'linear2: contains a Boolean.' was applied 8 times.
  - rule 'linear: always true' was applied 1'184 times.
  - rule 'linear: divide by GCD' was applied 4'652 times.
  - rule 'linear: empty' was applied 115 times.
  - rule 'linear: extracted enforcement literal' was applied 537 times.
  - rule 'linear: fixed or dup variables' was applied 1'342 times.
  - rule 'linear: negative clause' was applied 2'204 times.
  - rule 'linear: positive at most one' was applied 204 times.
  - rule 'linear: positive clause' was applied 4'412 times.
  - rule 'linear: positive equal one' was applied 12 times.
  - rule 'linear: reduced variable domains' was applied 688 times.
  - rule 'linear: remapped using affine relations' was applied 2'453 times.
  - rule 'linear: simplified rhs' was applied 17'309 times.
  - rule 'linear: singleton column' was applied 6 times.
  - rule 'objective: variable not used elsewhere' was applied 1 time.
  - rule 'presolve: 930 unused variables removed.' was applied 1 time.
  - rule 'presolve: iteration' was applied 3 times.
  - rule 'setppc: bool_or in at_most_one.' was applied 4 times.
  - rule 'setppc: removed dominated constraints' was applied 58 times.
  - rule 'symmetry: added symmetry breaking implication' was applied 2 times.

Presolved optimization model '': (model_fingerprint: 0x959cd69606d85d5e)
#Variables: 1'714 (#bools: 25 #ints: 1 in objective)
  - 1'418 Booleans in [0,1]
  - 1 in [0,731]
  - 1 in [0,732]
  - 1 in [0,735]
  - 2 in [0,1471]
  - 1 in [0,1474]
  - 1 in [0,1478]
  - 1 in [0,1480]
  - 15 in [0,1481]
  - 3 in [0,1483]
  - 1 in [0,1484]
  - 16 in [0,1485]
  - 1 in [0,1488]
  - 1 in [0,1489]
  - 1 in [0,1491]
  - 1 in [0,1493]
  - 6 in [0,1496]
  - 1 in [0,7400]
  - 11 in [0,7405]
  - 1 in [0,7410]
  - 2 in [0,7415]
  - 1 in [0,7420]
  - 18 in [0,7425]
  - 1 in [0,7440]
  - 1 in [0,7445]
  - 14 in [0,7480]
  - 85 in [0,225000]
  - 1 in [2,733]
  - 1 in [2,746]
  - 1 in [3,738]
  - 1 in [4,748]
  - 1 in [5,737]
  - 1 in [20,3740]
  - 1 in [24,3744]
  - 1 in [25,3742]
  - 1 in [32,3749]
  - 1 in [52,3745]
  - 1 in [57,3750]
  - 1 in [61,3745]
  - 1 in [65,3749]
  - 1 in [600,219900]
  - 1 in [600,221400]
  - 3 in [600,222490]
  - 1 in [600,222533]
  - 1 in [600,222900]
  - 2 in [600,223920]
  - 2 in [600,224160]
  - 2 in [600,224460]
  - 1 in [900,221400]
  - 1 in [900,222000]
  - 2 in [900,222900]
  - 1 in [900,223500]
  - 2 in [900,223886]
  - 2 in [900,223920]
  - 2 in [900,223980]
  - 2 in [900,224186]
  - 2 in [900,224580]
  - 2 in [1200,224400]
  - 1 in [1440,224655]
  - 1 in [1461,224676]
  - 1 in [1500,221100]
  - 2 in [1500,222600]
  - 2 in [1500,223500]
  - 1 in [1500,224100]
  - 2 in [1500,224220]
  - 3 in [1500,224520]
  - 2 in [1500,224732]
  - 2 in [1500,224755]
  - 2 in [1500,225000]
  - 2 in [2313,224160]
  - 2 in [2450,224340]
  - 2 in [2467,224400]
  - 2 in [2836,223920]
  - 3 in [3023,224280]
  - 3 in [3037,224520]
  - 4 in [3120,224700]
  - 3 in [3180,224220]
  - 2 in [3306,224760]
  - 3 in [3480,224880]
  - 2 in [3536,224760]
  - 3 in [3583,224760]
  - 4 in [3660,224700]
  - 2 in [3789,225000]
  - 1 in [3930,224988]
  - 5 in [3942,225000]
  - 3 in [4140,225000]
#kAtMostOne: 861 (#literals: 5'850)
#kBoolAnd: 26 (#enforced: 26) (#literals: 52)
#kExactlyOne: 12 (#literals: 36)
#kLinear1: 4 (#enforced: 4)
#kLinear2: 620 (#enforced: 448 #multi: 25)
#kLinear3: 1'017 (#enforced: 3)
#kLinearN: 279 (#terms: 2'622)

Preloading model.
#Bound   1.23s best:inf   next:[313768,17632346] initial_domain
[Symmetry] Graph for symmetry has 6'646 nodes and 15'466 arcs.
[Symmetry] Symmetry computation done. time: 0.00147935 dtime: 0.00176552
[Symmetry] #generators: 1, average support size: 2
#Model   1.23s var:1714/1714 constraints:2819/2819

Starting search at 1.23s with 32 workers.
16 full problem subsolvers: [core, default_lp, lb_tree_search, max_lp, no_lp, objective_lb_search, objective_lb_search_max_lp, objective_lb_search_no_lp, objective_shaving_search_max_lp, objective_shaving_search_no_lp, probing, probing_max_lp, pseudo_costs, quick_restart, quick_restart_no_lp, reduced_costs]
14 first solution subsolvers: [fj_long_default, fj_long_lin_default, fj_long_random, fj_short_default, fj_short_lin_default, fj_short_lin_random, fj_short_random, fs_random(2), fs_random_no_lp(2), fs_random_quick_restart(2), fs_random_quick_restart_no_lp]
11 incomplete subsolvers: [feasibility_pump, graph_arc_lns, graph_cst_lns, graph_dec_lns, graph_var_lns, rins/rens, rnd_cst_lns, rnd_var_lns, violation_ls(3)]
3 helper subsolvers: [neighborhood_helper, synchronization_agent, update_gap_integral]
#Bound   1.34s best:inf   next:[313770,17632346] objective_shaving_search_no_lp (vars=1718 csts=2863)
#Bound   1.35s best:inf   next:[313772,17632346] objective_shaving_search_max_lp (vars=1714 csts=2820)
#Bound   1.36s best:inf   next:[313774,17632346] objective_shaving_search_max_lp (vars=1714 csts=2820)
#Bound   1.37s best:inf   next:[313776,17632346] objective_shaving_search_max_lp (vars=1714 csts=2820)
#Bound   1.38s best:inf   next:[313778,17632346] objective_shaving_search_max_lp (vars=1714 csts=2820)
#Bound   1.39s best:inf   next:[313780,17632346] objective_shaving_search_max_lp (vars=1714 csts=2820)
#Bound   1.40s best:inf   next:[313782,17632346] objective_shaving_search_max_lp (vars=1714 csts=2820)
#Bound   1.41s best:inf   next:[313784,17632346] objective_shaving_search_max_lp (vars=1714 csts=2820)
#Bound   1.42s best:inf   next:[313786,17632346] objective_shaving_search_no_lp (vars=1714 csts=2820)
#1       1.42s best:17632346 next:[313786,17632344] fj_long_default(batch:1 #lin_moves:5'293 #lin_evals:10'397 #weight_updates:616)
#Bound   1.43s best:17632346 next:[313788,17632344] objective_shaving_search_no_lp (vars=1714 csts=2820)
#2       1.43s best:17632268 next:[313788,17632266] violation_ls(batch:1 #solutions_imported:1 #lin_moves:6 #lin_evals:42 #weight_updates:4)
#3       1.44s best:17632190 next:[313788,17632188] violation_ls(batch:1 #solutions_imported:1 #lin_moves:0 #lin_evals:696 #gen_moves:5 #gen_evals:0 #comp_moves:3 #backtracks:1 #weight_updates:0)
#4       1.44s best:17632112 next:[313788,17632110] violation_ls(batch:2 #solutions_imported:2 #lin_moves:12 #lin_evals:84 #weight_updates:8)
#5       1.49s best:17632034 next:[313788,17632032] violation_ls(batch:3 #solutions_imported:3 #lin_moves:3 #lin_evals:8'354 #gen_moves:124 #gen_evals:0 #comp_moves:12 #backtracks:56 #weight_updates:4)
#6       1.49s best:17631956 next:[313788,17631954] violation_ls(batch:3 #solutions_imported:3 #lin_moves:18 #lin_evals:126 #weight_updates:12)
#7       1.49s best:17631878 next:[313788,17631876] violation_ls(batch:3 #solutions_imported:3 #lin_moves:6 #lin_evals:745 #gen_moves:8 #gen_evals:0 #comp_moves:6 #backtracks:1 #weight_updates:5)
#8       1.61s best:17627394 next:[313788,17627392] graph_var_lns (d=0.50 s=59 t=0.10 p=0.00 stall=0 h=auto_l0)
#9       1.64s best:17627316 next:[313788,17627314] violation_ls(batch:4 #solutions_imported:4 #lin_moves:9 #lin_evals:8'396 #gen_moves:124 #gen_evals:0 #comp_moves:12 #backtracks:56 #weight_updates:8)
#10      1.64s best:17627238 next:[313788,17627236] violation_ls(batch:4 #solutions_imported:4 #lin_moves:21 #lin_evals:159 #weight_updates:14)
#11      1.64s best:17627160 next:[313788,17627158] violation_ls(batch:4 #solutions_imported:4 #lin_moves:6 #lin_evals:4'865 #gen_moves:76 #gen_evals:0 #comp_moves:12 #backtracks:32 #weight_updates:6)
#Bound   1.74s best:17627160 next:[315928,17627158] lb_tree_search
#Bound   1.88s best:17627160 next:[315934,17627158] lb_tree_search
#Bound   2.04s best:17627160 next:[319594,17627158] lb_tree_search
#Bound   2.20s best:17627160 next:[322808,17627158] lb_tree_search
#Bound   2.39s best:17627160 next:[323040,17627158] lb_tree_search
#Bound   2.50s best:17627160 next:[337284,17627158] objective_lb_search_max_lp
#Bound   2.57s best:17627160 next:[367198,17627158] pseudo_costs
#Bound   2.71s best:17627160 next:[368804,17627158] default_lp
#Model   2.73s var:1713/1714 constraints:2819/2819
#Model   2.83s var:1712/1714 constraints:2818/2819
#Model   2.94s var:1710/1714 constraints:2816/2819
#Bound   2.95s best:17627160 next:[368808,17627158] reduced_costs
#Bound   3.02s best:17627160 next:[369930,17627158] reduced_costs
#Bound   3.11s best:17627160 next:[370582,17627158] reduced_costs
#Bound   3.20s best:17627160 next:[371730,17627158] reduced_costs
#Bound   3.31s best:17627160 next:[371742,17627158] reduced_costs
#Model   3.45s var:1709/1714 constraints:2815/2819
#Bound   3.90s best:17627160 next:[371894,17627158] reduced_costs [skipped_logs=4]
#Model   4.06s var:1708/1714 constraints:2815/2819
#Bound   4.98s best:17627160 next:[372190,17627158] reduced_costs [skipped_logs=4]
#Model   5.57s var:1707/1714 constraints:2815/2819
#Bound   5.95s best:17627160 next:[372864,17627158] reduced_costs [skipped_logs=1]
#Model   6.37s var:1706/1714 constraints:2814/2819
#Model   6.57s var:1705/1714 constraints:2814/2819
#Model   6.88s var:1704/1714 constraints:2813/2819
#Bound   6.95s best:17627160 next:[373042,17627158] reduced_costs [skipped_logs=3]
#Model   7.38s var:1703/1714 constraints:2813/2819
#Bound   7.99s best:17627160 next:[373598,17627158] reduced_costs [skipped_logs=4]
#Model   8.29s var:1702/1714 constraints:2813/2819
#Bound   8.99s best:17627160 next:[373626,17627158] reduced_costs [skipped_logs=0]
#Model   9.59s var:1700/1714 constraints:2810/2819
#Bound   9.98s best:17627160 next:[373682,17627158] reduced_costs [skipped_logs=2]
#Bound  10.88s best:17627160 next:[373726,17627158] reduced_costs [skipped_logs=2]
#Model  11.80s var:1699/1714 constraints:2810/2819
#Bound  11.70s best:17627160 next:[374030,17627158] reduced_costs [skipped_logs=2]
#Model  12.20s var:1698/1714 constraints:2808/2819
#Model  12.80s var:1697/1714 constraints:2808/2819
#Bound  12.82s best:17627160 next:[374324,17627158] reduced_costs [skipped_logs=2]
#Model  13.11s var:1696/1714 constraints:2807/2819
#Model  13.71s var:1695/1714 constraints:2805/2819
#Bound  14.01s best:17627160 next:[374432,17627158] reduced_costs [skipped_logs=3]
#Model  14.32s var:1694/1714 constraints:2804/2819
#Bound  15.00s best:17627160 next:[374580,17627158] reduced_costs [skipped_logs=3]
#Bound  16.01s best:17627160 next:[375878,17627158] objective_lb_search_max_lp [skipped_logs=5]
#Bound  16.88s best:17627160 next:[375928,17627158] objective_lb_search_max_lp [skipped_logs=0]
#Bound  17.17s best:17627160 next:[375942,17627158] objective_lb_search_max_lp [skipped_logs=0]
#Model  18.62s var:1693/1714 constraints:2802/2819
#Bound  19.35s best:17627160 next:[376980,17627158] pseudo_costs
#Bound  19.97s best:17627160 next:[378772,17627158] pseudo_costs [skipped_logs=2]
#Bound  21.01s best:17627160 next:[378992,17627158] pseudo_costs [skipped_logs=3]
#Model  21.13s var:1692/1714 constraints:2801/2819
#Bound  21.92s best:17627160 next:[379090,17627158] pseudo_costs [skipped_logs=2]
#Bound  22.41s best:17627160 next:[379112,17627158] pseudo_costs [skipped_logs=0]
#Bound  23.74s best:17627160 next:[379176,17627158] pseudo_costs [skipped_logs=2]
#12     24.06s best:17623200 next:[379176,17623198] quick_restart_no_lp (fixed_bools=170/2407)
#13     24.20s best:17621440 next:[379180,17621438] quick_restart_no_lp (fixed_bools=170/2482)
#Bound  24.77s best:17621440 next:[379210,17621438] pseudo_costs [skipped_logs=2]
#Bound  26.28s best:17621440 next:[379222,17621438] pseudo_costs
#Bound  27.03s best:17621440 next:[379258,17621438] pseudo_costs [skipped_logs=1]
#Bound  27.70s best:17621440 next:[379268,17621438] pseudo_costs [skipped_logs=1]
#Bound  28.86s best:17621440 next:[379432,17621438] pseudo_costs [skipped_logs=2]
#Bound  29.95s best:17621440 next:[379480,17621438] pseudo_costs [skipped_logs=3]
#Bound  30.86s best:17621440 next:[379492,17621438] pseudo_costs [skipped_logs=0]
#Bound  31.69s best:17621440 next:[379508,17621438] pseudo_costs [skipped_logs=1]
#Bound  32.24s best:17621440 next:[379580,17621438] objective_lb_search_max_lp [skipped_logs=1]
#Bound  33.90s best:17621440 next:[379734,17621438] pseudo_costs [skipped_logs=3]
#Bound  34.90s best:17621440 next:[379776,17621438] pseudo_costs [skipped_logs=2]
#Bound  35.80s best:17621440 next:[380042,17621438] objective_lb_search_max_lp [skipped_logs=2]
#Bound  36.88s best:17621440 next:[380144,17621438] objective_lb_search_max_lp [skipped_logs=3]
#Bound  37.90s best:17621440 next:[380202,17621438] objective_lb_search_max_lp [skipped_logs=3]
#Bound  38.89s best:17621440 next:[380448,17621438] objective_lb_search_max_lp [skipped_logs=2]
#Bound  39.82s best:17621440 next:[380596,17621438] objective_lb_search_max_lp [skipped_logs=2]
#Bound  40.70s best:17621440 next:[380638,17621438] objective_lb_search_max_lp [skipped_logs=1]
#Bound  41.99s best:17621440 next:[380670,17621438] objective_lb_search_max_lp [skipped_logs=2]
#Bound  42.78s best:17621440 next:[380690,17621438] objective_lb_search_max_lp [skipped_logs=1]
#Bound  43.91s best:17621440 next:[380750,17621438] objective_lb_search_max_lp [skipped_logs=2]
#Bound  44.81s best:17621440 next:[380796,17621438] objective_lb_search_max_lp [skipped_logs=2]
#Bound  46.04s best:17621440 next:[380842,17621438] objective_lb_search_max_lp [skipped_logs=2]
#Bound  46.73s best:17621440 next:[380860,17621438] objective_lb_search_max_lp [skipped_logs=0]
#Bound  47.90s best:17621440 next:[380912,17621438] objective_lb_search_max_lp [skipped_logs=1]
#Bound  48.70s best:17621440 next:[380920,17621438] objective_lb_search_max_lp [skipped_logs=1]
#Bound  49.89s best:17621440 next:[380940,17621438] objective_lb_search_max_lp [skipped_logs=1]
#Bound  50.98s best:17621440 next:[380966,17621438] objective_lb_search_max_lp [skipped_logs=0]
#Bound  51.88s best:17621440 next:[380996,17621438] objective_lb_search_max_lp [skipped_logs=2]
#Bound  70.72s best:17621440 next:[381060,17621438] probing_max_lp
#Bound  71.11s best:17621440 next:[381098,17621438] probing_max_lp
#Bound  71.49s best:17621440 next:[381106,17621438] probing_max_lp
#Bound  72.59s best:17621440 next:[381134,17621438] probing_max_lp
#Bound  72.95s best:17621440 next:[381158,17621438] probing_max_lp
#Bound  73.45s best:17621440 next:[381176,17621438] probing_max_lp
#Bound  73.79s best:17621440 next:[381182,17621438] probing_max_lp
#Bound  74.12s best:17621440 next:[381184,17621438] probing_max_lp
#Bound  74.80s best:17621440 next:[381186,17621438] probing_max_lp
#Bound  75.55s best:17621440 next:[381188,17621438] probing_max_lp
#Bound  78.26s best:17621440 next:[381192,17621438] probing_max_lp
#Bound  78.96s best:17621440 next:[381194,17621438] probing_max_lp
#Bound  79.57s best:17621440 next:[381198,17621438] probing_max_lp
#Bound  79.99s best:17621440 next:[381210,17621438] probing_max_lp
#Bound  81.13s best:17621440 next:[381258,17621438] probing_max_lp
#Bound  81.84s best:17621440 next:[381268,17621438] probing_max_lp
#Bound  82.22s best:17621440 next:[381278,17621438] probing_max_lp
#Bound  82.77s best:17621440 next:[381298,17621438] probing_max_lp
#Bound  83.61s best:17621440 next:[381302,17621438] probing_max_lp
#Bound  85.31s best:17621440 next:[381740,17621438] pseudo_costs
#Bound  85.66s best:17621440 next:[381752,17621438] pseudo_costs
#Bound  86.04s best:17621440 next:[381754,17621438] pseudo_costs
#Bound  86.54s best:17621440 next:[381766,17621438] pseudo_costs
#Bound  86.83s best:17621440 next:[381972,17621438] pseudo_costs
#Bound  87.14s best:17621440 next:[381992,17621438] pseudo_costs
#Bound  87.58s best:17621440 next:[382046,17621438] pseudo_costs
#Bound  88.05s best:17621440 next:[382216,17621438] pseudo_costs
#Bound  88.63s best:17621440 next:[382404,17621438] pseudo_costs
#Bound  89.06s best:17621440 next:[382412,17621438] pseudo_costs
#Bound  89.42s best:17621440 next:[382440,17621438] pseudo_costs
#Bound  91.68s best:17621440 next:[382442,17621438] pseudo_costs
#Bound  92.05s best:17621440 next:[382470,17621438] pseudo_costs
#Bound  93.14s best:17621440 next:[382738,17621438] pseudo_costs
#Bound  93.67s best:17621440 next:[382780,17621438] pseudo_costs
#Bound  94.06s best:17621440 next:[382798,17621438] pseudo_costs
#Bound  94.39s best:17621440 next:[382864,17621438] pseudo_costs
#Bound  94.68s best:17621440 next:[382902,17621438] pseudo_costs
#Bound  95.34s best:17621440 next:[382904,17621438] pseudo_costs
#Bound  95.70s best:17621440 next:[382910,17621438] pseudo_costs
#Bound  96.18s best:17621440 next:[382930,17621438] pseudo_costs
#Bound  96.69s best:17621440 next:[382938,17621438] pseudo_costs
#Bound  96.86s best:17621440 next:[382942,17621438] pseudo_costs
#Bound  97.25s best:17621440 next:[382956,17621438] pseudo_costs
#Model  97.59s var:1691/1714 constraints:2801/2819
#Bound  97.97s best:17621440 next:[382974,17621438] pseudo_costs
#Bound  98.31s best:17621440 next:[383002,17621438] pseudo_costs
#Bound  98.79s best:17621440 next:[383012,17621438] pseudo_costs
#Bound  99.21s best:17621440 next:[383018,17621438] pseudo_costs
#Bound  99.98s best:17621440 next:[383042,17621438] pseudo_costs [skipped_logs=1]
#Bound 100.86s best:17621440 next:[383078,17621438] pseudo_costs [skipped_logs=0]
#Bound 101.70s best:17621440 next:[383116,17621438] pseudo_costs [skipped_logs=1]
#Bound 103.07s best:17621440 next:[383412,17621438] pseudo_costs [skipped_logs=2]
#Bound 103.97s best:17621440 next:[383428,17621438] pseudo_costs [skipped_logs=2]
#Bound 104.64s best:17621440 next:[383488,17621438] pseudo_costs [skipped_logs=1]
#Bound 105.99s best:17621440 next:[383640,17621438] pseudo_costs [skipped_logs=3]
#Bound 106.98s best:17621440 next:[383676,17621438] pseudo_costs [skipped_logs=2]
#Bound 107.88s best:17621440 next:[383824,17621438] pseudo_costs [skipped_logs=1]
#Bound 108.38s best:17621440 next:[383848,17621438] pseudo_costs [skipped_logs=1]
#Bound 109.39s best:17621440 next:[383858,17621438] pseudo_costs [skipped_logs=0]
#Bound 111.07s best:17621440 next:[383862,17621438] pseudo_costs
#Bound 111.90s best:17621440 next:[383896,17621438] pseudo_costs [skipped_logs=1]
#Bound 113.10s best:17621440 next:[383972,17621438] pseudo_costs
#Bound 113.47s best:17621440 next:[384012,17621438] pseudo_costs [skipped_logs=0]
#Bound 131.57s best:17621440 next:[384020,17621438] objective_lb_search_max_lp
#Bound 131.92s best:17621440 next:[384022,17621438] objective_lb_search_max_lp
#Bound 132.99s best:17621440 next:[384048,17621438] objective_lb_search_max_lp
#Bound 133.35s best:17621440 next:[384080,17621438] objective_lb_search_max_lp
#Bound 133.73s best:17621440 next:[384094,17621438] objective_lb_search_max_lp
#Bound 134.08s best:17621440 next:[384102,17621438] objective_lb_search_max_lp
#Bound 134.41s best:17621440 next:[384120,17621438] objective_lb_search_max_lp
#Bound 134.87s best:17621440 next:[384132,17621438] objective_lb_search_max_lp
#Bound 135.19s best:17621440 next:[384152,17621438] objective_lb_search_max_lp
#Bound 135.53s best:17621440 next:[384166,17621438] objective_lb_search_max_lp
#Bound 135.83s best:17621440 next:[384194,17621438] objective_lb_search_max_lp
#Bound 136.25s best:17621440 next:[384232,17621438] objective_lb_search_max_lp
#Bound 136.56s best:17621440 next:[384262,17621438] objective_lb_search_max_lp
#Bound 136.96s best:17621440 next:[384264,17621438] objective_lb_search_max_lp
#Bound 137.38s best:17621440 next:[384276,17621438] objective_lb_search_max_lp
#Bound 137.74s best:17621440 next:[384282,17621438] objective_lb_search_max_lp
#Bound 138.06s best:17621440 next:[384298,17621438] objective_lb_search_max_lp
#Bound 138.36s best:17621440 next:[384314,17621438] objective_lb_search_max_lp
#Bound 138.64s best:17621440 next:[384318,17621438] objective_lb_search_max_lp
#Bound 139.07s best:17621440 next:[384360,17621438] objective_lb_search_max_lp
#Bound 139.39s best:17621440 next:[384364,17621438] objective_lb_search_max_lp
#Bound 139.82s best:17621440 next:[384378,17621438] objective_lb_search_max_lp
#Bound 140.26s best:17621440 next:[384388,17621438] objective_lb_search_max_lp
#Bound 140.95s best:17621440 next:[384394,17621438] objective_lb_search_max_lp
#Bound 141.29s best:17621440 next:[384414,17621438] objective_lb_search_max_lp
#Bound 141.62s best:17621440 next:[384666,17621438] objective_lb_search_max_lp
#Bound 141.94s best:17621440 next:[384680,17621438] objective_lb_search_max_lp
#Bound 142.25s best:17621440 next:[384690,17621438] objective_lb_search_max_lp
#Bound 142.91s best:17621440 next:[384826,17621438] objective_lb_search_max_lp [skipped_logs=1]
#Bound 145.01s best:17621440 next:[384828,17621438] objective_lb_search_max_lp
#Bound 145.63s best:17621440 next:[385086,17621438] objective_lb_search_max_lp
#Bound 145.97s best:17621440 next:[385092,17621438] objective_lb_search_max_lp [skipped_logs=0]
#Bound 146.89s best:17621440 next:[385104,17621438] objective_lb_search_max_lp [skipped_logs=1]
#Bound 147.20s best:17621440 next:[385110,17621438] objective_lb_search_max_lp [skipped_logs=1]
#Bound 185.29s best:17621440 next:[395278,17621438] default_lp
#Bound 211.35s best:17621440 next:[398008,17621438] probing
#Bound 220.47s best:17621440 next:[398012,17621438] lb_tree_search
#Bound 220.80s best:17621440 next:[400032,17621438] lb_tree_search
#Bound 221.39s best:17621440 next:[400430,17621438] lb_tree_search
#Bound 221.63s best:17621440 next:[401242,17621438] lb_tree_search
#Bound 221.93s best:17621440 next:[401834,17621438] lb_tree_search
#Bound 222.57s best:17621440 next:[402056,17621438] lb_tree_search
#Bound 269.33s best:17621440 next:[403460,17621438] probing_max_lp
#Bound 425.77s best:17621440 next:[465478,17621438] default_lp
#14    609.93s best:17617216 next:[465478,17617214] quick_restart_no_lp (fixed_bools=673/3573)
#Bound 610.15s best:17617216 next:[470158,17617214] max_lp
#15    709.72s best:17612310 next:[470158,17612308] quick_restart_no_lp (fixed_bools=735/3814)
#16    953.41s best:17610704 next:[470158,17610702] quick_restart_no_lp (fixed_bools=797/4120)
#17    969.84s best:17606788 next:[470158,17606786] quick_restart_no_lp (fixed_bools=810/4275)
#18    970.17s best:17604742 next:[470158,17604740] quick_restart_no_lp (fixed_bools=810/4292)
#Model 1216.37s var:1690/1714 constraints:2799/2819
#19    1281.60s best:17600342 next:[470158,17600340] quick_restart_no_lp (fixed_bools=904/4918)
#Bound 1697.19s best:17600342 next:[470160,17600340] lb_tree_search
#Bound 1697.46s best:17600342 next:[470236,17600340] lb_tree_search
#Bound 1729.36s best:17600342 next:[470238,17600340] lb_tree_search
#Bound 1729.73s best:17600342 next:[470370,17600340] lb_tree_search
#Bound 1730.34s best:17600342 next:[470404,17600340] lb_tree_search
#Bound 1730.91s best:17600342 next:[470470,17600340] lb_tree_search
#Bound 1733.30s best:17600342 next:[470496,17600340] lb_tree_search
#Bound 1733.70s best:17600342 next:[470548,17600340] lb_tree_search
#Bound 1750.70s best:17600342 next:[470558,17600340] lb_tree_search
#Bound 1751.10s best:17600342 next:[470668,17600340] lb_tree_search
#Bound 1751.49s best:17600342 next:[470730,17600340] lb_tree_search
#Bound 1751.88s best:17600342 next:[470782,17600340] lb_tree_search
#Bound 1752.24s best:17600342 next:[470790,17600340] lb_tree_search
#Bound 1752.60s best:17600342 next:[470806,17600340] lb_tree_search
#Bound 1752.95s best:17600342 next:[470842,17600340] lb_tree_search
#Bound 1753.30s best:17600342 next:[470860,17600340] lb_tree_search
#20    1941.81s best:17598186 next:[470860,17598184] quick_restart_no_lp (fixed_bools=1046/6350)
#Bound 1954.36s best:17598186 next:[470862,17598184] lb_tree_search
#Bound 1954.88s best:17598186 next:[470938,17598184] lb_tree_search
#Bound 2054.35s best:17598186 next:[470940,17598184] lb_tree_search
#Bound 2054.86s best:17598186 next:[471016,17598184] lb_tree_search
#21    2153.95s best:17591892 next:[471016,17591890] no_lp (fixed_bools=938/7626)
#22    2155.65s best:17568492 next:[471016,17568490] no_lp (fixed_bools=938/7640)
#23    2155.69s best:17474892 next:[471016,17474890] no_lp (fixed_bools=938/7657)
#24    2164.32s best:17454768 next:[471016,17454766] no_lp (fixed_bools=945/7707)
#25    2169.76s best:17414980 next:[471016,17414978] no_lp (fixed_bools=945/7841)
#26    2173.75s best:2373036 next:[471016,2373034] core (fixed_bools=888/3631)
#27    2178.05s best:2165134 next:[471016,2165132] core (fixed_bools=891/4387)
#Bound 2242.27s best:2165134 next:[471018,2165132] lb_tree_search
#Bound 2242.67s best:2165134 next:[471094,2165132] lb_tree_search
#28    2267.35s best:2059246 next:[471094,2059244] objective_lb_search_no_lp (fixed_bools=1508/6212)
#29    2274.79s best:2049886 next:[471094,2049884] objective_lb_search_no_lp (fixed_bools=1508/6244)
#30    2343.80s best:1884374 next:[471094,1884372] core (fixed_bools=1528/6054)
#31    2343.89s best:1880150 next:[471094,1880148] core (fixed_bools=1528/6077)
#32    2347.36s best:1875750 next:[471094,1875748] core (fixed_bools=1575/6138)
#33    2415.72s best:1768860 next:[471094,1768858] objective_lb_search_no_lp (fixed_bools=1919/6849)
#34    2620.79s best:1759726 next:[471094,1759724] objective_lb_search_no_lp (fixed_bools=2159/7189)
#35    2626.59s best:1756404 next:[471094,1756402] objective_lb_search_no_lp (fixed_bools=2235/7203)
#36    2920.37s best:1742314 next:[471094,1742312] objective_lb_search_no_lp (fixed_bools=2362/7813)
#37    2920.40s best:1739740 next:[471094,1739738] objective_lb_search_no_lp (fixed_bools=2362/7817)
#38    2920.58s best:1709320 next:[471094,1709318] objective_lb_search_no_lp (fixed_bools=2362/7831)
#39    2920.68s best:1705360 next:[471094,1705358] quick_restart_no_lp (fixed_bools=2173/9128)
#40    3453.30s best:1515762 next:[471094,1515760] objective_lb_search_no_lp (fixed_bools=2658/8848)
#41    3488.67s best:1510856 next:[471094,1510854] quick_restart_no_lp (fixed_bools=2954/10631)
#42    3496.62s best:1506896 next:[471094,1506894] quick_restart_no_lp (fixed_bools=2968/10875)
#43    3497.20s best:1505136 next:[471094,1505134] quick_restart_no_lp (fixed_bools=2968/10930)
#44    3511.29s best:1500494 next:[471094,1500492] quick_restart_no_lp (fixed_bools=3034/10976)
#45    4259.43s best:1485168 next:[471094,1485166] core (fixed_bools=3218/8295)
#46    4273.55s best:1374404 next:[471094,1374402] core (fixed_bools=3364/8832)
#47    4635.43s best:1372534 next:[471094,1372532] core (fixed_bools=3714/10119)
#48    4635.61s best:1306312 next:[471094,1306310] core (fixed_bools=3714/10123)
#49    4635.79s best:1278934 next:[471094,1278932] core (fixed_bools=3714/10157)
#50    4635.84s best:1278388 next:[471094,1278386] core (fixed_bools=3714/10162)
#51    4635.85s best:1271134 next:[471094,1271132] core (fixed_bools=3714/10165)
#52    4635.89s best:1258810 next:[471094,1258808] core (fixed_bools=3714/10172)
#53    5331.52s best:1243480 next:[471094,1243478] no_lp (fixed_bools=5443/13731)
#Bound 5335.12s best:1243480 next:[471096,1243478] pseudo_costs
#Bound 5335.49s best:1243480 next:[472018,1243478] pseudo_costs
#Bound 5335.89s best:1243480 next:[472058,1243478] pseudo_costs
#Bound 5336.31s best:1243480 next:[472122,1243478] pseudo_costs
#Bound 5337.22s best:1243480 next:[472186,1243478] pseudo_costs
#Bound 5373.35s best:1243480 next:[472656,1243478] pseudo_costs
#Bound 5373.60s best:1243480 next:[472732,1243478] pseudo_costs
#Bound 5374.59s best:1243480 next:[472738,1243478] pseudo_costs
#Bound 5375.03s best:1243480 next:[472810,1243478] pseudo_costs
#Bound 5405.65s best:1243480 next:[473004,1243478] pseudo_costs
#Bound 5406.11s best:1243480 next:[473044,1243478] pseudo_costs
#Bound 5412.79s best:1243480 next:[473062,1243478] pseudo_costs
#Bound 5413.08s best:1243480 next:[473122,1243478] pseudo_costs
#Bound 5426.33s best:1243480 next:[473132,1243478] pseudo_costs
#Bound 5426.68s best:1243480 next:[473200,1243478] pseudo_costs
#Bound 5526.01s best:1243480 next:[473216,1243478] pseudo_costs
#Bound 5526.60s best:1243480 next:[473278,1243478] pseudo_costs
#Bound 5580.23s best:1243480 next:[473296,1243478] pseudo_costs
#Bound 5580.52s best:1243480 next:[473428,1243478] pseudo_costs
#Bound 5580.81s best:1243480 next:[473446,1243478] pseudo_costs
#Bound 5581.05s best:1243480 next:[473476,1243478] pseudo_costs
#Bound 5581.47s best:1243480 next:[473512,1243478] pseudo_costs
#54    5669.25s best:1236814 next:[473512,1236812] quick_restart_no_lp (fixed_bools=4626/12852)
#Bound 5706.28s best:1236814 next:[473536,1236812] pseudo_costs
#Bound 5706.48s best:1236814 next:[473590,1236812] pseudo_costs
#Model 6365.79s var:1689/1714 constraints:2791/2819
#55    7096.39s best:1230716 next:[473590,1230714] no_lp (fixed_bools=6005/16282)
#56    7467.00s best:1211390 next:[473590,1211388] objective_lb_search_no_lp (fixed_bools=4798/14467)
#57    7681.85s best:1208596 next:[473590,1208594] quick_restart_no_lp (fixed_bools=5301/14532)
#Bound 7712.89s best:1208596 next:[473604,1208594] max_lp
#Bound 7713.18s best:1208596 next:[473608,1208594] max_lp
#Bound 7713.42s best:1208596 next:[473610,1208594] max_lp
#Bound 7713.76s best:1208596 next:[473614,1208594] max_lp
#Bound 7714.05s best:1208596 next:[473628,1208594] max_lp
#Bound 7714.38s best:1208596 next:[473682,1208594] max_lp
#Bound 7714.78s best:1208596 next:[473746,1208594] max_lp
#Bound 7725.04s best:1208596 next:[473792,1208594] max_lp
#Bound 7725.64s best:1208596 next:[473830,1208594] max_lp
#Bound 7725.68s best:1208596 next:[473832,1208594] max_lp
#Bound 7726.29s best:1208596 next:[473902,1208594] max_lp
#Bound 7729.45s best:1208596 next:[473912,1208594] max_lp
#Bound 7729.77s best:1208596 next:[473962,1208594] max_lp
#Bound 7730.09s best:1208596 next:[473980,1208594] max_lp
#Bound 7747.70s best:1208596 next:[473982,1208594] max_lp
#Bound 7748.00s best:1208596 next:[474058,1208594] max_lp
#Bound 7788.29s best:1208596 next:[474068,1208594] max_lp
#Bound 7788.73s best:1208596 next:[474070,1208594] max_lp
#Bound 7789.12s best:1208596 next:[474132,1208594] max_lp
#Bound 7789.93s best:1208596 next:[474136,1208594] max_lp
#Bound 7820.72s best:1208596 next:[474158,1208594] max_lp
#Bound 7820.94s best:1208596 next:[474214,1208594] max_lp
#Bound 7890.03s best:1208596 next:[474224,1208594] max_lp
#Bound 7890.24s best:1208596 next:[474232,1208594] max_lp
#Bound 7890.47s best:1208596 next:[474244,1208594] max_lp
#Bound 7890.83s best:1208596 next:[474292,1208594] max_lp
#Bound 7915.73s best:1208596 next:[474302,1208594] max_lp
#Bound 7916.02s best:1208596 next:[474332,1208594] max_lp
#Bound 7916.29s best:1208596 next:[474370,1208594] max_lp
#Bound 8123.11s best:1208596 next:[474372,1208594] max_lp
#Bound 8123.47s best:1208596 next:[474384,1208594] max_lp
#Bound 8124.80s best:1208596 next:[474396,1208594] max_lp
#Bound 8125.11s best:1208596 next:[474410,1208594] max_lp
#Bound 8125.39s best:1208596 next:[474422,1208594] max_lp
#58    9442.78s best:1199754 next:[474422,1199752] core (fixed_bools=5759/17216)
#59    9443.46s best:1171674 next:[474422,1171672] core (fixed_bools=5759/17232)
#Bound 9536.64s best:1171674 next:[474424,1171672] max_lp
#Bound 9537.07s best:1171674 next:[474426,1171672] max_lp
#Bound 9537.45s best:1171674 next:[474428,1171672] max_lp
#Bound 9538.16s best:1171674 next:[474430,1171672] max_lp
#Bound 9538.70s best:1171674 next:[474434,1171672] max_lp
#Bound 9539.27s best:1171674 next:[474436,1171672] max_lp
#Bound 9540.91s best:1171674 next:[474448,1171672] max_lp
#Bound 9592.81s best:1171674 next:[474450,1171672] max_lp
#Bound 9600.81s best:1171674 next:[474452,1171672] max_lp
#Bound 9602.35s best:1171674 next:[474454,1171672] max_lp
#Bound 9603.70s best:1171674 next:[474458,1171672] max_lp
#60    9604.49s best:1167032 next:[474458,1167030] quick_restart_no_lp (fixed_bools=5933/15648)
#Bound 9605.01s best:1167032 next:[474474,1167030] max_lp
#Bound 9605.10s best:1167032 next:[474494,1167030] max_lp
#Bound 9607.89s best:1167032 next:[474500,1167030] max_lp
#Bound 9616.35s best:1167032 next:[474502,1167030] max_lp
#Bound 9616.74s best:1167032 next:[474526,1167030] max_lp
#Bound 9619.32s best:1167032 next:[474528,1167030] max_lp
#Bound 9620.67s best:1167032 next:[474534,1167030] max_lp
#Bound 9620.73s best:1167032 next:[474550,1167030] max_lp
#Bound 9621.81s best:1167032 next:[474552,1167030] max_lp
#Bound 9622.48s best:1167032 next:[474560,1167030] max_lp
#Bound 9622.97s best:1167032 next:[474572,1167030] max_lp
#Bound 9623.64s best:1167032 next:[474590,1167030] max_lp
#Bound 9623.71s best:1167032 next:[474592,1167030] max_lp
#Bound 9624.38s best:1167032 next:[474604,1167030] max_lp
#Bound 9657.30s best:1167032 next:[474606,1167030] max_lp
#Bound 9657.86s best:1167032 next:[474610,1167030] max_lp
#Bound 9658.36s best:1167032 next:[474622,1167030] max_lp
#Bound 9659.07s best:1167032 next:[474630,1167030] max_lp
#Bound 9660.24s best:1167032 next:[474656,1167030] max_lp
#Bound 9670.11s best:1167032 next:[474658,1167030] max_lp
#Bound 9671.14s best:1167032 next:[474660,1167030] max_lp
#Bound 9672.01s best:1167032 next:[474664,1167030] max_lp
#Bound 9672.74s best:1167032 next:[474688,1167030] max_lp
#Bound 9673.10s best:1167032 next:[474696,1167030] max_lp
#Bound 9673.47s best:1167032 next:[474734,1167030] max_lp
#Bound 9689.58s best:1167032 next:[474736,1167030] max_lp
#Bound 9690.06s best:1167032 next:[474748,1167030] max_lp
#Bound 9694.60s best:1167032 next:[474760,1167030] max_lp
#61    9754.61s best:1164612 next:[474760,1164610] quick_restart_no_lp (fixed_bools=6047/15977)
#62    9761.28s best:1159816 next:[474760,1159814] quick_restart_no_lp (fixed_bools=6113/16003)
#63    10181.04s best:1152876 next:[474760,1152874] objective_lb_search_no_lp (fixed_bools=5934/15866)
#64    10181.33s best:1054596 next:[474760,1054594] objective_lb_search_no_lp (fixed_bools=5934/15903)
#65    11385.86s best:741720 next:[474760,741718] objective_lb_search_no_lp (fixed_bools=6461/16675)
#Model 11390.10s var:1688/1714 constraints:2791/2819
#Model 11390.60s var:1687/1714 constraints:2791/2819
#Model 11390.71s var:1686/1714 constraints:2791/2819
#Model 11390.81s var:1685/1714 constraints:2791/2819
#Model 11391.61s var:1684/1714 constraints:2790/2819
#Model 11392.72s var:1683/1714 constraints:2790/2819
#Model 11392.82s var:1682/1714 constraints:2789/2819
#Model 11392.93s var:1680/1714 constraints:2788/2819
#Model 11393.33s var:1679/1714 constraints:2787/2819
#Model 11393.53s var:1678/1714 constraints:2787/2819
#Model 11393.74s var:1677/1714 constraints:2787/2819
#Model 11394.04s var:1670/1714 constraints:2784/2819
#Model 11394.14s var:1664/1714 constraints:2782/2819
#Model 11394.45s var:1663/1714 constraints:2782/2819
#Model 11394.65s var:1662/1714 constraints:2782/2819
#Model 11395.65s var:1661/1714 constraints:2781/2819
#Model 11397.66s var:1660/1714 constraints:2780/2819
#Model 11616.54s var:1659/1714 constraints:2780/2819
#Model 11616.64s var:1658/1714 constraints:2780/2819
#Model 11616.74s var:1656/1714 constraints:2779/2819
#Model 12907.32s var:1655/1714 constraints:2779/2819
#Bound 13105.63s best:741720 next:[474852,741718] pseudo_costs
#Bound 13106.40s best:741720 next:[474860,741718] pseudo_costs
#Bound 13106.70s best:741720 next:[474876,741718] pseudo_costs
#Bound 13107.00s best:741720 next:[474912,741718] pseudo_costs
#Bound 13107.28s best:741720 next:[474952,741718] pseudo_costs
#Bound 13107.98s best:741720 next:[474992,741718] pseudo_costs
#Bound 13108.24s best:741720 next:[474994,741718] pseudo_costs
#Bound 13113.10s best:741720 next:[475014,741718] pseudo_costs
#Bound 13113.41s best:741720 next:[475072,741718] pseudo_costs
#Bound 13224.64s best:741720 next:[475100,741718] pseudo_costs
#Bound 13225.35s best:741720 next:[475136,741718] pseudo_costs
#Bound 13225.77s best:741720 next:[475150,741718] pseudo_costs
#Bound 13226.23s best:741720 next:[475154,741718] pseudo_costs
#Bound 13227.10s best:741720 next:[475228,741718] pseudo_costs
#Bound 13249.27s best:741720 next:[479518,741718] default_lp
#Bound 13309.92s best:741720 next:[479536,741718] pseudo_costs
#Bound 13310.26s best:741720 next:[479788,741718] pseudo_costs
#Bound 13310.50s best:741720 next:[480004,741718] pseudo_costs
#Bound 13310.84s best:741720 next:[480026,741718] pseudo_costs
#Bound 13311.11s best:741720 next:[480212,741718] pseudo_costs
#Bound 13311.40s best:741720 next:[480220,741718] pseudo_costs
#Bound 13311.67s best:741720 next:[480232,741718] pseudo_costs
#Bound 13311.92s best:741720 next:[480298,741718] pseudo_costs
#Bound 13337.35s best:741720 next:[480308,741718] pseudo_costs
#Bound 13337.97s best:741720 next:[480376,741718] pseudo_costs
#Bound 13361.09s best:741720 next:[480392,741718] pseudo_costs
#Bound 13361.56s best:741720 next:[480454,741718] pseudo_costs
#66    13377.06s best:735450 next:[480454,735448] core (fixed_bools=9821/24743)
#Model 13401.83s var:1654/1714 constraints:2779/2819
#Bound 13419.81s best:735450 next:[480470,735448] pseudo_costs
#Bound 13420.12s best:735450 next:[480532,735448] pseudo_costs
#Model 13440.46s var:1653/1714 constraints:2779/2819
#Bound 13761.43s best:735450 next:[480566,735448] probing_max_lp
#Bound 13761.87s best:735450 next:[480846,735448] probing_max_lp
#Bound 13762.30s best:735450 next:[481268,735448] probing_max_lp
#Bound 13762.65s best:735450 next:[481848,735448] probing_max_lp
#Bound 13762.95s best:735450 next:[481918,735448] probing_max_lp
#Bound 13763.38s best:735450 next:[482332,735448] probing_max_lp
#Bound 13763.73s best:735450 next:[482458,735448] probing_max_lp
#Bound 13763.98s best:735450 next:[482516,735448] probing_max_lp
#Bound 13764.40s best:735450 next:[483560,735448] probing_max_lp
#Bound 13764.63s best:735450 next:[484284,735448] probing_max_lp
#Bound 13764.66s best:735450 next:[484420,735448] probing_max_lp
#Bound 13764.89s best:735450 next:[484820,735448] probing_max_lp
#Bound 13765.08s best:735450 next:[484822,735448] probing_max_lp
#Bound 13765.31s best:735450 next:[484980,735448] probing_max_lp
#Bound 13765.62s best:735450 next:[485056,735448] probing_max_lp
#Bound 13766.24s best:735450 next:[485070,735448] probing_max_lp
#Bound 13766.48s best:735450 next:[485134,735448] probing_max_lp
#Bound 13766.73s best:735450 next:[485136,735448] probing_max_lp
#Bound 13766.99s best:735450 next:[485212,735448] probing_max_lp
#Bound 13769.09s best:735450 next:[485226,735448] probing_max_lp
#Bound 13769.37s best:735450 next:[485290,735448] probing_max_lp
#Bound 13769.69s best:735450 next:[485320,735448] probing_max_lp
#Bound 13769.92s best:735450 next:[485368,735448] probing_max_lp
#Bound 13771.66s best:735450 next:[485376,735448] probing_max_lp
#Bound 13772.16s best:735450 next:[485402,735448] probing_max_lp
#Bound 13772.52s best:735450 next:[485416,735448] probing_max_lp
#Bound 13773.10s best:735450 next:[485420,735448] probing_max_lp
#Bound 13773.41s best:735450 next:[485446,735448] probing_max_lp
#Bound 13773.44s best:735450 next:[485454,735448] probing_max_lp
#Bound 13773.78s best:735450 next:[485484,735448] probing_max_lp
#Bound 13773.98s best:735450 next:[485524,735448] probing_max_lp
#Bound 13774.52s best:735450 next:[485526,735448] probing_max_lp
#Bound 13774.74s best:735450 next:[485602,735448] probing_max_lp
#Bound 13780.97s best:735450 next:[485618,735448] probing_max_lp
#Bound 13781.35s best:735450 next:[486044,735448] probing_max_lp
#Bound 13781.81s best:735450 next:[486322,735448] probing_max_lp
#Bound 13782.02s best:735450 next:[486382,735448] probing_max_lp
#Bound 13783.75s best:735450 next:[486550,735448] probing_max_lp
#Bound 13784.03s best:735450 next:[486616,735448] probing_max_lp
#Bound 13784.62s best:735450 next:[487296,735448] probing_max_lp
#Bound 13791.49s best:735450 next:[488878,735448] default_lp
#Bound 13793.91s best:735450 next:[489178,735448] reduced_costs
#Bound 13794.30s best:735450 next:[489268,735448] reduced_costs
#Bound 13794.70s best:735450 next:[489338,735448] reduced_costs
#Bound 13795.20s best:735450 next:[489344,735448] reduced_costs
#Bound 13795.56s best:735450 next:[489380,735448] reduced_costs
#Bound 13795.94s best:735450 next:[489536,735448] reduced_costs
#Bound 13796.34s best:735450 next:[489580,735448] reduced_costs
#Bound 13798.96s best:735450 next:[489622,735448] reduced_costs
#Bound 13799.72s best:735450 next:[489738,735448] reduced_costs
#Bound 13800.12s best:735450 next:[489844,735448] reduced_costs
#Bound 13800.45s best:735450 next:[489910,735448] reduced_costs
#Bound 13800.75s best:735450 next:[490722,735448] reduced_costs
#Bound 13801.12s best:735450 next:[490750,735448] reduced_costs
#Bound 13801.46s best:735450 next:[490798,735448] reduced_costs
#Bound 13801.67s best:735450 next:[491052,735448] reduced_costs
#Bound 13801.90s best:735450 next:[491062,735448] reduced_costs
#Bound 13802.56s best:735450 next:[491064,735448] reduced_costs
#Bound 13802.87s best:735450 next:[491140,735448] reduced_costs
#Bound 13806.98s best:735450 next:[493558,735448] probing_max_lp
#Bound 13835.18s best:735450 next:[493560,735448] probing_max_lp
#Bound 13835.48s best:735450 next:[493574,735448] probing_max_lp
#Bound 13835.84s best:735450 next:[493636,735448] probing_max_lp
#Bound 13836.47s best:735450 next:[494146,735448] probing_max_lp
#Bound 13836.93s best:735450 next:[494376,735448] probing_max_lp
#Bound 13837.22s best:735450 next:[494416,735448] probing_max_lp
#Bound 13838.06s best:735450 next:[494418,735448] probing_max_lp
#Bound 13838.30s best:735450 next:[494426,735448] probing_max_lp
#Bound 13838.65s best:735450 next:[495084,735448] probing_max_lp
#Bound 13838.85s best:735450 next:[495118,735448] probing_max_lp
#Bound 13839.08s best:735450 next:[495234,735448] probing_max_lp
#Bound 13839.27s best:735450 next:[495290,735448] probing_max_lp
#Bound 13839.48s best:735450 next:[495352,735448] probing_max_lp
#Bound 13839.72s best:735450 next:[495382,735448] probing_max_lp
#Bound 13839.92s best:735450 next:[496740,735448] probing_max_lp
#Bound 13840.10s best:735450 next:[497204,735448] probing_max_lp
#Bound 13840.50s best:735450 next:[497648,735448] probing_max_lp
#Bound 13840.78s best:735450 next:[497984,735448] probing_max_lp
#Bound 13841.11s best:735450 next:[498004,735448] probing_max_lp
#Bound 13841.77s best:735450 next:[498096,735448] probing_max_lp
#Bound 13842.30s best:735450 next:[498210,735448] probing_max_lp
#Bound 13842.52s best:735450 next:[498242,735448] probing_max_lp
#Bound 13842.76s best:735450 next:[498316,735448] probing_max_lp
#Bound 13843.66s best:735450 next:[498376,735448] probing_max_lp
#Bound 13844.29s best:735450 next:[498578,735448] probing_max_lp
#Bound 13844.71s best:735450 next:[498608,735448] probing_max_lp
#Bound 13845.08s best:735450 next:[498614,735448] probing_max_lp
#Bound 13845.44s best:735450 next:[498628,735448] probing_max_lp
#Bound 13845.80s best:735450 next:[498808,735448] probing_max_lp
#Bound 13846.23s best:735450 next:[498862,735448] probing_max_lp
#Bound 13855.98s best:735450 next:[498874,735448] probing_max_lp
#Bound 13856.15s best:735450 next:[498940,735448] probing_max_lp
#Bound 13902.33s best:735450 next:[498958,735448] probing_max_lp
#Bound 13902.62s best:735450 next:[499018,735448] probing_max_lp
#Bound 13935.97s best:735450 next:[499058,735448] probing_max_lp
#Bound 13936.24s best:735450 next:[499096,735448] probing_max_lp
#Bound 14368.36s best:735450 next:[499098,735448] max_lp
#Bound 14368.67s best:735450 next:[499168,735448] max_lp
#Bound 14369.10s best:735450 next:[499174,735448] max_lp
#Bound 14415.61s best:735450 next:[499176,735448] max_lp
#Bound 14416.07s best:735450 next:[499298,735448] max_lp
#Bound 14416.12s best:735450 next:[499300,735448] max_lp
#Bound 14416.51s best:735450 next:[499334,735448] max_lp
#Bound 14416.94s best:735450 next:[499408,735448] max_lp
#Bound 14417.11s best:735450 next:[499658,735448] max_lp
#Bound 14417.32s best:735450 next:[499720,735448] max_lp
#Bound 14441.65s best:735450 next:[499738,735448] max_lp
#Bound 14442.10s best:735450 next:[499798,735448] max_lp
#Bound 14442.13s best:735450 next:[499800,735448] max_lp
#Bound 14442.44s best:735450 next:[499876,735448] max_lp
#Model 14502.86s var:1650/1714 constraints:2779/2819
#Bound 14506.96s best:735450 next:[499888,735448] max_lp
#Bound 14507.47s best:735450 next:[499914,735448] max_lp
#Bound 14507.73s best:735450 next:[499944,735448] max_lp
#Bound 14508.05s best:735450 next:[499954,735448] max_lp
#Bound 14508.66s best:735450 next:[499966,735448] max_lp
#Bound 14509.13s best:735450 next:[500032,735448] max_lp
#Bound 14840.79s best:735450 next:[500034,735448] max_lp
#Bound 14841.97s best:735450 next:[500038,735448] max_lp
#Bound 14842.40s best:735450 next:[500110,735448] max_lp
#Bound 14852.69s best:735450 next:[500874,735448] lb_tree_search
#Bound 14852.88s best:735450 next:[501264,735448] lb_tree_search
#Bound 14853.18s best:735450 next:[501344,735448] lb_tree_search
#Bound 14853.25s best:735450 next:[501414,735448] lb_tree_search
#Bound 14853.54s best:735450 next:[501436,735448] lb_tree_search
#Bound 14853.93s best:735450 next:[501468,735448] lb_tree_search
#Bound 14854.36s best:735450 next:[501514,735448] lb_tree_search
#Bound 14854.92s best:735450 next:[501556,735448] lb_tree_search
#Bound 14855.17s best:735450 next:[501624,735448] lb_tree_search
#Bound 14855.49s best:735450 next:[501670,735448] lb_tree_search
#Bound 14861.28s best:735450 next:[502918,735448] pseudo_costs
#Bound 15090.67s best:735450 next:[502920,735448] max_lp
#Bound 15091.07s best:735450 next:[502996,735448] max_lp
#Bound 15096.61s best:735450 next:[503000,735448] max_lp
#Bound 15096.65s best:735450 next:[503004,735448] max_lp
#Bound 15096.91s best:735450 next:[503110,735448] max_lp
#Bound 15097.14s best:735450 next:[503236,735448] max_lp
#Bound 15097.36s best:735450 next:[503254,735448] max_lp
#Bound 15097.56s best:735450 next:[503380,735448] max_lp
#Bound 15097.76s best:735450 next:[503414,735448] max_lp
#Bound 15098.08s best:735450 next:[503464,735448] max_lp
#Bound 15098.49s best:735450 next:[503474,735448] max_lp
#Bound 15098.77s best:735450 next:[503542,735448] max_lp
#Bound 15128.20s best:735450 next:[503620,735448] pseudo_costs
#Bound 15128.34s best:735450 next:[503730,735448] pseudo_costs
#Bound 15128.73s best:735450 next:[503776,735448] pseudo_costs
#Bound 15129.17s best:735450 next:[503778,735448] pseudo_costs
#Bound 15129.62s best:735450 next:[504890,735448] pseudo_costs
#Bound 15129.92s best:735450 next:[505702,735448] pseudo_costs
#Bound 15130.28s best:735450 next:[506282,735448] pseudo_costs
#Bound 15130.61s best:735450 next:[506742,735448] pseudo_costs
#Bound 15130.92s best:735450 next:[507084,735448] pseudo_costs
#Bound 15131.38s best:735450 next:[507134,735448] max_lp
#Bound 15131.41s best:735450 next:[507310,735448] pseudo_costs
#Bound 15131.92s best:735450 next:[507482,735448] pseudo_costs
#Bound 15132.53s best:735450 next:[507592,735448] pseudo_costs
#Bound 15133.04s best:735450 next:[507598,735448] pseudo_costs
#67    15414.47s best:733844 next:[507598,733842] quick_restart_no_lp (fixed_bools=9332/20219)
#Bound 16207.10s best:733844 next:[507600,733842] probing_max_lp
#Bound 16207.88s best:733844 next:[507602,733842] probing_max_lp
#Bound 16208.31s best:733844 next:[507676,733842] probing_max_lp
#Bound 16575.12s best:733844 next:[507678,733842] pseudo_costs
#Bound 16575.47s best:733844 next:[507752,733842] pseudo_costs
#Bound 16576.84s best:733844 next:[507754,733842] pseudo_costs
#Bound 16578.66s best:733844 next:[507758,733842] pseudo_costs
#Bound 16579.07s best:733844 next:[507832,733842] pseudo_costs
#Bound 16579.29s best:733844 next:[507848,733842] pseudo_costs
#Bound 16579.62s best:733844 next:[507910,733842] pseudo_costs
#Bound 16592.05s best:733844 next:[507912,733842] pseudo_costs
#Bound 16592.28s best:733844 next:[507988,733842] pseudo_costs
#Bound 16593.75s best:733844 next:[507998,733842] pseudo_costs
#Bound 16593.99s best:733844 next:[508028,733842] pseudo_costs
#Bound 16594.23s best:733844 next:[508066,733842] pseudo_costs
#Bound 16706.54s best:733844 next:[508068,733842] pseudo_costs
#Bound 16706.86s best:733844 next:[508118,733842] pseudo_costs
#Bound 16707.56s best:733844 next:[508144,733842] pseudo_costs
#Bound 16757.15s best:733844 next:[508146,733842] pseudo_costs
#Bound 16757.56s best:733844 next:[508148,733842] pseudo_costs
#Bound 16757.90s best:733844 next:[508154,733842] pseudo_costs
#Bound 16758.27s best:733844 next:[508222,733842] pseudo_costs
#Bound 17563.47s best:733844 next:[508224,733842] pseudo_costs
#Bound 17563.89s best:733844 next:[508260,733842] pseudo_costs
#Bound 17564.30s best:733844 next:[508274,733842] pseudo_costs
#Bound 17564.35s best:733844 next:[508300,733842] pseudo_costs
#Bound 18713.88s best:733844 next:[508302,733842] max_lp
#Bound 18714.36s best:733844 next:[508378,733842] max_lp
#68    20675.36s best:732940 next:[508378,732938] no_lp (fixed_bools=10602/33446)
#69    21003.15s best:728298 next:[508378,728296] quick_restart_no_lp (fixed_bools=9423/23405)
#Model 21023.14s var:1649/1714 constraints:2779/2819

Task timing                                  n [     min,      max]      avg      dev     time         n [     min,      max]      avg      dev    dtime
                             'core':         1 [   6.00h,    6.00h]    6.00h   0.00ns    6.00h         1 [   3.43h,    3.43h]    3.43h   0.00ns    3.43h
                       'default_lp':         1 [   6.00h,    6.00h]    6.00h   0.00ns    6.00h         1 [  33.91m,   33.91m]   33.91m   0.00ns   33.91m
                 'feasibility_pump':         2 [ 66.93ms,    1.73s] 895.98ms 829.05ms    1.79s         1 [523.45ms, 523.45ms] 523.45ms   0.00ns 523.45ms
                  'fj_long_default':         1 [110.03ms, 110.03ms] 110.03ms   0.00ns 110.03ms         1 [ 19.24ms,  19.24ms]  19.24ms   0.00ns  19.24ms
              'fj_long_lin_default':         2 [ 81.31ms,  97.72ms]  89.51ms   8.20ms 179.02ms         2 [ 17.65ms,  19.41ms]  18.53ms 877.77us  37.06ms
                   'fj_long_random':         1 [151.40ms, 151.40ms] 151.40ms   0.00ns 151.40ms         1 [ 34.20ms,  34.20ms]  34.20ms   0.00ns  34.20ms
                 'fj_short_default':         3 [ 57.49ms, 110.20ms]  90.47ms  23.47ms 271.40ms         3 [ 14.52ms,  24.30ms]  18.32ms   4.28ms  54.96ms
             'fj_short_lin_default':         2 [ 77.84ms,  95.21ms]  86.52ms   8.69ms 173.05ms         2 [ 16.64ms,  21.86ms]  19.25ms   2.61ms  38.50ms
              'fj_short_lin_random':         2 [105.48ms, 107.26ms] 106.37ms 888.02us 212.73ms         2 [ 19.20ms,  24.18ms]  21.69ms   2.49ms  43.38ms
                  'fj_short_random':         2 [ 72.17ms, 102.69ms]  87.43ms  15.26ms 174.86ms         2 [ 16.03ms,  22.75ms]  19.39ms   3.36ms  38.78ms
                        'fs_random':         1 [185.91ms, 185.91ms] 185.91ms   0.00ns 185.91ms         1 [ 20.00ns,  20.00ns]  20.00ns   0.00ns  20.00ns
                        'fs_random':         1 [188.19ms, 188.19ms] 188.19ms   0.00ns 188.19ms         1 [ 20.00ns,  20.00ns]  20.00ns   0.00ns  20.00ns
                  'fs_random_no_lp':         1 [178.96ms, 178.96ms] 178.96ms   0.00ns 178.96ms         0 [  0.00ns,   0.00ns]   0.00ns   0.00ns   0.00ns
                  'fs_random_no_lp':         1 [181.27ms, 181.27ms] 181.27ms   0.00ns 181.27ms         0 [  0.00ns,   0.00ns]   0.00ns   0.00ns   0.00ns
          'fs_random_quick_restart':         1 [185.23ms, 185.23ms] 185.23ms   0.00ns 185.23ms         1 [ 20.00ns,  20.00ns]  20.00ns   0.00ns  20.00ns
          'fs_random_quick_restart':         1 [187.65ms, 187.65ms] 187.65ms   0.00ns 187.65ms         1 [ 20.00ns,  20.00ns]  20.00ns   0.00ns  20.00ns
    'fs_random_quick_restart_no_lp':         1 [180.62ms, 180.62ms] 180.62ms   0.00ns 180.62ms         0 [  0.00ns,   0.00ns]   0.00ns   0.00ns   0.00ns
                    'graph_arc_lns':         4 [   6.00h,    6.00h]    6.00h 235.17ms   24.00h         1 [ 40.00ns,  40.00ns]  40.00ns   0.00ns  40.00ns
                    'graph_cst_lns':         4 [   6.00h,    6.00h]    6.00h 281.03ms   24.00h         1 [634.00ns, 634.00ns] 634.00ns   0.00ns 634.00ns
                    'graph_dec_lns':         4 [314.00ms,    6.00h]    3.00h    3.00h   12.00h         3 [  5.03us, 100.08ms]  66.71ms  47.17ms 200.14ms
                    'graph_var_lns':         4 [168.28ms,    6.00h]    1.50h    2.60h    6.00h         4 [ 10.00ns, 100.15ms]  75.08ms  43.34ms 300.30ms
                   'lb_tree_search':         1 [   6.00h,    6.00h]    6.00h   0.00ns    6.00h         1 [  20.93m,   20.93m]   20.93m   0.00ns   20.93m
                           'max_lp':         1 [   6.00h,    6.00h]    6.00h   0.00ns    6.00h         1 [  21.86m,   21.86m]   21.86m   0.00ns   21.86m
                            'no_lp':         1 [   6.00h,    6.00h]    6.00h   0.00ns    6.00h         1 [   3.67h,    3.67h]    3.67h   0.00ns    3.67h
              'objective_lb_search':         1 [   6.00h,    6.00h]    6.00h   0.00ns    6.00h         1 [  33.32m,   33.32m]   33.32m   0.00ns   33.32m
       'objective_lb_search_max_lp':         1 [   6.00h,    6.00h]    6.00h   0.00ns    6.00h         1 [  20.87m,   20.87m]   20.87m   0.00ns   20.87m
        'objective_lb_search_no_lp':         1 [   6.00h,    6.00h]    6.00h   0.00ns    6.00h         1 [   3.20h,    3.20h]    3.20h   0.00ns    3.20h
  'objective_shaving_search_max_lp':        10 [  9.08ms,  95.83ms]  20.37ms  25.72ms 203.68ms         0 [  0.00ns,   0.00ns]   0.00ns   0.00ns   0.00ns
   'objective_shaving_search_no_lp':         8 [  5.40ms,  96.15ms]  24.01ms  27.76ms 192.09ms         0 [  0.00ns,   0.00ns]   0.00ns   0.00ns   0.00ns
                          'probing':         1 [   6.00h,    6.00h]    6.00h   0.00ns    6.00h         1 [  31.03m,   31.03m]   31.03m   0.00ns   31.03m
                   'probing_max_lp':         1 [   6.00h,    6.00h]    6.00h   0.00ns    6.00h         1 [  21.21m,   21.21m]   21.21m   0.00ns   21.21m
                     'pseudo_costs':         1 [   6.00h,    6.00h]    6.00h   0.00ns    6.00h         1 [  20.76m,   20.76m]   20.76m   0.00ns   20.76m
                    'quick_restart':         1 [   6.00h,    6.00h]    6.00h   0.00ns    6.00h         1 [  31.88m,   31.88m]   31.88m   0.00ns   31.88m
              'quick_restart_no_lp':         1 [   6.00h,    6.00h]    6.00h   0.00ns    6.00h         1 [   3.01h,    3.01h]    3.01h   0.00ns    3.01h
                    'reduced_costs':         1 [   6.00h,    6.00h]    6.00h   0.00ns    6.00h         1 [  22.21m,   22.21m]   22.21m   0.00ns   22.21m
                        'rins/rens':         2 [417.14ms,    6.00h]    3.00h    3.00h    6.00h         2 [ 10.00ns, 100.17ms]  50.09ms  50.09ms 100.17ms
                      'rnd_cst_lns':         4 [561.60ms,    6.00h]    4.50h    2.60h   18.00h         2 [143.00ns, 100.02ms]  50.01ms  50.01ms 100.02ms
                      'rnd_var_lns':         4 [935.77ms,    6.00h]    4.50h    2.60h   18.00h         2 [ 30.00ns, 100.00ms]  50.00ms  50.00ms 100.00ms
                     'violation_ls':         4 [308.35us,   6.26ms]   1.88ms   2.53ms   7.53ms         4 [ 11.96us,  13.68us]  13.19us 716.01ns  52.77us
                     'violation_ls':         4 [330.50us,   5.93ms]   2.31ms   2.26ms   9.23ms         4 [  5.28us, 752.39us] 222.31us 309.21us 889.26us
                     'violation_ls':         4 [389.64us,   6.33ms]   2.75ms   2.39ms  11.01ms         4 [ 12.05us, 798.78us] 394.62us 382.09us   1.58ms

Search stats                         Bools  Conflicts     Branches    Restarts      BoolPropag   IntegerPropag
                           'core':  34'734  1'104'672  303'672'459  61'057'882  36'239'064'904  11'784'179'062
                     'default_lp':   2'014         36      119'372      59'366       4'714'319      10'138'672
                      'fs_random':   1'422          0        1'390       1'390          28'718         101'682
                      'fs_random':   1'422          0        1'440       1'440          29'614         105'267
                'fs_random_no_lp':   1'422          0        1'458       1'458          30'020         107'134
                'fs_random_no_lp':   1'422          0        1'466       1'466          30'182         107'701
        'fs_random_quick_restart':   1'422          0        1'438       1'438          29'560         105'031
        'fs_random_quick_restart':   1'422          0        1'446       1'446          29'778         106'075
  'fs_random_quick_restart_no_lp':   1'422          0        1'458       1'458          30'020         107'134
                 'lb_tree_search':   2'014         23       55'325      32'952       2'494'407       5'338'903
                         'max_lp':   2'014         32       53'444      31'950       2'409'740       5'170'106
                          'no_lp':  35'518  1'850'776  309'067'579  61'638'178  39'885'341'482  11'760'437'220
            'objective_lb_search':   2'014         34      112'774      57'205       4'506'687       9'691'896
     'objective_lb_search_max_lp':   2'014         26       52'944      31'709       2'383'592       5'117'360
      'objective_lb_search_no_lp':  29'791    865'374  316'294'508  63'536'503  34'053'012'727  12'223'206'075
                        'probing':   2'014         41      133'434      64'844       5'182'241      11'104'920
                 'probing_max_lp':   2'014         20       51'654      31'381       2'377'753       5'064'119
                   'pseudo_costs':   2'014         20       53'925      32'216       2'436'732       5'219'188
                  'quick_restart':   2'014         48      114'145      57'724       4'563'917       9'778'844
            'quick_restart_no_lp':  23'586    658'010  338'347'830  71'126'571  29'015'323'715  13'697'370'624
                  'reduced_costs':   2'014         29       53'339      31'936       2'414'230       5'186'937

SAT stats                           ClassicMinim  LitRemoved   LitLearned  LitForgotten  Subsumed  MClauses  MDecisions  MLitTrue  MSubsumed  MLitRemoved  MReused
                           'core':       995'871   8'846'242  341'798'837   319'079'668    42'163    39'414   7'169'536         4      2'210      358'804   30'590
                     'default_lp':            20          44           58             0         0         0           0         0          0            0        0
                      'fs_random':             0           0            0             0         0         0           0         0          0            0        0
                      'fs_random':             0           0            0             0         0         0           0         0          0            0        0
                'fs_random_no_lp':             0           0            0             0         0         0           0         0          0            0        0
                'fs_random_no_lp':             0           0            0             0         0         0           0         0          0            0        0
        'fs_random_quick_restart':             0           0            0             0         0         0           0         0          0            0        0
        'fs_random_quick_restart':             0           0            0             0         0         0           0         0          0            0        0
  'fs_random_quick_restart_no_lp':             0           0            0             0         0         0           0         0          0            0        0
                 'lb_tree_search':            10          15           34             0         0         0           0         0          0            0        0
                         'max_lp':            20          40           52             0         0         0           0         0          0            0        0
                          'no_lp':     1'707'190  16'232'058  538'809'211   512'701'215    57'316    26'714   7'861'825         4      2'357      333'714   22'856
            'objective_lb_search':            19          28           54             0         0         0           0         0          0            0        0
     'objective_lb_search_max_lp':            14          25           40             0         0         0           0         0          0            0        0
      'objective_lb_search_no_lp':       771'431   7'442'211  280'866'541   261'870'814    36'520    20'508  10'139'961         2      1'772      241'958   47'893
                        'probing':            28          55           69             0         0         0           0         0          0            0        0
                 'probing_max_lp':             9          14           29             0         0         0           0         0          0            0        0
                   'pseudo_costs':             8          17           28             0         0         0           0         0          0            0        0
                  'quick_restart':            34          78           82             0         0         0           0         0          0            0        0
            'quick_restart_no_lp':       560'324   5'131'151  216'709'465   198'171'667    35'980    38'343  14'248'268         6      1'970      252'531   72'171
                  'reduced_costs':            17          42           46             0         0         0           0         0          0            0        0

Lp stats                         Component  Iterations  AddedCuts  OPTIMAL  DUAL_F.  DUAL_U.
                  'default_lp':          1  11'539'452  4'500'508  327'477       13        5
                   'fs_random':          1           0          0        0        0        0
                   'fs_random':          1           0          0        0        0        0
     'fs_random_quick_restart':          1           0          0        0        0        0
     'fs_random_quick_restart':          1           0          0        0        0        0
              'lb_tree_search':          1   4'595'148  1'164'767  112'483   32'010        1
                      'max_lp':          1   4'737'673  1'366'381  110'479   29'965        1
         'objective_lb_search':          1   9'490'763  4'004'901  315'254       13        3
  'objective_lb_search_max_lp':          1   4'440'132  1'183'958  107'882   30'560        3
                     'probing':          1  10'027'890  3'689'961  355'190       10        4
              'probing_max_lp':          1   4'565'293  1'208'493  107'074   29'817        0
                'pseudo_costs':          1   4'554'474  1'183'887  111'358   30'304        1
               'quick_restart':          1   9'399'641  3'764'704  317'513        8        3
               'reduced_costs':          1   4'779'564  1'242'930  110'060   30'500        1

Lp dimension                                                                        Final dimension of first component
                  'default_lp':  2291 rows, 1713 columns, 20742 entries with magnitude in [6.601184e-06, 1.000000e+00]
                   'fs_random':         0 rows, 1713 columns, 0 entries with magnitude in [0.000000e+00, 0.000000e+00]
                   'fs_random':         0 rows, 1713 columns, 0 entries with magnitude in [0.000000e+00, 0.000000e+00]
     'fs_random_quick_restart':         0 rows, 1713 columns, 0 entries with magnitude in [0.000000e+00, 0.000000e+00]
     'fs_random_quick_restart':         0 rows, 1713 columns, 0 entries with magnitude in [0.000000e+00, 0.000000e+00]
              'lb_tree_search':  2529 rows, 1714 columns, 19917 entries with magnitude in [4.446725e-05, 1.000000e+00]
                      'max_lp':  2394 rows, 1714 columns, 23245 entries with magnitude in [4.716140e-05, 1.000000e+00]
         'objective_lb_search':  2687 rows, 1713 columns, 71491 entries with magnitude in [7.844124e-06, 1.000000e+00]
  'objective_lb_search_max_lp':  3058 rows, 1714 columns, 26046 entries with magnitude in [5.052198e-06, 1.000000e+00]
                     'probing':  2183 rows, 1713 columns, 22406 entries with magnitude in [7.968201e-06, 1.000000e+00]
              'probing_max_lp':  2628 rows, 1714 columns, 36125 entries with magnitude in [7.001641e-06, 1.000000e+00]
                'pseudo_costs':  2548 rows, 1714 columns, 33280 entries with magnitude in [1.160457e-05, 1.000000e+00]
               'quick_restart':  2563 rows, 1713 columns, 22811 entries with magnitude in [3.233176e-06, 1.000000e+00]
               'reduced_costs':  2546 rows, 1714 columns, 24656 entries with magnitude in [4.553835e-05, 1.000000e+00]

Lp debug                         CutPropag  CutEqPropag  Adjust  Overflow          Bad  BadScaling
                  'default_lp':          0        2'514   1'588         0  177'743'156           0
                   'fs_random':          0            0       0         0            0           0
                   'fs_random':          0            0       0         0            0           0
     'fs_random_quick_restart':          0            0       0         0            0           0
     'fs_random_quick_restart':          0            0       0         0            0           0
              'lb_tree_search':         12        1'626   8'868         0  164'441'907           0
                      'max_lp':          6        3'249  26'618         0  152'873'958           0
         'objective_lb_search':          0        4'261   1'795         0  168'043'442           0
  'objective_lb_search_max_lp':          6        1'346  19'407         4  162'945'419           0
                     'probing':          0        5'448   1'874         0  181'195'998           0
              'probing_max_lp':         40        1'162  16'594         0  158'353'424           0
                'pseudo_costs':         40        2'071  29'829         0  158'387'410           0
               'quick_restart':          0        8'096   4'379         0  169'691'446           0
               'reduced_costs':         28        2'746   7'137         0  163'162'197           0

Lp pool                          Constraints  Updates  Simplif  Merged  Shortened   Split  Strenghtened             Cuts/Call
                  'default_lp':       11'753   65'901   27'214      93      2'173  15'018       233'822  4'500'508/10'063'942
                   'fs_random':        2'338        0        0       0          0       0             0                   0/0
                   'fs_random':        2'338        0        0       0          0       0             0                   0/0
     'fs_random_quick_restart':        2'338        0        0       0          0       0             0                   0/0
     'fs_random_quick_restart':        2'338        0        0       0          0       0             0                   0/0
              'lb_tree_search':       12'557   44'115   66'691      28     11'155  42'249       257'461   1'164'767/2'902'022
                      'max_lp':       12'081   51'109   73'938     118     13'763  99'456       280'137   1'366'381/3'242'658
         'objective_lb_search':       12'153   92'370   30'396      86      3'144  18'970       221'336   4'004'901/9'132'553
  'objective_lb_search_max_lp':       12'709   51'815   51'436      67     10'934  49'615       233'799   1'183'958/2'767'735
                     'probing':       12'195   82'517   28'918     104      3'122  20'682       257'505   3'689'961/7'981'179
              'probing_max_lp':       12'262   57'767   99'998      49     13'318  70'916       287'982   1'208'493/2'973'483
                'pseudo_costs':       12'673   45'229   57'541      32     14'041  63'493       242'335   1'183'887/2'959'902
               'quick_restart':       11'958   89'782   30'216      84      3'950  21'336       220'705   3'764'704/8'359'546
               'reduced_costs':       12'675   53'636   60'654      73     13'434  68'457       239'984   1'242'930/3'093'599

Lp Cut             defaul   max_lp   quick_   reduce   pseudo   lb_tre   probin   object   probin   object
          CG_FF:  157'895   41'135  142'002   35'048   33'051   32'189  136'630  147'388   33'577   34'944
           CG_K:   14'717   15'402   15'763   14'224   12'871   14'066   14'906   14'624   14'765   14'201
          CG_KL:      102        1       42        1        -        3       56       50        -        -
           CG_R:   86'116   31'084  120'378   24'487   25'614   20'763  118'968  112'251   22'685   21'574
          CG_RB:  766'130  212'242  803'292  188'548  171'735  157'162  769'629  878'583  185'938  173'303
         CG_RBP:   16'877   23'921   22'120   16'261   16'533   13'074   20'431   25'984   18'247   16'200
         CG_RLT:        -        1        -        -        -        3        -        -        -        1
         Clique:        -   36'300        -   33'359   34'431   33'955        -        -   32'775   32'121
             IB:  866'615  140'612  714'537  130'195  125'922  126'679  745'127  728'904  124'846  126'003
       MIR_1_FF:  694'563  212'799  471'113  191'995  171'707  187'456  421'746  573'654  185'246  181'541
        MIR_1_K:   12'433   10'998   12'878   10'900   11'117   10'810   11'804   16'433   12'024   10'986
       MIR_1_KL:      453        1      317        2        3        3      366      232        2        7
        MIR_1_R:   11'477    6'020   16'662    5'644    5'305    5'026   14'568   17'873    8'204    6'867
       MIR_1_RB:  796'560  193'115  575'608  180'442  172'957  164'689  559'476  616'990  172'255  172'822
      MIR_1_RBP:    5'068    3'489    7'094    2'481    2'867    2'474    4'135    7'252    2'961    2'684
      MIR_1_RLT:        -      487        -      482      482      455        -        -      476      482
       MIR_2_FF:   39'881   33'224   38'429   28'597   26'513   26'967   27'555   32'567   28'054   27'522
        MIR_2_K:    5'071    3'567    4'400    3'312    3'400    3'124    4'227    5'442    3'084    3'409
       MIR_2_KL:       36        6       18        7        7        4       43       19        6        2
        MIR_2_R:    7'961   10'055   12'177    9'449    9'077    8'449   12'815   11'967    9'154    8'852
       MIR_2_RB:  127'940   79'689  129'689   81'448   71'340   67'664  118'372  132'189   73'827   75'373
      MIR_2_RBP:    2'199    2'369    1'980    1'341    1'217    1'474    1'553    1'747    1'979    1'437
       MIR_3_FF:   16'566   13'793   15'290   12'409   12'027   12'154   14'930   13'641   11'814   12'028
        MIR_3_K:    4'571    3'825    3'468    3'555    3'309    3'420    4'314    4'532    3'373    3'470
       MIR_3_KL:       85        5       33        3       11        7       77       39        7        4
        MIR_3_R:   33'586    8'662   32'278    8'226    8'160    8'647   38'479   30'203    8'158    8'176
       MIR_3_RB:  157'355   46'277  109'777   43'601   42'727   43'113  116'696  112'885   43'469   42'999
      MIR_3_RBP:    1'193    1'049    1'115      772      921      898    1'072    1'140      876      756
       MIR_4_FF:    6'063    8'928    5'123    8'253    8'456    7'838    5'237    4'742    7'716    7'833
        MIR_4_K:    1'792    3'087    1'420    2'783    2'825    2'712    1'720    1'485    3'109    2'786
       MIR_4_KL:        9        5        4        3        3        3        6        5        1        4
        MIR_4_R:    6'548    3'086    6'989    2'898    2'929    3'206    7'861    6'653    3'044    2'948
       MIR_4_RB:   95'358   37'314   58'797   35'993   34'315   34'824   60'630   61'320   34'429   34'861
      MIR_4_RBP:      666      873      667      682      757      717      658      681      741      547
       MIR_5_FF:    4'399    7'924    4'292    7'352    7'457    7'089    4'036    4'418    6'798    7'169
        MIR_5_K:    1'159    2'792      992    2'574    2'687    2'664    1'123    1'174    2'911    2'534
       MIR_5_KL:       26        3       20        1        2        4       21       13        4        2
        MIR_5_R:    3'972    2'537    3'912    2'414    2'503    2'547    4'649    4'059    2'400    2'496
       MIR_5_RB:   67'480   30'504   41'447   28'719   27'834   28'797   43'980   43'551   27'881   27'879
      MIR_5_RBP:      405      900      445      767      826      820      406      447      840      793
       MIR_6_FF:    1'570    5'805    1'801    5'245    5'555    5'102    1'388    1'507    5'125    5'250
        MIR_6_K:      516    2'332      502    2'041    2'050    2'060      556      646    2'230    1'990
       MIR_6_KL:        1        2        1        2        2        3        1        -        2        2
        MIR_6_R:    1'904    2'722    1'911    2'625    2'551    2'897    2'343    2'065    2'587    2'615
       MIR_6_RB:   45'653   24'604   28'186   23'133   22'625   23'572   29'456   29'446   22'749   22'454
      MIR_6_RBP:      216      529      316      476      493      553      265      324      589      513
   ZERO_HALF_FF:   74'723   12'673   41'934   11'711   12'120   12'316   43'809   43'682   11'393   10'995
    ZERO_HALF_K:    2'894    1'996    3'270    2'009    2'066    1'941    3'093    3'219    2'059    1'807
   ZERO_HALF_KL:        1        -        -        -        -        1        2        -        -        -
    ZERO_HALF_R:  161'198   57'982  182'329   49'120   55'291   55'015  190'565  177'640   48'491   45'213
   ZERO_HALF_RB:  197'360   28'929  128'450   26'696   26'490   24'716  129'069  129'831   24'985   24'939
  ZERO_HALF_RBP:    1'145      725    1'436      644      745      642    1'112    1'404      603      564
  ZERO_HALF_RLT:        -        1        -        -        1        -        -        -        4        -

LNS stats           Improv/Calls  Closed  Difficulty  TimeLimit
  'graph_arc_lns':           4/4      0%        0.09       0.10
  'graph_cst_lns':           4/4      0%        0.09       0.10
  'graph_dec_lns':           2/4      0%        0.09       0.10
  'graph_var_lns':           2/4     75%        0.82       0.10
      'rins/rens':           2/2      0%        0.19       0.10
    'rnd_cst_lns':           3/4      0%        0.09       0.10
    'rnd_var_lns':           3/4     25%        0.25       0.10

LS stats                   Batches  Restarts  LinMoves  GenMoves  CompoundMoves  WeightUpdates
       'fj_long_default':        1         1     5'293         0              0            616
   'fj_long_lin_default':        2         1         0     6'490            787             18
        'fj_long_random':        1         1     9'032         0              0            968
      'fj_short_default':        3         1         0     9'026          1'019             40
  'fj_short_lin_default':        2         1         0     6'140            947             32
   'fj_short_lin_random':        2         1         0     7'504            858             27
       'fj_short_random':        2         1         0     6'595            916             67
          'violation_ls':        4         0        21         0              0             14
          'violation_ls':        4         0         6        76             12              6
          'violation_ls':        4         0         9       124             12              8

Solutions (69)                  Num     Rank
                       'core':   16  [26,66]
            'fj_long_default':    1    [1,1]
              'graph_var_lns':    1    [8,8]
                      'no_lp':    8  [21,68]
  'objective_lb_search_no_lp':   13  [28,65]
        'quick_restart_no_lp':   21  [12,69]
               'violation_ls':    9   [2,11]

Objective bounds                      Num
                       'default_lp':    5
                   'initial_domain':    1
                   'lb_tree_search':   43
                           'max_lp':  112
       'objective_lb_search_max_lp':   90
  'objective_shaving_search_max_lp':    7
   'objective_shaving_search_no_lp':    3
                          'probing':    1
                   'probing_max_lp':  100
                     'pseudo_costs':  188
                    'reduced_costs':   67

Solution repositories    Added  Queried  Ignored  Synchro
  'feasible solutions':    181       65        0      174
        'lp solutions':      0        0        0        0
                'pump':     13        2

Improving bounds shared            Num
                        'core':  4'125
                  'default_lp':    133
              'lb_tree_search':      3
                      'max_lp':     25
                       'no_lp':  3'028
         'objective_lb_search':    101
  'objective_lb_search_max_lp':     25
   'objective_lb_search_no_lp':  3'029
                     'probing':     72
              'probing_max_lp':     91
                'pseudo_costs':     75
               'quick_restart':     66
         'quick_restart_no_lp':  3'170
               'reduced_costs':     21

Clauses shared                     Num
                        'core':  1'965
                  'default_lp':     21
              'lb_tree_search':     11
                      'max_lp':     20
                       'no_lp':  1'739
         'objective_lb_search':     20
  'objective_lb_search_max_lp':     14
   'objective_lb_search_no_lp':  2'019
                     'probing':     27
              'probing_max_lp':      9
                'pseudo_costs':      8
               'quick_restart':     34
         'quick_restart_no_lp':  2'282
               'reduced_costs':     17

CpSolverResponse summary:
status: FEASIBLE
objective: 728298
best_bound: 508378
integers: 1715
booleans: 1422
conflicts: 0
branches: 1466
propagations: 30182
integer_propagations: 107701
restarts: 1466
lp_iterations: 0
walltime: 21600.4
usertime: 21600.4
deterministic_time: 63428.6
gap_integral: 780241
solution_fingerprint: 0x2c9b2324ad3cef44

CPU USED: 32
Loading /home/aneumann/projects/def-adhaj/aneumann/gns/data/instances/test/l/instance_162.pkl...
===* START SOLVING *===
   index    value       gap  ... max_time  cpu  max_memory
0    162  7282.98  0.301964  ...        6   32         118

[1 rows x 8 columns]
===* END OF FILE *===
