created virtual environment CPython3.12.4.final.0-64 in 1352ms
  creator CPython3Posix(dest=/local/aneumann.27429361.0/env, clear=False, no_vcs_ignore=False, global=False)
  seeder FromAppData(download=False, pip=bundle, via=copy, app_data_dir=/home/aneumann/.local/share/virtualenv)
    added seed packages: pip==24.0
  activators BashActivator,CShellActivator,FishActivator,NushellActivator,PowerShellActivator,PythonActivator
Looking in links: /cvmfs/soft.computecanada.ca/custom/python/wheelhouse/gentoo2023/x86-64-v3, /cvmfs/soft.computecanada.ca/custom/python/wheelhouse/gentoo2023/generic, /cvmfs/soft.computecanada.ca/custom/python/wheelhouse/generic
Requirement already satisfied: pip in /local/aneumann.27429361.0/env/lib/python3.12/site-packages (24.0)
Processing /cvmfs/soft.computecanada.ca/custom/python/wheelhouse/generic/pip-24.2+computecanada-py3-none-any.whl
Installing collected packages: pip
  Attempting uninstall: pip
    Found existing installation: pip 24.0
    Uninstalling pip-24.0:
      Successfully uninstalled pip-24.0
Successfully installed pip-24.2+computecanada
Looking in links: /cvmfs/soft.computecanada.ca/custom/python/wheelhouse/gentoo2023/x86-64-v3, /cvmfs/soft.computecanada.ca/custom/python/wheelhouse/gentoo2023/generic, /cvmfs/soft.computecanada.ca/custom/python/wheelhouse/generic
ERROR: protobuf-5.28.3-cp38-abi3-manylinux2014_x86_64.whl is not a supported wheel on this platform.
Looking in links: /cvmfs/soft.computecanada.ca/custom/python/wheelhouse/gentoo2023/x86-64-v3, /cvmfs/soft.computecanada.ca/custom/python/wheelhouse/gentoo2023/generic, /cvmfs/soft.computecanada.ca/custom/python/wheelhouse/generic
Processing /home/aneumann/projects/def-adhaj/aneumann/gns/wheels/immutabledict-4.2.0-py3-none-any.whl
Installing collected packages: immutabledict
Successfully installed immutabledict-4.2.0
Looking in links: /cvmfs/soft.computecanada.ca/custom/python/wheelhouse/gentoo2023/x86-64-v3, /cvmfs/soft.computecanada.ca/custom/python/wheelhouse/gentoo2023/generic, /cvmfs/soft.computecanada.ca/custom/python/wheelhouse/generic
Processing /cvmfs/soft.computecanada.ca/custom/python/wheelhouse/generic/ortools-9.10.4067+computecanada-cp312-cp312-linux_x86_64.whl (from -r /home/aneumann/projects/def-adhaj/aneumann/gns/requirements_or.txt (line 1))
Processing /cvmfs/soft.computecanada.ca/custom/python/wheelhouse/gentoo2023/x86-64-v3/pandas-2.2.2+computecanada-cp312-cp312-linux_x86_64.whl (from -r /home/aneumann/projects/def-adhaj/aneumann/gns/requirements_or.txt (line 2))
Processing /cvmfs/soft.computecanada.ca/custom/python/wheelhouse/generic/absl_py-2.1.0+computecanada-py3-none-any.whl (from ortools->-r /home/aneumann/projects/def-adhaj/aneumann/gns/requirements_or.txt (line 1))
Processing /cvmfs/soft.computecanada.ca/custom/python/wheelhouse/gentoo2023/generic/numpy-2.1.1+computecanada-cp312-cp312-linux_x86_64.whl (from ortools->-r /home/aneumann/projects/def-adhaj/aneumann/gns/requirements_or.txt (line 1))
Processing /cvmfs/soft.computecanada.ca/custom/python/wheelhouse/gentoo2023/x86-64-v3/protobuf-5.28.0+computecanada-cp312-cp312-linux_x86_64.whl (from ortools->-r /home/aneumann/projects/def-adhaj/aneumann/gns/requirements_or.txt (line 1))
Requirement already satisfied: immutabledict>=3.0.0 in /local/aneumann.27429361.0/env/lib/python3.12/site-packages (from ortools->-r /home/aneumann/projects/def-adhaj/aneumann/gns/requirements_or.txt (line 1)) (4.2.0)
Processing /cvmfs/soft.computecanada.ca/custom/python/wheelhouse/generic/python_dateutil-2.9.0.post0+computecanada-py2.py3-none-any.whl (from pandas->-r /home/aneumann/projects/def-adhaj/aneumann/gns/requirements_or.txt (line 2))
Processing /cvmfs/soft.computecanada.ca/custom/python/wheelhouse/generic/pytz-2024.2+computecanada-py2.py3-none-any.whl (from pandas->-r /home/aneumann/projects/def-adhaj/aneumann/gns/requirements_or.txt (line 2))
Processing /cvmfs/soft.computecanada.ca/custom/python/wheelhouse/generic/tzdata-2024.2+computecanada-py2.py3-none-any.whl (from pandas->-r /home/aneumann/projects/def-adhaj/aneumann/gns/requirements_or.txt (line 2))
Processing /cvmfs/soft.computecanada.ca/custom/python/wheelhouse/generic/six-1.16.0+computecanada-py2.py3-none-any.whl (from python-dateutil>=2.8.2->pandas->-r /home/aneumann/projects/def-adhaj/aneumann/gns/requirements_or.txt (line 2))
Installing collected packages: pytz, tzdata, six, protobuf, numpy, absl-py, python-dateutil, pandas, ortools
Successfully installed absl-py-2.1.0+computecanada numpy-2.1.1+computecanada ortools-9.10.4067+computecanada pandas-2.2.2+computecanada protobuf-5.28.0+computecanada python-dateutil-2.9.0.post0+computecanada pytz-2024.2+computecanada six-1.16.0+computecanada tzdata-2024.2+computecanada

Starting CP-SAT solver v9.10.4067
Parameters: max_time_in_seconds: 21600 max_memory_in_mb: 118 log_search_progress: true optimize_with_core: true cp_model_presolve: true enumerate_all_solutions: false num_search_workers: 32 use_implied_bounds: true absolute_gap_limit: 5 relative_gap_limit: 0.01 use_probing_search: true

Initial optimization model '': (model_fingerprint: 0xfd504941331fb7b6)
#Variables: 2'796 (#bools: 26 #ints: 1 in objective)
  - 2'434 Booleans in [0,1]
  - 361 in [0,225000]
  - 1 constants in {1} 
#kBoolOr: 1'268 (#literals: 1'268)
#kLinear1: 449
#kLinear2: 7'534
#kLinear3: 1'613
#kLinearN: 682 (#terms: 6'724)

Starting presolve at 0.00s
  2.12e-03s  0.00e+00d  [DetectDominanceRelations] 
  4.04e-02s  0.00e+00d  [PresolveToFixPoint] #num_loops=14 #num_dual_strengthening=5 
  7.16e-05s  0.00e+00d  [ExtractEncodingFromLinear] #potential_supersets=220 
[Symmetry] Graph for symmetry has 9'789 nodes and 20'728 arcs.
[Symmetry] Symmetry computation done. time: 0.00196999 dtime: 0.00281132
[SAT presolve] num removable Booleans: 0 / 1492
[SAT presolve] num trivial clauses: 0
[SAT presolve] [0s] clauses:2784 literals:5568 vars:1470 one_side_vars:1425 simple_definition:44 singleton_clauses:0
[SAT presolve] [0.000177711s] clauses:2784 literals:5568 vars:1470 one_side_vars:1425 simple_definition:44 singleton_clauses:0
[SAT presolve] [0.000276878s] clauses:2784 literals:5568 vars:1470 one_side_vars:1425 simple_definition:44 singleton_clauses:0
  3.65e-01s  9.73e-02d  [Probe] #probed=3'557 #fixed_bools=71 #new_bounds=134 
  4.49e-03s  0.00e+00d  [MaxClique] Merged 2990(8328 literals) into 1057(6727 literals) at_most_ones. 
  1.80e-03s  0.00e+00d  [DetectDominanceRelations] 
  1.14e-02s  0.00e+00d  [PresolveToFixPoint] #num_loops=5 #num_dual_strengthening=4 
  2.19e-03s  0.00e+00d  [ProcessAtMostOneAndLinear] #num_changes=8 
  1.36e-03s  0.00e+00d  [DetectDuplicateConstraints] #without_enforcements=3 
  3.64e-04s  2.13e-05d  [DetectDominatedLinearConstraints] #relevant_constraints=1'485 
  4.33e-04s  0.00e+00d  [DetectDifferentVariables] #different=10 
  7.45e-04s  2.97e-04d  [ProcessSetPPC] #relevant_constraints=1'024 #num_inclusions=801 
  7.10e-05s  0.00e+00d  [FindAlmostIdenticalLinearConstraints] 
  3.07e-03s  4.80e-03d  [FindBigAtMostOneAndLinearOverlap] 
  9.10e-04s  2.32e-03d  [FindBigVerticalLinearOverlap] 
  1.62e-04s  3.66e-04d  [FindBigHorizontalLinearOverlap] #linears=68 
  7.04e-05s  0.00e+00d  [MergeClauses] 
  1.78e-03s  0.00e+00d  [DetectDominanceRelations] 
  5.87e-03s  0.00e+00d  [PresolveToFixPoint] #num_loops=1 #num_dual_strengthening=1 
  1.78e-03s  0.00e+00d  [DetectDominanceRelations] 
  5.85e-03s  0.00e+00d  [PresolveToFixPoint] #num_loops=1 #num_dual_strengthening=1 
[Symmetry] Graph for symmetry has 7'757 nodes and 15'225 arcs.
[Symmetry] Symmetry computation done. time: 0.00102479 dtime: 0.00183596
[SAT presolve] num removable Booleans: 0 / 1421
[SAT presolve] num trivial clauses: 0
[SAT presolve] [0s] clauses:18 literals:36 vars:24 one_side_vars:18 simple_definition:6 singleton_clauses:0
[SAT presolve] [3.4321e-05s] clauses:18 literals:36 vars:24 one_side_vars:18 simple_definition:6 singleton_clauses:0
[SAT presolve] [6.3674e-05s] clauses:18 literals:36 vars:24 one_side_vars:18 simple_definition:6 singleton_clauses:0
  1.39e-01s  3.74e-02d  [Probe] #probed=3'486 #new_bounds=60 
  2.50e-03s  0.00e+00d  [MaxClique] Merged 886(5694 literals) into 886(5705 literals) at_most_ones. 
  1.79e-03s  0.00e+00d  [DetectDominanceRelations] 
  1.13e-02s  0.00e+00d  [PresolveToFixPoint] #num_loops=6 #num_dual_strengthening=5 
  2.12e-03s  0.00e+00d  [ProcessAtMostOneAndLinear] 
  1.33e-03s  0.00e+00d  [DetectDuplicateConstraints] #duplicates=8 
  3.68e-04s  2.12e-05d  [DetectDominatedLinearConstraints] #relevant_constraints=1'483 
  3.91e-04s  0.00e+00d  [DetectDifferentVariables] #different=10 
  6.56e-04s  2.92e-04d  [ProcessSetPPC] #relevant_constraints=968 #num_inclusions=740 
  7.45e-05s  0.00e+00d  [FindAlmostIdenticalLinearConstraints] 
  3.02e-03s  4.81e-03d  [FindBigAtMostOneAndLinearOverlap] 
  9.08e-04s  2.32e-03d  [FindBigVerticalLinearOverlap] 
  1.62e-04s  3.66e-04d  [FindBigHorizontalLinearOverlap] #linears=68 
  6.94e-05s  0.00e+00d  [MergeClauses] 
  1.79e-03s  0.00e+00d  [DetectDominanceRelations] 
  5.85e-03s  0.00e+00d  [PresolveToFixPoint] #num_loops=1 #num_dual_strengthening=1 
  1.79e-03s  0.00e+00d  [DetectDominanceRelations] 
  5.86e-03s  0.00e+00d  [PresolveToFixPoint] #num_loops=1 #num_dual_strengthening=1 
[Symmetry] Graph for symmetry has 7'757 nodes and 15'233 arcs.
[Symmetry] Symmetry computation done. time: 0.00100855 dtime: 0.00183882
[SAT presolve] num removable Booleans: 0 / 1421
[SAT presolve] num trivial clauses: 0
[SAT presolve] [0s] clauses:18 literals:36 vars:24 one_side_vars:18 simple_definition:6 singleton_clauses:0
[SAT presolve] [3.2825e-05s] clauses:18 literals:36 vars:24 one_side_vars:18 simple_definition:6 singleton_clauses:0
[SAT presolve] [6.1935e-05s] clauses:18 literals:36 vars:24 one_side_vars:18 simple_definition:6 singleton_clauses:0
  1.37e-01s  3.69e-02d  [Probe] #probed=3'486 #new_bounds=10 
  2.47e-03s  0.00e+00d  [MaxClique] Merged 886(5702 literals) into 886(5705 literals) at_most_ones. 
  1.81e-03s  0.00e+00d  [DetectDominanceRelations] 
  8.26e-03s  0.00e+00d  [PresolveToFixPoint] #num_loops=5 #num_dual_strengthening=4 
  2.12e-03s  0.00e+00d  [ProcessAtMostOneAndLinear] 
  1.35e-03s  0.00e+00d  [DetectDuplicateConstraints] #duplicates=6 
  3.75e-04s  2.12e-05d  [DetectDominatedLinearConstraints] #relevant_constraints=1'483 
  3.95e-04s  0.00e+00d  [DetectDifferentVariables] #different=10 
  6.61e-04s  2.92e-04d  [ProcessSetPPC] #relevant_constraints=968 #num_inclusions=740 
  7.90e-05s  0.00e+00d  [FindAlmostIdenticalLinearConstraints] 
  3.10e-03s  4.82e-03d  [FindBigAtMostOneAndLinearOverlap] 
  8.99e-04s  2.32e-03d  [FindBigVerticalLinearOverlap] 
  1.65e-04s  3.66e-04d  [FindBigHorizontalLinearOverlap] #linears=68 
  8.04e-05s  0.00e+00d  [MergeClauses] 
  1.80e-03s  0.00e+00d  [DetectDominanceRelations] 
  5.88e-03s  0.00e+00d  [PresolveToFixPoint] #num_loops=1 #num_dual_strengthening=1 
  1.45e-04s  0.00e+00d  [ExpandObjective] #entries=84 #tight_variables=42 #tight_constraints=14 

Presolve summary:
  - 75 affine relations were detected.
  - rule 'TODO dual: only one blocking constraint?' was applied 36'842 times.
  - rule 'TODO dual: only one unspecified blocking constraint?' was applied 23 times.
  - rule 'TODO dual: tighten at most one' was applied 1'018 times.
  - rule 'TODO linear2: contains a Boolean.' was applied 13'232 times.
  - rule 'affine: new relation' was applied 75 times.
  - rule 'at_most_one: empty or all false' was applied 4 times.
  - rule 'at_most_one: removed literals' was applied 339 times.
  - rule 'at_most_one: size one' was applied 115 times.
  - rule 'at_most_one: transformed into max clique.' was applied 1 time.
  - rule 'bool_and: non-reified.' was applied 28 times.
  - rule 'bool_and: x => x' was applied 2 times.
  - rule 'bool_or: always true' was applied 1'268 times.
  - rule 'bool_or: implications' was applied 6'611 times.
  - rule 'deductions: 355 stored' was applied 1 time.
  - rule 'dual: add implication' was applied 28 times.
  - rule 'dual: fix variable' was applied 383 times.
  - rule 'dual: fix variable with multiple choices' was applied 8 times.
  - rule 'dual: reduced domain' was applied 218 times.
  - rule 'duplicate: removed constraint' was applied 14 times.
  - rule 'duplicate: removed enforced constraint' was applied 3 times.
  - rule 'enforcement: false literal' was applied 3'649 times.
  - rule 'enforcement: literal not used' was applied 17 times.
  - rule 'enforcement: true literal' was applied 28 times.
  - rule 'linear + amo: extracted enforcement literal' was applied 1 time.
  - rule 'linear + amo: fixed literal implied by enforcement' was applied 7 times.
  - rule 'linear2: contains a Boolean.' was applied 10 times.
  - rule 'linear: always true' was applied 1'283 times.
  - rule 'linear: divide by GCD' was applied 4'682 times.
  - rule 'linear: empty' was applied 123 times.
  - rule 'linear: extracted enforcement literal' was applied 527 times.
  - rule 'linear: fixed or dup variables' was applied 1'410 times.
  - rule 'linear: negative clause' was applied 2'217 times.
  - rule 'linear: positive at most one' was applied 210 times.
  - rule 'linear: positive clause' was applied 4'394 times.
  - rule 'linear: positive equal one' was applied 14 times.
  - rule 'linear: reduced variable domains' was applied 577 times.
  - rule 'linear: remapped using affine relations' was applied 2'463 times.
  - rule 'linear: simplified rhs' was applied 15'926 times.
  - rule 'linear: singleton column' was applied 8 times.
  - rule 'objective: variable not used elsewhere' was applied 1 time.
  - rule 'presolve: 995 unused variables removed.' was applied 1 time.
  - rule 'presolve: iteration' was applied 3 times.
  - rule 'setppc: bool_or in at_most_one.' was applied 2 times.
  - rule 'setppc: removed dominated constraints' was applied 56 times.

Presolved optimization model '': (model_fingerprint: 0x683e43693ed83674)
#Variables: 1'718 (#bools: 25 #ints: 1 in objective)
  - 1'421 Booleans in [0,1]
  - 1 in [0,728]
  - 1 in [0,733]
  - 1 in [0,736]
  - 1 in [0,1466]
  - 1 in [0,1473]
  - 1 in [0,1477]
  - 20 in [0,1478]
  - 1 in [0,1482]
  - 2 in [0,1484]
  - 1 in [0,1485]
  - 12 in [0,1486]
  - 1 in [0,1488]
  - 1 in [0,1489]
  - 1 in [0,1491]
  - 1 in [0,1493]
  - 7 in [0,1499]
  - 1 in [0,7365]
  - 1 in [0,7375]
  - 5 in [0,7390]
  - 1 in [0,7405]
  - 1 in [0,7420]
  - 22 in [0,7430]
  - 1 in [0,7440]
  - 1 in [0,7445]
  - 1 in [0,7455]
  - 1 in [0,7460]
  - 1 in [0,7493]
  - 14 in [0,7494]
  - 88 in [0,225000]
  - 1 in [1,737]
  - 1 in [2,735]
  - 1 in [2,738]
  - 1 in [4,732]
  - 1 in [7,743]
  - 1 in [47,3744]
  - 1 in [51,3742]
  - 1 in [52,3743]
  - 1 in [53,3744]
  - 1 in [53,3750]
  - 1 in [59,3750]
  - 1 in [71,3748]
  - 1 in [73,3750]
  - 1 in [300,221100]
  - 1 in [300,221700]
  - 1 in [300,222600]
  - 1 in [300,223500]
  - 2 in [300,223920]
  - 1 in [300,224040]
  - 2 in [300,224520]
  - 2 in [300,224880]
  - 4 in [300,225000]
  - 1 in [600,220500]
  - 1 in [600,222000]
  - 1 in [600,222600]
  - 1 in [600,223800]
  - 2 in [600,224220]
  - 2 in [600,224580]
  - 2 in [600,224760]
  - 1 in [1200,219600]
  - 1 in [1200,221100]
  - 1 in [1200,222000]
  - 1 in [1200,222900]
  - 2 in [1200,223740]
  - 2 in [1200,224100]
  - 2 in [1200,224340]
  - 2 in [1200,224700]
  - 2 in [1200,224880]
  - 1 in [2100,222900]
  - 1 in [2100,223800]
  - 2 in [2100,224040]
  - 2 in [2100,225000]
  - 2 in [2161,224040]
  - 2 in [2207,219600]
  - 3 in [2460,224940]
  - 2 in [2604,224549]
  - 4 in [2760,224610]
  - 3 in [2820,224640]
  - 2 in [3000,224508]
  - 2 in [3012,224520]
  - 1 in [3120,224599]
  - 1 in [3142,224621]
  - 5 in [3180,224640]
  - 2 in [3420,225000]
  - 3 in [3608,224280]
  - 2 in [3931,224580]
  - 3 in [4092,224760]
  - 2 in [4207,224880]
  - 1 in [4260,221653]
  - 4 in [4260,224880]
  - 4 in [4380,225000]
#kAtMostOne: 868 (#literals: 5'666)
#kBoolAnd: 21 (#enforced: 21) (#literals: 43)
#kExactlyOne: 14 (#literals: 42)
#kLinear1: 7 (#enforced: 7)
#kLinear2: 592 (#enforced: 428 #multi: 16)
#kLinear3: 1'008
#kLinearN: 311 (#enforced: 2) (#terms: 2'660)

Preloading model.
#Bound   0.81s best:inf   next:[52236,1872693] initial_domain
[Symmetry] Graph for symmetry has 6'679 nodes and 15'233 arcs.
[Symmetry] Symmetry computation done. time: 0.00100051 dtime: 0.0017741
#Model   0.81s var:1718/1718 constraints:2821/2821

Starting search at 0.81s with 32 workers.
16 full problem subsolvers: [core, default_lp, lb_tree_search, max_lp, no_lp, objective_lb_search, objective_lb_search_max_lp, objective_lb_search_no_lp, objective_shaving_search_max_lp, objective_shaving_search_no_lp, probing, probing_max_lp, pseudo_costs, quick_restart, quick_restart_no_lp, reduced_costs]
14 first solution subsolvers: [fj_long_default, fj_long_lin_default, fj_long_random, fj_short_default, fj_short_lin_default, fj_short_lin_random, fj_short_random, fs_random(2), fs_random_no_lp(2), fs_random_quick_restart(2), fs_random_quick_restart_no_lp]
11 incomplete subsolvers: [feasibility_pump, graph_arc_lns, graph_cst_lns, graph_dec_lns, graph_var_lns, rins/rens, rnd_cst_lns, rnd_var_lns, violation_ls(3)]
3 helper subsolvers: [neighborhood_helper, synchronization_agent, update_gap_integral]
#Bound   0.91s best:inf   next:[52237,1872693] objective_shaving_search_max_lp (vars=1718 csts=2863)
#Bound   0.92s best:inf   next:[52238,1872693] objective_shaving_search_no_lp (vars=1718 csts=2822)
#Bound   0.93s best:inf   next:[52239,1872693] objective_shaving_search_no_lp (vars=1718 csts=2822)
#Bound   0.94s best:inf   next:[52240,1872693] objective_shaving_search_no_lp (vars=1718 csts=2822)
#Bound   0.95s best:inf   next:[52241,1872693] objective_shaving_search_no_lp (vars=1718 csts=2822)
#Bound   0.95s best:inf   next:[52242,1872693] objective_shaving_search_no_lp (vars=1718 csts=2822)
#Bound   0.96s best:inf   next:[52243,1872693] objective_shaving_search_no_lp (vars=1718 csts=2822)
#Bound   0.98s best:inf   next:[52244,1872693] objective_shaving_search_no_lp (vars=1718 csts=2863)
#Bound   0.99s best:inf   next:[52245,1872693] objective_shaving_search_no_lp (vars=1718 csts=2822)
#Bound   1.00s best:inf   next:[52246,1872693] objective_shaving_search_max_lp (vars=1718 csts=2822)
#Bound   1.00s best:inf   next:[52247,1872693] objective_shaving_search_no_lp (vars=1718 csts=2822)
#Bound   1.01s best:inf   next:[52248,1872693] objective_shaving_search_max_lp (vars=1718 csts=2822)
#Bound   1.02s best:inf   next:[52249,1872693] objective_shaving_search_no_lp (vars=1718 csts=2822)
#Bound   1.02s best:inf   next:[52250,1872693] objective_shaving_search_no_lp (vars=1718 csts=2822)
#Bound   1.05s best:inf   next:[52251,1872693] objective_shaving_search_max_lp (vars=1718 csts=2863)
#Bound   1.05s best:inf   next:[52252,1872693] objective_shaving_search_max_lp (vars=1718 csts=2822)
#Bound   1.06s best:inf   next:[52253,1872693] objective_shaving_search_no_lp (vars=1718 csts=2822)
#Bound   1.07s best:inf   next:[52254,1872693] objective_shaving_search_max_lp (vars=1718 csts=2822)
#Bound   1.07s best:inf   next:[52255,1872693] objective_shaving_search_max_lp (vars=1718 csts=2822)
#Bound   1.08s best:inf   next:[52256,1872693] objective_shaving_search_max_lp (vars=1718 csts=2822)
#Bound   1.09s best:inf   next:[52257,1872693] objective_shaving_search_max_lp (vars=1718 csts=2822)
#1       1.13s best:1865625 next:[52658,1865624] fj_long_default(batch:2 #lin_moves:17'600 #lin_evals:29'463 #weight_updates:1'937)
#2       1.16s best:1865618 next:[52659,1865617] violation_ls(batch:1 #solutions_imported:1 #lin_moves:0 #lin_evals:2'384 #gen_moves:38 #gen_evals:0 #comp_moves:8 #backtracks:15 #weight_updates:1)
#3       1.16s best:1865611 next:[52659,1865610] violation_ls(batch:2 #solutions_imported:2 #lin_moves:2 #lin_evals:2'413 #gen_moves:38 #gen_evals:0 #comp_moves:8 #backtracks:15 #weight_updates:2)
#4       1.16s best:1865604 next:[52659,1865603] violation_ls(batch:1 #solutions_imported:1 #lin_moves:0 #lin_evals:268 #gen_moves:9 #gen_evals:0 #comp_moves:3 #backtracks:3 #weight_updates:0)
#5       1.16s best:1865597 next:[52659,1865596] violation_ls(batch:2 #solutions_imported:2 #lin_moves:0 #lin_evals:277 #gen_moves:11 #gen_evals:0 #comp_moves:5 #backtracks:3 #weight_updates:0)
#6       1.16s best:1865590 next:[52659,1865589] violation_ls(batch:3 #solutions_imported:3 #lin_moves:3 #lin_evals:309 #gen_moves:11 #gen_evals:0 #comp_moves:5 #backtracks:3 #weight_updates:2)
#7       1.16s best:1865583 next:[52659,1865582] violation_ls(batch:1 #solutions_imported:1 #lin_moves:2 #lin_evals:29 #weight_updates:1)
#8       1.16s best:1865576 next:[52659,1865575] violation_ls(batch:2 #solutions_imported:2 #lin_moves:5 #lin_evals:61 #weight_updates:3)
#9       1.16s best:1865569 next:[52659,1865568] violation_ls(batch:3 #solutions_imported:3 #lin_moves:7 #lin_evals:90 #weight_updates:4)
#Model   1.27s var:1716/1718 constraints:2821/2821
#10      1.33s best:1847169 next:[66096,1847168] rnd_var_lns (d=0.50 s=114 t=0.10 p=0.00 stall=0 h=auto_l0)
#11      1.39s best:1847162 next:[66096,1847161] violation_ls(batch:4 #solutions_imported:4 #lin_moves:2 #lin_evals:3'713 #gen_moves:52 #gen_evals:0 #comp_moves:14 #backtracks:19 #weight_updates:2)
#12      1.39s best:1847155 next:[66096,1847154] violation_ls(batch:4 #solutions_imported:4 #lin_moves:7 #lin_evals:103 #gen_moves:1 #gen_evals:0 #comp_moves:1 #backtracks:0 #weight_updates:4)
#13      1.39s best:1847148 next:[66096,1847147] violation_ls(batch:4 #solutions_imported:4 #lin_moves:3 #lin_evals:327 #gen_moves:14 #gen_evals:0 #comp_moves:8 #backtracks:3 #weight_updates:2)
#14      1.54s best:1841103 next:[66096,1841102] rnd_var_lns (d=0.71 s=125 t=0.10 p=1.00 stall=0 h=auto_l0)
#15      1.55s best:1841096 next:[66096,1841095] violation_ls(batch:5 #solutions_imported:5 #lin_moves:3 #lin_evals:3'739 #gen_moves:52 #gen_evals:0 #comp_moves:14 #backtracks:19 #weight_updates:2)
#16      1.55s best:1841089 next:[66096,1841088] violation_ls(batch:5 #solutions_imported:5 #lin_moves:9 #lin_evals:132 #gen_moves:1 #gen_evals:0 #comp_moves:1 #backtracks:0 #weight_updates:5)
#17      1.55s best:1841082 next:[66096,1841081] violation_ls(batch:5 #solutions_imported:5 #lin_moves:4 #lin_evals:353 #gen_moves:14 #gen_evals:0 #comp_moves:8 #backtracks:3 #weight_updates:2)
#18      1.77s best:1824435 next:[66096,1824434] rnd_var_lns (d=0.81 s=134 t=0.10 p=1.00 stall=0 h=auto_l0)
#19      1.77s best:1824428 next:[66096,1824427] violation_ls(batch:6 #solutions_imported:6 #lin_moves:3 #lin_evals:3'761 #gen_moves:54 #gen_evals:0 #comp_moves:16 #backtracks:19 #weight_updates:2)
#20      1.78s best:1824421 next:[66096,1824420] violation_ls(batch:6 #solutions_imported:6 #lin_moves:9 #lin_evals:158 #gen_moves:2 #gen_evals:0 #comp_moves:2 #backtracks:0 #weight_updates:5)
#21      1.78s best:1824414 next:[66096,1824413] violation_ls(batch:6 #solutions_imported:6 #lin_moves:4 #lin_evals:375 #gen_moves:16 #gen_evals:0 #comp_moves:10 #backtracks:3 #weight_updates:2)
#Model   1.88s var:1715/1718 constraints:2821/2821
#22      1.98s best:1824099 next:[66096,1824098] rnd_var_lns (d=0.72 s=143 t=0.10 p=0.67 stall=0 h=auto_l0)
#Model   1.98s var:1714/1718 constraints:2820/2821
#Bound   1.24s best:1865569 next:[66096,1865568] probing_max_lp [skipped_logs=8]
#Model   2.18s var:1713/1718 constraints:2820/2821
#23      2.36s best:1824092 next:[66096,1824091] violation_ls(batch:7 #solutions_imported:7 #lin_moves:182 #lin_evals:4'526 #gen_moves:54 #gen_evals:0 #comp_moves:16 #backtracks:19 #weight_updates:239)
#24      2.36s best:1824085 next:[66096,1824084] violation_ls(batch:7 #solutions_imported:7 #lin_moves:9 #lin_evals:178 #gen_moves:4 #gen_evals:0 #comp_moves:4 #backtracks:0 #weight_updates:5)
#25      2.36s best:1824078 next:[66096,1824077] violation_ls(batch:7 #solutions_imported:7 #lin_moves:7 #lin_evals:407 #gen_moves:16 #gen_evals:0 #comp_moves:10 #backtracks:3 #weight_updates:4)
#Model   2.89s var:1712/1718 constraints:2819/2821
#Model   3.06s var:1711/1718 constraints:2819/2821
#Model   4.97s var:1710/1718 constraints:2818/2821
#Model   7.56s var:1709/1718 constraints:2817/2821
#Model   8.87s var:1708/1718 constraints:2816/2821
#Model  13.38s var:1707/1718 constraints:2816/2821
#Bound  15.27s best:1824078 next:[66097,1824077] objective_lb_search_max_lp
#Bound  15.43s best:1824078 next:[66100,1824077] objective_lb_search_max_lp
#Bound  15.62s best:1824078 next:[66324,1824077] objective_lb_search_max_lp
#Bound  15.91s best:1824078 next:[66396,1824077] objective_lb_search_max_lp
#Bound  16.24s best:1824078 next:[66516,1824077] objective_lb_search_max_lp
#26     19.05s best:1805013 next:[66516,1805012] quick_restart_no_lp (fixed_bools=135/2371)
#27     19.12s best:1790226 next:[66516,1790225] quick_restart_no_lp (fixed_bools=135/2381)
#Bound  24.37s best:1790226 next:[66936,1790225] lb_tree_search
#Model  47.91s var:1706/1718 constraints:2815/2821
#Model 584.37s var:1705/1718 constraints:2814/2821
#Model 1955.12s var:1704/1718 constraints:2813/2821
#Model 2540.74s var:1703/1718 constraints:2812/2821
#28    2663.33s best:374514 next:[66936,374513] objective_lb_search_no_lp (fixed_bools=470/2722)
#29    3216.62s best:372196 next:[66936,372195] objective_lb_search_no_lp (fixed_bools=688/3548)
#30    3223.63s best:353782 next:[66936,353781] quick_restart_no_lp (fixed_bools=1027/4429)
#31    5028.86s best:341413 next:[66936,341412] quick_restart_no_lp (fixed_bools=1281/4980)
#32    5317.41s best:334345 next:[66936,334344] quick_restart_no_lp (fixed_bools=1522/5314)
#Model 5342.32s var:1702/1718 constraints:2811/2821
#33    7161.37s best:316767 next:[66936,316766] objective_lb_search_no_lp (fixed_bools=1774/9838)
#34    7166.08s best:308967 next:[66936,308966] objective_lb_search_no_lp (fixed_bools=1774/10191)
#Model 7563.56s var:1701/1718 constraints:2811/2821
#35    7921.35s best:302082 next:[66936,302081] quick_restart_no_lp (fixed_bools=2208/6841)
#36    8333.58s best:298833 next:[66936,298832] objective_lb_search_no_lp (fixed_bools=2731/10986)
#37    10721.58s best:279768 next:[66936,279767] quick_restart_no_lp (fixed_bools=2784/8340)
#38    12659.70s best:273783 next:[66936,273782] quick_restart_no_lp (fixed_bools=3124/9502)
#Bound 12817.39s best:273783 next:[66937,273782] pseudo_costs
#Bound 12817.87s best:273783 next:[66938,273782] pseudo_costs
#Bound 12817.92s best:273783 next:[66943,273782] pseudo_costs
#39    17647.17s best:263739 next:[66943,263738] quick_restart_no_lp (fixed_bools=3438/10719)
#40    18661.25s best:257973 next:[66943,257972] quick_restart_no_lp (fixed_bools=3704/11182)

Task timing                                  n [     min,      max]      avg      dev     time         n [     min,      max]      avg      dev    dtime
                             'core':         1 [   6.00h,    6.00h]    6.00h   0.00ns    6.00h         1 [   3.78h,    3.78h]    3.78h   0.00ns    3.78h
                       'default_lp':         1 [   6.00h,    6.00h]    6.00h   0.00ns    6.00h         1 [  41.62m,   41.62m]   41.62m   0.00ns   41.62m
                 'feasibility_pump':         7 [ 74.02ms,    1.78s]    1.09s 526.62ms    7.65s         6 [268.93ms, 554.30ms] 375.47ms  96.15ms    2.25s
                  'fj_long_default':         2 [ 91.24ms, 141.35ms] 116.30ms  25.06ms 232.59ms         2 [ 30.51ms,  33.56ms]  32.04ms   1.53ms  64.08ms
              'fj_long_lin_default':         4 [ 44.85ms,  83.77ms]  64.68ms  15.91ms 258.73ms         4 [ 15.91ms,  19.18ms]  17.42ms   1.41ms  69.68ms
                   'fj_long_random':         2 [111.45ms, 143.98ms] 127.71ms  16.27ms 255.42ms         2 [ 31.36ms,  34.51ms]  32.94ms   1.57ms  65.88ms
                 'fj_short_default':         4 [ 67.57ms, 110.56ms]  83.41ms  16.28ms 333.63ms         4 [ 21.36ms,  24.37ms]  22.79ms   1.35ms  91.14ms
             'fj_short_lin_default':         3 [ 73.28ms,  99.46ms]  86.64ms  10.70ms 259.92ms         3 [ 18.79ms,  22.64ms]  20.68ms   1.57ms  62.05ms
              'fj_short_lin_random':         3 [ 74.55ms,  97.94ms]  84.80ms   9.77ms 254.39ms         3 [ 22.11ms,  23.09ms]  22.69ms 419.95us  68.08ms
                  'fj_short_random':         2 [168.64ms, 503.08ms] 335.86ms 167.22ms 671.71ms         2 [ 47.99ms, 175.43ms] 111.71ms  63.72ms 223.42ms
                        'fs_random':         1 [308.37ms, 308.37ms] 308.37ms   0.00ns 308.37ms         1 [  1.42ms,   1.42ms]   1.42ms   0.00ns   1.42ms
                        'fs_random':         1 [310.78ms, 310.78ms] 310.78ms   0.00ns 310.78ms         1 [  1.96ms,   1.96ms]   1.96ms   0.00ns   1.96ms
                  'fs_random_no_lp':         1 [307.74ms, 307.74ms] 307.74ms   0.00ns 307.74ms         1 [ 10.82ms,  10.82ms]  10.82ms   0.00ns  10.82ms
                  'fs_random_no_lp':         1 [309.98ms, 309.98ms] 309.98ms   0.00ns 309.98ms         1 [ 10.82ms,  10.82ms]  10.82ms   0.00ns  10.82ms
          'fs_random_quick_restart':         1 [308.33ms, 308.33ms] 308.33ms   0.00ns 308.33ms         1 [  1.05ms,   1.05ms]   1.05ms   0.00ns   1.05ms
          'fs_random_quick_restart':         1 [329.00ms, 329.00ms] 329.00ms   0.00ns 329.00ms         1 [  2.36ms,   2.36ms]   2.36ms   0.00ns   2.36ms
    'fs_random_quick_restart_no_lp':         1 [328.01ms, 328.01ms] 328.01ms   0.00ns 328.01ms         1 [ 13.92ms,  13.92ms]  13.92ms   0.00ns  13.92ms
                    'graph_arc_lns':         6 [292.40ms,    6.00h]    1.00h    2.24h    6.00h         6 [ 10.00ns, 100.24ms]  83.38ms  37.29ms 500.30ms
                    'graph_cst_lns':         6 [ 93.70ms,    6.00h]    1.00h    2.24h    6.00h         6 [ 10.00ns, 100.31ms]  83.44ms  37.32ms 500.64ms
                    'graph_dec_lns':         6 [208.49ms,    6.00h]    2.00h    2.83h   12.00h         5 [ 20.00ns, 100.08ms]  80.02ms  40.01ms 400.10ms
                    'graph_var_lns':         6 [178.42ms,    6.00h]    3.00h    3.00h   18.00h         4 [ 51.00ns, 100.56ms]  75.16ms  43.39ms 300.64ms
                   'lb_tree_search':         1 [   6.00h,    6.00h]    6.00h   0.00ns    6.00h         1 [  27.24m,   27.24m]   27.24m   0.00ns   27.24m
                           'max_lp':         1 [   6.00h,    6.00h]    6.00h   0.00ns    6.00h         1 [  49.68m,   49.68m]   49.68m   0.00ns   49.68m
                            'no_lp':         1 [   6.00h,    6.00h]    6.00h   0.00ns    6.00h         1 [   3.74h,    3.74h]    3.74h   0.00ns    3.74h
              'objective_lb_search':         1 [   6.00h,    6.00h]    6.00h   0.00ns    6.00h         1 [  42.11m,   42.11m]   42.11m   0.00ns   42.11m
       'objective_lb_search_max_lp':         1 [   6.00h,    6.00h]    6.00h   0.00ns    6.00h         1 [  31.58m,   31.58m]   31.58m   0.00ns   31.58m
        'objective_lb_search_no_lp':         1 [   6.00h,    6.00h]    6.00h   0.00ns    6.00h         1 [   3.80h,    3.80h]    3.80h   0.00ns    3.80h
  'objective_shaving_search_max_lp':        24 [  5.09ms,  95.49ms]  13.21ms  18.65ms 316.99ms         0 [  0.00ns,   0.00ns]   0.00ns   0.00ns   0.00ns
   'objective_shaving_search_no_lp':        28 [  5.91ms,  96.10ms]  11.29ms  17.07ms 316.14ms         0 [  0.00ns,   0.00ns]   0.00ns   0.00ns   0.00ns
                          'probing':         1 [   6.00h,    6.00h]    6.00h   0.00ns    6.00h         1 [  39.18m,   39.18m]   39.18m   0.00ns   39.18m
                   'probing_max_lp':         1 [   6.00h,    6.00h]    6.00h   0.00ns    6.00h         1 [  29.81m,   29.81m]   29.81m   0.00ns   29.81m
                     'pseudo_costs':         1 [   6.00h,    6.00h]    6.00h   0.00ns    6.00h         1 [  30.26m,   30.26m]   30.26m   0.00ns   30.26m
                    'quick_restart':         1 [   6.00h,    6.00h]    6.00h   0.00ns    6.00h         1 [  40.57m,   40.57m]   40.57m   0.00ns   40.57m
              'quick_restart_no_lp':         1 [   6.00h,    6.00h]    6.00h   0.00ns    6.00h         1 [   2.85h,    2.85h]    2.85h   0.00ns    2.85h
                    'reduced_costs':         1 [   6.00h,    6.00h]    6.00h   0.00ns    6.00h         1 [  28.63m,   28.63m]   28.63m   0.00ns   28.63m
                        'rins/rens':         7 [373.39ms,    6.00h]    3.43h    2.97h   24.00h         4 [ 40.00ns, 100.37ms]  75.18ms  43.41ms 300.73ms
                      'rnd_cst_lns':         7 [228.33ms,    6.00h]    4.29h    2.71h   30.00h         3 [ 50.00ns, 100.21ms]  66.77ms  47.21ms 200.30ms
                      'rnd_var_lns':         7 [145.89ms,    6.00h]    1.71h    2.71h   12.00h         6 [ 20.00ns, 100.10ms]  83.38ms  37.29ms 500.31ms
                     'violation_ls':         7 [278.00us,  10.01ms]   1.92ms   3.31ms  13.41ms         7 [  8.89us, 398.72us] 119.05us 131.36us 833.35us
                     'violation_ls':         7 [280.92us,   3.08ms] 751.04us 954.68us   5.26ms         7 [  4.82us,  68.19us]  17.87us  20.67us 125.08us
                     'violation_ls':         7 [289.36us,   5.73ms]   1.09ms   1.89ms   7.63ms         7 [  5.31us,  11.80us]  10.07us   2.17us  70.46us

Search stats                         Bools  Conflicts     Branches    Restarts      BoolPropag   IntegerPropag
                           'core':  34'488  2'786'702  314'934'191  64'383'832  32'482'761'859  12'164'373'527
                     'default_lp':   2'022         19       45'046      27'687       2'106'848       4'539'217
                      'fs_random':   1'430          1        2'859       2'859          56'795         278'174
                      'fs_random':   1'430          1        2'859       2'859          56'795         278'174
                'fs_random_no_lp':   2'022         34        4'138       4'138         120'481         367'049
                'fs_random_no_lp':   2'022         34        4'138       4'138         120'482         367'053
        'fs_random_quick_restart':   1'430          1        2'859       2'859          56'795         278'174
        'fs_random_quick_restart':   1'430          1        2'859       2'859          56'795         278'174
  'fs_random_quick_restart_no_lp':   2'022         37        4'375       4'375         130'969         391'273
                 'lb_tree_search':   2'022         13       65'669      38'192       3'037'201       6'445'852
                         'max_lp':   2'022         12       72'124      41'336       3'312'868       7'105'646
                          'no_lp':  30'785  5'420'629  326'720'001  67'049'627  18'806'841'220  13'199'177'405
            'objective_lb_search':   2'022         20       51'252      30'754       2'386'805       5'125'220
     'objective_lb_search_max_lp':   2'022         16       70'634      40'589       3'253'901       6'953'064
      'objective_lb_search_no_lp':  33'950  2'913'860  311'042'263  67'030'459  27'601'163'858  12'665'919'091
                        'probing':   2'022         19       49'897      30'477       2'381'958       5'072'185
                 'probing_max_lp':   2'022         13       73'658      42'426       3'448'010       7'335'248
                   'pseudo_costs':   2'022         16       66'875      38'689       3'084'573       6'593'280
                  'quick_restart':   2'022         20       50'403      30'332       2'350'900       5'036'880
            'quick_restart_no_lp':  11'937  1'212'624  441'144'822  86'820'308  18'284'953'711  17'204'372'462
                  'reduced_costs':   2'022         18       61'941      36'222       2'869'822       6'152'534

SAT stats                           ClassicMinim  LitRemoved     LitLearned   LitForgotten  Subsumed  MClauses  MDecisions  MLitTrue  MSubsumed  MLitRemoved  MReused
                           'core':     2'600'558  26'833'858    740'767'703    708'004'713    82'517   226'417   3'392'373         0      1'825       29'384   58'836
                     'default_lp':             0           0             19              0         0         0           0         0          0            0        0
                      'fs_random':             0           0              1              0         0         0           0         0          0            0        0
                      'fs_random':             0           0              1              0         0         0           0         0          0            0        0
                'fs_random_no_lp':             0           0             34              0         0         0           0         0          0            0        0
                'fs_random_no_lp':             0           0             34              0         0         0           0         0          0            0        0
        'fs_random_quick_restart':             0           0              1              0         0         0           0         0          0            0        0
        'fs_random_quick_restart':             0           0              1              0         0         0           0         0          0            0        0
  'fs_random_quick_restart_no_lp':             0           0             37              0         0         0           0         0          0            0        0
                 'lb_tree_search':             0           0             13              0         0         0           0         0          0            0        0
                         'max_lp':             0           0             12              0         0         0           0         0          0            0        0
                          'no_lp':     5'213'632  59'279'228  1'430'458'905  1'398'168'310    83'839   351'155   3'067'751         0      2'456       26'948   94'218
            'objective_lb_search':             0           0             20              0         0         0           0         0          0            0        0
     'objective_lb_search_max_lp':             0           0             16              0         0         0           0         0          0            0        0
      'objective_lb_search_no_lp':     2'728'090  28'453'195    777'304'528    743'550'064    83'057   254'874   4'356'728         1      1'884       32'467   67'726
                        'probing':             0           0             19              0         0         0           0         0          0            0        0
                 'probing_max_lp':             0           0             13              0         0         0           0         0          0            0        0
                   'pseudo_costs':             0           0             16              0         0         0           0         0          0            0        0
                  'quick_restart':             0           0             20              0         0         0           0         0          0            0        0
            'quick_restart_no_lp':     1'009'078   8'270'560    392'373'206    349'587'394    95'583   288'083   7'675'685         3        814       13'769  102'568
                  'reduced_costs':             0           0             18              0         0         0           0         0          0            0        0

Lp stats                         Component  Iterations  AddedCuts  OPTIMAL  DUAL_F.  DUAL_U.
                  'default_lp':          1  11'071'261  3'159'672  153'238      122        6
                   'fs_random':          1         355        157        8        1        0
                   'fs_random':          1         428        277       11        0        0
     'fs_random_quick_restart':          1         297        157        7        1        0
     'fs_random_quick_restart':          1         493        342       13        0        0
              'lb_tree_search':          1   5'373'830    792'434  131'689   39'886        4
                      'max_lp':          1  10'416'789    736'001  140'272   43'536        3
         'objective_lb_search':          1  11'556'125  3'586'278  172'163       64        7
  'objective_lb_search_max_lp':          1   5'688'909    733'161  139'695   41'808        3
                     'probing':          1  10'849'613  3'215'443  169'293       53        6
              'probing_max_lp':          1   5'515'184    876'941  144'239   43'830        4
                'pseudo_costs':          1   5'699'536    882'905  132'397   39'580        3
               'quick_restart':          1  11'245'074  3'395'155  169'234       57        7
               'reduced_costs':          1   4'870'020    882'762  125'915   36'371        5

Lp dimension                                                                        Final dimension of first component
                  'default_lp':  3757 rows, 1718 columns, 22332 entries with magnitude in [1.061897e-05, 1.000000e+00]
                   'fs_random':    195 rows, 1718 columns, 2482 entries with magnitude in [1.772765e-03, 1.000000e+00]
                   'fs_random':    245 rows, 1718 columns, 2744 entries with magnitude in [1.772765e-03, 1.000000e+00]
     'fs_random_quick_restart':    195 rows, 1718 columns, 2482 entries with magnitude in [1.772765e-03, 1.000000e+00]
     'fs_random_quick_restart':    295 rows, 1718 columns, 3021 entries with magnitude in [1.772765e-03, 1.000000e+00]
              'lb_tree_search':  1951 rows, 1718 columns, 20698 entries with magnitude in [2.211229e-04, 1.000000e+00]
                      'max_lp':  2340 rows, 1718 columns, 31487 entries with magnitude in [2.381282e-05, 1.000000e+00]
         'objective_lb_search':  3098 rows, 1718 columns, 19485 entries with magnitude in [5.057903e-06, 1.000000e+00]
  'objective_lb_search_max_lp':  1943 rows, 1718 columns, 36062 entries with magnitude in [9.157972e-06, 1.000000e+00]
                     'probing':  3760 rows, 1718 columns, 20675 entries with magnitude in [2.919099e-05, 1.000000e+00]
              'probing_max_lp':  2053 rows, 1718 columns, 23037 entries with magnitude in [1.443243e-04, 1.000000e+00]
                'pseudo_costs':  2113 rows, 1718 columns, 65877 entries with magnitude in [8.760432e-06, 1.000000e+00]
               'quick_restart':  3433 rows, 1718 columns, 20387 entries with magnitude in [4.699032e-06, 1.000000e+00]
               'reduced_costs':  2574 rows, 1718 columns, 57194 entries with magnitude in [4.924894e-06, 1.000000e+00]

Lp debug                         CutPropag  CutEqPropag  Adjust  Overflow          Bad  BadScaling
                  'default_lp':          0          658     587         0   97'380'101           0
                   'fs_random':          0            0       0         0           16           0
                   'fs_random':          0            0       0         0           38           0
     'fs_random_quick_restart':          0            0       0         0           16           0
     'fs_random_quick_restart':          0            0       0         0           53           0
              'lb_tree_search':          0        1'090  13'625         6  180'720'715           0
                      'max_lp':          0        1'550  34'774         0  190'378'601           0
         'objective_lb_search':          0        1'044     766         0  109'163'439           0
  'objective_lb_search_max_lp':          0        1'353  20'245         0  188'470'652           0
                     'probing':          0          714   1'752         0  105'841'359           0
              'probing_max_lp':          0        1'493  33'588         0  203'012'328           0
                'pseudo_costs':          2        1'685  21'423         0  182'976'005           0
               'quick_restart':          0          770   5'655         0  105'495'729           0
               'reduced_costs':          2        2'232  21'845         0  171'214'683           0

Lp pool                          Constraints  Updates  Simplif  Merged  Shortened    Split  Strenghtened            Cuts/Call
                  'default_lp':       12'012   30'687   14'217      23        572   12'110        56'915  3'159'672/6'999'218
                   'fs_random':        2'520        2        0       0          0        0             2              157/183
                   'fs_random':        2'640        5        0       0          0        0             6              277/331
     'fs_random_quick_restart':        2'520        2        0       0          0        0             2              157/183
     'fs_random_quick_restart':        2'705        5        0       0          0        0             9              342/404
              'lb_tree_search':       12'231   53'032   17'503      21      1'384   75'240       186'761    792'434/1'790'086
                      'max_lp':       11'792   59'365   18'673      27      1'295   98'933       182'700    736'001/1'640'121
         'objective_lb_search':       11'600   32'569   12'987      41        363   11'402        74'645  3'586'278/8'035'029
  'objective_lb_search_max_lp':       11'929   62'270   24'574      50      2'093  101'120       178'881    733'161/1'561'177
                     'probing':       11'784   28'601   16'138      22        252   12'053        69'252  3'215'443/7'223'792
              'probing_max_lp':       12'728   63'517   20'490      31      3'057   91'738       195'620    876'941/2'081'371
                'pseudo_costs':       12'676   63'918   20'438      47      1'050   78'231       197'966    882'905/2'002'856
               'quick_restart':       11'483   29'915   14'722      35        461   12'093        70'830  3'395'155/7'566'361
               'reduced_costs':       12'547   77'872   22'642      33      3'242   86'957       194'720    882'762/2'360'031

Lp Cut            fs_ran  fs_ran  fs_ran  fs_ran   defaul   max_lp   quick_   reduce   pseudo   lb_tre   probin   object   probin   object
          CG_FF:       3       2       2       7   59'550   18'492   72'384   20'194   21'057   17'392   71'029   78'873   18'742   18'752
           CG_K:       -       -       -       -    5'933    8'390    7'032    7'317    6'961    8'444    7'880    8'567    7'092    7'010
          CG_KL:       -       -       -       -        -        2        -        -        2        1        -        -        2        -
           CG_R:       -       -       -       -   25'083   19'862   29'154   23'367   21'740   16'261   29'458   31'908   25'179   17'057
          CG_RB:       5       4       4      16  174'222   71'594  217'507   79'074   73'888   58'255  208'660  257'419   75'408   62'366
         CG_RBP:       -       -       -       -    3'018    6'346    5'495    6'448    6'583    5'421    4'763    6'244    6'209    4'754
         Clique:       -       -       -       -        -   28'862        -   28'202   29'675   27'841        -        -   30'803   28'349
             IB:     223     138     138     268  639'404   91'599  672'247  101'571  105'446  100'120  635'383  699'413  102'088   92'255
       MIR_1_FF:       3       1       1       3  842'691   61'361  819'171   92'370   88'195   86'181  779'583  861'955   88'005   58'822
        MIR_1_K:       -       -       -       -    4'906    4'113    6'545    7'172    6'734    6'982    5'761    6'598    6'661    5'458
        MIR_1_R:       -       -       -       -    3'938    4'821    5'538    6'972    6'238    5'067    5'738    4'441    7'093    5'735
       MIR_1_RB:      35      12      12      37  728'120  130'137  792'271  164'547  153'724  148'494  737'963  808'957  157'263  123'215
      MIR_1_RBP:       -       -       -       -      411      717      450      620    4'245      918      334      384    1'195      755
      MIR_1_RLT:       -       -       -       -        -      618        -      590      627      570        -        -      668      632
       MIR_2_FF:       -       -       -       -   32'951    8'747   36'495   12'222   11'658   10'242   33'748   38'568   11'857    9'219
        MIR_2_K:       -       -       -       -    2'656    2'239    3'978    3'093    2'851    3'080    3'495    3'848    2'954    2'501
        MIR_2_R:       -       -       -       -    1'968    4'736    2'258    8'793    7'899    7'821    2'507    2'633    8'723    7'548
       MIR_2_RB:       1       -       -       3   83'976   52'978   87'520   74'154   69'404   56'636   81'647   97'383   69'621   53'263
      MIR_2_RBP:       -       -       -       -      142      332      145      481    7'219      446      184      168      413      540
       MIR_3_FF:       1       -       -       1    7'550    5'131    9'346    6'362    6'409    5'674   10'280   11'548    6'662    5'631
        MIR_3_K:       -       -       -       -    1'371    2'211    1'664    2'772    2'826    2'671    1'859    2'102    3'022    2'646
        MIR_3_R:       -       -       -       -    5'911    8'057    7'632    8'137    8'549    7'585    8'148    8'681    9'093    9'107
       MIR_3_RB:       4       -       -       5  106'147   39'482  122'425   42'772   43'368   45'549  118'512  130'308   42'735   41'571
      MIR_3_RBP:       -       -       -       -       91      537      156      450    1'320      529       88      131      490      559
       MIR_4_FF:       -       -       -       -    5'231    5'100    5'242    5'069    5'581    4'763    5'212    5'946    5'625    4'917
        MIR_4_K:       -       -       -       -      682    1'988      835    2'077    2'110    2'036      757    1'196    2'144    1'915
        MIR_4_R:       -       -       -       -      921    3'861    1'201    3'133    3'439    3'249    1'184    1'324    3'625    3'800
       MIR_4_RB:       2       -       -       2   71'258   32'868   81'992   31'970   34'852   34'956   78'475   87'312   34'424   31'961
      MIR_4_RBP:       -       -       -       -       59      359       63      315      770      375       51       62      369      361
       MIR_5_FF:       -       -       -       -    1'351    3'718    1'710    4'050    4'052    3'498    1'743    2'073    4'409    3'827
        MIR_5_K:       -       -       -       -      316    1'507      426    1'859    1'790    1'941      354      648    2'026    1'705
        MIR_5_R:       -       -       -       -      677    2'550      806    2'480    2'373    2'245      777      868    2'855    2'857
       MIR_5_RB:       -       -       -       -   46'605   27'810   56'158   27'173   29'185   29'228   53'487   59'077   30'127   28'697
      MIR_5_RBP:       -       -       -       -       31      325       35      308      508      350       33       45      336      321
       MIR_6_FF:       -       -       -       -      701    2'980    1'021    3'027    3'030    2'866      971    1'371    3'308    3'128
        MIR_6_K:       -       -       -       -       97    1'198      161    1'366    1'377    1'397      122      374    1'564    1'342
       MIR_6_KL:       -       -       -       -        -        -        -        -        -        -        -        -        1        -
        MIR_6_R:       -       -       -       -      298    3'004      382    2'613    3'025    2'460      371      469    3'042    3'178
       MIR_6_RB:       -       -       -       -   29'454   20'566   36'435   19'106   21'128   22'292   34'874   38'599   20'783   20'288
      MIR_6_RBP:       -       -       -       -       13      289       21      249      472      287       16       30      296      386
   ZERO_HALF_FF:       -       -       -       -   89'480    8'653   96'680    9'280    9'190    7'223   92'784  101'947    9'180    8'144
    ZERO_HALF_K:       -       -       -       -    4'629      818    6'396    1'633    1'265    1'312    5'828    6'462    1'082      988
   ZERO_HALF_KL:       -       -       -       -        -        -        -        -        1        4        -        -        1        -
    ZERO_HALF_R:       -       -       -       -   44'018   30'811   55'148   47'376   50'529   30'374   54'047   59'661   48'398   41'407
   ZERO_HALF_RB:       -       -       -       -  133'282   16'043  150'539   21'649   21'231   19'118  136'695  158'234   21'099   15'886
  ZERO_HALF_RBP:       -       -       -       -      530      189      491      349      379      280      642      451      269      308

LNS stats           Improv/Calls  Closed  Difficulty  TimeLimit
  'graph_arc_lns':           4/6     33%        0.18       0.10
  'graph_cst_lns':           3/6     50%        0.52       0.10
  'graph_dec_lns':           4/6     33%        0.21       0.10
  'graph_var_lns':           4/6     33%        0.31       0.10
      'rins/rens':           7/7      0%        0.03       0.10
    'rnd_cst_lns':           7/7      0%        0.03       0.10
    'rnd_var_lns':           6/7     43%        0.49       0.10

LS stats                   Batches  Restarts  LinMoves  GenMoves  CompoundMoves  WeightUpdates
       'fj_long_default':        2         1    17'600         0              0          1'937
   'fj_long_lin_default':        4         1         0    15'338            676             60
        'fj_long_random':        2         1    17'742         0              0          2'258
      'fj_short_default':        4         1         0    17'684          1'193             55
  'fj_short_lin_default':        3         1         0    13'331            877             36
   'fj_short_lin_random':        3         1         0    15'534            930             42
       'fj_short_random':        2         1         0    44'032            498              4
          'violation_ls':        7         0       182        54             16            239
          'violation_ls':        7         0         7        16             10              4
          'violation_ls':        7         0         9         4              4              5

Solutions (40)                  Num     Rank
            'fj_long_default':    1    [1,1]
  'objective_lb_search_no_lp':    5  [28,36]
        'quick_restart_no_lp':   10  [26,40]
                'rnd_var_lns':    4  [10,22]
               'violation_ls':   20   [2,25]

Objective bounds                      Num
          'fs_random_quick_restart':    1
                   'initial_domain':    1
                   'lb_tree_search':    1
       'objective_lb_search_max_lp':    5
  'objective_shaving_search_max_lp':   16
   'objective_shaving_search_no_lp':   12
                   'probing_max_lp':    1
                     'pseudo_costs':    3

Solution repositories    Added  Queried  Ignored  Synchro
  'feasible solutions':    100      115        0       99
        'lp solutions':      0        0        0        0
                'pump':     68        7

Improving bounds shared               Num
                           'core':  1'953
                     'default_lp':    137
                'fs_random_no_lp':     15
  'fs_random_quick_restart_no_lp':     33
                 'lb_tree_search':      1
                         'max_lp':    207
                          'no_lp':  1'338
            'objective_lb_search':     17
     'objective_lb_search_max_lp':    165
      'objective_lb_search_no_lp':  1'999
                        'probing':     95
                 'probing_max_lp':     76
                   'pseudo_costs':     17
                  'quick_restart':     15
            'quick_restart_no_lp':  2'353
                  'reduced_costs':     72

Clauses shared                    Num
                       'core':  1'048
                      'no_lp':    862
  'objective_lb_search_no_lp':    650
        'quick_restart_no_lp':    954

CpSolverResponse summary:
status: FEASIBLE
objective: 257973
best_bound: 66943
integers: 1719
booleans: 1430
conflicts: 1
branches: 2859
propagations: 56795
integer_propagations: 278174
restarts: 2859
lp_iterations: 428
walltime: 21600.3
usertime: 21600.3
deterministic_time: 72687.7
gap_integral: 883906
solution_fingerprint: 0x9e2cfd4f7c2500c0

CPU USED: 32
Loading /home/aneumann/projects/def-adhaj/aneumann/gns/data/instances/test/l/instance_187.pkl...
===* START SOLVING *===
   index    value       gap  ... max_time  cpu  max_memory
0    187  2579.73  0.740504  ...        6   32         118

[1 rows x 8 columns]
===* END OF FILE *===
