created virtual environment CPython3.12.4.final.0-64 in 1266ms
  creator CPython3Posix(dest=/local/aneumann.27429372.0/env, clear=False, no_vcs_ignore=False, global=False)
  seeder FromAppData(download=False, pip=bundle, via=copy, app_data_dir=/home/aneumann/.local/share/virtualenv)
    added seed packages: pip==24.0
  activators BashActivator,CShellActivator,FishActivator,NushellActivator,PowerShellActivator,PythonActivator
Looking in links: /cvmfs/soft.computecanada.ca/custom/python/wheelhouse/gentoo2023/x86-64-v3, /cvmfs/soft.computecanada.ca/custom/python/wheelhouse/gentoo2023/generic, /cvmfs/soft.computecanada.ca/custom/python/wheelhouse/generic
Requirement already satisfied: pip in /local/aneumann.27429372.0/env/lib/python3.12/site-packages (24.0)
Processing /cvmfs/soft.computecanada.ca/custom/python/wheelhouse/generic/pip-24.2+computecanada-py3-none-any.whl
Installing collected packages: pip
  Attempting uninstall: pip
    Found existing installation: pip 24.0
    Uninstalling pip-24.0:
      Successfully uninstalled pip-24.0
Successfully installed pip-24.2+computecanada
Looking in links: /cvmfs/soft.computecanada.ca/custom/python/wheelhouse/gentoo2023/x86-64-v3, /cvmfs/soft.computecanada.ca/custom/python/wheelhouse/gentoo2023/generic, /cvmfs/soft.computecanada.ca/custom/python/wheelhouse/generic
ERROR: protobuf-5.28.3-cp38-abi3-manylinux2014_x86_64.whl is not a supported wheel on this platform.
Looking in links: /cvmfs/soft.computecanada.ca/custom/python/wheelhouse/gentoo2023/x86-64-v3, /cvmfs/soft.computecanada.ca/custom/python/wheelhouse/gentoo2023/generic, /cvmfs/soft.computecanada.ca/custom/python/wheelhouse/generic
Processing /home/aneumann/projects/def-adhaj/aneumann/gns/wheels/immutabledict-4.2.0-py3-none-any.whl
Installing collected packages: immutabledict
Successfully installed immutabledict-4.2.0
Looking in links: /cvmfs/soft.computecanada.ca/custom/python/wheelhouse/gentoo2023/x86-64-v3, /cvmfs/soft.computecanada.ca/custom/python/wheelhouse/gentoo2023/generic, /cvmfs/soft.computecanada.ca/custom/python/wheelhouse/generic
Processing /cvmfs/soft.computecanada.ca/custom/python/wheelhouse/generic/ortools-9.10.4067+computecanada-cp312-cp312-linux_x86_64.whl (from -r /home/aneumann/projects/def-adhaj/aneumann/gns/requirements_or.txt (line 1))
Processing /cvmfs/soft.computecanada.ca/custom/python/wheelhouse/gentoo2023/x86-64-v3/pandas-2.2.2+computecanada-cp312-cp312-linux_x86_64.whl (from -r /home/aneumann/projects/def-adhaj/aneumann/gns/requirements_or.txt (line 2))
Processing /cvmfs/soft.computecanada.ca/custom/python/wheelhouse/generic/absl_py-2.1.0+computecanada-py3-none-any.whl (from ortools->-r /home/aneumann/projects/def-adhaj/aneumann/gns/requirements_or.txt (line 1))
Processing /cvmfs/soft.computecanada.ca/custom/python/wheelhouse/gentoo2023/generic/numpy-2.1.1+computecanada-cp312-cp312-linux_x86_64.whl (from ortools->-r /home/aneumann/projects/def-adhaj/aneumann/gns/requirements_or.txt (line 1))
Processing /cvmfs/soft.computecanada.ca/custom/python/wheelhouse/gentoo2023/x86-64-v3/protobuf-5.28.0+computecanada-cp312-cp312-linux_x86_64.whl (from ortools->-r /home/aneumann/projects/def-adhaj/aneumann/gns/requirements_or.txt (line 1))
Requirement already satisfied: immutabledict>=3.0.0 in /local/aneumann.27429372.0/env/lib/python3.12/site-packages (from ortools->-r /home/aneumann/projects/def-adhaj/aneumann/gns/requirements_or.txt (line 1)) (4.2.0)
Processing /cvmfs/soft.computecanada.ca/custom/python/wheelhouse/generic/python_dateutil-2.9.0.post0+computecanada-py2.py3-none-any.whl (from pandas->-r /home/aneumann/projects/def-adhaj/aneumann/gns/requirements_or.txt (line 2))
Processing /cvmfs/soft.computecanada.ca/custom/python/wheelhouse/generic/pytz-2024.2+computecanada-py2.py3-none-any.whl (from pandas->-r /home/aneumann/projects/def-adhaj/aneumann/gns/requirements_or.txt (line 2))
Processing /cvmfs/soft.computecanada.ca/custom/python/wheelhouse/generic/tzdata-2024.2+computecanada-py2.py3-none-any.whl (from pandas->-r /home/aneumann/projects/def-adhaj/aneumann/gns/requirements_or.txt (line 2))
Processing /cvmfs/soft.computecanada.ca/custom/python/wheelhouse/generic/six-1.16.0+computecanada-py2.py3-none-any.whl (from python-dateutil>=2.8.2->pandas->-r /home/aneumann/projects/def-adhaj/aneumann/gns/requirements_or.txt (line 2))
Installing collected packages: pytz, tzdata, six, protobuf, numpy, absl-py, python-dateutil, pandas, ortools
Successfully installed absl-py-2.1.0+computecanada numpy-2.1.1+computecanada ortools-9.10.4067+computecanada pandas-2.2.2+computecanada protobuf-5.28.0+computecanada python-dateutil-2.9.0.post0+computecanada pytz-2024.2+computecanada six-1.16.0+computecanada tzdata-2024.2+computecanada

Starting CP-SAT solver v9.10.4067
Parameters: max_time_in_seconds: 21600 max_memory_in_mb: 118 log_search_progress: true optimize_with_core: true cp_model_presolve: true enumerate_all_solutions: false num_search_workers: 32 use_implied_bounds: true absolute_gap_limit: 5 relative_gap_limit: 0.01 use_probing_search: true

Initial optimization model '': (model_fingerprint: 0x92d2e7257abb92f4)
#Variables: 2'743 (#bools: 22 #ints: 1 in objective)
  - 2'391 Booleans in [0,1]
  - 351 in [0,225000]
  - 1 constants in {1} 
#kBoolOr: 1'196 (#literals: 1'196)
#kLinear1: 469
#kLinear2: 7'657
#kLinear3: 1'605
#kLinearN: 674 (#terms: 6'643)

Starting presolve at 0.00s
  2.65e-03s  0.00e+00d  [DetectDominanceRelations] 
  6.90e-02s  0.00e+00d  [PresolveToFixPoint] #num_loops=24 #num_dual_strengthening=5 
  8.75e-05s  0.00e+00d  [ExtractEncodingFromLinear] #potential_supersets=213 
[Symmetry] Graph for symmetry has 9'308 nodes and 19'268 arcs.
[Symmetry] Symmetry computation done. time: 0.00265708 dtime: 0.00256158
[SAT presolve] num removable Booleans: 0 / 1467
[SAT presolve] num trivial clauses: 0
[SAT presolve] [0s] clauses:2349 literals:4698 vars:1393 one_side_vars:1357 simple_definition:36 singleton_clauses:0
[SAT presolve] [0.000255759s] clauses:2349 literals:4698 vars:1393 one_side_vars:1357 simple_definition:36 singleton_clauses:0
[SAT presolve] [0.000392246s] clauses:2349 literals:4698 vars:1393 one_side_vars:1357 simple_definition:36 singleton_clauses:0
  3.46e-01s  5.96e-02d  [Probe] #probed=3'411 #fixed_bools=67 #new_bounds=131 
  5.41e-03s  0.00e+00d  [MaxClique] Merged 2549(7454 literals) into 700(5287 literals) at_most_ones. 
  2.23e-03s  0.00e+00d  [DetectDominanceRelations] 
  1.74e-02s  0.00e+00d  [PresolveToFixPoint] #num_loops=6 #num_dual_strengthening=5 
  3.02e-03s  0.00e+00d  [ProcessAtMostOneAndLinear] #num_changes=52 
  1.99e-03s  0.00e+00d  [DetectDuplicateConstraints] #duplicates=5 #without_enforcements=5 
  4.77e-04s  1.89e-05d  [DetectDominatedLinearConstraints] #relevant_constraints=1'316 
  6.55e-04s  0.00e+00d  [DetectDifferentVariables] #different=21 
  8.31e-04s  1.98e-04d  [ProcessSetPPC] #relevant_constraints=642 #num_inclusions=514 
  7.05e-05s  0.00e+00d  [FindAlmostIdenticalLinearConstraints] 
  4.87e-03s  5.10e-03d  [FindBigAtMostOneAndLinearOverlap] 
  1.21e-03s  2.43e-03d  [FindBigVerticalLinearOverlap] 
  7.25e-05s  5.43e-05d  [FindBigHorizontalLinearOverlap] #linears=9 
  8.42e-05s  0.00e+00d  [MergeClauses] 
  2.20e-03s  0.00e+00d  [DetectDominanceRelations] 
  7.85e-03s  0.00e+00d  [PresolveToFixPoint] #num_loops=2 #num_dual_strengthening=1 
  2.19e-03s  0.00e+00d  [DetectDominanceRelations] 
  7.79e-03s  0.00e+00d  [PresolveToFixPoint] #num_loops=1 #num_dual_strengthening=1 
[Symmetry] Graph for symmetry has 7'052 nodes and 13'368 arcs.
[Symmetry] Symmetry computation done. time: 0.00144312 dtime: 0.00160818
[SAT presolve] num removable Booleans: 0 / 1398
[SAT presolve] num trivial clauses: 0
[SAT presolve] [0s] clauses:11 literals:22 vars:17 one_side_vars:14 simple_definition:3 singleton_clauses:0
[SAT presolve] [5.3751e-05s] clauses:11 literals:22 vars:17 one_side_vars:14 simple_definition:3 singleton_clauses:0
[SAT presolve] [9.9696e-05s] clauses:11 literals:22 vars:17 one_side_vars:14 simple_definition:3 singleton_clauses:0
  2.05e-01s  3.48e-02d  [Probe] #probed=3'340 #new_bounds=19 
  2.05e-03s  0.00e+00d  [MaxClique] Merged 570(4394 literals) into 570(4401 literals) at_most_ones. 
  2.23e-03s  0.00e+00d  [DetectDominanceRelations] 
  1.04e-02s  0.00e+00d  [PresolveToFixPoint] #num_loops=3 #num_dual_strengthening=2 
  2.79e-03s  0.00e+00d  [ProcessAtMostOneAndLinear] 
  1.92e-03s  0.00e+00d  [DetectDuplicateConstraints] #duplicates=3 
  4.75e-04s  1.89e-05d  [DetectDominatedLinearConstraints] #relevant_constraints=1'313 
  5.62e-04s  0.00e+00d  [DetectDifferentVariables] #different=21 
  7.03e-04s  1.94e-04d  [ProcessSetPPC] #relevant_constraints=592 #num_inclusions=461 
  7.91e-05s  0.00e+00d  [FindAlmostIdenticalLinearConstraints] 
  4.74e-03s  5.08e-03d  [FindBigAtMostOneAndLinearOverlap] 
  1.20e-03s  2.43e-03d  [FindBigVerticalLinearOverlap] 
  7.34e-05s  5.43e-05d  [FindBigHorizontalLinearOverlap] #linears=9 
  8.16e-05s  0.00e+00d  [MergeClauses] 
  2.22e-03s  0.00e+00d  [DetectDominanceRelations] 
  7.84e-03s  0.00e+00d  [PresolveToFixPoint] #num_loops=1 #num_dual_strengthening=1 
  2.23e-03s  0.00e+00d  [DetectDominanceRelations] 
  7.84e-03s  0.00e+00d  [PresolveToFixPoint] #num_loops=1 #num_dual_strengthening=1 
[Symmetry] Graph for symmetry has 7'050 nodes and 13'370 arcs.
[Symmetry] Symmetry computation done. time: 0.00134846 dtime: 0.00160628
[SAT presolve] num removable Booleans: 0 / 1398
[SAT presolve] num trivial clauses: 0
[SAT presolve] [0s] clauses:11 literals:22 vars:17 one_side_vars:14 simple_definition:3 singleton_clauses:0
[SAT presolve] [5.18e-05s] clauses:11 literals:22 vars:17 one_side_vars:14 simple_definition:3 singleton_clauses:0
[SAT presolve] [9.5253e-05s] clauses:11 literals:22 vars:17 one_side_vars:14 simple_definition:3 singleton_clauses:0
  2.02e-01s  3.47e-02d  [Probe] #probed=3'340 #new_bounds=1 
  2.01e-03s  0.00e+00d  [MaxClique] Merged 570(4400 literals) into 570(4401 literals) at_most_ones. 
  2.39e-03s  0.00e+00d  [DetectDominanceRelations] 
  8.14e-03s  0.00e+00d  [PresolveToFixPoint] #num_loops=2 #num_dual_strengthening=1 
  2.81e-03s  0.00e+00d  [ProcessAtMostOneAndLinear] 
  1.89e-03s  0.00e+00d  [DetectDuplicateConstraints] 
  4.80e-04s  1.89e-05d  [DetectDominatedLinearConstraints] #relevant_constraints=1'313 
  5.59e-04s  0.00e+00d  [DetectDifferentVariables] #different=21 
  7.18e-04s  1.94e-04d  [ProcessSetPPC] #relevant_constraints=592 #num_inclusions=461 
  7.36e-05s  0.00e+00d  [FindAlmostIdenticalLinearConstraints] 
  5.07e-03s  5.11e-03d  [FindBigAtMostOneAndLinearOverlap] 
  1.22e-03s  2.43e-03d  [FindBigVerticalLinearOverlap] 
  7.54e-05s  5.43e-05d  [FindBigHorizontalLinearOverlap] #linears=9 
  8.39e-05s  0.00e+00d  [MergeClauses] 
  2.26e-03s  0.00e+00d  [DetectDominanceRelations] 
  8.00e-03s  0.00e+00d  [PresolveToFixPoint] #num_loops=1 #num_dual_strengthening=1 
  1.64e-04s  0.00e+00d  [ExpandObjective] #entries=78 #tight_variables=39 #tight_constraints=13 

Presolve summary:
  - 61 affine relations were detected.
  - rule 'TODO dual: add implied bound' was applied 18 times.
  - rule 'TODO dual: only one blocking constraint?' was applied 28'893 times.
  - rule 'TODO dual: only one blocking enforced constraint?' was applied 18 times.
  - rule 'TODO dual: only one unspecified blocking constraint?' was applied 18 times.
  - rule 'TODO dual: tighten at most one' was applied 523 times.
  - rule 'TODO linear2: contains a Boolean.' was applied 12'646 times.
  - rule 'affine: new relation' was applied 61 times.
  - rule 'at_most_one: empty or all false' was applied 4 times.
  - rule 'at_most_one: removed literals' was applied 297 times.
  - rule 'at_most_one: singleton' was applied 2 times.
  - rule 'at_most_one: size one' was applied 80 times.
  - rule 'at_most_one: transformed into max clique.' was applied 1 time.
  - rule 'bool_and: non-reified.' was applied 32 times.
  - rule 'bool_or: always true' was applied 1'196 times.
  - rule 'bool_or: implications' was applied 6'320 times.
  - rule 'deductions: 556 stored' was applied 1 time.
  - rule 'dual: add implication' was applied 8 times.
  - rule 'dual: fix variable' was applied 379 times.
  - rule 'dual: fix variable with multiple choices' was applied 8 times.
  - rule 'dual: reduced domain' was applied 169 times.
  - rule 'duplicate: merged rhs of linear constraint' was applied 5 times.
  - rule 'duplicate: removed constraint' was applied 8 times.
  - rule 'duplicate: removed enforced constraint' was applied 5 times.
  - rule 'enforcement: false literal' was applied 3'779 times.
  - rule 'enforcement: literal not used' was applied 16 times.
  - rule 'enforcement: true literal' was applied 32 times.
  - rule 'linear + amo: extracted enforcement literal' was applied 4 times.
  - rule 'linear + amo: fixed literal implied by enforcement' was applied 48 times.
  - rule 'linear1: always true' was applied 1 time.
  - rule 'linear2: contains a Boolean.' was applied 8 times.
  - rule 'linear: always true' was applied 1'706 times.
  - rule 'linear: divide by GCD' was applied 4'668 times.
  - rule 'linear: empty' was applied 150 times.
  - rule 'linear: extracted enforcement literal' was applied 673 times.
  - rule 'linear: fixed or dup variables' was applied 1'907 times.
  - rule 'linear: negative clause' was applied 1'922 times.
  - rule 'linear: positive at most one' was applied 204 times.
  - rule 'linear: positive clause' was applied 4'398 times.
  - rule 'linear: positive equal one' was applied 13 times.
  - rule 'linear: reduced variable domains' was applied 1'020 times.
  - rule 'linear: remapped using affine relations' was applied 2'126 times.
  - rule 'linear: simplified rhs' was applied 17'153 times.
  - rule 'linear: singleton column' was applied 5 times.
  - rule 'objective: variable not used elsewhere' was applied 1 time.
  - rule 'presolve: 986 unused variables removed.' was applied 1 time.
  - rule 'presolve: iteration' was applied 3 times.
  - rule 'setppc: bool_or in at_most_one.' was applied 5 times.
  - rule 'setppc: removed dominated constraints' was applied 46 times.

Presolved optimization model '': (model_fingerprint: 0xa1e1a4c33756eb56)
#Variables: 1'691 (#bools: 21 #ints: 1 in objective)
  - 1'398 Booleans in [0,1]
  - 1 in [0,731]
  - 1 in [0,733]
  - 1 in [0,736]
  - 1 in [0,1470]
  - 1 in [0,1476]
  - 1 in [0,1477]
  - 15 in [0,1481]
  - 2 in [0,1482]
  - 10 in [0,1483]
  - 1 in [0,1484]
  - 1 in [0,1487]
  - 1 in [0,1489]
  - 9 in [0,1490]
  - 1 in [0,7380]
  - 8 in [0,7405]
  - 10 in [0,7415]
  - 1 in [0,7435]
  - 1 in [0,7445]
  - 21 in [0,7450]
  - 78 in [0,225000]
  - 1 in [1,732]
  - 1 in [1,744]
  - 2 in [2,745]
  - 2 in [4,737]
  - 2 in [4,740]
  - 1 in [4,747]
  - 1 in [5,741]
  - 1 in [6,739]
  - 1 in [6,740]
  - 1 in [7,741]
  - 1 in [20,3736]
  - 1 in [29,3745]
  - 1 in [30,3746]
  - 2 in [31,3747]
  - 1 in [33,3749]
  - 1 in [53,3735]
  - 2 in [58,3740]
  - 1 in [61,3732]
  - 1 in [68,3750]
  - 2 in [70,3741]
  - 1 in [76,3747]
  - 1 in [77,3748]
  - 1 in [79,3750]
  - 1 in [300,219600]
  - 1 in [300,220800]
  - 1 in [300,222000]
  - 1 in [300,223200]
  - 3 in [300,223500]
  - 2 in [300,224280]
  - 1 in [600,223500]
  - 2 in [600,225000]
  - 1 in [1200,221100]
  - 1 in [1200,222000]
  - 1 in [1200,223200]
  - 2 in [1200,223800]
  - 2 in [1200,223980]
  - 2 in [1200,224100]
  - 1 in [1200,224400]
  - 2 in [1200,224700]
  - 2 in [1200,225000]
  - 1 in [1500,222300]
  - 1 in [1500,223500]
  - 2 in [1500,223920]
  - 2 in [1500,224880]
  - 2 in [1500,225000]
  - 1 in [1740,224758]
  - 1 in [1742,224760]
  - 1 in [1800,221700]
  - 1 in [1800,223200]
  - 3 in [1800,224760]
  - 2 in [1800,224820]
  - 3 in [1860,224820]
  - 1 in [1980,224965]
  - 2 in [2009,224994]
  - 1 in [2015,225000]
  - 1 in [2100,222300]
  - 2 in [2100,223860]
  - 2 in [2100,224820]
  - 2 in [2100,225000]
  - 2 in [2194,221100]
  - 2 in [2464,224760]
  - 2 in [2700,224640]
  - 3 in [2712,224640]
  - 2 in [2752,223980]
  - 4 in [3180,224100]
  - 2 in [3300,223980]
  - 4 in [3480,224400]
  - 3 in [3660,223920]
  - 3 in [4200,224460]
  - 2 in [4333,224460]
  - 1 in [4560,224861]
  - 1 in [4579,224880]
  - 1 in [4620,223526]
  - 3 in [4620,224880]
  - 4 in [4740,225000]
  - 3 in [4875,225000]
#kAtMostOne: 559 (#literals: 4'378)
#kBoolAnd: 13 (#enforced: 13) (#literals: 26)
#kExactlyOne: 13 (#literals: 39)
#kLinear1: 4 (#enforced: 4)
#kLinear2: 778 (#enforced: 576 #multi: 19)
#kLinear3: 866 (#enforced: 5)
#kLinearN: 245 (#terms: 2'327)

Preloading model.
#Bound   0.98s best:inf   next:[377946,17834472] initial_domain
[Symmetry] Graph for symmetry has 5'998 nodes and 13'370 arcs.
[Symmetry] Symmetry computation done. time: 0.00130053 dtime: 0.0015438
#Model   0.99s var:1691/1691 constraints:2478/2478

Starting search at 0.99s with 32 workers.
16 full problem subsolvers: [core, default_lp, lb_tree_search, max_lp, no_lp, objective_lb_search, objective_lb_search_max_lp, objective_lb_search_no_lp, objective_shaving_search_max_lp, objective_shaving_search_no_lp, probing, probing_max_lp, pseudo_costs, quick_restart, quick_restart_no_lp, reduced_costs]
14 first solution subsolvers: [fj_long_default, fj_long_lin_default, fj_long_random, fj_short_default, fj_short_lin_default, fj_short_lin_random, fj_short_random, fs_random(2), fs_random_no_lp(2), fs_random_quick_restart(2), fs_random_quick_restart_no_lp]
11 incomplete subsolvers: [feasibility_pump, graph_arc_lns, graph_cst_lns, graph_dec_lns, graph_var_lns, rins/rens, rnd_cst_lns, rnd_var_lns, violation_ls(3)]
3 helper subsolvers: [neighborhood_helper, synchronization_agent, update_gap_integral]
#Bound   1.19s best:inf   next:[377947,17834472] objective_shaving_search_no_lp (vars=1415 csts=1651)
#Bound   1.19s best:inf   next:[377948,17834472] objective_shaving_search_no_lp (vars=1691 csts=2479)
#Bound   1.20s best:inf   next:[377949,17834472] objective_shaving_search_no_lp (vars=1691 csts=2479)
#Bound   1.21s best:inf   next:[377950,17834472] objective_shaving_search_max_lp (vars=1691 csts=2479)
#Bound   1.22s best:inf   next:[377951,17834472] objective_shaving_search_max_lp (vars=1691 csts=2479)
#Bound   1.23s best:inf   next:[377952,17834472] objective_shaving_search_max_lp (vars=1691 csts=2479)
#Bound   1.24s best:inf   next:[377953,17834472] objective_shaving_search_max_lp (vars=1691 csts=2479)
#Bound   1.25s best:inf   next:[377954,17834472] objective_shaving_search_max_lp (vars=1691 csts=2479)
#Bound   1.26s best:inf   next:[377955,17834472] objective_shaving_search_no_lp (vars=1691 csts=2479)
#Bound   1.27s best:inf   next:[377956,17834472] objective_shaving_search_no_lp (vars=1691 csts=2479)
#Bound   1.28s best:inf   next:[377957,17834472] objective_shaving_search_no_lp (vars=1691 csts=2479)
#Bound   1.29s best:inf   next:[377958,17834472] objective_shaving_search_no_lp (vars=1691 csts=2479)
#Bound   1.30s best:inf   next:[377959,17834472] objective_shaving_search_max_lp (vars=1691 csts=2479)
#Bound   1.31s best:inf   next:[377960,17834472] objective_shaving_search_max_lp (vars=1691 csts=2479)
#Bound   1.32s best:inf   next:[377961,17834472] objective_shaving_search_max_lp (vars=1691 csts=2479)
#Bound   1.33s best:inf   next:[377962,17834472] objective_shaving_search_max_lp (vars=1691 csts=2479)
#Bound   1.34s best:inf   next:[377963,17834472] objective_shaving_search_no_lp (vars=1691 csts=2479)
#Bound   1.35s best:inf   next:[377964,17834472] objective_shaving_search_no_lp (vars=1691 csts=2479)
#Bound   1.36s best:inf   next:[377965,17834472] objective_shaving_search_no_lp (vars=1691 csts=2479)
#Bound   1.37s best:inf   next:[382686,17834472] probing
#Model   1.39s var:1689/1691 constraints:2478/2478
#Model   1.46s var:1688/1691 constraints:2477/2478
#1       1.48s best:17834472 next:[382686,17834471] fj_long_default(batch:4 #lin_moves:31'394 #lin_evals:51'307 #weight_updates:2'485)
#Bound   1.53s best:17834472 next:[382687,17834471] objective_shaving_search_no_lp (vars=1593 csts=2118)
#2       1.73s best:17830419 next:[386417,17830418] graph_cst_lns (d=0.50 s=110 t=0.10 p=0.00 stall=0 h=auto_l0)
#3       1.78s best:17830340 next:[386417,17830339] violation_ls(batch:4 #solutions_imported:2 #lin_moves:1'492 #lin_evals:141'217 #gen_moves:9'552 #gen_evals:0 #comp_moves:972 #backtracks:4'286 #weight_updates:1'917)
#4       1.83s best:17830261 next:[387318,17830260] violation_ls(batch:4 #solutions_imported:2 #lin_moves:27'187 #lin_evals:44'938 #gen_moves:10 #gen_evals:0 #comp_moves:2 #backtracks:4 #weight_updates:2'813)
#5       1.98s best:17830182 next:[439859,17830181] violation_ls(batch:5 #solutions_imported:3 #lin_moves:0 #lin_evals:175'168 #gen_moves:11'587 #gen_evals:0 #comp_moves:1'197 #backtracks:5'192 #weight_updates:84)
#6       1.98s best:17830103 next:[439859,17830102] violation_ls(batch:5 #solutions_imported:3 #lin_moves:27'189 #lin_evals:44'963 #gen_moves:10 #gen_evals:0 #comp_moves:2 #backtracks:4 #weight_updates:2'814)
#7       1.98s best:17830024 next:[439859,17830023] violation_ls(batch:5 #solutions_imported:3 #lin_moves:1'494 #lin_evals:141'242 #gen_moves:9'552 #gen_evals:0 #comp_moves:972 #backtracks:4'286 #weight_updates:1'918)
#Bound   1.92s best:17830261 next:[439859,17830260] default_lp [skipped_logs=4]
#Model   2.04s var:1687/1691 constraints:2476/2478
#8       2.17s best:17829945 next:[439859,17829944] violation_ls(batch:6 #solutions_imported:4 #lin_moves:2 #lin_evals:175'192 #gen_moves:11'587 #gen_evals:0 #comp_moves:1'197 #backtracks:5'192 #weight_updates:85)
#9       2.17s best:17829866 next:[439859,17829865] violation_ls(batch:6 #solutions_imported:4 #lin_moves:27'189 #lin_evals:44'977 #gen_moves:12 #gen_evals:0 #comp_moves:4 #backtracks:4 #weight_updates:2'814)
#10      2.18s best:17829787 next:[439859,17829786] violation_ls(batch:6 #solutions_imported:4 #lin_moves:1'496 #lin_evals:141'267 #gen_moves:9'552 #gen_evals:0 #comp_moves:972 #backtracks:4'286 #weight_updates:1'919)
#Model   2.28s var:1686/1691 constraints:2475/2478
#Model   2.72s var:1684/1691 constraints:2473/2478
#Bound   2.90s best:17829787 next:[461890,17829786] objective_lb_search_max_lp [skipped_logs=5]
#Model   3.13s var:1683/1691 constraints:2472/2478
#Model   3.36s var:1682/1691 constraints:2472/2478
#Model   3.86s var:1680/1691 constraints:2471/2478
#Bound   4.02s best:17829787 next:[477095,17829786] objective_lb_search_max_lp [skipped_logs=7]
#Bound   4.90s best:17829787 next:[477151,17829786] objective_lb_search_max_lp [skipped_logs=1]
#Model   5.69s var:1678/1691 constraints:2469/2478
#Bound   5.50s best:17829787 next:[477486,17829786] lb_tree_search [skipped_logs=0]
#Model   6.05s var:1677/1691 constraints:2468/2478
#Model   6.15s var:1676/1691 constraints:2467/2478
#Model   6.72s var:1675/1691 constraints:2466/2478
#Model   6.93s var:1674/1691 constraints:2465/2478
#Model   7.43s var:1673/1691 constraints:2463/2478
#Model   8.33s var:1672/1691 constraints:2462/2478
#Model   9.34s var:1671/1691 constraints:2462/2478
#Model   9.44s var:1670/1691 constraints:2462/2478
#Model  10.65s var:1669/1691 constraints:2459/2478
#Bound  12.33s best:17829787 next:[477488,17829786] probing_max_lp
#Bound  12.58s best:17829787 next:[478089,17829786] probing_max_lp
#Bound  12.91s best:17829787 next:[479912,17829786] probing_max_lp
#Bound  13.62s best:17829787 next:[480363,17829786] probing_max_lp
#Model  14.45s var:1668/1691 constraints:2459/2478
#Model  28.47s var:1667/1691 constraints:2458/2478
#Bound 422.92s best:17829787 next:[484991,17829786] probing_max_lp
#11    648.15s best:17827813 next:[484991,17827812] quick_restart_no_lp (fixed_bools=429/3238)
#Bound 750.40s best:17827813 next:[484992,17827812] pseudo_costs
#Bound 751.05s best:17827813 next:[486460,17827812] pseudo_costs
#Bound 751.36s best:17827813 next:[487868,17827812] pseudo_costs
#12    946.64s best:17824474 next:[487868,17824473] quick_restart_no_lp (fixed_bools=472/3664)
#13    947.19s best:17822311 next:[487868,17822310] quick_restart_no_lp (fixed_bools=472/3687)
#Bound 1362.77s best:17822311 next:[489731,17822310] probing
#Bound 1413.80s best:17822311 next:[499211,17822310] pseudo_costs
#14    1943.23s best:17819791 next:[499211,17819790] quick_restart_no_lp (fixed_bools=569/4533)
#15    1953.90s best:17817355 next:[499211,17817354] quick_restart_no_lp (fixed_bools=569/4564)
#16    2288.55s best:17813239 next:[499211,17813238] quick_restart_no_lp (fixed_bools=588/5132)
#17    2684.19s best:17811727 next:[499211,17811726] quick_restart_no_lp (fixed_bools=611/5759)
#18    3822.38s best:17809186 next:[499211,17809185] quick_restart_no_lp (fixed_bools=687/6417)
#19    5373.59s best:17805511 next:[499211,17805510] quick_restart_no_lp (fixed_bools=757/7374)
#20    5737.80s best:17801437 next:[499211,17801436] quick_restart_no_lp (fixed_bools=771/7871)
#21    6730.63s best:17800051 next:[499211,17800050] quick_restart_no_lp (fixed_bools=811/8840)
#22    6927.08s best:17798686 next:[499211,17798685] quick_restart_no_lp (fixed_bools=821/9134)
#23    8710.68s best:17795242 next:[499211,17795241] quick_restart_no_lp (fixed_bools=900/11638)
#24    9829.20s best:17794171 next:[499211,17794170] quick_restart_no_lp (fixed_bools=943/12831)
#25    13146.98s best:17792365 next:[499211,17792364] quick_restart_no_lp (fixed_bools=1032/17182)
#26    14955.25s best:17790286 next:[499211,17790285] quick_restart_no_lp (fixed_bools=1085/19104)
#27    17824.06s best:12926067 next:[499211,12926066] core (fixed_bools=1129/7121)
#28    18421.64s best:12888147 next:[499211,12888146] core (fixed_bools=1439/7395)
#29    18424.35s best:10816767 next:[499211,10816766] core (fixed_bools=1439/7442)
#30    18427.42s best:10778847 next:[499211,10778846] core (fixed_bools=1439/7451)
#31    19027.02s best:10769367 next:[499211,10769366] core (fixed_bools=1733/7811)
#32    19027.94s best:10731447 next:[499211,10731446] core (fixed_bools=1733/7814)
#33    19027.96s best:10669827 next:[499211,10669826] core (fixed_bools=1733/7820)
#34    19033.90s best:10432827 next:[499211,10432826] core (fixed_bools=1733/7848)
#35    19034.82s best:10314327 next:[499211,10314326] core (fixed_bools=1733/7854)
#36    19046.40s best:10263451 next:[499211,10263450] core (fixed_bools=1929/7921)
#37    19046.50s best:10205307 next:[499211,10205306] core (fixed_bools=1929/7925)
#38    19046.52s best:10200567 next:[499211,10200566] core (fixed_bools=1929/7926)
#39    19046.86s best:10195827 next:[499211,10195826] core (fixed_bools=1929/7929)
#40    19056.03s best:10138947 next:[499211,10138946] core (fixed_bools=1996/8029)
#41    19540.30s best:10104187 next:[499211,10104186] core (fixed_bools=2082/8259)
#Model 19975.92s var:1666/1691 constraints:2455/2478
#42    20314.14s best:10082067 next:[499211,10082066] core (fixed_bools=2298/9161)
#43    20314.21s best:10072587 next:[499211,10072586] core (fixed_bools=2298/9163)
#44    20701.45s best:10025187 next:[499211,10025186] core (fixed_bools=2504/9721)
#45    21236.52s best:9987267 next:[499211,9987266] core (fixed_bools=2784/10041)
#46    21248.52s best:9982527 next:[499211,9982526] core (fixed_bools=2897/10140)
#47    21249.57s best:9970677 next:[499211,9970676] core (fixed_bools=2897/10164)
#48    21249.66s best:9693387 next:[499211,9693386] core (fixed_bools=2897/10166)
#49    21261.41s best:9688647 next:[499211,9688646] core (fixed_bools=2981/10324)
#50    21262.41s best:9228867 next:[499211,9228866] core (fixed_bools=2981/10334)

Task timing                                  n [     min,      max]      avg      dev     time         n [     min,      max]      avg      dev    dtime
                             'core':         1 [   6.00h,    6.00h]    6.00h   0.00ns    6.00h         1 [   4.56h,    4.56h]    4.56h   0.00ns    4.56h
                       'default_lp':         1 [   6.00h,    6.00h]    6.00h   0.00ns    6.00h         1 [  15.18m,   15.18m]   15.18m   0.00ns   15.18m
                 'feasibility_pump':         3 [ 61.85ms,    2.29s]    1.46s 994.09ms    4.38s         2 [342.42ms, 484.05ms] 413.24ms  70.82ms 826.47ms
                  'fj_long_default':         4 [ 45.74ms, 153.95ms] 104.89ms  38.60ms 419.55ms         4 [ 13.11ms,  32.58ms]  27.35ms   8.23ms 109.41ms
              'fj_long_lin_default':         5 [ 81.32ms, 105.52ms]  91.16ms   8.20ms 455.79ms         5 [ 15.95ms,  20.76ms]  19.20ms   1.72ms  96.01ms
                   'fj_long_random':         3 [140.28ms, 162.67ms] 152.08ms   9.18ms 456.23ms         3 [ 31.94ms,  33.08ms]  32.57ms 470.11us  97.70ms
                 'fj_short_default':         6 [ 67.67ms, 124.76ms]  86.00ms  18.78ms 515.98ms         6 [ 16.31ms,  20.17ms]  18.73ms   1.31ms 112.40ms
             'fj_short_lin_default':         6 [ 67.73ms, 107.33ms]  82.16ms  12.55ms 492.95ms         6 [ 15.43ms,  18.45ms]  17.20ms   1.01ms 103.20ms
              'fj_short_lin_random':         6 [ 61.17ms,  96.98ms]  75.76ms  12.68ms 454.55ms         6 [ 15.88ms,  19.68ms]  17.07ms   1.32ms 102.42ms
                  'fj_short_random':         6 [ 70.36ms,  92.90ms]  77.15ms   7.49ms 462.90ms         6 [ 15.11ms,  19.68ms]  17.36ms   1.41ms 104.18ms
                        'fs_random':         1 [495.34ms, 495.34ms] 495.34ms   0.00ns 495.34ms         1 [  6.57ms,   6.57ms]   6.57ms   0.00ns   6.57ms
                        'fs_random':         1 [514.03ms, 514.03ms] 514.03ms   0.00ns 514.03ms         1 [  6.50ms,   6.50ms]   6.50ms   0.00ns   6.50ms
                  'fs_random_no_lp':         1 [486.19ms, 486.19ms] 486.19ms   0.00ns 486.19ms         1 [ 27.97ms,  27.97ms]  27.97ms   0.00ns  27.97ms
                  'fs_random_no_lp':         1 [490.43ms, 490.43ms] 490.43ms   0.00ns 490.43ms         1 [ 27.59ms,  27.59ms]  27.59ms   0.00ns  27.59ms
          'fs_random_quick_restart':         1 [504.95ms, 504.95ms] 504.95ms   0.00ns 504.95ms         1 [  6.32ms,   6.32ms]   6.32ms   0.00ns   6.32ms
          'fs_random_quick_restart':         1 [511.32ms, 511.32ms] 511.32ms   0.00ns 511.32ms         1 [  7.76ms,   7.76ms]   7.76ms   0.00ns   7.76ms
    'fs_random_quick_restart_no_lp':         1 [503.67ms, 503.67ms] 503.67ms   0.00ns 503.67ms         1 [ 28.32ms,  28.32ms]  28.32ms   0.00ns  28.32ms
                    'graph_arc_lns':         6 [201.10ms,    6.00h]    2.00h    2.83h   12.00h         5 [ 20.00ns, 100.46ms]  80.22ms  40.11ms 401.09ms
                    'graph_cst_lns':         6 [197.30ms,    6.00h]    3.00h    3.00h   18.00h         4 [ 30.00ns, 100.85ms]  75.25ms  43.45ms 300.99ms
                    'graph_dec_lns':         6 [413.94ms,    6.00h]    2.00h    2.83h   12.00h         5 [ 20.00ns, 100.43ms]  80.10ms  40.05ms 400.48ms
                    'graph_var_lns':         6 [141.52ms,    6.00h]    2.00h    2.83h   12.00h         5 [ 20.00ns, 100.27ms]  80.11ms  40.05ms 400.53ms
                   'lb_tree_search':         1 [   6.00h,    6.00h]    6.00h   0.00ns    6.00h         1 [  12.61m,   12.61m]   12.61m   0.00ns   12.61m
                           'max_lp':         1 [   6.00h,    6.00h]    6.00h   0.00ns    6.00h         1 [  12.16m,   12.16m]   12.16m   0.00ns   12.16m
                            'no_lp':         1 [   6.00h,    6.00h]    6.00h   0.00ns    6.00h         1 [   4.09h,    4.09h]    4.09h   0.00ns    4.09h
              'objective_lb_search':         1 [   6.00h,    6.00h]    6.00h   0.00ns    6.00h         1 [  13.86m,   13.86m]   13.86m   0.00ns   13.86m
       'objective_lb_search_max_lp':         1 [   6.00h,    6.00h]    6.00h   0.00ns    6.00h         1 [  13.72m,   13.72m]   13.72m   0.00ns   13.72m
        'objective_lb_search_no_lp':         1 [   6.00h,    6.00h]    6.00h   0.00ns    6.00h         1 [   4.23h,    4.23h]    4.23h   0.00ns    4.23h
  'objective_shaving_search_max_lp':        18 [  5.24ms, 191.33ms]  28.71ms  51.88ms 516.73ms         2 [ 16.69ms,  22.67ms]  19.68ms   2.99ms  39.36ms
   'objective_shaving_search_no_lp':        19 [  4.56ms, 191.24ms]  27.47ms  51.04ms 521.98ms         2 [ 16.67ms,  22.20ms]  19.43ms   2.77ms  38.86ms
                          'probing':         1 [   6.00h,    6.00h]    6.00h   0.00ns    6.00h         1 [  14.14m,   14.14m]   14.14m   0.00ns   14.14m
                   'probing_max_lp':         1 [   6.00h,    6.00h]    6.00h   0.00ns    6.00h         1 [  11.69m,   11.69m]   11.69m   0.00ns   11.69m
                     'pseudo_costs':         1 [   6.00h,    6.00h]    6.00h   0.00ns    6.00h         1 [  12.11m,   12.11m]   12.11m   0.00ns   12.11m
                    'quick_restart':         1 [   6.00h,    6.00h]    6.00h   0.00ns    6.00h         1 [  14.79m,   14.79m]   14.79m   0.00ns   14.79m
              'quick_restart_no_lp':         1 [   6.00h,    6.00h]    6.00h   0.00ns    6.00h         1 [   3.29h,    3.29h]    3.29h   0.00ns    3.29h
                    'reduced_costs':         1 [   6.00h,    6.00h]    6.00h   0.00ns    6.00h         1 [  12.24m,   12.24m]   12.24m   0.00ns   12.24m
                        'rins/rens':         3 [476.97ms,    6.00h]    2.00h    2.83h    6.00h         3 [ 10.00ns, 100.22ms]  66.80ms  47.24ms 200.41ms
                      'rnd_cst_lns':         6 [273.08ms,    6.00h]    2.00h    2.83h   12.00h         5 [ 41.00ns, 100.48ms]  80.11ms  40.05ms 400.53ms
                      'rnd_var_lns':         6 [   6.00h,    6.00h]    6.00h 256.89ms   36.00h         1 [194.00ns, 194.00ns] 194.00ns   0.00ns 194.00ns
                     'violation_ls':         6 [290.40us,  83.82ms]  35.72ms  34.99ms 214.32ms         6 [  7.71us,  22.61ms]   9.57ms   9.47ms  57.42ms
                     'violation_ls':         6 [292.11us, 114.91ms]  56.40ms  55.99ms 338.38ms         6 [  5.90us,  33.13ms]  15.98ms  15.96ms  95.89ms
                     'violation_ls':         6 [451.62us, 102.50ms]  44.13ms  36.90ms 264.77ms         6 [  7.64us,  21.60ms]  11.08ms   8.82ms  66.47ms

Search stats                         Bools   Conflicts     Branches    Restarts      BoolPropag   IntegerPropag
                           'core':  10'650  13'436'412  348'853'140  69'083'568   8'414'958'719  12'244'540'103
                     'default_lp':   1'988          10       29'638      19'811       1'310'596       2'578'135
                      'fs_random':   1'404           0        2'808       2'808          52'779         267'678
                      'fs_random':   1'404           1        2'807       2'807          52'779         267'678
                'fs_random_no_lp':   1'988          38        5'714       5'714         173'227         490'743
                'fs_random_no_lp':   1'988          40        5'672       5'672         171'168         487'706
        'fs_random_quick_restart':   1'404           0        2'808       2'808          52'779         267'678
        'fs_random_quick_restart':   1'404           1        2'807       2'807          52'779         267'678
  'fs_random_quick_restart_no_lp':   1'988          41        5'751       5'751         174'543         493'519
                 'lb_tree_search':   1'988           4       43'949      27'049       1'922'124       3'702'669
                         'max_lp':   1'988           5       46'025      28'078       2'033'819       3'921'723
                          'no_lp':   4'641   9'978'156  324'460'456  65'008'395   7'047'314'015  11'371'848'935
            'objective_lb_search':   1'988           9       24'891      17'427       1'114'733       2'222'806
     'objective_lb_search_max_lp':   1'988           8       51'394      30'765       2'230'089       4'284'516
      'objective_lb_search_no_lp':   4'828  10'695'802  324'738'607  65'817'693   7'154'860'419  11'461'979'755
                        'probing':   1'988          10       26'690      18'493       1'210'107       2'385'075
                 'probing_max_lp':   1'988           5       46'123      28'282       2'050'995       3'953'479
                   'pseudo_costs':   1'988           7       44'515      27'328       1'928'629       3'740'161
                  'quick_restart':   1'988           8       26'538      18'245       1'189'139       2'348'756
            'quick_restart_no_lp':  29'505  19'727'713  931'428'961  63'224'124  16'200'534'441  13'303'070'876
                  'reduced_costs':   1'988           5       47'079      28'607       2'067'043       3'980'170

SAT stats                           ClassicMinim   LitRemoved     LitLearned   LitForgotten  Subsumed  MClauses  MDecisions  MLitTrue  MSubsumed  MLitRemoved  MReused
                           'core':    13'029'358  132'621'908  4'306'734'438  4'260'568'315   134'708   786'904   4'113'743         1      2'358       14'182  210'573
                     'default_lp':             0            0             10              0         0         0           0         0          0            0        0
                      'fs_random':             0            0              0              0         0         0           0         0          0            0        0
                      'fs_random':             0            0              1              0         0         0           0         0          0            0        0
                'fs_random_no_lp':             0            0             38              0         0         0           0         0          0            0        0
                'fs_random_no_lp':             0            0             40              0         0         0           0         0          0            0        0
        'fs_random_quick_restart':             0            0              0              0         0         0           0         0          0            0        0
        'fs_random_quick_restart':             0            0              1              0         0         0           0         0          0            0        0
  'fs_random_quick_restart_no_lp':             0            0             41              0         0         0           0         0          0            0        0
                 'lb_tree_search':             0            0              4              0         0         0           0         0          0            0        0
                         'max_lp':             0            0              5              0         0         0           0         0          0            0        0
                          'no_lp':     9'705'635  100'122'363  3'285'032'233  3'249'582'076    81'581   782'727   4'087'283         1      1'531        9'200  210'057
            'objective_lb_search':             0            0              9              0         0         0           0         0          0            0        0
     'objective_lb_search_max_lp':             0            0              8              0         0         0           0         0          0            0        0
      'objective_lb_search_no_lp':    10'412'514  107'979'391  3'342'433'498  3'312'627'470    78'295   612'019   3'112'516         0      1'580        9'192  152'680
                        'probing':             0            0             10              0         0         0           0         0          0            0        0
                 'probing_max_lp':             0            0              5              0         0         0           0         0          0            0        0
                   'pseudo_costs':             0            0              7              0         0         0           0         0          0            0        0
                  'quick_restart':             0            0              8              0         0         0           0         0          0            0        0
            'quick_restart_no_lp':    18'099'786  148'765'138  6'107'477'855  5'912'253'053   721'330   987'480   7'753'007         2      4'076       29'884  182'539
                  'reduced_costs':             0            0              5              0         0         0           0         0          0            0        0

Lp stats                         Component  Iterations  AddedCuts  OPTIMAL  DUAL_F.  DUAL_U.
                  'default_lp':          1   2'710'297    571'270   99'005        1        5
                   'fs_random':          1         773        978       21        0        0
                   'fs_random':          1         815        921       21        0        1
     'fs_random_quick_restart':          1         770        964       21        0        0
     'fs_random_quick_restart':          1         821        894       21        0        1
              'lb_tree_search':          1   2'179'031    502'300   89'919   25'140        0
                      'max_lp':          1   2'204'870    454'198   92'099   26'525        1
         'objective_lb_search':          1   2'444'631    496'827   86'138       11        5
  'objective_lb_search_max_lp':          1   2'638'125    555'924  102'531   29'871        4
                     'probing':          1   2'548'428    511'374   91'004        2        5
              'probing_max_lp':          1   2'059'539    417'692   92'094   26'352        1
                'pseudo_costs':          1   2'169'046    480'141   90'443   25'833        3
               'quick_restart':          1   2'474'166    574'977   90'958        3        4
               'reduced_costs':          1   2'278'916    479'171   94'420   27'191        1

Lp dimension                                                                        Final dimension of first component
                  'default_lp':  2362 rows, 1689 columns, 18187 entries with magnitude in [1.636575e-05, 1.000000e+00]
                   'fs_random':    489 rows, 1689 columns, 4596 entries with magnitude in [8.080006e-04, 1.000000e+00]
                   'fs_random':    539 rows, 1689 columns, 4936 entries with magnitude in [6.754081e-04, 1.000000e+00]
     'fs_random_quick_restart':    489 rows, 1689 columns, 4578 entries with magnitude in [6.754081e-04, 1.000000e+00]
     'fs_random_quick_restart':    489 rows, 1689 columns, 4998 entries with magnitude in [6.279964e-05, 1.000000e+00]
              'lb_tree_search':  2330 rows, 1691 columns, 18291 entries with magnitude in [1.134996e-04, 1.000000e+00]
                      'max_lp':  2296 rows, 1691 columns, 18444 entries with magnitude in [8.395279e-05, 1.000000e+00]
         'objective_lb_search':  2313 rows, 1689 columns, 17406 entries with magnitude in [5.561139e-06, 1.000000e+00]
  'objective_lb_search_max_lp':  2363 rows, 1691 columns, 41040 entries with magnitude in [8.792214e-06, 1.000000e+00]
                     'probing':  2310 rows, 1689 columns, 17386 entries with magnitude in [9.247964e-06, 1.000000e+00]
              'probing_max_lp':  1940 rows, 1691 columns, 14396 entries with magnitude in [1.781526e-04, 1.000000e+00]
                'pseudo_costs':  1781 rows, 1691 columns, 25536 entries with magnitude in [7.370324e-05, 1.000000e+00]
               'quick_restart':  2158 rows, 1689 columns, 20007 entries with magnitude in [7.067658e-06, 1.000000e+00]
               'reduced_costs':  2070 rows, 1691 columns, 17509 entries with magnitude in [1.233085e-04, 1.000000e+00]

Lp debug                         CutPropag  CutEqPropag  Adjust  Overflow          Bad  BadScaling
                  'default_lp':          0          993   1'508         0   67'048'600           0
                   'fs_random':          0            0       0         0          923           0
                   'fs_random':          0            0       1         0          955           0
     'fs_random_quick_restart':          0            0       0         0          919           0
     'fs_random_quick_restart':          0            0       1         0          791           0
              'lb_tree_search':         11          670   6'274         0  123'812'541           0
                      'max_lp':         10          730   9'562         0  127'330'580           0
         'objective_lb_search':          0          468      71         0   59'564'790           0
  'objective_lb_search_max_lp':          9          653  19'485         0  138'654'781           0
                     'probing':          0          513   1'862         0   61'940'481           0
              'probing_max_lp':         11          558  21'581         0  127'712'408           0
                'pseudo_costs':         19        1'261  11'976         1  123'224'739           0
               'quick_restart':          6        1'007     946         0   61'998'396           0
               'reduced_costs':         10          535   1'631         0  127'031'076           0

Lp pool                          Constraints  Updates  Simplif  Merged  Shortened   Split  Strenghtened          Cuts/Call
                  'default_lp':       11'139   17'288   18'277      11        965   9'678        28'661  571'270/1'216'460
                   'fs_random':        2'801       24        1       0          0       0            71          921/1'206
                   'fs_random':        2'858       29        0       0          0       0           100          978/1'247
     'fs_random_quick_restart':        2'774       23        1       0          0       0            52          894/1'153
     'fs_random_quick_restart':        2'844       21        0       0          0       0            93          964/1'225
              'lb_tree_search':       11'734   19'952   38'596      46      1'209  19'052       134'031  502'300/1'005'074
                      'max_lp':       11'655   16'367   53'079      23      1'295  21'237       140'036    454'198/896'234
         'objective_lb_search':       11'689   13'447   10'883      18        955   9'942        19'045  496'827/1'024'236
  'objective_lb_search_max_lp':       12'371   21'718   44'182      33      2'434  23'788       134'398  555'924/1'113'992
                     'probing':       11'236   15'947   11'889      18        865  13'635        22'645  511'374/1'018'807
              'probing_max_lp':       12'148   18'750   57'411      24      1'776  24'309       133'412    417'692/839'623
                'pseudo_costs':       11'592   20'682   46'828      29      1'993  43'543       127'776    480'141/985'574
               'quick_restart':       11'825   19'541   15'322      32      1'250  11'812        26'848  574'977/1'157'064
               'reduced_costs':       11'616   16'220   39'390      35      2'038  19'106       120'114    479'171/938'946

Lp Cut            fs_ran  fs_ran  fs_ran  fs_ran   defaul  max_lp   quick_  reduce  pseudo  lb_tre   probin   object  probin  object
          CG_FF:      92      88      81      62   14'383  15'212   14'214  16'576  18'296  17'492   12'536   12'096  15'644  16'878
           CG_K:      18      18      15      16    1'448   5'290    2'278   4'613   5'439   5'449    1'302    1'330   5'129   5'450
          CG_KL:       -       -       -       -        -       -        -       -       -       -        -        1       -       -
           CG_R:      21      18      13      18    9'841   9'446   13'534  11'922  11'392  11'860    9'615    8'604   9'617  14'114
          CG_RB:     166     167     126     113   74'784  34'416   84'555  48'372  47'514  46'336   67'459   58'747  36'762  59'418
         CG_RBP:       6       6       1       1      727   1'909      842   2'123   2'087   2'007      441      470   1'706   2'817
         CG_RLT:       -       -       -       -        -       -        -       2       -       -        -        -       3       2
         Clique:       -       -       -       -        -  15'741        -  16'059  15'556  15'728        -        -  15'010  18'210
             IB:     445     445     438     446  155'526  81'123  142'184  83'382  82'400  79'161  135'317  130'314  74'327  84'344
       MIR_1_FF:      26      25      24      29   99'649  40'414   93'446  39'894  47'746  46'152   82'293   89'690  34'209  46'833
        MIR_1_K:       8       8       9       7    3'608   3'629    3'149   3'426   3'343   3'552    3'148    3'570   3'175   3'846
        MIR_1_R:       -       -       1       -    1'786   2'213    2'062   2'315   2'438   2'332    1'114    1'212   2'293   3'520
       MIR_1_RB:     135     133     136     132   99'899  79'381  101'593  77'774  73'191  83'203   96'019   94'080  66'516  93'689
      MIR_1_RBP:       1       1       2       -      222     423      230     522     416     388      222      149     437     570
      MIR_1_RLT:       -       -       -       -        -     145        -     197     185     140        -        -     174     157
       MIR_2_FF:       7       6      13      11    6'208   6'887    5'923   7'232   8'340   7'989    5'662    5'448   6'824   8'036
        MIR_2_K:       1       2       -       1      770   1'322      766   1'381   1'286   1'410      686      790   1'222   1'552
        MIR_2_R:       2       2       1       1      924   1'505    2'166   1'802   2'147   2'171      977      995   1'724   2'165
       MIR_2_RB:      11      13      15      11   17'974  26'417   21'536  25'888  26'582  33'063   18'801   15'189  25'121  34'826
      MIR_2_RBP:       -       -       -       -      101     266      106     221     256     224       85       62     271     315
       MIR_3_FF:       4       3       4       1    2'440   5'034    2'069   5'566   5'440   5'965    1'997    1'621   5'021   5'598
        MIR_3_K:       -       -       2       4      405   1'391      405   1'463   1'302   1'379      332      406   1'246   1'479
        MIR_3_R:       -       -       1       3    2'290   2'768    2'585   3'388   3'179   3'502    1'942    1'553   3'125   4'092
       MIR_3_RB:       6       5      14      11   13'217  23'355   13'304  24'649  22'940  25'655   12'057   11'210  21'562  27'867
      MIR_3_RBP:       -       -       -       -      141     504      117     514     450     520      102       99     499     595
       MIR_4_FF:       1       5       1       3    1'036   3'681      974   3'995   4'281   4'402      920      836   3'442   4'267
        MIR_4_K:       1       -       1       -      243     867      306     777     733     888      194      300     760     952
        MIR_4_R:       2       2       -       -      547   1'283      713   1'598   1'496   1'715      452      431   1'370   1'864
       MIR_4_RB:       4       4       8       9    7'764  19'748    8'260  20'242  19'754  22'567    7'409    7'583  17'561  24'736
      MIR_4_RBP:       1       -       -       -       34     256       46     185     251     264       30       26     220     262
       MIR_5_FF:       1       -       2       -      659   3'869      688   3'765   3'987   3'888      628      556   3'481   3'750
        MIR_5_K:       1       -       -       -      175     896      240     757     888     878      159      197     903     879
        MIR_5_R:       -       -       1       2      316   1'207      448   1'451   1'486   1'362      290      251   1'318   1'552
       MIR_5_RB:       3       -       4       2    5'459  15'573    6'126  15'657  15'807  16'793    5'344    5'099  14'111  18'458
      MIR_5_RBP:       -       -       -       -       28     323       36     322     323     300       22       21     295     362
       MIR_6_FF:       -       -       -       -      333   2'787      341   2'563   2'564   2'793      281      291   2'236   2'612
        MIR_6_K:       -       -       -       -      122     581      139     586     577     557      107      149     551     627
        MIR_6_R:       1       -       1       -      185   1'306      241   1'580   1'584   1'644      189      141   1'402   1'831
       MIR_6_RB:       -       -       2       -    3'775  11'685    4'303  11'994  11'702  12'894    3'545    3'659  10'399  14'021
      MIR_6_RBP:       -       -       -       -       17     212       13     230     255     212       11       16     214     290
   ZERO_HALF_FF:       6       5       4       7    5'972   3'743    5'295   3'917   4'070   4'350    5'291    5'205   3'632   4'107
    ZERO_HALF_K:       1       1       -       -      525     532      521     386     628     538      339      635     480     554
    ZERO_HALF_R:       2       2       -       -   17'530  17'228   19'092  20'723  19'865  20'281   15'702   14'638  16'420  25'354
   ZERO_HALF_RB:       5       5       1       4   19'722   9'313   19'738   8'809   7'668   9'872   17'969   18'687   6'943  12'531
  ZERO_HALF_RBP:       -       -       -       -      485     307      393     353     289     415      385      470     326     540
  ZERO_HALF_RLT:       -       -       -       -        -      10        -       -       8       9        -        -      11       2

LNS stats           Improv/Calls  Closed  Difficulty  TimeLimit
  'graph_arc_lns':           5/6     17%        0.10       0.10
  'graph_cst_lns':           6/6      0%        0.04       0.10
  'graph_dec_lns':           3/6      0%        0.04       0.10
  'graph_var_lns':           5/6     17%        0.13       0.10
      'rins/rens':           3/3      0%        0.12       0.10
    'rnd_cst_lns':           3/6      0%        0.04       0.10
    'rnd_var_lns':           6/6      0%        0.04       0.10

LS stats                   Batches  Restarts  LinMoves  GenMoves  CompoundMoves  WeightUpdates
       'fj_long_default':        4         1    31'394         0              0          2'485
   'fj_long_lin_default':        5         1         0    23'688          1'129            128
        'fj_long_random':        3         1    27'520         0              0          2'480
      'fj_short_default':        6         1         0    21'942          1'505             40
  'fj_short_lin_default':        6         1         0    23'918          3'102            151
   'fj_short_lin_random':        6         1         0    20'409          1'372             51
       'fj_short_random':        6         1         0    23'306          2'445             83
          'violation_ls':        6         0     1'496     9'552            972          1'919
          'violation_ls':        6         0         2    11'587          1'197             85
          'violation_ls':        6         0    27'189        12              4          2'814

Solutions (50)            Num     Rank
                 'core':   24  [27,50]
      'fj_long_default':    1    [1,1]
        'graph_cst_lns':    1    [2,2]
  'quick_restart_no_lp':   16  [11,26]
         'violation_ls':    8   [3,10]

Objective bounds                      Num
                       'default_lp':    4
                   'initial_domain':    1
                   'lb_tree_search':    1
       'objective_lb_search_max_lp':   14
  'objective_shaving_search_max_lp':    9
   'objective_shaving_search_no_lp':   11
                          'probing':    3
                   'probing_max_lp':    5
                     'pseudo_costs':    5
                    'reduced_costs':    1

Solution repositories    Added  Queried  Ignored  Synchro
  'feasible solutions':     85       98        0       84
        'lp solutions':      0        0        0        0
                'pump':     10        3

Improving bounds shared               Num
                           'core':  1'238
                     'default_lp':    165
                'fs_random_no_lp':      4
  'fs_random_quick_restart_no_lp':      7
                 'lb_tree_search':     10
                         'max_lp':    183
                          'no_lp':  1'052
            'objective_lb_search':    119
     'objective_lb_search_max_lp':     68
      'objective_lb_search_no_lp':  1'068
                        'probing':    363
                 'probing_max_lp':      6
                   'pseudo_costs':      1
                  'quick_restart':     62
            'quick_restart_no_lp':  1'607
                  'reduced_costs':      2

Clauses shared                    Num
                       'core':    939
                      'no_lp':    775
  'objective_lb_search_no_lp':    920
        'quick_restart_no_lp':  1'034

CpSolverResponse summary:
status: FEASIBLE
objective: 9228867
best_bound: 499211
integers: 1692
booleans: 1988
conflicts: 38
branches: 5714
propagations: 173227
integer_propagations: 490743
restarts: 5714
lp_iterations: 0
walltime: 21600.7
usertime: 21600.7
deterministic_time: 66144.1
gap_integral: 1.05713e+06
solution_fingerprint: 0x6d7dd1441ba47bdc

CPU USED: 32
Loading /home/aneumann/projects/def-adhaj/aneumann/gns/data/instances/test/l/instance_198.pkl...
===* START SOLVING *===
   index     value       gap  ... max_time  cpu  max_memory
0    198  92288.67  0.945908  ...        6   32         118

[1 rows x 8 columns]
===* END OF FILE *===
