created virtual environment CPython3.12.4.final.0-64 in 4339ms
  creator CPython3Posix(dest=/local/aneumann.27429358.0/env, clear=False, no_vcs_ignore=False, global=False)
  seeder FromAppData(download=False, pip=bundle, via=copy, app_data_dir=/home/aneumann/.local/share/virtualenv)
    added seed packages: pip==24.0
  activators BashActivator,CShellActivator,FishActivator,NushellActivator,PowerShellActivator,PythonActivator
Looking in links: /cvmfs/soft.computecanada.ca/custom/python/wheelhouse/gentoo2023/x86-64-v3, /cvmfs/soft.computecanada.ca/custom/python/wheelhouse/gentoo2023/generic, /cvmfs/soft.computecanada.ca/custom/python/wheelhouse/generic
Requirement already satisfied: pip in /local/aneumann.27429358.0/env/lib/python3.12/site-packages (24.0)
Processing /cvmfs/soft.computecanada.ca/custom/python/wheelhouse/generic/pip-24.2+computecanada-py3-none-any.whl
Installing collected packages: pip
  Attempting uninstall: pip
    Found existing installation: pip 24.0
    Uninstalling pip-24.0:
      Successfully uninstalled pip-24.0
Successfully installed pip-24.2+computecanada
Looking in links: /cvmfs/soft.computecanada.ca/custom/python/wheelhouse/gentoo2023/x86-64-v3, /cvmfs/soft.computecanada.ca/custom/python/wheelhouse/gentoo2023/generic, /cvmfs/soft.computecanada.ca/custom/python/wheelhouse/generic
ERROR: protobuf-5.28.3-cp38-abi3-manylinux2014_x86_64.whl is not a supported wheel on this platform.
Looking in links: /cvmfs/soft.computecanada.ca/custom/python/wheelhouse/gentoo2023/x86-64-v3, /cvmfs/soft.computecanada.ca/custom/python/wheelhouse/gentoo2023/generic, /cvmfs/soft.computecanada.ca/custom/python/wheelhouse/generic
Processing /home/aneumann/projects/def-adhaj/aneumann/gns/wheels/immutabledict-4.2.0-py3-none-any.whl
Installing collected packages: immutabledict
Successfully installed immutabledict-4.2.0
Looking in links: /cvmfs/soft.computecanada.ca/custom/python/wheelhouse/gentoo2023/x86-64-v3, /cvmfs/soft.computecanada.ca/custom/python/wheelhouse/gentoo2023/generic, /cvmfs/soft.computecanada.ca/custom/python/wheelhouse/generic
Processing /cvmfs/soft.computecanada.ca/custom/python/wheelhouse/generic/ortools-9.10.4067+computecanada-cp312-cp312-linux_x86_64.whl (from -r /home/aneumann/projects/def-adhaj/aneumann/gns/requirements_or.txt (line 1))
Processing /cvmfs/soft.computecanada.ca/custom/python/wheelhouse/gentoo2023/x86-64-v3/pandas-2.2.2+computecanada-cp312-cp312-linux_x86_64.whl (from -r /home/aneumann/projects/def-adhaj/aneumann/gns/requirements_or.txt (line 2))
Processing /cvmfs/soft.computecanada.ca/custom/python/wheelhouse/generic/absl_py-2.1.0+computecanada-py3-none-any.whl (from ortools->-r /home/aneumann/projects/def-adhaj/aneumann/gns/requirements_or.txt (line 1))
Processing /cvmfs/soft.computecanada.ca/custom/python/wheelhouse/gentoo2023/generic/numpy-2.1.1+computecanada-cp312-cp312-linux_x86_64.whl (from ortools->-r /home/aneumann/projects/def-adhaj/aneumann/gns/requirements_or.txt (line 1))
Processing /cvmfs/soft.computecanada.ca/custom/python/wheelhouse/gentoo2023/x86-64-v3/protobuf-5.28.0+computecanada-cp312-cp312-linux_x86_64.whl (from ortools->-r /home/aneumann/projects/def-adhaj/aneumann/gns/requirements_or.txt (line 1))
Requirement already satisfied: immutabledict>=3.0.0 in /local/aneumann.27429358.0/env/lib/python3.12/site-packages (from ortools->-r /home/aneumann/projects/def-adhaj/aneumann/gns/requirements_or.txt (line 1)) (4.2.0)
Processing /cvmfs/soft.computecanada.ca/custom/python/wheelhouse/generic/python_dateutil-2.9.0.post0+computecanada-py2.py3-none-any.whl (from pandas->-r /home/aneumann/projects/def-adhaj/aneumann/gns/requirements_or.txt (line 2))
Processing /cvmfs/soft.computecanada.ca/custom/python/wheelhouse/generic/pytz-2024.2+computecanada-py2.py3-none-any.whl (from pandas->-r /home/aneumann/projects/def-adhaj/aneumann/gns/requirements_or.txt (line 2))
Processing /cvmfs/soft.computecanada.ca/custom/python/wheelhouse/generic/tzdata-2024.2+computecanada-py2.py3-none-any.whl (from pandas->-r /home/aneumann/projects/def-adhaj/aneumann/gns/requirements_or.txt (line 2))
Processing /cvmfs/soft.computecanada.ca/custom/python/wheelhouse/generic/six-1.16.0+computecanada-py2.py3-none-any.whl (from python-dateutil>=2.8.2->pandas->-r /home/aneumann/projects/def-adhaj/aneumann/gns/requirements_or.txt (line 2))
Installing collected packages: pytz, tzdata, six, protobuf, numpy, absl-py, python-dateutil, pandas, ortools
Successfully installed absl-py-2.1.0+computecanada numpy-2.1.1+computecanada ortools-9.10.4067+computecanada pandas-2.2.2+computecanada protobuf-5.28.0+computecanada python-dateutil-2.9.0.post0+computecanada pytz-2024.2+computecanada six-1.16.0+computecanada tzdata-2024.2+computecanada

Starting CP-SAT solver v9.10.4067
Parameters: max_time_in_seconds: 21600 max_memory_in_mb: 118 log_search_progress: true optimize_with_core: true cp_model_presolve: true enumerate_all_solutions: false num_search_workers: 32 use_implied_bounds: true absolute_gap_limit: 5 relative_gap_limit: 0.01 use_probing_search: true

Initial optimization model '': (model_fingerprint: 0x1cedddf56bd1ffc8)
#Variables: 3'088 (#bools: 27 #ints: 1 in objective)
  - 2'710 Booleans in [0,1]
  - 377 in [0,225000]
  - 1 constants in {1} 
#kBoolOr: 1'382 (#literals: 1'382)
#kLinear1: 556
#kLinear2: 8'640
#kLinear3: 1'738
#kLinearN: 838 (#terms: 8'166)

Starting presolve at 0.00s
  3.24e-03s  0.00e+00d  [DetectDominanceRelations] 
  7.46e-02s  0.00e+00d  [PresolveToFixPoint] #num_loops=8 #num_dual_strengthening=3 
  1.00e-04s  0.00e+00d  [ExtractEncodingFromLinear] #potential_supersets=241 
[Symmetry] Graph for symmetry has 11'169 nodes and 24'816 arcs.
[Symmetry] Symmetry computation done. time: 0.00348682 dtime: 0.00332945
[SAT presolve] num removable Booleans: 0 / 1737
[SAT presolve] num trivial clauses: 0
[SAT presolve] [0s] clauses:3523 literals:7046 vars:1723 one_side_vars:1663 simple_definition:60 singleton_clauses:0
[SAT presolve] [0.000337931s] clauses:3523 literals:7046 vars:1723 one_side_vars:1663 simple_definition:60 singleton_clauses:0
[SAT presolve] [0.00050595s] clauses:3523 literals:7046 vars:1723 one_side_vars:1663 simple_definition:60 singleton_clauses:0
  6.74e-01s  1.11e-01d  [Probe] #probed=4'049 #fixed_bools=79 #new_bounds=141 
  1.18e-02s  0.00e+00d  [MaxClique] Merged 3745(10234 literals) into 1294(9243 literals) at_most_ones. 
  2.77e-03s  0.00e+00d  [DetectDominanceRelations] 
  1.99e-02s  0.00e+00d  [PresolveToFixPoint] #num_loops=5 #num_dual_strengthening=4 
  4.06e-03s  0.00e+00d  [ProcessAtMostOneAndLinear] #num_changes=13 
  2.44e-03s  0.00e+00d  [DetectDuplicateConstraints] #duplicates=5 #without_enforcements=2 
  5.95e-04s  2.58e-05d  [DetectDominatedLinearConstraints] #relevant_constraints=1'711 
  6.98e-04s  0.00e+00d  [DetectDifferentVariables] #different=11 
  1.40e-03s  4.04e-04d  [ProcessSetPPC] #relevant_constraints=1'417 #num_inclusions=940 
  8.74e-05s  0.00e+00d  [FindAlmostIdenticalLinearConstraints] 
  5.88e-03s  6.17e-03d  [FindBigAtMostOneAndLinearOverlap] 
  1.65e-03s  2.98e-03d  [FindBigVerticalLinearOverlap] 
  7.38e-04s  1.85e-03d  [FindBigHorizontalLinearOverlap] #linears=256 
  1.17e-04s  0.00e+00d  [MergeClauses] 
  2.69e-03s  0.00e+00d  [DetectDominanceRelations] 
  1.00e-02s  0.00e+00d  [PresolveToFixPoint] #num_loops=2 #num_dual_strengthening=1 
  2.70e-03s  0.00e+00d  [DetectDominanceRelations] 
  9.99e-03s  0.00e+00d  [PresolveToFixPoint] #num_loops=1 #num_dual_strengthening=1 
[Symmetry] Graph for symmetry has 8'984 nodes and 19'156 arcs.
[Symmetry] Symmetry computation done. time: 0.00192833 dtime: 0.00228999
[SAT presolve] num removable Booleans: 0 / 1656
[SAT presolve] num trivial clauses: 0
[SAT presolve] [0s] clauses:24 literals:48 vars:29 one_side_vars:19 simple_definition:10 singleton_clauses:0
[SAT presolve] [5.9266e-05s] clauses:24 literals:48 vars:29 one_side_vars:19 simple_definition:10 singleton_clauses:0
[SAT presolve] [0.000110835s] clauses:24 literals:48 vars:29 one_side_vars:19 simple_definition:10 singleton_clauses:0
  2.76e-01s  4.49e-02d  [Probe] #probed=3'966 #new_bounds=56 
  5.04e-03s  0.00e+00d  [MaxClique] Merged 1072(7794 literals) into 1072(7801 literals) at_most_ones. 
  2.72e-03s  0.00e+00d  [DetectDominanceRelations] 
  1.80e-02s  0.00e+00d  [PresolveToFixPoint] #num_loops=5 #num_dual_strengthening=4 
  3.86e-03s  0.00e+00d  [ProcessAtMostOneAndLinear] 
  2.36e-03s  0.00e+00d  [DetectDuplicateConstraints] #duplicates=8 
  5.95e-04s  2.58e-05d  [DetectDominatedLinearConstraints] #relevant_constraints=1'707 
  6.34e-04s  0.00e+00d  [DetectDifferentVariables] #different=11 
  1.22e-03s  3.96e-04d  [ProcessSetPPC] #relevant_constraints=1'347 #num_inclusions=864 
  8.97e-05s  0.00e+00d  [FindAlmostIdenticalLinearConstraints] 
  5.86e-03s  6.16e-03d  [FindBigAtMostOneAndLinearOverlap] 
  1.60e-03s  2.98e-03d  [FindBigVerticalLinearOverlap] 
  7.42e-04s  1.85e-03d  [FindBigHorizontalLinearOverlap] #linears=256 
  1.12e-04s  0.00e+00d  [MergeClauses] 
  2.69e-03s  0.00e+00d  [DetectDominanceRelations] 
  1.01e-02s  0.00e+00d  [PresolveToFixPoint] #num_loops=1 #num_dual_strengthening=1 
  2.83e-03s  0.00e+00d  [DetectDominanceRelations] 
  1.02e-02s  0.00e+00d  [PresolveToFixPoint] #num_loops=1 #num_dual_strengthening=1 
[Symmetry] Graph for symmetry has 8'982 nodes and 19'159 arcs.
[Symmetry] Symmetry computation done. time: 0.00189945 dtime: 0.00228699
[SAT presolve] num removable Booleans: 0 / 1656
[SAT presolve] num trivial clauses: 0
[SAT presolve] [0s] clauses:24 literals:48 vars:29 one_side_vars:19 simple_definition:10 singleton_clauses:0
[SAT presolve] [5.6556e-05s] clauses:24 literals:48 vars:29 one_side_vars:19 simple_definition:10 singleton_clauses:0
[SAT presolve] [0.000108514s] clauses:24 literals:48 vars:29 one_side_vars:19 simple_definition:10 singleton_clauses:0
  2.71e-01s  4.38e-02d  [Probe] #probed=3'966 #new_bounds=15 
  5.16e-03s  0.00e+00d  [MaxClique] 
  2.73e-03s  0.00e+00d  [DetectDominanceRelations] 
  1.31e-02s  0.00e+00d  [PresolveToFixPoint] #num_loops=3 #num_dual_strengthening=2 
  3.82e-03s  0.00e+00d  [ProcessAtMostOneAndLinear] 
  2.36e-03s  0.00e+00d  [DetectDuplicateConstraints] #duplicates=2 
  6.03e-04s  2.58e-05d  [DetectDominatedLinearConstraints] #relevant_constraints=1'707 
  6.17e-04s  0.00e+00d  [DetectDifferentVariables] #different=11 
  1.23e-03s  3.96e-04d  [ProcessSetPPC] #relevant_constraints=1'347 #num_inclusions=864 
  1.01e-04s  0.00e+00d  [FindAlmostIdenticalLinearConstraints] 
  5.85e-03s  6.16e-03d  [FindBigAtMostOneAndLinearOverlap] 
  1.60e-03s  2.98e-03d  [FindBigVerticalLinearOverlap] 
  7.37e-04s  1.85e-03d  [FindBigHorizontalLinearOverlap] #linears=256 
  1.18e-04s  0.00e+00d  [MergeClauses] 
  2.73e-03s  0.00e+00d  [DetectDominanceRelations] 
  1.01e-02s  0.00e+00d  [PresolveToFixPoint] #num_loops=1 #num_dual_strengthening=1 
  1.98e-04s  0.00e+00d  [ExpandObjective] #entries=114 #tight_variables=57 #tight_constraints=19 

Presolve summary:
  - 73 affine relations were detected.
  - rule 'TODO dual: only one blocking constraint?' was applied 32'633 times.
  - rule 'TODO dual: only one unspecified blocking constraint?' was applied 18 times.
  - rule 'TODO dual: tighten at most one' was applied 1'143 times.
  - rule 'TODO linear2: contains a Boolean.' was applied 15'459 times.
  - rule 'affine: new relation' was applied 73 times.
  - rule 'at_most_one: empty or all false' was applied 4 times.
  - rule 'at_most_one: removed literals' was applied 397 times.
  - rule 'at_most_one: singleton' was applied 2 times.
  - rule 'at_most_one: size one' was applied 152 times.
  - rule 'at_most_one: transformed into max clique.' was applied 1 time.
  - rule 'bool_and: non-reified.' was applied 24 times.
  - rule 'bool_or: always true' was applied 1'382 times.
  - rule 'bool_or: implications' was applied 7'725 times.
  - rule 'deductions: 342 stored' was applied 1 time.
  - rule 'dual: add implication' was applied 22 times.
  - rule 'dual: fix variable' was applied 389 times.
  - rule 'dual: fix variable with multiple choices' was applied 6 times.
  - rule 'dual: reduced domain' was applied 202 times.
  - rule 'duplicate: merged rhs of linear constraint' was applied 5 times.
  - rule 'duplicate: removed constraint' was applied 15 times.
  - rule 'duplicate: removed enforced constraint' was applied 2 times.
  - rule 'enforcement: false literal' was applied 4'011 times.
  - rule 'enforcement: literal not used' was applied 16 times.
  - rule 'enforcement: true literal' was applied 24 times.
  - rule 'linear + amo: fixed literal implied by enforcement' was applied 13 times.
  - rule 'linear1: always true' was applied 4 times.
  - rule 'linear2: contains a Boolean.' was applied 9 times.
  - rule 'linear: always true' was applied 1'377 times.
  - rule 'linear: divide by GCD' was applied 5'221 times.
  - rule 'linear: empty' was applied 134 times.
  - rule 'linear: extracted enforcement literal' was applied 572 times.
  - rule 'linear: fixed or dup variables' was applied 1'434 times.
  - rule 'linear: negative clause' was applied 2'395 times.
  - rule 'linear: positive at most one' was applied 226 times.
  - rule 'linear: positive clause' was applied 5'330 times.
  - rule 'linear: positive equal one' was applied 19 times.
  - rule 'linear: reduced variable domains' was applied 657 times.
  - rule 'linear: remapped using affine relations' was applied 2'587 times.
  - rule 'linear: simplified rhs' was applied 18'718 times.
  - rule 'linear: singleton column' was applied 10 times.
  - rule 'objective: variable not used elsewhere' was applied 1 time.
  - rule 'presolve: 1035 unused variables removed.' was applied 1 time.
  - rule 'presolve: iteration' was applied 3 times.
  - rule 'setppc: bool_or in at_most_one.' was applied 1 time.
  - rule 'setppc: removed dominated constraints' was applied 71 times.

Presolved optimization model '': (model_fingerprint: 0x88d2ff3619b71cf4)
#Variables: 1'970 (#bools: 26 #ints: 1 in objective)
  - 1'656 Booleans in [0,1]
  - 1 in [0,730]
  - 1 in [0,733]
  - 1 in [0,735]
  - 1 in [0,1462]
  - 1 in [0,1463]
  - 2 in [0,1469]
  - 1 in [0,1471]
  - 1 in [0,1476]
  - 1 in [0,1478]
  - 1 in [0,1479]
  - 12 in [0,1480]
  - 1 in [0,1482]
  - 19 in [0,1483]
  - 1 in [0,1484]
  - 1 in [0,1485]
  - 1 in [0,1486]
  - 1 in [0,1490]
  - 8 in [0,1498]
  - 2 in [0,7305]
  - 1 in [0,7340]
  - 1 in [0,7345]
  - 1 in [0,7395]
  - 13 in [0,7400]
  - 23 in [0,7415]
  - 1 in [0,7420]
  - 1 in [0,7425]
  - 1 in [0,7430]
  - 8 in [0,7489]
  - 99 in [0,225000]
  - 1 in [1,734]
  - 1 in [1,736]
  - 1 in [2,732]
  - 1 in [5,3748]
  - 1 in [6,3749]
  - 1 in [32,3739]
  - 1 in [42,3744]
  - 1 in [42,3749]
  - 1 in [48,3750]
  - 1 in [300,220200]
  - 1 in [300,220800]
  - 1 in [300,221100]
  - 1 in [300,221400]
  - 1 in [300,222300]
  - 2 in [300,222600]
  - 1 in [300,222900]
  - 1 in [300,223200]
  - 2 in [300,223956]
  - 3 in [300,224100]
  - 2 in [300,224240]
  - 1 in [300,224400]
  - 2 in [300,224460]
  - 2 in [300,224520]
  - 2 in [300,224640]
  - 2 in [300,224880]
  - 4 in [300,225000]
  - 1 in [360,224971]
  - 2 in [387,224998]
  - 1 in [389,225000]
  - 1 in [600,219600]
  - 1 in [600,220200]
  - 1 in [600,221400]
  - 1 in [600,221700]
  - 1 in [600,223200]
  - 2 in [600,223860]
  - 2 in [600,224220]
  - 2 in [600,224302]
  - 2 in [600,224520]
  - 2 in [600,224564]
  - 2 in [1500,221400]
  - 3 in [1516,224580]
  - 2 in [1800,224340]
  - 5 in [1840,224280]
  - 2 in [1920,224340]
  - 2 in [2023,225000]
  - 3 in [2173,224940]
  - 2 in [2311,223980]
  - 3 in [2520,224640]
  - 1 in [2520,224969]
  - 2 in [2542,224991]
  - 1 in [2551,225000]
  - 2 in [2741,224820]
  - 4 in [2880,225000]
  - 3 in [2997,224320]
  - 3 in [3612,224340]
  - 1 in [3661,223561]
  - 3 in [3661,225000]
  - 2 in [4080,225000]
  - 2 in [4220,224340]
  - 3 in [4680,224760]
#kAtMostOne: 1'048 (#literals: 7'753)
#kBoolAnd: 28 (#enforced: 28) (#literals: 56)
#kExactlyOne: 19 (#literals: 57)
#kLinear1: 5 (#enforced: 5)
#kLinear2: 637 (#enforced: 464 #multi: 32)
#kLinear3: 1'089 (#enforced: 2)
#kLinearN: 445 (#terms: 3'601)

Preloading model.
#Bound   1.51s best:inf   next:[54688,2171220] initial_domain
[Symmetry] Graph for symmetry has 7'864 nodes and 19'159 arcs.
[Symmetry] Symmetry computation done. time: 0.0018164 dtime: 0.00222115
#Model   1.52s var:1970/1970 constraints:3271/3271

Starting search at 1.52s with 32 workers.
16 full problem subsolvers: [core, default_lp, lb_tree_search, max_lp, no_lp, objective_lb_search, objective_lb_search_max_lp, objective_lb_search_no_lp, objective_shaving_search_max_lp, objective_shaving_search_no_lp, probing, probing_max_lp, pseudo_costs, quick_restart, quick_restart_no_lp, reduced_costs]
14 first solution subsolvers: [fj_long_default, fj_long_lin_default, fj_long_random, fj_short_default, fj_short_lin_default, fj_short_lin_random, fj_short_random, fs_random(2), fs_random_no_lp(2), fs_random_quick_restart(2), fs_random_quick_restart_no_lp]
11 incomplete subsolvers: [feasibility_pump, graph_arc_lns, graph_cst_lns, graph_dec_lns, graph_var_lns, rins/rens, rnd_cst_lns, rnd_var_lns, violation_ls(3)]
3 helper subsolvers: [neighborhood_helper, synchronization_agent, update_gap_integral]
#Bound   1.76s best:inf   next:[54692,2171220] objective_shaving_search_no_lp (vars=1684 csts=1937)
#1       1.77s best:2171220 next:[54692,2171216] fj_long_default(batch:1 #lin_moves:7'591 #lin_evals:16'057 #weight_updates:592)
#2       1.78s best:2171212 next:[54692,2171208] violation_ls(batch:1 #solutions_imported:1 #lin_moves:6 #lin_evals:43 #weight_updates:4)
#Bound   1.78s best:2171212 next:[54696,2171208] objective_shaving_search_max_lp (vars=1970 csts=3272)
#3       1.79s best:2171204 next:[54696,2171200] violation_ls(batch:2 #solutions_imported:2 #lin_moves:0 #lin_evals:4'057 #gen_moves:68 #gen_evals:0 #comp_moves:10 #backtracks:29 #weight_updates:1)
#4       1.81s best:2171196 next:[54696,2171192] violation_ls(batch:3 #solutions_imported:3 #lin_moves:6 #lin_evals:5'565 #gen_moves:76 #gen_evals:0 #comp_moves:10 #backtracks:33 #weight_updates:6)
#5       1.81s best:2171188 next:[54696,2171184] violation_ls(batch:3 #solutions_imported:3 #lin_moves:6 #lin_evals:706 #gen_moves:14 #gen_evals:0 #comp_moves:8 #backtracks:3 #weight_updates:4)
#6       1.81s best:2171180 next:[54696,2171176] violation_ls(batch:3 #solutions_imported:3 #lin_moves:0 #lin_evals:8'304 #gen_moves:142 #gen_evals:0 #comp_moves:16 #backtracks:63 #weight_updates:2)
#Bound   1.97s best:2171180 next:[54700,2171176] objective_shaving_search_no_lp (vars=1684 csts=1937)
#7       2.18s best:2157128 next:[54700,2157124] rnd_cst_lns (d=0.50 s=53 t=0.10 p=0.00 stall=0 h=auto_l0)
#Bound   2.19s best:2157128 next:[54704,2157124] objective_shaving_search_no_lp (vars=1970 csts=3272)
#8       2.21s best:2157120 next:[54704,2157116] violation_ls(batch:4 #solutions_imported:4 #lin_moves:6 #lin_evals:5'573 #gen_moves:80 #gen_evals:0 #comp_moves:14 #backtracks:33 #weight_updates:6)
#9       2.21s best:2157112 next:[54704,2157108] violation_ls(batch:4 #solutions_imported:4 #lin_moves:6 #lin_evals:720 #gen_moves:15 #gen_evals:0 #comp_moves:9 #backtracks:3 #weight_updates:4)
#10      2.22s best:2157104 next:[54704,2157100] violation_ls(batch:4 #solutions_imported:4 #lin_moves:4 #lin_evals:8'340 #gen_moves:142 #gen_evals:0 #comp_moves:16 #backtracks:63 #weight_updates:5)
#Bound   2.44s best:2157104 next:[54708,2157100] objective_shaving_search_max_lp (vars=1684 csts=1937)
#Bound   2.45s best:2157104 next:[61020,2157100] quick_restart
#Bound   2.52s best:2157104 next:[61120,2157100] probing
#Bound   2.55s best:2157104 next:[63072,2157100] quick_restart
#Bound   2.56s best:2157104 next:[63612,2157100] default_lp
#Bound   2.62s best:2157104 next:[66684,2157100] probing
#Bound   2.65s best:2157104 next:[68960,2157100] quick_restart
#Bound   2.82s best:2157104 next:[68964,2157100] objective_shaving_search_no_lp (vars=1970 csts=3272)
#Bound   2.83s best:2157104 next:[68968,2157100] objective_shaving_search_max_lp (vars=1970 csts=3272)
#11      2.83s best:2157096 next:[68968,2157092] violation_ls(batch:5 #solutions_imported:5 #lin_moves:6 #lin_evals:5'593 #gen_moves:83 #gen_evals:0 #comp_moves:17 #backtracks:33 #weight_updates:6)
#12      2.83s best:2157088 next:[68968,2157084] violation_ls(batch:5 #solutions_imported:5 #lin_moves:10 #lin_evals:755 #gen_moves:15 #gen_evals:0 #comp_moves:9 #backtracks:3 #weight_updates:6)
#13      2.84s best:2157080 next:[68968,2157076] violation_ls(batch:5 #solutions_imported:5 #lin_moves:7 #lin_evals:8'374 #gen_moves:142 #gen_evals:0 #comp_moves:16 #backtracks:63 #weight_updates:7)
#Bound   2.97s best:2157080 next:[70820,2157076] probing
#Bound   3.02s best:2157080 next:[75328,2157076] default_lp
#Model   3.99s var:1969/1970 constraints:3271/3271
#Model   5.11s var:1967/1970 constraints:3270/3271
#Model   5.42s var:1966/1970 constraints:3269/3271
#Model   5.82s var:1965/1970 constraints:3269/3271
#Model   6.42s var:1964/1970 constraints:3268/3271
#Model   7.30s var:1963/1970 constraints:3268/3271
#Model   8.30s var:1961/1970 constraints:3266/3271
#Model   8.71s var:1960/1970 constraints:3266/3271
#Model   9.06s var:1959/1970 constraints:3266/3271
#Model   9.66s var:1958/1970 constraints:3266/3271
#Model  10.17s var:1957/1970 constraints:3266/3271
#Model  11.27s var:1955/1970 constraints:3265/3271
#Model  11.48s var:1953/1970 constraints:3263/3271
#Model  12.98s var:1952/1970 constraints:3263/3271
#Model  13.19s var:1951/1970 constraints:3261/3271
#Model  13.29s var:1950/1970 constraints:3261/3271
#Model  13.49s var:1949/1970 constraints:3261/3271
#Model  13.80s var:1948/1970 constraints:3261/3271
#Model  14.40s var:1947/1970 constraints:3261/3271
#Model  14.61s var:1946/1970 constraints:3261/3271
#Bound  15.75s best:2157080 next:[75332,2157076] objective_lb_search_max_lp
#Model  16.21s var:1945/1970 constraints:3261/3271
#Bound  16.47s best:2157080 next:[75340,2157076] objective_lb_search_max_lp
#Bound  16.90s best:2157080 next:[75576,2157076] objective_lb_search_max_lp
#Model  18.42s var:1944/1970 constraints:3261/3271
#Model  19.12s var:1943/1970 constraints:3261/3271
#Model  19.65s var:1942/1970 constraints:3260/3271
#Model  22.25s var:1941/1970 constraints:3260/3271
#Model  23.66s var:1940/1970 constraints:3258/3271
#14     30.86s best:2139140 next:[75576,2139136] quick_restart_no_lp (fixed_bools=207/2700)
#15     30.88s best:2133252 next:[75576,2133248] quick_restart_no_lp (fixed_bools=207/2734)
#Model  31.37s var:1939/1970 constraints:3258/3271
#Model  39.48s var:1938/1970 constraints:3258/3271
#Model  49.59s var:1937/1970 constraints:3257/3271
#Model  54.00s var:1936/1970 constraints:3256/3271
#Model  72.41s var:1935/1970 constraints:3254/3271
#Model  75.82s var:1934/1970 constraints:3253/3271
#Bound  98.00s best:2133252 next:[77956,2133248] lb_tree_search
#Bound  98.16s best:2133252 next:[78208,2133248] lb_tree_search
#Bound  98.32s best:2133252 next:[78216,2133248] lb_tree_search
#Bound  98.47s best:2133252 next:[78976,2133248] lb_tree_search
#Bound  98.69s best:2133252 next:[79168,2133248] lb_tree_search
#Bound  98.89s best:2133252 next:[79408,2133248] lb_tree_search
#Bound  99.06s best:2133252 next:[79648,2133248] lb_tree_search
#Model 101.44s var:1933/1970 constraints:3252/3271
#Model 115.26s var:1932/1970 constraints:3251/3271
#16    120.54s best:2119084 next:[79648,2119080] quick_restart_no_lp (fixed_bools=272/3118)
#17    128.53s best:2103812 next:[79648,2103808] quick_restart_no_lp (fixed_bools=272/3157)
#18    130.83s best:2097372 next:[79648,2097368] quick_restart_no_lp (fixed_bools=272/3217)
#Model 158.29s var:1931/1970 constraints:3249/3271
#Model 172.60s var:1930/1970 constraints:3248/3271
#Model 199.12s var:1929/1970 constraints:3247/3271
#Bound 208.07s best:2097372 next:[80608,2097368] objective_lb_search_max_lp
#Bound 210.61s best:2097372 next:[80612,2097368] objective_lb_search_max_lp
#Bound 211.94s best:2097372 next:[80616,2097368] objective_lb_search_max_lp
#Bound 212.39s best:2097372 next:[80664,2097368] objective_lb_search_max_lp
#Bound 212.64s best:2097372 next:[80728,2097368] objective_lb_search_max_lp
#Bound 212.89s best:2097372 next:[81220,2097368] objective_lb_search_max_lp
#Bound 213.46s best:2097372 next:[81224,2097368] objective_lb_search_max_lp
#Bound 214.16s best:2097372 next:[81372,2097368] objective_lb_search_max_lp
#Bound 214.40s best:2097372 next:[81376,2097368] objective_lb_search_max_lp
#Bound 214.42s best:2097372 next:[81380,2097368] objective_lb_search_max_lp
#Bound 215.29s best:2097372 next:[81384,2097368] objective_lb_search_max_lp
#Bound 216.62s best:2097372 next:[81400,2097368] objective_lb_search_max_lp
#Bound 216.87s best:2097372 next:[81408,2097368] objective_lb_search_max_lp
#Bound 219.29s best:2097372 next:[81412,2097368] objective_lb_search_max_lp
#Bound 221.01s best:2097372 next:[81416,2097368] objective_lb_search_max_lp
#Bound 221.37s best:2097372 next:[81420,2097368] objective_lb_search_max_lp
#Bound 221.73s best:2097372 next:[81424,2097368] objective_lb_search_max_lp
#Bound 222.02s best:2097372 next:[81428,2097368] objective_lb_search_max_lp
#Bound 222.24s best:2097372 next:[81460,2097368] objective_lb_search_max_lp
#Bound 222.67s best:2097372 next:[81484,2097368] objective_lb_search_max_lp
#Bound 223.56s best:2097372 next:[81488,2097368] objective_lb_search_max_lp
#Bound 239.16s best:2097372 next:[81808,2097368] probing_max_lp
#Bound 239.32s best:2097372 next:[82048,2097368] probing_max_lp
#Bound 317.99s best:2097372 next:[82612,2097368] max_lp
#Bound 318.33s best:2097372 next:[82624,2097368] max_lp
#Bound 319.28s best:2097372 next:[83008,2097368] max_lp
#19    382.77s best:461784 next:[83008,461780] no_lp (fixed_bools=322/2820)
#20    386.23s best:437852 next:[83008,437848] no_lp (fixed_bools=322/3111)
#Model 400.76s var:1928/1970 constraints:3247/3271
#Model 886.50s var:1927/1970 constraints:3246/3271
#21    1019.12s best:432952 next:[83008,432948] core (fixed_bools=773/4088)
#22    1020.43s best:430560 next:[83008,430556] core (fixed_bools=773/4130)
#Model 1394.77s var:1926/1970 constraints:3246/3271
#Model 1449.52s var:1925/1970 constraints:3246/3271
#Bound 1914.88s best:430560 next:[83736,430556] objective_lb_search
#Model 2004.70s var:1924/1970 constraints:3245/3271
#23    3655.54s best:418808 next:[83736,418804] quick_restart_no_lp (fixed_bools=1656/8316)
#Model 3690.28s var:1923/1970 constraints:3245/3271
#Bound 5415.33s best:418808 next:[83740,418804] max_lp
#Bound 5415.96s best:418808 next:[83744,418804] max_lp
#Bound 5416.81s best:418808 next:[83868,418804] max_lp
#Bound 5417.26s best:418808 next:[83956,418804] max_lp
#Bound 5418.07s best:418808 next:[83960,418804] max_lp
#Bound 5849.79s best:418808 next:[83968,418804] max_lp
#Bound 5851.09s best:418808 next:[84216,418804] max_lp
#Bound 6160.63s best:418808 next:[84288,418804] max_lp
#Bound 6161.23s best:418808 next:[84696,418804] max_lp
#Model 7992.65s var:1922/1970 constraints:3243/3271
#Model 8047.59s var:1921/1970 constraints:3242/3271
#24    9647.71s best:398752 next:[84696,398748] quick_restart_no_lp (fixed_bools=2161/12875)
#Model 10017.01s var:1920/1970 constraints:3242/3271
#25    12108.45s best:389828 next:[84696,389824] quick_restart_no_lp (fixed_bools=2492/16491)
#Model 12929.18s var:1919/1970 constraints:3240/3271
#26    14371.23s best:378120 next:[84696,378116] no_lp (fixed_bools=4180/27608)

Task timing                                  n [     min,      max]      avg      dev     time         n [     min,      max]      avg      dev    dtime
                             'core':         1 [   6.00h,    6.00h]    6.00h   0.00ns    6.00h         1 [   3.88h,    3.88h]    3.88h   0.00ns    3.88h
                       'default_lp':         1 [   6.00h,    6.00h]    6.00h   0.00ns    6.00h         1 [  23.99m,   23.99m]   23.99m   0.00ns   23.99m
                 'feasibility_pump':         4 [ 72.83ms,    2.81s]    1.63s 990.49ms    6.54s         3 [452.16ms, 742.35ms] 555.08ms 132.64ms    1.67s
                  'fj_long_default':         1 [163.30ms, 163.30ms] 163.30ms   0.00ns 163.30ms         1 [ 32.06ms,  32.06ms]  32.06ms   0.00ns  32.06ms
              'fj_long_lin_default':         2 [ 83.42ms,  98.81ms]  91.11ms   7.70ms 182.23ms         2 [ 17.87ms,  20.63ms]  19.25ms   1.38ms  38.50ms
                   'fj_long_random':         1 [188.31ms, 188.31ms] 188.31ms   0.00ns 188.31ms         1 [ 38.74ms,  38.74ms]  38.74ms   0.00ns  38.74ms
                 'fj_short_default':         3 [ 96.08ms, 121.90ms] 109.44ms  10.56ms 328.32ms         3 [ 19.02ms,  25.05ms]  22.74ms   2.65ms  68.21ms
             'fj_short_lin_default':         2 [ 90.88ms, 114.32ms] 102.60ms  11.72ms 205.20ms         2 [ 16.21ms,  26.67ms]  21.44ms   5.23ms  42.88ms
              'fj_short_lin_random':         2 [ 93.05ms, 108.78ms] 100.91ms   7.87ms 201.83ms         2 [ 20.16ms,  23.57ms]  21.87ms   1.70ms  43.73ms
                  'fj_short_random':         2 [ 82.09ms,  92.41ms]  87.25ms   5.16ms 174.50ms         2 [ 16.42ms,  23.65ms]  20.03ms   3.61ms  40.07ms
                        'fs_random':         1 [245.23ms, 245.23ms] 245.23ms   0.00ns 245.23ms         1 [ 20.00ns,  20.00ns]  20.00ns   0.00ns  20.00ns
                        'fs_random':         1 [247.07ms, 247.07ms] 247.07ms   0.00ns 247.07ms         1 [ 20.00ns,  20.00ns]  20.00ns   0.00ns  20.00ns
                  'fs_random_no_lp':         1 [239.79ms, 239.79ms] 239.79ms   0.00ns 239.79ms         0 [  0.00ns,   0.00ns]   0.00ns   0.00ns   0.00ns
                  'fs_random_no_lp':         1 [240.99ms, 240.99ms] 240.99ms   0.00ns 240.99ms         0 [  0.00ns,   0.00ns]   0.00ns   0.00ns   0.00ns
          'fs_random_quick_restart':         1 [249.56ms, 249.56ms] 249.56ms   0.00ns 249.56ms         1 [ 20.00ns,  20.00ns]  20.00ns   0.00ns  20.00ns
          'fs_random_quick_restart':         1 [251.42ms, 251.42ms] 251.42ms   0.00ns 251.42ms         1 [ 20.00ns,  20.00ns]  20.00ns   0.00ns  20.00ns
    'fs_random_quick_restart_no_lp':         1 [239.92ms, 239.92ms] 239.92ms   0.00ns 239.92ms         0 [  0.00ns,   0.00ns]   0.00ns   0.00ns   0.00ns
                    'graph_arc_lns':         4 [241.87ms,    6.00h]    3.00h    3.00h   12.00h         3 [ 20.00ns, 100.03ms]  66.69ms  47.15ms 200.06ms
                    'graph_cst_lns':         4 [303.12ms,    6.00h]    4.50h    2.60h   18.00h         2 [ 30.00ns, 100.04ms]  50.02ms  50.02ms 100.04ms
                    'graph_dec_lns':         4 [362.74ms,    6.00h]    3.00h    3.00h   12.00h         3 [ 20.00ns, 100.10ms]  66.70ms  47.17ms 200.11ms
                    'graph_var_lns':         4 [582.91ms,    6.00h]    4.50h    2.60h   18.00h         2 [ 30.00ns, 100.00ms]  50.00ms  50.00ms 100.00ms
                   'lb_tree_search':         1 [   6.00h,    6.00h]    6.00h   0.00ns    6.00h         1 [  13.42m,   13.42m]   13.42m   0.00ns   13.42m
                           'max_lp':         1 [   6.00h,    6.00h]    6.00h   0.00ns    6.00h         1 [  13.31m,   13.31m]   13.31m   0.00ns   13.31m
                            'no_lp':         1 [   6.00h,    6.00h]    6.00h   0.00ns    6.00h         1 [   3.83h,    3.83h]    3.83h   0.00ns    3.83h
              'objective_lb_search':         1 [   6.00h,    6.00h]    6.00h   0.00ns    6.00h         1 [  25.03m,   25.03m]   25.03m   0.00ns   25.03m
       'objective_lb_search_max_lp':         1 [   6.00h,    6.00h]    6.00h   0.00ns    6.00h         1 [  13.80m,   13.80m]   13.80m   0.00ns   13.80m
        'objective_lb_search_no_lp':         1 [   6.00h,    6.00h]    6.00h   0.00ns    6.00h         1 [   3.68h,    3.68h]    3.68h   0.00ns    3.68h
  'objective_shaving_search_max_lp':         5 [ 10.54ms, 256.77ms] 139.92ms 106.56ms 699.58ms         3 [ 23.19ms,  35.34ms]  27.51ms   5.55ms  82.53ms
   'objective_shaving_search_no_lp':         5 [  9.57ms, 237.39ms]  90.17ms  97.27ms 450.86ms         2 [ 24.91ms,  24.91ms]  24.91ms   0.00ns  49.83ms
                          'probing':         1 [   6.00h,    6.00h]    6.00h   0.00ns    6.00h         1 [  25.17m,   25.17m]   25.17m   0.00ns   25.17m
                   'probing_max_lp':         1 [   6.00h,    6.00h]    6.00h   0.00ns    6.00h         1 [  13.13m,   13.13m]   13.13m   0.00ns   13.13m
                     'pseudo_costs':         1 [   6.00h,    6.00h]    6.00h   0.00ns    6.00h         1 [  14.05m,   14.05m]   14.05m   0.00ns   14.05m
                    'quick_restart':         1 [   6.00h,    6.00h]    6.00h   0.00ns    6.00h         1 [  23.87m,   23.87m]   23.87m   0.00ns   23.87m
              'quick_restart_no_lp':         1 [   6.00h,    6.00h]    6.00h   0.00ns    6.00h         1 [   3.12h,    3.12h]    3.12h   0.00ns    3.12h
                    'reduced_costs':         1 [   6.00h,    6.00h]    6.00h   0.00ns    6.00h         1 [  13.32m,   13.32m]   13.32m   0.00ns   13.32m
                        'rins/rens':         4 [281.16ms,    6.00h]    1.50h    2.60h    6.00h         4 [ 10.00ns, 100.16ms]  75.09ms  43.35ms 300.35ms
                      'rnd_cst_lns':         5 [333.07ms,    6.00h]    3.60h    2.94h   18.00h         3 [  3.02us, 100.04ms]  66.69ms  47.15ms 200.07ms
                      'rnd_var_lns':         5 [   1.07s,    6.00h]    4.80h    2.40h   24.00h         2 [ 40.00ns, 100.00ms]  50.00ms  50.00ms 100.00ms
                     'violation_ls':         5 [346.57us,  10.08ms]   2.94ms   3.76ms  14.71ms         5 [  4.64us, 937.63us] 370.00us 440.19us   1.85ms
                     'violation_ls':         5 [353.36us,  11.54ms]   2.74ms   4.41ms  13.68ms         5 [  5.54us, 121.31us]  32.63us  44.48us 163.17us
                     'violation_ls':         5 [403.05us,  11.61ms]   2.81ms   4.41ms  14.03ms         5 [  3.86us,   1.02ms] 249.68us 390.10us   1.25ms

Search stats                         Bools  Conflicts     Branches    Restarts      BoolPropag   IntegerPropag
                           'core':  42'503  1'468'671  379'132'302  65'786'471  43'041'824'662  15'216'030'736
                     'default_lp':   2'289         36       72'054      42'327       4'263'546       8'954'667
                      'fs_random':   1'661          0        1'544       1'544          40'910         151'962
                      'fs_random':   1'661          0        1'550       1'550          40'998         152'528
                'fs_random_no_lp':   1'661          0        1'556       1'556          41'144         153'362
                'fs_random_no_lp':   1'661          0        1'560       1'560          41'241         153'978
        'fs_random_quick_restart':   1'661          0        1'526       1'526          40'518         150'303
        'fs_random_quick_restart':   1'661          0        1'540       1'540          40'843         151'564
  'fs_random_quick_restart_no_lp':   1'661          0        1'562       1'562          41'290         154'283
                 'lb_tree_search':   2'289          8       39'602      26'186       2'519'368       5'204'786
                         'max_lp':   2'289         31       37'787      25'049       2'398'414       5'022'951
                          'no_lp':  34'877  1'164'945  357'298'450  64'997'073  44'473'311'750  14'697'097'466
            'objective_lb_search':   2'289         39       68'271      40'424       4'051'710       8'484'349
     'objective_lb_search_max_lp':   2'289         39       39'197      25'763       2'476'505       5'190'964
      'objective_lb_search_no_lp':  45'092  1'513'637  404'175'778  64'830'847  37'969'053'819  15'366'416'908
                        'probing':   2'289         32       73'042      43'169       4'399'422       9'139'647
                 'probing_max_lp':   2'289         35       34'614      23'749       2'284'795       4'695'980
                   'pseudo_costs':   2'289         35       35'330      23'831       2'273'570       4'739'759
                  'quick_restart':   2'289         34       77'708      45'168       4'589'971       9'622'056
            'quick_restart_no_lp':  23'614  1'203'013  404'941'110  76'860'567  23'831'470'521  18'264'909'964
                  'reduced_costs':   2'289         33       35'942      24'113       2'296'891       4'783'194

SAT stats                           ClassicMinim  LitRemoved   LitLearned  LitForgotten  Subsumed  MClauses  MDecisions  MLitTrue  MSubsumed  MLitRemoved  MReused
                           'core':     1'334'162  12'695'071  445'279'594   418'560'209    53'429    78'539   9'386'173         2      2'554      178'880   48'438
                     'default_lp':             0           0           36             0         0         0           0         0          0            0        0
                      'fs_random':             0           0            0             0         0         0           0         0          0            0        0
                      'fs_random':             0           0            0             0         0         0           0         0          0            0        0
                'fs_random_no_lp':             0           0            0             0         0         0           0         0          0            0        0
                'fs_random_no_lp':             0           0            0             0         0         0           0         0          0            0        0
        'fs_random_quick_restart':             0           0            0             0         0         0           0         0          0            0        0
        'fs_random_quick_restart':             0           0            0             0         0         0           0         0          0            0        0
  'fs_random_quick_restart_no_lp':             0           0            0             0         0         0           0         0          0            0        0
                 'lb_tree_search':             0           0            8             0         0         0           0         0          0            0        0
                         'max_lp':             0           0           31             0         0         0           0         0          0            0        0
                          'no_lp':     1'055'161  11'187'110  309'768'692   289'426'577    42'068    66'015   9'896'175         0      2'524      218'585   42'342
            'objective_lb_search':             0           0           39             0         0         0           0         0          0            0        0
     'objective_lb_search_max_lp':             0           0           39             0         0         0           0         0          0            0        0
      'objective_lb_search_no_lp':     1'368'464  11'743'413  528'209'789   497'380'859    55'753    89'203  10'004'231         0      2'815      201'624   56'424
                        'probing':             0           0           32             0         0         0           0         0          0            0        0
                 'probing_max_lp':             0           0           35             0         0         0           0         0          0            0        0
                   'pseudo_costs':             0           0           35             0         0         0           0         0          0            0        0
                  'quick_restart':             0           0           34             0         0         0           0         0          0            0        0
            'quick_restart_no_lp':     1'095'895  10'647'869  362'157'014   343'321'729    39'609    70'777  17'143'671        11      2'723      284'124   92'511
                  'reduced_costs':             0           0           33             0         0         0           0         0          0            0        0

Lp stats                         Component  Iterations  AddedCuts  OPTIMAL  DUAL_F.  DUAL_U.
                  'default_lp':          1   6'320'829  1'928'480  228'084        4        2
                   'fs_random':          1           0          0        0        0        0
                   'fs_random':          1           0          0        0        0        0
     'fs_random_quick_restart':          1           0          0        0        0        0
     'fs_random_quick_restart':          1           0          0        0        0        0
              'lb_tree_search':          1   2'273'551    583'107   87'824   22'000        0
                      'max_lp':          1   2'193'571    556'074   83'986   21'232        0
         'objective_lb_search':          1   6'248'712  2'012'035  217'278        4        2
  'objective_lb_search_max_lp':          1   2'226'013    603'149   86'934   21'382        2
                     'probing':          1   6'564'833  2'120'755  232'416        4        4
              'probing_max_lp':          1   1'983'207    552'995   79'595   18'776        2
                'pseudo_costs':          1   2'300'738    600'955   83'360   17'638        3
               'quick_restart':          1   6'635'006  1'991'052  244'278        2        2
               'reduced_costs':          1   2'001'262    577'466   81'242   19'760        0

Lp dimension                                                                        Final dimension of first component
                  'default_lp':  2848 rows, 1969 columns, 25751 entries with magnitude in [3.351415e-05, 1.000000e+00]
                   'fs_random':         0 rows, 1969 columns, 0 entries with magnitude in [0.000000e+00, 0.000000e+00]
                   'fs_random':         0 rows, 1969 columns, 0 entries with magnitude in [0.000000e+00, 0.000000e+00]
     'fs_random_quick_restart':         0 rows, 1969 columns, 0 entries with magnitude in [0.000000e+00, 0.000000e+00]
     'fs_random_quick_restart':         0 rows, 1969 columns, 0 entries with magnitude in [0.000000e+00, 0.000000e+00]
              'lb_tree_search':  2139 rows, 1970 columns, 19807 entries with magnitude in [2.138582e-04, 1.000000e+00]
                      'max_lp':  2181 rows, 1970 columns, 22264 entries with magnitude in [8.984382e-05, 1.000000e+00]
         'objective_lb_search':  2612 rows, 1969 columns, 29203 entries with magnitude in [3.298528e-06, 1.000000e+00]
  'objective_lb_search_max_lp':  2660 rows, 1970 columns, 21790 entries with magnitude in [9.522534e-05, 1.000000e+00]
                     'probing':  2710 rows, 1969 columns, 28872 entries with magnitude in [3.282919e-06, 1.000000e+00]
              'probing_max_lp':  2716 rows, 1970 columns, 74668 entries with magnitude in [5.630145e-06, 1.000000e+00]
                'pseudo_costs':  2775 rows, 1970 columns, 21721 entries with magnitude in [7.015818e-05, 1.000000e+00]
               'quick_restart':  2509 rows, 1969 columns, 30629 entries with magnitude in [7.460146e-06, 1.000000e+00]
               'reduced_costs':  2258 rows, 1970 columns, 19342 entries with magnitude in [2.394434e-04, 1.000000e+00]

Lp debug                         CutPropag  CutEqPropag  Adjust  Overflow          Bad  BadScaling
                  'default_lp':          0        3'905  27'377         0  144'728'148           0
                   'fs_random':          0            0       0         0            0           0
                   'fs_random':          0            0       0         0            0           0
     'fs_random_quick_restart':          0            0       0         0            0           0
     'fs_random_quick_restart':          0            0       0         0            0           0
              'lb_tree_search':          0          578  30'659         0  133'380'124           0
                      'max_lp':          0        1'468   7'629         0  126'596'662           0
         'objective_lb_search':          0        3'522   6'050         0  142'078'493           0
  'objective_lb_search_max_lp':          0        1'176  34'771         0  129'978'943           0
                     'probing':         12        5'298   7'308         0  149'058'109           0
              'probing_max_lp':          5          744  28'044         3  119'214'958           0
                'pseudo_costs':          4          883  57'258         0  122'517'827           0
               'quick_restart':          5        4'788   3'713         0  145'574'567           0
               'reduced_costs':          0        1'328   8'738         0  120'933'288           0

Lp pool                          Constraints  Updates  Simplif  Merged  Shortened   Split  Strenghtened            Cuts/Call
                  'default_lp':       12'174   41'485   17'046      78      1'411  27'537       120'022  1'928'480/4'426'818
                   'fs_random':        2'772        0        0       0          0       0             0                  0/0
                   'fs_random':        2'772        0        0       0          0       0             0                  0/0
     'fs_random_quick_restart':        2'772        0        0       0          0       0             0                  0/0
     'fs_random_quick_restart':        2'772        0        0       0          0       0             0                  0/0
              'lb_tree_search':       12'370   33'716   34'577       8      3'237  45'524       133'695    583'107/1'400'521
                      'max_lp':       12'337   32'407   23'787       8      1'776  48'747       134'298    556'074/1'265'398
         'objective_lb_search':       11'740   45'627   18'484      67      1'190  24'882       107'109  2'012'035/4'611'714
  'objective_lb_search_max_lp':       12'358   45'049   27'327      62      2'025  61'521       141'202    603'149/1'354'189
                     'probing':       12'416   46'480   22'816     111      1'580  29'407       136'522  2'120'755/4'725'668
              'probing_max_lp':       13'249   41'838   23'968      17      3'585  52'923       126'787    552'995/1'238'240
                'pseudo_costs':       13'192   43'538   21'934      34      2'319  45'135       131'380    600'955/1'385'034
               'quick_restart':       11'722   38'967   16'970     102      1'752  22'964       132'682  1'991'052/4'360'093
               'reduced_costs':       12'689   49'676   23'149      48      5'750  59'033       126'027    577'466/1'327'596

Lp Cut             defaul   max_lp   quick_   reduce   pseudo   lb_tre   probin   object   probin   object
          CG_FF:   63'627    9'398   69'126   12'728   13'567   11'329   68'870   67'417   10'095   12'377
           CG_K:    2'819    1'472    2'419    1'233    1'323    1'967    3'175    2'541    1'350    1'515
          CG_KL:        -        2        -        2        1        2        1        -        3        -
           CG_R:  123'085   21'264  122'364   20'887   21'112   19'951  131'995  113'722   23'648   20'661
          CG_RB:  377'834   38'618  397'625   46'637   52'116   43'097  434'841  390'468   45'064   47'749
         CG_RBP:    1'316      985      982      913    1'202    1'080    1'226    1'150      921      965
         Clique:        -   21'656        -   20'373   22'165   23'644        -        -   20'231   22'682
             IB:  385'206   69'580  402'188   72'297   78'596   77'252  404'184  376'900   66'237   78'407
       MIR_1_FF:  217'701   52'766  204'029   61'948   63'704   64'428  244'162  278'875   54'391   62'482
        MIR_1_K:    3'444    2'039    3'359    2'808    2'193    2'481    5'802    5'225    2'210    2'603
       MIR_1_KL:        -        -        -        1        -        -        -        -        -        -
        MIR_1_R:    9'769    3'878    8'772    3'912    3'502    3'571   11'075   11'495    3'167    3'612
       MIR_1_RB:  299'982  113'822  312'142  107'995  107'704  104'300  334'951  322'673  102'654  114'602
      MIR_1_RBP:      892      633      988      768      723      652      952      825      666      826
      MIR_1_RLT:        -      305        -      301      290      359        -        -      324      355
       MIR_2_FF:   14'412    8'910   13'842    9'671   10'787   10'358   18'363   14'523    9'343   10'756
        MIR_2_K:      983      896    1'002      934      877      979    1'190      965      839      923
       MIR_2_KL:        -        -        -        2        -        2        -        -        2        2
        MIR_2_R:    3'656    2'555    3'962    3'940    3'924    3'640    3'914    3'285    3'146    3'076
       MIR_2_RB:   55'543   38'949   59'438   55'218   50'275   41'055   59'831   54'046   45'855   47'584
      MIR_2_RBP:      444      402      497      421      389      488      486      419      442      556
       MIR_3_FF:    7'462    4'140    8'173    4'180    4'933    4'989    8'226    8'605    4'034    4'596
        MIR_3_K:    1'271    1'362    1'335    1'287    1'411    1'415    1'619    1'438    1'221    1'419
       MIR_3_KL:        -        2        -        4        2        3        -        -        5        3
        MIR_3_R:   15'550    4'235   17'184    3'935    4'091    4'477   15'645   12'941    3'594    4'287
       MIR_3_RB:   53'645   26'307   57'759   24'812   26'095   27'213   57'611   51'684   25'085   28'371
      MIR_3_RBP:      573      923      624      854      810      727      735      510      771      915
       MIR_4_FF:    1'762    3'204    1'637    3'568    4'053    4'271    2'180    2'174    3'449    3'628
        MIR_4_K:      381      977      365      984    1'037      995      502      404      959    1'079
       MIR_4_KL:        -        1        -        4        -        1        -        -        5        1
        MIR_4_R:    3'101    1'832    3'532    1'750    1'825    1'979    3'340    2'760    1'679    1'891
       MIR_4_RB:   28'296   22'763   29'208   20'775   23'212   23'982   31'300   28'584   22'014   23'387
      MIR_4_RBP:      247      800      267      757      745      657      306      192      691      882
       MIR_5_FF:    1'546    2'795    1'498    2'739    3'278    3'599    1'686    1'726    2'878    3'086
        MIR_5_K:      345      884      404      903      969      897      417      420      874      939
       MIR_5_KL:        -        4        -        3        4        3        -        -        4        3
        MIR_5_R:    1'782    1'290    2'008    1'178    1'248    1'417    1'906    1'414    1'219    1'378
       MIR_5_RB:   20'545   17'821   21'605   16'130   17'992   18'697   22'694   21'305   17'583   18'700
      MIR_5_RBP:      153      636      154      624      639      558      228      136      664      646
       MIR_6_FF:      685    1'961      561    1'904    2'133    2'321      701      812    1'845    2'036
        MIR_6_K:      128      797      136      804      886      754      173      156      699      826
       MIR_6_KL:        -        9        -       15        7       23        -        -       16       13
        MIR_6_R:      900    1'579      940    1'424    1'552    1'768      911      772    1'562    1'637
       MIR_6_RB:   14'367   12'115   14'994   11'040   12'180   12'627   15'989   14'841   11'925   12'494
      MIR_6_RBP:      118      583      114      552      588      537      131      106      599      699
   ZERO_HALF_FF:   20'275    4'764   20'415    5'191    5'812    5'831   21'478   24'116    5'184    5'452
    ZERO_HALF_K:      817      304      505      357      267      461    1'085    1'794      291      288
   ZERO_HALF_KL:        -       41        -       51       38       49        -        -       51       47
    ZERO_HALF_R:  133'735   41'931  143'752   37'261   38'211   38'578  143'091  127'741   41'149   39'262
   ZERO_HALF_RB:   59'866   13'690   60'903   11'263   12'319   13'433   63'469   62'601   12'168   13'234
  ZERO_HALF_RBP:      217      194      244      128      167      210      314      274      189      217
  ZERO_HALF_RLT:        -        -        -        -        1        -        -        -        -        -

LNS stats           Improv/Calls  Closed  Difficulty  TimeLimit
  'graph_arc_lns':           2/4      0%        0.09       0.10
  'graph_cst_lns':           3/4      0%        0.09       0.10
  'graph_dec_lns':           2/4      0%        0.09       0.10
  'graph_var_lns':           3/4     25%        0.25       0.10
      'rins/rens':           4/4      0%        0.09       0.10
    'rnd_cst_lns':           4/5     20%        0.18       0.10
    'rnd_var_lns':           4/5     20%        0.18       0.10

LS stats                   Batches  Restarts  LinMoves  GenMoves  CompoundMoves  WeightUpdates
       'fj_long_default':        1         1     7'591         0              0            592
   'fj_long_lin_default':        2         1         0     6'329            532             21
        'fj_long_random':        1         1     9'309         0              0            691
      'fj_short_default':        3         1         0    11'327            834             24
  'fj_short_lin_default':        2         1         0     7'080            522             20
   'fj_short_lin_random':        2         1         0     6'884            715             19
       'fj_short_random':        2         1         0     6'575            683             13
          'violation_ls':        5         0        10        15              9              6
          'violation_ls':        5         0         6        83             17              6
          'violation_ls':        5         0         7       142             16              7

Solutions (26)            Num     Rank
                 'core':    2  [21,22]
      'fj_long_default':    1    [1,1]
                'no_lp':    3  [19,26]
  'quick_restart_no_lp':    8  [14,25]
          'rnd_cst_lns':    1    [7,7]
         'violation_ls':   11   [2,13]

Objective bounds                      Num
                       'default_lp':    2
                   'initial_domain':    1
                   'lb_tree_search':    7
                           'max_lp':   12
              'objective_lb_search':    1
       'objective_lb_search_max_lp':   24
  'objective_shaving_search_max_lp':    3
   'objective_shaving_search_no_lp':    4
                          'probing':    3
                   'probing_max_lp':    2
                    'quick_restart':    3

Solution repositories    Added  Queried  Ignored  Synchro
  'feasible solutions':     57       79        0       54
        'lp solutions':      0        0        0        0
                'pump':     42        4

Improving bounds shared            Num
                        'core':  1'383
                  'default_lp':     64
              'lb_tree_search':      1
                      'max_lp':     27
                       'no_lp':  1'232
         'objective_lb_search':     10
  'objective_lb_search_max_lp':    135
   'objective_lb_search_no_lp':  1'312
                     'probing':     34
              'probing_max_lp':     21
                'pseudo_costs':     35
               'quick_restart':     93
         'quick_restart_no_lp':  1'835
               'reduced_costs':     13

Clauses shared                    Num
                       'core':  1'331
                      'no_lp':  1'095
  'objective_lb_search_no_lp':    984
        'quick_restart_no_lp':  1'468

CpSolverResponse summary:
status: FEASIBLE
objective: 378120
best_bound: 84696
integers: 1971
booleans: 1661
conflicts: 0
branches: 1562
propagations: 41290
integer_propagations: 154283
restarts: 1562
lp_iterations: 0
walltime: 21605.7
usertime: 21605.7
deterministic_time: 63001.1
gap_integral: 793147
solution_fingerprint: 0x1fafdd70235090e7

CPU USED: 32
Loading /home/aneumann/projects/def-adhaj/aneumann/gns/data/instances/test/l/instance_184.pkl...
===* START SOLVING *===
   index   value       gap    status  computing_time  max_time  cpu  max_memory
0    184  3781.2  0.776008  feasible    21606.825059         6   32         118
===* END OF FILE *===
