created virtual environment CPython3.12.4.final.0-64 in 1308ms
  creator CPython3Posix(dest=/localscratch/aneumann.37168001.0/env, clear=False, no_vcs_ignore=False, global=False)
  seeder FromAppData(download=False, pip=bundle, via=copy, app_data_dir=/home/aneumann/.local/share/virtualenv)
    added seed packages: pip==24.2+computecanada
  activators BashActivator,CShellActivator,FishActivator,NushellActivator,PowerShellActivator,PythonActivator
Looking in links: /cvmfs/soft.computecanada.ca/custom/python/wheelhouse/gentoo2023/x86-64-v3, /cvmfs/soft.computecanada.ca/custom/python/wheelhouse/gentoo2023/generic, /cvmfs/soft.computecanada.ca/custom/python/wheelhouse/generic
Requirement already satisfied: pip in /localscratch/aneumann.37168001.0/env/lib/python3.12/site-packages (24.2+computecanada)
Looking in links: /cvmfs/soft.computecanada.ca/custom/python/wheelhouse/gentoo2023/x86-64-v3, /cvmfs/soft.computecanada.ca/custom/python/wheelhouse/gentoo2023/generic, /cvmfs/soft.computecanada.ca/custom/python/wheelhouse/generic
ERROR: protobuf-5.28.3-cp38-abi3-manylinux2014_x86_64.whl is not a supported wheel on this platform.
Looking in links: /cvmfs/soft.computecanada.ca/custom/python/wheelhouse/gentoo2023/x86-64-v3, /cvmfs/soft.computecanada.ca/custom/python/wheelhouse/gentoo2023/generic, /cvmfs/soft.computecanada.ca/custom/python/wheelhouse/generic
Processing /home/aneumann/projects/def-adhaj/aneumann/gns/wheels/immutabledict-4.2.0-py3-none-any.whl
Installing collected packages: immutabledict
Successfully installed immutabledict-4.2.0
Looking in links: /cvmfs/soft.computecanada.ca/custom/python/wheelhouse/gentoo2023/x86-64-v3, /cvmfs/soft.computecanada.ca/custom/python/wheelhouse/gentoo2023/generic, /cvmfs/soft.computecanada.ca/custom/python/wheelhouse/generic
Processing /cvmfs/soft.computecanada.ca/custom/python/wheelhouse/generic/ortools-9.10.4067+computecanada-cp312-cp312-linux_x86_64.whl (from -r /home/aneumann/projects/def-adhaj/aneumann/gns/requirements_or.txt (line 1))
Processing /cvmfs/soft.computecanada.ca/custom/python/wheelhouse/gentoo2023/x86-64-v3/pandas-2.2.2+computecanada-cp312-cp312-linux_x86_64.whl (from -r /home/aneumann/projects/def-adhaj/aneumann/gns/requirements_or.txt (line 2))
Processing /cvmfs/soft.computecanada.ca/custom/python/wheelhouse/generic/absl_py-2.1.0+computecanada-py3-none-any.whl (from ortools->-r /home/aneumann/projects/def-adhaj/aneumann/gns/requirements_or.txt (line 1))
Processing /cvmfs/soft.computecanada.ca/custom/python/wheelhouse/gentoo2023/generic/numpy-2.1.1+computecanada-cp312-cp312-linux_x86_64.whl (from ortools->-r /home/aneumann/projects/def-adhaj/aneumann/gns/requirements_or.txt (line 1))
Processing /cvmfs/soft.computecanada.ca/custom/python/wheelhouse/gentoo2023/x86-64-v3/protobuf-5.28.0+computecanada-cp312-cp312-linux_x86_64.whl (from ortools->-r /home/aneumann/projects/def-adhaj/aneumann/gns/requirements_or.txt (line 1))
Requirement already satisfied: immutabledict>=3.0.0 in /localscratch/aneumann.37168001.0/env/lib/python3.12/site-packages (from ortools->-r /home/aneumann/projects/def-adhaj/aneumann/gns/requirements_or.txt (line 1)) (4.2.0)
Processing /cvmfs/soft.computecanada.ca/custom/python/wheelhouse/generic/python_dateutil-2.9.0.post0+computecanada-py2.py3-none-any.whl (from pandas->-r /home/aneumann/projects/def-adhaj/aneumann/gns/requirements_or.txt (line 2))
Processing /cvmfs/soft.computecanada.ca/custom/python/wheelhouse/generic/pytz-2024.2+computecanada-py2.py3-none-any.whl (from pandas->-r /home/aneumann/projects/def-adhaj/aneumann/gns/requirements_or.txt (line 2))
Processing /cvmfs/soft.computecanada.ca/custom/python/wheelhouse/generic/tzdata-2024.2+computecanada-py2.py3-none-any.whl (from pandas->-r /home/aneumann/projects/def-adhaj/aneumann/gns/requirements_or.txt (line 2))
Processing /cvmfs/soft.computecanada.ca/custom/python/wheelhouse/generic/six-1.16.0+computecanada-py2.py3-none-any.whl (from python-dateutil>=2.8.2->pandas->-r /home/aneumann/projects/def-adhaj/aneumann/gns/requirements_or.txt (line 2))
Installing collected packages: pytz, tzdata, six, protobuf, numpy, absl-py, python-dateutil, pandas, ortools
Successfully installed absl-py-2.1.0+computecanada numpy-2.1.1+computecanada ortools-9.10.4067+computecanada pandas-2.2.2+computecanada protobuf-5.28.0+computecanada python-dateutil-2.9.0.post0+computecanada pytz-2024.2+computecanada six-1.16.0+computecanada tzdata-2024.2+computecanada

Starting CP-SAT solver v9.10.4067
Parameters: max_time_in_seconds: 28800 max_memory_in_mb: 118 log_search_progress: true optimize_with_core: true cp_model_presolve: true enumerate_all_solutions: false num_search_workers: 32 use_implied_bounds: true absolute_gap_limit: 5 relative_gap_limit: 0.01 use_probing_search: true

Initial optimization model '': (model_fingerprint: 0x3926f7208f01efb8)
#Variables: 3'310 (#bools: 33 #ints: 1 in objective)
  - 2'884 Booleans in [0,1]
  - 425 in [0,300000]
  - 1 constants in {1} 
#kBoolOr: 2'374 (#literals: 2'374)
#kLinear1: 574
#kLinear2: 9'753
#kLinear3: 2'045
#kLinearN: 587 (#terms: 7'044)

Starting presolve at 0.00s
  2.68e-03s  0.00e+00d  [DetectDominanceRelations] 
  7.91e-02s  0.00e+00d  [PresolveToFixPoint] #num_loops=16 #num_dual_strengthening=3 
  7.59e-05s  0.00e+00d  [ExtractEncodingFromLinear] #potential_supersets=244 
[Symmetry] Graph for symmetry has 11'555 nodes and 24'027 arcs.
[Symmetry] Symmetry computation done. time: 0.00226703 dtime: 0.00315865
[Symmetry] #generators: 6, average support size: 2
[Symmetry] 6 orbits with sizes: 2,2,2,2,2,2
[Symmetry] Found orbitope of size 1 x 2
[SAT presolve] num removable Booleans: 0 / 1802
[SAT presolve] num trivial clauses: 0
[SAT presolve] [0s] clauses:3026 literals:6052 vars:1742 one_side_vars:1704 simple_definition:36 singleton_clauses:0
[SAT presolve] [0.000227788s] clauses:3026 literals:6052 vars:1742 one_side_vars:1704 simple_definition:36 singleton_clauses:0
[SAT presolve] [0.00035619s] clauses:3026 literals:6052 vars:1742 one_side_vars:1704 simple_definition:36 singleton_clauses:0
  4.86e-01s  1.17e-01d  [Probe] #probed=4'088 #fixed_bools=92 #new_bounds=215 
  4.98e-03s  0.00e+00d  [MaxClique] Merged 3263(9434 literals) into 1104(7562 literals) at_most_ones. 
  2.27e-03s  0.00e+00d  [DetectDominanceRelations] 
  1.94e-02s  0.00e+00d  [PresolveToFixPoint] #num_loops=5 #num_dual_strengthening=4 
  3.30e-03s  0.00e+00d  [ProcessAtMostOneAndLinear] #num_changes=40 
  2.18e-03s  0.00e+00d  [DetectDuplicateConstraints] #duplicates=3 #without_enforcements=2 
  4.22e-04s  2.46e-05d  [DetectDominatedLinearConstraints] #relevant_constraints=1'742 
  5.47e-04s  0.00e+00d  [DetectDifferentVariables] #different=20 
  9.08e-04s  3.48e-04d  [ProcessSetPPC] #relevant_constraints=1'059 #num_inclusions=850 
  5.39e-05s  0.00e+00d  [FindAlmostIdenticalLinearConstraints] 
  3.76e-03s  6.63e-03d  [FindBigAtMostOneAndLinearOverlap] 
  9.28e-04s  3.18e-03d  [FindBigVerticalLinearOverlap] 
  1.88e-04s  5.61e-04d  [FindBigHorizontalLinearOverlap] #linears=77 
  6.87e-05s  0.00e+00d  [MergeClauses] 
  2.24e-03s  0.00e+00d  [DetectDominanceRelations] 
  1.05e-02s  0.00e+00d  [PresolveToFixPoint] #num_loops=2 #num_dual_strengthening=2 
  2.23e-03s  0.00e+00d  [DetectDominanceRelations] 
  8.61e-03s  0.00e+00d  [PresolveToFixPoint] #num_loops=1 #num_dual_strengthening=1 
[Symmetry] Graph for symmetry has 8'828 nodes and 17'173 arcs.
[Symmetry] Symmetry computation done. time: 0.00133042 dtime: 0.00200419
[Symmetry] #generators: 5, average support size: 2
[Symmetry] 5 orbits with sizes: 2,2,2,2,2
[Symmetry] Found orbitope of size 1 x 2
[SAT presolve] num removable Booleans: 0 / 1709
[SAT presolve] num trivial clauses: 0
[SAT presolve] [0s] clauses:26 literals:52 vars:39 one_side_vars:30 simple_definition:9 singleton_clauses:0
[SAT presolve] [3.4585e-05s] clauses:26 literals:52 vars:39 one_side_vars:30 simple_definition:9 singleton_clauses:0
[SAT presolve] [7.5552e-05s] clauses:26 literals:52 vars:39 one_side_vars:30 simple_definition:9 singleton_clauses:0
  1.56e-01s  3.71e-02d  [Probe] #probed=3'996 #new_bounds=112 
  2.52e-03s  0.00e+00d  [MaxClique] Merged 923(6240 literals) into 923(6251 literals) at_most_ones. 
  2.33e-03s  0.00e+00d  [DetectDominanceRelations] 
  1.82e-02s  0.00e+00d  [PresolveToFixPoint] #num_loops=5 #num_dual_strengthening=4 
  3.15e-03s  0.00e+00d  [ProcessAtMostOneAndLinear] 
  2.12e-03s  0.00e+00d  [DetectDuplicateConstraints] #duplicates=3 
  4.25e-04s  2.45e-05d  [DetectDominatedLinearConstraints] #relevant_constraints=1'741 
  4.99e-04s  0.00e+00d  [DetectDifferentVariables] #different=20 
  8.26e-04s  3.41e-04d  [ProcessSetPPC] #relevant_constraints=1'007 #num_inclusions=795 
  5.68e-05s  0.00e+00d  [FindAlmostIdenticalLinearConstraints] 
  3.70e-03s  6.64e-03d  [FindBigAtMostOneAndLinearOverlap] 
  9.25e-04s  3.18e-03d  [FindBigVerticalLinearOverlap] 
  2.11e-04s  5.61e-04d  [FindBigHorizontalLinearOverlap] #linears=77 
  7.30e-05s  0.00e+00d  [MergeClauses] 
  2.32e-03s  0.00e+00d  [DetectDominanceRelations] 
  8.60e-03s  0.00e+00d  [PresolveToFixPoint] #num_loops=1 #num_dual_strengthening=1 
  2.28e-03s  0.00e+00d  [DetectDominanceRelations] 
  8.62e-03s  0.00e+00d  [PresolveToFixPoint] #num_loops=1 #num_dual_strengthening=1 
[Symmetry] Graph for symmetry has 8'830 nodes and 17'188 arcs.
[Symmetry] Symmetry computation done. time: 0.00131845 dtime: 0.00200738
[Symmetry] #generators: 4, average support size: 2
[Symmetry] 4 orbits with sizes: 2,2,2,2
[Symmetry] Found orbitope of size 1 x 2
[SAT presolve] num removable Booleans: 0 / 1709
[SAT presolve] num trivial clauses: 0
[SAT presolve] [0s] clauses:27 literals:54 vars:41 one_side_vars:32 simple_definition:9 singleton_clauses:0
[SAT presolve] [3.4676e-05s] clauses:27 literals:54 vars:41 one_side_vars:32 simple_definition:9 singleton_clauses:0
[SAT presolve] [7.6054e-05s] clauses:27 literals:54 vars:41 one_side_vars:32 simple_definition:9 singleton_clauses:0
  1.46e-01s  3.46e-02d  [Probe] #probed=3'996 #new_bounds=42 
  2.52e-03s  0.00e+00d  [MaxClique] 
  2.26e-03s  0.00e+00d  [DetectDominanceRelations] 
  1.37e-02s  0.00e+00d  [PresolveToFixPoint] #num_loops=4 #num_dual_strengthening=3 
  3.10e-03s  0.00e+00d  [ProcessAtMostOneAndLinear] 
  2.13e-03s  0.00e+00d  [DetectDuplicateConstraints] #duplicates=2 
  4.30e-04s  2.45e-05d  [DetectDominatedLinearConstraints] #relevant_constraints=1'741 
  4.99e-04s  0.00e+00d  [DetectDifferentVariables] #different=20 
  7.89e-04s  3.41e-04d  [ProcessSetPPC] #relevant_constraints=1'008 #num_inclusions=795 
  5.97e-05s  0.00e+00d  [FindAlmostIdenticalLinearConstraints] 
  3.67e-03s  6.64e-03d  [FindBigAtMostOneAndLinearOverlap] 
  9.26e-04s  3.18e-03d  [FindBigVerticalLinearOverlap] 
  1.93e-04s  5.61e-04d  [FindBigHorizontalLinearOverlap] #linears=77 
  6.45e-05s  0.00e+00d  [MergeClauses] 
  2.26e-03s  0.00e+00d  [DetectDominanceRelations] 
  8.53e-03s  0.00e+00d  [PresolveToFixPoint] #num_loops=1 #num_dual_strengthening=1 
  1.43e-04s  0.00e+00d  [ExpandObjective] #entries=42 #tight_variables=21 #tight_constraints=7 

Presolve summary:
  - 90 affine relations were detected.
  - rule 'TODO dual: only one blocking constraint?' was applied 38'802 times.
  - rule 'TODO dual: only one unspecified blocking constraint?' was applied 20 times.
  - rule 'TODO dual: tighten at most one' was applied 964 times.
  - rule 'TODO linear2: contains a Boolean.' was applied 17'184 times.
  - rule 'TODO symmetry: add symmetry breaking inequalities?' was applied 3 times.
  - rule 'affine: new relation' was applied 90 times.
  - rule 'at_most_one: empty or all false' was applied 4 times.
  - rule 'at_most_one: removed literals' was applied 366 times.
  - rule 'at_most_one: size one' was applied 129 times.
  - rule 'at_most_one: transformed into max clique.' was applied 1 time.
  - rule 'bool_and: non-reified.' was applied 12 times.
  - rule 'bool_and: x => x' was applied 5 times.
  - rule 'bool_or: always true' was applied 2'374 times.
  - rule 'bool_or: implications' was applied 8'588 times.
  - rule 'bool_or: singleton' was applied 2 times.
  - rule 'deductions: 542 stored' was applied 1 time.
  - rule 'dual: add implication' was applied 13 times.
  - rule 'dual: enforced equivalence' was applied 1 time.
  - rule 'dual: fix variable' was applied 558 times.
  - rule 'dual: fix variable with multiple choices' was applied 6 times.
  - rule 'dual: reduced domain' was applied 335 times.
  - rule 'duplicate: merged rhs of linear constraint' was applied 3 times.
  - rule 'duplicate: removed constraint' was applied 8 times.
  - rule 'duplicate: removed enforced constraint' was applied 2 times.
  - rule 'enforcement: false literal' was applied 5'448 times.
  - rule 'enforcement: literal not used' was applied 15 times.
  - rule 'enforcement: true literal' was applied 12 times.
  - rule 'linear + amo: extracted enforcement literal' was applied 2 times.
  - rule 'linear + amo: fixed literal implied by enforcement' was applied 38 times.
  - rule 'linear1: always true' was applied 2 times.
  - rule 'linear2: contains a Boolean.' was applied 8 times.
  - rule 'linear: always true' was applied 1'561 times.
  - rule 'linear: divide by GCD' was applied 6'184 times.
  - rule 'linear: empty' was applied 112 times.
  - rule 'linear: extracted enforcement literal' was applied 645 times.
  - rule 'linear: fixed or dup variables' was applied 1'578 times.
  - rule 'linear: negative clause' was applied 2'740 times.
  - rule 'linear: positive at most one' was applied 241 times.
  - rule 'linear: positive clause' was applied 5'850 times.
  - rule 'linear: positive equal one' was applied 7 times.
  - rule 'linear: reduced variable domains' was applied 1'240 times.
  - rule 'linear: remapped using affine relations' was applied 3'083 times.
  - rule 'linear: simplified rhs' was applied 25'100 times.
  - rule 'linear: singleton column' was applied 6 times.
  - rule 'objective: variable not used elsewhere' was applied 1 time.
  - rule 'presolve: 1143 unused variables removed.' was applied 1 time.
  - rule 'presolve: iteration' was applied 3 times.
  - rule 'setppc: bool_or in at_most_one.' was applied 3 times.
  - rule 'setppc: removed dominated constraints' was applied 50 times.
  - rule 'symmetry: added symmetry breaking implication' was applied 3 times.

Presolved optimization model '': (model_fingerprint: 0x1733df478e2237da)
#Variables: 2'071 (#bools: 32 #ints: 1 in objective)
  - 1'709 Booleans in [0,1]
  - 113 different domains in [0,300000] with a largest complexity of 1.
#kAtMostOne: 897 (#literals: 6'199)
#kBoolAnd: 29 (#enforced: 29) (#literals: 58)
#kExactlyOne: 7 (#literals: 21)
#kLinear1: 1 (#enforced: 1)
#kLinear2: 830 (#enforced: 578 #multi: 11)
#kLinear3: 1'309 (#enforced: 12)
#kLinearN: 180 (#enforced: 1) (#terms: 2'429)

Preloading model.
#Bound   1.05s best:inf   next:[209874,9595182] initial_domain
[Symmetry] Graph for symmetry has 7'593 nodes and 17'192 arcs.
[Symmetry] Symmetry computation done. time: 0.00124646 dtime: 0.00193199
[Symmetry] #generators: 3, average support size: 2
[Symmetry] Found orbitope of size 1 x 2
#Model   1.05s var:2071/2071 constraints:3253/3253

Starting search at 1.05s with 32 workers.
16 full problem subsolvers: [core, default_lp, lb_tree_search, max_lp, no_lp, objective_lb_search, objective_lb_search_max_lp, objective_lb_search_no_lp, objective_shaving_search_max_lp, objective_shaving_search_no_lp, probing, probing_max_lp, pseudo_costs, quick_restart, quick_restart_no_lp, reduced_costs]
14 first solution subsolvers: [fj_long_default, fj_long_lin_default, fj_long_random, fj_short_default, fj_short_lin_default, fj_short_lin_random, fj_short_random, fs_random(2), fs_random_no_lp(2), fs_random_quick_restart(2), fs_random_quick_restart_no_lp]
11 incomplete subsolvers: [feasibility_pump, graph_arc_lns, graph_cst_lns, graph_dec_lns, graph_var_lns, rins/rens, rnd_cst_lns, rnd_var_lns, violation_ls(3)]
3 helper subsolvers: [neighborhood_helper, synchronization_agent, update_gap_integral]
#Bound   1.15s best:inf   next:[209875,9595182] objective_shaving_search_no_lp (vars=2071 csts=3276)
#Bound   1.53s best:inf   next:[209876,9595182] objective_shaving_search_no_lp (vars=2071 csts=3254)
#Bound   1.60s best:inf   next:[209877,9595182] objective_shaving_search_no_lp (vars=2071 csts=3254)
#1       1.63s best:9595182 next:[209877,9595181] fj_long_default(batch:4 #lin_moves:30'566 #lin_evals:60'728 #weight_updates:1'371)
#2       1.64s best:9585729 next:[209877,9585728] violation_ls(batch:1 #solutions_imported:1 #lin_moves:0 #lin_evals:12'543 #gen_moves:607 #gen_evals:0 #comp_moves:53 #backtracks:277 #weight_updates:16)
#Bound   1.66s best:9585729 next:[209878,9585728] objective_shaving_search_no_lp (vars=2071 csts=3254)
#3       1.69s best:9572205 next:[209878,9572204] violation_ls(batch:2 #solutions_imported:2 #lin_moves:826 #lin_evals:15'981 #gen_moves:607 #gen_evals:0 #comp_moves:53 #backtracks:277 #weight_updates:566)
#4       1.71s best:9572174 next:[209878,9572173] violation_ls(batch:2 #solutions_imported:2 #lin_moves:1'376 #lin_evals:30'523 #gen_moves:609 #gen_evals:0 #comp_moves:33 #backtracks:288 #weight_updates:1'230)
#Bound   1.71s best:9572174 next:[209879,9572173] objective_shaving_search_max_lp (vars=2071 csts=3254)
#Bound   1.80s best:9572174 next:[209880,9572173] objective_shaving_search_max_lp (vars=2071 csts=3254)
#5       1.80s best:9572143 next:[209880,9572142] violation_ls(batch:3 #solutions_imported:3 #lin_moves:826 #lin_evals:15'995 #gen_moves:611 #gen_evals:0 #comp_moves:57 #backtracks:277 #weight_updates:566)
#6       1.81s best:9572112 next:[209880,9572111] violation_ls(batch:3 #solutions_imported:3 #lin_moves:6'512 #lin_evals:14'958 #weight_updates:2'445)
#7       1.81s best:9572081 next:[209880,9572080] violation_ls(batch:3 #solutions_imported:3 #lin_moves:1'376 #lin_evals:31'339 #gen_moves:615 #gen_evals:0 #comp_moves:37 #backtracks:289 #weight_updates:1'230)
#8       2.00s best:9565826 next:[209880,9565825] graph_cst_lns (d=0.50 s=81 t=0.10 p=0.00 stall=0 h=auto_l0)
#9       2.01s best:9565795 next:[209880,9565794] violation_ls(batch:4 #solutions_imported:4 #lin_moves:829 #lin_evals:16'033 #gen_moves:611 #gen_evals:0 #comp_moves:57 #backtracks:277 #weight_updates:567)
#10      2.01s best:9565764 next:[209880,9565763] violation_ls(batch:4 #solutions_imported:4 #lin_moves:6'512 #lin_evals:14'992 #gen_moves:2 #gen_evals:0 #comp_moves:2 #backtracks:0 #weight_updates:2'445)
#11      2.01s best:9565733 next:[209880,9565732] violation_ls(batch:4 #solutions_imported:4 #lin_moves:1'376 #lin_evals:31'372 #gen_moves:618 #gen_evals:0 #comp_moves:40 #backtracks:289 #weight_updates:1'230)
#Bound   2.02s best:9565733 next:[209881,9565732] objective_shaving_search_max_lp (vars=2071 csts=3254)
#Bound   2.28s best:9565733 next:[209882,9565732] objective_shaving_search_no_lp (vars=2071 csts=3254)
#Bound   2.29s best:9565733 next:[209883,9565732] objective_shaving_search_max_lp (vars=2071 csts=3254)
#12      2.30s best:9565702 next:[209883,9565701] violation_ls(batch:5 #solutions_imported:5 #lin_moves:829 #lin_evals:16'064 #gen_moves:613 #gen_evals:0 #comp_moves:59 #backtracks:277 #weight_updates:567)
#13      2.31s best:9565671 next:[209883,9565670] violation_ls(batch:5 #solutions_imported:5 #lin_moves:6'515 #lin_evals:15'030 #gen_moves:2 #gen_evals:0 #comp_moves:2 #backtracks:0 #weight_updates:2'446)
#14      2.31s best:9565640 next:[209883,9565639] violation_ls(batch:5 #solutions_imported:5 #lin_moves:1'378 #lin_evals:31'408 #gen_moves:618 #gen_evals:0 #comp_moves:40 #backtracks:289 #weight_updates:1'231)
#Bound   2.65s best:9565640 next:[209884,9565639] objective_shaving_search_no_lp (vars=2071 csts=3254)
#Bound   2.67s best:9565640 next:[209885,9565639] objective_shaving_search_max_lp (vars=2071 csts=3254)
#15      2.67s best:9565609 next:[209885,9565608] violation_ls(batch:6 #solutions_imported:6 #lin_moves:832 #lin_evals:16'103 #gen_moves:613 #gen_evals:0 #comp_moves:59 #backtracks:277 #weight_updates:569)
#16      2.67s best:9565578 next:[209885,9565577] violation_ls(batch:6 #solutions_imported:6 #lin_moves:1'378 #lin_evals:31'433 #gen_moves:620 #gen_evals:0 #comp_moves:42 #backtracks:289 #weight_updates:1'231)
#Model   3.04s var:2070/2071 constraints:3253/3253
#Bound   3.27s best:9565578 next:[219204,9565577] max_lp
#Bound   3.47s best:9565578 next:[219206,9565577] probing_max_lp
#Bound   3.48s best:9565578 next:[219211,9565577] max_lp
#Bound   3.59s best:9565578 next:[221322,9565577] max_lp
#Bound   3.60s best:9565578 next:[229673,9565577] pseudo_costs
#Bound   3.67s best:9565578 next:[234069,9565577] pseudo_costs
#Bound   3.92s best:9565578 next:[234080,9565577] pseudo_costs
#Bound   3.93s best:9565578 next:[234085,9565577] pseudo_costs
#Bound   3.95s best:9565578 next:[236841,9565577] max_lp
#Bound   3.98s best:9565578 next:[241213,9565577] probing_max_lp
#Bound   4.08s best:9565578 next:[241253,9565577] max_lp
#Bound   4.09s best:9565578 next:[241466,9565577] probing_max_lp
#Bound   4.28s best:9565578 next:[241494,9565577] probing_max_lp
#Model   4.43s var:2069/2071 constraints:3252/3253
#Model   4.73s var:2068/2071 constraints:3251/3253
#Model   7.06s var:2067/2071 constraints:3250/3253
#Model   7.46s var:2066/2071 constraints:3249/3253
#Model   8.29s var:2065/2071 constraints:3248/3253
#Model   9.31s var:2064/2071 constraints:3247/3253
#Model   9.41s var:2063/2071 constraints:3246/3253
#Model  10.93s var:2062/2071 constraints:3246/3253
#Model  11.94s var:2061/2071 constraints:3245/3253
#17     19.36s best:9550743 next:[241494,9550742] quick_restart_no_lp (fixed_bools=130/3037)
#18     19.89s best:9542118 next:[241494,9542117] quick_restart_no_lp (fixed_bools=130/3053)
#Bound  26.82s best:9542118 next:[241498,9542117] reduced_costs
#Bound  27.20s best:9542118 next:[245016,9542117] reduced_costs
#Bound  27.84s best:9542118 next:[245018,9542117] reduced_costs
#Bound  28.79s best:9542118 next:[245021,9542117] reduced_costs
#Bound  29.14s best:9542118 next:[245840,9542117] reduced_costs
#Bound  29.35s best:9542118 next:[247279,9542117] reduced_costs
#Bound  29.58s best:9542118 next:[247836,9542117] reduced_costs
#Bound  29.97s best:9542118 next:[247961,9542117] reduced_costs
#Bound  30.32s best:9542118 next:[248072,9542117] reduced_costs
#Bound  31.44s best:9542118 next:[248083,9542117] reduced_costs
#Bound  31.75s best:9542118 next:[248092,9542117] reduced_costs
#Bound  33.14s best:9542118 next:[248093,9542117] reduced_costs
#Bound  33.41s best:9542118 next:[248099,9542117] reduced_costs
#Bound  33.67s best:9542118 next:[248101,9542117] reduced_costs
#Bound  33.88s best:9542118 next:[248111,9542117] reduced_costs
#Bound  34.40s best:9542118 next:[248137,9542117] reduced_costs
#Bound  35.29s best:9542118 next:[248355,9542117] reduced_costs
#Bound  39.71s best:9542118 next:[248359,9542117] reduced_costs
#Bound  39.94s best:9542118 next:[248361,9542117] reduced_costs
#Bound  40.53s best:9542118 next:[248369,9542117] reduced_costs
#Bound  49.58s best:9542118 next:[248405,9542117] max_lp
#Bound  49.83s best:9542118 next:[248411,9542117] max_lp
#Bound  50.00s best:9542118 next:[248469,9542117] max_lp
#Bound  50.24s best:9542118 next:[248473,9542117] max_lp
#Bound  50.62s best:9542118 next:[248492,9542117] max_lp
#Bound  51.11s best:9542118 next:[248496,9542117] max_lp
#Bound  51.47s best:9542118 next:[248505,9542117] max_lp
#Bound  51.79s best:9542118 next:[248520,9542117] max_lp
#Bound  52.04s best:9542118 next:[248569,9542117] max_lp
#Bound  52.25s best:9542118 next:[248570,9542117] max_lp
#Bound  53.01s best:9542118 next:[248590,9542117] max_lp
#Bound  53.67s best:9542118 next:[248594,9542117] max_lp
#Bound  54.00s best:9542118 next:[248598,9542117] max_lp
#Bound  54.24s best:9542118 next:[248609,9542117] max_lp
#Bound  54.62s best:9542118 next:[248615,9542117] max_lp
#Bound  55.56s best:9542118 next:[248671,9542117] max_lp
#Bound  56.42s best:9542118 next:[248672,9542117] max_lp
#Bound  56.64s best:9542118 next:[248678,9542117] max_lp
#Bound  57.02s best:9542118 next:[248685,9542117] max_lp
#Bound  57.31s best:9542118 next:[248690,9542117] max_lp
#Bound  57.92s best:9542118 next:[248698,9542117] max_lp
#Bound  59.08s best:9542118 next:[248717,9542117] max_lp
#Bound  60.23s best:9542118 next:[248718,9542117] max_lp
#Bound  60.56s best:9542118 next:[248719,9542117] max_lp
#Bound  61.59s best:9542118 next:[248725,9542117] max_lp
#Bound  62.29s best:9542118 next:[248738,9542117] max_lp
#Bound  62.78s best:9542118 next:[248768,9542117] max_lp
#Bound  62.96s best:9542118 next:[248772,9542117] max_lp
#Bound  63.19s best:9542118 next:[248789,9542117] max_lp
#Bound  63.98s best:9542118 next:[248796,9542117] max_lp
#Bound  64.21s best:9542118 next:[248806,9542117] max_lp
#Bound  64.59s best:9542118 next:[248815,9542117] max_lp
#Bound  65.75s best:9542118 next:[248818,9542117] max_lp
#Bound  66.04s best:9542118 next:[248820,9542117] max_lp
#Bound  66.35s best:9542118 next:[248824,9542117] max_lp
#Bound  66.54s best:9542118 next:[248836,9542117] max_lp
#Bound  66.76s best:9542118 next:[248857,9542117] max_lp
#Bound  67.94s best:9542118 next:[248871,9542117] max_lp
#Bound  68.27s best:9542118 next:[248873,9542117] max_lp
#Bound  68.70s best:9542118 next:[248937,9542117] max_lp
#Bound  68.98s best:9542118 next:[248961,9542117] max_lp
#Bound  69.31s best:9542118 next:[248964,9542117] max_lp
#Bound  69.95s best:9542118 next:[248967,9542117] max_lp
#Model 101.33s var:2060/2071 constraints:3245/3253
#Bound 110.04s best:9542118 next:[248981,9542117] max_lp
#Bound 110.29s best:9542118 next:[248982,9542117] max_lp
#Bound 110.64s best:9542118 next:[248983,9542117] max_lp
#Bound 111.04s best:9542118 next:[248985,9542117] max_lp
#Bound 111.27s best:9542118 next:[248996,9542117] max_lp
#Bound 111.89s best:9542118 next:[248999,9542117] max_lp
#Bound 112.07s best:9542118 next:[249003,9542117] max_lp
#Bound 112.93s best:9542118 next:[249006,9542117] max_lp
#Bound 113.14s best:9542118 next:[249017,9542117] max_lp
#Bound 113.31s best:9542118 next:[249027,9542117] max_lp
#Bound 113.49s best:9542118 next:[249029,9542117] max_lp
#Bound 113.95s best:9542118 next:[249030,9542117] max_lp
#Bound 114.39s best:9542118 next:[249031,9542117] max_lp
#Bound 114.53s best:9542118 next:[249040,9542117] max_lp
#Bound 114.68s best:9542118 next:[249043,9542117] max_lp
#Bound 114.86s best:9542118 next:[249045,9542117] max_lp
#Bound 115.36s best:9542118 next:[249053,9542117] max_lp
#Bound 115.51s best:9542118 next:[249067,9542117] max_lp
#Bound 115.64s best:9542118 next:[249070,9542117] max_lp
#Bound 115.77s best:9542118 next:[249079,9542117] max_lp
#Bound 116.00s best:9542118 next:[249080,9542117] max_lp
#Bound 116.19s best:9542118 next:[249083,9542117] max_lp
#Bound 116.71s best:9542118 next:[249092,9542117] max_lp
#Bound 116.91s best:9542118 next:[249103,9542117] max_lp
#Bound 117.05s best:9542118 next:[249114,9542117] max_lp
#Bound 117.22s best:9542118 next:[249127,9542117] max_lp
#Bound 117.58s best:9542118 next:[249130,9542117] max_lp
#Bound 117.84s best:9542118 next:[249133,9542117] max_lp
#Bound 118.05s best:9542118 next:[249140,9542117] max_lp
#Bound 118.54s best:9542118 next:[249147,9542117] max_lp
#Bound 119.01s best:9542118 next:[249149,9542117] max_lp
#Bound 119.24s best:9542118 next:[249150,9542117] max_lp
#Bound 119.54s best:9542118 next:[249157,9542117] max_lp
#Bound 119.87s best:9542118 next:[249168,9542117] max_lp
#Bound 166.02s best:9542118 next:[249523,9542117] reduced_costs
#Bound 198.14s best:9542118 next:[249554,9542117] pseudo_costs
#19    337.21s best:9536805 next:[249554,9536804] quick_restart_no_lp (fixed_bools=429/3636)
#Bound 395.46s best:9536805 next:[249556,9536804] pseudo_costs
#Bound 395.91s best:9536805 next:[249638,9536804] pseudo_costs
#Bound 396.33s best:9536805 next:[249674,9536804] pseudo_costs
#Bound 396.86s best:9536805 next:[249676,9536804] pseudo_costs
#Bound 397.42s best:9536805 next:[250115,9536804] pseudo_costs
#Bound 398.49s best:9536805 next:[250132,9536804] pseudo_costs
#Bound 398.99s best:9536805 next:[250188,9536804] pseudo_costs
#Bound 427.53s best:9536805 next:[251848,9536804] objective_lb_search
#20    435.19s best:9525006 next:[251848,9525005] quick_restart_no_lp (fixed_bools=467/3925)
#21    437.29s best:9515691 next:[251848,9515690] quick_restart_no_lp (fixed_bools=467/3937)
#Bound 454.31s best:9515691 next:[252596,9515690] probing_max_lp
#Bound 455.26s best:9515691 next:[252894,9515690] probing_max_lp
#Bound 455.58s best:9515691 next:[252902,9515690] probing_max_lp
#Bound 455.89s best:9515691 next:[252946,9515690] probing_max_lp
#Bound 456.36s best:9515691 next:[252964,9515690] probing_max_lp
#Bound 456.59s best:9515691 next:[252979,9515690] probing_max_lp
#Bound 456.85s best:9515691 next:[253126,9515690] probing_max_lp
#Bound 457.15s best:9515691 next:[253150,9515690] probing_max_lp
#Bound 459.50s best:9515691 next:[253156,9515690] probing_max_lp
#Bound 459.70s best:9515691 next:[253181,9515690] probing_max_lp
#Bound 501.21s best:9515691 next:[254721,9515690] reduced_costs
#Bound 502.03s best:9515691 next:[254891,9515690] reduced_costs
#Bound 502.41s best:9515691 next:[254917,9515690] reduced_costs
#22    508.45s best:9503892 next:[254917,9503891] quick_restart_no_lp (fixed_bools=489/4075)
#Bound 513.38s best:9503892 next:[254922,9503891] reduced_costs
#Bound 513.96s best:9503892 next:[254934,9503891] reduced_costs
#Bound 514.46s best:9503892 next:[254948,9503891] reduced_costs
#Bound 514.72s best:9503892 next:[254955,9503891] reduced_costs
#Bound 514.99s best:9503892 next:[254979,9503891] reduced_costs
#23    520.38s best:9490299 next:[254979,9490298] quick_restart_no_lp (fixed_bools=491/4149)
#24    528.89s best:9475188 next:[254979,9475187] quick_restart_no_lp (fixed_bools=497/4260)
#25    614.26s best:9464010 next:[254979,9464009] quick_restart_no_lp (fixed_bools=523/4644)
#Bound 641.36s best:9464010 next:[254982,9464009] pseudo_costs
#Bound 641.83s best:9464010 next:[254998,9464009] pseudo_costs
#Bound 642.30s best:9464010 next:[255010,9464009] pseudo_costs
#26    689.72s best:9459525 next:[255010,9459524] quick_restart_no_lp (fixed_bools=537/4806)
#Bound 693.85s best:9459525 next:[255026,9459524] pseudo_costs
#Bound 694.58s best:9459525 next:[255223,9459524] pseudo_costs
#Bound 695.88s best:9459525 next:[255227,9459524] pseudo_costs
#27    703.32s best:9454212 next:[255227,9454211] quick_restart_no_lp (fixed_bools=543/5066)
#28    708.96s best:9439653 next:[255227,9439652] quick_restart_no_lp (fixed_bools=543/5108)
#Bound 713.89s best:9439653 next:[255229,9439652] pseudo_costs
#Bound 714.41s best:9439653 next:[255258,9439652] pseudo_costs
#Bound 793.27s best:9439653 next:[255268,9439652] pseudo_costs
#Bound 793.80s best:9439653 next:[255289,9439652] pseudo_costs
#Bound 890.53s best:9439653 next:[255409,9439652] probing_max_lp
#Bound 891.30s best:9439653 next:[255413,9439652] probing_max_lp
#Bound 893.57s best:9439653 next:[255420,9439652] probing_max_lp
#Bound 894.40s best:9439653 next:[255429,9439652] probing_max_lp
#Bound 895.22s best:9439653 next:[255444,9439652] probing_max_lp
#29    922.40s best:9429924 next:[255444,9429923] quick_restart_no_lp (fixed_bools=585/5669)
#Bound 1008.90s best:9429924 next:[255462,9429923] probing_max_lp
#Bound 1009.58s best:9429924 next:[255495,9429923] probing_max_lp
#Bound 1010.30s best:9429924 next:[255509,9429923] probing_max_lp
#Bound 1011.63s best:9429924 next:[255537,9429923] probing_max_lp
#30    1034.36s best:9424404 next:[255537,9424403] quick_restart_no_lp (fixed_bools=607/5920)
#Bound 1039.70s best:9424404 next:[255551,9424403] probing_max_lp
#Bound 1040.31s best:9424404 next:[255568,9424403] probing_max_lp
#Bound 1041.05s best:9424404 next:[255584,9424403] probing_max_lp
#Bound 1041.56s best:9424404 next:[255630,9424403] probing_max_lp
#Bound 1042.76s best:9424404 next:[255646,9424403] probing_max_lp
#Bound 1043.33s best:9424404 next:[255671,9424403] probing_max_lp
#Bound 1045.59s best:9424404 next:[255692,9424403] probing_max_lp
#Bound 1187.32s best:9424404 next:[255699,9424403] objective_lb_search_max_lp
#Bound 1187.76s best:9424404 next:[255723,9424403] objective_lb_search_max_lp
#31    1433.52s best:9416814 next:[255723,9416813] quick_restart_no_lp (fixed_bools=669/6610)
#Bound 1620.90s best:9416814 next:[255781,9416813] max_lp
#Bound 1622.32s best:9416814 next:[255785,9416813] max_lp
#Bound 1685.15s best:9416814 next:[256150,9416813] objective_lb_search_max_lp
#Bound 1686.13s best:9416814 next:[256157,9416813] objective_lb_search_max_lp
#Bound 1686.52s best:9416814 next:[256159,9416813] objective_lb_search_max_lp
#Bound 1686.83s best:9416814 next:[256188,9416813] objective_lb_search_max_lp
#Bound 1687.82s best:9416814 next:[256195,9416813] objective_lb_search_max_lp
#Bound 1688.15s best:9416814 next:[256219,9416813] objective_lb_search_max_lp
#Bound 1693.53s best:9416814 next:[256221,9416813] objective_lb_search_max_lp
#Bound 1693.98s best:9416814 next:[256250,9416813] objective_lb_search_max_lp
#Bound 1722.58s best:9416814 next:[256252,9416813] objective_lb_search_max_lp
#Bound 1723.00s best:9416814 next:[256281,9416813] objective_lb_search_max_lp
#Bound 1766.97s best:9416814 next:[256290,9416813] objective_lb_search_max_lp
#Bound 1767.52s best:9416814 next:[256318,9416813] objective_lb_search_max_lp
#Bound 1768.06s best:9416814 next:[256343,9416813] objective_lb_search_max_lp
#Bound 1769.86s best:9416814 next:[256347,9416813] objective_lb_search_max_lp
#Bound 1770.17s best:9416814 next:[256374,9416813] objective_lb_search_max_lp
#Bound 1770.49s best:9416814 next:[256413,9416813] objective_lb_search_max_lp
#Bound 1770.92s best:9416814 next:[256436,9416813] objective_lb_search_max_lp
#32    1818.40s best:9413433 next:[256436,9413432] quick_restart_no_lp (fixed_bools=723/7639)
#Bound 1844.86s best:9413433 next:[256438,9413432] objective_lb_search_max_lp
#Bound 1845.11s best:9413433 next:[256467,9413432] objective_lb_search_max_lp
#Bound 1910.77s best:9413433 next:[256472,9413432] objective_lb_search_max_lp
#Bound 1911.06s best:9413433 next:[256498,9413432] objective_lb_search_max_lp
#Bound 2027.11s best:9413433 next:[256501,9413432] objective_lb_search_max_lp
#Bound 2029.42s best:9413433 next:[256529,9413432] objective_lb_search_max_lp
#Model 2491.11s var:2059/2071 constraints:3243/3253
#33    3627.78s best:9408396 next:[256529,9408395] quick_restart_no_lp (fixed_bools=850/10846)
#34    4625.58s best:9399081 next:[256529,9399080] quick_restart_no_lp (fixed_bools=900/12661)
#Bound 7728.92s best:9399081 next:[256746,9399080] lb_tree_search
#Bound 7922.07s best:9399081 next:[256770,9399080] lb_tree_search
#Bound 7922.43s best:9399081 next:[256777,9399080] lb_tree_search
#Bound 7962.97s best:9399081 next:[256789,9399080] lb_tree_search
#Bound 7963.24s best:9399081 next:[256808,9399080] lb_tree_search
#Bound 8177.90s best:9399081 next:[256815,9399080] lb_tree_search
#Bound 8178.21s best:9399081 next:[256839,9399080] lb_tree_search
#Bound 8188.67s best:9399081 next:[256855,9399080] lb_tree_search
#Bound 8189.71s best:9399081 next:[256861,9399080] lb_tree_search
#Bound 8190.17s best:9399081 next:[256870,9399080] lb_tree_search
#Bound 12363.81s best:9399081 next:[256871,9399080] lb_tree_search
#Bound 12364.11s best:9399081 next:[256951,9399080] lb_tree_search
#Bound 12364.45s best:9399081 next:[256963,9399080] lb_tree_search
#Bound 12369.40s best:9399081 next:[256969,9399080] lb_tree_search
#Bound 12369.77s best:9399081 next:[256981,9399080] lb_tree_search
#Bound 12370.16s best:9399081 next:[256994,9399080] lb_tree_search
#Bound 12370.70s best:9399081 next:[257022,9399080] lb_tree_search
#Bound 12371.46s best:9399081 next:[257025,9399080] lb_tree_search
#Bound 12373.21s best:9399081 next:[257030,9399080] lb_tree_search
#Bound 12373.46s best:9399081 next:[257056,9399080] lb_tree_search
#Bound 12373.91s best:9399081 next:[257082,9399080] lb_tree_search
#Bound 12374.34s best:9399081 next:[257087,9399080] lb_tree_search
#Bound 12379.60s best:9399081 next:[257111,9399080] lb_tree_search
#Bound 12380.20s best:9399081 next:[257118,9399080] lb_tree_search
#Bound 12403.68s best:9399081 next:[257170,9399080] lb_tree_search
#Bound 12535.25s best:9399081 next:[257188,9399080] lb_tree_search
#Bound 12535.53s best:9399081 next:[257191,9399080] lb_tree_search
#Bound 12536.21s best:9399081 next:[257211,9399080] lb_tree_search
#Bound 12631.15s best:9399081 next:[257217,9399080] lb_tree_search
#Bound 12631.59s best:9399081 next:[257228,9399080] lb_tree_search
#Bound 12632.05s best:9399081 next:[257242,9399080] lb_tree_search
#Bound 12633.03s best:9399081 next:[257247,9399080] lb_tree_search
#Bound 12633.38s best:9399081 next:[257273,9399080] lb_tree_search
#Bound 12695.40s best:9399081 next:[257276,9399080] lb_tree_search
#Bound 12695.78s best:9399081 next:[257304,9399080] lb_tree_search
#Bound 12697.17s best:9399081 next:[257311,9399080] lb_tree_search
#Bound 12697.38s best:9399081 next:[257335,9399080] lb_tree_search
#Bound 12706.15s best:9399081 next:[257336,9399080] lb_tree_search
#Bound 12706.54s best:9399081 next:[257366,9399080] lb_tree_search
#Bound 14231.27s best:9399081 next:[257367,9399080] lb_tree_search
#Bound 14231.42s best:9399081 next:[257369,9399080] lb_tree_search
#Bound 14231.85s best:9399081 next:[257397,9399080] lb_tree_search
#Bound 14232.14s best:9399081 next:[257408,9399080] lb_tree_search
#Bound 14232.69s best:9399081 next:[257428,9399080] lb_tree_search
#Bound 15460.40s best:9399081 next:[257429,9399080] objective_lb_search_max_lp
#Bound 15460.64s best:9399081 next:[257459,9399080] objective_lb_search_max_lp
#Model 15676.18s var:2058/2071 constraints:3241/3253
#35    23421.41s best:9391008 next:[257459,9391007] quick_restart_no_lp (fixed_bools=1279/38665)

Task timing                                  n [     min,      max]      avg      dev     time         n [     min,      max]      avg      dev    dtime
                             'core':         1 [   8.00h,    8.00h]    8.00h   0.00ns    8.00h         1 [   8.69h,    8.69h]    8.69h   0.00ns    8.69h
                       'default_lp':         1 [   8.00h,    8.00h]    8.00h   0.00ns    8.00h         1 [  20.42m,   20.42m]   20.42m   0.00ns   20.42m
                 'feasibility_pump':         2 [103.72ms,    3.09s]    1.60s    1.49s    3.19s         1 [707.45ms, 707.45ms] 707.45ms   0.00ns 707.45ms
                  'fj_long_default':         4 [ 22.66ms, 240.01ms] 101.91ms  82.48ms 407.64ms         4 [  6.97ms,  38.40ms]  23.35ms  11.25ms  93.39ms
              'fj_long_lin_default':         5 [ 46.77ms, 149.40ms]  81.66ms  41.17ms 408.31ms         5 [ 14.88ms,  32.08ms]  19.54ms   6.35ms  97.69ms
                   'fj_long_random':         2 [ 57.25ms, 401.19ms] 229.22ms 171.97ms 458.44ms         2 [ 17.59ms,  38.20ms]  27.89ms  10.31ms  55.79ms
                 'fj_short_default':         9 [ 32.86ms,  87.74ms]  53.73ms  16.25ms 483.60ms         9 [ 11.85ms,  23.16ms]  17.86ms   3.31ms 160.72ms
             'fj_short_lin_default':         4 [ 37.81ms, 269.34ms] 111.86ms  91.90ms 447.45ms         4 [ 12.81ms,  23.43ms]  17.79ms   4.49ms  71.15ms
              'fj_short_lin_random':         5 [ 48.62ms, 206.68ms]  83.33ms  61.88ms 416.66ms         5 [ 16.19ms,  17.04ms]  16.75ms 307.75us  83.76ms
                  'fj_short_random':         7 [ 43.11ms,  76.76ms]  63.87ms  10.68ms 447.07ms         7 [ 14.26ms,  24.09ms]  18.26ms   3.65ms 127.84ms
                        'fs_random':         1 [554.23ms, 554.23ms] 554.23ms   0.00ns 554.23ms         1 [ 20.00ns,  20.00ns]  20.00ns   0.00ns  20.00ns
                        'fs_random':         1 [826.78ms, 826.78ms] 826.78ms   0.00ns 826.78ms         1 [ 20.00ns,  20.00ns]  20.00ns   0.00ns  20.00ns
                  'fs_random_no_lp':         1 [   1.33s,    1.33s]    1.33s   0.00ns    1.33s         0 [  0.00ns,   0.00ns]   0.00ns   0.00ns   0.00ns
                  'fs_random_no_lp':         1 [562.41ms, 562.41ms] 562.41ms   0.00ns 562.41ms         0 [  0.00ns,   0.00ns]   0.00ns   0.00ns   0.00ns
          'fs_random_quick_restart':         1 [671.15ms, 671.15ms] 671.15ms   0.00ns 671.15ms         1 [ 20.00ns,  20.00ns]  20.00ns   0.00ns  20.00ns
          'fs_random_quick_restart':         1 [785.80ms, 785.80ms] 785.80ms   0.00ns 785.80ms         1 [ 20.00ns,  20.00ns]  20.00ns   0.00ns  20.00ns
    'fs_random_quick_restart_no_lp':         1 [809.61ms, 809.61ms] 809.61ms   0.00ns 809.61ms         0 [  0.00ns,   0.00ns]   0.00ns   0.00ns   0.00ns
                    'graph_arc_lns':         6 [188.28ms,    8.00h]    2.67h    3.77h   16.00h         5 [ 20.00ns, 100.39ms]  80.13ms  40.07ms 400.66ms
                    'graph_cst_lns':         6 [292.18ms,    8.00h]    5.33h    3.77h   32.00h         4 [ 10.00ns, 100.26ms]  50.10ms  50.10ms 200.40ms
                    'graph_dec_lns':         5 [331.80ms,    8.00h]    3.20h    3.92h   16.00h         4 [ 20.00ns, 100.19ms]  75.09ms  43.35ms 300.36ms
                    'graph_var_lns':         6 [ 98.03ms,    8.00h]    1.33h    2.98h    8.00h         6 [ 31.00ns, 100.46ms]  83.49ms  37.34ms 500.94ms
                   'lb_tree_search':         1 [   8.00h,    8.00h]    8.00h   0.00ns    8.00h         1 [  33.18m,   33.18m]   33.18m   0.00ns   33.18m
                           'max_lp':         1 [   8.00h,    8.00h]    8.00h   0.00ns    8.00h         1 [  35.66m,   35.66m]   35.66m   0.00ns   35.66m
                            'no_lp':         1 [   8.00h,    8.00h]    8.00h   0.00ns    8.00h         1 [   8.17h,    8.17h]    8.17h   0.00ns    8.17h
              'objective_lb_search':         1 [   8.00h,    8.00h]    8.00h   0.00ns    8.00h         1 [  19.81m,   19.81m]   19.81m   0.00ns   19.81m
       'objective_lb_search_max_lp':         1 [   8.00h,    8.00h]    8.00h   0.00ns    8.00h         1 [  33.62m,   33.62m]   33.62m   0.00ns   33.62m
        'objective_lb_search_no_lp':         1 [   8.00h,    8.00h]    8.00h   0.00ns    8.00h         1 [   8.04h,    8.04h]    8.04h   0.00ns    8.04h
  'objective_shaving_search_max_lp':         6 [  8.43ms, 549.47ms] 109.27ms 197.18ms 655.61ms         0 [  0.00ns,   0.00ns]   0.00ns   0.00ns   0.00ns
   'objective_shaving_search_no_lp':         6 [  7.76ms, 308.47ms]  89.27ms 101.26ms 535.63ms         0 [  0.00ns,   0.00ns]   0.00ns   0.00ns   0.00ns
                          'probing':         1 [   8.00h,    8.00h]    8.00h   0.00ns    8.00h         1 [  19.22m,   19.22m]   19.22m   0.00ns   19.22m
                   'probing_max_lp':         1 [   8.00h,    8.00h]    8.00h   0.00ns    8.00h         1 [  35.33m,   35.33m]   35.33m   0.00ns   35.33m
                     'pseudo_costs':         1 [   8.00h,    8.00h]    8.00h   0.00ns    8.00h         1 [  35.97m,   35.97m]   35.97m   0.00ns   35.97m
                    'quick_restart':         1 [   8.00h,    8.00h]    8.00h   0.00ns    8.00h         1 [  20.68m,   20.68m]   20.68m   0.00ns   20.68m
              'quick_restart_no_lp':         1 [   8.00h,    8.00h]    8.00h   0.00ns    8.00h         1 [   5.86h,    5.86h]    5.86h   0.00ns    5.86h
                    'reduced_costs':         1 [   8.00h,    8.00h]    8.00h   0.00ns    8.00h         1 [  32.54m,   32.54m]   32.54m   0.00ns   32.54m
                        'rins/rens':         2 [418.64ms,    8.00h]    4.00h    4.00h    8.00h         2 [ 10.00ns, 100.54ms]  50.27ms  50.27ms 100.54ms
                      'rnd_cst_lns':         6 [338.11ms,    8.00h]    2.67h    3.77h   16.00h         6 [ 10.00ns, 100.10ms]  66.69ms  47.16ms 400.16ms
                      'rnd_var_lns':         6 [   8.00h,    8.00h]    8.00h 369.18ms   48.00h         1 [103.00ns, 103.00ns] 103.00ns   0.00ns 103.00ns
                     'violation_ls':         6 [301.36us,  59.38ms]  16.28ms  20.96ms  97.67ms         6 [  9.22us,   6.47ms]   1.92ms   2.70ms  11.54ms
                     'violation_ls':         6 [345.39us,  77.23ms]  17.46ms  28.02ms 104.75ms         6 [ 11.43us,  16.00ms]   4.07ms   6.14ms  24.40ms
                     'violation_ls':         6 [349.59us,  12.14ms]   5.81ms   4.08ms  34.83ms         6 [  6.80us,   3.32ms] 976.93us   1.39ms   5.86ms

Search stats                         Bools   Conflicts       Branches     Restarts      BoolPropag   IntegerPropag
                           'core':   5'118  33'891'508    675'223'435  116'758'019  16'170'374'044  24'256'752'240
                     'default_lp':   2'434          16         20'303       16'210       1'137'712       2'245'541
                      'fs_random':   1'710           0              0            0               0               0
                      'fs_random':   1'710           0              0            0               0               0
                'fs_random_no_lp':   1'710           0            248          248           8'272          61'853
                'fs_random_no_lp':   1'710           0            248          248           8'272          61'853
        'fs_random_quick_restart':   1'710           0              0            0               0               0
        'fs_random_quick_restart':   1'710           0              2            2             330             458
  'fs_random_quick_restart_no_lp':   1'710           0            248          248           8'272          61'853
                 'lb_tree_search':   2'434          15         67'929       40'197       3'619'331       7'063'864
                         'max_lp':   2'434          15         67'273       39'874       3'580'771       7'012'482
                          'no_lp':   4'570  33'724'668    684'475'065  117'528'828  15'990'448'057  24'390'542'835
            'objective_lb_search':   2'434          16         19'345       15'734       1'090'532       2'156'865
     'objective_lb_search_max_lp':   2'434          15         60'117       36'268       3'217'202       6'279'037
      'objective_lb_search_no_lp':   4'561  24'603'688    690'843'313  121'313'824  15'603'799'760  24'890'364'114
                        'probing':   2'434          16         17'356       15'030       1'021'934       1'982'672
                 'probing_max_lp':   2'434          16         71'212       42'164       3'802'460       7'390'374
                   'pseudo_costs':   2'434          16         53'094       32'746       2'841'038       5'564'081
                  'quick_restart':   2'434          16         17'767       14'939       1'009'747       1'992'969
            'quick_restart_no_lp':  42'303  49'023'152  2'103'160'712   82'085'261  36'296'736'805  24'472'461'707
                  'reduced_costs':   2'434          15         55'671       34'010       2'980'771       5'840'076

SAT stats                           ClassicMinim   LitRemoved      LitLearned    LitForgotten   Subsumed   MClauses  MDecisions  MLitTrue  MSubsumed  MLitRemoved  MReused
                           'core':    33'223'436  345'926'042   9'459'040'068   9'393'700'170    207'280  1'488'994   7'831'006         0      3'144       19'193  365'367
                     'default_lp':             0            0              16               0          0          0           0         0          0            0        0
                      'fs_random':             0            0               0               0          0          0           0         0          0            0        0
                      'fs_random':             0            0               0               0          0          0           0         0          0            0        0
                'fs_random_no_lp':             0            0               0               0          0          0           0         0          0            0        0
                'fs_random_no_lp':             0            0               0               0          0          0           0         0          0            0        0
        'fs_random_quick_restart':             0            0               0               0          0          0           0         0          0            0        0
        'fs_random_quick_restart':             0            0               0               0          0          0           0         0          0            0        0
  'fs_random_quick_restart_no_lp':             0            0               0               0          0          0           0         0          0            0        0
                 'lb_tree_search':             0            0              15               0          0          0           0         0          0            0        0
                         'max_lp':             0            0              15               0          0          0           0         0          0            0        0
                          'no_lp':    33'063'515  344'154'052   9'257'540'867   9'190'651'593    213'846  1'520'781   7'892'446         0      2'969       18'097  399'987
            'objective_lb_search':             0            0              16               0          0          0           0         0          0            0        0
     'objective_lb_search_max_lp':             0            0              15               0          0          0           0         0          0            0        0
      'objective_lb_search_no_lp':    24'099'603  251'329'368   7'261'591'216   7'210'877'435    149'925  1'620'395   8'290'189         0      2'974       18'319  436'312
                        'probing':             0            0              16               0          0          0           0         0          0            0        0
                 'probing_max_lp':             0            0              16               0          0          0           0         0          0            0        0
                   'pseudo_costs':             0            0              16               0          0          0           0         0          0            0        0
                  'quick_restart':             0            0              16               0          0          0           0         0          0            0        0
            'quick_restart_no_lp':    46'251'152  382'538'053  16'257'846'951  15'917'768'272  1'153'356  1'575'895   8'939'143         0      5'369       31'727  287'608
                  'reduced_costs':             0            0              15               0          0          0           0         0          0            0        0

Lp stats                         Component  Iterations  AddedCuts  OPTIMAL  DUAL_F.  DUAL_U.
                  'default_lp':          1   2'450'387    585'322   76'154       10        1
                   'fs_random':          1           0          0        0        0        0
                   'fs_random':          1           0          0        0        0        0
     'fs_random_quick_restart':          1           0          0        0        0        0
     'fs_random_quick_restart':          1           0          0        0        0        0
              'lb_tree_search':          1   5'757'418  1'416'124  138'138   41'286        0
                      'max_lp':          1   5'883'576  1'652'772  138'183   40'750        0
         'objective_lb_search':          1   2'298'502    600'736   73'187       11        1
  'objective_lb_search_max_lp':          1   4'779'924  1'545'406  126'534   36'279        0
                     'probing':          1   2'252'935    536'935   68'218       11        0
              'probing_max_lp':          1   6'214'294  1'379'554  144'337   43'201        0
                'pseudo_costs':          1   4'799'673  1'480'116  114'995   31'618        1
               'quick_restart':          1   2'422'797    627'132   69'647       16        1
               'reduced_costs':          1   4'275'044  1'445'004  118'009   33'152        0

Lp dimension                                                                        Final dimension of first component
                  'default_lp':  3729 rows, 2070 columns, 24041 entries with magnitude in [6.723438e-06, 1.000000e+00]
                   'fs_random':         0 rows, 2070 columns, 0 entries with magnitude in [0.000000e+00, 0.000000e+00]
                   'fs_random':         0 rows, 2070 columns, 0 entries with magnitude in [0.000000e+00, 0.000000e+00]
     'fs_random_quick_restart':         0 rows, 2070 columns, 0 entries with magnitude in [0.000000e+00, 0.000000e+00]
     'fs_random_quick_restart':         0 rows, 2070 columns, 0 entries with magnitude in [0.000000e+00, 0.000000e+00]
              'lb_tree_search':  3031 rows, 2071 columns, 27627 entries with magnitude in [1.107310e-05, 1.000000e+00]
                      'max_lp':  2417 rows, 2071 columns, 21140 entries with magnitude in [6.290309e-04, 1.000000e+00]
         'objective_lb_search':  2931 rows, 2070 columns, 20327 entries with magnitude in [7.949995e-05, 1.000000e+00]
  'objective_lb_search_max_lp':  2710 rows, 2071 columns, 35558 entries with magnitude in [6.202930e-05, 1.000000e+00]
                     'probing':  3501 rows, 2070 columns, 19701 entries with magnitude in [4.253385e-05, 1.000000e+00]
              'probing_max_lp':  2512 rows, 2071 columns, 28872 entries with magnitude in [4.173756e-05, 1.000000e+00]
                'pseudo_costs':  2269 rows, 2071 columns, 21418 entries with magnitude in [1.681854e-04, 1.000000e+00]
               'quick_restart':  3463 rows, 2070 columns, 18557 entries with magnitude in [2.019496e-05, 1.000000e+00]
               'reduced_costs':  2671 rows, 2071 columns, 33550 entries with magnitude in [6.074198e-05, 1.000000e+00]

Lp debug                         CutPropag  CutEqPropag  Adjust  Overflow          Bad  BadScaling
                  'default_lp':          0          371   4'243         0   76'998'294           0
                   'fs_random':          0            0       0         0            0           0
                   'fs_random':          0            0       0         0            0           0
     'fs_random_quick_restart':          0            0       0         0            0           0
     'fs_random_quick_restart':          0            0       0         0            0           0
              'lb_tree_search':         18          813  29'756         0  203'796'099           0
                      'max_lp':          1        1'233   4'609         0  204'673'929           0
         'objective_lb_search':          0          229     142         0   77'812'423           0
  'objective_lb_search_max_lp':          0          777     759         0  191'602'594           0
                     'probing':          0          187   4'876         0   73'148'429           0
              'probing_max_lp':          1          704   6'224         0  210'779'389           0
                'pseudo_costs':          1          828  13'393         0  174'889'979           0
               'quick_restart':          0          131   4'834         0   76'351'560           0
               'reduced_costs':          0          986  12'570         0  184'075'802           0

Lp pool                          Constraints  Updates  Simplif  Merged  Shortened   Split  Strenghtened            Cuts/Call
                  'default_lp':       11'926   13'877    4'924      28        208   4'159        16'130    585'322/1'294'457
                   'fs_random':        2'632        0        0       0          0       0             0                  0/0
                   'fs_random':        2'632        0        0       0          0       0             0                  0/0
     'fs_random_quick_restart':        2'632        0        0       0          0       0             0                  0/0
     'fs_random_quick_restart':        2'632        0        0       0          0       0             0                  0/0
              'lb_tree_search':       12'372   34'536    7'957       6        606  35'339       254'120  1'416'124/2'623'746
                      'max_lp':       13'015   50'262   10'729      11        659  44'273       295'118  1'652'772/3'026'543
         'objective_lb_search':       12'354   22'756    4'161      14        192   4'477        16'197    600'736/1'315'833
  'objective_lb_search_max_lp':       12'645   75'299    7'198      15        739  48'911       231'117  1'545'406/2'766'505
                     'probing':       12'549   11'645    3'089      18        298   4'324        15'525    536'935/1'174'707
              'probing_max_lp':       12'802   49'618    8'206       6        506  39'393       266'850  1'379'554/2'522'862
                'pseudo_costs':       12'357  106'731    5'894      13        864  59'596       221'408  1'480'116/2'594'780
               'quick_restart':       11'749   15'799    4'410      15        377   4'326        15'840    627'132/1'420'046
               'reduced_costs':       12'225   91'014    5'806      33      1'050  39'816       217'848  1'445'004/2'715'566

Lp Cut             defaul   max_lp   quick_   reduce   pseudo   lb_tre   probin   object   probin   object
          CG_FF:   15'443   34'536   16'420   29'971   31'248   27'359   14'506   16'588   29'301   33'279
           CG_K:      547    2'837      489    2'369    2'633    2'462      570      611    3'228    2'056
          CG_KL:        -        1        -        3        -        1        -        -        1        -
           CG_R:    4'132   36'856    3'830   26'830   37'118   31'782    3'585    3'913   35'130   34'063
          CG_RB:   58'861  145'572   59'324  121'584  124'332  113'529   49'787   59'261  122'807  130'188
         CG_RBP:       76    4'067       52    3'280    2'674    2'957      118       94    3'063    3'212
         Clique:        -   45'180        -   35'463   33'162   40'748        -        -   42'415   38'044
             IB:  148'803  214'382  165'272  196'162  180'348  194'590  139'102  157'582  177'449  203'209
       MIR_1_FF:  165'520  199'228  173'957  189'348  186'543  158'578  149'768  161'037  161'158  201'465
        MIR_1_K:    1'742    3'311    1'842    2'850    2'287    2'753    2'195    1'939    3'189    3'083
        MIR_1_R:    1'021    8'717      968    7'104    8'289    6'662    1'174      944    9'107    8'542
       MIR_1_RB:  105'763  365'717  110'218  295'473  331'905  315'101   93'557  104'157  282'920  339'020
      MIR_1_RBP:      140    1'342      175    1'094      877    1'414      169      199    1'379    1'201
      MIR_1_RLT:        -       49        -       36       26       47        -        -       46       53
       MIR_2_FF:    7'629   29'836   11'272   28'368   27'067   23'530    8'419    9'463   23'576   28'378
        MIR_2_K:      464    1'232      653    1'052      971    1'163      571      680    1'220    1'046
        MIR_2_R:      580    4'408      896    4'431    6'525    3'746      788      881    4'848    4'100
       MIR_2_RB:   15'747  129'132   19'060  185'120  157'042  110'387   16'217   19'550  102'238  153'082
      MIR_2_RBP:       70      428       69      549      551      367       68       82      476      309
       MIR_3_FF:    2'103   14'103    2'896   13'084   12'101   12'658    2'031    2'600   11'464   12'974
        MIR_3_K:      209    2'303      350    1'615    1'672    1'858      214      346    1'980    1'557
        MIR_3_R:      950    6'403      997    4'503    4'803    5'319    1'000    1'284    6'876    4'619
       MIR_3_RB:   10'626   84'583   12'548   62'388   68'743   73'769   11'113   12'269   69'926   68'605
      MIR_3_RBP:       53      835       55      671      597      729       45       41      766      645
       MIR_4_FF:    1'149   10'874    1'512    9'923    9'029    9'588    1'113    1'236    8'259   10'153
        MIR_4_K:       98    1'541      209    1'068    1'090    1'233       77      152    1'215      988
        MIR_4_R:      219    2'614      225    1'931    2'190    2'190      281      296    2'737    1'938
       MIR_4_RB:    6'643   68'967    7'764   50'186   55'137   61'225    6'203    7'109   59'684   59'039
      MIR_4_RBP:       14      443       14      324      327      347       21       19      429      340
       MIR_5_FF:      600    8'797      606    8'160    7'775    8'060      536      516    7'561    8'119
        MIR_5_K:       99    1'419      102    1'096      993    1'262       92      118    1'274      978
        MIR_5_R:      128    2'127      112    1'516    1'704    1'786      143      155    2'203    1'593
       MIR_5_RB:    4'622   54'630    5'054   40'794   45'376   48'624    4'287    4'853   48'513   47'552
      MIR_5_RBP:       12      677        9      454      487      552       17       14      571      523
       MIR_6_FF:      405    6'108      365    5'634    5'430    5'560      331      294    5'401    5'544
        MIR_6_K:       38    1'109       59      806      821      996       45       73      919      743
       MIR_6_KL:        -        -        -        -        1        -        -        -        -        -
        MIR_6_R:       91    2'836       83    1'839    2'014    2'219       97       82    3'050    1'997
       MIR_6_RB:    3'191   42'990    3'640   30'612   33'348   37'096    2'968    3'304   37'787   35'892
      MIR_6_RBP:        4      396       12      286      292      327        8        8      374      326
   ZERO_HALF_FF:    4'220    9'437    3'772    7'000    7'178    8'068    3'543    4'320    8'790    7'968
    ZERO_HALF_K:      113      368       83      268      217      300      138      121      360      361
   ZERO_HALF_KL:        -        3        -        -        -        -        -        -        -        -
    ZERO_HALF_R:    8'885   72'344    7'850   47'040   59'345   68'125    9'203    9'471   70'565   61'232
   ZERO_HALF_RB:   13'198   29'339   12'820   22'160   25'290   26'293   11'774   13'474   24'410   26'847
  ZERO_HALF_RBP:    1'114      695    1'498      559      558      764    1'061    1'600      889      543

LNS stats           Improv/Calls  Closed  Difficulty  TimeLimit
  'graph_arc_lns':           4/6      0%        0.04       0.10
  'graph_cst_lns':           5/6      0%        0.04       0.10
  'graph_dec_lns':           3/5      0%        0.06       0.10
  'graph_var_lns':           4/6     50%        0.49       0.10
      'rins/rens':           2/2      0%        0.19       0.10
    'rnd_cst_lns':           3/6      0%        0.04       0.10
    'rnd_var_lns':           6/6      0%        0.04       0.10

LS stats                   Batches  Restarts  LinMoves  GenMoves  CompoundMoves  WeightUpdates
       'fj_long_default':        4         1    30'566         0              0          1'371
   'fj_long_lin_default':        5         1         0    18'254          1'457             65
        'fj_long_random':        2         1    19'392         0              0            608
      'fj_short_default':        9         1         0    29'815          1'796             22
  'fj_short_lin_default':        4         1         0    13'938          1'334             12
   'fj_short_lin_random':        5         1         0    15'305          1'673             21
       'fj_short_random':        7         1         0    24'822          1'659             15
          'violation_ls':        6         0     1'378       620             42          1'231
          'violation_ls':        6         0     6'515         5              5          2'446
          'violation_ls':        6         0       832       613             59            569

Solutions (35)            Num     Rank
      'fj_long_default':    1    [1,1]
        'graph_cst_lns':    1    [8,8]
  'quick_restart_no_lp':   19  [17,35]
         'violation_ls':   14   [2,16]

Objective bounds                      Num
                   'initial_domain':    1
                   'lb_tree_search':   44
                           'max_lp':   84
              'objective_lb_search':    1
       'objective_lb_search_max_lp':   27
  'objective_shaving_search_max_lp':    5
   'objective_shaving_search_no_lp':    6
                   'probing_max_lp':   30
                     'pseudo_costs':   22
                    'reduced_costs':   29

Solution repositories    Added  Queried  Ignored  Synchro
  'feasible solutions':     53       93        0       53
        'lp solutions':      0        0        0        0
                'pump':     13        2

Improving bounds shared          Num
                        'core':  940
                  'default_lp':    2
              'lb_tree_search':   12
                      'max_lp':    2
                       'no_lp':  730
         'objective_lb_search':    2
  'objective_lb_search_max_lp':    1
   'objective_lb_search_no_lp':  908
                     'probing':    2
                'pseudo_costs':    2
         'quick_restart_no_lp':  966

Clauses shared                    Num
                       'core':  1'143
                      'no_lp':  1'221
  'objective_lb_search_no_lp':  1'284
        'quick_restart_no_lp':  1'484

CpSolverResponse summary:
status: FEASIBLE
objective: 9391008
best_bound: 257459
integers: 2072
booleans: 1710
conflicts: 0
branches: 0
propagations: 0
integer_propagations: 0
restarts: 0
lp_iterations: 0
walltime: 28801.1
usertime: 28801.1
deterministic_time: 127896
gap_integral: 2.04984e+06
solution_fingerprint: 0x41046ea449637dad

CPU USED: 32
Loading /home/aneumann/projects/def-adhaj/aneumann/gns/data/instances/test/xl/instance_156.pkl...
===* START SOLVING *===
   index     value       gap  ... max_time  cpu  max_memory
0    156  93910.08  0.972585  ...        8   32         118

[1 rows x 8 columns]
===* END OF FILE *===
