created virtual environment CPython3.12.4.final.0-64 in 4060ms
  creator CPython3Posix(dest=/local/aneumann.27429344.0/env, clear=False, no_vcs_ignore=False, global=False)
  seeder FromAppData(download=False, pip=bundle, via=copy, app_data_dir=/home/aneumann/.local/share/virtualenv)
    added seed packages: pip==24.0
  activators BashActivator,CShellActivator,FishActivator,NushellActivator,PowerShellActivator,PythonActivator
Looking in links: /cvmfs/soft.computecanada.ca/custom/python/wheelhouse/gentoo2023/x86-64-v3, /cvmfs/soft.computecanada.ca/custom/python/wheelhouse/gentoo2023/generic, /cvmfs/soft.computecanada.ca/custom/python/wheelhouse/generic
Requirement already satisfied: pip in /local/aneumann.27429344.0/env/lib/python3.12/site-packages (24.0)
Processing /cvmfs/soft.computecanada.ca/custom/python/wheelhouse/generic/pip-24.2+computecanada-py3-none-any.whl
Installing collected packages: pip
  Attempting uninstall: pip
    Found existing installation: pip 24.0
    Uninstalling pip-24.0:
      Successfully uninstalled pip-24.0
Successfully installed pip-24.2+computecanada
Looking in links: /cvmfs/soft.computecanada.ca/custom/python/wheelhouse/gentoo2023/x86-64-v3, /cvmfs/soft.computecanada.ca/custom/python/wheelhouse/gentoo2023/generic, /cvmfs/soft.computecanada.ca/custom/python/wheelhouse/generic
ERROR: protobuf-5.28.3-cp38-abi3-manylinux2014_x86_64.whl is not a supported wheel on this platform.
Looking in links: /cvmfs/soft.computecanada.ca/custom/python/wheelhouse/gentoo2023/x86-64-v3, /cvmfs/soft.computecanada.ca/custom/python/wheelhouse/gentoo2023/generic, /cvmfs/soft.computecanada.ca/custom/python/wheelhouse/generic
Processing /home/aneumann/projects/def-adhaj/aneumann/gns/wheels/immutabledict-4.2.0-py3-none-any.whl
Installing collected packages: immutabledict
Successfully installed immutabledict-4.2.0
Looking in links: /cvmfs/soft.computecanada.ca/custom/python/wheelhouse/gentoo2023/x86-64-v3, /cvmfs/soft.computecanada.ca/custom/python/wheelhouse/gentoo2023/generic, /cvmfs/soft.computecanada.ca/custom/python/wheelhouse/generic
Processing /cvmfs/soft.computecanada.ca/custom/python/wheelhouse/generic/ortools-9.10.4067+computecanada-cp312-cp312-linux_x86_64.whl (from -r /home/aneumann/projects/def-adhaj/aneumann/gns/requirements_or.txt (line 1))
Processing /cvmfs/soft.computecanada.ca/custom/python/wheelhouse/gentoo2023/x86-64-v3/pandas-2.2.2+computecanada-cp312-cp312-linux_x86_64.whl (from -r /home/aneumann/projects/def-adhaj/aneumann/gns/requirements_or.txt (line 2))
Processing /cvmfs/soft.computecanada.ca/custom/python/wheelhouse/generic/absl_py-2.1.0+computecanada-py3-none-any.whl (from ortools->-r /home/aneumann/projects/def-adhaj/aneumann/gns/requirements_or.txt (line 1))
Processing /cvmfs/soft.computecanada.ca/custom/python/wheelhouse/gentoo2023/generic/numpy-2.1.1+computecanada-cp312-cp312-linux_x86_64.whl (from ortools->-r /home/aneumann/projects/def-adhaj/aneumann/gns/requirements_or.txt (line 1))
Processing /cvmfs/soft.computecanada.ca/custom/python/wheelhouse/gentoo2023/x86-64-v3/protobuf-5.28.0+computecanada-cp312-cp312-linux_x86_64.whl (from ortools->-r /home/aneumann/projects/def-adhaj/aneumann/gns/requirements_or.txt (line 1))
Requirement already satisfied: immutabledict>=3.0.0 in /local/aneumann.27429344.0/env/lib/python3.12/site-packages (from ortools->-r /home/aneumann/projects/def-adhaj/aneumann/gns/requirements_or.txt (line 1)) (4.2.0)
Processing /cvmfs/soft.computecanada.ca/custom/python/wheelhouse/generic/python_dateutil-2.9.0.post0+computecanada-py2.py3-none-any.whl (from pandas->-r /home/aneumann/projects/def-adhaj/aneumann/gns/requirements_or.txt (line 2))
Processing /cvmfs/soft.computecanada.ca/custom/python/wheelhouse/generic/pytz-2024.2+computecanada-py2.py3-none-any.whl (from pandas->-r /home/aneumann/projects/def-adhaj/aneumann/gns/requirements_or.txt (line 2))
Processing /cvmfs/soft.computecanada.ca/custom/python/wheelhouse/generic/tzdata-2024.2+computecanada-py2.py3-none-any.whl (from pandas->-r /home/aneumann/projects/def-adhaj/aneumann/gns/requirements_or.txt (line 2))
Processing /cvmfs/soft.computecanada.ca/custom/python/wheelhouse/generic/six-1.16.0+computecanada-py2.py3-none-any.whl (from python-dateutil>=2.8.2->pandas->-r /home/aneumann/projects/def-adhaj/aneumann/gns/requirements_or.txt (line 2))
Installing collected packages: pytz, tzdata, six, protobuf, numpy, absl-py, python-dateutil, pandas, ortools
Successfully installed absl-py-2.1.0+computecanada numpy-2.1.1+computecanada ortools-9.10.4067+computecanada pandas-2.2.2+computecanada protobuf-5.28.0+computecanada python-dateutil-2.9.0.post0+computecanada pytz-2024.2+computecanada six-1.16.0+computecanada tzdata-2024.2+computecanada

Starting CP-SAT solver v9.10.4067
Parameters: max_time_in_seconds: 21600 max_memory_in_mb: 118 log_search_progress: true optimize_with_core: true cp_model_presolve: true enumerate_all_solutions: false num_search_workers: 32 use_implied_bounds: true absolute_gap_limit: 5 relative_gap_limit: 0.01 use_probing_search: true

Initial optimization model '': (model_fingerprint: 0x8426eaa24b65f88e)
#Variables: 2'381 (#bools: 27 #ints: 1 in objective)
  - 2'069 Booleans in [0,1]
  - 311 in [0,225000]
  - 1 constants in {1} 
#kBoolOr: 1'004 (#literals: 1'004)
#kLinear1: 370
#kLinear2: 6'985
#kLinear3: 1'575
#kLinearN: 390 (#terms: 5'170)

Starting presolve at 0.00s
  2.76e-03s  0.00e+00d  [DetectDominanceRelations] 
  5.33e-02s  0.00e+00d  [PresolveToFixPoint] #num_loops=10 #num_dual_strengthening=3 
  8.61e-05s  0.00e+00d  [ExtractEncodingFromLinear] #potential_supersets=164 
[Symmetry] Graph for symmetry has 8'620 nodes and 18'240 arcs.
[Symmetry] Symmetry computation done. time: 0.00241722 dtime: 0.00244924
[SAT presolve] num removable Booleans: 0 / 1329
[SAT presolve] num trivial clauses: 0
[SAT presolve] [0s] clauses:2420 literals:4840 vars:1321 one_side_vars:1300 simple_definition:20 singleton_clauses:0
[SAT presolve] [0.00025219s] clauses:2420 literals:4840 vars:1321 one_side_vars:1300 simple_definition:20 singleton_clauses:0
[SAT presolve] [0.000360029s] clauses:2420 literals:4840 vars:1321 one_side_vars:1300 simple_definition:20 singleton_clauses:0
  5.40e-01s  8.79e-02d  [Probe] #probed=3'027 #fixed_bools=85 #new_bounds=144 
  6.00e-03s  0.00e+00d  [MaxClique] Merged 2580(7372 literals) into 954(6415 literals) at_most_ones. 
  2.42e-03s  0.00e+00d  [DetectDominanceRelations] 
  1.42e-02s  0.00e+00d  [PresolveToFixPoint] #num_loops=3 #num_dual_strengthening=2 
  3.19e-03s  0.00e+00d  [ProcessAtMostOneAndLinear] #num_changes=18 
  1.88e-03s  0.00e+00d  [DetectDuplicateConstraints] #duplicates=1 
  4.92e-04s  1.93e-05d  [DetectDominatedLinearConstraints] #relevant_constraints=1'379 
  6.31e-04s  0.00e+00d  [DetectDifferentVariables] #different=9 
  9.92e-04s  3.72e-04d  [ProcessSetPPC] #relevant_constraints=849 #num_inclusions=758 
  6.96e-05s  0.00e+00d  [FindAlmostIdenticalLinearConstraints] 
  6.17e-03s  6.23e-03d  [FindBigAtMostOneAndLinearOverlap] 
  1.18e-03s  3.01e-03d  [FindBigVerticalLinearOverlap] 
  1.16e-04s  1.70e-04d  [FindBigHorizontalLinearOverlap] #linears=30 
  8.53e-05s  0.00e+00d  [MergeClauses] 
  2.27e-03s  0.00e+00d  [DetectDominanceRelations] 
  7.55e-03s  0.00e+00d  [PresolveToFixPoint] #num_loops=1 #num_dual_strengthening=1 
  2.27e-03s  0.00e+00d  [DetectDominanceRelations] 
  7.48e-03s  0.00e+00d  [PresolveToFixPoint] #num_loops=1 #num_dual_strengthening=1 
[Symmetry] Graph for symmetry has 6'580 nodes and 13'260 arcs.
[Symmetry] Symmetry computation done. time: 0.00147502 dtime: 0.00152834
[SAT presolve] num removable Booleans: 0 / 1242
[SAT presolve] num trivial clauses: 0
[SAT presolve] [0s] clauses:17 literals:34 vars:23 one_side_vars:16 simple_definition:7 singleton_clauses:0
[SAT presolve] [5.3426e-05s] clauses:17 literals:34 vars:23 one_side_vars:16 simple_definition:7 singleton_clauses:0
[SAT presolve] [9.5925e-05s] clauses:17 literals:34 vars:23 one_side_vars:16 simple_definition:7 singleton_clauses:0
  1.44e-01s  2.47e-02d  [Probe] #probed=2'938 #new_bounds=57 
  2.95e-03s  0.00e+00d  [MaxClique] Merged 766(5238 literals) into 766(5245 literals) at_most_ones. 
  2.27e-03s  0.00e+00d  [DetectDominanceRelations] 
  1.09e-02s  0.00e+00d  [PresolveToFixPoint] #num_loops=4 #num_dual_strengthening=3 
  2.84e-03s  0.00e+00d  [ProcessAtMostOneAndLinear] 
  1.82e-03s  0.00e+00d  [DetectDuplicateConstraints] #duplicates=2 
  5.02e-04s  1.93e-05d  [DetectDominatedLinearConstraints] #relevant_constraints=1'376 
  4.90e-04s  0.00e+00d  [DetectDifferentVariables] #different=9 
  8.61e-04s  3.67e-04d  [ProcessSetPPC] #relevant_constraints=800 #num_inclusions=707 
  7.15e-05s  0.00e+00d  [FindAlmostIdenticalLinearConstraints] 
  6.21e-03s  6.23e-03d  [FindBigAtMostOneAndLinearOverlap] 
  1.15e-03s  3.01e-03d  [FindBigVerticalLinearOverlap] 
  1.19e-04s  1.70e-04d  [FindBigHorizontalLinearOverlap] #linears=30 
  8.28e-05s  0.00e+00d  [MergeClauses] 
  2.36e-03s  0.00e+00d  [DetectDominanceRelations] 
  7.59e-03s  0.00e+00d  [PresolveToFixPoint] #num_loops=1 #num_dual_strengthening=1 
  2.28e-03s  0.00e+00d  [DetectDominanceRelations] 
  7.58e-03s  0.00e+00d  [PresolveToFixPoint] #num_loops=1 #num_dual_strengthening=1 
[Symmetry] Graph for symmetry has 6'580 nodes and 13'265 arcs.
[Symmetry] Symmetry computation done. time: 0.00125171 dtime: 0.00153103
[SAT presolve] num removable Booleans: 0 / 1242
[SAT presolve] num trivial clauses: 0
[SAT presolve] [0s] clauses:17 literals:34 vars:23 one_side_vars:16 simple_definition:7 singleton_clauses:0
[SAT presolve] [5.217e-05s] clauses:17 literals:34 vars:23 one_side_vars:16 simple_definition:7 singleton_clauses:0
[SAT presolve] [9.4825e-05s] clauses:17 literals:34 vars:23 one_side_vars:16 simple_definition:7 singleton_clauses:0
  1.40e-01s  2.40e-02d  [Probe] #probed=2'938 #new_bounds=17 
  2.86e-03s  0.00e+00d  [MaxClique] Merged 766(5243 literals) into 766(5245 literals) at_most_ones. 
  2.28e-03s  0.00e+00d  [DetectDominanceRelations] 
  9.97e-03s  0.00e+00d  [PresolveToFixPoint] #num_loops=4 #num_dual_strengthening=3 
  2.84e-03s  0.00e+00d  [ProcessAtMostOneAndLinear] 
  1.85e-03s  0.00e+00d  [DetectDuplicateConstraints] #duplicates=2 
  4.95e-04s  1.93e-05d  [DetectDominatedLinearConstraints] #relevant_constraints=1'376 
  4.90e-04s  0.00e+00d  [DetectDifferentVariables] #different=9 
  8.39e-04s  3.67e-04d  [ProcessSetPPC] #relevant_constraints=800 #num_inclusions=707 
  7.38e-05s  0.00e+00d  [FindAlmostIdenticalLinearConstraints] 
  5.98e-03s  6.23e-03d  [FindBigAtMostOneAndLinearOverlap] 
  1.14e-03s  3.01e-03d  [FindBigVerticalLinearOverlap] 
  1.27e-04s  1.70e-04d  [FindBigHorizontalLinearOverlap] #linears=30 
  8.70e-05s  0.00e+00d  [MergeClauses] 
  2.28e-03s  0.00e+00d  [DetectDominanceRelations] 
  7.51e-03s  0.00e+00d  [PresolveToFixPoint] #num_loops=1 #num_dual_strengthening=1 
  1.68e-04s  0.00e+00d  [ExpandObjective] #entries=24 #tight_variables=12 #tight_constraints=4 

Presolve summary:
  - 70 affine relations were detected.
  - rule 'TODO dual: add implied bound' was applied 16 times.
  - rule 'TODO dual: only one blocking constraint?' was applied 22'918 times.
  - rule 'TODO dual: only one blocking enforced constraint?' was applied 48 times.
  - rule 'TODO dual: only one unspecified blocking constraint?' was applied 16 times.
  - rule 'TODO dual: tighten at most one' was applied 332 times.
  - rule 'TODO linear2: contains a Boolean.' was applied 12'550 times.
  - rule 'affine: new relation' was applied 70 times.
  - rule 'at_most_one: empty or all false' was applied 4 times.
  - rule 'at_most_one: removed literals' was applied 325 times.
  - rule 'at_most_one: singleton' was applied 2 times.
  - rule 'at_most_one: size one' was applied 139 times.
  - rule 'at_most_one: transformed into max clique.' was applied 1 time.
  - rule 'bool_and: non-reified.' was applied 20 times.
  - rule 'bool_and: x => x' was applied 2 times.
  - rule 'bool_or: always true' was applied 1'004 times.
  - rule 'bool_or: implications' was applied 6'264 times.
  - rule 'bool_or: singleton' was applied 6 times.
  - rule 'deductions: 281 stored' was applied 1 time.
  - rule 'dual: add implication' was applied 11 times.
  - rule 'dual: fix variable' was applied 301 times.
  - rule 'dual: fix variable with multiple choices' was applied 4 times.
  - rule 'dual: reduced domain' was applied 159 times.
  - rule 'duplicate: merged rhs of linear constraint' was applied 1 time.
  - rule 'duplicate: removed constraint' was applied 5 times.
  - rule 'enforcement: false literal' was applied 3'725 times.
  - rule 'enforcement: literal not used' was applied 23 times.
  - rule 'enforcement: true literal' was applied 20 times.
  - rule 'linear + amo: extracted enforcement literal' was applied 2 times.
  - rule 'linear + amo: fixed literal implied by enforcement' was applied 16 times.
  - rule 'linear1: always true' was applied 8 times.
  - rule 'linear2: contains a Boolean.' was applied 13 times.
  - rule 'linear: always true' was applied 956 times.
  - rule 'linear: divide by GCD' was applied 4'590 times.
  - rule 'linear: empty' was applied 100 times.
  - rule 'linear: extracted enforcement literal' was applied 374 times.
  - rule 'linear: fixed or dup variables' was applied 1'048 times.
  - rule 'linear: negative clause' was applied 2'326 times.
  - rule 'linear: positive at most one' was applied 164 times.
  - rule 'linear: positive clause' was applied 3'944 times.
  - rule 'linear: positive equal one' was applied 4 times.
  - rule 'linear: reduced variable domains' was applied 545 times.
  - rule 'linear: remapped using affine relations' was applied 2'622 times.
  - rule 'linear: simplified rhs' was applied 13'366 times.
  - rule 'linear: singleton column' was applied 16 times.
  - rule 'objective: variable not used elsewhere' was applied 1 time.
  - rule 'presolve: 798 unused variables removed.' was applied 1 time.
  - rule 'presolve: iteration' was applied 3 times.
  - rule 'setppc: bool_or in at_most_one.' was applied 2 times.
  - rule 'setppc: removed dominated constraints' was applied 48 times.
  - rule 'variables with 2 values: create encoding literal' was applied 1 time.
  - rule 'variables with 2 values: new affine relation' was applied 1 time.
  - rule 'variables: detect half reified value encoding' was applied 6 times.

Presolved optimization model '': (model_fingerprint: 0x88328319d5712e91)
#Variables: 1'498 (#bools: 26 #ints: 1 in objective)
  - 1'242 Booleans in [0,1]
  - 1 in [0,731]
  - 1 in [0,732]
  - 1 in [0,736]
  - 1 in [0,1466]
  - 1 in [0,1474]
  - 2 in [0,1477]
  - 2 in [0,1480]
  - 9 in [0,1481]
  - 2 in [0,1482]
  - 1 in [0,1484]
  - 3 in [0,1485]
  - 1 in [0,1487]
  - 1 in [0,1488]
  - 1 in [0,1489]
  - 1 in [0,1490]
  - 2 in [0,1491]
  - 4 in [0,1492]
  - 12 in [0,1499]
  - 9 in [0,1500]
  - 1 in [0,7360]
  - 6 in [0,7405]
  - 1 in [0,7420]
  - 1 in [0,7425]
  - 2 in [0,7435]
  - 1 in [0,7440]
  - 1 in [0,7450]
  - 1 in [0,7460]
  - 1 in [0,7462]
  - 1 in [0,7481]
  - 1 in [0,7482]
  - 1 in [0,7485]
  - 23 in [0,7492]
  - 1 in [0,7494]
  - 10 in [0,7497]
  - 45 in [0,225000]
  - 1 in [1,737]
  - 1 in [2,734]
  - 1 in [4,735]
  - 1 in [56,3747]
  - 1 in [58,3749]
  - 1 in [67,3742]
  - 1 in [75,3750]
  - 1 in [78,3744]
  - 1 in [83,3749]
  - 1 in [300,221100]
  - 1 in [300,221700]
  - 1 in [300,223200]
  - 2 in [300,223740]
  - 1 in [300,223800]
  - 2 in [300,224160]
  - 2 in [300,224247]
  - 2 in [300,224580]
  - 4 in [300,225000]
  - 1 in [600,220200]
  - 1 in [600,220800]
  - 1 in [600,221400]
  - 1 in [600,222600]
  - 1 in [600,222900]
  - 2 in [600,223380]
  - 2 in [600,223920]
  - 2 in [600,223980]
  - 4 in [600,224160]
  - 1 in [1200,220500]
  - 1 in [1200,221400]
  - 1 in [1200,222300]
  - 3 in [1200,222403]
  - 1 in [1200,222900]
  - 2 in [1200,223440]
  - 2 in [1200,223680]
  - 2 in [1200,223980]
  - 2 in [1200,224460]
  - 2 in [2433,224280]
  - 2 in [2596,224100]
  - 3 in [2966,224460]
  - 2 in [3066,223980]
  - 2 in [3120,224100]
  - 2 in [3156,223500]
  - 3 in [3164,223920]
  - 2 in [3197,224400]
  - 2 in [3360,224100]
  - 6 in [3360,224820]
  - 2 in [3540,223860]
  - 4 in [4020,224520]
  - 4 in [4163,224513]
  - 5 in [4680,224640]
  - 1 in [4980,224962]
  - 2 in [4988,224970]
  - 5 in [5018,225000]
#kAtMostOne: 749 (#literals: 5'209)
#kBoolAnd: 19 (#enforced: 19) (#literals: 38)
#kExactlyOne: 4 (#literals: 12)
#kLinear1: 3 (#enforced: 3)
#kLinear2: 480 (#enforced: 315 #multi: 4)
#kLinear3: 1'111 (#enforced: 2)
#kLinearN: 100 (#terms: 1'639)

Preloading model.
#Bound   1.04s best:inf   next:[447988,20063654] initial_domain
[Symmetry] Graph for symmetry has 5'696 nodes and 13'265 arcs.
[Symmetry] Symmetry computation done. time: 0.00120062 dtime: 0.00147672
#Model   1.04s var:1498/1498 constraints:2466/2466

Starting search at 1.04s with 32 workers.
16 full problem subsolvers: [core, default_lp, lb_tree_search, max_lp, no_lp, objective_lb_search, objective_lb_search_max_lp, objective_lb_search_no_lp, objective_shaving_search_max_lp, objective_shaving_search_no_lp, probing, probing_max_lp, pseudo_costs, quick_restart, quick_restart_no_lp, reduced_costs]
14 first solution subsolvers: [fj_long_default, fj_long_lin_default, fj_long_random, fj_short_default, fj_short_lin_default, fj_short_lin_random, fj_short_random, fs_random(2), fs_random_no_lp(2), fs_random_quick_restart(2), fs_random_quick_restart_no_lp]
11 incomplete subsolvers: [feasibility_pump, graph_arc_lns, graph_cst_lns, graph_dec_lns, graph_var_lns, rins/rens, rnd_cst_lns, rnd_var_lns, violation_ls(3)]
3 helper subsolvers: [neighborhood_helper, synchronization_agent, update_gap_integral]
#Bound   1.13s best:inf   next:[447989,20063654] objective_shaving_search_max_lp (vars=1500 csts=2471)
#Bound   1.15s best:inf   next:[447990,20063654] objective_shaving_search_max_lp (vars=1498 csts=2467)
#Bound   1.15s best:inf   next:[447991,20063654] objective_shaving_search_max_lp (vars=1498 csts=2467)
#Bound   1.16s best:inf   next:[447992,20063654] objective_shaving_search_max_lp (vars=1498 csts=2467)
#Bound   1.17s best:inf   next:[447993,20063654] objective_shaving_search_max_lp (vars=1498 csts=2467)
#Bound   1.18s best:inf   next:[447994,20063654] objective_shaving_search_max_lp (vars=1498 csts=2467)
#Bound   1.19s best:inf   next:[447995,20063654] objective_shaving_search_max_lp (vars=1498 csts=2467)
#Bound   1.20s best:inf   next:[447996,20063654] objective_shaving_search_max_lp (vars=1498 csts=2467)
#Bound   1.21s best:inf   next:[447997,20063654] objective_shaving_search_max_lp (vars=1498 csts=2467)
#Bound   1.22s best:inf   next:[447998,20063654] objective_shaving_search_max_lp (vars=1498 csts=2467)
#Bound   1.23s best:inf   next:[447999,20063654] objective_shaving_search_max_lp (vars=1498 csts=2467)
#Bound   1.24s best:inf   next:[448000,20063654] objective_shaving_search_max_lp (vars=1498 csts=2467)
#1       1.24s best:20063654 next:[448000,20063653] fj_long_random(batch:1 #lin_moves:8'003 #lin_evals:13'083 #weight_updates:1'030)
#2       1.24s best:20063565 next:[448000,20063564] violation_ls(batch:1 #solutions_imported:1 #lin_moves:11 #lin_evals:60 #weight_updates:7)
#Bound   1.24s best:20063565 next:[448001,20063564] objective_shaving_search_max_lp (vars=1498 csts=2467)
#3       1.25s best:20063476 next:[448001,20063475] violation_ls(batch:1 #solutions_imported:1 #lin_moves:0 #lin_evals:4'559 #gen_moves:62 #gen_evals:0 #comp_moves:6 #backtracks:28 #weight_updates:1)
#4       1.25s best:20063387 next:[448001,20063386] violation_ls(batch:2 #solutions_imported:2 #lin_moves:11 #lin_evals:4'320 #gen_moves:58 #gen_evals:0 #comp_moves:6 #backtracks:26 #weight_updates:8)
#5       1.25s best:20063298 next:[448001,20063297] violation_ls(batch:2 #solutions_imported:2 #lin_moves:0 #lin_evals:4'569 #gen_moves:68 #gen_evals:0 #comp_moves:12 #backtracks:28 #weight_updates:1)
#6       1.26s best:20063209 next:[448001,20063208] violation_ls(batch:3 #solutions_imported:3 #lin_moves:20 #lin_evals:4'334 #gen_moves:63 #gen_evals:0 #comp_moves:9 #backtracks:27 #weight_updates:15)
#7       1.26s best:20063120 next:[448001,20063119] violation_ls(batch:3 #solutions_imported:3 #lin_moves:6 #lin_evals:4'613 #gen_moves:68 #gen_evals:0 #comp_moves:12 #backtracks:28 #weight_updates:6)
#8       1.28s best:20061021 next:[448001,20061020] violation_ls(batch:3 #solutions_imported:3 #lin_moves:11 #lin_evals:26'149 #gen_moves:362 #gen_evals:0 #comp_moves:32 #backtracks:165 #weight_updates:14)
#Bound   1.34s best:20061021 next:[453328,20061020] quick_restart
#9       1.54s best:20060932 next:[453328,20060931] violation_ls(batch:4 #solutions_imported:4 #lin_moves:11 #lin_evals:29'848 #gen_moves:405 #gen_evals:0 #comp_moves:41 #backtracks:182 #weight_updates:15)
#10      1.54s best:20060843 next:[453328,20060842] violation_ls(batch:4 #solutions_imported:4 #lin_moves:26 #lin_evals:4'378 #gen_moves:63 #gen_evals:0 #comp_moves:9 #backtracks:27 #weight_updates:20)
#11      1.54s best:20060754 next:[453328,20060753] violation_ls(batch:4 #solutions_imported:4 #lin_moves:15 #lin_evals:4'668 #gen_moves:68 #gen_evals:0 #comp_moves:12 #backtracks:28 #weight_updates:13)
#Bound   1.65s best:20060754 next:[457277,20060753] reduced_costs
#12      1.79s best:20059074 next:[457277,20059073] graph_arc_lns (d=0.50 s=79 t=0.10 p=0.00 stall=0 h=auto_l0)
#13      1.79s best:20058985 next:[457277,20058984] violation_ls(batch:5 #solutions_imported:5 #lin_moves:15 #lin_evals:29'885 #gen_moves:405 #gen_evals:0 #comp_moves:41 #backtracks:182 #weight_updates:17)
#14      1.79s best:20058896 next:[457277,20058895] violation_ls(batch:5 #solutions_imported:5 #lin_moves:26 #lin_evals:5'071 #gen_moves:73 #gen_evals:0 #comp_moves:11 #backtracks:31 #weight_updates:20)
#15      1.79s best:20058807 next:[457277,20058806] violation_ls(batch:5 #solutions_imported:5 #lin_moves:19 #lin_evals:4'705 #gen_moves:68 #gen_evals:0 #comp_moves:12 #backtracks:28 #weight_updates:15)
#Bound   1.81s best:20058807 next:[475640,20058806] reduced_costs
#Bound   1.86s best:20058807 next:[476892,20058806] quick_restart
#16      1.93s best:994112 next:[476892,994111] graph_arc_lns (d=0.71 s=88 t=0.10 p=1.00 stall=1 h=auto_l0)
#Bound   3.17s best:994112 next:[476893,994111] pseudo_costs
#Bound   3.38s best:994112 next:[476966,994111] pseudo_costs
#Bound   3.50s best:994112 next:[477453,994111] pseudo_costs
#Bound   3.61s best:994112 next:[477550,994111] pseudo_costs
#Bound   3.74s best:994112 next:[477645,994111] pseudo_costs
#Bound   3.98s best:994112 next:[477647,994111] pseudo_costs
#Bound   4.15s best:994112 next:[477655,994111] pseudo_costs
#Bound   4.99s best:994112 next:[481445,994111] pseudo_costs [skipped_logs=5]
#Bound   5.50s best:994112 next:[485368,994111] objective_lb_search_max_lp [skipped_logs=2]
#17      6.50s best:940712 next:[485368,940711] rins_pump_lns (d=0.19 s=109 t=0.10 p=0.00 stall=0 h=auto_l0)
#Bound   7.77s best:940712 next:[485369,940711] pseudo_costs
#Bound   8.01s best:940712 next:[485450,940711] pseudo_costs
#Bound   9.01s best:940712 next:[485547,940711] pseudo_costs [skipped_logs=3]
#Bound  10.08s best:940712 next:[485717,940711] pseudo_costs [skipped_logs=3]
#Bound  10.90s best:940712 next:[486457,940711] objective_lb_search_max_lp [skipped_logs=2]
#Bound  11.75s best:940712 next:[487092,940711] objective_lb_search_max_lp [skipped_logs=3]
#Bound  12.94s best:940712 next:[487470,940711] objective_lb_search_max_lp [skipped_logs=0]
#Bound  13.93s best:940712 next:[487613,940711] objective_lb_search_max_lp [skipped_logs=3]
#Bound  14.88s best:940712 next:[487980,940711] objective_lb_search_max_lp [skipped_logs=3]
#Bound  15.67s best:940712 next:[488072,940711] objective_lb_search_max_lp [skipped_logs=2]
#Bound  16.96s best:940712 next:[488247,940711] objective_lb_search_max_lp [skipped_logs=2]
#Bound  17.83s best:940712 next:[488342,940711] objective_lb_search_max_lp [skipped_logs=2]
#Model  18.30s var:1497/1498 constraints:2464/2466
#Bound  18.97s best:940712 next:[488371,940711] objective_lb_search_max_lp [skipped_logs=1]
#Bound  19.73s best:940712 next:[488385,940711] objective_lb_search_max_lp [skipped_logs=1]
#Bound  20.75s best:940712 next:[488456,940711] objective_lb_search_max_lp [skipped_logs=2]
#Bound  21.93s best:940712 next:[488580,940711] objective_lb_search_max_lp [skipped_logs=4]
#18     23.00s best:938523 next:[488661,938522] quick_restart_no_lp (fixed_bools=215/2312)
#Bound  22.45s best:940712 next:[488661,940711] objective_lb_search_max_lp [skipped_logs=1]
#19     23.67s best:937775 next:[489834,937774] quick_restart_no_lp (fixed_bools=225/2329)
#Bound  23.94s best:937775 next:[489941,937774] objective_lb_search_max_lp [skipped_logs=3]
#Bound  24.89s best:937775 next:[490121,937774] objective_lb_search_max_lp [skipped_logs=3]
#Bound  25.79s best:937775 next:[490279,937774] objective_lb_search_max_lp [skipped_logs=3]
#Bound  26.98s best:937775 next:[490536,937774] objective_lb_search_max_lp [skipped_logs=4]
#Bound  27.77s best:937775 next:[490587,937774] objective_lb_search_max_lp [skipped_logs=2]
#Bound  28.93s best:937775 next:[490674,937774] objective_lb_search_max_lp [skipped_logs=3]
#Bound  29.97s best:937775 next:[490790,937774] objective_lb_search_max_lp [skipped_logs=3]
#Bound  30.64s best:937775 next:[490842,937774] objective_lb_search_max_lp [skipped_logs=1]
#Bound  31.72s best:937775 next:[490970,937774] objective_lb_search_max_lp [skipped_logs=1]
#Bound  32.87s best:937775 next:[491003,937774] objective_lb_search_max_lp [skipped_logs=3]
#Bound  34.01s best:937775 next:[491026,937774] objective_lb_search_max_lp
#Bound  34.82s best:937775 next:[491078,937774] objective_lb_search_max_lp [skipped_logs=1]
#Bound  35.89s best:937775 next:[491132,937774] objective_lb_search_max_lp [skipped_logs=2]
#Bound  36.81s best:937775 next:[491194,937774] objective_lb_search_max_lp [skipped_logs=2]
#Bound  37.52s best:937775 next:[491234,937774] objective_lb_search_max_lp [skipped_logs=1]
#Bound  39.02s best:937775 next:[491317,937774] objective_lb_search_max_lp [skipped_logs=3]
#Bound  39.95s best:937775 next:[491378,937774] objective_lb_search_max_lp [skipped_logs=2]
#Bound  40.79s best:937775 next:[491432,937774] objective_lb_search_max_lp [skipped_logs=2]
#Bound  41.90s best:937775 next:[491527,937774] objective_lb_search_max_lp [skipped_logs=2]
#Bound  42.86s best:937775 next:[491534,937774] objective_lb_search_max_lp [skipped_logs=1]
#Bound  43.67s best:937775 next:[491563,937774] objective_lb_search_max_lp [skipped_logs=1]
#Bound  44.87s best:937775 next:[491658,937774] objective_lb_search_max_lp [skipped_logs=3]
#Bound  45.80s best:937775 next:[491695,937774] objective_lb_search_max_lp [skipped_logs=3]
#Bound  46.43s best:937775 next:[491735,937774] objective_lb_search_max_lp [skipped_logs=2]
#Bound  47.90s best:937775 next:[491774,937774] objective_lb_search_max_lp [skipped_logs=2]
#Bound  49.01s best:937775 next:[491811,937774] objective_lb_search_max_lp [skipped_logs=2]
#Bound  49.57s best:937775 next:[491820,937774] objective_lb_search_max_lp [skipped_logs=1]
#Bound  51.02s best:937775 next:[491868,937774] objective_lb_search_max_lp [skipped_logs=3]
#Bound  51.83s best:937775 next:[491900,937774] objective_lb_search_max_lp [skipped_logs=2]
#Bound  52.91s best:937775 next:[491933,937774] objective_lb_search_max_lp [skipped_logs=3]
#Bound  53.81s best:937775 next:[491939,937774] objective_lb_search_max_lp [skipped_logs=0]
#Bound  54.42s best:937775 next:[491948,937774] objective_lb_search_max_lp [skipped_logs=1]
#Bound  55.80s best:937775 next:[491951,937774] objective_lb_search_max_lp [skipped_logs=1]
#Bound  56.14s best:937775 next:[491952,937774] objective_lb_search_max_lp [skipped_logs=0]
#Bound  57.98s best:937775 next:[491965,937774] objective_lb_search_max_lp [skipped_logs=3]
#Bound  58.91s best:937775 next:[492000,937774] objective_lb_search_max_lp [skipped_logs=2]
#Bound  59.49s best:937775 next:[492006,937774] objective_lb_search_max_lp [skipped_logs=1]
#Bound  60.98s best:937775 next:[492019,937774] objective_lb_search_max_lp [skipped_logs=3]
#Bound  61.55s best:937775 next:[492029,937774] objective_lb_search_max_lp [skipped_logs=0]
#Bound  62.83s best:937775 next:[492089,937774] objective_lb_search_max_lp [skipped_logs=4]
#Bound  63.50s best:937775 next:[492094,937774] objective_lb_search_max_lp [skipped_logs=2]
#Bound  64.85s best:937775 next:[492099,937774] objective_lb_search_max_lp [skipped_logs=1]
#Model  65.74s var:1496/1498 constraints:2464/2466
#Bound  65.59s best:937775 next:[492103,937774] objective_lb_search_max_lp [skipped_logs=1]
#Bound  66.86s best:937775 next:[492111,937774] objective_lb_search_max_lp [skipped_logs=2]
#Bound  67.75s best:937775 next:[492112,937774] objective_lb_search_max_lp [skipped_logs=0]
#Bound  68.78s best:937775 next:[492124,937774] objective_lb_search_max_lp [skipped_logs=2]
#Bound  70.01s best:937775 next:[492170,937774] objective_lb_search_max_lp [skipped_logs=3]
#Bound  70.78s best:937775 next:[492182,937774] objective_lb_search_max_lp [skipped_logs=1]
#Bound  71.84s best:937775 next:[492195,937774] objective_lb_search_max_lp [skipped_logs=1]
#Bound  72.98s best:937775 next:[492205,937774] objective_lb_search_max_lp [skipped_logs=2]
#Bound  74.01s best:937775 next:[492220,937774] objective_lb_search_max_lp [skipped_logs=2]
#Bound  74.89s best:937775 next:[492234,937774] objective_lb_search_max_lp [skipped_logs=2]
#Bound  75.73s best:937775 next:[492239,937774] objective_lb_search_max_lp [skipped_logs=2]
#Bound  81.34s best:937775 next:[492247,937774] objective_lb_search_max_lp
#Bound  81.60s best:937775 next:[492255,937774] objective_lb_search_max_lp
#Bound  81.97s best:937775 next:[492262,937774] objective_lb_search_max_lp
#Bound  82.25s best:937775 next:[492264,937774] objective_lb_search_max_lp
#Bound  82.57s best:937775 next:[492266,937774] objective_lb_search_max_lp
#Bound  82.93s best:937775 next:[492271,937774] objective_lb_search_max_lp
#Bound  83.28s best:937775 next:[492274,937774] objective_lb_search_max_lp
#Bound  83.94s best:937775 next:[492288,937774] objective_lb_search_max_lp [skipped_logs=2]
#Bound  84.81s best:937775 next:[492293,937774] objective_lb_search_max_lp [skipped_logs=1]
#Bound  85.97s best:937775 next:[492308,937774] objective_lb_search_max_lp [skipped_logs=3]
#Bound  86.90s best:937775 next:[492338,937774] objective_lb_search_max_lp [skipped_logs=3]
#Bound  88.00s best:937775 next:[492356,937774] objective_lb_search_max_lp [skipped_logs=3]
#Bound  88.83s best:937775 next:[492360,937774] objective_lb_search_max_lp [skipped_logs=1]
#Bound  89.91s best:937775 next:[492368,937774] objective_lb_search_max_lp [skipped_logs=3]
#Bound  90.94s best:937775 next:[492388,937774] objective_lb_search_max_lp [skipped_logs=2]
#Bound  92.03s best:937775 next:[492461,937774] objective_lb_search_max_lp [skipped_logs=4]
#Bound  92.25s best:937775 next:[492462,937774] objective_lb_search_max_lp [skipped_logs=0]
#Bound  93.89s best:937775 next:[492465,937774] objective_lb_search_max_lp [skipped_logs=1]
#Bound  95.04s best:937775 next:[492482,937774] objective_lb_search_max_lp [skipped_logs=3]
#Bound  95.70s best:937775 next:[492510,937774] objective_lb_search_max_lp [skipped_logs=1]
#Bound  96.88s best:937775 next:[492539,937774] objective_lb_search_max_lp [skipped_logs=3]
#Bound  97.83s best:937775 next:[492566,937774] objective_lb_search_max_lp [skipped_logs=1]
#Bound  98.97s best:937775 next:[492577,937774] objective_lb_search_max_lp [skipped_logs=2]
#Model  99.07s var:1495/1498 constraints:2463/2466
#Bound  99.64s best:937775 next:[492609,937774] objective_lb_search_max_lp [skipped_logs=0]
#Bound 100.94s best:937775 next:[492617,937774] objective_lb_search_max_lp [skipped_logs=2]
#Bound 101.88s best:937775 next:[492622,937774] objective_lb_search_max_lp [skipped_logs=2]
#Bound 102.98s best:937775 next:[492641,937774] objective_lb_search_max_lp [skipped_logs=3]
#Bound 103.86s best:937775 next:[492648,937774] objective_lb_search_max_lp [skipped_logs=2]
#Bound 104.92s best:937775 next:[492657,937774] objective_lb_search_max_lp [skipped_logs=2]
#Bound 105.97s best:937775 next:[492699,937774] objective_lb_search_max_lp [skipped_logs=2]
#Bound 107.01s best:937775 next:[492709,937774] objective_lb_search_max_lp [skipped_logs=2]
#Bound 107.62s best:937775 next:[492714,937774] objective_lb_search_max_lp [skipped_logs=1]
#Bound 108.80s best:937775 next:[492715,937774] objective_lb_search_max_lp [skipped_logs=0]
#Bound 110.00s best:937775 next:[492718,937774] objective_lb_search_max_lp [skipped_logs=2]
#Bound 111.04s best:937775 next:[492724,937774] objective_lb_search_max_lp [skipped_logs=1]
#Bound 111.85s best:937775 next:[492726,937774] objective_lb_search_max_lp [skipped_logs=0]
#Bound 112.38s best:937775 next:[492727,937774] objective_lb_search_max_lp [skipped_logs=0]
#Bound 114.04s best:937775 next:[492729,937774] objective_lb_search_max_lp
#Bound 114.27s best:937775 next:[492730,937774] objective_lb_search_max_lp [skipped_logs=0]
#Bound 115.66s best:937775 next:[492735,937774] objective_lb_search_max_lp [skipped_logs=1]
#Bound 116.79s best:937775 next:[492741,937774] objective_lb_search_max_lp [skipped_logs=2]
#Bound 117.69s best:937775 next:[492745,937774] objective_lb_search_max_lp [skipped_logs=2]
#Bound 118.33s best:937775 next:[492746,937774] objective_lb_search_max_lp [skipped_logs=0]
#Bound 119.14s best:937775 next:[492747,937774] objective_lb_search_max_lp [skipped_logs=0]
#Bound 120.65s best:937775 next:[492807,937774] objective_lb_search_max_lp [skipped_logs=2]
#Bound 122.02s best:937775 next:[492819,937774] objective_lb_search_max_lp [skipped_logs=1]
#Bound 122.98s best:937775 next:[492825,937774] objective_lb_search_max_lp [skipped_logs=1]
#Bound 123.98s best:937775 next:[492840,937774] objective_lb_search_max_lp [skipped_logs=3]
#Bound 124.96s best:937775 next:[492858,937774] objective_lb_search_max_lp [skipped_logs=2]
#Bound 125.88s best:937775 next:[492896,937774] objective_lb_search_max_lp [skipped_logs=1]
#Bound 126.89s best:937775 next:[492898,937774] objective_lb_search_max_lp [skipped_logs=0]
#Bound 127.99s best:937775 next:[492909,937774] objective_lb_search_max_lp [skipped_logs=2]
#Bound 128.85s best:937775 next:[492913,937774] objective_lb_search_max_lp [skipped_logs=1]
#Bound 129.77s best:937775 next:[492925,937774] objective_lb_search_max_lp [skipped_logs=1]
#Bound 130.52s best:937775 next:[492970,937774] objective_lb_search_max_lp [skipped_logs=1]
#Bound 131.98s best:937775 next:[493000,937774] objective_lb_search_max_lp [skipped_logs=2]
#Bound 132.75s best:937775 next:[493006,937774] objective_lb_search_max_lp [skipped_logs=1]
#Bound 134.01s best:937775 next:[493017,937774] objective_lb_search_max_lp [skipped_logs=1]
#Bound 134.51s best:937775 next:[493023,937774] objective_lb_search_max_lp [skipped_logs=1]
#Bound 135.74s best:937775 next:[493072,937774] objective_lb_search_max_lp [skipped_logs=2]
#Bound 136.93s best:937775 next:[493209,937774] lb_tree_search [skipped_logs=3]
#Bound 137.92s best:937775 next:[493619,937774] lb_tree_search [skipped_logs=6]
#Bound 138.98s best:937775 next:[495643,937774] lb_tree_search [skipped_logs=5]
#Bound 140.01s best:937775 next:[496414,937774] lb_tree_search [skipped_logs=6]
#Bound 141.09s best:937775 next:[496556,937774] lb_tree_search [skipped_logs=5]
#Bound 141.56s best:937775 next:[496612,937774] lb_tree_search [skipped_logs=2]
#Bound 142.90s best:937775 next:[496768,937774] lb_tree_search [skipped_logs=3]
#Bound 143.79s best:937775 next:[496800,937774] lb_tree_search [skipped_logs=2]
#Bound 145.02s best:937775 next:[496814,937774] lb_tree_search [skipped_logs=1]
#Bound 145.93s best:937775 next:[496885,937774] lb_tree_search [skipped_logs=2]
#Bound 146.91s best:937775 next:[496939,937774] lb_tree_search [skipped_logs=3]
#Bound 147.94s best:937775 next:[497042,937774] lb_tree_search [skipped_logs=3]
#Bound 148.97s best:937775 next:[497080,937774] lb_tree_search [skipped_logs=3]
#Bound 149.60s best:937775 next:[497086,937774] lb_tree_search [skipped_logs=1]
#Bound 150.90s best:937775 next:[497133,937774] lb_tree_search [skipped_logs=1]
#Bound 151.90s best:937775 next:[497213,937774] lb_tree_search [skipped_logs=6]
#Bound 152.97s best:937775 next:[497351,937774] lb_tree_search [skipped_logs=6]
#Bound 153.69s best:937775 next:[503346,937774] objective_lb_search [skipped_logs=3]
#Bound 175.46s best:937775 next:[503347,937774] probing_max_lp
#Bound 175.73s best:937775 next:[503371,937774] probing_max_lp
#Bound 176.24s best:937775 next:[503434,937774] probing_max_lp
#Bound 176.57s best:937775 next:[503435,937774] probing_max_lp
#Bound 177.60s best:937775 next:[503446,937774] probing_max_lp
#Bound 177.88s best:937775 next:[503604,937774] probing_max_lp
#Bound 177.96s best:937775 next:[503617,937774] probing_max_lp
#Bound 178.78s best:937775 next:[503696,937774] probing_max_lp
#Bound 179.02s best:937775 next:[503702,937774] probing_max_lp
#Bound 181.56s best:937775 next:[503714,937774] probing_max_lp
#Bound 181.93s best:937775 next:[503828,937774] probing_max_lp
#Bound 182.34s best:937775 next:[503867,937774] probing_max_lp
#Bound 182.68s best:937775 next:[503877,937774] probing_max_lp
#Bound 183.09s best:937775 next:[503887,937774] probing_max_lp
#Bound 184.25s best:937775 next:[503889,937774] probing_max_lp
#Bound 184.57s best:937775 next:[503966,937774] probing_max_lp
#Bound 184.89s best:937775 next:[503967,937774] probing_max_lp
#Bound 185.84s best:937775 next:[503969,937774] probing_max_lp
#Bound 186.22s best:937775 next:[503973,937774] probing_max_lp
#Bound 186.35s best:937775 next:[503976,937774] probing_max_lp
#Bound 187.46s best:937775 next:[503977,937774] probing_max_lp
#Bound 187.97s best:937775 next:[503978,937774] probing_max_lp
#Bound 188.43s best:937775 next:[504051,937774] probing_max_lp
#Bound 191.27s best:937775 next:[504052,937774] probing_max_lp
#Bound 191.74s best:937775 next:[504056,937774] probing_max_lp
#Bound 192.05s best:937775 next:[504060,937774] probing_max_lp
#Bound 192.39s best:937775 next:[504082,937774] probing_max_lp
#Bound 192.72s best:937775 next:[504114,937774] probing_max_lp
#Bound 194.01s best:937775 next:[504122,937774] probing_max_lp
#Bound 194.14s best:937775 next:[504129,937774] probing_max_lp
#Bound 194.73s best:937775 next:[504133,937774] probing_max_lp
#Bound 195.04s best:937775 next:[504134,937774] probing_max_lp
#Bound 196.62s best:937775 next:[504135,937774] probing_max_lp
#Bound 199.81s best:937775 next:[504143,937774] probing_max_lp
#Bound 200.77s best:937775 next:[504144,937774] probing_max_lp
#Bound 201.16s best:937775 next:[504146,937774] probing_max_lp
#Bound 201.87s best:937775 next:[504147,937774] probing_max_lp
#Bound 202.61s best:937775 next:[504148,937774] probing_max_lp
#Bound 202.68s best:937775 next:[504149,937774] probing_max_lp
#Bound 203.35s best:937775 next:[504150,937774] probing_max_lp
#Bound 204.96s best:937775 next:[504151,937774] probing_max_lp
#Bound 206.55s best:937775 next:[504152,937774] probing_max_lp
#Bound 206.90s best:937775 next:[504153,937774] probing_max_lp
#Bound 208.70s best:937775 next:[504154,937774] probing_max_lp
#Bound 209.23s best:937775 next:[504155,937774] probing_max_lp
#Bound 210.25s best:937775 next:[504159,937774] probing_max_lp
#Bound 210.67s best:937775 next:[504160,937774] probing_max_lp
#Bound 211.41s best:937775 next:[504161,937774] probing_max_lp
#Bound 211.66s best:937775 next:[504162,937774] probing_max_lp
#Bound 211.95s best:937775 next:[504163,937774] probing_max_lp
#Bound 212.32s best:937775 next:[504177,937774] probing_max_lp
#Bound 212.97s best:937775 next:[504178,937774] probing_max_lp
#Bound 213.68s best:937775 next:[504179,937774] probing_max_lp
#Bound 214.68s best:937775 next:[504181,937774] probing_max_lp
#Bound 215.44s best:937775 next:[504182,937774] probing_max_lp
#Bound 215.96s best:937775 next:[504185,937774] probing_max_lp
#Bound 219.20s best:937775 next:[504186,937774] probing_max_lp
#Bound 219.97s best:937775 next:[504202,937774] probing_max_lp
#Bound 220.28s best:937775 next:[504203,937774] probing_max_lp
#Bound 221.20s best:937775 next:[504204,937774] probing_max_lp
#Bound 221.77s best:937775 next:[504206,937774] probing_max_lp
#Bound 223.65s best:937775 next:[504207,937774] probing_max_lp
#Bound 226.50s best:937775 next:[504208,937774] probing_max_lp
#Bound 226.81s best:937775 next:[504209,937774] probing_max_lp
#Bound 227.13s best:937775 next:[504210,937774] probing_max_lp
#Bound 228.63s best:937775 next:[504212,937774] probing_max_lp
#Bound 229.19s best:937775 next:[504213,937774] probing_max_lp
#Bound 230.03s best:937775 next:[504214,937774] probing_max_lp
#Bound 231.35s best:937775 next:[504215,937774] probing_max_lp
#Bound 233.24s best:937775 next:[504216,937774] probing_max_lp
#Bound 237.48s best:937775 next:[504217,937774] probing_max_lp
#Bound 239.06s best:937775 next:[504220,937774] probing_max_lp
#Bound 241.01s best:937775 next:[504221,937774] probing_max_lp
#Bound 242.37s best:937775 next:[504222,937774] probing_max_lp
#Bound 243.65s best:937775 next:[504223,937774] probing_max_lp
#Bound 245.52s best:937775 next:[504224,937774] probing_max_lp
#Bound 251.11s best:937775 next:[504228,937774] probing_max_lp
#Bound 259.11s best:937775 next:[504229,937774] probing_max_lp
#Bound 263.47s best:937775 next:[504231,937774] lb_tree_search
#Bound 264.02s best:937775 next:[504232,937774] lb_tree_search
#Bound 264.65s best:937775 next:[504233,937774] lb_tree_search
#Bound 265.13s best:937775 next:[504234,937774] lb_tree_search
#Bound 266.36s best:937775 next:[504235,937774] lb_tree_search
#Bound 267.26s best:937775 next:[504237,937774] lb_tree_search
#Bound 267.99s best:937775 next:[504238,937774] lb_tree_search
#Bound 271.53s best:937775 next:[504239,937774] lb_tree_search
#Bound 275.23s best:937775 next:[504240,937774] lb_tree_search
#Bound 277.98s best:937775 next:[504241,937774] lb_tree_search
#Bound 279.00s best:937775 next:[504242,937774] lb_tree_search
#Bound 279.76s best:937775 next:[504243,937774] lb_tree_search
#Bound 281.23s best:937775 next:[504244,937774] lb_tree_search
#Bound 282.36s best:937775 next:[504246,937774] lb_tree_search
#Bound 282.85s best:937775 next:[504251,937774] objective_lb_search_max_lp
#Bound 283.68s best:937775 next:[504255,937774] objective_lb_search_max_lp
#Bound 284.07s best:937775 next:[504256,937774] objective_lb_search_max_lp
#Bound 284.53s best:937775 next:[504257,937774] objective_lb_search_max_lp
#Bound 285.21s best:937775 next:[504274,937774] lb_tree_search
#Bound 285.62s best:937775 next:[504280,937774] lb_tree_search
#Bound 286.60s best:937775 next:[504281,937774] lb_tree_search
#Bound 288.00s best:937775 next:[504282,937774] lb_tree_search
#Bound 289.50s best:937775 next:[504283,937774] lb_tree_search
#Bound 290.02s best:937775 next:[504287,937774] lb_tree_search
#Bound 290.69s best:937775 next:[504290,937774] lb_tree_search
#Bound 292.06s best:937775 next:[504292,937774] lb_tree_search
#Bound 293.02s best:937775 next:[504299,937774] lb_tree_search
#Bound 293.81s best:937775 next:[504300,937774] lb_tree_search
#Bound 294.16s best:937775 next:[504301,937774] lb_tree_search
#Bound 294.71s best:937775 next:[504303,937774] lb_tree_search
#Bound 296.22s best:937775 next:[504304,937774] lb_tree_search
#Bound 297.29s best:937775 next:[504305,937774] lb_tree_search
#Bound 300.51s best:937775 next:[504306,937774] lb_tree_search
#Bound 301.84s best:937775 next:[504307,937774] lb_tree_search
#Bound 322.90s best:937775 next:[504309,937774] lb_tree_search
#Bound 324.46s best:937775 next:[504310,937774] lb_tree_search
#Bound 325.70s best:937775 next:[504313,937774] lb_tree_search
#Bound 326.01s best:937775 next:[504314,937774] lb_tree_search
#Bound 326.91s best:937775 next:[504319,937774] lb_tree_search
#Bound 327.57s best:937775 next:[504321,937774] lb_tree_search
#Bound 328.40s best:937775 next:[504324,937774] lb_tree_search
#Bound 330.34s best:937775 next:[504328,937774] lb_tree_search
#Bound 330.97s best:937775 next:[504334,937774] lb_tree_search
#Bound 331.50s best:937775 next:[504343,937774] lb_tree_search
#Bound 332.10s best:937775 next:[504344,937774] lb_tree_search
#Bound 334.51s best:937775 next:[504386,937774] lb_tree_search
#Bound 336.45s best:937775 next:[504387,937774] lb_tree_search
#Bound 337.84s best:937775 next:[504389,937774] lb_tree_search
#Bound 338.59s best:937775 next:[504390,937774] lb_tree_search
#Bound 339.46s best:937775 next:[504392,937774] lb_tree_search
#Bound 340.10s best:937775 next:[504393,937774] lb_tree_search
#Bound 340.88s best:937775 next:[504396,937774] lb_tree_search
#Bound 341.54s best:937775 next:[504398,937774] lb_tree_search
#Bound 342.21s best:937775 next:[504399,937774] lb_tree_search
#Bound 342.93s best:937775 next:[504403,937774] lb_tree_search
#Bound 343.32s best:937775 next:[504404,937774] lb_tree_search
#Bound 344.45s best:937775 next:[504408,937774] lb_tree_search
#Bound 344.77s best:937775 next:[504409,937774] lb_tree_search
#Bound 345.48s best:937775 next:[504411,937774] lb_tree_search
#Bound 347.06s best:937775 next:[504412,937774] lb_tree_search
#Bound 357.35s best:937775 next:[504413,937774] lb_tree_search
#Bound 412.39s best:937775 next:[504414,937774] max_lp
#Bound 413.76s best:937775 next:[504415,937774] max_lp
#Bound 415.20s best:937775 next:[504416,937774] max_lp
#Bound 420.79s best:937775 next:[504417,937774] max_lp
#Bound 443.05s best:937775 next:[504418,937774] max_lp
#Bound 445.76s best:937775 next:[504441,937774] max_lp
#Bound 449.49s best:937775 next:[504447,937774] max_lp
#Bound 452.19s best:937775 next:[504448,937774] max_lp
#Bound 454.04s best:937775 next:[504470,937774] max_lp
#Bound 454.51s best:937775 next:[504471,937774] max_lp
#Bound 456.17s best:937775 next:[504472,937774] max_lp
#Bound 458.80s best:937775 next:[504491,937774] max_lp
#Bound 462.26s best:937775 next:[504494,937774] max_lp
#Bound 464.84s best:937775 next:[504495,937774] max_lp
#Bound 466.28s best:937775 next:[504496,937774] max_lp
#Bound 467.63s best:937775 next:[504497,937774] max_lp
#Bound 475.68s best:937775 next:[504498,937774] max_lp
#Bound 478.70s best:937775 next:[504499,937774] max_lp
#Bound 481.17s best:937775 next:[504500,937774] max_lp
#Bound 523.42s best:937775 next:[504501,937774] max_lp
#Bound 535.29s best:937775 next:[504502,937774] max_lp
#Bound 670.98s best:937775 next:[504503,937774] max_lp
#Bound 784.85s best:937775 next:[504504,937774] max_lp
#Bound 785.33s best:937775 next:[504564,937774] max_lp
#Bound 787.00s best:937775 next:[504573,937774] max_lp
#Bound 787.48s best:937775 next:[504578,937774] max_lp
#Bound 788.00s best:937775 next:[504586,937774] max_lp
#Bound 788.53s best:937775 next:[504587,937774] max_lp
#Bound 789.57s best:937775 next:[504591,937774] max_lp
#Bound 790.28s best:937775 next:[504592,937774] max_lp
#Bound 866.45s best:937775 next:[504593,937774] max_lp
#Bound 868.15s best:937775 next:[504610,937774] max_lp
#Bound 868.47s best:937775 next:[504669,937774] max_lp
#Bound 868.75s best:937775 next:[504679,937774] max_lp
#Bound 869.03s best:937775 next:[504680,937774] max_lp
#Bound 869.40s best:937775 next:[504681,937774] max_lp
#Bound 869.63s best:937775 next:[504682,937774] max_lp
#Bound 869.99s best:937775 next:[504703,937774] max_lp
#Bound 870.98s best:937775 next:[504720,937774] max_lp
#Bound 871.39s best:937775 next:[504723,937774] max_lp
#Bound 871.90s best:937775 next:[504725,937774] max_lp
#Bound 872.19s best:937775 next:[504726,937774] max_lp
#Bound 872.79s best:937775 next:[504746,937774] max_lp
#Bound 873.32s best:937775 next:[504753,937774] max_lp
#Bound 874.57s best:937775 next:[504759,937774] max_lp
#Bound 874.88s best:937775 next:[504765,937774] max_lp
#Bound 875.52s best:937775 next:[504770,937774] max_lp
#Bound 880.70s best:937775 next:[504774,937774] max_lp
#Bound 881.26s best:937775 next:[504776,937774] max_lp
#Bound 881.80s best:937775 next:[504777,937774] max_lp
#Bound 882.27s best:937775 next:[504783,937774] max_lp
#Bound 882.80s best:937775 next:[504805,937774] max_lp
#Bound 883.41s best:937775 next:[504819,937774] max_lp
#Bound 884.00s best:937775 next:[504820,937774] max_lp
#Bound 885.67s best:937775 next:[504821,937774] max_lp
#Bound 886.82s best:937775 next:[504823,937774] max_lp
#Bound 887.71s best:937775 next:[504824,937774] max_lp
#Bound 888.54s best:937775 next:[504825,937774] max_lp
#Bound 889.81s best:937775 next:[504828,937774] max_lp
#Bound 891.25s best:937775 next:[504830,937774] max_lp
#Bound 893.14s best:937775 next:[504831,937774] max_lp
#Bound 899.45s best:937775 next:[504832,937774] max_lp
#Bound 900.07s best:937775 next:[504836,937774] max_lp
#Bound 901.33s best:937775 next:[504843,937774] max_lp
#Bound 903.25s best:937775 next:[504848,937774] max_lp
#Bound 904.50s best:937775 next:[504849,937774] max_lp
#Bound 912.96s best:937775 next:[504851,937774] max_lp
#Bound 916.44s best:937775 next:[504852,937774] max_lp
#Bound 925.15s best:937775 next:[504853,937774] max_lp
#Bound 926.23s best:937775 next:[504854,937774] max_lp
#Bound 931.35s best:937775 next:[504855,937774] max_lp
#Bound 943.70s best:937775 next:[504856,937774] max_lp
#Bound 967.25s best:937775 next:[504857,937774] max_lp
#Bound 974.81s best:937775 next:[504858,937774] max_lp
#Bound 979.38s best:937775 next:[504859,937774] max_lp
#Bound 985.10s best:937775 next:[504861,937774] max_lp
#Bound 988.17s best:937775 next:[504862,937774] max_lp
#Bound 990.20s best:937775 next:[504865,937774] max_lp
#Bound 997.81s best:937775 next:[504866,937774] max_lp
#Bound 1000.55s best:937775 next:[504885,937774] max_lp
#Bound 1000.80s best:937775 next:[504893,937774] max_lp
#Bound 1002.11s best:937775 next:[504901,937774] max_lp
#Bound 1002.84s best:937775 next:[504915,937774] max_lp
#Bound 1004.57s best:937775 next:[504916,937774] max_lp
#Bound 1004.85s best:937775 next:[504922,937774] max_lp
#Bound 1005.20s best:937775 next:[504923,937774] max_lp
#Bound 1005.62s best:937775 next:[504930,937774] max_lp
#Bound 1006.80s best:937775 next:[504933,937774] max_lp
#Bound 1007.66s best:937775 next:[504941,937774] max_lp
#Bound 1010.70s best:937775 next:[504948,937774] max_lp
#Bound 1011.60s best:937775 next:[504949,937774] max_lp
#Bound 1012.26s best:937775 next:[504959,937774] max_lp
#Bound 1013.96s best:937775 next:[504995,937774] max_lp
#Bound 1015.06s best:937775 next:[505005,937774] max_lp
#Bound 1015.77s best:937775 next:[505028,937774] max_lp
#Bound 1017.97s best:937775 next:[505029,937774] max_lp
#Bound 1019.55s best:937775 next:[505033,937774] max_lp
#Bound 1021.04s best:937775 next:[505034,937774] max_lp
#Bound 1024.15s best:937775 next:[505035,937774] max_lp
#Bound 1024.61s best:937775 next:[505036,937774] max_lp
#Bound 1025.81s best:937775 next:[505037,937774] max_lp
#Bound 1031.77s best:937775 next:[505038,937774] max_lp
#Bound 1032.28s best:937775 next:[505039,937774] max_lp
#Bound 1033.74s best:937775 next:[505082,937774] max_lp
#Bound 1038.17s best:937775 next:[505093,937774] max_lp
#Bound 1038.87s best:937775 next:[505098,937774] max_lp
#Bound 1039.90s best:937775 next:[505105,937774] max_lp
#Bound 1040.63s best:937775 next:[505121,937774] max_lp
#Bound 1042.00s best:937775 next:[505125,937774] max_lp
#Bound 1046.66s best:937775 next:[505126,937774] max_lp
#20    1075.86s best:935828 next:[505126,935827] quick_restart_no_lp (fixed_bools=527/3107)
#Bound 1620.47s best:935828 next:[505127,935827] lb_tree_search
#Bound 1624.59s best:935828 next:[505128,935827] lb_tree_search
#Bound 1625.36s best:935828 next:[505131,935827] lb_tree_search
#Bound 1626.88s best:935828 next:[505162,935827] lb_tree_search
#Bound 1627.61s best:935828 next:[505167,935827] lb_tree_search
#Bound 1627.95s best:935828 next:[505174,935827] lb_tree_search
#Bound 1628.44s best:935828 next:[505190,935827] lb_tree_search
#Bound 1628.96s best:935828 next:[505191,935827] lb_tree_search
#Bound 1629.60s best:935828 next:[505199,935827] lb_tree_search
#Bound 1630.89s best:935828 next:[505205,935827] lb_tree_search
#Bound 1631.71s best:935828 next:[505207,935827] lb_tree_search
#Bound 1632.40s best:935828 next:[505208,935827] lb_tree_search
#Bound 1633.35s best:935828 next:[505209,935827] lb_tree_search
#Bound 1634.62s best:935828 next:[505210,935827] lb_tree_search
#Bound 1635.39s best:935828 next:[505211,935827] lb_tree_search
#Bound 1637.59s best:935828 next:[505212,935827] lb_tree_search
#Bound 1638.79s best:935828 next:[505213,935827] lb_tree_search
#Bound 1641.50s best:935828 next:[505214,935827] lb_tree_search
#21    2057.29s best:934112 next:[505214,934111] quick_restart_no_lp (fixed_bools=637/3521)
#Bound 2089.44s best:934112 next:[505215,934111] lb_tree_search
#Bound 3048.25s best:934112 next:[505216,934111] lb_tree_search
#Bound 3050.15s best:934112 next:[505218,934111] lb_tree_search
#Bound 3050.80s best:934112 next:[505222,934111] lb_tree_search
#Bound 3051.24s best:934112 next:[505272,934111] lb_tree_search
#Bound 3051.51s best:934112 next:[505273,934111] lb_tree_search
#Bound 3051.85s best:934112 next:[505277,934111] lb_tree_search
#Bound 3052.22s best:934112 next:[505283,934111] lb_tree_search
#Bound 3053.38s best:934112 next:[505284,934111] lb_tree_search
#Bound 3053.92s best:934112 next:[505292,934111] lb_tree_search
#Bound 3054.38s best:934112 next:[505298,934111] lb_tree_search
#Bound 3054.75s best:934112 next:[505301,934111] lb_tree_search
#Bound 3055.64s best:934112 next:[505304,934111] lb_tree_search
#Bound 3056.60s best:934112 next:[505305,934111] lb_tree_search
#Bound 3056.95s best:934112 next:[505306,934111] lb_tree_search
#Bound 3057.39s best:934112 next:[505346,934111] lb_tree_search
#Bound 3058.03s best:934112 next:[505354,934111] lb_tree_search
#Bound 3058.60s best:934112 next:[505362,934111] lb_tree_search
#Bound 3059.15s best:934112 next:[505366,934111] lb_tree_search
#Bound 3059.66s best:934112 next:[505370,934111] lb_tree_search
#Bound 3060.18s best:934112 next:[505371,934111] lb_tree_search
#Bound 3060.74s best:934112 next:[505372,934111] lb_tree_search
#Bound 3061.92s best:934112 next:[505373,934111] lb_tree_search
#Bound 3064.38s best:934112 next:[505374,934111] lb_tree_search
#Bound 3164.59s best:934112 next:[505376,934111] lb_tree_search
#Bound 3164.96s best:934112 next:[505377,934111] lb_tree_search
#Bound 3165.70s best:934112 next:[505379,934111] lb_tree_search
#Bound 3167.43s best:934112 next:[505381,934111] lb_tree_search
#Bound 3168.15s best:934112 next:[505382,934111] lb_tree_search
#Bound 3168.91s best:934112 next:[505383,934111] lb_tree_search
#Bound 3169.78s best:934112 next:[505387,934111] lb_tree_search
#Bound 3170.78s best:934112 next:[505388,934111] lb_tree_search
#Bound 3171.67s best:934112 next:[505389,934111] lb_tree_search
#Bound 3172.90s best:934112 next:[505390,934111] lb_tree_search
#Bound 3176.26s best:934112 next:[505391,934111] lb_tree_search
#Bound 3265.71s best:934112 next:[505392,934111] lb_tree_search
#22    3479.82s best:933551 next:[505392,933550] quick_restart_no_lp (fixed_bools=657/3911)
#23    3505.99s best:932968 next:[505392,932967] quick_restart_no_lp (fixed_bools=657/4016)
#Bound 3923.35s best:932968 next:[505393,932967] lb_tree_search
#24    11377.82s best:931351 next:[505393,931350] quick_restart_no_lp (fixed_bools=729/5603)
#25    12790.77s best:930185 next:[505393,930184] quick_restart_no_lp (fixed_bools=775/6918)
#26    14248.78s best:928007 next:[505393,928006] quick_restart_no_lp (fixed_bools=839/7787)
#27    16578.96s best:927208 next:[505393,927207] objective_lb_search_no_lp (fixed_bools=841/9062)
#28    16578.99s best:910209 next:[505393,910208] objective_lb_search_no_lp (fixed_bools=841/9066)
#29    16579.00s best:909942 next:[505393,909941] objective_lb_search_no_lp (fixed_bools=841/9067)
#30    16579.04s best:872562 next:[505393,872561] objective_lb_search_no_lp (fixed_bools=841/9112)
#Model 16582.72s var:1492/1498 constraints:2448/2466
#Model 16582.92s var:1491/1498 constraints:2445/2466
#31    16666.47s best:871528 next:[505393,871527] quick_restart_no_lp (fixed_bools=1290/10453)
#32    16905.30s best:870219 next:[505393,870218] quick_restart_no_lp (fixed_bools=1360/10693)
#33    19977.87s best:867788 next:[505393,867787] quick_restart_no_lp (fixed_bools=1395/11537)
#34    19984.80s best:866171 next:[505393,866170] quick_restart_no_lp (fixed_bools=1395/11572)

Task timing                                  n [     min,      max]      avg      dev     time         n [     min,      max]      avg      dev    dtime
                             'core':         1 [   6.00h,    6.00h]    6.00h   0.00ns    6.00h         1 [   5.34h,    5.34h]    5.34h   0.00ns    5.34h
                       'default_lp':         1 [   6.00h,    6.00h]    6.00h   0.00ns    6.00h         1 [  37.64m,   37.64m]   37.64m   0.00ns   37.64m
                 'feasibility_pump':         7 [ 61.32ms,    1.10s] 799.61ms 352.26ms    5.60s         6 [235.33ms, 415.18ms] 368.82ms  62.43ms    2.21s
                  'fj_long_default':         1 [141.61ms, 141.61ms] 141.61ms   0.00ns 141.61ms         1 [ 30.24ms,  30.24ms]  30.24ms   0.00ns  30.24ms
              'fj_long_lin_default':         2 [ 62.44ms, 116.89ms]  89.67ms  27.22ms 179.34ms         2 [ 14.65ms,  19.93ms]  17.29ms   2.64ms  34.58ms
                   'fj_long_random':         1 [119.80ms, 119.80ms] 119.80ms   0.00ns 119.80ms         1 [ 24.12ms,  24.12ms]  24.12ms   0.00ns  24.12ms
                 'fj_short_default':         2 [ 71.35ms, 114.39ms]  92.87ms  21.52ms 185.74ms         2 [ 17.73ms,  18.62ms]  18.17ms 444.34us  36.34ms
             'fj_short_lin_default':         2 [ 92.19ms, 114.42ms] 103.30ms  11.12ms 206.60ms         2 [ 20.28ms,  20.79ms]  20.54ms 253.40us  41.07ms
              'fj_short_lin_random':         2 [ 55.79ms,  88.52ms]  72.16ms  16.36ms 144.31ms         2 [ 14.01ms,  14.44ms]  14.23ms 214.47us  28.46ms
                  'fj_short_random':         2 [ 55.16ms,  93.22ms]  74.19ms  19.03ms 148.38ms         2 [ 13.63ms,  15.46ms]  14.55ms 918.16us  29.09ms
                        'fs_random':         1 [198.91ms, 198.91ms] 198.91ms   0.00ns 198.91ms         1 [ 20.00ns,  20.00ns]  20.00ns   0.00ns  20.00ns
                        'fs_random':         1 [199.32ms, 199.32ms] 199.32ms   0.00ns 199.32ms         1 [ 20.00ns,  20.00ns]  20.00ns   0.00ns  20.00ns
                  'fs_random_no_lp':         1 [184.91ms, 184.91ms] 184.91ms   0.00ns 184.91ms         0 [  0.00ns,   0.00ns]   0.00ns   0.00ns   0.00ns
                  'fs_random_no_lp':         1 [186.76ms, 186.76ms] 186.76ms   0.00ns 186.76ms         0 [  0.00ns,   0.00ns]   0.00ns   0.00ns   0.00ns
          'fs_random_quick_restart':         1 [192.50ms, 192.50ms] 192.50ms   0.00ns 192.50ms         1 [ 20.00ns,  20.00ns]  20.00ns   0.00ns  20.00ns
          'fs_random_quick_restart':         1 [202.18ms, 202.18ms] 202.18ms   0.00ns 202.18ms         1 [ 20.00ns,  20.00ns]  20.00ns   0.00ns  20.00ns
    'fs_random_quick_restart_no_lp':         1 [186.15ms, 186.15ms] 186.15ms   0.00ns 186.15ms         0 [  0.00ns,   0.00ns]   0.00ns   0.00ns   0.00ns
                    'graph_arc_lns':         6 [218.68ms,    6.00h]    1.00h    2.24h    6.00h         6 [ 10.00ns, 106.23ms]  84.43ms  37.82ms 506.56ms
                    'graph_cst_lns':         6 [227.44ms,    6.00h]    1.00h    2.24h    6.00h         6 [ 10.00ns, 100.20ms]  83.43ms  37.31ms 500.55ms
                    'graph_dec_lns':         6 [291.06ms,    6.00h]    3.00h    2.97h   18.00h         4 [ 30.00ns, 100.26ms]  75.07ms  43.34ms 300.27ms
                    'graph_var_lns':         6 [276.81ms,    6.00h]    2.00h    2.83h   12.00h         5 [ 20.00ns, 100.57ms]  80.17ms  40.08ms 400.84ms
                   'lb_tree_search':         1 [   6.00h,    6.00h]    6.00h   0.00ns    6.00h         1 [  24.81m,   24.81m]   24.81m   0.00ns   24.81m
                           'max_lp':         1 [   6.00h,    6.00h]    6.00h   0.00ns    6.00h         1 [  39.13m,   39.13m]   39.13m   0.00ns   39.13m
                            'no_lp':         1 [   6.00h,    6.00h]    6.00h   0.00ns    6.00h         1 [   4.99h,    4.99h]    4.99h   0.00ns    4.99h
              'objective_lb_search':         1 [   6.00h,    6.00h]    6.00h   0.00ns    6.00h         1 [  39.94m,   39.94m]   39.94m   0.00ns   39.94m
       'objective_lb_search_max_lp':         1 [   6.00h,    6.00h]    6.00h   0.00ns    6.00h         1 [  25.55m,   25.55m]   25.55m   0.00ns   25.55m
        'objective_lb_search_no_lp':         1 [   6.00h,    6.00h]    6.00h   0.00ns    6.00h         1 [   5.03h,    5.03h]    5.03h   0.00ns    5.03h
  'objective_shaving_search_max_lp':        13 [  7.84ms,  84.15ms]  14.07ms  20.24ms 182.95ms         0 [  0.00ns,   0.00ns]   0.00ns   0.00ns   0.00ns
   'objective_shaving_search_no_lp':         7 [  5.44ms,  84.92ms]  27.52ms  24.20ms 192.65ms         0 [  0.00ns,   0.00ns]   0.00ns   0.00ns   0.00ns
                          'probing':         1 [   6.00h,    6.00h]    6.00h   0.00ns    6.00h         1 [  38.36m,   38.36m]   38.36m   0.00ns   38.36m
                   'probing_max_lp':         1 [   6.00h,    6.00h]    6.00h   0.00ns    6.00h         1 [  40.13m,   40.13m]   40.13m   0.00ns   40.13m
                     'pseudo_costs':         1 [   6.00h,    6.00h]    6.00h   0.00ns    6.00h         1 [   3.73h,    3.73h]    3.73h   0.00ns    3.73h
                    'quick_restart':         1 [   6.00h,    6.00h]    6.00h   0.00ns    6.00h         1 [  39.48m,   39.48m]   39.48m   0.00ns   39.48m
              'quick_restart_no_lp':         1 [   6.00h,    6.00h]    6.00h   0.00ns    6.00h         1 [   3.79h,    3.79h]    3.79h   0.00ns    3.79h
                    'reduced_costs':         1 [   6.00h,    6.00h]    6.00h   0.00ns    6.00h         1 [   1.92h,    1.92h]    1.92h   0.00ns    1.92h
                        'rins/rens':         7 [432.74ms,    6.00h]    2.57h    2.97h   18.00h         5 [ 80.00ns, 100.45ms]  80.16ms  40.08ms 400.80ms
                      'rnd_cst_lns':         7 [320.14ms,    6.00h]    4.27h    2.70h   29.90h         3 [  4.35us, 100.03ms]  66.68ms  47.15ms 200.04ms
                      'rnd_var_lns':         7 [162.42ms,    6.00h]    2.59h    2.96h   18.10h         5 [ 30.00ns, 100.11ms]  80.03ms  40.01ms 400.14ms
                     'violation_ls':         7 [273.82us,  53.95ms]  15.06ms  21.13ms 105.42ms         7 [  6.26us,  16.57ms]   4.41ms   6.72ms  30.89ms
                     'violation_ls':         7 [322.97us, 122.43ms]  28.35ms  41.13ms 198.47ms         7 [ 11.60us,  36.48ms]   8.13ms  12.47ms  56.92ms
                     'violation_ls':         7 [348.77us,  39.90ms]  12.59ms  15.72ms  88.14ms         7 [ 13.03us,  14.67ms]   3.79ms   5.76ms  26.50ms

Search stats                         Bools  Conflicts     Branches     Restarts      BoolPropag   IntegerPropag
                           'core':  18'951  3'227'621  239'514'498   87'149'603  41'835'704'439  18'485'455'989
                     'default_lp':   1'757         37       87'623       48'497       4'046'351       8'551'198
                      'fs_random':   1'245          0        1'608        1'608          35'067         122'228
                      'fs_random':   1'245          0        1'616        1'616          35'190         123'154
                'fs_random_no_lp':   1'245          0        1'624        1'624          35'336         124'051
                'fs_random_no_lp':   1'245          0        1'676        1'676          35'612         125'789
        'fs_random_quick_restart':   1'245          0        1'460        1'460          32'519         110'575
        'fs_random_quick_restart':   1'245          0        1'580        1'580          34'633         120'253
  'fs_random_quick_restart_no_lp':   1'245          0        1'694        1'694          35'958         126'984
                 'lb_tree_search':   1'757         54       51'239       30'129       2'451'448       5'145'279
                         'max_lp':   1'757         47       33'518       21'181       1'661'676       3'485'877
                          'no_lp':  15'663  1'493'773  224'486'343   96'261'183  42'353'177'265  20'559'511'656
            'objective_lb_search':   1'757         54       86'590       48'006       3'979'461       8'450'817
     'objective_lb_search_max_lp':   1'757         30       60'909       35'050       2'894'121       6'063'282
      'objective_lb_search_no_lp':  13'527    996'643  210'094'455   96'087'446  35'389'272'384  20'720'935'519
                        'probing':   1'757         29       82'102       46'002       3'797'876       8'022'524
                 'probing_max_lp':   1'757         55       35'311       22'347       1'757'875       3'688'594
                   'pseudo_costs':   1'757         27       14'700       11'665         754'744       1'606'756
                  'quick_restart':   1'757         34       87'604       48'516       4'048'621       8'554'539
            'quick_restart_no_lp':  12'359  1'274'839  333'808'696  106'632'375  23'817'540'572  23'441'908'104
                  'reduced_costs':   1'757         25        5'779        5'779         216'306         503'383

SAT stats                           ClassicMinim  LitRemoved   LitLearned  LitForgotten  Subsumed  MClauses  MDecisions  MLitTrue  MSubsumed  MLitRemoved  MReused
                           'core':     3'059'529  35'174'945  856'370'723   816'976'875    75'437    21'017   6'763'944         0      1'856      366'009   17'327
                     'default_lp':             6          12           43             0         0         0           0         0          0            0        0
                      'fs_random':             0           0            0             0         0         0           0         0          0            0        0
                      'fs_random':             0           0            0             0         0         0           0         0          0            0        0
                'fs_random_no_lp':             0           0            0             0         0         0           0         0          0            0        0
                'fs_random_no_lp':             0           0            0             0         0         0           0         0          0            0        0
        'fs_random_quick_restart':             0           0            0             0         0         0           0         0          0            0        0
        'fs_random_quick_restart':             0           0            0             0         0         0           0         0          0            0        0
  'fs_random_quick_restart_no_lp':             0           0            0             0         0         0           0         0          0            0        0
                 'lb_tree_search':             0           0           55             0         0         0           0         0          0            0        0
                         'max_lp':             0           0           47             0         0         0           0         0          0            0        0
                          'no_lp':     1'381'832  15'507'930  412'757'331   382'749'014    50'725     8'927   6'484'632         0      1'619      395'922   17'524
            'objective_lb_search':             5          10           59             0         0         0           0         0          0            0        0
     'objective_lb_search_max_lp':             3           4           33             0         0         0           0         0          0            0        0
      'objective_lb_search_no_lp':       916'503  10'210'447  300'785'958   279'323'917    34'715    11'159   5'726'045         0      1'771      548'336   11'761
                        'probing':             1           1           30             0         0         0           0         0          0            0        0
                 'probing_max_lp':             0           0           55             0         0         0           0         0          0            0        0
                   'pseudo_costs':             0           0           27             0         0         0           0         0          0            0        0
                  'quick_restart':             4           9           38             0         0         0           0         0          0            0        0
            'quick_restart_no_lp':     1'067'035  10'350'091  481'194'074   433'165'613    93'143    12'492   8'528'071        11      1'989      700'666   19'694
                  'reduced_costs':             0           0           25             0         0         0           0         0          0            0        0

Lp stats                         Component  Iterations  AddedCuts  OPTIMAL  DUAL_F.  DUAL_U.
                  'default_lp':          1  10'496'301  3'764'901  270'073        5        1
                   'fs_random':          1           0          0        0        0        0
                   'fs_random':          1           0          0        0        0        0
     'fs_random_quick_restart':          1           0          0        0        0        0
     'fs_random_quick_restart':          1           0          0        0        0        0
              'lb_tree_search':          1   5'024'398    996'251   99'203   27'612        3
                      'max_lp':          1   9'483'621    839'298   69'336   18'288        0
         'objective_lb_search':          1  11'272'394  4'499'981  266'460        5        1
  'objective_lb_search_max_lp':          1   4'659'177    990'375  116'236   33'531        1
                     'probing':          1  10'363'881  4'027'957  255'215        9        1
              'probing_max_lp':          1   9'366'267    858'162   80'558   16'341        1
                'pseudo_costs':          1  31'042'893    426'142   20'491    7'901        0
               'quick_restart':          1  10'968'107  4'275'108  270'082        6        1
               'reduced_costs':          1  10'077'864  3'890'657   17'798    5'425        0

Lp dimension                                                                         Final dimension of first component
                  'default_lp':   2944 rows, 1497 columns, 25257 entries with magnitude in [2.328924e-05, 1.000000e+00]
                   'fs_random':          0 rows, 1497 columns, 0 entries with magnitude in [0.000000e+00, 0.000000e+00]
                   'fs_random':          0 rows, 1497 columns, 0 entries with magnitude in [0.000000e+00, 0.000000e+00]
     'fs_random_quick_restart':          0 rows, 1497 columns, 0 entries with magnitude in [0.000000e+00, 0.000000e+00]
     'fs_random_quick_restart':          0 rows, 1497 columns, 0 entries with magnitude in [0.000000e+00, 0.000000e+00]
              'lb_tree_search':   2022 rows, 1498 columns, 37083 entries with magnitude in [3.474621e-05, 1.000000e+00]
                      'max_lp':   1840 rows, 1498 columns, 33128 entries with magnitude in [1.384306e-05, 1.000000e+00]
         'objective_lb_search':   2997 rows, 1497 columns, 36651 entries with magnitude in [3.042295e-06, 1.000000e+00]
  'objective_lb_search_max_lp':   1566 rows, 1498 columns, 25886 entries with magnitude in [2.858203e-05, 1.000000e+00]
                     'probing':   2911 rows, 1497 columns, 38049 entries with magnitude in [4.904955e-06, 1.000000e+00]
              'probing_max_lp':   1927 rows, 1498 columns, 37202 entries with magnitude in [8.579100e-06, 1.000000e+00]
                'pseudo_costs':  3225 rows, 1498 columns, 213126 entries with magnitude in [2.541809e-06, 1.000000e+00]
               'quick_restart':   3724 rows, 1497 columns, 25731 entries with magnitude in [5.542809e-05, 1.000000e+00]
               'reduced_costs':   611 rows, 1498 columns, 104526 entries with magnitude in [1.265194e-05, 1.000000e+00]

Lp debug                         CutPropag  CutEqPropag   Adjust  Overflow          Bad  BadScaling
                  'default_lp':          2        1'189    3'475         0  136'153'611           0
                   'fs_random':          0            0        0         0            0           0
                   'fs_random':          0            0        0         0            0           0
     'fs_random_quick_restart':          0            0        0         0            0           0
     'fs_random_quick_restart':          0            0        0         0            0           0
              'lb_tree_search':         18        2'758  126'299         0  104'545'240           0
                      'max_lp':         19          421   86'461         0   75'778'877           0
         'objective_lb_search':          1        1'189    3'910         0  136'778'642           0
  'objective_lb_search_max_lp':          9          241  149'160         0  130'800'990           0
                     'probing':          0          700    2'530         0  133'617'523           0
              'probing_max_lp':         46          175   95'247         0   76'902'307           0
                'pseudo_costs':          5          136   27'622         0   27'124'383           0
               'quick_restart':          0        1'241    3'286         0  137'864'750           0
               'reduced_costs':          9           77   22'768         0   23'565'446           0

Lp pool                          Constraints  Updates  Simplif  Merged  Shortened   Split  Strenghtened            Cuts/Call
                  'default_lp':       12'003   36'503   16'595      25      1'246   5'532       192'840  3'764'901/6'489'852
                   'fs_random':        2'127        0        0       0          0       0             0                  0/0
                   'fs_random':        2'127        0        0       0          0       0             0                  0/0
     'fs_random_quick_restart':        2'127        0        0       0          0       0             0                  0/0
     'fs_random_quick_restart':        2'127        0        0       0          0       0             0                  0/0
              'lb_tree_search':       11'702   25'577   51'167      14      3'312  84'096       160'333    996'251/2'193'515
                      'max_lp':       11'743   22'298   34'319      20      5'106  66'341       113'897    839'298/2'048'083
         'objective_lb_search':       12'059   34'598   16'211      49      2'230   4'259       203'876  4'499'981/7'739'712
  'objective_lb_search_max_lp':       11'832   38'508   19'949       8      5'306  65'406       182'757    990'375/2'074'614
                     'probing':       12'038   37'539   14'429      46        941   5'991       182'817  4'027'957/7'048'088
              'probing_max_lp':       11'593   21'810   77'553      34      1'659  29'201       183'641    858'162/6'482'600
                'pseudo_costs':       11'568   23'400   11'508      39        241  25'439        53'139    426'142/1'815'429
               'quick_restart':       11'195   37'219   14'267      40      1'458   6'020       198'315  4'275'108/7'423'528
               'reduced_costs':      613'764   20'150  203'572     358    179'373  17'604       230'795  3'890'657/6'389'762

Lp Cut             defaul   max_lp   quick_     reduce   pseudo   lb_tre   probin     object   probin   object
          CG_FF:  117'415   10'772  134'390     65'833    8'676   19'772  123'762    143'805   18'807   12'216
           CG_K:    2'734    2'893    3'065      3'866    1'865    4'519    2'766      3'098    3'610    1'860
          CG_KL:       20        -       30          1        -        3       15         24        7        5
           CG_R:  151'680   40'076  138'027    366'787    9'860   52'162  123'166    134'121   39'213   28'064
          CG_RB:  825'708  302'906  898'633  1'549'939  141'932  287'362  853'221    950'064  293'250  348'874
         CG_RBP:    2'165   49'581    2'650    547'229   33'119  126'488    2'559      3'163   12'156   14'059
         Clique:        -   10'745        -      5'914    2'981   15'185        -          -   14'015   17'986
             IB:  754'680   66'563  864'763     27'171   23'563   75'665  789'562    864'139   72'856   88'809
       MIR_1_FF:  735'180   26'105  914'604     28'884   16'255   33'900  886'765  1'015'874   29'202   42'124
        MIR_1_K:    4'632    2'074    5'871      1'934      799    2'716    5'109      5'668    2'113    2'967
       MIR_1_KL:    1'097       25    1'106        437        5      141      925      1'067       97      257
        MIR_1_R:   12'878   27'389   12'700     36'403    4'042   15'073   15'304     14'052   23'193    3'480
       MIR_1_RB:  521'083   95'319  586'251    186'108   49'173  103'917  559'638    624'037  117'651  135'692
      MIR_1_RBP:    1'081    2'633    1'329     47'686    3'989   21'489    1'203      1'436    2'407    5'084
      MIR_1_RLT:        -       49        -         32       43      116        -          -      100       99
       MIR_2_FF:   52'505    5'498   76'007     31'619    2'676    6'793   73'082     84'168    5'769    7'310
        MIR_2_K:    1'446    1'138    1'909      1'073      433    1'212    1'721      1'729      921    1'431
       MIR_2_KL:      203        8      186         72        2       55      180        180       27       67
        MIR_2_R:    5'094    7'718    6'433    185'710    8'280    6'010    6'017      6'672    5'699    3'438
       MIR_2_RB:   84'649   69'481   98'843    433'127   52'753   54'643   96'777    103'046   49'565   71'028
      MIR_2_RBP:      430    6'603      629    180'677    7'241   18'101      519        633    1'035    2'669
       MIR_3_FF:   10'170    2'497   16'617      3'759    1'217    3'419   15'723     19'580    3'152    4'593
        MIR_3_K:    1'072      995    1'331        712      465    1'304    1'178      1'455    1'128    2'340
       MIR_3_KL:      214       10      257         19        -      138      222        250       26      142
        MIR_3_R:   18'228    2'405   18'538     16'667    2'485    5'087   16'804     18'931    5'323    6'513
       MIR_3_RB:   81'745   20'224   89'751     53'164   11'837   22'716   84'001     94'419   25'853   30'270
      MIR_3_RBP:      290    1'279      387     12'512    1'417    2'546      398        410      620    1'445
       MIR_4_FF:    4'191    2'091    6'484      1'567    1'029    2'602    6'238      7'025    2'703    3'292
        MIR_4_K:      471      708      611        485      280    1'062      534        601      841    1'378
       MIR_4_KL:       61        2       61         68        1       41       35         45       14       41
        MIR_4_R:    4'195      956    4'323      5'473    1'291    2'042    3'873      4'047    1'727    2'250
       MIR_4_RB:   46'168   14'685   51'841     21'881    7'493   16'188   48'293     54'044   21'186   23'952
      MIR_4_RBP:      191      552      245      5'987      735    1'371      227        241      476      902
       MIR_5_FF:    2'225    2'090    2'908        909      797    2'916    2'909      3'060    3'026    3'540
        MIR_5_K:      270      733      377        371      305    1'206      306        313      902    1'656
       MIR_5_KL:       37        2       37         44        1       49       21         28       17       87
        MIR_5_R:    2'155      823    2'226      4'008      925    1'547    2'225      2'330    1'341    1'472
       MIR_5_RB:   30'942   12'628   35'834     22'069    5'636   14'829   33'089     36'948   20'248   21'304
      MIR_5_RBP:      126      432      146      7'575      508    1'360      151        185      427      919
       MIR_6_FF:    1'028    1'615    1'346        637      807    2'564    1'400      1'481    2'185    2'389
        MIR_6_K:      111      577      153        266      295    1'121      137        152      706    1'086
       MIR_6_KL:        9        3        5          8        3       55        8          5       10       53
        MIR_6_R:    1'077      689    1'201      1'610      679    1'478    1'047      1'227    1'205    1'748
       MIR_6_RB:   19'697    9'182   23'053     12'512    3'773   10'959   21'126     24'028   13'767   15'996
      MIR_6_RBP:       91      370       96      3'158      381      973      105        128      414      704
   ZERO_HALF_FF:   18'488    2'705   22'415      1'512    1'297    4'749   21'170     21'753    4'201    5'380
    ZERO_HALF_K:      647      320      673        165      155      359      685        734      381      656
   ZERO_HALF_KL:        4        -        9          -        -        -        3          3        -        -
    ZERO_HALF_R:  175'193   25'509  173'288      6'176   10'566   36'865  154'962    173'346   43'035   55'551
   ZERO_HALF_RB:   70'795    7'259   73'021      5'480    3'735    9'296   68'324     75'878   10'841   12'476
  ZERO_HALF_RBP:      330      381      448      1'361      342    2'087      472        358      714      721

LNS stats           Improv/Calls  Closed  Difficulty  TimeLimit
  'graph_arc_lns':           3/6     50%        0.53       0.10
  'graph_cst_lns':           2/6     50%        0.56       0.10
  'graph_dec_lns':           4/6      0%        0.04       0.10
  'graph_var_lns':           5/6     33%        0.31       0.10
      'rins/rens':           7/7     14%        0.07       0.10
    'rnd_cst_lns':           5/7      0%        0.03       0.10
    'rnd_var_lns':           4/7     29%        0.23       0.10

LS stats                   Batches  Restarts  LinMoves  GenMoves  CompoundMoves  WeightUpdates
       'fj_long_default':        1         1     9'044         0              0            956
   'fj_long_lin_default':        2         1         0     7'223            615             73
        'fj_long_random':        1         1     8'003         0              0          1'030
      'fj_short_default':        2         1         0     5'320            566              5
  'fj_short_lin_default':        2         1         0     7'314            854             35
   'fj_short_lin_random':        2         1         0     5'529            737             47
       'fj_short_random':        2         1         0     5'981            893             49
          'violation_ls':        7         0        19     7'958            611            174
          'violation_ls':        7         0        26     9'780            269            304
          'violation_ls':        7         0     9'451     2'245            122            606

Solutions (34)                  Num     Rank
             'fj_long_random':    1    [1,1]
              'graph_arc_lns':    2  [12,16]
  'objective_lb_search_no_lp':    4  [27,30]
        'quick_restart_no_lp':   13  [18,34]
              'rins_pump_lns':    1  [17,17]
               'violation_ls':   13   [2,15]

Objective bounds                      Num
                   'initial_domain':    1
                   'lb_tree_search':  188
                           'max_lp':  110
              'objective_lb_search':    1
       'objective_lb_search_max_lp':  338
  'objective_shaving_search_max_lp':   13
                   'probing_max_lp':   78
                     'pseudo_costs':   25
                    'quick_restart':    2
                    'reduced_costs':    2

Solution repositories    Added  Queried  Ignored  Synchro
  'feasible solutions':    114      116        0      113
        'lp solutions':      0        0        0        0
                'pump':     80        7

Improving bounds shared          Num
                        'core':  430
                  'default_lp':   20
             'fs_random_no_lp':    4
              'lb_tree_search':    9
                      'max_lp':   36
                       'no_lp':  995
         'objective_lb_search':   93
  'objective_lb_search_max_lp':   21
   'objective_lb_search_no_lp':  525
                     'probing':   17
              'probing_max_lp':   69
                'pseudo_costs':    6
               'quick_restart':   37
         'quick_restart_no_lp':  514
               'reduced_costs':    2

Clauses shared                     Num
                        'core':  1'237
                  'default_lp':      6
              'lb_tree_search':      1
                       'no_lp':  1'713
         'objective_lb_search':      6
  'objective_lb_search_max_lp':      3
   'objective_lb_search_no_lp':  1'259
                     'probing':      1
               'quick_restart':      4
         'quick_restart_no_lp':  1'878

CpSolverResponse summary:
status: FEASIBLE
objective: 866171
best_bound: 505393
integers: 1499
booleans: 1245
conflicts: 0
branches: 1624
propagations: 35336
integer_propagations: 124051
restarts: 1624
lp_iterations: 0
walltime: 21601.6
usertime: 21601.6
deterministic_time: 106423
gap_integral: 1.36179e+06
solution_fingerprint: 0x25ca793fdb8c18a9

CPU USED: 32
Loading /home/aneumann/projects/def-adhaj/aneumann/gns/data/instances/test/l/instance_170.pkl...
===* START SOLVING *===
   index    value       gap  ... max_time  cpu  max_memory
0    170  8661.71  0.416521  ...        6   32         118

[1 rows x 8 columns]
===* END OF FILE *===
