created virtual environment CPython3.12.4.final.0-64 in 1702ms
  creator CPython3Posix(dest=/local/aneumann.27429371.0/env, clear=False, no_vcs_ignore=False, global=False)
  seeder FromAppData(download=False, pip=bundle, via=copy, app_data_dir=/home/aneumann/.local/share/virtualenv)
    added seed packages: pip==24.0
  activators BashActivator,CShellActivator,FishActivator,NushellActivator,PowerShellActivator,PythonActivator
Looking in links: /cvmfs/soft.computecanada.ca/custom/python/wheelhouse/gentoo2023/x86-64-v3, /cvmfs/soft.computecanada.ca/custom/python/wheelhouse/gentoo2023/generic, /cvmfs/soft.computecanada.ca/custom/python/wheelhouse/generic
Requirement already satisfied: pip in /local/aneumann.27429371.0/env/lib/python3.12/site-packages (24.0)
Processing /cvmfs/soft.computecanada.ca/custom/python/wheelhouse/generic/pip-24.2+computecanada-py3-none-any.whl
Installing collected packages: pip
  Attempting uninstall: pip
    Found existing installation: pip 24.0
    Uninstalling pip-24.0:
      Successfully uninstalled pip-24.0
Successfully installed pip-24.2+computecanada
Looking in links: /cvmfs/soft.computecanada.ca/custom/python/wheelhouse/gentoo2023/x86-64-v3, /cvmfs/soft.computecanada.ca/custom/python/wheelhouse/gentoo2023/generic, /cvmfs/soft.computecanada.ca/custom/python/wheelhouse/generic
ERROR: protobuf-5.28.3-cp38-abi3-manylinux2014_x86_64.whl is not a supported wheel on this platform.
Looking in links: /cvmfs/soft.computecanada.ca/custom/python/wheelhouse/gentoo2023/x86-64-v3, /cvmfs/soft.computecanada.ca/custom/python/wheelhouse/gentoo2023/generic, /cvmfs/soft.computecanada.ca/custom/python/wheelhouse/generic
Processing /home/aneumann/projects/def-adhaj/aneumann/gns/wheels/immutabledict-4.2.0-py3-none-any.whl
Installing collected packages: immutabledict
Successfully installed immutabledict-4.2.0
Looking in links: /cvmfs/soft.computecanada.ca/custom/python/wheelhouse/gentoo2023/x86-64-v3, /cvmfs/soft.computecanada.ca/custom/python/wheelhouse/gentoo2023/generic, /cvmfs/soft.computecanada.ca/custom/python/wheelhouse/generic
Processing /cvmfs/soft.computecanada.ca/custom/python/wheelhouse/generic/ortools-9.10.4067+computecanada-cp312-cp312-linux_x86_64.whl (from -r /home/aneumann/projects/def-adhaj/aneumann/gns/requirements_or.txt (line 1))
Processing /cvmfs/soft.computecanada.ca/custom/python/wheelhouse/gentoo2023/x86-64-v3/pandas-2.2.2+computecanada-cp312-cp312-linux_x86_64.whl (from -r /home/aneumann/projects/def-adhaj/aneumann/gns/requirements_or.txt (line 2))
Processing /cvmfs/soft.computecanada.ca/custom/python/wheelhouse/generic/absl_py-2.1.0+computecanada-py3-none-any.whl (from ortools->-r /home/aneumann/projects/def-adhaj/aneumann/gns/requirements_or.txt (line 1))
Processing /cvmfs/soft.computecanada.ca/custom/python/wheelhouse/gentoo2023/generic/numpy-2.1.1+computecanada-cp312-cp312-linux_x86_64.whl (from ortools->-r /home/aneumann/projects/def-adhaj/aneumann/gns/requirements_or.txt (line 1))
Processing /cvmfs/soft.computecanada.ca/custom/python/wheelhouse/gentoo2023/x86-64-v3/protobuf-5.28.0+computecanada-cp312-cp312-linux_x86_64.whl (from ortools->-r /home/aneumann/projects/def-adhaj/aneumann/gns/requirements_or.txt (line 1))
Requirement already satisfied: immutabledict>=3.0.0 in /local/aneumann.27429371.0/env/lib/python3.12/site-packages (from ortools->-r /home/aneumann/projects/def-adhaj/aneumann/gns/requirements_or.txt (line 1)) (4.2.0)
Processing /cvmfs/soft.computecanada.ca/custom/python/wheelhouse/generic/python_dateutil-2.9.0.post0+computecanada-py2.py3-none-any.whl (from pandas->-r /home/aneumann/projects/def-adhaj/aneumann/gns/requirements_or.txt (line 2))
Processing /cvmfs/soft.computecanada.ca/custom/python/wheelhouse/generic/pytz-2024.2+computecanada-py2.py3-none-any.whl (from pandas->-r /home/aneumann/projects/def-adhaj/aneumann/gns/requirements_or.txt (line 2))
Processing /cvmfs/soft.computecanada.ca/custom/python/wheelhouse/generic/tzdata-2024.2+computecanada-py2.py3-none-any.whl (from pandas->-r /home/aneumann/projects/def-adhaj/aneumann/gns/requirements_or.txt (line 2))
Processing /cvmfs/soft.computecanada.ca/custom/python/wheelhouse/generic/six-1.16.0+computecanada-py2.py3-none-any.whl (from python-dateutil>=2.8.2->pandas->-r /home/aneumann/projects/def-adhaj/aneumann/gns/requirements_or.txt (line 2))
Installing collected packages: pytz, tzdata, six, protobuf, numpy, absl-py, python-dateutil, pandas, ortools
Successfully installed absl-py-2.1.0+computecanada numpy-2.1.1+computecanada ortools-9.10.4067+computecanada pandas-2.2.2+computecanada protobuf-5.28.0+computecanada python-dateutil-2.9.0.post0+computecanada pytz-2024.2+computecanada six-1.16.0+computecanada tzdata-2024.2+computecanada

Starting CP-SAT solver v9.10.4067
Parameters: max_time_in_seconds: 21600 max_memory_in_mb: 118 log_search_progress: true optimize_with_core: true cp_model_presolve: true enumerate_all_solutions: false num_search_workers: 32 use_implied_bounds: true absolute_gap_limit: 5 relative_gap_limit: 0.01 use_probing_search: true

Initial optimization model '': (model_fingerprint: 0xd754e01dd71a7b16)
#Variables: 2'473 (#bools: 24 #ints: 1 in objective)
  - 2'145 Booleans in [0,1]
  - 327 in [0,225000]
  - 1 constants in {1} 
#kBoolOr: 1'200 (#literals: 1'200)
#kLinear1: 369
#kLinear2: 6'869
#kLinear3: 1'662
#kLinearN: 376 (#terms: 5'102)

Starting presolve at 0.00s
  2.39e-03s  0.00e+00d  [DetectDominanceRelations] 
  6.10e-02s  0.00e+00d  [PresolveToFixPoint] #num_loops=13 #num_dual_strengthening=3 
  8.22e-05s  0.00e+00d  [ExtractEncodingFromLinear] #potential_supersets=184 
[Symmetry] Graph for symmetry has 8'496 nodes and 17'430 arcs.
[Symmetry] Symmetry computation done. time: 0.00242229 dtime: 0.00233126
[SAT presolve] num removable Booleans: 0 / 1323
[SAT presolve] num trivial clauses: 0
[SAT presolve] [0s] clauses:2139 literals:4278 vars:1283 one_side_vars:1252 simple_definition:31 singleton_clauses:0
[SAT presolve] [0.000230995s] clauses:2139 literals:4278 vars:1283 one_side_vars:1252 simple_definition:31 singleton_clauses:0
[SAT presolve] [0.000342817s] clauses:2139 literals:4278 vars:1283 one_side_vars:1252 simple_definition:31 singleton_clauses:0
  4.63e-01s  7.88e-02d  [Probe] #probed=3'073 #fixed_bools=77 #new_bounds=133 
  5.70e-03s  0.00e+00d  [MaxClique] Merged 2315(6778 literals) into 837(5989 literals) at_most_ones. 
  2.02e-03s  0.00e+00d  [DetectDominanceRelations] 
  1.40e-02s  0.00e+00d  [PresolveToFixPoint] #num_loops=4 #num_dual_strengthening=3 
  2.67e-03s  0.00e+00d  [ProcessAtMostOneAndLinear] #num_changes=12 
  1.87e-03s  0.00e+00d  [DetectDuplicateConstraints] #duplicates=1 #without_enforcements=2 
  4.39e-04s  1.70e-05d  [DetectDominatedLinearConstraints] #relevant_constraints=1'203 
  5.22e-04s  0.00e+00d  [DetectDifferentVariables] #different=16 
  9.00e-04s  2.23e-04d  [ProcessSetPPC] #relevant_constraints=763 #num_inclusions=648 
  6.80e-05s  0.00e+00d  [FindAlmostIdenticalLinearConstraints] 
  4.09e-03s  4.34e-03d  [FindBigAtMostOneAndLinearOverlap] 
  1.07e-03s  2.08e-03d  [FindBigVerticalLinearOverlap] 
  1.07e-04s  1.47e-04d  [FindBigHorizontalLinearOverlap] #linears=28 
  8.25e-05s  0.00e+00d  [MergeClauses] 
  2.07e-03s  0.00e+00d  [DetectDominanceRelations] 
  8.20e-03s  0.00e+00d  [PresolveToFixPoint] #num_loops=3 #num_dual_strengthening=2 
  2.17e-03s  0.00e+00d  [DetectDominanceRelations] 
  7.38e-03s  0.00e+00d  [PresolveToFixPoint] #num_loops=1 #num_dual_strengthening=1 
[Symmetry] Graph for symmetry has 6'466 nodes and 12'831 arcs.
[Symmetry] Symmetry computation done. time: 0.00128415 dtime: 0.00147337
[SAT presolve] num removable Booleans: 0 / 1244
[SAT presolve] num trivial clauses: 0
[SAT presolve] [0s] clauses:15 literals:30 vars:20 one_side_vars:16 simple_definition:4 singleton_clauses:0
[SAT presolve] [4.922e-05s] clauses:15 literals:30 vars:20 one_side_vars:16 simple_definition:4 singleton_clauses:0
[SAT presolve] [9.0657e-05s] clauses:15 literals:30 vars:20 one_side_vars:16 simple_definition:4 singleton_clauses:0
  2.20e-01s  3.68e-02d  [Probe] #probed=2'994 #new_bounds=24 
  3.32e-03s  0.00e+00d  [MaxClique] Merged 672(4888 literals) into 672(4899 literals) at_most_ones. 
  2.01e-03s  0.00e+00d  [DetectDominanceRelations] 
  9.75e-03s  0.00e+00d  [PresolveToFixPoint] #num_loops=4 #num_dual_strengthening=3 
  2.58e-03s  0.00e+00d  [ProcessAtMostOneAndLinear] 
  1.80e-03s  0.00e+00d  [DetectDuplicateConstraints] #duplicates=3 
  4.52e-04s  1.70e-05d  [DetectDominatedLinearConstraints] #relevant_constraints=1'199 
  5.50e-04s  0.00e+00d  [DetectDifferentVariables] #different=16 
  7.78e-04s  2.19e-04d  [ProcessSetPPC] #relevant_constraints=707 #num_inclusions=594 
  6.93e-05s  0.00e+00d  [FindAlmostIdenticalLinearConstraints] 
  4.04e-03s  4.34e-03d  [FindBigAtMostOneAndLinearOverlap] 
  1.08e-03s  2.08e-03d  [FindBigVerticalLinearOverlap] 
  1.07e-04s  1.42e-04d  [FindBigHorizontalLinearOverlap] #linears=27 
  7.98e-05s  0.00e+00d  [MergeClauses] 
  2.00e-03s  0.00e+00d  [DetectDominanceRelations] 
  7.41e-03s  0.00e+00d  [PresolveToFixPoint] #num_loops=1 #num_dual_strengthening=1 
  2.04e-03s  0.00e+00d  [DetectDominanceRelations] 
  7.34e-03s  0.00e+00d  [PresolveToFixPoint] #num_loops=1 #num_dual_strengthening=1 
[Symmetry] Graph for symmetry has 6'463 nodes and 12'831 arcs.
[Symmetry] Symmetry computation done. time: 0.00126187 dtime: 0.00147299
[SAT presolve] num removable Booleans: 0 / 1244
[SAT presolve] num trivial clauses: 0
[SAT presolve] [0s] clauses:15 literals:30 vars:20 one_side_vars:16 simple_definition:4 singleton_clauses:0
[SAT presolve] [4.8593e-05s] clauses:15 literals:30 vars:20 one_side_vars:16 simple_definition:4 singleton_clauses:0
[SAT presolve] [8.9347e-05s] clauses:15 literals:30 vars:20 one_side_vars:16 simple_definition:4 singleton_clauses:0
  2.10e-01s  3.54e-02d  [Probe] #probed=2'994 #new_bounds=20 
  2.66e-03s  0.00e+00d  [MaxClique] Merged 672(4894 literals) into 672(4899 literals) at_most_ones. 
  2.18e-03s  0.00e+00d  [DetectDominanceRelations] 
  9.99e-03s  0.00e+00d  [PresolveToFixPoint] #num_loops=3 #num_dual_strengthening=2 
  2.56e-03s  0.00e+00d  [ProcessAtMostOneAndLinear] 
  1.80e-03s  0.00e+00d  [DetectDuplicateConstraints] 
  4.44e-04s  1.70e-05d  [DetectDominatedLinearConstraints] #relevant_constraints=1'199 
  5.14e-04s  0.00e+00d  [DetectDifferentVariables] #different=16 
  7.79e-04s  2.19e-04d  [ProcessSetPPC] #relevant_constraints=707 #num_inclusions=594 
  7.16e-05s  0.00e+00d  [FindAlmostIdenticalLinearConstraints] 
  4.09e-03s  4.34e-03d  [FindBigAtMostOneAndLinearOverlap] 
  1.06e-03s  2.08e-03d  [FindBigVerticalLinearOverlap] 
  1.08e-04s  1.42e-04d  [FindBigHorizontalLinearOverlap] #linears=27 
  8.96e-05s  0.00e+00d  [MergeClauses] 
  2.01e-03s  0.00e+00d  [DetectDominanceRelations] 
  7.32e-03s  0.00e+00d  [PresolveToFixPoint] #num_loops=1 #num_dual_strengthening=1 
  1.53e-04s  0.00e+00d  [ExpandObjective] #entries=48 #tight_variables=24 #tight_constraints=8 

Presolve summary:
  - 66 affine relations were detected.
  - rule 'TODO dual: only one blocking constraint?' was applied 24'676 times.
  - rule 'TODO dual: only one unspecified blocking constraint?' was applied 17 times.
  - rule 'TODO dual: tighten at most one' was applied 370 times.
  - rule 'TODO linear2: contains a Boolean.' was applied 11'358 times.
  - rule 'affine: new relation' was applied 66 times.
  - rule 'at_most_one: removed literals' was applied 281 times.
  - rule 'at_most_one: singleton' was applied 1 time.
  - rule 'at_most_one: size one' was applied 110 times.
  - rule 'at_most_one: transformed into max clique.' was applied 1 time.
  - rule 'bool_and: x => x' was applied 1 time.
  - rule 'bool_or: always true' was applied 1'200 times.
  - rule 'bool_or: implications' was applied 5'661 times.
  - rule 'bool_or: singleton' was applied 12 times.
  - rule 'deductions: 427 stored' was applied 1 time.
  - rule 'dual: enforced equivalence' was applied 1 time.
  - rule 'dual: fix variable' was applied 326 times.
  - rule 'dual: fix variable with multiple choices' was applied 2 times.
  - rule 'dual: reduced domain' was applied 165 times.
  - rule 'duplicate: merged rhs of linear constraint' was applied 1 time.
  - rule 'duplicate: removed constraint' was applied 4 times.
  - rule 'duplicate: removed enforced constraint' was applied 2 times.
  - rule 'enforcement: false literal' was applied 3'473 times.
  - rule 'enforcement: literal not used' was applied 8 times.
  - rule 'linear + amo: fixed literal implied by enforcement' was applied 12 times.
  - rule 'linear1: always true' was applied 13 times.
  - rule 'linear2: contains a Boolean.' was applied 7 times.
  - rule 'linear: always true' was applied 1'429 times.
  - rule 'linear: divide by GCD' was applied 4'283 times.
  - rule 'linear: empty' was applied 152 times.
  - rule 'linear: extracted enforcement literal' was applied 578 times.
  - rule 'linear: fixed or dup variables' was applied 1'654 times.
  - rule 'linear: negative clause' was applied 2'013 times.
  - rule 'linear: positive at most one' was applied 176 times.
  - rule 'linear: positive clause' was applied 3'660 times.
  - rule 'linear: positive equal one' was applied 8 times.
  - rule 'linear: reduced variable domains' was applied 934 times.
  - rule 'linear: remapped using affine relations' was applied 2'289 times.
  - rule 'linear: simplified rhs' was applied 16'059 times.
  - rule 'linear: singleton column' was applied 18 times.
  - rule 'objective: variable not used elsewhere' was applied 1 time.
  - rule 'presolve: 872 unused variables removed.' was applied 1 time.
  - rule 'presolve: iteration' was applied 3 times.
  - rule 'setppc: removed dominated constraints' was applied 54 times.

Presolved optimization model '': (model_fingerprint: 0x9d402b6f4b5c496e)
#Variables: 1'517 (#bools: 23 #ints: 1 in objective)
  - 1'244 Booleans in [0,1]
  - 1 in [0,727]
  - 1 in [0,729]
  - 1 in [0,731]
  - 1 in [0,1463]
  - 1 in [0,1473]
  - 11 in [0,1477]
  - 2 in [0,1478]
  - 16 in [0,1479]
  - 1 in [0,1483]
  - 1 in [0,1486]
  - 1 in [0,1488]
  - 1 in [0,1489]
  - 1 in [0,1490]
  - 1 in [0,1491]
  - 1 in [0,1492]
  - 8 in [0,1493]
  - 1 in [0,7310]
  - 1 in [0,7375]
  - 14 in [0,7385]
  - 13 in [0,7395]
  - 1 in [0,7415]
  - 1 in [0,7430]
  - 1 in [0,7440]
  - 1 in [0,7445]
  - 1 in [0,7450]
  - 1 in [0,7455]
  - 1 in [0,7460]
  - 10 in [0,7465]
  - 60 in [0,225000]
  - 1 in [1,728]
  - 1 in [2,733]
  - 1 in [2,743]
  - 1 in [2,747]
  - 1 in [3,748]
  - 2 in [5,734]
  - 1 in [5,3743]
  - 1 in [6,747]
  - 1 in [8,737]
  - 1 in [12,3750]
  - 1 in [15,3740]
  - 1 in [19,3744]
  - 1 in [30,3736]
  - 1 in [38,3744]
  - 1 in [84,3732]
  - 1 in [87,3745]
  - 1 in [92,3750]
  - 2 in [94,3742]
  - 1 in [101,3749]
  - 1 in [300,218400]
  - 1 in [300,219600]
  - 1 in [300,220800]
  - 1 in [300,222000]
  - 1 in [300,223500]
  - 1 in [300,223800]
  - 2 in [300,224220]
  - 2 in [300,224340]
  - 2 in [300,224580]
  - 2 in [300,224760]
  - 2 in [300,224808]
  - 1 in [600,219900]
  - 1 in [600,220500]
  - 3 in [600,222239]
  - 1 in [600,222900]
  - 2 in [600,223740]
  - 2 in [600,223920]
  - 2 in [600,224220]
  - 2 in [900,224400]
  - 1 in [1140,224689]
  - 1 in [1151,224700]
  - 1 in [1500,220200]
  - 1 in [1500,222300]
  - 2 in [1500,223920]
  - 2 in [1500,223980]
  - 2 in [1800,224100]
  - 2 in [2093,225000]
  - 1 in [2280,224677]
  - 4 in [2290,224880]
  - 1 in [2303,224700]
  - 1 in [2400,221100]
  - 1 in [2400,222000]
  - 2 in [2400,223020]
  - 2 in [2400,223380]
  - 2 in [2400,223620]
  - 2 in [2400,223800]
  - 2 in [2681,224320]
  - 2 in [2722,224580]
  - 2 in [2766,224820]
  - 3 in [3861,224160]
  - 3 in [3900,224640]
  - 2 in [4202,225000]
  - 2 in [4559,223440]
  - 4 in [4801,224340]
  - 5 in [5040,223920]
  - 5 in [5220,224700]
  - 3 in [5640,224520]
  - 1 in [6060,224972]
  - 5 in [6088,225000]
#kAtMostOne: 657 (#literals: 4'864)
#kBoolAnd: 15 (#enforced: 15) (#literals: 30)
#kExactlyOne: 8 (#literals: 24)
#kLinear1: 3 (#enforced: 3)
#kLinear2: 716 (#enforced: 522 #multi: 12)
#kLinear3: 908
#kLinearN: 97 (#terms: 1'616)

Preloading model.
#Bound   1.11s best:inf   next:[304912,10993596] initial_domain
[Symmetry] Graph for symmetry has 5'507 nodes and 12'831 arcs.
[Symmetry] Symmetry computation done. time: 0.00116667 dtime: 0.00141068
#Model   1.11s var:1517/1517 constraints:2404/2404

Starting search at 1.11s with 32 workers.
16 full problem subsolvers: [core, default_lp, lb_tree_search, max_lp, no_lp, objective_lb_search, objective_lb_search_max_lp, objective_lb_search_no_lp, objective_shaving_search_max_lp, objective_shaving_search_no_lp, probing, probing_max_lp, pseudo_costs, quick_restart, quick_restart_no_lp, reduced_costs]
14 first solution subsolvers: [fj_long_default, fj_long_lin_default, fj_long_random, fj_short_default, fj_short_lin_default, fj_short_lin_random, fj_short_random, fs_random(2), fs_random_no_lp(2), fs_random_quick_restart(2), fs_random_quick_restart_no_lp]
11 incomplete subsolvers: [feasibility_pump, graph_arc_lns, graph_cst_lns, graph_dec_lns, graph_var_lns, rins/rens, rnd_cst_lns, rnd_var_lns, violation_ls(3)]
3 helper subsolvers: [neighborhood_helper, synchronization_agent, update_gap_integral]
#Bound   1.20s best:inf   next:[304916,10993596] objective_shaving_search_no_lp (vars=1518 csts=2431)
#Bound   1.21s best:inf   next:[304920,10993596] objective_shaving_search_no_lp (vars=1517 csts=2405)
#Bound   1.22s best:inf   next:[304924,10993596] objective_shaving_search_no_lp (vars=1517 csts=2405)
#Bound   1.23s best:inf   next:[304928,10993596] objective_shaving_search_no_lp (vars=1517 csts=2405)
#Bound   1.24s best:inf   next:[304932,10993596] objective_shaving_search_no_lp (vars=1517 csts=2405)
#Bound   1.25s best:inf   next:[304936,10993596] objective_shaving_search_no_lp (vars=1517 csts=2405)
#Bound   1.27s best:inf   next:[304940,10993596] objective_shaving_search_no_lp (vars=1517 csts=2405)
#Bound   1.27s best:inf   next:[304944,10993596] objective_shaving_search_no_lp (vars=1517 csts=2405)
#Bound   1.29s best:inf   next:[304948,10993596] objective_shaving_search_max_lp (vars=1517 csts=2405)
#Bound   1.30s best:inf   next:[304952,10993596] objective_shaving_search_max_lp (vars=1517 csts=2405)
#Bound   1.30s best:inf   next:[304956,10993596] objective_shaving_search_max_lp (vars=1517 csts=2405)
#Bound   1.32s best:inf   next:[304960,10993596] objective_shaving_search_no_lp (vars=1517 csts=2405)
#1       1.34s best:10993596 next:[304960,10993592] fj_long_default(batch:2 #lin_moves:10'136 #lin_evals:16'244 #weight_updates:1'286)
#2       1.35s best:10993548 next:[304960,10993544] violation_ls(batch:1 #solutions_imported:1 #lin_moves:0 #lin_evals:3'357 #gen_moves:65 #gen_evals:0 #comp_moves:13 #backtracks:26 #weight_updates:1)
#3       1.35s best:10993500 next:[304960,10993496] violation_ls(batch:1 #solutions_imported:1 #lin_moves:3 #lin_evals:29 #weight_updates:1)
#Bound   1.35s best:10993500 next:[304964,10993496] objective_shaving_search_no_lp (vars=1520 csts=2432)
#4       1.35s best:10993452 next:[304964,10993448] violation_ls(batch:1 #solutions_imported:1 #lin_moves:0 #lin_evals:5 #gen_moves:2 #gen_evals:0 #comp_moves:2 #backtracks:0 #weight_updates:0)
#5       1.37s best:10993404 next:[304964,10993400] violation_ls(batch:2 #solutions_imported:2 #lin_moves:0 #lin_evals:3'785 #gen_moves:74 #gen_evals:0 #comp_moves:16 #backtracks:29 #weight_updates:1)
#6       1.38s best:10993356 next:[304964,10993352] violation_ls(batch:2 #solutions_imported:2 #lin_moves:3 #lin_evals:35 #gen_moves:2 #gen_evals:0 #comp_moves:2 #backtracks:0 #weight_updates:1)
#7       1.38s best:10993308 next:[304964,10993304] violation_ls(batch:2 #solutions_imported:2 #lin_moves:3 #lin_evals:33 #gen_moves:2 #gen_evals:0 #comp_moves:2 #backtracks:0 #weight_updates:1)
#8       1.40s best:10993260 next:[304964,10993256] violation_ls(batch:3 #solutions_imported:3 #lin_moves:2 #lin_evals:3'811 #gen_moves:74 #gen_evals:0 #comp_moves:16 #backtracks:29 #weight_updates:2)
#9       1.40s best:10993212 next:[304964,10993208] violation_ls(batch:3 #solutions_imported:3 #lin_moves:6 #lin_evals:62 #gen_moves:2 #gen_evals:0 #comp_moves:2 #backtracks:0 #weight_updates:3)
#10      1.57s best:10985132 next:[304964,10985128] graph_arc_lns (d=0.50 s=65 t=0.10 p=0.00 stall=0 h=auto_l0)
#11      1.57s best:10985084 next:[304964,10985080] violation_ls(batch:4 #solutions_imported:4 #lin_moves:2 #lin_evals:3'825 #gen_moves:77 #gen_evals:0 #comp_moves:19 #backtracks:29 #weight_updates:2)
#12      1.57s best:10985036 next:[304964,10985032] violation_ls(batch:4 #solutions_imported:4 #lin_moves:5 #lin_evals:485 #gen_moves:10 #gen_evals:0 #comp_moves:4 #backtracks:3 #weight_updates:2)
#13      1.57s best:10984988 next:[304964,10984984] violation_ls(batch:4 #solutions_imported:4 #lin_moves:6 #lin_evals:722 #gen_moves:7 #gen_evals:0 #comp_moves:5 #backtracks:1 #weight_updates:3)
#Bound   1.65s best:10984988 next:[307792,10984984] max_lp
#Model   1.66s var:1516/1517 constraints:2403/2404
#14      1.77s best:10981816 next:[307792,10981812] graph_arc_lns (d=0.50 s=74 t=0.10 p=0.00 stall=0 h=auto_l0)
#15      1.80s best:10981768 next:[307792,10981764] violation_ls(batch:5 #solutions_imported:5 #lin_moves:4 #lin_evals:3'852 #gen_moves:77 #gen_evals:0 #comp_moves:19 #backtracks:29 #weight_updates:3)
#16      1.80s best:10981720 next:[307792,10981716] violation_ls(batch:5 #solutions_imported:5 #lin_moves:5 #lin_evals:490 #gen_moves:13 #gen_evals:0 #comp_moves:7 #backtracks:3 #weight_updates:2)
#17      1.80s best:10981672 next:[307792,10981668] violation_ls(batch:5 #solutions_imported:5 #lin_moves:6 #lin_evals:1'400 #gen_moves:15 #gen_evals:0 #comp_moves:7 #backtracks:4 #weight_updates:3)
#18      2.06s best:10979580 next:[307792,10979576] rnd_cst_lns (d=0.71 s=90 t=0.10 p=1.00 stall=0 h=auto_l0)
#19      2.12s best:10976360 next:[307792,10976356] graph_dec_lns (d=0.50 s=94 t=0.10 p=0.00 stall=0 h=auto_l0)
#20      2.12s best:10976312 next:[307792,10976308] violation_ls(batch:6 #solutions_imported:6 #lin_moves:4 #lin_evals:3'870 #gen_moves:80 #gen_evals:0 #comp_moves:22 #backtracks:29 #weight_updates:3)
#21      2.12s best:10976264 next:[307792,10976260] violation_ls(batch:6 #solutions_imported:6 #lin_moves:5 #lin_evals:512 #gen_moves:14 #gen_evals:0 #comp_moves:8 #backtracks:3 #weight_updates:2)
#22      2.12s best:10976216 next:[307792,10976212] violation_ls(batch:6 #solutions_imported:6 #lin_moves:9 #lin_evals:1'429 #gen_moves:15 #gen_evals:0 #comp_moves:7 #backtracks:4 #weight_updates:4)
#Model   2.50s var:1515/1517 constraints:2403/2404
#23      2.75s best:10967896 next:[307792,10967892] graph_arc_lns (d=0.43 s=110 t=0.10 p=0.40 stall=0 h=auto_l0)
#Model   2.85s var:1514/1517 constraints:2403/2404
#Model   2.95s var:1513/1517 constraints:2403/2404
#Model   3.15s var:1512/1517 constraints:2402/2404
#Model   3.66s var:1511/1517 constraints:2401/2404
#Model   3.85s var:1510/1517 constraints:2400/2404
#Model   3.96s var:1509/1517 constraints:2400/2404
#Model   5.46s var:1508/1517 constraints:2399/2404
#Model  12.67s var:1507/1517 constraints:2399/2404
#Model  13.88s var:1506/1517 constraints:2398/2404
#Model  13.98s var:1505/1517 constraints:2398/2404
#Model  15.48s var:1504/1517 constraints:2398/2404
#Bound  24.43s best:10967896 next:[307796,10967892] lb_tree_search
#Bound  24.98s best:10967896 next:[307808,10967892] lb_tree_search
#Bound  25.13s best:10967896 next:[307844,10967892] lb_tree_search
#24     25.20s best:10965140 next:[307844,10965136] quick_restart_no_lp (fixed_bools=114/2196)
#Bound  25.34s best:10965140 next:[307852,10965136] lb_tree_search
#Bound  25.60s best:10965140 next:[307888,10965136] lb_tree_search
#Bound  35.12s best:10965140 next:[307904,10965136] lb_tree_search
#Bound  35.41s best:10965140 next:[307936,10965136] lb_tree_search
#Bound  36.59s best:10965140 next:[307956,10965136] lb_tree_search
#Bound  37.13s best:10965140 next:[307984,10965136] lb_tree_search
#Model  46.21s var:1503/1517 constraints:2397/2404
#Bound  60.12s best:10965140 next:[308004,10965136] lb_tree_search
#Bound  61.00s best:10965140 next:[308032,10965136] lb_tree_search
#Bound  80.83s best:10965140 next:[308036,10965136] lb_tree_search
#Bound  81.30s best:10965140 next:[308056,10965136] lb_tree_search
#Bound  81.84s best:10965140 next:[308080,10965136] lb_tree_search
#Bound  84.18s best:10965140 next:[308084,10965136] lb_tree_search
#Bound  84.84s best:10965140 next:[308128,10965136] lb_tree_search
#Model  88.14s var:1502/1517 constraints:2395/2404
#Bound 101.70s best:10965140 next:[308132,10965136] lb_tree_search
#Bound 103.37s best:10965140 next:[308148,10965136] lb_tree_search
#Bound 103.73s best:10965140 next:[308176,10965136] lb_tree_search
#Bound 105.04s best:10965140 next:[308180,10965136] lb_tree_search
#Bound 105.40s best:10965140 next:[308220,10965136] lb_tree_search
#Bound 106.79s best:10965140 next:[308224,10965136] lb_tree_search
#Bound 115.95s best:10965140 next:[308228,10965136] lb_tree_search
#Bound 122.13s best:10965140 next:[308236,10965136] lb_tree_search
#Bound 123.14s best:10965140 next:[308240,10965136] lb_tree_search
#Bound 124.62s best:10965140 next:[308260,10965136] lb_tree_search
#Bound 125.73s best:10965140 next:[308268,10965136] lb_tree_search
#Bound 138.01s best:10965140 next:[308272,10965136] lb_tree_search
#Bound 147.58s best:10965140 next:[332368,10965136] objective_lb_search_max_lp
#Model 181.58s var:1501/1517 constraints:2393/2404
#Bound 453.90s best:10965140 next:[335248,10965136] objective_lb_search
#25    505.49s best:10955364 next:[335248,10955360] quick_restart_no_lp (fixed_bools=232/2590)
#26    514.86s best:10945380 next:[335248,10945376] quick_restart_no_lp (fixed_bools=236/2626)
#27    518.47s best:10935136 next:[335248,10935132] quick_restart_no_lp (fixed_bools=238/2670)
#28    1439.22s best:10931340 next:[335248,10931336] quick_restart_no_lp (fixed_bools=319/3234)
#29    1444.42s best:10920316 next:[335248,10920312] quick_restart_no_lp (fixed_bools=319/3321)
#30    1669.47s best:10915168 next:[335248,10915164] quick_restart_no_lp (fixed_bools=337/3810)
#31    2336.39s best:887800 next:[335248,887796] no_lp (fixed_bools=333/2313)
#32    2341.99s best:863624 next:[335248,863620] no_lp (fixed_bools=333/2372)
#33    2342.33s best:860792 next:[335248,860788] no_lp (fixed_bools=474/2378)
#34    2342.47s best:859400 next:[335248,859396] no_lp (fixed_bools=474/2383)
#35    2361.41s best:855924 next:[335248,855920] objective_lb_search_no_lp (fixed_bools=581/2583)
#36    2361.44s best:853044 next:[335248,853040] objective_lb_search_no_lp (fixed_bools=581/2586)
#37    2369.55s best:842800 next:[335248,842796] objective_lb_search_no_lp (fixed_bools=581/2708)
#Bound 2376.67s best:842800 next:[335252,842796] max_lp
#Bound 2377.24s best:842800 next:[335296,842796] max_lp
#38    2472.44s best:755596 next:[335296,755592] no_lp (fixed_bools=526/2884)
#39    3050.99s best:747276 next:[335296,747272] quick_restart_no_lp (fixed_bools=1556/5708)
#Bound 3437.54s best:747276 next:[338128,747272] default_lp
#40    4599.23s best:690692 next:[338128,690688] core (fixed_bools=1072/3030)
#Model 4634.40s var:1500/1517 constraints:2392/2404
#41    4682.78s best:685128 next:[338128,685124] core (fixed_bools=1257/3397)
#Model 4692.08s var:1499/1517 constraints:2389/2404
#Model 4692.58s var:1498/1517 constraints:2389/2404
#Bound 4968.84s best:685128 next:[341008,685124] default_lp
#Model 5265.31s var:1497/1517 constraints:2387/2404
#42    5507.40s best:684088 next:[341008,684084] quick_restart_no_lp (fixed_bools=2421/7215)
#Bound 6268.35s best:684088 next:[343888,684084] reduced_costs
#Bound 6534.42s best:684088 next:[343892,684084] pseudo_costs
#Bound 6534.83s best:684088 next:[343896,684084] pseudo_costs
#Bound 6535.13s best:684088 next:[343936,684084] pseudo_costs
#Bound 9716.94s best:684088 next:[346768,684084] objective_lb_search_max_lp
#Bound 11518.49s best:684088 next:[346772,684084] pseudo_costs
#Bound 11518.80s best:684088 next:[346816,684084] pseudo_costs
#Bound 12177.92s best:684088 next:[346820,684084] pseudo_costs
#Bound 12178.38s best:684088 next:[346828,684084] pseudo_costs
#Bound 12178.67s best:684088 next:[346864,684084] pseudo_costs
#Bound 13211.23s best:684088 next:[349648,684084] max_lp
#Bound 13724.73s best:684088 next:[349652,684084] lb_tree_search
#Bound 13725.97s best:684088 next:[349656,684084] lb_tree_search
#Bound 13726.08s best:684088 next:[349660,684084] lb_tree_search
#Bound 13726.40s best:684088 next:[349664,684084] lb_tree_search
#Bound 13726.45s best:684088 next:[349680,684084] lb_tree_search
#Bound 13727.92s best:684088 next:[349696,684084] lb_tree_search
#Bound 13777.62s best:684088 next:[349700,684084] lb_tree_search
#Bound 13779.77s best:684088 next:[349736,684084] lb_tree_search
#Bound 13779.97s best:684088 next:[349744,684084] lb_tree_search
#Bound 14259.93s best:684088 next:[349748,684084] lb_tree_search
#Bound 14261.74s best:684088 next:[349756,684084] lb_tree_search
#Bound 14262.08s best:684088 next:[349792,684084] lb_tree_search
#43    15389.03s best:677536 next:[349792,677532] quick_restart_no_lp (fixed_bools=2877/8926)
#44    15722.52s best:671708 next:[349792,671704] quick_restart_no_lp (fixed_bools=3041/9449)
#Bound 16480.10s best:671708 next:[349824,671704] reduced_costs
#Bound 16480.64s best:671708 next:[349852,671704] reduced_costs
#Bound 16480.69s best:671708 next:[349864,671704] reduced_costs
#Bound 16481.19s best:671708 next:[349888,671704] reduced_costs
#Bound 16481.64s best:671708 next:[349912,671704] reduced_costs
#Bound 16482.61s best:671708 next:[349936,671704] reduced_costs
#Bound 16514.93s best:671708 next:[349944,671704] reduced_costs
#Bound 16515.40s best:671708 next:[349984,671704] reduced_costs
#Bound 16518.65s best:671708 next:[349988,671704] reduced_costs
#Bound 16518.92s best:671708 next:[350032,671704] reduced_costs
#Bound 16525.22s best:671708 next:[350036,671704] reduced_costs
#Bound 16525.61s best:671708 next:[350080,671704] reduced_costs
#Bound 16543.65s best:671708 next:[350084,671704] reduced_costs
#Bound 16544.02s best:671708 next:[351644,671704] reduced_costs
#Bound 16544.08s best:671708 next:[351748,671704] reduced_costs
#Bound 16544.36s best:671708 next:[352208,671704] reduced_costs
#Bound 16544.41s best:671708 next:[352220,671704] reduced_costs
#Bound 16544.64s best:671708 next:[352416,671704] reduced_costs
#Bound 16544.95s best:671708 next:[352496,671704] reduced_costs
#Bound 16545.24s best:671708 next:[352528,671704] reduced_costs
#45    16662.60s best:668952 next:[352528,668948] quick_restart_no_lp (fixed_bools=3196/10476)
#Model 18487.94s var:1496/1517 constraints:2387/2404
#Bound 19883.83s best:668952 next:[352532,668948] pseudo_costs
#Bound 19884.87s best:668952 next:[352536,668948] pseudo_costs
#Bound 19885.27s best:668952 next:[352540,668948] pseudo_costs
#Bound 19886.02s best:668952 next:[352572,668948] pseudo_costs
#Bound 19886.92s best:668952 next:[352576,668948] pseudo_costs

Task timing                                  n [     min,      max]      avg      dev     time         n [     min,      max]      avg      dev    dtime
                             'core':         1 [   6.00h,    6.00h]    6.00h   0.00ns    6.00h         1 [   4.54h,    4.54h]    4.54h   0.00ns    4.54h
                       'default_lp':         1 [   6.00h,    6.00h]    6.00h   0.00ns    6.00h         1 [  40.85m,   40.85m]   40.85m   0.00ns   40.85m
                 'feasibility_pump':         2 [ 57.81ms,    2.57s]    1.31s    1.26s    2.63s         1 [537.53ms, 537.53ms] 537.53ms   0.00ns 537.53ms
                  'fj_long_default':         2 [ 14.85ms, 148.19ms]  81.52ms  66.67ms 163.04ms         2 [  4.04ms,  31.71ms]  17.87ms  13.83ms  35.75ms
              'fj_long_lin_default':         2 [102.19ms, 115.00ms] 108.59ms   6.41ms 217.18ms         2 [ 22.27ms,  22.28ms]  22.27ms 320.00ns  44.55ms
                   'fj_long_random':         1 [171.56ms, 171.56ms] 171.56ms   0.00ns 171.56ms         1 [ 32.59ms,  32.59ms]  32.59ms   0.00ns  32.59ms
                 'fj_short_default':         3 [ 91.77ms, 109.90ms] 102.25ms   7.67ms 306.75ms         3 [ 16.45ms,  23.35ms]  20.17ms   2.84ms  60.52ms
             'fj_short_lin_default':         2 [ 86.52ms, 122.12ms] 104.32ms  17.80ms 208.64ms         2 [ 19.86ms,  20.60ms]  20.23ms 370.07us  40.46ms
              'fj_short_lin_random':         2 [111.80ms, 245.05ms] 178.42ms  66.63ms 356.85ms         2 [ 18.79ms,  64.80ms]  41.79ms  23.00ms  83.59ms
                  'fj_short_random':         2 [ 79.49ms, 117.39ms]  98.44ms  18.95ms 196.88ms         2 [ 18.85ms,  20.30ms]  19.57ms 726.81us  39.15ms
                        'fs_random':         1 [232.05ms, 232.05ms] 232.05ms   0.00ns 232.05ms         1 [ 20.00ns,  20.00ns]  20.00ns   0.00ns  20.00ns
                        'fs_random':         1 [233.83ms, 233.83ms] 233.83ms   0.00ns 233.83ms         1 [ 20.00ns,  20.00ns]  20.00ns   0.00ns  20.00ns
                  'fs_random_no_lp':         1 [225.34ms, 225.34ms] 225.34ms   0.00ns 225.34ms         0 [  0.00ns,   0.00ns]   0.00ns   0.00ns   0.00ns
                  'fs_random_no_lp':         1 [228.22ms, 228.22ms] 228.22ms   0.00ns 228.22ms         0 [  0.00ns,   0.00ns]   0.00ns   0.00ns   0.00ns
          'fs_random_quick_restart':         1 [231.16ms, 231.16ms] 231.16ms   0.00ns 231.16ms         1 [ 20.00ns,  20.00ns]  20.00ns   0.00ns  20.00ns
          'fs_random_quick_restart':         1 [233.50ms, 233.50ms] 233.50ms   0.00ns 233.50ms         1 [ 20.00ns,  20.00ns]  20.00ns   0.00ns  20.00ns
    'fs_random_quick_restart_no_lp':         1 [224.88ms, 224.88ms] 224.88ms   0.00ns 224.88ms         0 [  0.00ns,   0.00ns]   0.00ns   0.00ns   0.00ns
                    'graph_arc_lns':         6 [186.89ms, 627.28ms] 364.13ms 175.37ms    2.18s         6 [100.02ms, 101.40ms] 100.44ms 486.30us 602.64ms
                    'graph_cst_lns':         6 [247.93ms,    6.00h]    4.00h    2.83h   24.00h         3 [ 40.00ns, 100.16ms]  66.75ms  47.20ms 200.25ms
                    'graph_dec_lns':         6 [335.36ms,    6.00h]    2.00h    2.83h   12.00h         5 [ 20.00ns, 100.15ms]  80.08ms  40.04ms 400.42ms
                    'graph_var_lns':         6 [165.86ms,    6.00h]    3.00h    3.00h   18.00h         4 [ 30.00ns, 100.09ms]  75.04ms  43.32ms 300.16ms
                   'lb_tree_search':         1 [   6.00h,    6.00h]    6.00h   0.00ns    6.00h         1 [  33.66m,   33.66m]   33.66m   0.00ns   33.66m
                           'max_lp':         1 [   6.00h,    6.00h]    6.00h   0.00ns    6.00h         1 [  29.71m,   29.71m]   29.71m   0.00ns   29.71m
                            'no_lp':         1 [   6.00h,    6.00h]    6.00h   0.00ns    6.00h         1 [   4.36h,    4.36h]    4.36h   0.00ns    4.36h
              'objective_lb_search':         1 [   6.00h,    6.00h]    6.00h   0.00ns    6.00h         1 [  40.42m,   40.42m]   40.42m   0.00ns   40.42m
       'objective_lb_search_max_lp':         1 [   6.00h,    6.00h]    6.00h   0.00ns    6.00h         1 [  31.56m,   31.56m]   31.56m   0.00ns   31.56m
        'objective_lb_search_no_lp':         1 [   6.00h,    6.00h]    6.00h   0.00ns    6.00h         1 [   4.61h,    4.61h]    4.61h   0.00ns    4.61h
  'objective_shaving_search_max_lp':        11 [  4.53ms,  92.35ms]  22.32ms  25.12ms 245.54ms         0 [  0.00ns,   0.00ns]   0.00ns   0.00ns   0.00ns
   'objective_shaving_search_no_lp':        11 [  7.96ms,  85.53ms]  21.93ms  23.26ms 241.18ms         0 [  0.00ns,   0.00ns]   0.00ns   0.00ns   0.00ns
                          'probing':         1 [   6.00h,    6.00h]    6.00h   0.00ns    6.00h         1 [  40.29m,   40.29m]   40.29m   0.00ns   40.29m
                   'probing_max_lp':         1 [   6.00h,    6.00h]    6.00h   0.00ns    6.00h         1 [  31.10m,   31.10m]   31.10m   0.00ns   31.10m
                     'pseudo_costs':         1 [   6.00h,    6.00h]    6.00h   0.00ns    6.00h         1 [  29.83m,   29.83m]   29.83m   0.00ns   29.83m
                    'quick_restart':         1 [   6.00h,    6.00h]    6.00h   0.00ns    6.00h         1 [  41.65m,   41.65m]   41.65m   0.00ns   41.65m
              'quick_restart_no_lp':         1 [   6.00h,    6.00h]    6.00h   0.00ns    6.00h         1 [   3.62h,    3.62h]    3.62h   0.00ns    3.62h
                    'reduced_costs':         1 [   6.00h,    6.00h]    6.00h   0.00ns    6.00h         1 [  33.26m,   33.26m]   33.26m   0.00ns   33.26m
                        'rins/rens':         1 [   6.00h,    6.00h]    6.00h   0.00ns    6.00h         1 [ 10.00ns,  10.00ns]  10.00ns   0.00ns  10.00ns
                      'rnd_cst_lns':         6 [190.59ms,    6.00h]    2.00h    2.83h   12.00h         5 [683.00ns, 100.21ms]  80.07ms  40.04ms 400.37ms
                      'rnd_var_lns':         6 [   6.00h,    6.00h]    6.00h 278.12ms   36.00h         1 [ 60.00ns,  60.00ns]  60.00ns   0.00ns  60.00ns
                     'violation_ls':         6 [273.00us,  12.98ms]   2.64ms   4.63ms  15.83ms         6 [  2.89us, 112.62us]  38.99us  44.58us 233.96us
                     'violation_ls':         6 [293.67us,   7.77ms]   1.73ms   2.71ms  10.36ms         6 [  2.46us,  84.93us]  19.73us  29.28us 118.36us
                     'violation_ls':         6 [362.90us,   8.69ms]   1.89ms   3.05ms  11.32ms         6 [  4.52us, 648.93us] 127.42us 235.02us 764.53us

Search stats                         Bools  Conflicts     Branches    Restarts      BoolPropag   IntegerPropag
                           'core':  38'449  4'725'040  346'305'366  67'640'989  47'414'231'875  14'226'023'888
                     'default_lp':   1'793          6       67'511      38'407       2'980'347       6'692'229
                      'fs_random':   1'247          0        1'230       1'230          22'788         143'548
                      'fs_random':   1'247          0        1'230       1'230          22'788         143'548
                'fs_random_no_lp':   1'247          0        1'238       1'238          22'907         144'447
                'fs_random_no_lp':   1'247          0        1'382       1'382          25'320         158'194
        'fs_random_quick_restart':   1'247          0        1'230       1'230          22'788         143'548
        'fs_random_quick_restart':   1'247          0        1'230       1'230          22'788         143'548
  'fs_random_quick_restart_no_lp':   1'247          0        1'380       1'380          25'278         157'960
                 'lb_tree_search':   1'793          3       62'534      35'886       2'789'760       6'207'369
                         'max_lp':   1'793          5       64'315      36'753       2'862'158       6'423'456
                          'no_lp':  38'665  4'660'397  348'088'639  64'273'533  55'225'055'914  13'179'865'316
            'objective_lb_search':   1'793          5       72'740      41'015       3'213'699       7'205'203
     'objective_lb_search_max_lp':   1'793          5       72'847      40'999       3'225'968       7'259'501
      'objective_lb_search_no_lp':  46'606  5'525'381  355'748'621  59'489'768  60'770'693'414  12'296'716'300
                        'probing':   1'793          5       71'041      40'402       3'160'871       7'053'095
                 'probing_max_lp':   1'793          4       63'388      36'546       2'839'068       6'375'561
                   'pseudo_costs':   1'793          6       69'312      39'241       3'068'493       6'880'342
                  'quick_restart':   1'793          7       67'804      38'520       3'009'923       6'789'282
            'quick_restart_no_lp':  12'191  2'920'054  452'090'156  86'948'077  27'206'217'645  17'934'666'918
                  'reduced_costs':   1'793          5       63'302      36'262       2'834'094       6'384'042

SAT stats                           ClassicMinim  LitRemoved     LitLearned   LitForgotten  Subsumed  MClauses  MDecisions  MLitTrue  MSubsumed  MLitRemoved  MReused
                           'core':     4'329'210  38'051'586  1'457'677'749  1'392'710'734   176'116   142'722   5'819'564         0      1'971      141'928   45'163
                     'default_lp':             1           2              7              0         0         0           0         0          0            0        0
                      'fs_random':             0           0              0              0         0         0           0         0          0            0        0
                      'fs_random':             0           0              0              0         0         0           0         0          0            0        0
                'fs_random_no_lp':             0           0              0              0         0         0           0         0          0            0        0
                'fs_random_no_lp':             0           0              0              0         0         0           0         0          0            0        0
        'fs_random_quick_restart':             0           0              0              0         0         0           0         0          0            0        0
        'fs_random_quick_restart':             0           0              0              0         0         0           0         0          0            0        0
  'fs_random_quick_restart_no_lp':             0           0              0              0         0         0           0         0          0            0        0
                 'lb_tree_search':             0           0              3              0         0         0           0         0          0            0        0
                         'max_lp':             0           0              5              0         0         0           0         0          0            0        0
                          'no_lp':     4'266'898  36'956'239  1'450'320'031  1'385'219'156   178'160   114'335   8'406'501         0      1'585       88'875   58'356
            'objective_lb_search':             0           0              5              0         0         0           0         0          0            0        0
     'objective_lb_search_max_lp':             0           0              6              0         0         0           0         0          0            0        0
      'objective_lb_search_no_lp':     5'055'483  44'652'287  1'719'042'618  1'642'640'332   206'802    69'505   8'004'069         0      2'498      240'436   34'693
                        'probing':             0           0              5              0         0         0           0         0          0            0        0
                 'probing_max_lp':             1           1              5              0         0         0           0         0          0            0        0
                   'pseudo_costs':             1           1              7              0         0         0           0         0          0            0        0
                  'quick_restart':             2          11              9              0         0         0           0         0          0            0        0
            'quick_restart_no_lp':     2'600'934  21'704'443    925'799'875    874'764'626   139'745    72'710  16'065'085         1      1'033      117'910   78'361
                  'reduced_costs':             0           0              5              0         0         0           0         0          0            0        0

Lp stats                         Component  Iterations  AddedCuts  OPTIMAL  DUAL_F.  DUAL_U.
                  'default_lp':          1  12'291'871  4'068'830  215'473       74        1
                   'fs_random':          1           0          0        0        0        0
                   'fs_random':          1           0          0        0        0        0
     'fs_random_quick_restart':          1           0          0        0        0        0
     'fs_random_quick_restart':          1           0          0        0        0        0
              'lb_tree_search':          1   5'045'969  1'359'835  125'221   34'766        0
                      'max_lp':          1   4'676'513  1'133'406  127'828   36'215        1
         'objective_lb_search':          1  12'789'210  3'688'969  230'368       56        1
  'objective_lb_search_max_lp':          1   4'817'440  1'168'820  143'205   40'791        0
                     'probing':          1  12'500'034  4'146'189  226'330       56        1
              'probing_max_lp':          1   4'620'564  1'225'655  128'019   35'609        0
                'pseudo_costs':          1   5'037'059  1'287'421  136'635   39'081        0
               'quick_restart':          1  12'660'461  3'996'745  215'802       76        1
               'reduced_costs':          1   4'756'622  1'140'570  126'739   35'524        1

Lp dimension                                                                         Final dimension of first component
                  'default_lp':   3249 rows, 1517 columns, 23806 entries with magnitude in [4.389964e-06, 1.000000e+00]
                   'fs_random':          0 rows, 1517 columns, 0 entries with magnitude in [0.000000e+00, 0.000000e+00]
                   'fs_random':          0 rows, 1517 columns, 0 entries with magnitude in [0.000000e+00, 0.000000e+00]
     'fs_random_quick_restart':          0 rows, 1517 columns, 0 entries with magnitude in [0.000000e+00, 0.000000e+00]
     'fs_random_quick_restart':          0 rows, 1517 columns, 0 entries with magnitude in [0.000000e+00, 0.000000e+00]
              'lb_tree_search':   2277 rows, 1517 columns, 79301 entries with magnitude in [2.885459e-06, 1.000000e+00]
                      'max_lp':   1849 rows, 1517 columns, 58808 entries with magnitude in [3.035828e-05, 1.000000e+00]
         'objective_lb_search':   3203 rows, 1517 columns, 20627 entries with magnitude in [4.934918e-06, 1.000000e+00]
  'objective_lb_search_max_lp':   2473 rows, 1517 columns, 91649 entries with magnitude in [1.391218e-06, 1.000000e+00]
                     'probing':   3896 rows, 1517 columns, 26899 entries with magnitude in [2.732050e-06, 1.000000e+00]
              'probing_max_lp':  2472 rows, 1517 columns, 102699 entries with magnitude in [3.452340e-06, 1.000000e+00]
                'pseudo_costs':   2557 rows, 1517 columns, 86099 entries with magnitude in [2.550477e-06, 1.000000e+00]
               'quick_restart':   3662 rows, 1517 columns, 21235 entries with magnitude in [1.195599e-05, 1.000000e+00]
               'reduced_costs':   2440 rows, 1517 columns, 40861 entries with magnitude in [5.826581e-06, 1.000000e+00]

Lp debug                         CutPropag  CutEqPropag  Adjust  Overflow          Bad  BadScaling
                  'default_lp':          0          875     729         0  131'724'184           0
                   'fs_random':          0            0       0         0            0           0
                   'fs_random':          0            0       0         0            0           0
     'fs_random_quick_restart':          0            0       0         0            0           0
     'fs_random_quick_restart':          0            0       0         0            0           0
              'lb_tree_search':          0        1'546  40'350         2  153'908'855           0
                      'max_lp':          0        2'068  24'108         0  161'336'184           0
         'objective_lb_search':          0        1'447   2'484         0  133'616'534           0
  'objective_lb_search_max_lp':          0        2'160  29'120         6  175'461'437           0
                     'probing':          0        1'250   1'361         0  132'506'614           0
              'probing_max_lp':          0        1'969  25'580         0  162'273'868           0
                'pseudo_costs':          0        1'499  21'254         3  171'515'015           0
               'quick_restart':          0        1'112     413         0  130'092'800           0
               'reduced_costs':          0        2'124  35'264         0  158'685'722           0

Lp pool                          Constraints  Updates  Simplif  Merged  Shortened   Split  Strenghtened            Cuts/Call
                  'default_lp':       11'563   48'635   19'371     131      1'529  12'105        92'828  4'068'830/9'699'893
                   'fs_random':        1'864        0        0       0          0       0             0                  0/0
                   'fs_random':        1'864        0        0       0          0       0             0                  0/0
     'fs_random_quick_restart':        1'864        0        0       0          0       0             0                  0/0
     'fs_random_quick_restart':        1'864        0        0       0          0       0             0                  0/0
              'lb_tree_search':       12'223  108'734   40'938      16     10'584  68'236       247'932  1'359'835/2'968'057
                      'max_lp':       11'778   98'803   43'805      32      6'092  62'202       253'768  1'133'406/2'823'929
         'objective_lb_search':       11'751   46'875   14'524      82        974  11'838       100'992  3'688'969/8'180'248
  'objective_lb_search_max_lp':       12'165   98'618   46'578      59      7'757  70'908       318'346  1'168'820/2'434'088
                     'probing':       10'949   46'395   15'834     104      1'164  10'586       104'226  4'146'189/8'997'030
              'probing_max_lp':       12'038  107'737   48'404      21     10'177  79'657       280'801  1'225'655/2'673'219
                'pseudo_costs':       11'799   90'264   34'664      26      7'649  60'601       284'688  1'287'421/3'347'219
               'quick_restart':       11'515   43'703   16'515      94      1'148   9'470        94'825  3'996'745/8'761'479
               'reduced_costs':       11'953  112'245   31'365      21      5'351  71'138       240'638  1'140'570/2'404'903

Lp Cut             defaul   max_lp   quick_   reduce   pseudo   lb_tre   probin   object   probin   object
          CG_FF:   94'220   20'852  103'689   22'256   23'744   26'859  111'864   97'902   22'148   23'151
           CG_K:    4'953    9'038    5'353    8'688   10'061   10'122    6'250    5'500    9'230   11'131
          CG_KL:       18        3       17        2        4        1       26       13        1        1
           CG_R:   34'958   44'470   33'356   46'452   50'683   47'351   38'248   39'315   46'357   54'094
          CG_RB:  450'847  173'013  448'582  172'739  203'393  234'972  503'246  415'385  188'030  192'036
         CG_RBP:    2'479   10'121    2'447    9'782   13'208   24'350    3'118    2'591   12'716   10'789
         Clique:        -   24'504        -   25'073   27'689   26'151        -        -   25'124   27'489
             IB:  794'908  108'382  811'439  113'504  117'798  119'302  832'130  770'065  121'190  112'785
       MIR_1_FF:  747'122  103'095  759'068   84'661  103'975  134'151  729'347  655'558  104'610   75'094
        MIR_1_K:    8'203    3'783    9'458    4'140    4'624    6'927    9'560    8'572    4'687    4'559
       MIR_1_KL:    1'011       66    1'043       52       50       57    1'087    1'134       46       69
        MIR_1_R:    4'075    8'562    5'134   11'726    7'944   13'151    4'679    4'427    9'413    8'401
       MIR_1_RB:  980'001  177'386  918'179  186'243  221'175  209'175  927'895  842'880  199'116  177'327
      MIR_1_RBP:    1'390    4'509    1'519    8'687    9'317   13'185    1'685    1'549    6'218    4'006
      MIR_1_RLT:        -      284        -      324      340      319        -        -      291      337
       MIR_2_FF:   39'226   12'412   38'202   13'618   14'994   15'786   35'354   32'475   15'420   13'150
        MIR_2_K:    2'349    1'693    2'758    1'915    2'348    3'173    3'180    2'440    2'737    4'103
       MIR_2_KL:      195       16      193       17       10       15      208      174        8        7
        MIR_2_R:    2'432   11'607    3'102   15'462   10'624   22'564    3'397    2'735   12'075   10'757
       MIR_2_RB:  130'426  108'524  132'473  102'236  113'137  126'244  129'732  111'358  116'609  100'712
      MIR_2_RBP:      529    4'456      558    3'107    6'083    8'977      582      531    5'223    2'650
       MIR_3_FF:    9'902    7'783    9'838    7'948    8'793    8'675   10'652   10'384    8'553    8'097
        MIR_3_K:    2'027    2'356    2'203    2'384    2'751    2'513    2'227    2'119    2'373    3'067
       MIR_3_KL:      130       24      153       20       17       25      179      185       20       33
        MIR_3_R:    9'691   10'442    9'920   11'670   11'371   12'147   11'401   11'301   11'310   12'288
       MIR_3_RB:  190'110   47'108  171'700   46'173   52'355   51'608  185'567  165'151   50'982   49'879
      MIR_3_RBP:      628    1'622      687    1'354    2'072    2'417      704      698    1'578    1'510
       MIR_4_FF:    4'172    5'693    4'428    5'654    6'331    6'131    5'026    4'746    6'217    5'790
        MIR_4_K:    1'857    1'932    1'994    2'044    2'239    1'955    2'133    1'796    2'128    2'322
       MIR_4_KL:       63        9       54       15        7       11       81       90       10       13
        MIR_4_R:    1'823    3'917    2'040    4'652    4'191    4'810    2'215    2'188    4'326    4'562
       MIR_4_RB:  130'265   39'179  117'700   39'845   44'247   40'992  127'033  113'180   42'926   41'764
      MIR_4_RBP:      318    1'203      353    1'014    1'511    1'495      385      321    1'255    1'162
       MIR_5_FF:    2'487    5'956    2'422    6'122    6'513    6'290    2'811    2'660    6'151    6'477
        MIR_5_K:    1'717    1'970    1'321    1'989    2'181    1'911    1'515    1'230    2'042    2'354
       MIR_5_KL:       49        9       52       11        7        8       47       58       10       10
        MIR_5_R:    1'200    3'016    1'143    3'479    3'364    3'440    1'242    1'385    3'232    3'507
       MIR_5_RB:   87'381   33'937   78'588   34'008   37'215   35'058   84'143   75'492   35'540   36'160
      MIR_5_RBP:      301    1'085      259    1'007    1'272    1'277      298      299    1'116    1'085
       MIR_6_FF:    1'408    3'993    1'530    3'876    4'415    4'162    1'568    1'608    4'060    4'402
        MIR_6_K:      907    1'545      831    1'478    1'650    1'357      939      795    1'595    1'882
       MIR_6_KL:       15       11       19       19        9       13       26       23       16       14
        MIR_6_R:      778    3'320      889    3'550    3'701    3'632      893      892    3'543    4'004
       MIR_6_RB:   54'272   23'625   50'286   23'654   27'027   24'475   53'525   48'012   24'909   26'136
      MIR_6_RBP:      225      875      224      773    1'066    1'025      234      207      848      809
   ZERO_HALF_FF:   41'740    7'623   39'313    7'803    9'205    8'368   43'279   35'492    7'943    8'182
    ZERO_HALF_K:    5'436      742    5'660      627      666      635    6'516    3'822      668      758
   ZERO_HALF_KL:        3       47        -       57       84       49        5        3       83       89
    ZERO_HALF_R:   72'223   76'669   72'961   78'061   89'219   69'869   84'899   85'284   78'837   86'440
   ZERO_HALF_RB:  147'965   20'402  143'147   19'943   21'896   21'515  174'476  124'507   21'419   22'708
  ZERO_HALF_RBP:      395      537      460      656      845    1'140      582      437      716      668

LNS stats           Improv/Calls  Closed  Difficulty  TimeLimit
  'graph_arc_lns':           5/6     50%        0.59       0.10
  'graph_cst_lns':           6/6      0%        0.04       0.10
  'graph_dec_lns':           6/6      0%        0.04       0.10
  'graph_var_lns':           5/6     17%        0.13       0.10
      'rins/rens':           1/1      0%        0.29       0.10
    'rnd_cst_lns':           4/6     17%        0.13       0.10
    'rnd_var_lns':           6/6      0%        0.04       0.10

LS stats                   Batches  Restarts  LinMoves  GenMoves  CompoundMoves  WeightUpdates
       'fj_long_default':        2         1    10'136         0              0          1'286
   'fj_long_lin_default':        2         1         0     9'424            731            106
        'fj_long_random':        1         1     8'883         0              0          1'117
      'fj_short_default':        3         1         0    11'640          1'227             80
  'fj_short_lin_default':        2         1         0     7'997          1'071             65
   'fj_short_lin_random':        2         1         0    16'831            817             53
       'fj_short_random':        2         1         0     7'298            911             52
          'violation_ls':        6         0         4        80             22              3
          'violation_ls':        6         0         5        14              8              2
          'violation_ls':        6         0         9        15              7              4

Solutions (45)                  Num     Rank
                       'core':    2  [40,41]
            'fj_long_default':    1    [1,1]
              'graph_arc_lns':    3  [10,23]
              'graph_dec_lns':    1  [19,19]
                      'no_lp':    5  [31,38]
  'objective_lb_search_no_lp':    3  [35,37]
        'quick_restart_no_lp':   12  [24,45]
                'rnd_cst_lns':    1  [18,18]
               'violation_ls':   17   [2,22]

Objective bounds                      Num
                       'default_lp':    2
                   'initial_domain':    1
                   'lb_tree_search':   40
                           'max_lp':    4
              'objective_lb_search':    1
       'objective_lb_search_max_lp':    2
  'objective_shaving_search_max_lp':    3
   'objective_shaving_search_no_lp':   10
                     'pseudo_costs':   13
                    'reduced_costs':   21

Solution repositories    Added  Queried  Ignored  Synchro
  'feasible solutions':     83       92        0       80
        'lp solutions':      0        0        0        0
                'pump':     15        1

Improving bounds shared            Num
                        'core':    966
             'fs_random_no_lp':      1
                      'max_lp':    118
                       'no_lp':    847
         'objective_lb_search':     88
  'objective_lb_search_max_lp':     18
   'objective_lb_search_no_lp':    832
                     'probing':     47
              'probing_max_lp':    131
                'pseudo_costs':    218
         'quick_restart_no_lp':  1'663
               'reduced_costs':      2

Clauses shared                     Num
                        'core':  1'177
                  'default_lp':      3
                       'no_lp':  1'184
         'objective_lb_search':      5
  'objective_lb_search_max_lp':      1
   'objective_lb_search_no_lp':  1'295
              'probing_max_lp':      1
                'pseudo_costs':      1
               'quick_restart':      2
         'quick_restart_no_lp':  1'605
               'reduced_costs':      1

CpSolverResponse summary:
status: FEASIBLE
objective: 668952
best_bound: 352576
integers: 1518
booleans: 1247
conflicts: 0
branches: 1382
propagations: 25320
integer_propagations: 158194
restarts: 1382
lp_iterations: 0
walltime: 21610.1
usertime: 21610.1
deterministic_time: 82819.9
gap_integral: 1.0489e+06
solution_fingerprint: 0x980d4116156b1d15

CPU USED: 32
Loading /home/aneumann/projects/def-adhaj/aneumann/gns/data/instances/test/l/instance_197.pkl...
===* START SOLVING *===
   index    value       gap  ... max_time  cpu  max_memory
0    197  6689.52  0.472943  ...        6   32         118

[1 rows x 8 columns]
===* END OF FILE *===
