created virtual environment CPython3.12.4.final.0-64 in 761ms
  creator CPython3Posix(dest=/localscratch/aneumann.37168028.0/env, clear=False, no_vcs_ignore=False, global=False)
  seeder FromAppData(download=False, pip=bundle, via=copy, app_data_dir=/home/aneumann/.local/share/virtualenv)
    added seed packages: pip==24.2+computecanada
  activators BashActivator,CShellActivator,FishActivator,NushellActivator,PowerShellActivator,PythonActivator
Looking in links: /cvmfs/soft.computecanada.ca/custom/python/wheelhouse/gentoo2023/x86-64-v3, /cvmfs/soft.computecanada.ca/custom/python/wheelhouse/gentoo2023/generic, /cvmfs/soft.computecanada.ca/custom/python/wheelhouse/generic
Requirement already satisfied: pip in /localscratch/aneumann.37168028.0/env/lib/python3.12/site-packages (24.2+computecanada)
Looking in links: /cvmfs/soft.computecanada.ca/custom/python/wheelhouse/gentoo2023/x86-64-v3, /cvmfs/soft.computecanada.ca/custom/python/wheelhouse/gentoo2023/generic, /cvmfs/soft.computecanada.ca/custom/python/wheelhouse/generic
ERROR: protobuf-5.28.3-cp38-abi3-manylinux2014_x86_64.whl is not a supported wheel on this platform.
Looking in links: /cvmfs/soft.computecanada.ca/custom/python/wheelhouse/gentoo2023/x86-64-v3, /cvmfs/soft.computecanada.ca/custom/python/wheelhouse/gentoo2023/generic, /cvmfs/soft.computecanada.ca/custom/python/wheelhouse/generic
Processing /home/aneumann/projects/def-adhaj/aneumann/gns/wheels/immutabledict-4.2.0-py3-none-any.whl
Installing collected packages: immutabledict
Successfully installed immutabledict-4.2.0
Looking in links: /cvmfs/soft.computecanada.ca/custom/python/wheelhouse/gentoo2023/x86-64-v3, /cvmfs/soft.computecanada.ca/custom/python/wheelhouse/gentoo2023/generic, /cvmfs/soft.computecanada.ca/custom/python/wheelhouse/generic
Processing /cvmfs/soft.computecanada.ca/custom/python/wheelhouse/generic/ortools-9.10.4067+computecanada-cp312-cp312-linux_x86_64.whl (from -r /home/aneumann/projects/def-adhaj/aneumann/gns/requirements_or.txt (line 1))
Processing /cvmfs/soft.computecanada.ca/custom/python/wheelhouse/gentoo2023/x86-64-v3/pandas-2.2.2+computecanada-cp312-cp312-linux_x86_64.whl (from -r /home/aneumann/projects/def-adhaj/aneumann/gns/requirements_or.txt (line 2))
Processing /cvmfs/soft.computecanada.ca/custom/python/wheelhouse/generic/absl_py-2.1.0+computecanada-py3-none-any.whl (from ortools->-r /home/aneumann/projects/def-adhaj/aneumann/gns/requirements_or.txt (line 1))
Processing /cvmfs/soft.computecanada.ca/custom/python/wheelhouse/gentoo2023/generic/numpy-2.1.1+computecanada-cp312-cp312-linux_x86_64.whl (from ortools->-r /home/aneumann/projects/def-adhaj/aneumann/gns/requirements_or.txt (line 1))
Processing /cvmfs/soft.computecanada.ca/custom/python/wheelhouse/gentoo2023/x86-64-v3/protobuf-5.28.0+computecanada-cp312-cp312-linux_x86_64.whl (from ortools->-r /home/aneumann/projects/def-adhaj/aneumann/gns/requirements_or.txt (line 1))
Requirement already satisfied: immutabledict>=3.0.0 in /localscratch/aneumann.37168028.0/env/lib/python3.12/site-packages (from ortools->-r /home/aneumann/projects/def-adhaj/aneumann/gns/requirements_or.txt (line 1)) (4.2.0)
Processing /cvmfs/soft.computecanada.ca/custom/python/wheelhouse/generic/python_dateutil-2.9.0.post0+computecanada-py2.py3-none-any.whl (from pandas->-r /home/aneumann/projects/def-adhaj/aneumann/gns/requirements_or.txt (line 2))
Processing /cvmfs/soft.computecanada.ca/custom/python/wheelhouse/generic/pytz-2024.2+computecanada-py2.py3-none-any.whl (from pandas->-r /home/aneumann/projects/def-adhaj/aneumann/gns/requirements_or.txt (line 2))
Processing /cvmfs/soft.computecanada.ca/custom/python/wheelhouse/generic/tzdata-2024.2+computecanada-py2.py3-none-any.whl (from pandas->-r /home/aneumann/projects/def-adhaj/aneumann/gns/requirements_or.txt (line 2))
Processing /cvmfs/soft.computecanada.ca/custom/python/wheelhouse/generic/six-1.16.0+computecanada-py2.py3-none-any.whl (from python-dateutil>=2.8.2->pandas->-r /home/aneumann/projects/def-adhaj/aneumann/gns/requirements_or.txt (line 2))
Installing collected packages: pytz, tzdata, six, protobuf, numpy, absl-py, python-dateutil, pandas, ortools
Successfully installed absl-py-2.1.0+computecanada numpy-2.1.1+computecanada ortools-9.10.4067+computecanada pandas-2.2.2+computecanada protobuf-5.28.0+computecanada python-dateutil-2.9.0.post0+computecanada pytz-2024.2+computecanada six-1.16.0+computecanada tzdata-2024.2+computecanada

Starting CP-SAT solver v9.10.4067
Parameters: max_time_in_seconds: 28800 max_memory_in_mb: 118 log_search_progress: true optimize_with_core: true cp_model_presolve: true enumerate_all_solutions: false num_search_workers: 32 use_implied_bounds: true absolute_gap_limit: 5 relative_gap_limit: 0.01 use_probing_search: true

Initial optimization model '': (model_fingerprint: 0xda5f71e794767b47)
#Variables: 4'098 (#bools: 36 #ints: 1 in objective)
  - 3'600 Booleans in [0,1]
  - 497 in [0,300000]
  - 1 constants in {1} 
#kBoolOr: 2'190 (#literals: 2'190)
#kLinear1: 763
#kLinear2: 11'778
#kLinear3: 2'203
#kLinearN: 939 (#terms: 9'446)

Starting presolve at 0.00s
  3.18e-03s  0.00e+00d  [DetectDominanceRelations] 
  8.48e-02s  0.00e+00d  [PresolveToFixPoint] #num_loops=9 #num_dual_strengthening=3 
  7.90e-05s  0.00e+00d  [ExtractEncodingFromLinear] #potential_supersets=296 
[Symmetry] Graph for symmetry has 13'862 nodes and 29'627 arcs.
[Symmetry] Symmetry computation done. time: 0.0027618 dtime: 0.00393296
[SAT presolve] num removable Booleans: 0 / 2080
[SAT presolve] num trivial clauses: 0
[SAT presolve] [0s] clauses:4136 literals:8272 vars:2070 one_side_vars:2020 simple_definition:50 singleton_clauses:0
[SAT presolve] [0.000340923s] clauses:4136 literals:8272 vars:2070 one_side_vars:2020 simple_definition:50 singleton_clauses:0
[SAT presolve] [0.000496516s] clauses:4136 literals:8272 vars:2070 one_side_vars:2020 simple_definition:50 singleton_clauses:0
  4.49e-01s  1.08e-01d  [Probe] #probed=5'246 #fixed_bools=70 #new_bounds=207 
  6.14e-03s  0.00e+00d  [MaxClique] Merged 4418(12132 literals) into 1025(7720 literals) at_most_ones. 
  2.61e-03s  0.00e+00d  [DetectDominanceRelations] 
  2.11e-02s  0.00e+00d  [PresolveToFixPoint] #num_loops=4 #num_dual_strengthening=3 
  4.01e-03s  0.00e+00d  [ProcessAtMostOneAndLinear] #num_changes=24 
  2.54e-03s  0.00e+00d  [DetectDuplicateConstraints] #duplicates=3 #without_enforcements=2 
  5.85e-04s  3.04e-05d  [DetectDominatedLinearConstraints] #relevant_constraints=2'053 
  7.93e-04s  0.00e+00d  [DetectDifferentVariables] #different=13 
  9.66e-04s  2.74e-04d  [ProcessSetPPC] #relevant_constraints=1'228 #num_inclusions=740 
  6.21e-05s  0.00e+00d  [FindAlmostIdenticalLinearConstraints] 
  4.09e-03s  6.77e-03d  [FindBigAtMostOneAndLinearOverlap] 
  1.20e-03s  3.23e-03d  [FindBigVerticalLinearOverlap] 
  6.80e-04s  2.38e-03d  [FindBigHorizontalLinearOverlap] #linears=297 
  7.51e-05s  0.00e+00d  [MergeClauses] 
  2.56e-03s  0.00e+00d  [DetectDominanceRelations] 
  1.03e-02s  0.00e+00d  [PresolveToFixPoint] #num_loops=1 #num_dual_strengthening=1 
  2.58e-03s  0.00e+00d  [DetectDominanceRelations] 
  1.02e-02s  0.00e+00d  [PresolveToFixPoint] #num_loops=1 #num_dual_strengthening=1 
[Symmetry] Graph for symmetry has 10'559 nodes and 19'987 arcs.
[Symmetry] Symmetry computation done. time: 0.00162927 dtime: 0.00244929
[SAT presolve] num removable Booleans: 0 / 2008
[SAT presolve] num trivial clauses: 0
[SAT presolve] [0s] clauses:24 literals:48 vars:35 one_side_vars:27 simple_definition:8 singleton_clauses:0
[SAT presolve] [3.3183e-05s] clauses:24 literals:48 vars:35 one_side_vars:27 simple_definition:8 singleton_clauses:0
[SAT presolve] [7.6484e-05s] clauses:24 literals:48 vars:35 one_side_vars:27 simple_definition:8 singleton_clauses:0
  2.01e-01s  4.67e-02d  [Probe] #probed=5'172 #new_bounds=74 
  2.92e-03s  0.00e+00d  [MaxClique] Merged 858(6554 literals) into 858(6568 literals) at_most_ones. 
  2.60e-03s  0.00e+00d  [DetectDominanceRelations] 
  1.82e-02s  0.00e+00d  [PresolveToFixPoint] #num_loops=4 #num_dual_strengthening=3 
  3.87e-03s  0.00e+00d  [ProcessAtMostOneAndLinear] 
  2.41e-03s  0.00e+00d  [DetectDuplicateConstraints] #duplicates=4 
  5.36e-04s  3.04e-05d  [DetectDominatedLinearConstraints] #relevant_constraints=2'051 
  6.12e-04s  0.00e+00d  [DetectDifferentVariables] #different=13 
  8.51e-04s  2.67e-04d  [ProcessSetPPC] #relevant_constraints=1'169 #num_inclusions=674 
  7.20e-05s  0.00e+00d  [FindAlmostIdenticalLinearConstraints] 
  3.98e-03s  6.76e-03d  [FindBigAtMostOneAndLinearOverlap] 
  1.21e-03s  3.23e-03d  [FindBigVerticalLinearOverlap] 
  7.22e-04s  2.38e-03d  [FindBigHorizontalLinearOverlap] #linears=297 
  7.08e-05s  0.00e+00d  [MergeClauses] 
  2.55e-03s  0.00e+00d  [DetectDominanceRelations] 
  1.02e-02s  0.00e+00d  [PresolveToFixPoint] #num_loops=1 #num_dual_strengthening=1 
  2.53e-03s  0.00e+00d  [DetectDominanceRelations] 
  1.02e-02s  0.00e+00d  [PresolveToFixPoint] #num_loops=1 #num_dual_strengthening=1 
[Symmetry] Graph for symmetry has 10'559 nodes and 19'996 arcs.
[Symmetry] Symmetry computation done. time: 0.00159201 dtime: 0.00245899
[SAT presolve] num removable Booleans: 0 / 2008
[SAT presolve] num trivial clauses: 0
[SAT presolve] [0s] clauses:24 literals:48 vars:35 one_side_vars:27 simple_definition:8 singleton_clauses:0
[SAT presolve] [3.3032e-05s] clauses:24 literals:48 vars:35 one_side_vars:27 simple_definition:8 singleton_clauses:0
[SAT presolve] [7.6364e-05s] clauses:24 literals:48 vars:35 one_side_vars:27 simple_definition:8 singleton_clauses:0
  1.95e-01s  4.56e-02d  [Probe] #probed=5'172 #new_bounds=14 
  2.82e-03s  0.00e+00d  [MaxClique] Merged 858(6563 literals) into 858(6568 literals) at_most_ones. 
  2.61e-03s  0.00e+00d  [DetectDominanceRelations] 
  1.35e-02s  0.00e+00d  [PresolveToFixPoint] #num_loops=4 #num_dual_strengthening=3 
  3.86e-03s  0.00e+00d  [ProcessAtMostOneAndLinear] 
  2.47e-03s  0.00e+00d  [DetectDuplicateConstraints] #duplicates=4 
  5.39e-04s  3.04e-05d  [DetectDominatedLinearConstraints] #relevant_constraints=2'051 
  5.86e-04s  0.00e+00d  [DetectDifferentVariables] #different=13 
  8.80e-04s  2.67e-04d  [ProcessSetPPC] #relevant_constraints=1'169 #num_inclusions=674 
  6.41e-05s  0.00e+00d  [FindAlmostIdenticalLinearConstraints] 
  4.01e-03s  6.78e-03d  [FindBigAtMostOneAndLinearOverlap] 
  1.20e-03s  3.23e-03d  [FindBigVerticalLinearOverlap] 
  7.26e-04s  2.38e-03d  [FindBigHorizontalLinearOverlap] #linears=297 
  7.33e-05s  0.00e+00d  [MergeClauses] 
  2.60e-03s  0.00e+00d  [DetectDominanceRelations] 
  1.02e-02s  0.00e+00d  [PresolveToFixPoint] #num_loops=1 #num_dual_strengthening=1 
  1.65e-04s  0.00e+00d  [ExpandObjective] #entries=84 #tight_variables=42 #tight_constraints=14 

Presolve summary:
  - 119 affine relations were detected.
  - rule 'TODO dual: only one blocking constraint?' was applied 38'115 times.
  - rule 'TODO dual: only one unspecified blocking constraint?' was applied 17 times.
  - rule 'TODO dual: tighten at most one' was applied 1'176 times.
  - rule 'TODO linear2: contains a Boolean.' was applied 21'414 times.
  - rule 'affine: new relation' was applied 119 times.
  - rule 'at_most_one: empty or all false' was applied 4 times.
  - rule 'at_most_one: removed literals' was applied 384 times.
  - rule 'at_most_one: singleton' was applied 2 times.
  - rule 'at_most_one: size one' was applied 108 times.
  - rule 'at_most_one: transformed into max clique.' was applied 1 time.
  - rule 'bool_and: non-reified.' was applied 36 times.
  - rule 'bool_or: always true' was applied 2'190 times.
  - rule 'bool_or: implications' was applied 10'698 times.
  - rule 'deductions: 451 stored' was applied 1 time.
  - rule 'dual: add implication' was applied 22 times.
  - rule 'dual: fix variable' was applied 655 times.
  - rule 'dual: fix variable with multiple choices' was applied 8 times.
  - rule 'dual: reduced domain' was applied 304 times.
  - rule 'duplicate: merged rhs of linear constraint' was applied 3 times.
  - rule 'duplicate: removed constraint' was applied 11 times.
  - rule 'duplicate: removed enforced constraint' was applied 2 times.
  - rule 'enforcement: false literal' was applied 6'310 times.
  - rule 'enforcement: literal not used' was applied 29 times.
  - rule 'enforcement: true literal' was applied 36 times.
  - rule 'linear + amo: fixed literal implied by enforcement' was applied 24 times.
  - rule 'linear1: always true' was applied 2 times.
  - rule 'linear2: contains a Boolean.' was applied 20 times.
  - rule 'linear: always true' was applied 1'700 times.
  - rule 'linear: divide by GCD' was applied 7'034 times.
  - rule 'linear: empty' was applied 130 times.
  - rule 'linear: extracted enforcement literal' was applied 774 times.
  - rule 'linear: fixed or dup variables' was applied 1'624 times.
  - rule 'linear: negative clause' was applied 3'308 times.
  - rule 'linear: positive at most one' was applied 286 times.
  - rule 'linear: positive clause' was applied 7'390 times.
  - rule 'linear: positive equal one' was applied 14 times.
  - rule 'linear: reduced variable domains' was applied 828 times.
  - rule 'linear: remapped using affine relations' was applied 3'738 times.
  - rule 'linear: remove irrelevant part' was applied 1 time.
  - rule 'linear: simplified rhs' was applied 24'045 times.
  - rule 'linear: singleton column' was applied 19 times.
  - rule 'objective: variable not used elsewhere' was applied 1 time.
  - rule 'presolve: 1548 unused variables removed.' was applied 1 time.
  - rule 'presolve: iteration' was applied 3 times.
  - rule 'setppc: bool_or in at_most_one.' was applied 3 times.
  - rule 'setppc: removed dominated constraints' was applied 58 times.

Presolved optimization model '': (model_fingerprint: 0x1496d33615c5d2e2)
#Variables: 2'412 (#bools: 35 #ints: 1 in objective)
  - 2'008 Booleans in [0,1]
  - 1 in [0,981]
  - 1 in [0,983]
  - 2 in [0,985]
  - 1 in [0,1967]
  - 1 in [0,1972]
  - 1 in [0,1975]
  - 1 in [0,1976]
  - 2 in [0,1977]
  - 1 in [0,1978]
  - 15 in [0,1981]
  - 1 in [0,1982]
  - 14 in [0,1983]
  - 2 in [0,1984]
  - 31 in [0,1985]
  - 1 in [0,9830]
  - 1 in [0,9880]
  - 1 in [0,9895]
  - 12 in [0,9905]
  - 18 in [0,9915]
  - 1 in [0,9920]
  - 36 in [0,9925]
  - 119 in [0,300000]
  - 1 in [1,986]
  - 1 in [2,987]
  - 1 in [4,987]
  - 1 in [5,986]
  - 1 in [45,4997]
  - 1 in [47,4999]
  - 1 in [53,4996]
  - 1 in [57,4991]
  - 1 in [57,5000]
  - 1 in [66,5000]
  - 1 in [85,4993]
  - 1 in [91,4999]
  - 1 in [300,295800]
  - 1 in [300,296100]
  - 1 in [300,297000]
  - 1 in [300,297300]
  - 1 in [300,298200]
  - 2 in [300,298440]
  - 1 in [300,298500]
  - 1 in [300,299400]
  - 2 in [300,299760]
  - 2 in [300,299820]
  - 1 in [600,296100]
  - 1 in [600,296906]
  - 1 in [600,297300]
  - 1 in [600,297600]
  - 2 in [600,298020]
  - 2 in [600,298380]
  - 2 in [600,298740]
  - 2 in [600,299248]
  - 2 in [600,299280]
  - 2 in [600,300000]
  - 1 in [1200,296100]
  - 1 in [1200,297300]
  - 1 in [1200,297983]
  - 1 in [1200,298800]
  - 2 in [1200,299160]
  - 2 in [1200,299220]
  - 2 in [1200,299312]
  - 2 in [1200,299580]
  - 1 in [1200,299700]
  - 2 in [1200,300000]
  - 1 in [1500,295800]
  - 3 in [1500,296596]
  - 1 in [1500,297600]
  - 2 in [1500,298500]
  - 2 in [1500,298560]
  - 2 in [1500,299100]
  - 2 in [1500,299820]
  - 2 in [1500,299940]
  - 2 in [1800,299340]
  - 2 in [1800,299554]
  - 2 in [2100,299460]
  - 3 in [2400,299100]
  - 3 in [2539,298620]
  - 2 in [2630,299880]
  - 2 in [2674,298980]
  - 3 in [2700,299820]
  - 2 in [2700,300000]
  - 2 in [2711,298920]
  - 2 in [2724,300000]
  - 2 in [2728,299340]
  - 1 in [2820,299948]
  - 2 in [2843,299971]
  - 1 in [2872,300000]
  - 2 in [2977,299760]
  - 2 in [3120,299280]
  - 5 in [3180,299760]
  - 4 in [3200,299280]
  - 2 in [3204,300000]
  - 4 in [3420,299460]
  - 3 in [3540,299700]
  - 3 in [3764,298860]
  - 5 in [5100,299580]
  - 1 in [5460,299965]
  - 2 in [5493,299998]
  - 6 in [5495,300000]
#kAtMostOne: 834 (#literals: 6'515)
#kBoolAnd: 28 (#enforced: 28) (#literals: 56)
#kExactlyOne: 14 (#literals: 42)
#kLinear1: 9 (#enforced: 9)
#kLinear2: 803 (#enforced: 603 #multi: 21)
#kLinear3: 1'435 (#enforced: 8)
#kLinearN: 416 (#terms: 3'880)

Preloading model.
#Bound   1.13s best:inf   next:[408533,22026252] initial_domain
[Symmetry] Graph for symmetry has 8'873 nodes and 19'996 arcs.
[Symmetry] Symmetry computation done. time: 0.00153892 dtime: 0.00235758
#Model   1.14s var:2412/2412 constraints:3539/3539

Starting search at 1.14s with 32 workers.
16 full problem subsolvers: [core, default_lp, lb_tree_search, max_lp, no_lp, objective_lb_search, objective_lb_search_max_lp, objective_lb_search_no_lp, objective_shaving_search_max_lp, objective_shaving_search_no_lp, probing, probing_max_lp, pseudo_costs, quick_restart, quick_restart_no_lp, reduced_costs]
14 first solution subsolvers: [fj_long_default, fj_long_lin_default, fj_long_random, fj_short_default, fj_short_lin_default, fj_short_lin_random, fj_short_random, fs_random(2), fs_random_no_lp(2), fs_random_quick_restart(2), fs_random_quick_restart_no_lp]
11 incomplete subsolvers: [feasibility_pump, graph_arc_lns, graph_cst_lns, graph_dec_lns, graph_var_lns, rins/rens, rnd_cst_lns, rnd_var_lns, violation_ls(3)]
3 helper subsolvers: [neighborhood_helper, synchronization_agent, update_gap_integral]
#Bound   1.87s best:inf   next:[408534,22026252] objective_shaving_search_no_lp (vars=2054 csts=2412)
#Bound   2.13s best:inf   next:[408535,22026252] objective_shaving_search_max_lp (vars=2412 csts=3540)
#Bound   2.17s best:inf   next:[408536,22026252] objective_shaving_search_max_lp (vars=2412 csts=3540)
#Bound   2.20s best:inf   next:[408537,22026252] objective_shaving_search_max_lp (vars=2412 csts=3540)
#1       2.22s best:22026252 next:[408537,22026251] fj_long_random(batch:1 #lin_moves:6'404 #lin_evals:13'019 #weight_updates:334)
#2       2.26s best:22026179 next:[408537,22026178] violation_ls(batch:1 #solutions_imported:1 #lin_moves:0 #lin_evals:12'585 #gen_moves:210 #gen_evals:0 #comp_moves:16 #backtracks:97 #weight_updates:2)
#3       2.26s best:22026106 next:[408537,22026105] violation_ls(batch:1 #solutions_imported:1 #lin_moves:16 #lin_evals:833 #weight_updates:8)
#Bound   2.27s best:22026106 next:[408538,22026105] objective_shaving_search_max_lp (vars=2412 csts=3540)
#4       2.28s best:22026033 next:[408538,22026032] violation_ls(batch:2 #solutions_imported:2 #lin_moves:10 #lin_evals:5'694 #gen_moves:64 #gen_evals:0 #comp_moves:8 #backtracks:28 #weight_updates:8)
#5       2.29s best:22025960 next:[408538,22025959] violation_ls(batch:2 #solutions_imported:2 #lin_moves:36 #lin_evals:1'677 #weight_updates:17)
#6       2.36s best:22025887 next:[408538,22025886] fj_long_default(batch:1 #lin_moves:5'006 #lin_evals:10'541 #weight_updates:294)
#7       2.41s best:22025814 next:[408538,22025813] violation_ls(batch:3 #solutions_imported:3 #lin_moves:15 #lin_evals:5'745 #gen_moves:64 #gen_evals:0 #comp_moves:8 #backtracks:28 #weight_updates:12)
#8       2.41s best:22025741 next:[408538,22025740] violation_ls(batch:3 #solutions_imported:3 #lin_moves:44 #lin_evals:1'738 #weight_updates:24)
#9       2.42s best:22025668 next:[408538,22025667] violation_ls(batch:3 #solutions_imported:3 #lin_moves:0 #lin_evals:23'874 #gen_moves:359 #gen_evals:0 #comp_moves:29 #backtracks:165 #weight_updates:4)
#Bound   2.44s best:22025668 next:[408539,22025667] objective_shaving_search_no_lp (vars=2412 csts=3540)
#10      2.52s best:22020479 next:[408539,22020478] graph_arc_lns (d=0.50 s=62 t=0.10 p=0.00 stall=0 h=auto_l0)
#11      2.55s best:22020406 next:[408539,22020405] violation_ls(batch:4 #solutions_imported:4 #lin_moves:15 #lin_evals:9'036 #gen_moves:112 #gen_evals:0 #comp_moves:14 #backtracks:49 #weight_updates:13)
#12      2.55s best:22020333 next:[408539,22020332] violation_ls(batch:4 #solutions_imported:4 #lin_moves:44 #lin_evals:1'750 #gen_moves:3 #gen_evals:0 #comp_moves:3 #backtracks:0 #weight_updates:24)
#Bound   2.55s best:22020333 next:[408540,22020332] objective_shaving_search_no_lp (vars=2412 csts=3540)
#13      2.55s best:22020260 next:[408540,22020259] violation_ls(batch:4 #solutions_imported:4 #lin_moves:0 #lin_evals:27'655 #gen_moves:421 #gen_evals:0 #comp_moves:35 #backtracks:193 #weight_updates:5)
#14      2.78s best:22020187 next:[408540,22020186] violation_ls(batch:5 #solutions_imported:5 #lin_moves:15 #lin_evals:9'851 #gen_moves:123 #gen_evals:0 #comp_moves:17 #backtracks:53 #weight_updates:13)
#15      2.78s best:22020114 next:[408540,22020113] violation_ls(batch:5 #solutions_imported:5 #lin_moves:49 #lin_evals:1'799 #gen_moves:3 #gen_evals:0 #comp_moves:3 #backtracks:0 #weight_updates:27)
#16      2.78s best:22020041 next:[408540,22020040] violation_ls(batch:5 #solutions_imported:5 #lin_moves:0 #lin_evals:27'684 #gen_moves:424 #gen_evals:0 #comp_moves:38 #backtracks:193 #weight_updates:5)
#Bound   2.79s best:22020041 next:[408541,22020040] objective_shaving_search_no_lp (vars=2412 csts=3540)
#17      3.03s best:22014976 next:[408541,22014975] graph_arc_lns (d=0.71 s=72 t=0.10 p=1.00 stall=1 h=auto_l0)
#Bound   3.20s best:22014976 next:[408542,22014975] objective_shaving_search_no_lp (vars=2412 csts=3540)
#Bound   3.21s best:22014976 next:[408543,22014975] objective_shaving_search_max_lp (vars=2412 csts=3540)
#18      3.21s best:22014903 next:[408543,22014902] violation_ls(batch:6 #solutions_imported:6 #lin_moves:20 #lin_evals:9'898 #gen_moves:123 #gen_evals:0 #comp_moves:17 #backtracks:53 #weight_updates:16)
#19      3.21s best:22014830 next:[408543,22014829] violation_ls(batch:6 #solutions_imported:6 #lin_moves:49 #lin_evals:1'825 #gen_moves:4 #gen_evals:0 #comp_moves:4 #backtracks:0 #weight_updates:27)
#20      3.21s best:22014757 next:[408543,22014756] violation_ls(batch:6 #solutions_imported:6 #lin_moves:0 #lin_evals:27'724 #gen_moves:429 #gen_evals:0 #comp_moves:43 #backtracks:193 #weight_updates:5)
#21      3.34s best:22000531 next:[408543,22000530] graph_arc_lns (d=0.72 s=92 t=0.10 p=0.67 stall=0 h=auto_l0)
#Bound   3.41s best:22000531 next:[408544,22000530] objective_shaving_search_no_lp (vars=2412 csts=3540)
#22      3.42s best:22000458 next:[408544,22000457] violation_ls(batch:7 #solutions_imported:7 #lin_moves:24 #lin_evals:9'942 #gen_moves:123 #gen_evals:0 #comp_moves:17 #backtracks:53 #weight_updates:18)
#23      3.42s best:22000385 next:[408544,22000384] violation_ls(batch:7 #solutions_imported:7 #lin_moves:50 #lin_evals:1'861 #gen_moves:4 #gen_evals:0 #comp_moves:4 #backtracks:0 #weight_updates:27)
#24      3.42s best:22000312 next:[408544,22000311] violation_ls(batch:7 #solutions_imported:7 #lin_moves:0 #lin_evals:27'749 #gen_moves:433 #gen_evals:0 #comp_moves:47 #backtracks:193 #weight_updates:5)
#Bound   3.42s best:22000312 next:[408545,22000311] objective_shaving_search_max_lp (vars=2412 csts=3540)
#Bound   3.64s best:22000312 next:[408546,22000311] objective_shaving_search_no_lp (vars=2412 csts=3540)
#Bound   3.65s best:22000312 next:[408547,22000311] objective_shaving_search_max_lp (vars=2412 csts=3540)
#25      3.65s best:22000239 next:[408547,22000238] violation_ls(batch:8 #solutions_imported:8 #lin_moves:24 #lin_evals:9'974 #gen_moves:124 #gen_evals:0 #comp_moves:18 #backtracks:53 #weight_updates:18)
#26      3.65s best:22000166 next:[408547,22000165] violation_ls(batch:8 #solutions_imported:8 #lin_moves:54 #lin_evals:1'905 #gen_moves:4 #gen_evals:0 #comp_moves:4 #backtracks:0 #weight_updates:30)
#27      3.65s best:22000093 next:[408547,22000092] violation_ls(batch:8 #solutions_imported:8 #lin_moves:1 #lin_evals:27'785 #gen_moves:433 #gen_evals:0 #comp_moves:47 #backtracks:193 #weight_updates:5)
#Model   3.82s var:2410/2412 constraints:3537/3539
#Model   4.09s var:2409/2412 constraints:3536/3539
#Bound   4.14s best:22000093 next:[408548,22000092] objective_shaving_search_max_lp (vars=2412 csts=3540)
#28      4.14s best:22000020 next:[408548,22000019] violation_ls(batch:9 #solutions_imported:9 #lin_moves:24 #lin_evals:9'994 #gen_moves:128 #gen_evals:0 #comp_moves:22 #backtracks:53 #weight_updates:18)
#29      4.14s best:21999947 next:[408548,21999946] violation_ls(batch:9 #solutions_imported:9 #lin_moves:55 #lin_evals:1'938 #gen_moves:4 #gen_evals:0 #comp_moves:4 #backtracks:0 #weight_updates:30)
#Bound   5.78s best:21999947 next:[408561,21999946] probing_max_lp
#Bound   5.98s best:21999947 next:[409468,21999946] probing_max_lp
#Bound   6.30s best:21999947 next:[409710,21999946] probing_max_lp
#Bound   6.57s best:21999947 next:[409826,21999946] probing_max_lp
#Bound   6.97s best:21999947 next:[409868,21999946] probing_max_lp
#Bound   7.65s best:21999947 next:[409886,21999946] probing_max_lp
#Bound   7.88s best:21999947 next:[409945,21999946] probing_max_lp
#Bound   8.15s best:21999947 next:[409995,21999946] probing_max_lp
#Bound   8.44s best:21999947 next:[410351,21999946] probing_max_lp
#Bound   8.81s best:21999947 next:[411151,21999946] probing_max_lp
#Model   8.90s var:2408/2412 constraints:3535/3539
#Bound   9.16s best:21999947 next:[411170,21999946] probing_max_lp
#Bound   9.21s best:21999947 next:[411604,21999946] probing_max_lp
#Bound   9.46s best:21999947 next:[412448,21999946] probing_max_lp
#Model  11.04s var:2407/2412 constraints:3534/3539
#Model  11.45s var:2406/2412 constraints:3534/3539
#Model  12.06s var:2405/2412 constraints:3533/3539
#Model  15.22s var:2404/2412 constraints:3531/3539
#Model  16.74s var:2403/2412 constraints:3530/3539
#30     21.65s best:21997328 next:[412448,21997327] quick_restart_no_lp (fixed_bools=91/3294)
#Model  21.75s var:2402/2412 constraints:3530/3539
#31     22.67s best:21995195 next:[412448,21995194] quick_restart_no_lp (fixed_bools=91/3368)
#Model  28.13s var:2401/2412 constraints:3529/3539
#Model  52.19s var:2400/2412 constraints:3527/3539
#Bound  71.11s best:21995195 next:[412449,21995194] probing_max_lp
#Bound  71.34s best:21995195 next:[412454,21995194] probing_max_lp
#Bound  71.79s best:21995195 next:[412465,21995194] probing_max_lp
#Bound  72.01s best:21995195 next:[412468,21995194] probing_max_lp
#Bound  72.21s best:21995195 next:[412469,21995194] probing_max_lp
#Bound  72.41s best:21995195 next:[412471,21995194] probing_max_lp
#Bound  72.86s best:21995195 next:[412473,21995194] probing_max_lp
#Bound  73.07s best:21995195 next:[412485,21995194] probing_max_lp
#Bound  73.38s best:21995195 next:[412486,21995194] probing_max_lp
#Bound  77.67s best:21995195 next:[412487,21995194] probing_max_lp
#Bound  86.30s best:21995195 next:[412494,21995194] probing_max_lp
#Bound  88.86s best:21995195 next:[412495,21995194] probing_max_lp
#Model  94.93s var:2399/2412 constraints:3527/3539
#Bound  96.08s best:21995195 next:[412497,21995194] probing_max_lp
#Bound  96.38s best:21995195 next:[412546,21995194] probing_max_lp
#Bound  97.50s best:21995195 next:[412549,21995194] probing_max_lp
#Bound  98.44s best:21995195 next:[412553,21995194] probing_max_lp
#Bound  98.75s best:21995195 next:[412632,21995194] probing_max_lp
#Bound  99.20s best:21995195 next:[412637,21995194] probing_max_lp
#Bound  99.63s best:21995195 next:[412643,21995194] probing_max_lp
#Bound 100.99s best:21995195 next:[412651,21995194] probing_max_lp
#Bound 101.88s best:21995195 next:[412658,21995194] probing_max_lp
#Bound 102.31s best:21995195 next:[412667,21995194] probing_max_lp
#Bound 103.31s best:21995195 next:[412668,21995194] probing_max_lp
#Bound 104.52s best:21995195 next:[412671,21995194] probing_max_lp
#Bound 105.04s best:21995195 next:[412672,21995194] probing_max_lp
#Bound 105.87s best:21995195 next:[412673,21995194] probing_max_lp
#Bound 106.26s best:21995195 next:[412708,21995194] probing_max_lp
#Bound 106.59s best:21995195 next:[412724,21995194] probing_max_lp
#Bound 107.66s best:21995195 next:[412740,21995194] probing_max_lp
#Bound 112.53s best:21995195 next:[412754,21995194] probing_max_lp
#Bound 112.97s best:21995195 next:[412781,21995194] probing_max_lp
#Bound 113.19s best:21995195 next:[412791,21995194] probing_max_lp
#Bound 113.38s best:21995195 next:[412792,21995194] probing_max_lp
#Bound 113.82s best:21995195 next:[412793,21995194] probing_max_lp
#Bound 116.73s best:21995195 next:[412809,21995194] probing_max_lp
#Bound 116.96s best:21995195 next:[412813,21995194] probing_max_lp
#Bound 121.04s best:21995195 next:[412814,21995194] probing_max_lp
#Bound 121.30s best:21995195 next:[412819,21995194] probing_max_lp
#Bound 121.63s best:21995195 next:[412862,21995194] probing_max_lp
#Bound 122.13s best:21995195 next:[412863,21995194] probing_max_lp
#Bound 122.37s best:21995195 next:[412869,21995194] probing_max_lp
#Bound 125.51s best:21995195 next:[412873,21995194] probing_max_lp
#Bound 127.77s best:21995195 next:[412886,21995194] probing_max_lp
#Model 149.33s var:2398/2412 constraints:3526/3539
#Bound 157.67s best:21995195 next:[412887,21995194] probing_max_lp
#Bound 158.64s best:21995195 next:[412888,21995194] probing_max_lp
#Bound 159.54s best:21995195 next:[412893,21995194] probing_max_lp
#Bound 162.96s best:21995195 next:[412894,21995194] probing_max_lp
#Bound 163.15s best:21995195 next:[412899,21995194] probing_max_lp
#Bound 164.90s best:21995195 next:[412900,21995194] probing_max_lp
#Bound 165.65s best:21995195 next:[412901,21995194] probing_max_lp
#Bound 166.71s best:21995195 next:[412902,21995194] probing_max_lp
#Bound 169.54s best:21995195 next:[412908,21995194] probing_max_lp
#Bound 170.22s best:21995195 next:[412911,21995194] probing_max_lp
#Bound 174.34s best:21995195 next:[412912,21995194] probing_max_lp
#Bound 191.83s best:21995195 next:[412920,21995194] probing_max_lp
#Bound 194.87s best:21995195 next:[412921,21995194] probing_max_lp
#Bound 204.82s best:21995195 next:[412954,21995194] probing_max_lp
#Bound 210.85s best:21995195 next:[412956,21995194] probing_max_lp
#Bound 214.66s best:21995195 next:[412957,21995194] probing_max_lp
#Bound 299.20s best:21995195 next:[412958,21995194] probing_max_lp
#32    520.92s best:21989444 next:[412958,21989443] quick_restart_no_lp (fixed_bools=336/4038)
#33    769.64s best:21989012 next:[412958,21989011] quick_restart_no_lp (fixed_bools=400/4741)
#34    777.95s best:21984476 next:[412958,21984475] quick_restart_no_lp (fixed_bools=400/4842)
#Bound 808.01s best:21984476 next:[412959,21984475] probing_max_lp
#35    925.74s best:21981398 next:[412959,21981397] quick_restart_no_lp (fixed_bools=422/5439)
#36    996.42s best:21979130 next:[412959,21979129] quick_restart_no_lp (fixed_bools=438/5692)
#37    1333.87s best:21977375 next:[412959,21977374] quick_restart_no_lp (fixed_bools=486/6487)
#38    1857.70s best:21975134 next:[412959,21975133] quick_restart_no_lp (fixed_bools=543/7668)
#39    2278.48s best:21969248 next:[412959,21969247] quick_restart_no_lp (fixed_bools=570/8494)
#40    2423.97s best:21967169 next:[412959,21967168] quick_restart_no_lp (fixed_bools=578/9075)
#41    2578.73s best:21961121 next:[412959,21961120] quick_restart_no_lp (fixed_bools=587/9572)
#42    3304.72s best:1397049 next:[412959,1397048] objective_lb_search_no_lp (fixed_bools=679/3741)
#43    3304.95s best:1377849 next:[412959,1377848] objective_lb_search_no_lp (fixed_bools=679/3798)
#44    3304.98s best:1053885 next:[412959,1053884] objective_lb_search_no_lp (fixed_bools=679/3842)
#45    3305.10s best:875065 next:[412959,875064] objective_lb_search_no_lp (fixed_bools=679/3881)
#46    3305.54s best:870529 next:[412959,870528] objective_lb_search_no_lp (fixed_bools=679/3901)
#47    3375.89s best:867829 next:[412959,867828] quick_restart_no_lp (fixed_bools=633/11250)
#48    3383.02s best:864238 next:[412959,864237] quick_restart_no_lp (fixed_bools=633/11540)
#49    3389.05s best:858487 next:[412959,858486] quick_restart_no_lp (fixed_bools=633/11655)
#50    3394.05s best:856732 next:[412959,856731] quick_restart_no_lp (fixed_bools=633/11691)
#51    3394.27s best:853411 next:[412959,853410] quick_restart_no_lp (fixed_bools=633/11703)
#52    3395.48s best:851332 next:[412959,851331] quick_restart_no_lp (fixed_bools=633/11753)
#53    3399.65s best:845284 next:[412959,845283] quick_restart_no_lp (fixed_bools=633/11821)
#Bound 3478.74s best:845284 next:[423498,845283] pseudo_costs
#Bound 3479.43s best:845284 next:[423499,845283] pseudo_costs
#Bound 3479.89s best:845284 next:[425105,845283] pseudo_costs
#Bound 3480.18s best:845284 next:[426981,845283] pseudo_costs
#Bound 3480.35s best:845284 next:[427197,845283] pseudo_costs
#Bound 3480.62s best:845284 next:[427198,845283] pseudo_costs
#Bound 3480.94s best:845284 next:[427328,845283] pseudo_costs
#Bound 3481.17s best:845284 next:[427413,845283] pseudo_costs
#54    3560.71s best:843421 next:[427413,843420] quick_restart_no_lp (fixed_bools=3804/12371)
#55    3569.56s best:838912 next:[427413,838911] quick_restart_no_lp (fixed_bools=3882/12395)
#Bound 4595.22s best:838912 next:[427878,838911] pseudo_costs
#Bound 4698.44s best:838912 next:[427879,838911] reduced_costs
#Bound 4698.83s best:838912 next:[427889,838911] reduced_costs
#Bound 4699.16s best:838912 next:[429646,838911] reduced_costs
#Bound 4699.59s best:838912 next:[429852,838911] reduced_costs
#Bound 4699.87s best:838912 next:[430047,838911] reduced_costs
#Bound 4700.55s best:838912 next:[430051,838911] reduced_costs
#Bound 4701.07s best:838912 next:[431632,838911] reduced_costs
#Bound 4701.38s best:838912 next:[431742,838911] reduced_costs
#Bound 4701.67s best:838912 next:[431793,838911] reduced_costs
#Bound 4736.22s best:838912 next:[431794,838911] reduced_costs
#Bound 4736.82s best:838912 next:[431806,838911] reduced_costs
#Bound 4737.47s best:838912 next:[431816,838911] reduced_costs
#Bound 4737.49s best:838912 next:[431866,838911] reduced_costs
#Bound 4737.74s best:838912 next:[431938,838911] reduced_costs
#Bound 4738.05s best:838912 next:[431947,838911] reduced_costs
#Bound 4738.30s best:838912 next:[432010,838911] reduced_costs
#Bound 4738.56s best:838912 next:[432037,838911] reduced_costs
#Bound 4738.76s best:838912 next:[432038,838911] reduced_costs
#Bound 4738.99s best:838912 next:[432047,838911] reduced_costs
#Bound 4739.58s best:838912 next:[432066,838911] reduced_costs
#Bound 4739.97s best:838912 next:[432067,838911] reduced_costs
#Bound 4740.62s best:838912 next:[432074,838911] reduced_costs
#Bound 4741.13s best:838912 next:[432077,838911] reduced_costs
#Bound 4742.30s best:838912 next:[432078,838911] reduced_costs
#Bound 4742.84s best:838912 next:[432081,838911] reduced_costs
#Bound 4743.15s best:838912 next:[432093,838911] reduced_costs
#Bound 4743.50s best:838912 next:[432098,838911] reduced_costs
#Bound 4743.89s best:838912 next:[432109,838911] reduced_costs
#Bound 4744.25s best:838912 next:[432111,838911] reduced_costs
#Bound 4744.74s best:838912 next:[432128,838911] reduced_costs
#Bound 4745.34s best:838912 next:[432137,838911] reduced_costs
#Bound 4764.71s best:838912 next:[432143,838911] reduced_costs
#Bound 4765.09s best:838912 next:[432166,838911] reduced_costs
#Bound 4765.55s best:838912 next:[432182,838911] reduced_costs
#Bound 4765.92s best:838912 next:[432192,838911] reduced_costs
#Bound 4766.39s best:838912 next:[432193,838911] reduced_costs
#Bound 4766.75s best:838912 next:[432196,838911] reduced_costs
#Bound 4767.44s best:838912 next:[432203,838911] reduced_costs
#Bound 4767.72s best:838912 next:[432204,838911] reduced_costs
#Bound 4768.13s best:838912 next:[432205,838911] reduced_costs
#Bound 4768.90s best:838912 next:[432232,838911] reduced_costs
#Bound 4769.37s best:838912 next:[432258,838911] reduced_costs
#Bound 4801.60s best:838912 next:[432259,838911] reduced_costs
#Bound 4802.16s best:838912 next:[432261,838911] reduced_costs
#Bound 4802.63s best:838912 next:[432273,838911] reduced_costs
#Bound 4803.11s best:838912 next:[432827,838911] reduced_costs
#Bound 4804.55s best:838912 next:[432830,838911] reduced_costs
#Bound 4806.18s best:838912 next:[432859,838911] reduced_costs
#Bound 4807.79s best:838912 next:[432887,838911] reduced_costs
#Bound 4808.08s best:838912 next:[432906,838911] reduced_costs
#56    4828.88s best:836644 next:[432906,836643] quick_restart_no_lp (fixed_bools=4065/13153)
#Bound 4845.66s best:836644 next:[432907,836643] reduced_costs
#Bound 4846.80s best:836644 next:[433023,836643] reduced_costs
#Bound 4847.81s best:836644 next:[433149,836643] reduced_costs
#Bound 4848.27s best:836644 next:[433161,836643] reduced_costs
#Bound 4848.64s best:836644 next:[433162,836643] reduced_costs
#Bound 4849.36s best:836644 next:[433186,836643] reduced_costs
#Bound 4849.71s best:836644 next:[433261,836643] reduced_costs
#Bound 4850.12s best:836644 next:[433500,836643] reduced_costs
#Bound 4850.47s best:836644 next:[433504,836643] reduced_costs
#Bound 4850.52s best:836644 next:[433545,836643] reduced_costs
#Bound 4851.47s best:836644 next:[433546,836643] reduced_costs
#Bound 4851.86s best:836644 next:[433559,836643] reduced_costs
#Bound 4852.29s best:836644 next:[433575,836643] reduced_costs
#Bound 4852.71s best:836644 next:[433580,836643] reduced_costs
#Bound 4853.25s best:836644 next:[433773,836643] reduced_costs
#Bound 4853.72s best:836644 next:[433782,836643] reduced_costs
#Bound 4854.07s best:836644 next:[433795,836643] reduced_costs
#Bound 4854.87s best:836644 next:[433798,836643] reduced_costs
#Bound 4856.10s best:836644 next:[433799,836643] reduced_costs
#Bound 4856.46s best:836644 next:[433818,836643] reduced_costs
#Bound 4857.50s best:836644 next:[433838,836643] reduced_costs
#Bound 4858.07s best:836644 next:[433846,836643] reduced_costs
#Bound 4858.24s best:836644 next:[433853,836643] reduced_costs
#Bound 4858.60s best:836644 next:[433856,836643] reduced_costs
#Bound 4858.82s best:836644 next:[433870,836643] reduced_costs
#Bound 4859.01s best:836644 next:[433884,836643] reduced_costs
#Bound 4859.19s best:836644 next:[433886,836643] reduced_costs
#Bound 4859.40s best:836644 next:[433897,836643] reduced_costs
#Bound 4885.27s best:836644 next:[433909,836643] reduced_costs
#Bound 4914.50s best:836644 next:[433934,836643] reduced_costs
#Bound 4915.09s best:836644 next:[433946,836643] reduced_costs
#Bound 4929.37s best:836644 next:[433960,836643] reduced_costs
#Bound 4929.60s best:836644 next:[433985,836643] reduced_costs
#Bound 4930.88s best:836644 next:[433992,836643] reduced_costs
#Bound 4931.17s best:836644 next:[433997,836643] reduced_costs
#Bound 4931.50s best:836644 next:[434002,836643] reduced_costs
#Bound 4931.73s best:836644 next:[434007,836643] reduced_costs
#Bound 4940.70s best:836644 next:[434011,836643] reduced_costs
#Bound 4953.41s best:836644 next:[434014,836643] reduced_costs
#Bound 4975.73s best:836644 next:[434017,836643] reduced_costs
#Bound 5004.67s best:836644 next:[434023,836643] reduced_costs
#Bound 5005.09s best:836644 next:[434028,836643] reduced_costs
#Bound 5008.71s best:836644 next:[434038,836643] reduced_costs
#Bound 5009.65s best:836644 next:[434042,836643] reduced_costs
#Bound 5009.67s best:836644 next:[434062,836643] reduced_costs
#Bound 5010.07s best:836644 next:[434108,836643] reduced_costs
#Bound 5015.65s best:836644 next:[434109,836643] reduced_costs
#Bound 5038.61s best:836644 next:[434125,836643] reduced_costs
#Bound 5038.97s best:836644 next:[434126,836643] reduced_costs
#Bound 5039.20s best:836644 next:[434138,836643] reduced_costs
#Bound 5039.70s best:836644 next:[434180,836643] reduced_costs
#Bound 5041.42s best:836644 next:[434181,836643] reduced_costs
#Bound 5065.15s best:836644 next:[434183,836643] reduced_costs
#Bound 5078.04s best:836644 next:[434216,836643] reduced_costs
#Bound 5082.03s best:836644 next:[434217,836643] reduced_costs
#Bound 5086.35s best:836644 next:[434223,836643] reduced_costs
#Bound 5115.76s best:836644 next:[434317,836643] probing_max_lp
#Bound 5116.33s best:836644 next:[434323,836643] probing_max_lp
#Bound 5116.74s best:836644 next:[434327,836643] probing_max_lp
#Bound 5117.13s best:836644 next:[434336,836643] probing_max_lp
#Bound 5117.67s best:836644 next:[434382,836643] probing_max_lp
#Bound 5118.26s best:836644 next:[434537,836643] probing_max_lp
#Bound 5120.67s best:836644 next:[434561,836643] probing_max_lp
#Bound 5121.16s best:836644 next:[434569,836643] probing_max_lp
#Bound 5121.78s best:836644 next:[434571,836643] probing_max_lp
#Bound 5126.65s best:836644 next:[434607,836643] probing_max_lp
#Bound 5132.04s best:836644 next:[434625,836643] probing_max_lp
#Bound 5143.16s best:836644 next:[434663,836643] probing_max_lp
#Bound 5143.65s best:836644 next:[434664,836643] probing_max_lp
#Bound 5144.23s best:836644 next:[434672,836643] probing_max_lp
#Bound 5144.87s best:836644 next:[434715,836643] probing_max_lp
#Bound 5154.36s best:836644 next:[434751,836643] probing_max_lp
#Bound 5155.46s best:836644 next:[435128,836643] probing_max_lp
#Bound 5156.63s best:836644 next:[435539,836643] probing_max_lp
#Bound 5157.15s best:836644 next:[436638,836643] probing_max_lp
#57    5193.29s best:831487 next:[436638,831486] quick_restart_no_lp (fixed_bools=4147/13313)
#Model 5427.79s var:2397/2412 constraints:3521/3539
#Bound 5622.31s best:831487 next:[436639,831486] probing_max_lp
#Bound 5622.78s best:831487 next:[436766,831486] probing_max_lp
#Bound 5623.17s best:831487 next:[436862,831486] probing_max_lp
#Bound 5623.59s best:831487 next:[437012,831486] probing_max_lp
#Bound 5624.05s best:831487 next:[437065,831486] probing_max_lp
#Bound 5624.54s best:831487 next:[437117,831486] probing_max_lp
#Bound 5625.16s best:831487 next:[437617,831486] probing_max_lp
#Bound 5627.57s best:831487 next:[438147,831486] probing_max_lp
#Bound 5628.90s best:831487 next:[438148,831486] probing_max_lp
#Bound 5629.32s best:831487 next:[440553,831486] probing_max_lp
#Bound 5632.96s best:831487 next:[440554,831486] probing_max_lp
#Bound 5633.61s best:831487 next:[441018,831486] probing_max_lp
#Bound 6637.23s best:831487 next:[441036,831486] max_lp
#Bound 6637.43s best:831487 next:[441054,831486] max_lp
#Bound 6637.71s best:831487 next:[441055,831486] max_lp
#Bound 6637.94s best:831487 next:[441091,831486] max_lp
#58    6801.06s best:829489 next:[441091,829488] quick_restart_no_lp (fixed_bools=4518/13802)
#59    9351.19s best:814740 next:[441091,814739] core (fixed_bools=2305/21592)
#60    9431.95s best:812040 next:[441091,812039] quick_restart_no_lp (fixed_bools=5039/15557)
#61    9432.76s best:810636 next:[441091,810635] quick_restart_no_lp (fixed_bools=5039/15576)
#62    9460.90s best:806100 next:[441091,806099] quick_restart_no_lp (fixed_bools=5045/15772)
#Model 9492.39s var:2396/2412 constraints:3520/3539
#63    9520.45s best:804291 next:[441091,804290] quick_restart_no_lp (fixed_bools=5211/15890)
#64    10131.92s best:801672 next:[441091,801671] quick_restart_no_lp (fixed_bools=5299/16478)
#65    10700.31s best:797136 next:[441091,797135] quick_restart_no_lp (fixed_bools=5437/16924)
#66    10810.64s best:791979 next:[441091,791978] quick_restart_no_lp (fixed_bools=5614/17133)
#Bound 12613.14s best:791979 next:[441092,791978] pseudo_costs
#Bound 12613.68s best:791979 next:[441128,791978] pseudo_costs
#Bound 12614.08s best:791979 next:[441164,791978] pseudo_costs
#67    13806.65s best:789009 next:[441164,789008] quick_restart_no_lp (fixed_bools=5858/19597)
#68    14479.23s best:785958 next:[441164,785957] quick_restart_no_lp (fixed_bools=6013/19984)
#69    16409.61s best:780477 next:[441164,780476] quick_restart_no_lp (fixed_bools=6121/21479)
#Model 16470.27s var:2395/2412 constraints:3520/3539
#70    18250.70s best:776994 next:[441164,776993] quick_restart_no_lp (fixed_bools=6342/23051)
#71    19138.46s best:773916 next:[441164,773915] quick_restart_no_lp (fixed_bools=6483/23849)
#72    19273.00s best:769218 next:[441164,769217] quick_restart_no_lp (fixed_bools=6536/24000)
#Model 19303.63s var:2394/2412 constraints:3513/3539
#Bound 19372.58s best:769218 next:[441165,769217] reduced_costs
#Bound 19374.16s best:769218 next:[441167,769217] reduced_costs
#Bound 19374.33s best:769218 next:[441193,769217] reduced_costs
#Bound 19374.72s best:769218 next:[441237,769217] reduced_costs
#Bound 23317.45s best:769218 next:[441238,769217] pseudo_costs
#Bound 23317.83s best:769218 next:[441305,769217] pseudo_costs
#Bound 23318.68s best:769218 next:[441310,769217] pseudo_costs

Task timing                                  n [     min,      max]      avg      dev     time         n [     min,      max]      avg      dev    dtime
                             'core':         1 [   8.00h,    8.00h]    8.00h   0.00ns    8.00h         1 [   7.29h,    7.29h]    7.29h   0.00ns    7.29h
                       'default_lp':         1 [   8.00h,    8.00h]    8.00h   0.00ns    8.00h         1 [   1.19h,    1.19h]    1.19h   0.00ns    1.19h
                 'feasibility_pump':         2 [810.47ms,    4.00s]    2.41s    1.60s    4.81s         1 [938.88ms, 938.88ms] 938.88ms   0.00ns 938.88ms
                  'fj_long_default':         1 [328.45ms, 328.45ms] 328.45ms   0.00ns 328.45ms         1 [ 18.37ms,  18.37ms]  18.37ms   0.00ns  18.37ms
              'fj_long_lin_default':         2 [ 81.66ms, 167.19ms] 124.43ms  42.76ms 248.85ms         2 [ 15.72ms,  18.59ms]  17.15ms   1.44ms  34.31ms
                   'fj_long_random':         1 [193.61ms, 193.61ms] 193.61ms   0.00ns 193.61ms         1 [ 21.79ms,  21.79ms]  21.79ms   0.00ns  21.79ms
                 'fj_short_default':         5 [ 47.89ms, 384.48ms] 119.50ms 132.57ms 597.50ms         5 [ 13.75ms,  20.67ms]  17.10ms   2.37ms  85.48ms
             'fj_short_lin_default':         2 [ 45.33ms, 177.50ms] 111.41ms  66.09ms 222.82ms         2 [ 12.01ms,  14.86ms]  13.43ms   1.43ms  26.86ms
              'fj_short_lin_random':         5 [ 40.93ms,  57.35ms]  46.57ms   6.04ms 232.83ms         5 [ 14.03ms,  18.74ms]  15.87ms   1.70ms  79.37ms
                  'fj_short_random':         1 [264.18ms, 264.18ms] 264.18ms   0.00ns 264.18ms         1 [ 12.66ms,  12.66ms]  12.66ms   0.00ns  12.66ms
                        'fs_random':         1 [   1.33s,    1.33s]    1.33s   0.00ns    1.33s         1 [ 20.00ns,  20.00ns]  20.00ns   0.00ns  20.00ns
                        'fs_random':         1 [   1.37s,    1.37s]    1.37s   0.00ns    1.37s         1 [ 20.00ns,  20.00ns]  20.00ns   0.00ns  20.00ns
                  'fs_random_no_lp':         1 [   1.06s,    1.06s]    1.06s   0.00ns    1.06s         0 [  0.00ns,   0.00ns]   0.00ns   0.00ns   0.00ns
                  'fs_random_no_lp':         1 [   1.15s,    1.15s]    1.15s   0.00ns    1.15s         0 [  0.00ns,   0.00ns]   0.00ns   0.00ns   0.00ns
          'fs_random_quick_restart':         1 [   1.07s,    1.07s]    1.07s   0.00ns    1.07s         1 [ 20.00ns,  20.00ns]  20.00ns   0.00ns  20.00ns
          'fs_random_quick_restart':         1 [   1.37s,    1.37s]    1.37s   0.00ns    1.37s         1 [ 20.00ns,  20.00ns]  20.00ns   0.00ns  20.00ns
    'fs_random_quick_restart_no_lp':         1 [   1.14s,    1.14s]    1.14s   0.00ns    1.14s         0 [  0.00ns,   0.00ns]   0.00ns   0.00ns   0.00ns
                    'graph_arc_lns':         8 [235.59ms,    8.00h]    1.00h    2.65h    8.00h         8 [ 10.00ns, 101.42ms]  87.90ms  33.23ms 703.23ms
                    'graph_cst_lns':         8 [150.84ms,    8.00h]    3.00h    3.87h   24.00h         6 [ 30.00ns, 100.11ms]  83.37ms  37.28ms 500.23ms
                    'graph_dec_lns':         8 [203.08ms,    8.00h]    4.00h    4.00h   32.00h         5 [ 40.00ns, 100.11ms]  80.04ms  40.02ms 400.21ms
                    'graph_var_lns':         8 [198.83ms,    8.00h]    2.00h    3.46h   16.00h         6 [ 20.00ns, 200.06ms] 100.23ms  57.75ms 601.40ms
                   'lb_tree_search':         1 [   8.00h,    8.00h]    8.00h   0.00ns    8.00h         1 [   1.90h,    1.90h]    1.90h   0.00ns    1.90h
                           'max_lp':         1 [   8.00h,    8.00h]    8.00h   0.00ns    8.00h         1 [  52.34m,   52.34m]   52.34m   0.00ns   52.34m
                            'no_lp':         1 [   8.00h,    8.00h]    8.00h   0.00ns    8.00h         1 [   7.71h,    7.71h]    7.71h   0.00ns    7.71h
              'objective_lb_search':         1 [   8.00h,    8.00h]    8.00h   0.00ns    8.00h         1 [   1.20h,    1.20h]    1.20h   0.00ns    1.20h
       'objective_lb_search_max_lp':         1 [   8.00h,    8.00h]    8.00h   0.00ns    8.00h         1 [  17.14h,   17.14h]   17.14h   0.00ns   17.14h
        'objective_lb_search_no_lp':         1 [   8.00h,    8.00h]    8.00h   0.00ns    8.00h         1 [   7.62h,    7.62h]    7.62h   0.00ns    7.62h
  'objective_shaving_search_max_lp':         9 [  8.74ms, 844.29ms] 121.81ms 256.44ms    1.10s         1 [ 30.12ms,  30.12ms]  30.12ms   0.00ns  30.12ms
   'objective_shaving_search_no_lp':         9 [  9.11ms, 689.73ms] 117.36ms 213.83ms    1.06s         1 [ 27.26ms,  27.26ms]  27.26ms   0.00ns  27.26ms
                          'probing':         1 [   8.00h,    8.00h]    8.00h   0.00ns    8.00h         1 [   1.19h,    1.19h]    1.19h   0.00ns    1.19h
                   'probing_max_lp':         1 [   8.00h,    8.00h]    8.00h   0.00ns    8.00h         1 [  40.93m,   40.93m]   40.93m   0.00ns   40.93m
                     'pseudo_costs':         1 [   8.00h,    8.00h]    8.00h   0.00ns    8.00h         1 [  39.73m,   39.73m]   39.73m   0.00ns   39.73m
                    'quick_restart':         1 [   8.00h,    8.00h]    8.00h   0.00ns    8.00h         1 [   1.16h,    1.16h]    1.16h   0.00ns    1.16h
              'quick_restart_no_lp':         1 [   8.00h,    8.00h]    8.00h   0.00ns    8.00h         1 [   6.50h,    6.50h]    6.50h   0.00ns    6.50h
                    'reduced_costs':         1 [   8.00h,    8.00h]    8.00h   0.00ns    8.00h         1 [  41.76m,   41.76m]   41.76m   0.00ns   41.76m
                        'rins/rens':         2 [436.77ms,    8.00h]    4.00h    4.00h    8.00h         2 [ 10.00ns, 100.67ms]  50.34ms  50.34ms 100.67ms
                      'rnd_cst_lns':         9 [227.55ms,    8.00h]    2.67h    3.77h   24.00h         7 [  1.35us, 100.10ms]  85.74ms  35.00ms 600.20ms
                      'rnd_var_lns':         9 [176.04ms,    8.00h]    3.56h    3.97h   32.00h         6 [ 90.00ns, 100.23ms]  83.40ms  37.30ms 500.39ms
                     'violation_ls':         9 [281.22us,   9.78ms]   2.80ms   3.55ms  25.18ms         9 [  6.66us,   2.89ms] 637.77us   1.05ms   5.74ms
                     'violation_ls':         9 [286.29us,  15.17ms]   4.36ms   5.09ms  39.26ms         9 [  3.99us, 105.85us]  32.67us  39.15us 294.07us
                     'violation_ls':         9 [312.16us,  16.40ms]   2.95ms   4.86ms  26.51ms         9 [  5.26us, 883.34us] 178.68us 294.62us   1.61ms

Search stats                         Bools   Conflicts       Branches    Restarts      BoolPropag   IntegerPropag
                           'core':  65'508  17'657'325    714'755'295  85'272'464  80'980'068'836  17'741'095'999
                     'default_lp':   2'825          14        121'664      62'202       5'373'253      11'480'724
                      'fs_random':   2'017           0          1'130       1'130          23'961          74'918
                      'fs_random':   2'017           0          2'052       2'052          40'005         141'696
                'fs_random_no_lp':   2'017           0          2'052       2'052          40'005         141'696
                'fs_random_no_lp':   2'017           0          2'620       2'620          50'690         231'879
        'fs_random_quick_restart':   2'017           0          2'620       2'620          50'690         231'879
        'fs_random_quick_restart':   2'017           0          2'620       2'620          50'690         231'879
  'fs_random_quick_restart_no_lp':   2'017           0          2'052       2'052          40'005         141'696
                 'lb_tree_search':   2'825          14         27'418      20'789       1'436'147       3'084'717
                         'max_lp':   2'825          10         52'072      33'198       2'670'629       5'748'963
                          'no_lp':  66'330  22'503'047    703'254'553  84'236'954  76'537'087'100  17'928'044'499
            'objective_lb_search':   2'825          19        121'373      62'058       5'366'498      11'488'474
     'objective_lb_search_max_lp':   2'825          11          9'553       9'553         337'171         832'615
      'objective_lb_search_no_lp':  58'094  23'005'129    698'315'360  91'636'256  60'677'873'555  19'473'349'593
                        'probing':   2'825          21        121'495      62'843       5'461'132      11'607'171
                 'probing_max_lp':   2'825          26         46'491      30'709       2'442'962       5'207'133
                   'pseudo_costs':   2'825          11         62'291      38'364       3'137'558       6'709'046
                  'quick_restart':   2'825          21        116'595      60'455       5'203'302      11'135'019
            'quick_restart_no_lp':  29'544  28'867'855  1'545'601'124  92'370'516  59'154'598'473  23'722'671'670
                  'reduced_costs':   2'825          11         65'672      40'028       3'299'294       7'073'950

SAT stats                           ClassicMinim   LitRemoved     LitLearned   LitForgotten   Subsumed   MClauses  MDecisions  MLitTrue  MSubsumed  MLitRemoved  MReused
                           'core':    16'697'698  153'356'746  5'205'772'755  5'063'886'916    427'819    501'325   7'761'802         4      2'964       47'110   98'790
                     'default_lp':             2            3             16              0          0          0           0         0          0            0        0
                      'fs_random':             0            0              0              0          0          0           0         0          0            0        0
                      'fs_random':             0            0              0              0          0          0           0         0          0            0        0
                'fs_random_no_lp':             0            0              0              0          0          0           0         0          0            0        0
                'fs_random_no_lp':             0            0              0              0          0          0           0         0          0            0        0
        'fs_random_quick_restart':             0            0              0              0          0          0           0         0          0            0        0
        'fs_random_quick_restart':             0            0              0              0          0          0           0         0          0            0        0
  'fs_random_quick_restart_no_lp':             0            0              0              0          0          0           0         0          0            0        0
                 'lb_tree_search':             2            5             16              0          0          0           0         0          0            0        0
                         'max_lp':             1            4             11              0          0          0           0         0          0            0        0
                          'no_lp':    21'461'208  201'451'372  6'589'077'873  6'436'030'794    462'322    600'521   5'988'593        14      3'118       50'642   90'917
            'objective_lb_search':             7           10             26              0          0          0           0         0          0            0        0
     'objective_lb_search_max_lp':             0            0             11              0          0          0           0         0          0            0        0
      'objective_lb_search_no_lp':    22'026'241  212'487'874  6'825'522'330  6'680'872'270    434'419    784'154   5'893'838         0      3'086       38'880  133'695
                        'probing':             4            7             26              0          0          0           0         0          0            0        0
                 'probing_max_lp':             2            3             28              0          0          0           0         0          0            0        0
                   'pseudo_costs':             2            2             13              0          0          0           0         0          0            0        0
                  'quick_restart':             3            4             25              0          0          0           0         0          0            0        0
            'quick_restart_no_lp':    26'458'743  200'838'707  8'881'643'612  8'541'684'705  1'082'411  1'731'121  10'442'117        31      3'263       19'562  207'520
                  'reduced_costs':             1            2             12              0          0          0           0         0          0            0        0

Lp stats                         Component  Iterations  AddedCuts  OPTIMAL  DUAL_F.  DUAL_U.
                  'default_lp':          1  16'360'246  7'281'453  346'036      103        2
                   'fs_random':          1           0          0        0        0        0
                   'fs_random':          1           0          0        0        0        0
     'fs_random_quick_restart':          1           0          0        0        0        0
     'fs_random_quick_restart':          1           0          0        0        0        0
              'lb_tree_search':          1  12'876'502  1'483'076   84'036   10'154        0
                      'max_lp':          1   7'042'316  2'957'045  118'452   29'624        2
         'objective_lb_search':          1  16'149'134  7'296'982  345'480      118        1
  'objective_lb_search_max_lp':          1  40'614'041    152'281    5'683    1'511        0
                     'probing':          1  16'507'180  7'212'862  349'847      115        3
              'probing_max_lp':          1   5'862'490  1'428'821  107'774   26'821        0
                'pseudo_costs':          1   6'162'618  1'746'296  133'699   37'387        0
               'quick_restart':          1  15'805'226  7'087'882  337'250      103        2
               'reduced_costs':          1   6'632'438  1'915'360  142'473   38'220        1

Lp dimension                                                                         Final dimension of first component
                  'default_lp':   4335 rows, 2411 columns, 41756 entries with magnitude in [5.743725e-06, 1.000000e+00]
                   'fs_random':          0 rows, 2411 columns, 0 entries with magnitude in [0.000000e+00, 0.000000e+00]
                   'fs_random':          0 rows, 2411 columns, 0 entries with magnitude in [0.000000e+00, 0.000000e+00]
     'fs_random_quick_restart':          0 rows, 2411 columns, 0 entries with magnitude in [0.000000e+00, 0.000000e+00]
     'fs_random_quick_restart':          0 rows, 2411 columns, 0 entries with magnitude in [0.000000e+00, 0.000000e+00]
              'lb_tree_search':  5577 rows, 2412 columns, 166253 entries with magnitude in [2.749986e-06, 1.000000e+00]
                      'max_lp':   2443 rows, 2412 columns, 38773 entries with magnitude in [3.835654e-05, 1.000000e+00]
         'objective_lb_search':   4065 rows, 2411 columns, 44931 entries with magnitude in [4.182572e-06, 1.000000e+00]
  'objective_lb_search_max_lp':  5561 rows, 2412 columns, 688741 entries with magnitude in [1.903406e-06, 1.000000e+00]
                     'probing':   3852 rows, 2411 columns, 39445 entries with magnitude in [2.425154e-06, 1.000000e+00]
              'probing_max_lp':   2637 rows, 2412 columns, 44723 entries with magnitude in [4.100563e-06, 1.000000e+00]
                'pseudo_costs':   2629 rows, 2412 columns, 54290 entries with magnitude in [9.361615e-06, 1.000000e+00]
               'quick_restart':   3992 rows, 2411 columns, 51248 entries with magnitude in [3.449240e-06, 1.000000e+00]
               'reduced_costs':   2955 rows, 2412 columns, 42163 entries with magnitude in [8.585254e-06, 1.000000e+00]

Lp debug                         CutPropag  CutEqPropag  Adjust  Overflow          Bad  BadScaling
                  'default_lp':          0        4'945   7'100         0  253'768'595           0
                   'fs_random':          0            0       0         0            0           0
                   'fs_random':          0            0       0         0            0           0
     'fs_random_quick_restart':          0            0       0         0            0           0
     'fs_random_quick_restart':          0            0       0         0            0           0
              'lb_tree_search':          6        2'779  71'794         0  151'542'324           0
                      'max_lp':          0        2'279  76'562         1  185'257'590           0
         'objective_lb_search':          0        5'841   5'295         0  253'776'831           0
  'objective_lb_search_max_lp':          0          227   1'846         0    9'309'273           0
                     'probing':          0        3'803     698         0  254'702'385           0
              'probing_max_lp':         10        2'598  28'177        11  181'569'111           0
                'pseudo_costs':          0        3'511  52'318         0  230'918'122           0
               'quick_restart':          0        5'286   5'866         0  252'668'753           0
               'reduced_costs':          0        2'982  60'344         1  240'008'420           0

Lp pool                          Constraints  Updates  Simplif  Merged  Shortened   Split  Strenghtened             Cuts/Call
                  'default_lp':       12'219   86'650   16'602     125        796  10'585       299'973  7'281'453/13'838'542
                   'fs_random':        2'891        0        0       0          0       0             0                   0/0
                   'fs_random':        2'891        0        0       0          0       0             0                   0/0
     'fs_random_quick_restart':        2'891        0        0       0          0       0             0                   0/0
     'fs_random_quick_restart':        2'891        0        0       0          0       0             0                   0/0
              'lb_tree_search':       12'592   88'371   29'020      22      4'950  64'010       250'290  1'483'076/11'028'562
                      'max_lp':       12'488   78'293  127'509      95      8'151  32'561       516'358   2'957'045/5'210'321
         'objective_lb_search':       12'743   95'661   17'567     130      1'924  12'050       305'393  7'296'982/13'676'945
  'objective_lb_search_max_lp':       12'798    4'946    3'583      21        915   3'009        18'665       152'281/327'230
                     'probing':       12'630   85'036   17'867     123      1'213  10'018       299'439  7'212'862/13'477'417
              'probing_max_lp':       13'351   71'985   35'093       8      8'135  48'210       281'798   1'428'821/2'961'910
                'pseudo_costs':       12'765   99'108   34'339      69      4'387  44'717       359'765   1'746'296/4'188'622
               'quick_restart':       12'655   88'981   17'247     118      1'080  10'139       297'008  7'087'882/13'469'022
               'reduced_costs':       12'847   87'378   35'724      51      4'272  46'955       404'781   1'915'360/4'417'716

Lp Cut               defaul   max_lp     quick_   reduce   pseudo   lb_tre     probin     object   probin  object
          CG_FF:    310'649   34'185    298'858   44'688   37'330   35'658    311'772    296'855   32'478   7'416
           CG_K:      8'363   14'768      7'911    8'779    8'022    9'725      8'108      7'054    9'213   1'486
          CG_KL:         26        1         17        4        2        6         31         19        2       -
           CG_R:    163'006   37'111    165'796   41'587   37'680   31'297    156'954    167'119   30'353   3'002
          CG_RB:  1'612'491  978'018  1'554'161  239'175  213'133  218'845  1'593'813  1'625'164  223'589  36'728
         CG_RBP:     12'763   67'084      8'757   18'081   13'189   24'946     11'576      7'454   35'834   6'068
         Clique:          -   39'435          -   46'030   42'674   35'023          -          -   32'095   1'105
             IB:  1'613'493  172'798  1'645'350  224'078  201'997  153'847  1'631'319  1'625'160  152'915  13'329
       MIR_1_FF:  1'206'112  123'785  1'141'940  184'986  171'651  142'151  1'192'589  1'236'444  129'866  10'356
        MIR_1_K:     10'388    5'593     11'437    7'618    6'622   12'402     10'089     11'161    4'922     303
       MIR_1_KL:      1'407       77      1'434       61       89      110      1'769      1'478       98       -
        MIR_1_R:     33'018   13'982     29'466   10'412   11'603    8'536     30'932     34'935    7'353     484
       MIR_1_RB:    998'660  324'132    942'047  395'802  352'375  262'078    964'440    974'654  251'862  20'977
      MIR_1_RBP:      3'683   40'988      3'620    8'122    7'311    6'862      4'111      3'489    3'490   1'546
      MIR_1_RLT:          -      487          -      577      558      428          -          -      442      12
       MIR_2_FF:     93'385   21'164     92'624   27'185   22'488   20'120     90'234     96'570   19'684   1'241
        MIR_2_K:      4'108    5'060      4'090    2'629    2'137    7'829      4'477      3'886    2'398     131
       MIR_2_KL:        295       17        320       13       16       18        293        350       10       -
        MIR_2_R:     11'179   42'286     10'219   18'615   18'738   17'961     10'596     11'117   16'747     822
       MIR_2_RB:    190'331  353'391    180'407  139'728  140'424  158'719    187'309    185'378  119'528  23'042
      MIR_2_RBP:      1'426  174'686      1'388    2'797    3'287   24'208      1'498      1'188    9'129   3'873
       MIR_3_FF:     19'825   10'309     19'659   12'549   10'898    8'038     20'390     18'759    8'860     654
        MIR_3_K:      2'736    2'872      3'044    3'248    2'777    2'795      2'804      2'929    2'291     122
       MIR_3_KL:        299       22        403       23       21       22        344        368       28       -
        MIR_3_R:     44'121   15'750     43'037   15'724   14'376    9'402     44'065     45'716   11'123     340
       MIR_3_RB:    180'107  105'933    172'129   81'875   75'829   53'133    177'647    180'320   59'264   4'687
      MIR_3_RBP:        851   28'117        935    1'358    1'445    3'314        886        980    1'931     609
       MIR_4_FF:      6'896    7'669      8'204    9'835    8'531    6'096      7'787      7'844    6'565     416
        MIR_4_K:      1'244    1'992      1'527    2'668    2'192    1'794      1'296      1'461    1'714      75
       MIR_4_KL:         73       14         66        9       14        6         85         91       12       -
        MIR_4_R:      8'466    5'664      9'184    5'591    5'269    3'543      8'595      9'532    3'895     171
       MIR_4_RB:     96'517   64'992     92'924   65'485   59'741   39'696     93'972     97'084   45'924   3'228
      MIR_4_RBP:        545    9'435        618    1'182    1'110    1'555        579        555    1'289     261
       MIR_5_FF:      4'987    7'047      5'462    9'158    8'293    5'618      5'327      5'542    5'983     282
        MIR_5_K:        800    2'341        836    2'917    2'616    2'110        903        837    1'851      89
       MIR_5_KL:         48       12         65       22       11       14         65         62       14       -
        MIR_5_R:      5'168    3'737      5'312    4'126    3'853    2'602      5'329      5'853    2'964     142
       MIR_5_RB:     70'331   48'411     67'678   55'716   51'013   34'163     69'522     71'650   37'753   2'282
      MIR_5_RBP:        545    3'611        545    1'269    1'183    1'489        518        470    1'206     169
       MIR_6_FF:      2'028    5'330      2'170    6'844    6'087    4'053      2'035      2'330    4'450     258
        MIR_6_K:        313    2'120        368    2'423    2'176    1'648        335        321    1'672      59
       MIR_6_KL:         17       10         19       14       14        5         22         20       11       -
        MIR_6_R:      2'124    3'794      2'336    4'608    4'117    2'564      2'207      2'574    3'095     114
       MIR_6_RB:     46'441   34'864     44'630   40'604   36'375   23'499     46'037     46'447   28'002   1'599
      MIR_6_RBP:        349    2'140        345    1'041      836    1'096        362        294      831     131
   ZERO_HALF_FF:     65'589   11'701     63'187   12'934   12'408   10'497     67'918     61'341    8'742     635
    ZERO_HALF_K:      1'538      888      1'662    1'196      912      907      1'451      1'393      838      80
   ZERO_HALF_KL:          3        -          4        -        -        -         15          7        2       -
    ZERO_HALF_R:    261'833   85'592    261'124   94'718   90'822   56'183    257'295    261'088   67'416   1'993
   ZERO_HALF_RB:    181'701   41'342    179'241   54'867   50'491   34'903    181'745    180'425   37'598   1'888
  ZERO_HALF_RBP:      1'175    2'288      1'326    2'389    1'560    1'562      1'416      1'214    1'489      76

LNS stats           Improv/Calls  Closed  Difficulty  TimeLimit
  'graph_arc_lns':           7/8     25%        0.17       0.10
  'graph_cst_lns':           3/8     25%        0.14       0.10
  'graph_dec_lns':           5/8     25%        0.12       0.10
  'graph_var_lns':           6/8     25%        0.17       0.10
      'rins/rens':           2/2      0%        0.19       0.10
    'rnd_cst_lns':           5/9     22%        0.13       0.10
    'rnd_var_lns':           7/9     22%        0.13       0.10

LS stats                   Batches  Restarts  LinMoves  GenMoves  CompoundMoves  WeightUpdates
       'fj_long_default':        1         1     5'006         0              0            294
   'fj_long_lin_default':        2         1         0     8'132            834             32
        'fj_long_random':        1         1     6'404         0              0            334
      'fj_short_default':        5         1         0    18'885          1'295             25
  'fj_short_lin_default':        2         1         0     5'124            770             18
   'fj_short_lin_random':        5         1         0    15'451          1'391             23
       'fj_short_random':        1         1         0     2'409            608              3
          'violation_ls':        9         0         2       433             47              5
          'violation_ls':        9         0        24       128             22             18
          'violation_ls':        9         0        55         4              4             30

Solutions (72)                  Num     Rank
                       'core':    1  [59,59]
            'fj_long_default':    1    [6,6]
             'fj_long_random':    1    [1,1]
              'graph_arc_lns':    3  [10,21]
  'objective_lb_search_no_lp':    5  [42,46]
        'quick_restart_no_lp':   37  [30,72]
               'violation_ls':   24   [2,29]

Objective bounds                      Num
                   'initial_domain':    1
                           'max_lp':    4
  'objective_shaving_search_max_lp':    8
   'objective_shaving_search_no_lp':    7
                   'probing_max_lp':  105
                     'pseudo_costs':   15
                    'reduced_costs':  110

Solution repositories    Added  Queried  Ignored  Synchro
  'feasible solutions':    141      132        0      134
        'lp solutions':      0        0        0        0
                'pump':     15        2

Improving bounds shared            Num
                        'core':  1'866
                  'default_lp':     90
             'fs_random_no_lp':      8
              'lb_tree_search':      7
                      'max_lp':     28
                       'no_lp':  1'976
         'objective_lb_search':    113
  'objective_lb_search_max_lp':     85
   'objective_lb_search_no_lp':  2'065
                     'probing':     52
              'probing_max_lp':    218
                'pseudo_costs':    120
               'quick_restart':      3
         'quick_restart_no_lp':  1'444
               'reduced_costs':     35

Clauses shared                     Num
                        'core':  1'678
                  'default_lp':      2
              'lb_tree_search':      5
                      'max_lp':      3
                       'no_lp':  1'768
         'objective_lb_search':      7
  'objective_lb_search_max_lp':     33
   'objective_lb_search_no_lp':  1'823
                     'probing':      5
              'probing_max_lp':      2
                'pseudo_costs':      2
               'quick_restart':      4
         'quick_restart_no_lp':  2'250
               'reduced_costs':      4

CpSolverResponse summary:
status: FEASIBLE
objective: 769218
best_bound: 441310
integers: 2413
booleans: 2017
conflicts: 0
branches: 2052
propagations: 40005
integer_propagations: 141696
restarts: 2052
lp_iterations: 0
walltime: 28805.7
usertime: 28805.7
deterministic_time: 200968
gap_integral: 2.5524e+06
solution_fingerprint: 0x10e60df761549ddf

CPU USED: 32
Loading /home/aneumann/projects/def-adhaj/aneumann/gns/data/instances/test/xl/instance_183.pkl...
===* START SOLVING *===
   index    value       gap  ... max_time  cpu  max_memory
0    183  7692.18  0.426287  ...        8   32         118

[1 rows x 8 columns]
===* END OF FILE *===
