created virtual environment CPython3.12.4.final.0-64 in 750ms
  creator CPython3Posix(dest=/localscratch/aneumann.37168045.0/env, clear=False, no_vcs_ignore=False, global=False)
  seeder FromAppData(download=False, pip=bundle, via=copy, app_data_dir=/home/aneumann/.local/share/virtualenv)
    added seed packages: pip==24.2+computecanada
  activators BashActivator,CShellActivator,FishActivator,NushellActivator,PowerShellActivator,PythonActivator
Looking in links: /cvmfs/soft.computecanada.ca/custom/python/wheelhouse/gentoo2023/x86-64-v3, /cvmfs/soft.computecanada.ca/custom/python/wheelhouse/gentoo2023/generic, /cvmfs/soft.computecanada.ca/custom/python/wheelhouse/generic
Requirement already satisfied: pip in /localscratch/aneumann.37168045.0/env/lib/python3.12/site-packages (24.2+computecanada)
Looking in links: /cvmfs/soft.computecanada.ca/custom/python/wheelhouse/gentoo2023/x86-64-v3, /cvmfs/soft.computecanada.ca/custom/python/wheelhouse/gentoo2023/generic, /cvmfs/soft.computecanada.ca/custom/python/wheelhouse/generic
ERROR: protobuf-5.28.3-cp38-abi3-manylinux2014_x86_64.whl is not a supported wheel on this platform.
Looking in links: /cvmfs/soft.computecanada.ca/custom/python/wheelhouse/gentoo2023/x86-64-v3, /cvmfs/soft.computecanada.ca/custom/python/wheelhouse/gentoo2023/generic, /cvmfs/soft.computecanada.ca/custom/python/wheelhouse/generic
Processing /home/aneumann/projects/def-adhaj/aneumann/gns/wheels/immutabledict-4.2.0-py3-none-any.whl
Installing collected packages: immutabledict
Successfully installed immutabledict-4.2.0
Looking in links: /cvmfs/soft.computecanada.ca/custom/python/wheelhouse/gentoo2023/x86-64-v3, /cvmfs/soft.computecanada.ca/custom/python/wheelhouse/gentoo2023/generic, /cvmfs/soft.computecanada.ca/custom/python/wheelhouse/generic
Processing /cvmfs/soft.computecanada.ca/custom/python/wheelhouse/generic/ortools-9.10.4067+computecanada-cp312-cp312-linux_x86_64.whl (from -r /home/aneumann/projects/def-adhaj/aneumann/gns/requirements_or.txt (line 1))
Processing /cvmfs/soft.computecanada.ca/custom/python/wheelhouse/gentoo2023/x86-64-v3/pandas-2.2.2+computecanada-cp312-cp312-linux_x86_64.whl (from -r /home/aneumann/projects/def-adhaj/aneumann/gns/requirements_or.txt (line 2))
Processing /cvmfs/soft.computecanada.ca/custom/python/wheelhouse/generic/absl_py-2.1.0+computecanada-py3-none-any.whl (from ortools->-r /home/aneumann/projects/def-adhaj/aneumann/gns/requirements_or.txt (line 1))
Processing /cvmfs/soft.computecanada.ca/custom/python/wheelhouse/gentoo2023/generic/numpy-2.1.1+computecanada-cp312-cp312-linux_x86_64.whl (from ortools->-r /home/aneumann/projects/def-adhaj/aneumann/gns/requirements_or.txt (line 1))
Processing /cvmfs/soft.computecanada.ca/custom/python/wheelhouse/gentoo2023/x86-64-v3/protobuf-5.28.0+computecanada-cp312-cp312-linux_x86_64.whl (from ortools->-r /home/aneumann/projects/def-adhaj/aneumann/gns/requirements_or.txt (line 1))
Requirement already satisfied: immutabledict>=3.0.0 in /localscratch/aneumann.37168045.0/env/lib/python3.12/site-packages (from ortools->-r /home/aneumann/projects/def-adhaj/aneumann/gns/requirements_or.txt (line 1)) (4.2.0)
Processing /cvmfs/soft.computecanada.ca/custom/python/wheelhouse/generic/python_dateutil-2.9.0.post0+computecanada-py2.py3-none-any.whl (from pandas->-r /home/aneumann/projects/def-adhaj/aneumann/gns/requirements_or.txt (line 2))
Processing /cvmfs/soft.computecanada.ca/custom/python/wheelhouse/generic/pytz-2024.2+computecanada-py2.py3-none-any.whl (from pandas->-r /home/aneumann/projects/def-adhaj/aneumann/gns/requirements_or.txt (line 2))
Processing /cvmfs/soft.computecanada.ca/custom/python/wheelhouse/generic/tzdata-2024.2+computecanada-py2.py3-none-any.whl (from pandas->-r /home/aneumann/projects/def-adhaj/aneumann/gns/requirements_or.txt (line 2))
Processing /cvmfs/soft.computecanada.ca/custom/python/wheelhouse/generic/six-1.16.0+computecanada-py2.py3-none-any.whl (from python-dateutil>=2.8.2->pandas->-r /home/aneumann/projects/def-adhaj/aneumann/gns/requirements_or.txt (line 2))
Installing collected packages: pytz, tzdata, six, protobuf, numpy, absl-py, python-dateutil, pandas, ortools
Successfully installed absl-py-2.1.0+computecanada numpy-2.1.1+computecanada ortools-9.10.4067+computecanada pandas-2.2.2+computecanada protobuf-5.28.0+computecanada python-dateutil-2.9.0.post0+computecanada pytz-2024.2+computecanada six-1.16.0+computecanada tzdata-2024.2+computecanada

Starting CP-SAT solver v9.10.4067
Parameters: max_time_in_seconds: 28800 max_memory_in_mb: 118 log_search_progress: true optimize_with_core: true cp_model_presolve: true enumerate_all_solutions: false num_search_workers: 32 use_implied_bounds: true absolute_gap_limit: 5 relative_gap_limit: 0.01 use_probing_search: true

Initial optimization model '': (model_fingerprint: 0x1ecb1ffa4b98d8af)
#Variables: 3'524 (#bools: 34 #ints: 1 in objective)
  - 3'100 Booleans in [0,1]
  - 423 in [0,300000]
  - 1 constants in {1} 
#kBoolOr: 2'384 (#literals: 2'384)
#kLinear1: 613
#kLinear2: 11'195
#kLinear3: 2'221
#kLinearN: 600 (#terms: 7'862)

Starting presolve at 0.00s
  3.62e-03s  0.00e+00d  [DetectDominanceRelations] 
  8.39e-02s  0.00e+00d  [PresolveToFixPoint] #num_loops=16 #num_dual_strengthening=4 
  9.98e-05s  0.00e+00d  [ExtractEncodingFromLinear] #potential_supersets=230 
[Symmetry] Graph for symmetry has 12'761 nodes and 27'422 arcs.
[Symmetry] Symmetry computation done. time: 0.00256102 dtime: 0.00361891
[Symmetry] #generators: 3, average support size: 2
[Symmetry] 3 orbits with sizes: 2,2,2
[Symmetry] Found orbitope of size 1 x 2
[SAT presolve] num removable Booleans: 0 / 2031
[SAT presolve] num trivial clauses: 0
[SAT presolve] [0s] clauses:3598 literals:7200 vars:1987 one_side_vars:1951 simple_definition:32 singleton_clauses:0
[SAT presolve] [0.000262855s] clauses:3598 literals:7200 vars:1987 one_side_vars:1951 simple_definition:32 singleton_clauses:0
[SAT presolve] [0.000402669s] clauses:3598 literals:7200 vars:1987 one_side_vars:1951 simple_definition:32 singleton_clauses:0
  6.92e-01s  1.69e-01d  [Probe] #probed=4'644 #fixed_bools=88 #new_bounds=199 
  5.85e-03s  0.00e+00d  [MaxClique] Merged 3821(11030 literals) into 1082(8373 literals) at_most_ones. 
  3.09e-03s  0.00e+00d  [DetectDominanceRelations] 
  2.22e-02s  0.00e+00d  [PresolveToFixPoint] #num_loops=5 #num_dual_strengthening=4 
  3.89e-03s  0.00e+00d  [ProcessAtMostOneAndLinear] #num_changes=31 
  2.41e-03s  0.00e+00d  [DetectDuplicateConstraints] #duplicates=2 #without_enforcements=1 
  5.75e-04s  2.83e-05d  [DetectDominatedLinearConstraints] #relevant_constraints=1'953 
  6.11e-04s  0.00e+00d  [DetectDifferentVariables] #different=15 
  1.05e-03s  4.62e-04d  [ProcessSetPPC] #relevant_constraints=1'107 #num_inclusions=854 
  8.30e-05s  0.00e+00d  [FindAlmostIdenticalLinearConstraints] 
  5.66e-03s  1.16e-02d  [FindBigAtMostOneAndLinearOverlap] 
  1.32e-03s  5.54e-03d  [FindBigVerticalLinearOverlap] 
  3.80e-04s  1.23e-03d  [FindBigHorizontalLinearOverlap] #linears=142 
  1.29e-04s  4.00e-08d  [MergeClauses] 
  3.05e-03s  0.00e+00d  [DetectDominanceRelations] 
  1.06e-02s  0.00e+00d  [PresolveToFixPoint] #num_loops=2 #num_dual_strengthening=1 
  3.05e-03s  0.00e+00d  [DetectDominanceRelations] 
  1.05e-02s  0.00e+00d  [PresolveToFixPoint] #num_loops=1 #num_dual_strengthening=1 
[Symmetry] Graph for symmetry has 9'466 nodes and 19'038 arcs.
[Symmetry] Symmetry computation done. time: 0.00147294 dtime: 0.00221952
[Symmetry] #generators: 2, average support size: 2
[Symmetry] The model contains 2 duplicate constraints !
[Symmetry] 2 orbits with sizes: 2,2
[Symmetry] Found orbitope of size 1 x 2
[SAT presolve] num removable Booleans: 0 / 1943
[SAT presolve] num trivial clauses: 0
[SAT presolve] [0s] clauses:32 literals:68 vars:40 one_side_vars:27 simple_definition:12 singleton_clauses:0
[SAT presolve] [4.0576e-05s] clauses:32 literals:68 vars:40 one_side_vars:27 simple_definition:12 singleton_clauses:0
[SAT presolve] [9.4929e-05s] clauses:32 literals:68 vars:40 one_side_vars:27 simple_definition:12 singleton_clauses:0
  1.56e-01s  3.85e-02d  [Probe] #probed=4'556 #new_bounds=79 
  2.69e-03s  0.00e+00d  [MaxClique] Merged 899(6838 literals) into 899(6848 literals) at_most_ones. 
  3.05e-03s  0.00e+00d  [DetectDominanceRelations] 
  2.01e-02s  0.00e+00d  [PresolveToFixPoint] #num_loops=5 #num_dual_strengthening=4 
  3.79e-03s  0.00e+00d  [ProcessAtMostOneAndLinear] 
  2.43e-03s  0.00e+00d  [DetectDuplicateConstraints] #duplicates=5 
  5.52e-04s  2.83e-05d  [DetectDominatedLinearConstraints] #relevant_constraints=1'950 
  5.56e-04s  0.00e+00d  [DetectDifferentVariables] #different=15 
  9.47e-04s  4.53e-04d  [ProcessSetPPC] #relevant_constraints=1'048 #num_inclusions=790 
  8.40e-05s  0.00e+00d  [FindAlmostIdenticalLinearConstraints] 
  5.72e-03s  1.16e-02d  [FindBigAtMostOneAndLinearOverlap] 
  1.26e-03s  5.54e-03d  [FindBigVerticalLinearOverlap] 
  3.87e-04s  1.23e-03d  [FindBigHorizontalLinearOverlap] #linears=142 
  1.23e-04s  4.00e-08d  [MergeClauses] 
  3.05e-03s  0.00e+00d  [DetectDominanceRelations] 
  1.05e-02s  0.00e+00d  [PresolveToFixPoint] #num_loops=1 #num_dual_strengthening=1 
  3.04e-03s  0.00e+00d  [DetectDominanceRelations] 
  1.06e-02s  0.00e+00d  [PresolveToFixPoint] #num_loops=1 #num_dual_strengthening=1 
[Symmetry] Graph for symmetry has 9'466 nodes and 19'046 arcs.
[Symmetry] Symmetry computation done. time: 0.00153382 dtime: 0.00222624
[Symmetry] #generators: 1, average support size: 2
[Symmetry] 1 orbits with sizes: 2
[SAT presolve] num removable Booleans: 0 / 1943
[SAT presolve] num trivial clauses: 0
[SAT presolve] [0s] clauses:32 literals:68 vars:40 one_side_vars:27 simple_definition:12 singleton_clauses:0
[SAT presolve] [3.6318e-05s] clauses:32 literals:68 vars:40 one_side_vars:27 simple_definition:12 singleton_clauses:0
[SAT presolve] [7.971e-05s] clauses:32 literals:68 vars:40 one_side_vars:27 simple_definition:12 singleton_clauses:0
  1.53e-01s  3.79e-02d  [Probe] #probed=4'556 #new_bounds=14 
  2.62e-03s  0.00e+00d  [MaxClique] Merged 899(6846 literals) into 899(6848 literals) at_most_ones. 
  2.99e-03s  0.00e+00d  [DetectDominanceRelations] 
  1.20e-02s  0.00e+00d  [PresolveToFixPoint] #num_loops=3 #num_dual_strengthening=2 
  3.65e-03s  0.00e+00d  [ProcessAtMostOneAndLinear] 
  2.33e-03s  0.00e+00d  [DetectDuplicateConstraints] #duplicates=1 
  5.82e-04s  2.83e-05d  [DetectDominatedLinearConstraints] #relevant_constraints=1'950 
  5.76e-04s  0.00e+00d  [DetectDifferentVariables] #different=15 
  9.10e-04s  4.53e-04d  [ProcessSetPPC] #relevant_constraints=1'048 #num_inclusions=790 
  9.95e-05s  0.00e+00d  [FindAlmostIdenticalLinearConstraints] 
  5.71e-03s  1.16e-02d  [FindBigAtMostOneAndLinearOverlap] 
  1.26e-03s  5.54e-03d  [FindBigVerticalLinearOverlap] 
  3.90e-04s  1.23e-03d  [FindBigHorizontalLinearOverlap] #linears=142 
  1.43e-04s  4.00e-08d  [MergeClauses] 
  3.08e-03s  0.00e+00d  [DetectDominanceRelations] 
  1.06e-02s  0.00e+00d  [PresolveToFixPoint] #num_loops=1 #num_dual_strengthening=1 
  2.22e-04s  0.00e+00d  [ExpandObjective] #entries=30 #tight_variables=15 #tight_constraints=5 

Presolve summary:
  - 106 affine relations were detected.
  - rule 'TODO dual: add implied bound' was applied 19 times.
  - rule 'TODO dual: only one blocking constraint?' was applied 41'553 times.
  - rule 'TODO dual: only one blocking enforced constraint?' was applied 19 times.
  - rule 'TODO dual: only one unspecified blocking constraint?' was applied 19 times.
  - rule 'TODO dual: tighten at most one' was applied 866 times.
  - rule 'TODO linear2: contains a Boolean.' was applied 20'053 times.
  - rule 'TODO symmetry: add symmetry breaking inequalities?' was applied 2 times.
  - rule 'affine: new relation' was applied 106 times.
  - rule 'at_most_one: removed literals' was applied 336 times.
  - rule 'at_most_one: size one' was applied 124 times.
  - rule 'at_most_one: transformed into max clique.' was applied 1 time.
  - rule 'bool_and: x => x' was applied 10 times.
  - rule 'bool_or: always true' was applied 2'384 times.
  - rule 'bool_or: implications' was applied 10'009 times.
  - rule 'bool_or: singleton' was applied 12 times.
  - rule 'deductions: 539 stored' was applied 1 time.
  - rule 'dual: add implication' was applied 11 times.
  - rule 'dual: enforced equivalence' was applied 6 times.
  - rule 'dual: fix variable' was applied 522 times.
  - rule 'dual: fix variable with multiple choices' was applied 1 time.
  - rule 'dual: reduced domain' was applied 274 times.
  - rule 'duplicate: merged rhs of linear constraint' was applied 2 times.
  - rule 'duplicate: removed constraint' was applied 8 times.
  - rule 'duplicate: removed enforced constraint' was applied 1 time.
  - rule 'enforcement: false literal' was applied 6'367 times.
  - rule 'enforcement: literal not used' was applied 10 times.
  - rule 'linear + amo: fixed literal implied by enforcement' was applied 31 times.
  - rule 'linear1: always true' was applied 8 times.
  - rule 'linear2: contains a Boolean.' was applied 10 times.
  - rule 'linear: always true' was applied 1'588 times.
  - rule 'linear: coefficient strenghtening.' was applied 1 time.
  - rule 'linear: divide by GCD' was applied 7'243 times.
  - rule 'linear: empty' was applied 97 times.
  - rule 'linear: extracted enforcement literal' was applied 672 times.
  - rule 'linear: fixed or dup variables' was applied 1'483 times.
  - rule 'linear: negative clause' was applied 3'238 times.
  - rule 'linear: positive at most one' was applied 225 times.
  - rule 'linear: positive clause' was applied 6'785 times.
  - rule 'linear: positive equal one' was applied 5 times.
  - rule 'linear: reduced variable domains' was applied 828 times.
  - rule 'linear: remapped using affine relations' was applied 3'641 times.
  - rule 'linear: simplified rhs' was applied 23'549 times.
  - rule 'linear: singleton column' was applied 15 times.
  - rule 'objective: variable not used elsewhere' was applied 1 time.
  - rule 'presolve: 1102 unused variables removed.' was applied 1 time.
  - rule 'presolve: iteration' was applied 3 times.
  - rule 'setppc: bool_or in at_most_one.' was applied 1 time.
  - rule 'setppc: removed dominated constraints' was applied 60 times.
  - rule 'symmetry: added symmetry breaking implication' was applied 2 times.

Presolved optimization model '': (model_fingerprint: 0xdc5d47d36932656b)
#Variables: 2'301 (#bools: 33 #ints: 1 in objective)
  - 1'943 Booleans in [0,1]
  - 113 different domains in [0,300000] with a largest complexity of 1.
#kAtMostOne: 869 (#literals: 6'786)
#kBoolAnd: 28 (#enforced: 28) (#literals: 60)
#kBoolOr: 2 (#literals: 8)
#kExactlyOne: 5 (#literals: 15)
#kLinear1: 3 (#enforced: 3)
#kLinear2: 814 (#enforced: 589 #multi: 8)
#kLinear3: 1'512 (#enforced: 13)
#kLinearN: 213 (#terms: 2'873)

Preloading model.
#Bound   1.29s best:inf   next:[422988,24689874] initial_domain
[Symmetry] Graph for symmetry has 8'243 nodes and 19'046 arcs.
[Symmetry] Symmetry computation done. time: 0.00143521 dtime: 0.00215091
[Symmetry] #generators: 1, average support size: 2
#Model   1.30s var:2301/2301 constraints:3446/3446

Starting search at 1.30s with 32 workers.
16 full problem subsolvers: [core, default_lp, lb_tree_search, max_lp, no_lp, objective_lb_search, objective_lb_search_max_lp, objective_lb_search_no_lp, objective_shaving_search_max_lp, objective_shaving_search_no_lp, probing, probing_max_lp, pseudo_costs, quick_restart, quick_restart_no_lp, reduced_costs]
14 first solution subsolvers: [fj_long_default, fj_long_lin_default, fj_long_random, fj_short_default, fj_short_lin_default, fj_short_lin_random, fj_short_random, fs_random(2), fs_random_no_lp(2), fs_random_quick_restart(2), fs_random_quick_restart_no_lp]
11 incomplete subsolvers: [feasibility_pump, graph_arc_lns, graph_cst_lns, graph_dec_lns, graph_var_lns, rins/rens, rnd_cst_lns, rnd_var_lns, violation_ls(3)]
3 helper subsolvers: [neighborhood_helper, synchronization_agent, update_gap_integral]
#Bound   1.40s best:inf   next:[422990,24689874] objective_shaving_search_max_lp (vars=2301 csts=3486)
#Bound   1.59s best:inf   next:[422992,24689874] objective_shaving_search_max_lp (vars=2301 csts=3447)
#Bound   1.70s best:inf   next:[422994,24689874] objective_shaving_search_max_lp (vars=2301 csts=3447)
#Bound   1.72s best:inf   next:[422996,24689874] objective_shaving_search_max_lp (vars=2301 csts=3447)
#Bound   1.74s best:inf   next:[422998,24689874] objective_shaving_search_max_lp (vars=2301 csts=3447)
#Bound   1.81s best:inf   next:[423000,24689874] objective_shaving_search_max_lp (vars=2301 csts=3447)
#1       1.86s best:24689874 next:[423000,24689872] fj_long_random(batch:2 #lin_moves:13'788 #lin_evals:26'232 #weight_updates:922)
#2       1.88s best:24689792 next:[423000,24689790] violation_ls(batch:1 #solutions_imported:1 #lin_moves:0 #lin_evals:6'296 #gen_moves:90 #gen_evals:0 #comp_moves:12 #backtracks:39 #weight_updates:1)
#Bound   1.90s best:24689792 next:[423002,24689790] objective_shaving_search_max_lp (vars=2301 csts=3447)
#3       1.95s best:24689710 next:[423002,24689708] violation_ls(batch:2 #solutions_imported:2 #lin_moves:4 #lin_evals:6'340 #gen_moves:90 #gen_evals:0 #comp_moves:12 #backtracks:39 #weight_updates:3)
#4       1.96s best:24689628 next:[423002,24689626] violation_ls(batch:1 #solutions_imported:1 #lin_moves:0 #lin_evals:5'336 #gen_moves:88 #gen_evals:0 #comp_moves:6 #backtracks:41 #weight_updates:1)
#5       1.96s best:24689546 next:[423002,24689544] violation_ls(batch:2 #solutions_imported:2 #lin_moves:0 #lin_evals:11'990 #gen_moves:176 #gen_evals:0 #comp_moves:10 #backtracks:83 #weight_updates:2)
#6       2.03s best:24689464 next:[423002,24689462] violation_ls(batch:1 #solutions_imported:1 #lin_moves:6 #lin_evals:51 #weight_updates:4)
#7       2.06s best:24689382 next:[423002,24689380] violation_ls(batch:2 #solutions_imported:2 #lin_moves:10 #lin_evals:95 #weight_updates:6)
#Bound   2.22s best:24689382 next:[423004,24689380] objective_shaving_search_no_lp (vars=2301 csts=3447)
#8       2.23s best:24689300 next:[423004,24689298] violation_ls(batch:3 #solutions_imported:3 #lin_moves:6 #lin_evals:12'042 #gen_moves:176 #gen_evals:0 #comp_moves:10 #backtracks:83 #weight_updates:7)
#9       2.25s best:24689218 next:[423004,24689216] violation_ls(batch:3 #solutions_imported:3 #lin_moves:14 #lin_evals:139 #weight_updates:8)
#10      2.25s best:24689136 next:[423004,24689134] violation_ls(batch:3 #solutions_imported:3 #lin_moves:10 #lin_evals:6'391 #gen_moves:90 #gen_evals:0 #comp_moves:12 #backtracks:39 #weight_updates:7)
#11      2.26s best:24686576 next:[423004,24686574] graph_cst_lns (d=0.50 s=73 t=0.10 p=0.00 stall=0 h=auto_l0)
#12      2.31s best:24685814 next:[423004,24685812] graph_var_lns (d=0.50 s=63 t=0.10 p=0.00 stall=0 h=auto_l0)
#13      2.38s best:24681808 next:[423004,24681806] rnd_cst_lns (d=0.50 s=69 t=0.10 p=0.00 stall=0 h=auto_l0)
#Bound   2.39s best:24681808 next:[423006,24681806] objective_shaving_search_no_lp (vars=2301 csts=3447)
#14      2.42s best:24681726 next:[423006,24681724] violation_ls(batch:4 #solutions_imported:4 #lin_moves:6 #lin_evals:16'074 #gen_moves:265 #gen_evals:0 #comp_moves:17 #backtracks:124 #weight_updates:8)
#15      2.42s best:24681644 next:[423006,24681642] violation_ls(batch:4 #solutions_imported:4 #lin_moves:14 #lin_evals:163 #gen_moves:4 #gen_evals:0 #comp_moves:4 #backtracks:0 #weight_updates:8)
#16      2.42s best:24677666 next:[423006,24677664] violation_ls(batch:4 #solutions_imported:4 #lin_moves:10 #lin_evals:11'566 #gen_moves:284 #gen_evals:0 #comp_moves:20 #backtracks:132 #weight_updates:8)
#17      2.49s best:24675542 next:[423006,24675540] rnd_cst_lns (d=0.50 s=81 t=0.10 p=0.00 stall=0 h=auto_l0)
#Bound   2.80s best:24675542 next:[423008,24675540] objective_shaving_search_no_lp (vars=2301 csts=3447)
#18      2.80s best:24675460 next:[423008,24675458] violation_ls(batch:5 #solutions_imported:5 #lin_moves:6 #lin_evals:16'168 #gen_moves:290 #gen_evals:0 #comp_moves:22 #backtracks:134 #weight_updates:9)
#19      2.81s best:24675378 next:[423008,24675376] violation_ls(batch:5 #solutions_imported:5 #lin_moves:16 #lin_evals:200 #gen_moves:4 #gen_evals:0 #comp_moves:4 #backtracks:0 #weight_updates:9)
#20      2.83s best:24675296 next:[423008,24675294] violation_ls(batch:5 #solutions_imported:5 #lin_moves:15 #lin_evals:11'614 #gen_moves:284 #gen_evals:0 #comp_moves:20 #backtracks:132 #weight_updates:12)
#Bound   3.11s best:24675296 next:[426786,24675294] quick_restart
#Bound   3.18s best:24675296 next:[445934,24675294] quick_restart
#Bound   3.23s best:24675296 next:[446630,24675294] quick_restart
#Bound   3.75s best:24675296 next:[452508,24675294] default_lp
#Bound   3.76s best:24675296 next:[455272,24675294] probing
#Bound   3.80s best:24675296 next:[456306,24675294] probing
#Model   4.64s var:2300/2301 constraints:3446/3446
#Model   4.89s var:2299/2301 constraints:3446/3446
#Bound   5.23s best:24675296 next:[456310,24675294] objective_lb_search_max_lp
#Bound   5.63s best:24675296 next:[456662,24675294] lb_tree_search
#Bound   5.74s best:24675296 next:[456712,24675294] objective_lb_search_max_lp
#Bound   5.80s best:24675296 next:[469840,24675294] lb_tree_search
#Bound   5.92s best:24675296 next:[477396,24675294] lb_tree_search
#Bound   6.05s best:24675296 next:[487316,24675294] lb_tree_search
#Bound   6.18s best:24675296 next:[506592,24675294] lb_tree_search
#Bound   6.32s best:24675296 next:[510238,24675294] lb_tree_search
#Bound   6.54s best:24675296 next:[516736,24675294] lb_tree_search
#Model   6.62s var:2298/2301 constraints:3445/3446
#Bound   6.69s best:24675296 next:[524068,24675294] lb_tree_search
#Model   6.78s var:2297/2301 constraints:3445/3446
#Bound   6.98s best:24675296 next:[530514,24675294] lb_tree_search [skipped_logs=1]
#Bound   7.59s best:24675296 next:[531228,24675294] lb_tree_search [skipped_logs=2]
#Model   8.21s var:2296/2301 constraints:3445/3446
#Model   9.43s var:2295/2301 constraints:3444/3446
#Model   9.84s var:2294/2301 constraints:3443/3446
#Model   9.94s var:2293/2301 constraints:3443/3446
#21     19.76s best:24674180 next:[531228,24674178] quick_restart_no_lp (fixed_bools=92/3110)
#Model  52.96s var:2292/2301 constraints:3442/3446
#Model  57.71s var:2291/2301 constraints:3442/3446
#Model  62.16s var:2290/2301 constraints:3441/3446
#Model  82.08s var:2289/2301 constraints:3440/3446
#Model 104.30s var:2288/2301 constraints:3438/3446
#Model 153.34s var:2287/2301 constraints:3438/3446
#Model 209.14s var:2286/2301 constraints:3438/3446
#22    591.38s best:24670436 next:[531228,24670434] quick_restart_no_lp (fixed_bools=316/3750)
#23    950.44s best:24666674 next:[531228,24666672] quick_restart_no_lp (fixed_bools=388/4455)
#24    966.22s best:24662786 next:[531228,24662784] quick_restart_no_lp (fixed_bools=388/4554)
#25    966.33s best:24661814 next:[531228,24661812] quick_restart_no_lp (fixed_bools=388/4570)
#26    1239.34s best:24658466 next:[531228,24658464] quick_restart_no_lp (fixed_bools=431/5225)
#27    1375.32s best:24656756 next:[531228,24656754] quick_restart_no_lp (fixed_bools=455/5532)
#28    2231.80s best:24653048 next:[531228,24653046] quick_restart_no_lp (fixed_bools=564/6807)
#29    9682.92s best:1543474 next:[531228,1543472] core (fixed_bools=1670/4608)
#30    9944.38s best:1226644 next:[531228,1226642] core (fixed_bools=1976/5003)
#31    10131.43s best:1165674 next:[531228,1165672] core (fixed_bools=2240/5442)
#32    10912.51s best:1164786 next:[531228,1164784] core (fixed_bools=2585/6977)
#33    11089.74s best:1152626 next:[531228,1152624] core (fixed_bools=2606/7445)
#34    11296.14s best:1062132 next:[531228,1062130] core (fixed_bools=2793/7975)
#35    11308.29s best:1057294 next:[531228,1057292] core (fixed_bools=3251/8010)
#36    13273.17s best:1057274 next:[531228,1057272] core (fixed_bools=3460/11353)
#37    13997.58s best:1053156 next:[531228,1053154] core (fixed_bools=3519/14478)
#38    14506.03s best:1050980 next:[531228,1050978] core (fixed_bools=3718/15801)
#39    14559.92s best:1044050 next:[531228,1044048] core (fixed_bools=3828/15903)
#40    22465.92s best:1038078 next:[531228,1038076] core (fixed_bools=4523/22734)
#41    23230.36s best:1034316 next:[531228,1034314] quick_restart_no_lp (fixed_bools=5232/16123)
#42    23383.69s best:1030572 next:[531228,1030570] quick_restart_no_lp (fixed_bools=5348/16430)
#43    24572.83s best:979408 next:[531228,979406] core (fixed_bools=5491/26399)
#44    24575.50s best:978544 next:[531228,978542] quick_restart_no_lp (fixed_bools=5491/17883)
#45    24767.76s best:919898 next:[531228,919896] core (fixed_bools=7483/26957)
#Model 24777.82s var:2284/2301 constraints:3430/3446
#Model 24782.16s var:2283/2301 constraints:3430/3446
#46    24957.79s best:916154 next:[531228,916152] quick_restart_no_lp (fixed_bools=7280/19110)
#47    27288.29s best:913256 next:[531228,913254] quick_restart_no_lp (fixed_bools=7423/20863)
#48    28252.83s best:906936 next:[531228,906934] core (fixed_bools=9188/31034)
#49    28252.88s best:903966 next:[531228,903964] core (fixed_bools=9188/31038)
#50    28374.62s best:901284 next:[531228,901282] quick_restart_no_lp (fixed_bools=7850/21816)
#51    28375.16s best:900078 next:[531228,900076] quick_restart_no_lp (fixed_bools=7850/21826)
#Model 28385.14s var:2282/2301 constraints:3429/3446
#Model 28434.79s var:2281/2301 constraints:3429/3446

Task timing                                  n [     min,      max]      avg      dev     time         n [     min,      max]      avg      dev    dtime
                             'core':         1 [   8.00h,    8.00h]    8.00h   0.00ns    8.00h         1 [   6.75h,    6.75h]    6.75h   0.00ns    6.75h
                       'default_lp':         1 [   8.00h,    8.00h]    8.00h   0.00ns    8.00h         1 [  56.23m,   56.23m]   56.23m   0.00ns   56.23m
                 'feasibility_pump':         5 [ 94.47ms,    3.48s]    1.53s    1.12s    7.64s         4 [518.72ms, 685.57ms] 601.59ms  62.12ms    2.41s
                  'fj_long_default':         2 [170.50ms, 273.43ms] 221.97ms  51.47ms 443.93ms         2 [ 48.76ms,  50.19ms]  49.47ms 715.73us  98.95ms
              'fj_long_lin_default':         7 [ 32.41ms, 196.44ms]  70.66ms  52.29ms 494.59ms         7 [ 12.18ms,  22.05ms]  16.80ms   3.22ms 117.57ms
                   'fj_long_random':         2 [ 79.00ms, 361.05ms] 220.02ms 141.02ms 440.05ms         2 [ 25.18ms,  45.96ms]  35.57ms  10.39ms  71.14ms
                 'fj_short_default':         1 [625.28ms, 625.28ms] 625.28ms   0.00ns 625.28ms         1 [ 12.78ms,  12.78ms]  12.78ms   0.00ns  12.78ms
             'fj_short_lin_default':         5 [ 59.75ms, 121.64ms]  77.81ms  22.30ms 389.04ms         5 [ 21.09ms,  24.67ms]  22.73ms   1.25ms 113.65ms
              'fj_short_lin_random':         3 [ 63.19ms, 346.22ms] 169.41ms 125.87ms 508.22ms         3 [ 14.10ms,  30.08ms]  21.71ms   6.54ms  65.14ms
                  'fj_short_random':         6 [ 64.60ms,  94.60ms]  83.66ms   9.45ms 501.97ms         6 [ 16.12ms,  27.73ms]  24.66ms   3.93ms 147.98ms
                        'fs_random':         1 [   1.26s,    1.26s]    1.26s   0.00ns    1.26s         1 [ 40.00ns,  40.00ns]  40.00ns   0.00ns  40.00ns
                        'fs_random':         1 [   1.89s,    1.89s]    1.89s   0.00ns    1.89s         1 [ 40.00ns,  40.00ns]  40.00ns   0.00ns  40.00ns
                  'fs_random_no_lp':         1 [631.56ms, 631.56ms] 631.56ms   0.00ns 631.56ms         0 [  0.00ns,   0.00ns]   0.00ns   0.00ns   0.00ns
                  'fs_random_no_lp':         1 [985.30ms, 985.30ms] 985.30ms   0.00ns 985.30ms         0 [  0.00ns,   0.00ns]   0.00ns   0.00ns   0.00ns
          'fs_random_quick_restart':         1 [670.27ms, 670.27ms] 670.27ms   0.00ns 670.27ms         1 [ 40.00ns,  40.00ns]  40.00ns   0.00ns  40.00ns
          'fs_random_quick_restart':         1 [887.61ms, 887.61ms] 887.61ms   0.00ns 887.61ms         1 [ 40.00ns,  40.00ns]  40.00ns   0.00ns  40.00ns
    'fs_random_quick_restart_no_lp':         1 [947.18ms, 947.18ms] 947.18ms   0.00ns 947.18ms         0 [  0.00ns,   0.00ns]   0.00ns   0.00ns   0.00ns
                    'graph_arc_lns':         5 [320.53ms,    8.00h]    3.20h    3.92h   16.00h         4 [ 20.00ns, 100.32ms]  75.13ms  43.38ms 300.53ms
                    'graph_cst_lns':         5 [246.57ms,    8.00h]    4.80h    3.92h   24.00h         3 [ 30.00ns, 100.02ms]  66.68ms  47.15ms 200.03ms
                    'graph_dec_lns':         5 [410.12ms,    8.00h]    3.20h    3.92h   16.00h         4 [ 38.00ns, 110.34ms]  77.79ms  45.09ms 311.16ms
                    'graph_var_lns':         5 [417.26ms,    8.00h]    4.81h    3.90h   24.07h         3 [ 30.00ns, 100.07ms]  66.69ms  47.16ms 200.07ms
                   'lb_tree_search':         1 [   8.00h,    8.00h]    8.00h   0.00ns    8.00h         1 [  34.68m,   34.68m]   34.68m   0.00ns   34.68m
                           'max_lp':         1 [   8.00h,    8.00h]    8.00h   0.00ns    8.00h         1 [  36.80m,   36.80m]   36.80m   0.00ns   36.80m
                            'no_lp':         1 [   8.00h,    8.00h]    8.00h   0.00ns    8.00h         1 [   6.51h,    6.51h]    6.51h   0.00ns    6.51h
              'objective_lb_search':         1 [   8.00h,    8.00h]    8.00h   0.00ns    8.00h         1 [  55.79m,   55.79m]   55.79m   0.00ns   55.79m
       'objective_lb_search_max_lp':         1 [   8.00h,    8.00h]    8.00h   0.00ns    8.00h         1 [  36.91m,   36.91m]   36.91m   0.00ns   36.91m
        'objective_lb_search_no_lp':         1 [   8.00h,    8.00h]    8.00h   0.00ns    8.00h         1 [   6.11h,    6.11h]    6.11h   0.00ns    6.11h
  'objective_shaving_search_max_lp':         7 [  9.41ms, 169.30ms]  83.11ms  51.02ms 581.75ms         0 [  0.00ns,   0.00ns]   0.00ns   0.00ns   0.00ns
   'objective_shaving_search_no_lp':         5 [  9.37ms, 300.96ms] 109.38ms 117.56ms 546.92ms         0 [  0.00ns,   0.00ns]   0.00ns   0.00ns   0.00ns
                          'probing':         1 [   8.00h,    8.00h]    8.00h   0.00ns    8.00h         1 [  56.36m,   56.36m]   56.36m   0.00ns   56.36m
                   'probing_max_lp':         1 [   8.00h,    8.00h]    8.00h   0.00ns    8.00h         1 [  38.51m,   38.51m]   38.51m   0.00ns   38.51m
                     'pseudo_costs':         1 [   8.00h,    8.00h]    8.00h   0.00ns    8.00h         1 [  46.86m,   46.86m]   46.86m   0.00ns   46.86m
                    'quick_restart':         1 [   8.00h,    8.00h]    8.00h   0.00ns    8.00h         1 [  54.32m,   54.32m]   54.32m   0.00ns   54.32m
              'quick_restart_no_lp':         1 [   8.00h,    8.00h]    8.00h   0.00ns    8.00h         1 [   4.39h,    4.39h]    4.39h   0.00ns    4.39h
                    'reduced_costs':         1 [   8.00h,    8.00h]    8.00h   0.00ns    8.00h         1 [  36.25m,   36.25m]   36.25m   0.00ns   36.25m
                        'rins/rens':         5 [308.79ms,    8.00h]    3.18h    3.90h   15.92h         4 [ 20.00ns, 100.38ms]  75.19ms  43.41ms 300.77ms
                      'rnd_cst_lns':         5 [236.93ms,    8.00h]    3.20h    3.92h   16.00h         4 [ 20.00ns, 100.53ms]  75.22ms  43.43ms 300.89ms
                      'rnd_var_lns':         5 [140.44ms,    8.00h]    6.40h    3.20h   32.00h         2 [ 40.00ns, 100.07ms]  50.04ms  50.04ms 100.07ms
                     'violation_ls':         5 [480.42us,  16.12ms]   5.78ms   6.26ms  28.91ms         5 [ 13.80us,   1.79ms] 607.02us 748.46us   3.04ms
                     'violation_ls':         5 [490.78us, 169.67ms]  48.07ms  61.81ms 240.36ms         5 [  7.96us,  15.17us]  12.72us   2.49us  63.62us
                     'violation_ls':         5 [493.59us,  95.88ms]  23.06ms  36.64ms 115.31ms         5 [ 15.55us,   1.40ms] 667.53us 553.86us   3.34ms

Search stats                         Bools   Conflicts     Branches     Restarts      BoolPropag   IntegerPropag
                           'core':  31'289   7'223'444  764'476'646  108'600'614  42'077'937'670  23'554'887'187
                     'default_lp':   2'662          13       34'434       23'971       1'764'560       3'690'985
                      'fs_random':   1'946           0            0            0               0               0
                      'fs_random':   1'946           0            0            0               0               0
                'fs_random_no_lp':   1'946           0        2'060        2'060          47'342         145'006
                'fs_random_no_lp':   1'946           0          588          588          16'123          40'671
        'fs_random_quick_restart':   1'946           0            2            2             329             480
        'fs_random_quick_restart':   1'946           0        3'804        3'804          85'427         280'221
  'fs_random_quick_restart_no_lp':   1'946           0            0            0               0               0
                 'lb_tree_search':   2'662          12       61'937       37'805       3'050'844       6'328'836
                         'max_lp':   2'662          12       61'204       37'440       3'035'904       6'330'804
                          'no_lp':   8'033  13'049'729  801'221'959   94'989'677  12'523'977'627  21'107'439'763
            'objective_lb_search':   2'662          13       34'816       24'153       1'781'272       3'721'328
     'objective_lb_search_max_lp':   2'662          12       67'972       40'820       3'340'316       6'985'744
      'objective_lb_search_no_lp':   8'079  14'237'810  793'000'978   97'981'107  12'698'418'869  21'429'946'753
                        'probing':   2'662          13       34'196       24'136       1'796'070       3'734'067
                 'probing_max_lp':   2'662          12       75'148       44'660       3'755'905       7'772'229
                   'pseudo_costs':   2'662          12       61'452       37'534       3'039'761       6'340'564
                  'quick_restart':   2'662          14       34'447       23'969       1'762'346       3'687'555
            'quick_restart_no_lp':  22'046   1'923'272  969'416'637  117'365'908  33'390'613'628  25'780'639'634
                  'reduced_costs':   2'662          12       67'645       40'630       3'386'574       7'023'673

SAT stats                           ClassicMinim   LitRemoved     LitLearned   LitForgotten  Subsumed   MClauses  MDecisions  MLitTrue  MSubsumed  MLitRemoved  MReused
                           'core':     6'832'179   72'286'833  3'107'152'691  3'013'124'385   168'258    668'808   4'790'759         1      1'884       18'295  154'019
                     'default_lp':             0            0             13              0         0          0           0         0          0            0        0
                      'fs_random':             0            0              0              0         0          0           0         0          0            0        0
                      'fs_random':             0            0              0              0         0          0           0         0          0            0        0
                'fs_random_no_lp':             0            0              0              0         0          0           0         0          0            0        0
                'fs_random_no_lp':             0            0              0              0         0          0           0         0          0            0        0
        'fs_random_quick_restart':             0            0              0              0         0          0           0         0          0            0        0
        'fs_random_quick_restart':             0            0              0              0         0          0           0         0          0            0        0
  'fs_random_quick_restart_no_lp':             0            0              0              0         0          0           0         0          0            0        0
                 'lb_tree_search':             0            0             12              0         0          0           0         0          0            0        0
                         'max_lp':             0            0             12              0         0          0           0         0          0            0        0
                          'no_lp':    12'699'951  140'797'544  6'827'309'138  6'767'624'046    92'111  1'068'348   5'276'939         0      1'957       10'401  265'864
            'objective_lb_search':             0            0             13              0         0          0           0         0          0            0        0
     'objective_lb_search_max_lp':             0            0             12              0         0          0           0         0          0            0        0
      'objective_lb_search_no_lp':    13'916'944  157'827'492  7'601'162'433  7'544'969'330    88'936    995'767   4'923'527         0      2'404       12'511  246'211
                        'probing':             0            0             13              0         0          0           0         0          0            0        0
                 'probing_max_lp':             0            0             12              0         0          0           0         0          0            0        0
                   'pseudo_costs':             0            0             12              0         0          0           0         0          0            0        0
                  'quick_restart':             0            0             14              0         0          0           0         0          0            0        0
            'quick_restart_no_lp':     1'609'531   13'288'779  1'019'692'466    923'476'935   152'420    474'279   6'075'319         0        787        8'399  106'659
                  'reduced_costs':             0            0             12              0         0          0           0         0          0            0        0

Lp stats                         Component  Iterations  AddedCuts  OPTIMAL  DUAL_F.  DUAL_U.
                  'default_lp':          2   9'772'544  4'630'627  168'329      140        1
                   'fs_random':          2           0          0        0        0        0
                   'fs_random':          2           0          0        0        0        0
     'fs_random_quick_restart':          2           0          0        0        0        0
     'fs_random_quick_restart':          2           0          0        0        0        0
              'lb_tree_search':          1   5'879'112  1'606'019  133'000   35'572        0
                      'max_lp':          1   5'888'952  2'203'974  132'791   34'987        0
         'objective_lb_search':          2  10'128'436  4'478'539  169'656      202        1
  'objective_lb_search_max_lp':          1   6'354'038  1'997'214  144'028   39'119        0
                     'probing':          2  10'015'351  4'419'977  169'288      147        1
              'probing_max_lp':          1   7'202'570  2'125'264  159'158   43'604        0
                'pseudo_costs':          1   6'054'603  1'790'828  133'902   35'369        0
               'quick_restart':          2   9'669'010  4'440'045  168'987      125        1
               'reduced_costs':          1   5'646'849  2'903'221  144'280   38'553        0

Lp dimension                                                                        Final dimension of first component
                  'default_lp':  4562 rows, 2291 columns, 61428 entries with magnitude in [1.807842e-06, 1.000000e+00]
                   'fs_random':         0 rows, 2291 columns, 0 entries with magnitude in [0.000000e+00, 0.000000e+00]
                   'fs_random':         0 rows, 2291 columns, 0 entries with magnitude in [0.000000e+00, 0.000000e+00]
     'fs_random_quick_restart':         0 rows, 2291 columns, 0 entries with magnitude in [0.000000e+00, 0.000000e+00]
     'fs_random_quick_restart':         0 rows, 2291 columns, 0 entries with magnitude in [0.000000e+00, 0.000000e+00]
              'lb_tree_search':  2430 rows, 2301 columns, 21810 entries with magnitude in [2.862456e-05, 1.000000e+00]
                      'max_lp':  2835 rows, 2301 columns, 32804 entries with magnitude in [3.054147e-05, 1.000000e+00]
         'objective_lb_search':  4974 rows, 2291 columns, 63108 entries with magnitude in [6.676496e-07, 1.000000e+00]
  'objective_lb_search_max_lp':  2267 rows, 2301 columns, 27194 entries with magnitude in [3.577798e-05, 1.000000e+00]
                     'probing':  4716 rows, 2291 columns, 34501 entries with magnitude in [3.404765e-06, 1.000000e+00]
              'probing_max_lp':  3343 rows, 2301 columns, 33976 entries with magnitude in [3.611052e-05, 1.000000e+00]
                'pseudo_costs':  2810 rows, 2301 columns, 52336 entries with magnitude in [1.300571e-05, 1.000000e+00]
               'quick_restart':  5108 rows, 2291 columns, 40077 entries with magnitude in [2.690337e-06, 1.000000e+00]
               'reduced_costs':  3058 rows, 2301 columns, 35284 entries with magnitude in [2.462481e-05, 1.000000e+00]

Lp debug                         CutPropag  CutEqPropag  Adjust  Overflow          Bad  BadScaling
                  'default_lp':          0          398     210         0  116'266'805           0
                   'fs_random':          0            0       0         0            0           0
                   'fs_random':          0            0       0         0            0           0
     'fs_random_quick_restart':          0            0       0         0            0           0
     'fs_random_quick_restart':          0            0       0         0            0           0
              'lb_tree_search':         12          857  93'199         0  196'246'945           0
                      'max_lp':         16        2'157  86'949         0  181'711'035           0
         'objective_lb_search':          0          388     514         0  116'840'635           0
  'objective_lb_search_max_lp':         23          850  72'861         0  205'147'123           0
                     'probing':          0          208   2'640         0  118'081'326           0
              'probing_max_lp':          5        1'348  73'529         0  194'682'048           0
                'pseudo_costs':         15        1'074  92'956         0  168'862'584           0
               'quick_restart':          0          469     661         0  118'345'212           0
               'reduced_costs':          9        2'202  81'002         0  180'992'563           0

Lp pool                          Constraints  Updates  Simplif  Merged  Shortened   Split  Strenghtened             Cuts/Call
                  'default_lp':       12'406   48'870   17'128      32      1'142   7'076        65'160  4'630'627/10'869'397
                   'fs_random':        2'811        0        0       0          0       0             0                   0/0
                   'fs_random':        2'811        0        0       0          0       0             0                   0/0
     'fs_random_quick_restart':        2'811        0        0       0          0       0             0                   0/0
     'fs_random_quick_restart':        2'811        0        0       0          0       0             0                   0/0
              'lb_tree_search':       12'420  105'991   43'264      48      3'281  50'500       353'023   1'606'019/3'211'747
                      'max_lp':       13'237  107'254   48'568     186      3'736  44'203       444'465   2'203'974/5'559'250
         'objective_lb_search':       12'298   42'273   20'604      52        802   6'559        68'227  4'478'539/10'755'758
  'objective_lb_search_max_lp':       12'623   74'259   38'167      40      2'683  37'020       406'055   1'997'214/4'059'237
                     'probing':       12'750   45'477   15'531      38        627   6'290        70'471  4'419'977/10'438'660
              'probing_max_lp':       12'658   81'819   34'971      55      2'399  38'295       438'372   2'125'264/4'848'977
                'pseudo_costs':       13'243  162'148   29'442      34      1'629  93'331       338'081   1'790'828/3'765'913
               'quick_restart':       11'807   46'101   13'881      49        672   7'199        70'773  4'440'045/10'407'340
               'reduced_costs':       12'073  109'017   26'488     597      3'841  41'404       587'118   2'903'221/8'536'960

Lp Cut               defaul   max_lp     quick_   reduce   pseudo   lb_tre     probin     object   probin   object
          CG_FF:     84'086   50'686     85'393  101'452   33'894   31'618     83'314     84'350   41'446   40'755
           CG_K:      6'262   22'987      5'507   44'194   15'088    9'913      5'843      5'390   18'974   15'870
          CG_KL:          2        2          -        2        -        2          3          -        2        1
           CG_R:     45'036   56'974     40'838   69'377   49'647   47'056     44'145     38'003   57'232   58'104
          CG_RB:    416'348  356'693    386'211  613'044  227'767  238'195    388'818    381'095  313'298  310'371
         CG_RBP:      2'498   29'695      1'699   36'755   16'442   12'358      1'728      1'473   19'459   21'153
         Clique:          -   44'758          -   52'974   37'552   38'790          -          -   47'057   43'872
             IB:    779'162  215'707    778'776  271'574  176'754  167'416    771'490    788'726  203'743  208'006
       MIR_1_FF:    979'458  179'458  1'020'716  236'487  148'337  137'487  1'018'793  1'018'208  184'307  181'398
        MIR_1_K:      5'341   12'789      7'519   14'441   10'152    6'857      8'133      7'269   13'005    9'872
       MIR_1_KL:        287        -        144        -        -        -        214        271        -        -
        MIR_1_R:      7'317   10'032      6'362   11'022   21'518    7'504      7'104      6'623    8'724    9'987
       MIR_1_RB:  1'239'981  398'782  1'114'515  465'850  394'356  303'346  1'124'895  1'147'921  413'545  401'126
      MIR_1_RBP:      1'343    4'310      1'277    3'155    1'870    2'018      1'284      1'111    1'426    2'353
      MIR_1_RLT:          -       93          -       92      104      102          -          -      118       85
       MIR_2_FF:     39'656   34'296     44'690   44'292   20'501   18'690     44'429     43'858   28'396   25'453
        MIR_2_K:      1'304    4'745      2'034    5'450    3'497    2'444      1'593      1'445    5'294    3'655
       MIR_2_KL:         33        -         21        -        -        -         26         16        -        -
        MIR_2_R:      2'420   17'608      2'207   16'397   24'379    9'386      2'231      2'386   12'785   13'038
       MIR_2_RB:    280'880  246'838    200'246  314'851  164'928  145'813    202'297    218'397  189'822  150'342
      MIR_2_RBP:        476    2'350        464    7'206    1'397      908        473        419    1'785    1'058
       MIR_3_FF:     10'863   13'665     10'651   16'645    9'378   10'377     10'575      9'525   12'048   12'130
        MIR_3_K:        910    4'423      1'528    4'937    3'548    3'663        975      1'238    4'739    4'666
       MIR_3_KL:         13        -         24        -        -        -         15         31        1        -
        MIR_3_R:      5'775   12'312      5'492   12'577   15'365   13'244      5'528      5'701   14'381   13'659
       MIR_3_RB:    154'073  109'919    152'750  127'718   89'594   83'228    148'645    157'543  113'692   98'057
      MIR_3_RBP:        295    1'468        312    1'810      676    1'767        301        219      732    1'499
       MIR_4_FF:      4'198   10'479      4'205   12'552    7'290    7'539      3'664      3'887    9'549    9'324
        MIR_4_K:        391    3'267        691    3'650    2'708    2'382        618        636    3'327    3'137
       MIR_4_KL:          4        -          7        -        -        -          6          4        -        -
        MIR_4_R:      1'335    4'544      1'291    4'528    5'807    4'787      1'328      1'298    4'989    5'100
       MIR_4_RB:    100'241   84'714    102'079   98'487   67'275   66'165    100'391    103'443   95'236   81'068
      MIR_4_RBP:        145    1'108        208    1'132      794    1'143        179        135    1'031    1'068
       MIR_5_FF:      2'180    9'203      2'373   10'048    7'037    7'769      1'991      1'955    9'044    8'635
        MIR_5_K:        147    3'120        383    3'468    2'626    2'437        252        287    3'249    3'004
       MIR_5_KL:          2        -          4        -        -        -          2          2        1        -
        MIR_5_R:        675    3'577        700    3'312    4'024    3'498        758        802    3'773    3'686
       MIR_5_RB:     68'891   65'964     69'750   75'278   53'082   52'950     67'857     69'137   73'517   61'021
      MIR_5_RBP:         86      797        138      791      466      972         96         77      586      685
       MIR_6_FF:      1'205    6'004      1'109    6'875    4'619    5'315      1'097      1'037    6'215    6'073
        MIR_6_K:        102    2'767        238    2'966    2'277    1'852        178        202    2'843    2'543
       MIR_6_KL:          3        -          3        -        -        2          1          2        2        -
        MIR_6_R:        360    3'687        388    3'324    4'260    3'988        379        376    4'163    4'197
       MIR_6_RB:     46'559   48'226     47'381   57'008   39'112   39'383     45'791     46'820   53'580   45'556
      MIR_6_RBP:         52      659         56      702      438      797         45         41      612      527
   ZERO_HALF_FF:     61'732   11'135     64'155   15'386    9'033    9'684     56'262     59'867   11'171   10'650
    ZERO_HALF_K:      5'155    2'393      5'208    3'637    2'193    1'225      5'143      4'856    2'743    2'398
   ZERO_HALF_KL:          -        8          -        9        2        7          -          1       11        9
    ZERO_HALF_R:     67'060   67'650     64'640   76'507   77'574   69'389     65'364     63'091   93'012   81'209
   ZERO_HALF_RB:    205'660   43'389    204'879   50'525   32'952   31'904    195'127    198'563   39'982   40'122
  ZERO_HALF_RBP:        625      693        783      734      515      649        596        802      617      692

LNS stats           Improv/Calls  Closed  Difficulty  TimeLimit
  'graph_arc_lns':           5/5      0%        0.06       0.10
  'graph_cst_lns':           4/5      0%        0.06       0.10
  'graph_dec_lns':           5/5      0%        0.06       0.10
  'graph_var_lns':           4/5      0%        0.06       0.10
      'rins/rens':           5/5      0%        0.06       0.10
    'rnd_cst_lns':           5/5      0%        0.06       0.10
    'rnd_var_lns':           4/5     20%        0.18       0.10

LS stats                   Batches  Restarts  LinMoves  GenMoves  CompoundMoves  WeightUpdates
       'fj_long_default':        2         1    18'285         0              0          1'715
   'fj_long_lin_default':        7         1         0    17'683          1'029             38
        'fj_long_random':        2         1    13'788         0              0            922
      'fj_short_default':        1         1         0     1'931            545              1
  'fj_short_lin_default':        5         1         0    18'456          1'267             26
   'fj_short_lin_random':        3         1         0     8'790            973             29
       'fj_short_random':        6         1         0    18'403          2'010             97
          'violation_ls':        5         0        15       284             20             12
          'violation_ls':        5         0        16         4              4              9
          'violation_ls':        5         0         6       290             22              9

Solutions (51)            Num     Rank
                 'core':   16  [29,49]
       'fj_long_random':    1    [1,1]
        'graph_cst_lns':    1  [11,11]
        'graph_var_lns':    1  [12,12]
  'quick_restart_no_lp':   15  [21,51]
          'rnd_cst_lns':    2  [13,17]
         'violation_ls':   15   [2,20]

Objective bounds                      Num
                       'default_lp':    1
                   'initial_domain':    1
                   'lb_tree_search':   13
       'objective_lb_search_max_lp':    2
  'objective_shaving_search_max_lp':    7
   'objective_shaving_search_no_lp':    3
                          'probing':    2
                    'quick_restart':    3

Solution repositories    Added  Queried  Ignored  Synchro
  'feasible solutions':     67       89        0       67
        'lp solutions':      0        0        0        0
                'pump':     33        5

Improving bounds shared            Num
                        'core':  2'668
                  'default_lp':      8
              'lb_tree_search':      7
                      'max_lp':     13
                       'no_lp':  2'310
         'objective_lb_search':     60
  'objective_lb_search_max_lp':     48
   'objective_lb_search_no_lp':  2'341
                     'probing':    141
              'probing_max_lp':     63
                'pseudo_costs':    204
               'quick_restart':     79
         'quick_restart_no_lp':  2'998
               'reduced_costs':    130

Clauses shared                    Num
                       'core':  1'577
                      'no_lp':  1'637
  'objective_lb_search_no_lp':  2'042
        'quick_restart_no_lp':  1'411

CpSolverResponse summary:
status: FEASIBLE
objective: 900078
best_bound: 531228
integers: 2298
booleans: 1946
conflicts: 0
branches: 588
propagations: 16123
integer_propagations: 40671
restarts: 588
lp_iterations: 0
walltime: 28800.1
usertime: 28800.1
deterministic_time: 112713
gap_integral: 1.44479e+06
solution_fingerprint: 0xdc04c4e55f107341

CPU USED: 32
Loading /home/aneumann/projects/def-adhaj/aneumann/gns/data/instances/test/xl/instance_200.pkl...
===* START SOLVING *===
   index    value       gap  ... max_time  cpu  max_memory
0    200  9000.78  0.409798  ...        8   32         118

[1 rows x 8 columns]
===* END OF FILE *===
