created virtual environment CPython3.12.4.final.0-64 in 867ms
  creator CPython3Posix(dest=/localscratch/aneumann.37168007.0/env, clear=False, no_vcs_ignore=False, global=False)
  seeder FromAppData(download=False, pip=bundle, via=copy, app_data_dir=/home/aneumann/.local/share/virtualenv)
    added seed packages: pip==24.2+computecanada
  activators BashActivator,CShellActivator,FishActivator,NushellActivator,PowerShellActivator,PythonActivator
Looking in links: /cvmfs/soft.computecanada.ca/custom/python/wheelhouse/gentoo2023/x86-64-v3, /cvmfs/soft.computecanada.ca/custom/python/wheelhouse/gentoo2023/generic, /cvmfs/soft.computecanada.ca/custom/python/wheelhouse/generic
Requirement already satisfied: pip in /localscratch/aneumann.37168007.0/env/lib/python3.12/site-packages (24.2+computecanada)
Looking in links: /cvmfs/soft.computecanada.ca/custom/python/wheelhouse/gentoo2023/x86-64-v3, /cvmfs/soft.computecanada.ca/custom/python/wheelhouse/gentoo2023/generic, /cvmfs/soft.computecanada.ca/custom/python/wheelhouse/generic
ERROR: protobuf-5.28.3-cp38-abi3-manylinux2014_x86_64.whl is not a supported wheel on this platform.
Looking in links: /cvmfs/soft.computecanada.ca/custom/python/wheelhouse/gentoo2023/x86-64-v3, /cvmfs/soft.computecanada.ca/custom/python/wheelhouse/gentoo2023/generic, /cvmfs/soft.computecanada.ca/custom/python/wheelhouse/generic
Processing /home/aneumann/projects/def-adhaj/aneumann/gns/wheels/immutabledict-4.2.0-py3-none-any.whl
Installing collected packages: immutabledict
Successfully installed immutabledict-4.2.0
Looking in links: /cvmfs/soft.computecanada.ca/custom/python/wheelhouse/gentoo2023/x86-64-v3, /cvmfs/soft.computecanada.ca/custom/python/wheelhouse/gentoo2023/generic, /cvmfs/soft.computecanada.ca/custom/python/wheelhouse/generic
Processing /cvmfs/soft.computecanada.ca/custom/python/wheelhouse/generic/ortools-9.10.4067+computecanada-cp312-cp312-linux_x86_64.whl (from -r /home/aneumann/projects/def-adhaj/aneumann/gns/requirements_or.txt (line 1))
Processing /cvmfs/soft.computecanada.ca/custom/python/wheelhouse/gentoo2023/x86-64-v3/pandas-2.2.2+computecanada-cp312-cp312-linux_x86_64.whl (from -r /home/aneumann/projects/def-adhaj/aneumann/gns/requirements_or.txt (line 2))
Processing /cvmfs/soft.computecanada.ca/custom/python/wheelhouse/generic/absl_py-2.1.0+computecanada-py3-none-any.whl (from ortools->-r /home/aneumann/projects/def-adhaj/aneumann/gns/requirements_or.txt (line 1))
Processing /cvmfs/soft.computecanada.ca/custom/python/wheelhouse/gentoo2023/generic/numpy-2.1.1+computecanada-cp312-cp312-linux_x86_64.whl (from ortools->-r /home/aneumann/projects/def-adhaj/aneumann/gns/requirements_or.txt (line 1))
Processing /cvmfs/soft.computecanada.ca/custom/python/wheelhouse/gentoo2023/x86-64-v3/protobuf-5.28.0+computecanada-cp312-cp312-linux_x86_64.whl (from ortools->-r /home/aneumann/projects/def-adhaj/aneumann/gns/requirements_or.txt (line 1))
Requirement already satisfied: immutabledict>=3.0.0 in /localscratch/aneumann.37168007.0/env/lib/python3.12/site-packages (from ortools->-r /home/aneumann/projects/def-adhaj/aneumann/gns/requirements_or.txt (line 1)) (4.2.0)
Processing /cvmfs/soft.computecanada.ca/custom/python/wheelhouse/generic/python_dateutil-2.9.0.post0+computecanada-py2.py3-none-any.whl (from pandas->-r /home/aneumann/projects/def-adhaj/aneumann/gns/requirements_or.txt (line 2))
Processing /cvmfs/soft.computecanada.ca/custom/python/wheelhouse/generic/pytz-2024.2+computecanada-py2.py3-none-any.whl (from pandas->-r /home/aneumann/projects/def-adhaj/aneumann/gns/requirements_or.txt (line 2))
Processing /cvmfs/soft.computecanada.ca/custom/python/wheelhouse/generic/tzdata-2024.2+computecanada-py2.py3-none-any.whl (from pandas->-r /home/aneumann/projects/def-adhaj/aneumann/gns/requirements_or.txt (line 2))
Processing /cvmfs/soft.computecanada.ca/custom/python/wheelhouse/generic/six-1.16.0+computecanada-py2.py3-none-any.whl (from python-dateutil>=2.8.2->pandas->-r /home/aneumann/projects/def-adhaj/aneumann/gns/requirements_or.txt (line 2))
Installing collected packages: pytz, tzdata, six, protobuf, numpy, absl-py, python-dateutil, pandas, ortools
Successfully installed absl-py-2.1.0+computecanada numpy-2.1.1+computecanada ortools-9.10.4067+computecanada pandas-2.2.2+computecanada protobuf-5.28.0+computecanada python-dateutil-2.9.0.post0+computecanada pytz-2024.2+computecanada six-1.16.0+computecanada tzdata-2024.2+computecanada

Starting CP-SAT solver v9.10.4067
Parameters: max_time_in_seconds: 28800 max_memory_in_mb: 118 log_search_progress: true optimize_with_core: true cp_model_presolve: true enumerate_all_solutions: false num_search_workers: 32 use_implied_bounds: true absolute_gap_limit: 5 relative_gap_limit: 0.01 use_probing_search: true

Initial optimization model '': (model_fingerprint: 0xd4ce4cca06cac7b0)
#Variables: 3'630 (#bools: 34 #ints: 1 in objective)
  - 3'172 Booleans in [0,1]
  - 457 in [0,300000]
  - 1 constants in {1} 
#kBoolOr: 2'256 (#literals: 2'256)
#kLinear1: 597
#kLinear2: 10'362
#kLinear3: 2'116
#kLinearN: 695 (#terms: 7'893)

Starting presolve at 0.00s
  3.02e-03s  0.00e+00d  [DetectDominanceRelations] 
  8.33e-02s  0.00e+00d  [PresolveToFixPoint] #num_loops=17 #num_dual_strengthening=3 
  7.97e-05s  0.00e+00d  [ExtractEncodingFromLinear] #potential_supersets=256 
[Symmetry] Graph for symmetry has 12'367 nodes and 25'736 arcs.
[Symmetry] Symmetry computation done. time: 0.00245813 dtime: 0.00341616
[Symmetry] #generators: 4, average support size: 2
[Symmetry] 4 orbits with sizes: 2,2,2,2
[Symmetry] Found orbitope of size 1 x 2
[SAT presolve] num removable Booleans: 0 / 1890
[SAT presolve] num trivial clauses: 0
[SAT presolve] [0s] clauses:3371 literals:6742 vars:1846 one_side_vars:1807 simple_definition:37 singleton_clauses:0
[SAT presolve] [0.00024416s] clauses:3371 literals:6742 vars:1846 one_side_vars:1807 simple_definition:37 singleton_clauses:0
[SAT presolve] [0.000383333s] clauses:3371 literals:6742 vars:1846 one_side_vars:1807 simple_definition:37 singleton_clauses:0
  5.90e-01s  1.40e-01d  [Probe] #probed=4'607 #fixed_bools=93 #new_bounds=219 
  5.99e-03s  0.00e+00d  [MaxClique] Merged 3619(10218 literals) into 1192(7890 literals) at_most_ones. 
  2.49e-03s  0.00e+00d  [DetectDominanceRelations] 
  2.05e-02s  0.00e+00d  [PresolveToFixPoint] #num_loops=5 #num_dual_strengthening=4 
  3.51e-03s  0.00e+00d  [ProcessAtMostOneAndLinear] #num_changes=30 
  2.36e-03s  0.00e+00d  [DetectDuplicateConstraints] #duplicates=7 #without_enforcements=3 
  4.76e-04s  2.59e-05d  [DetectDominatedLinearConstraints] #relevant_constraints=1'812 
  6.10e-04s  0.00e+00d  [DetectDifferentVariables] #different=17 
  1.02e-03s  3.85e-04d  [ProcessSetPPC] #relevant_constraints=1'205 #num_inclusions=898 
  5.93e-05s  0.00e+00d  [FindAlmostIdenticalLinearConstraints] 
  4.24e-03s  7.31e-03d  [FindBigAtMostOneAndLinearOverlap] 
  1.05e-03s  3.51e-03d  [FindBigVerticalLinearOverlap] 
  3.16e-04s  1.04e-03d  [FindBigHorizontalLinearOverlap] #linears=139 
  7.03e-05s  0.00e+00d  [MergeClauses] 
  2.48e-03s  0.00e+00d  [DetectDominanceRelations] 
  9.31e-03s  0.00e+00d  [PresolveToFixPoint] #num_loops=2 #num_dual_strengthening=1 
  2.51e-03s  0.00e+00d  [DetectDominanceRelations] 
  9.36e-03s  0.00e+00d  [PresolveToFixPoint] #num_loops=1 #num_dual_strengthening=1 
[Symmetry] Graph for symmetry has 9'559 nodes and 18'260 arcs.
[Symmetry] Symmetry computation done. time: 0.00143321 dtime: 0.00217525
[Symmetry] #generators: 3, average support size: 2
[Symmetry] The model contains 3 duplicate constraints !
[Symmetry] 3 orbits with sizes: 2,2,2
[Symmetry] Found orbitope of size 1 x 2
[SAT presolve] num removable Booleans: 0 / 1793
[SAT presolve] num trivial clauses: 0
[SAT presolve] [0s] clauses:29 literals:58 vars:44 one_side_vars:36 simple_definition:8 singleton_clauses:0
[SAT presolve] [3.19e-05s] clauses:29 literals:58 vars:44 one_side_vars:36 simple_definition:8 singleton_clauses:0
[SAT presolve] [7.4841e-05s] clauses:29 literals:58 vars:44 one_side_vars:36 simple_definition:8 singleton_clauses:0
  1.59e-01s  3.82e-02d  [Probe] #probed=4'506 #new_bounds=75 
  3.36e-03s  0.00e+00d  [MaxClique] Merged 1007(6614 literals) into 1007(6626 literals) at_most_ones. 
  2.51e-03s  0.00e+00d  [DetectDominanceRelations] 
  1.45e-02s  0.00e+00d  [PresolveToFixPoint] #num_loops=4 #num_dual_strengthening=3 
  3.35e-03s  0.00e+00d  [ProcessAtMostOneAndLinear] 
  2.36e-03s  0.00e+00d  [DetectDuplicateConstraints] #duplicates=17 
  4.73e-04s  2.59e-05d  [DetectDominatedLinearConstraints] #relevant_constraints=1'809 
  5.08e-04s  0.00e+00d  [DetectDifferentVariables] #different=17 
  8.59e-04s  3.79e-04d  [ProcessSetPPC] #relevant_constraints=1'154 #num_inclusions=836 
  6.68e-05s  0.00e+00d  [FindAlmostIdenticalLinearConstraints] 
  4.24e-03s  7.31e-03d  [FindBigAtMostOneAndLinearOverlap] 
  9.84e-04s  3.51e-03d  [FindBigVerticalLinearOverlap] 
  3.70e-04s  1.04e-03d  [FindBigHorizontalLinearOverlap] #linears=139 
  7.08e-05s  0.00e+00d  [MergeClauses] 
  2.43e-03s  0.00e+00d  [DetectDominanceRelations] 
  9.31e-03s  0.00e+00d  [PresolveToFixPoint] #num_loops=1 #num_dual_strengthening=1 
  2.46e-03s  0.00e+00d  [DetectDominanceRelations] 
  9.33e-03s  0.00e+00d  [PresolveToFixPoint] #num_loops=1 #num_dual_strengthening=1 
[Symmetry] Graph for symmetry has 9'558 nodes and 18'263 arcs.
[Symmetry] Symmetry computation done. time: 0.0014109 dtime: 0.00216741
[Symmetry] #generators: 2, average support size: 2
[Symmetry] 2 orbits with sizes: 2,2
[Symmetry] Found orbitope of size 1 x 2
[SAT presolve] num removable Booleans: 0 / 1793
[SAT presolve] num trivial clauses: 0
[SAT presolve] [0s] clauses:30 literals:60 vars:46 one_side_vars:38 simple_definition:8 singleton_clauses:0
[SAT presolve] [3.0137e-05s] clauses:30 literals:60 vars:46 one_side_vars:38 simple_definition:8 singleton_clauses:0
[SAT presolve] [8.0693e-05s] clauses:30 literals:60 vars:46 one_side_vars:38 simple_definition:8 singleton_clauses:0
  1.57e-01s  3.78e-02d  [Probe] #probed=4'506 #new_bounds=5 
  3.17e-03s  0.00e+00d  [MaxClique] Merged 1008(6623 literals) into 1008(6628 literals) at_most_ones. 
  2.48e-03s  0.00e+00d  [DetectDominanceRelations] 
  1.08e-02s  0.00e+00d  [PresolveToFixPoint] #num_loops=3 #num_dual_strengthening=2 
  3.40e-03s  0.00e+00d  [ProcessAtMostOneAndLinear] 
  2.28e-03s  0.00e+00d  [DetectDuplicateConstraints] #duplicates=7 
  5.28e-04s  2.59e-05d  [DetectDominatedLinearConstraints] #relevant_constraints=1'809 
  5.04e-04s  0.00e+00d  [DetectDifferentVariables] #different=17 
  9.11e-04s  3.79e-04d  [ProcessSetPPC] #relevant_constraints=1'155 #num_inclusions=836 
  6.43e-05s  0.00e+00d  [FindAlmostIdenticalLinearConstraints] 
  4.19e-03s  7.32e-03d  [FindBigAtMostOneAndLinearOverlap] 
  1.03e-03s  3.51e-03d  [FindBigVerticalLinearOverlap] 
  3.20e-04s  1.04e-03d  [FindBigHorizontalLinearOverlap] #linears=139 
  6.86e-05s  0.00e+00d  [MergeClauses] 
  2.45e-03s  0.00e+00d  [DetectDominanceRelations] 
  9.30e-03s  0.00e+00d  [PresolveToFixPoint] #num_loops=1 #num_dual_strengthening=1 
  1.49e-04s  0.00e+00d  [ExpandObjective] #entries=48 #tight_variables=24 #tight_constraints=8 

Presolve summary:
  - 103 affine relations were detected.
  - rule 'TODO dual: add implied bound' was applied 17 times.
  - rule 'TODO dual: only one blocking constraint?' was applied 33'886 times.
  - rule 'TODO dual: only one blocking enforced constraint?' was applied 17 times.
  - rule 'TODO dual: only one unspecified blocking constraint?' was applied 17 times.
  - rule 'TODO dual: tighten at most one' was applied 1'286 times.
  - rule 'TODO linear2: contains a Boolean.' was applied 18'476 times.
  - rule 'TODO symmetry: add symmetry breaking inequalities?' was applied 3 times.
  - rule 'affine: new relation' was applied 103 times.
  - rule 'at_most_one: empty or all false' was applied 8 times.
  - rule 'at_most_one: removed literals' was applied 411 times.
  - rule 'at_most_one: singleton' was applied 4 times.
  - rule 'at_most_one: size one' was applied 134 times.
  - rule 'at_most_one: transformed into max clique.' was applied 1 time.
  - rule 'bool_and: non-reified.' was applied 40 times.
  - rule 'bool_and: x => x' was applied 4 times.
  - rule 'bool_or: always true' was applied 2'256 times.
  - rule 'bool_or: implications' was applied 9'232 times.
  - rule 'deductions: 527 stored' was applied 1 time.
  - rule 'dual: add implication' was applied 70 times.
  - rule 'dual: fix variable' was applied 545 times.
  - rule 'dual: fix variable with multiple choices' was applied 10 times.
  - rule 'dual: reduced domain' was applied 223 times.
  - rule 'duplicate: merged rhs of linear constraint' was applied 7 times.
  - rule 'duplicate: removed constraint' was applied 31 times.
  - rule 'duplicate: removed enforced constraint' was applied 3 times.
  - rule 'enforcement: false literal' was applied 5'601 times.
  - rule 'enforcement: literal not used' was applied 39 times.
  - rule 'enforcement: true literal' was applied 40 times.
  - rule 'linear + amo: fixed literal implied by enforcement' was applied 30 times.
  - rule 'linear1: always true' was applied 4 times.
  - rule 'linear2: contains a Boolean.' was applied 19 times.
  - rule 'linear: always true' was applied 1'596 times.
  - rule 'linear: divide by GCD' was applied 6'640 times.
  - rule 'linear: empty' was applied 111 times.
  - rule 'linear: extracted enforcement literal' was applied 701 times.
  - rule 'linear: fixed or dup variables' was applied 1'598 times.
  - rule 'linear: negative clause' was applied 2'876 times.
  - rule 'linear: positive at most one' was applied 256 times.
  - rule 'linear: positive clause' was applied 6'356 times.
  - rule 'linear: positive equal one' was applied 8 times.
  - rule 'linear: reduced variable domains' was applied 1'024 times.
  - rule 'linear: remapped using affine relations' was applied 3'267 times.
  - rule 'linear: simplified rhs' was applied 23'267 times.
  - rule 'linear: singleton column' was applied 15 times.
  - rule 'objective: variable not used elsewhere' was applied 1 time.
  - rule 'presolve: 1348 unused variables removed.' was applied 1 time.
  - rule 'presolve: iteration' was applied 3 times.
  - rule 'setppc: removed dominated constraints' was applied 59 times.
  - rule 'symmetry: added symmetry breaking implication' was applied 3 times.

Presolved optimization model '': (model_fingerprint: 0xcebb7c2ab51d4ced)
#Variables: 2'164 (#bools: 33 #ints: 1 in objective)
  - 1'793 Booleans in [0,1]
  - 125 different domains in [0,300000] with a largest complexity of 1.
#kAtMostOne: 978 (#literals: 6'563)
#kBoolAnd: 44 (#enforced: 44) (#literals: 88)
#kExactlyOne: 8 (#literals: 24)
#kLinear1: 6 (#enforced: 6)
#kLinear2: 789 (#enforced: 564 #multi: 15)
#kLinear3: 1'368 (#enforced: 11)
#kLinearN: 216 (#enforced: 3) (#terms: 2'768)

Preloading model.
#Bound   1.17s best:inf   next:[396000,18188440] initial_domain
[Symmetry] Graph for symmetry has 8'094 nodes and 18'267 arcs.
[Symmetry] Symmetry computation done. time: 0.00137935 dtime: 0.00207852
[Symmetry] #generators: 1, average support size: 2
#Model   1.18s var:2164/2164 constraints:3409/3409

Starting search at 1.18s with 32 workers.
16 full problem subsolvers: [core, default_lp, lb_tree_search, max_lp, no_lp, objective_lb_search, objective_lb_search_max_lp, objective_lb_search_no_lp, objective_shaving_search_max_lp, objective_shaving_search_no_lp, probing, probing_max_lp, pseudo_costs, quick_restart, quick_restart_no_lp, reduced_costs]
14 first solution subsolvers: [fj_long_default, fj_long_lin_default, fj_long_random, fj_short_default, fj_short_lin_default, fj_short_lin_random, fj_short_random, fs_random(2), fs_random_no_lp(2), fs_random_quick_restart(2), fs_random_quick_restart_no_lp]
11 incomplete subsolvers: [feasibility_pump, graph_arc_lns, graph_cst_lns, graph_dec_lns, graph_var_lns, rins/rens, rnd_cst_lns, rnd_var_lns, violation_ls(3)]
3 helper subsolvers: [neighborhood_helper, synchronization_agent, update_gap_integral]
#Bound   1.29s best:inf   next:[396020,18188440] objective_shaving_search_max_lp (vars=2164 csts=3430)
#Bound   1.48s best:inf   next:[396040,18188440] objective_shaving_search_no_lp (vars=2164 csts=3410)
#1       1.59s best:18188440 next:[396040,18188420] fj_long_random(batch:2 #lin_moves:15'384 #lin_evals:26'238 #weight_updates:1'202)
#Bound   1.60s best:18188440 next:[396060,18188420] objective_shaving_search_no_lp (vars=2164 csts=3410)
#2       1.62s best:18188380 next:[396060,18188360] violation_ls(batch:1 #solutions_imported:1 #lin_moves:0 #lin_evals:9'079 #gen_moves:153 #gen_evals:0 #comp_moves:13 #backtracks:70 #weight_updates:1)
#3       1.76s best:18188320 next:[396060,18188300] violation_ls(batch:2 #solutions_imported:2 #lin_moves:4 #lin_evals:9'123 #gen_moves:153 #gen_evals:0 #comp_moves:13 #backtracks:70 #weight_updates:4)
#4       1.76s best:18185900 next:[396060,18185880] violation_ls(batch:2 #solutions_imported:2 #lin_moves:38 #lin_evals:16'659 #gen_moves:440 #gen_evals:0 #comp_moves:26 #backtracks:207 #weight_updates:42)
#5       1.87s best:18185840 next:[396060,18185820] violation_ls(batch:3 #solutions_imported:3 #lin_moves:42 #lin_evals:16'703 #gen_moves:440 #gen_evals:0 #comp_moves:26 #backtracks:207 #weight_updates:45)
#6       1.89s best:18185780 next:[396060,18185760] violation_ls(batch:3 #solutions_imported:3 #lin_moves:1'301 #lin_evals:10'710 #gen_moves:90 #gen_evals:0 #comp_moves:10 #backtracks:40 #weight_updates:308)
#7       1.89s best:18185720 next:[396060,18185700] violation_ls(batch:3 #solutions_imported:3 #lin_moves:4 #lin_evals:15'009 #gen_moves:221 #gen_evals:0 #comp_moves:17 #backtracks:102 #weight_updates:5)
#8       1.89s best:18179820 next:[396060,18179800] graph_var_lns (d=0.50 s=50 t=0.10 p=0.00 stall=0 h=auto_l0)
#Bound   1.94s best:18179820 next:[396080,18179800] objective_shaving_search_max_lp (vars=2164 csts=3430)
#Bound   2.19s best:18179820 next:[396100,18179800] objective_shaving_search_no_lp (vars=2164 csts=3410)
#9       2.20s best:18179760 next:[396100,18179740] violation_ls(batch:4 #solutions_imported:4 #lin_moves:42 #lin_evals:17'177 #gen_moves:446 #gen_evals:0 #comp_moves:30 #backtracks:208 #weight_updates:45)
#10      2.20s best:18179700 next:[396100,18179680] violation_ls(batch:4 #solutions_imported:4 #lin_moves:1'307 #lin_evals:10'760 #gen_moves:90 #gen_evals:0 #comp_moves:10 #backtracks:40 #weight_updates:312)
#11      2.20s best:18179640 next:[396100,18179620] violation_ls(batch:4 #solutions_imported:4 #lin_moves:8 #lin_evals:15'053 #gen_moves:221 #gen_evals:0 #comp_moves:17 #backtracks:102 #weight_updates:8)
#Bound   2.41s best:18179640 next:[396120,18179620] objective_shaving_search_no_lp (vars=2164 csts=3410)
#12      2.41s best:18179580 next:[396120,18179560] violation_ls(batch:5 #solutions_imported:5 #lin_moves:58 #lin_evals:17'689 #gen_moves:446 #gen_evals:0 #comp_moves:30 #backtracks:208 #weight_updates:55)
#13      2.41s best:18179520 next:[396120,18179500] violation_ls(batch:5 #solutions_imported:5 #lin_moves:1'307 #lin_evals:14'167 #gen_moves:132 #gen_evals:0 #comp_moves:14 #backtracks:59 #weight_updates:313)
#14      2.43s best:18179460 next:[396120,18179440] violation_ls(batch:5 #solutions_imported:5 #lin_moves:8 #lin_evals:18'613 #gen_moves:277 #gen_evals:0 #comp_moves:23 #backtracks:127 #weight_updates:9)
#Bound   2.56s best:18179460 next:[399600,18179440] objective_lb_search
#Bound   2.77s best:18179460 next:[406800,18179440] max_lp
#Bound   3.14s best:18179460 next:[417600,18179440] objective_lb_search
#Model   3.86s var:2163/2164 constraints:3409/3409
#Model   5.39s var:2162/2164 constraints:3408/3409
#Bound   7.51s best:18179460 next:[417620,18179440] objective_lb_search_max_lp
#Bound   7.61s best:18179460 next:[419100,18179440] objective_lb_search_max_lp
#Bound   7.74s best:18179460 next:[421400,18179440] objective_lb_search_max_lp
#Bound   7.89s best:18179460 next:[421840,18179440] objective_lb_search_max_lp
#Bound   8.00s best:18179460 next:[423040,18179440] objective_lb_search_max_lp
#Bound   8.13s best:18179460 next:[424800,18179440] objective_lb_search_max_lp
#Bound   8.28s best:18179460 next:[425660,18179440] objective_lb_search_max_lp
#Bound   8.42s best:18179460 next:[428400,18179440] objective_lb_search_max_lp
#Model   9.79s var:2161/2164 constraints:3407/3409
#Model   9.89s var:2160/2164 constraints:3406/3409
#Model  10.91s var:2159/2164 constraints:3406/3409
#Model  11.01s var:2158/2164 constraints:3405/3409
#Model  11.62s var:2157/2164 constraints:3402/3409
#Model  13.55s var:2156/2164 constraints:3402/3409
#Model  14.37s var:2155/2164 constraints:3401/3409
#Model  15.48s var:2154/2164 constraints:3401/3409
#15     19.81s best:18172020 next:[428400,18172000] quick_restart_no_lp (fixed_bools=166/3155)
#16     20.49s best:18169540 next:[428400,18169520] quick_restart_no_lp (fixed_bools=166/3364)
#17     21.01s best:18165820 next:[428400,18165800] quick_restart_no_lp (fixed_bools=166/3426)
#18    460.68s best:18157460 next:[428400,18157440] quick_restart_no_lp (fixed_bools=368/3988)
#19    473.52s best:18148820 next:[428400,18148800] quick_restart_no_lp (fixed_bools=375/4038)
#20    599.75s best:18143300 next:[428400,18143280] quick_restart_no_lp (fixed_bools=408/4323)
#21    1582.54s best:18137700 next:[428400,18137680] quick_restart_no_lp (fixed_bools=550/4673)
#22    3896.85s best:18135220 next:[428400,18135200] quick_restart_no_lp (fixed_bools=791/5996)
#23    4557.71s best:2320440 next:[428400,2320420] core (fixed_bools=702/3672)
#24    4587.87s best:2314920 next:[428400,2314900] quick_restart_no_lp (fixed_bools=1451/7019)
#25    4731.89s best:1646060 next:[428400,1646040] core (fixed_bools=951/4005)
#26    5516.49s best:1090360 next:[428400,1090340] core (fixed_bools=1322/4741)
#27    6966.43s best:1081600 next:[428400,1081580] core (fixed_bools=1857/5182)
#Model 7411.98s var:2153/2164 constraints:3397/3409
#28    7682.34s best:1076080 next:[428400,1076060] quick_restart_no_lp (fixed_bools=3520/9973)
#29    8973.18s best:769800 next:[428400,769780] core (fixed_bools=2324/8668)
#Model 9023.91s var:2151/2164 constraints:3396/3409
#30    9907.40s best:761720 next:[428400,761700] quick_restart_no_lp (fixed_bools=4746/11378)
#31    10231.69s best:759040 next:[428400,759020] quick_restart_no_lp (fixed_bools=4939/11908)
#32    10917.69s best:751880 next:[428400,751860] quick_restart_no_lp (fixed_bools=5096/12308)
#Bound 11906.23s best:751880 next:[428420,751860] pseudo_costs
#Bound 11906.42s best:751880 next:[428460,751860] pseudo_costs
#Bound 14629.42s best:751880 next:[428480,751860] pseudo_costs
#Bound 14629.76s best:751880 next:[428660,751860] pseudo_costs
#Bound 14630.11s best:751880 next:[429140,751860] pseudo_costs
#Bound 14630.45s best:751880 next:[431400,751860] pseudo_costs
#33    14635.25s best:744080 next:[431400,744060] quick_restart_no_lp (fixed_bools=5280/14854)
#Model 14636.17s var:2150/2164 constraints:3394/3409
#Bound 14992.02s best:744080 next:[431420,744060] pseudo_costs
#Bound 14992.58s best:744080 next:[431480,744060] pseudo_costs
#Bound 14993.11s best:744080 next:[431500,744060] pseudo_costs
#Bound 14993.62s best:744080 next:[431580,744060] pseudo_costs
#Bound 14994.22s best:744080 next:[431600,744060] pseudo_costs
#Bound 14999.96s best:744080 next:[431620,744060] pseudo_costs
#Bound 15010.30s best:744080 next:[431640,744060] pseudo_costs
#Bound 15010.78s best:744080 next:[431660,744060] pseudo_costs
#Bound 15012.64s best:744080 next:[431680,744060] pseudo_costs
#Bound 15018.56s best:744080 next:[431700,744060] pseudo_costs
#Bound 15020.18s best:744080 next:[431720,744060] pseudo_costs
#Bound 15034.66s best:744080 next:[431740,744060] pseudo_costs
#Bound 15035.35s best:744080 next:[431760,744060] pseudo_costs
#Bound 15107.64s best:744080 next:[431780,744060] pseudo_costs
#Bound 15111.30s best:744080 next:[431800,744060] pseudo_costs
#Bound 15143.79s best:744080 next:[431820,744060] pseudo_costs
#Bound 15147.40s best:744080 next:[431840,744060] pseudo_costs
#Bound 15147.80s best:744080 next:[431880,744060] pseudo_costs
#Bound 15147.84s best:744080 next:[431940,744060] pseudo_costs
#Bound 15148.44s best:744080 next:[432000,744060] pseudo_costs
#34    16284.61s best:738440 next:[432000,738420] quick_restart_no_lp (fixed_bools=5530/15361)
#Model 16286.08s var:2149/2164 constraints:3393/3409
#35    18322.15s best:732720 next:[432000,732700] quick_restart_no_lp (fixed_bools=5740/16324)
#36    23889.56s best:730880 next:[432000,730860] quick_restart_no_lp (fixed_bools=5949/18578)
#Bound 24908.06s best:730880 next:[442800,730860] reduced_costs
#37    26203.12s best:730160 next:[442800,730140] quick_restart_no_lp (fixed_bools=6012/19542)

Task timing                                  n [     min,      max]      avg      dev     time         n [     min,      max]      avg      dev    dtime
                             'core':         1 [   8.00h,    8.00h]    8.00h   0.00ns    8.00h         1 [   8.48h,    8.48h]    8.48h   0.00ns    8.48h
                       'default_lp':         1 [   8.00h,    8.00h]    8.00h   0.00ns    8.00h         1 [   1.46h,    1.46h]    1.46h   0.00ns    1.46h
                 'feasibility_pump':         3 [114.12ms,    3.39s]    1.82s    1.34s    5.46s         2 [545.12ms, 729.48ms] 637.30ms  92.18ms    1.27s
                  'fj_long_default':         1 [240.94ms, 240.94ms] 240.94ms   0.00ns 240.94ms         1 [ 39.79ms,  39.79ms]  39.79ms   0.00ns  39.79ms
              'fj_long_lin_default':         3 [ 58.86ms,  98.67ms]  72.18ms  18.73ms 216.55ms         3 [ 18.16ms,  18.93ms]  18.51ms 317.24us  55.53ms
                   'fj_long_random':         2 [ 88.51ms, 128.88ms] 108.70ms  20.18ms 217.39ms         2 [ 25.48ms,  39.32ms]  32.40ms   6.92ms  64.80ms
                 'fj_short_default':         5 [ 47.36ms, 162.68ms]  81.35ms  41.44ms 406.76ms         5 [ 16.90ms,  24.28ms]  19.99ms   2.81ms  99.96ms
             'fj_short_lin_default':         2 [ 65.90ms, 180.77ms] 123.33ms  57.43ms 246.67ms         2 [ 15.52ms,  23.46ms]  19.49ms   3.97ms  38.98ms
              'fj_short_lin_random':         3 [ 66.89ms,  87.18ms]  75.06ms   8.74ms 225.17ms         3 [ 18.55ms,  25.90ms]  22.72ms   3.08ms  68.16ms
                  'fj_short_random':         1 [267.43ms, 267.43ms] 267.43ms   0.00ns 267.43ms         1 [ 15.25ms,  15.25ms]  15.25ms   0.00ns  15.25ms
                        'fs_random':         1 [600.52ms, 600.52ms] 600.52ms   0.00ns 600.52ms         1 [ 20.00ns,  20.00ns]  20.00ns   0.00ns  20.00ns
                        'fs_random':         1 [821.10ms, 821.10ms] 821.10ms   0.00ns 821.10ms         1 [ 20.00ns,  20.00ns]  20.00ns   0.00ns  20.00ns
                  'fs_random_no_lp':         1 [461.95ms, 461.95ms] 461.95ms   0.00ns 461.95ms         0 [  0.00ns,   0.00ns]   0.00ns   0.00ns   0.00ns
                  'fs_random_no_lp':         1 [667.86ms, 667.86ms] 667.86ms   0.00ns 667.86ms         0 [  0.00ns,   0.00ns]   0.00ns   0.00ns   0.00ns
          'fs_random_quick_restart':         1 [   1.50s,    1.50s]    1.50s   0.00ns    1.50s         1 [ 20.00ns,  20.00ns]  20.00ns   0.00ns  20.00ns
          'fs_random_quick_restart':         1 [733.08ms, 733.08ms] 733.08ms   0.00ns 733.08ms         1 [ 20.00ns,  20.00ns]  20.00ns   0.00ns  20.00ns
    'fs_random_quick_restart_no_lp':         1 [490.94ms, 490.94ms] 490.94ms   0.00ns 490.94ms         0 [  0.00ns,   0.00ns]   0.00ns   0.00ns   0.00ns
                    'graph_arc_lns':         5 [298.46ms,    8.00h]    3.20h    3.92h   16.00h         4 [ 20.00ns, 100.29ms]  75.16ms  43.39ms 300.63ms
                    'graph_cst_lns':         5 [574.22ms,    8.00h]    6.40h    3.20h   32.00h         2 [  3.93us, 100.20ms]  50.10ms  50.10ms 100.20ms
                    'graph_dec_lns':         4 [363.19ms,    8.00h]    4.00h    4.00h   16.00h         3 [470.00ns, 100.08ms]  66.71ms  47.17ms 200.13ms
                    'graph_var_lns':         5 [188.00ms,    8.00h]    1.60h    3.20h    8.00h         5 [ 31.00ns, 100.45ms]  80.18ms  40.09ms 400.92ms
                   'lb_tree_search':         1 [   8.00h,    8.00h]    8.00h   0.00ns    8.00h         1 [  42.60m,   42.60m]   42.60m   0.00ns   42.60m
                           'max_lp':         1 [   8.00h,    8.00h]    8.00h   0.00ns    8.00h         1 [  47.39m,   47.39m]   47.39m   0.00ns   47.39m
                            'no_lp':         1 [   8.00h,    8.00h]    8.00h   0.00ns    8.00h         1 [   8.06h,    8.06h]    8.06h   0.00ns    8.06h
              'objective_lb_search':         1 [   8.00h,    8.00h]    8.00h   0.00ns    8.00h         1 [   1.42h,    1.42h]    1.42h   0.00ns    1.42h
       'objective_lb_search_max_lp':         1 [   8.00h,    8.00h]    8.00h   0.00ns    8.00h         1 [  43.78m,   43.78m]   43.78m   0.00ns   43.78m
        'objective_lb_search_no_lp':         1 [   8.00h,    8.00h]    8.00h   0.00ns    8.00h         1 [   7.71h,    7.71h]    7.71h   0.00ns    7.71h
  'objective_shaving_search_max_lp':         5 [  3.88ms, 323.40ms] 103.68ms 115.83ms 518.40ms         0 [  0.00ns,   0.00ns]   0.00ns   0.00ns   0.00ns
   'objective_shaving_search_no_lp':         5 [ 12.82ms, 155.36ms] 111.04ms  51.05ms 555.22ms         0 [  0.00ns,   0.00ns]   0.00ns   0.00ns   0.00ns
                          'probing':         1 [   8.00h,    8.00h]    8.00h   0.00ns    8.00h         1 [   1.42h,    1.42h]    1.42h   0.00ns    1.42h
                   'probing_max_lp':         1 [   8.00h,    8.00h]    8.00h   0.00ns    8.00h         1 [  44.23m,   44.23m]   44.23m   0.00ns   44.23m
                     'pseudo_costs':         1 [   8.00h,    8.00h]    8.00h   0.00ns    8.00h         1 [  43.41m,   43.41m]   43.41m   0.00ns   43.41m
                    'quick_restart':         1 [   8.00h,    8.00h]    8.00h   0.00ns    8.00h         1 [   1.40h,    1.40h]    1.40h   0.00ns    1.40h
              'quick_restart_no_lp':         1 [   8.00h,    8.00h]    8.00h   0.00ns    8.00h         1 [   6.02h,    6.02h]    6.02h   0.00ns    6.02h
                    'reduced_costs':         1 [   8.00h,    8.00h]    8.00h   0.00ns    8.00h         1 [  42.99m,   42.99m]   42.99m   0.00ns   42.99m
                        'rins/rens':         3 [302.61ms,    8.00h]    2.67h    3.77h    8.00h         3 [ 95.00ns, 100.15ms]  66.73ms  47.19ms 200.20ms
                      'rnd_cst_lns':         5 [182.30ms,    8.00h]    4.80h    3.92h   24.00h         3 [ 30.00ns, 100.09ms]  66.71ms  47.17ms 200.13ms
                      'rnd_var_lns':         5 [   8.00h,    8.00h]    8.00h 293.38ms   40.00h         1 [ 50.00ns,  50.00ns]  50.00ns   0.00ns  50.00ns
                     'violation_ls':         5 [372.29us,  31.30ms]   7.22ms  12.07ms  36.10ms         5 [ 14.47us,   3.31ms] 726.77us   1.29ms   3.63ms
                     'violation_ls':         5 [513.09us,  22.77ms]  14.21ms   7.95ms  71.03ms         5 [ 15.32us,   5.82ms]   1.55ms   2.15ms   7.75ms
                     'violation_ls':         5 [803.80us,   7.27ms]   4.20ms   2.59ms  21.01ms         5 [ 14.47us,   1.64ms] 681.32us 631.92us   3.41ms

Search stats                         Bools   Conflicts     Branches     Restarts      BoolPropag   IntegerPropag
                           'core':  45'889  10'667'148  536'071'617   92'924'326  87'311'055'723  22'991'695'602
                     'default_lp':   2'541          13       59'527       36'242       3'125'541       6'938'350
                      'fs_random':   1'799           0            0            0               0               0
                      'fs_random':   1'799           0            0            0               0               0
                'fs_random_no_lp':   1'799           0            0            0               0               0
                'fs_random_no_lp':   1'799           0            0            0               0               0
        'fs_random_quick_restart':   1'799           0            0            0               0               0
        'fs_random_quick_restart':   1'799           0        1'550        1'550          32'265         132'508
  'fs_random_quick_restart_no_lp':   1'799           0          814          814          19'354          67'390
                 'lb_tree_search':   2'541          11       68'483       40'776       3'591'948       7'938'903
                         'max_lp':   2'541          10       65'382       39'186       3'426'517       7'586'619
                          'no_lp':  26'053  14'576'651  621'357'463  104'536'511  39'264'358'788  26'515'735'228
            'objective_lb_search':   2'541          14       70'940       41'965       3'708'269       8'222'729
     'objective_lb_search_max_lp':   2'541          10       66'826       39'875       3'499'512       7'789'260
      'objective_lb_search_no_lp':  20'904  11'593'719  649'847'591  107'401'934  30'824'882'998  27'115'143'619
                        'probing':   2'541          16       73'730       43'766       3'941'750       8'713'782
                 'probing_max_lp':   2'541           9       63'572       38'687       3'412'461       7'530'973
                   'pseudo_costs':   2'541           9       63'975       38'477       3'365'476       7'477'469
                  'quick_restart':   2'541          16       71'917       42'465       3'778'771       8'382'858
            'quick_restart_no_lp':  20'684   8'933'349  952'417'076  118'360'858  54'989'305'149  30'789'148'146
                  'reduced_costs':   2'541          13       57'058       34'957       3'017'035       6'692'175

SAT stats                           ClassicMinim   LitRemoved     LitLearned   LitForgotten  Subsumed  MClauses  MDecisions  MLitTrue  MSubsumed  MLitRemoved  MReused
                           'core':    10'205'992  108'311'388  3'490'459'872  3'409'088'036   209'505   561'440   3'295'333         0      2'019       13'570  124'881
                     'default_lp':             0            0             13              0         0         0           0         0          0            0        0
                      'fs_random':             0            0              0              0         0         0           0         0          0            0        0
                      'fs_random':             0            0              0              0         0         0           0         0          0            0        0
                'fs_random_no_lp':             0            0              0              0         0         0           0         0          0            0        0
                'fs_random_no_lp':             0            0              0              0         0         0           0         0          0            0        0
        'fs_random_quick_restart':             0            0              0              0         0         0           0         0          0            0        0
        'fs_random_quick_restart':             0            0              0              0         0         0           0         0          0            0        0
  'fs_random_quick_restart_no_lp':             0            0              0              0         0         0           0         0          0            0        0
                 'lb_tree_search':             2            4             13              0         0         0           0         0          0            0        0
                         'max_lp':             1            1             11              0         0         0           0         0          0            0        0
                          'no_lp':    14'115'827  151'322'895  5'749'835'943  5'674'995'504   185'315   681'806   4'002'709         2      1'654       13'050  160'690
            'objective_lb_search':             1            2             15              0         0         0           0         0          0            0        0
     'objective_lb_search_max_lp':             0            0             10              0         0         0           0         0          0            0        0
      'objective_lb_search_no_lp':    11'253'399  123'706'078  5'072'220'100  5'015'691'473   117'647   622'931   3'600'609         1      1'174       14'630  124'949
                        'probing':             3           12             19              0         0         0           0         0          0            0        0
                 'probing_max_lp':             1            1             10              0         0         0           0         0          0            0        0
                   'pseudo_costs':             1            1             10              0         0         0           0         0          0            0        0
                  'quick_restart':             2            4             20              0         0         0           0         0          0            0        0
            'quick_restart_no_lp':     8'006'723   60'776'330  3'228'463'501  3'057'768'144   418'904   534'140  14'128'422         2      1'645       33'282   81'846
                  'reduced_costs':             1            1             14              0         0         0           0         0          0            0        0

Lp stats                         Component  Iterations  AddedCuts  OPTIMAL  DUAL_F.  DUAL_U.
                  'default_lp':          1  23'091'857  8'543'764  196'747    4'093        6
                   'fs_random':          1           0          0        0        0        0
                   'fs_random':          1           0          0        0        0        0
     'fs_random_quick_restart':          1           0          0        0        0        0
     'fs_random_quick_restart':          1           0          0        0        0        0
              'lb_tree_search':          1   6'607'746  2'683'276  144'588   39'659        1
                      'max_lp':          1   6'876'531  2'697'642  138'828   37'900        2
         'objective_lb_search':          1  24'219'520  9'294'160  233'125    2'671        6
  'objective_lb_search_max_lp':          1   6'977'789  2'627'222  141'157   38'801        2
                     'probing':          1  24'696'325  9'618'406  243'785    2'551        5
              'probing_max_lp':          1   6'749'079  2'518'492  136'503   36'741        1
                'pseudo_costs':          1   6'859'300  2'344'304  135'704   36'963        1
               'quick_restart':          1  23'617'980  9'316'564  235'704    2'498        7
               'reduced_costs':          1   5'448'546  2'612'409  124'570   32'899        5

Lp dimension                                                                        Final dimension of first component
                  'default_lp':  5245 rows, 2163 columns, 31097 entries with magnitude in [1.844507e-05, 1.000000e+00]
                   'fs_random':         0 rows, 2163 columns, 0 entries with magnitude in [0.000000e+00, 0.000000e+00]
                   'fs_random':         0 rows, 2163 columns, 0 entries with magnitude in [0.000000e+00, 0.000000e+00]
     'fs_random_quick_restart':         0 rows, 2163 columns, 0 entries with magnitude in [0.000000e+00, 0.000000e+00]
     'fs_random_quick_restart':         0 rows, 2163 columns, 0 entries with magnitude in [0.000000e+00, 0.000000e+00]
              'lb_tree_search':  3630 rows, 2164 columns, 52688 entries with magnitude in [2.685019e-06, 1.000000e+00]
                      'max_lp':  4217 rows, 2164 columns, 56026 entries with magnitude in [3.143923e-05, 1.000000e+00]
         'objective_lb_search':  4593 rows, 2163 columns, 25078 entries with magnitude in [6.790379e-06, 1.000000e+00]
  'objective_lb_search_max_lp':  3716 rows, 2164 columns, 50033 entries with magnitude in [1.514173e-05, 1.000000e+00]
                     'probing':  5101 rows, 2163 columns, 29310 entries with magnitude in [3.765489e-06, 1.000000e+00]
              'probing_max_lp':  3639 rows, 2164 columns, 32782 entries with magnitude in [2.213480e-05, 1.000000e+00]
                'pseudo_costs':  3202 rows, 2164 columns, 34662 entries with magnitude in [6.410816e-06, 1.000000e+00]
               'quick_restart':  5010 rows, 2163 columns, 26350 entries with magnitude in [4.140185e-06, 1.000000e+00]
               'reduced_costs':  4516 rows, 2164 columns, 37081 entries with magnitude in [5.775784e-05, 1.000000e+00]

Lp debug                         CutPropag  CutEqPropag  Adjust  Overflow          Bad  BadScaling
                  'default_lp':          0          585   3'261         0  185'949'025           0
                   'fs_random':          0            0       0         0            0           0
                   'fs_random':          0            0       0         0            0           0
     'fs_random_quick_restart':          0            0       0         0            0           0
     'fs_random_quick_restart':          0            0       0         0            0           0
              'lb_tree_search':         15        1'488  28'413         0  267'047'891           0
                      'max_lp':          0        2'003  34'851         0  263'341'593           0
         'objective_lb_search':          0          822  19'659         0  204'531'397           0
  'objective_lb_search_max_lp':          0        2'029  29'685         0  263'661'321           0
                     'probing':          0        1'036   2'005         0  208'858'768           0
              'probing_max_lp':          0        1'893  38'529         0  255'366'478           0
                'pseudo_costs':          0        2'764  19'987         0  245'751'621           0
               'quick_restart':          0          736  22'530         0  203'428'124           0
               'reduced_costs':          0        1'545  31'996         0  238'416'638           0

Lp pool                          Constraints  Updates  Simplif  Merged  Shortened   Split  Strenghtened             Cuts/Call
                  'default_lp':       12'511   65'846   12'448      34        543   5'336        83'589  8'543'764/20'976'961
                   'fs_random':        2'781        0        0       0          0       0             0                   0/0
                   'fs_random':        2'781        0        0       0          0       0             0                   0/0
     'fs_random_quick_restart':        2'781        0        0       0          0       0             0                   0/0
     'fs_random_quick_restart':        2'781        0        0       0          0       0             0                   0/0
              'lb_tree_search':       12'640   88'405   19'217      37      2'774  19'984       373'065   2'683'276/6'075'763
                      'max_lp':       13'008   88'666   18'622      35      3'493  14'985       392'583   2'697'642/6'205'751
         'objective_lb_search':       11'898   67'799   10'295      43        680   5'957       107'652  9'294'160/22'113'000
  'objective_lb_search_max_lp':       12'567   91'129   14'634      56      2'655  20'605       386'283   2'627'222/6'034'590
                     'probing':       12'155   72'686   10'854      32        718   6'586       114'421  9'618'406/23'022'975
              'probing_max_lp':       12'850   78'623   16'671      43      2'495  13'449       360'744   2'518'492/5'979'330
                'pseudo_costs':       12'644   82'446   16'287      61      5'268  20'397       353'622   2'344'304/5'132'157
               'quick_restart':       12'299   68'264   10'282      46        525   6'641       117'690  9'316'564/22'608'587
               'reduced_costs':       12'697  122'803   12'342     113      2'434  33'112       321'473   2'612'409/5'621'821

Lp Cut               defaul   max_lp     quick_   reduce   pseudo   lb_tre     probin     object   probin   object
          CG_FF:    145'311   57'540    185'827   57'307   50'290   58'126    179'553    184'432   58'876   62'573
           CG_K:      4'930   24'474      6'723   14'564   14'929   25'258      8'568      6'677   20'538   23'378
          CG_KL:         60        3         59        -        1        -         47         55        -        3
           CG_R:     25'003   52'075     36'612   51'298   49'831   57'111     37'881     34'111   49'659   58'750
          CG_RB:    581'449  280'610    709'589  272'064  237'160  273'140    681'237    676'468  255'463  292'528
         CG_RBP:      2'250   28'552      5'158   16'004   20'540   27'227      6'090      5'360   22'027   25'556
         Clique:          -   52'204          -   46'787   49'557   54'369          -          -   49'398   53'889
             IB:  1'618'757  337'428  1'854'781  326'244  279'005  347'045  1'958'648  1'883'015  308'826  323'355
       MIR_1_FF:  2'606'477  484'791  2'264'910  466'155  392'932  450'275  2'539'776  2'441'820  445'789  450'256
        MIR_1_K:     10'196   35'683     14'476   21'384   21'600   31'083     15'986     13'234   27'586   26'756
       MIR_1_KL:      2'499        3      1'656       17        3        1      1'422      1'893        5        5
        MIR_1_R:      4'849   21'401      7'409   23'743   16'515   16'763      6'763      6'924   19'380   21'626
       MIR_1_RB:  1'836'440  473'383  2'149'307  447'467  420'637  447'972  2'106'395  1'995'891  451'961  433'880
      MIR_1_RBP:      2'667    5'173      6'539    6'011    5'275    3'895      6'740      5'693    4'343    5'262
      MIR_1_RLT:          -      399          -      341      372      400          -          -      356      388
       MIR_2_FF:     92'307   64'787    107'757   64'790   52'996   65'197    104'002    106'531   63'801   59'797
        MIR_2_K:      4'125   12'152      7'400    7'666    7'472   10'577      7'718      6'527    9'563    9'268
       MIR_2_KL:        279        1        265        2        2        -        189        251        -        -
        MIR_2_R:      3'015   19'582      4'692   15'323   17'127   16'370      3'548      3'940   15'643   17'031
       MIR_2_RB:    317'354  159'808    370'888  236'653  160'585  201'446    349'367    346'124  159'237  182'983
      MIR_2_RBP:      1'415    2'364      2'313    3'978    4'196    2'092      2'297      1'800    2'101    2'964
       MIR_3_FF:     21'046   24'081     24'050   22'134   20'264   23'738     23'708     25'063   23'058   22'558
        MIR_3_K:      4'240    8'823      4'886    7'169    6'831    8'914      7'284      5'155    8'161    8'019
       MIR_3_KL:        223        1        216        5        -        -        156        219        -        -
        MIR_3_R:      7'927   13'604     13'101   10'652   12'061   13'646     11'549     12'010   10'964   11'970
       MIR_3_RB:    365'780  101'758    428'959  104'508   92'094  108'262    443'178    410'703   95'864  102'838
      MIR_3_RBP:        634    1'995      1'168    2'377    1'887    1'689      1'189        926    1'634    1'956
       MIR_4_FF:      9'176   18'215     11'167   16'688   16'553   18'913     12'009     11'507   17'513   17'687
        MIR_4_K:      3'081    6'381      3'152    5'332    4'959    6'770      5'354      3'819    6'006    6'137
       MIR_4_KL:         93        1         91        3        1        -         53        127        -        1
        MIR_4_R:      1'761    5'655      2'695    4'639    5'226    5'693      2'518      2'500    4'753    5'305
       MIR_4_RB:    245'324   82'917    293'378   80'569   77'079   85'150    305'966    281'634   79'655   85'016
      MIR_4_RBP:        463    1'474        687    1'925    1'451    1'315        772        622    1'200    1'704
       MIR_5_FF:      5'924   15'291      7'582   13'856   13'057   15'289      7'979      8'074   13'871   14'828
        MIR_5_K:      1'133    5'399      1'429    4'574    4'386    5'560      1'982      1'621    4'855    5'220
       MIR_5_KL:         27        -         28        2        -        -         22         32        -        -
        MIR_5_R:        997    3'881      1'628    3'317    3'750    4'038      1'420      1'529    3'642    3'898
       MIR_5_RB:    152'556   64'689    190'012   60'323   59'437   66'279    195'225    180'919   61'381   65'350
      MIR_5_RBP:        222    1'479        406    1'631    1'531    1'405        418        349    1'221    1'667
       MIR_6_FF:      3'553   10'641      4'578   10'251    9'116   10'740      4'384      4'724    9'942   10'581
        MIR_6_K:        934    5'460      1'062    3'764    3'502    5'137      1'555      1'265    4'421    4'144
       MIR_6_KL:         10        2         11        4        4        1         11         13        5        4
        MIR_6_R:        527    3'659        816    3'012    3'653    4'117        736        695    3'408    3'820
       MIR_6_RB:     92'785   48'729    119'741   44'649   45'017   50'144    123'004    113'528   46'925   49'414
      MIR_6_RBP:        126    1'047        225    1'460    1'179    1'023        273        199      945    1'412
   ZERO_HALF_FF:     92'573   11'678    105'821   10'588   11'409   12'434    104'399    123'657   11'705   11'622
    ZERO_HALF_K:      2'428    3'389      2'812    2'049    2'046    3'490      3'188      2'926    3'248    2'879
   ZERO_HALF_KL:          3        -          8        -        -        -          3          4        2        -
    ZERO_HALF_R:     58'439   98'233     89'469   77'995  102'759   90'140     81'458     83'383   95'369   93'714
   ZERO_HALF_RB:    211'574   45'612    270'105   39'956   42'710   49'681    261'522    295'310   43'155   43'916
  ZERO_HALF_RBP:        822    1'135        920    1'179    1'317    1'361        864        901    1'037    1'314

LNS stats           Improv/Calls  Closed  Difficulty  TimeLimit
  'graph_arc_lns':           5/5      0%        0.06       0.10
  'graph_cst_lns':           4/5      0%        0.06       0.10
  'graph_dec_lns':           3/4      0%        0.09       0.10
  'graph_var_lns':           4/5     40%        0.43       0.10
      'rins/rens':           3/3      0%        0.12       0.10
    'rnd_cst_lns':           3/5      0%        0.06       0.10
    'rnd_var_lns':           5/5      0%        0.06       0.10

LS stats                   Batches  Restarts  LinMoves  GenMoves  CompoundMoves  WeightUpdates
       'fj_long_default':        1         1     9'212         0              0            788
   'fj_long_lin_default':        3         1         0    11'009            833             44
        'fj_long_random':        2         1    15'384         0              0          1'202
      'fj_short_default':        5         1         0    18'634          1'474             19
  'fj_short_lin_default':        2         1         0     6'866            755              8
   'fj_short_lin_random':        3         1         0    12'887          1'286             39
       'fj_short_random':        1         1         0     2'787            703              1
          'violation_ls':        5         0     1'307       132             14            313
          'violation_ls':        5         0        58       446             30             55
          'violation_ls':        5         0         8       277             23              9

Solutions (37)            Num     Rank
                 'core':    5  [23,29]
       'fj_long_random':    1    [1,1]
        'graph_var_lns':    1    [8,8]
  'quick_restart_no_lp':   18  [15,37]
         'violation_ls':   12   [2,14]

Objective bounds                      Num
                   'initial_domain':    1
                           'max_lp':    1
              'objective_lb_search':    2
       'objective_lb_search_max_lp':    8
  'objective_shaving_search_max_lp':    2
   'objective_shaving_search_no_lp':    4
                     'pseudo_costs':   26
                    'reduced_costs':    1

Solution repositories    Added  Queried  Ignored  Synchro
  'feasible solutions':     86       82        0       82
        'lp solutions':      0        0        0        0
                'pump':     25        3

Improving bounds shared            Num
                        'core':  2'048
                  'default_lp':     35
                      'max_lp':     12
                       'no_lp':  1'914
         'objective_lb_search':    218
  'objective_lb_search_max_lp':     70
   'objective_lb_search_no_lp':  1'900
                     'probing':      4
              'probing_max_lp':     38
                'pseudo_costs':    194
               'quick_restart':    183
         'quick_restart_no_lp':  2'914
               'reduced_costs':     34

Clauses shared                    Num
                       'core':  2'513
                 'default_lp':      1
             'lb_tree_search':      2
                     'max_lp':      1
                      'no_lp':  3'297
        'objective_lb_search':      1
  'objective_lb_search_no_lp':  2'934
                    'probing':      3
             'probing_max_lp':      1
               'pseudo_costs':      1
              'quick_restart':      2
        'quick_restart_no_lp':  2'389
              'reduced_costs':      1

CpSolverResponse summary:
status: FEASIBLE
objective: 730160
best_bound: 442800
integers: 2165
booleans: 1799
conflicts: 0
branches: 0
propagations: 0
integer_propagations: 0
restarts: 0
lp_iterations: 0
walltime: 28800.3
usertime: 28800.3
deterministic_time: 145378
gap_integral: 1.82718e+06
solution_fingerprint: 0xea85a7e5394b62aa

CPU USED: 32
Loading /home/aneumann/projects/def-adhaj/aneumann/gns/data/instances/test/xl/instance_162.pkl...
===* START SOLVING *===
   index   value       gap    status  computing_time  max_time  cpu  max_memory
0    162  7301.6  0.393558  feasible    28801.393335         8   32         118
===* END OF FILE *===
