created virtual environment CPython3.12.4.final.0-64 in 746ms
  creator CPython3Posix(dest=/localscratch/aneumann.37168026.0/env, clear=False, no_vcs_ignore=False, global=False)
  seeder FromAppData(download=False, pip=bundle, via=copy, app_data_dir=/home/aneumann/.local/share/virtualenv)
    added seed packages: pip==24.2+computecanada
  activators BashActivator,CShellActivator,FishActivator,NushellActivator,PowerShellActivator,PythonActivator
Looking in links: /cvmfs/soft.computecanada.ca/custom/python/wheelhouse/gentoo2023/x86-64-v3, /cvmfs/soft.computecanada.ca/custom/python/wheelhouse/gentoo2023/generic, /cvmfs/soft.computecanada.ca/custom/python/wheelhouse/generic
Requirement already satisfied: pip in /localscratch/aneumann.37168026.0/env/lib/python3.12/site-packages (24.2+computecanada)
Looking in links: /cvmfs/soft.computecanada.ca/custom/python/wheelhouse/gentoo2023/x86-64-v3, /cvmfs/soft.computecanada.ca/custom/python/wheelhouse/gentoo2023/generic, /cvmfs/soft.computecanada.ca/custom/python/wheelhouse/generic
ERROR: protobuf-5.28.3-cp38-abi3-manylinux2014_x86_64.whl is not a supported wheel on this platform.
Looking in links: /cvmfs/soft.computecanada.ca/custom/python/wheelhouse/gentoo2023/x86-64-v3, /cvmfs/soft.computecanada.ca/custom/python/wheelhouse/gentoo2023/generic, /cvmfs/soft.computecanada.ca/custom/python/wheelhouse/generic
Processing /home/aneumann/projects/def-adhaj/aneumann/gns/wheels/immutabledict-4.2.0-py3-none-any.whl
Installing collected packages: immutabledict
Successfully installed immutabledict-4.2.0
Looking in links: /cvmfs/soft.computecanada.ca/custom/python/wheelhouse/gentoo2023/x86-64-v3, /cvmfs/soft.computecanada.ca/custom/python/wheelhouse/gentoo2023/generic, /cvmfs/soft.computecanada.ca/custom/python/wheelhouse/generic
Processing /cvmfs/soft.computecanada.ca/custom/python/wheelhouse/generic/ortools-9.10.4067+computecanada-cp312-cp312-linux_x86_64.whl (from -r /home/aneumann/projects/def-adhaj/aneumann/gns/requirements_or.txt (line 1))
Processing /cvmfs/soft.computecanada.ca/custom/python/wheelhouse/gentoo2023/x86-64-v3/pandas-2.2.2+computecanada-cp312-cp312-linux_x86_64.whl (from -r /home/aneumann/projects/def-adhaj/aneumann/gns/requirements_or.txt (line 2))
Processing /cvmfs/soft.computecanada.ca/custom/python/wheelhouse/generic/absl_py-2.1.0+computecanada-py3-none-any.whl (from ortools->-r /home/aneumann/projects/def-adhaj/aneumann/gns/requirements_or.txt (line 1))
Processing /cvmfs/soft.computecanada.ca/custom/python/wheelhouse/gentoo2023/generic/numpy-2.1.1+computecanada-cp312-cp312-linux_x86_64.whl (from ortools->-r /home/aneumann/projects/def-adhaj/aneumann/gns/requirements_or.txt (line 1))
Processing /cvmfs/soft.computecanada.ca/custom/python/wheelhouse/gentoo2023/x86-64-v3/protobuf-5.28.0+computecanada-cp312-cp312-linux_x86_64.whl (from ortools->-r /home/aneumann/projects/def-adhaj/aneumann/gns/requirements_or.txt (line 1))
Requirement already satisfied: immutabledict>=3.0.0 in /localscratch/aneumann.37168026.0/env/lib/python3.12/site-packages (from ortools->-r /home/aneumann/projects/def-adhaj/aneumann/gns/requirements_or.txt (line 1)) (4.2.0)
Processing /cvmfs/soft.computecanada.ca/custom/python/wheelhouse/generic/python_dateutil-2.9.0.post0+computecanada-py2.py3-none-any.whl (from pandas->-r /home/aneumann/projects/def-adhaj/aneumann/gns/requirements_or.txt (line 2))
Processing /cvmfs/soft.computecanada.ca/custom/python/wheelhouse/generic/pytz-2024.2+computecanada-py2.py3-none-any.whl (from pandas->-r /home/aneumann/projects/def-adhaj/aneumann/gns/requirements_or.txt (line 2))
Processing /cvmfs/soft.computecanada.ca/custom/python/wheelhouse/generic/tzdata-2024.2+computecanada-py2.py3-none-any.whl (from pandas->-r /home/aneumann/projects/def-adhaj/aneumann/gns/requirements_or.txt (line 2))
Processing /cvmfs/soft.computecanada.ca/custom/python/wheelhouse/generic/six-1.16.0+computecanada-py2.py3-none-any.whl (from python-dateutil>=2.8.2->pandas->-r /home/aneumann/projects/def-adhaj/aneumann/gns/requirements_or.txt (line 2))
Installing collected packages: pytz, tzdata, six, protobuf, numpy, absl-py, python-dateutil, pandas, ortools
Successfully installed absl-py-2.1.0+computecanada numpy-2.1.1+computecanada ortools-9.10.4067+computecanada pandas-2.2.2+computecanada protobuf-5.28.0+computecanada python-dateutil-2.9.0.post0+computecanada pytz-2024.2+computecanada six-1.16.0+computecanada tzdata-2024.2+computecanada

Starting CP-SAT solver v9.10.4067
Parameters: max_time_in_seconds: 28800 max_memory_in_mb: 118 log_search_progress: true optimize_with_core: true cp_model_presolve: true enumerate_all_solutions: false num_search_workers: 32 use_implied_bounds: true absolute_gap_limit: 5 relative_gap_limit: 0.01 use_probing_search: true

Initial optimization model '': (model_fingerprint: 0xbbf7348875fcc39f)
#Variables: 3'686 (#bools: 30 #ints: 1 in objective)
  - 3'226 Booleans in [0,1]
  - 459 in [0,300000]
  - 1 constants in {1} 
#kBoolOr: 2'058 (#literals: 2'058)
#kLinear1: 676
#kLinear2: 10'861
#kLinear3: 2'063
#kLinearN: 787 (#terms: 8'534)

Starting presolve at 0.00s
  2.91e-03s  0.00e+00d  [DetectDominanceRelations] 
  8.91e-02s  0.00e+00d  [PresolveToFixPoint] #num_loops=27 #num_dual_strengthening=3 
  8.29e-05s  0.00e+00d  [ExtractEncodingFromLinear] #potential_supersets=259 
[Symmetry] Graph for symmetry has 12'455 nodes and 26'245 arcs.
[Symmetry] Symmetry computation done. time: 0.00251939 dtime: 0.00342596
[Symmetry] #generators: 4, average support size: 2
[Symmetry] 4 orbits with sizes: 2,2,2,2
[Symmetry] Found orbitope of size 1 x 2
[SAT presolve] num removable Booleans: 0 / 1956
[SAT presolve] num trivial clauses: 0
[SAT presolve] [0s] clauses:3364 literals:6732 vars:1874 one_side_vars:1837 simple_definition:31 singleton_clauses:0
[SAT presolve] [0.000251293s] clauses:3364 literals:6732 vars:1874 one_side_vars:1837 simple_definition:31 singleton_clauses:0
[SAT presolve] [0.000413527s] clauses:3364 literals:6732 vars:1874 one_side_vars:1837 simple_definition:31 singleton_clauses:0
  6.00e-01s  1.44e-01d  [Probe] #probed=4'733 #fixed_bools=81 #new_bounds=233 
  4.80e-03s  0.00e+00d  [MaxClique] Merged 3614(10320 literals) into 965(7070 literals) at_most_ones. 
  2.39e-03s  0.00e+00d  [DetectDominanceRelations] 
  1.93e-02s  0.00e+00d  [PresolveToFixPoint] #num_loops=4 #num_dual_strengthening=3 
  3.44e-03s  0.00e+00d  [ProcessAtMostOneAndLinear] #num_changes=86 
  2.31e-03s  0.00e+00d  [DetectDuplicateConstraints] #duplicates=4 #without_enforcements=4 
  4.82e-04s  2.54e-05d  [DetectDominatedLinearConstraints] #relevant_constraints=1'739 
  5.89e-04s  0.00e+00d  [DetectDifferentVariables] #different=30 
  9.22e-04s  2.38e-04d  [ProcessSetPPC] #relevant_constraints=1'062 #num_inclusions=707 
  6.48e-05s  0.00e+00d  [FindAlmostIdenticalLinearConstraints] 
  3.70e-03s  6.25e-03d  [FindBigAtMostOneAndLinearOverlap] 
  1.07e-03s  2.97e-03d  [FindBigVerticalLinearOverlap] 
  4.30e-04s  1.44e-03d  [FindBigHorizontalLinearOverlap] #linears=201 
  1.11e-04s  4.00e-08d  [MergeClauses] 
  2.33e-03s  0.00e+00d  [DetectDominanceRelations] 
  9.25e-03s  0.00e+00d  [PresolveToFixPoint] #num_loops=1 #num_dual_strengthening=1 
  2.30e-03s  0.00e+00d  [DetectDominanceRelations] 
  9.22e-03s  0.00e+00d  [PresolveToFixPoint] #num_loops=1 #num_dual_strengthening=1 
[Symmetry] Graph for symmetry has 9'358 nodes and 17'808 arcs.
[Symmetry] Symmetry computation done. time: 0.00144092 dtime: 0.00209788
[Symmetry] #generators: 2, average support size: 2
[Symmetry] 2 orbits with sizes: 2,2
[Symmetry] Found orbitope of size 1 x 2
[SAT presolve] num removable Booleans: 0 / 1866
[SAT presolve] num trivial clauses: 0
[SAT presolve] [0s] clauses:32 literals:68 vars:43 one_side_vars:32 simple_definition:10 singleton_clauses:0
[SAT presolve] [3.6088e-05s] clauses:32 literals:68 vars:43 one_side_vars:32 simple_definition:10 singleton_clauses:0
[SAT presolve] [8.007e-05s] clauses:32 literals:68 vars:43 one_side_vars:32 simple_definition:10 singleton_clauses:0
  2.60e-01s  6.42e-02d  [Probe] #probed=4'633 #fixed_bools=1 #new_bounds=105 
  2.50e-03s  0.00e+00d  [MaxClique] Merged 795(5870 literals) into 795(5881 literals) at_most_ones. 
  2.34e-03s  0.00e+00d  [DetectDominanceRelations] 
  1.65e-02s  0.00e+00d  [PresolveToFixPoint] #num_loops=4 #num_dual_strengthening=3 
  3.28e-03s  0.00e+00d  [ProcessAtMostOneAndLinear] 
  2.27e-03s  0.00e+00d  [DetectDuplicateConstraints] #duplicates=12 
  4.75e-04s  2.54e-05d  [DetectDominatedLinearConstraints] #relevant_constraints=1'737 
  5.45e-04s  0.00e+00d  [DetectDifferentVariables] #different=30 
  7.63e-04s  2.33e-04d  [ProcessSetPPC] #relevant_constraints=1'005 #num_inclusions=642 
  6.17e-05s  0.00e+00d  [FindAlmostIdenticalLinearConstraints] 
  3.70e-03s  6.24e-03d  [FindBigAtMostOneAndLinearOverlap] 
  1.04e-03s  2.97e-03d  [FindBigVerticalLinearOverlap] 
  4.27e-04s  1.44e-03d  [FindBigHorizontalLinearOverlap] #linears=201 
  1.05e-04s  4.00e-08d  [MergeClauses] 
  2.33e-03s  0.00e+00d  [DetectDominanceRelations] 
  9.23e-03s  0.00e+00d  [PresolveToFixPoint] #num_loops=1 #num_dual_strengthening=1 
  2.34e-03s  0.00e+00d  [DetectDominanceRelations] 
  9.30e-03s  0.00e+00d  [PresolveToFixPoint] #num_loops=1 #num_dual_strengthening=1 
[Symmetry] Graph for symmetry has 9'359 nodes and 17'812 arcs.
[Symmetry] Symmetry computation done. time: 0.00142692 dtime: 0.00209409
[Symmetry] #generators: 1, average support size: 2
[Symmetry] 1 orbits with sizes: 2
[SAT presolve] num removable Booleans: 0 / 1865
[SAT presolve] num trivial clauses: 0
[SAT presolve] [0s] clauses:32 literals:68 vars:43 one_side_vars:32 simple_definition:10 singleton_clauses:0
[SAT presolve] [3.3573e-05s] clauses:32 literals:68 vars:43 one_side_vars:32 simple_definition:10 singleton_clauses:0
[SAT presolve] [7.7245e-05s] clauses:32 literals:68 vars:43 one_side_vars:32 simple_definition:10 singleton_clauses:0
  2.33e-01s  5.82e-02d  [Probe] #probed=4'632 #new_bounds=4 
  2.45e-03s  0.00e+00d  [MaxClique] Merged 795(5873 literals) into 795(5878 literals) at_most_ones. 
  2.35e-03s  0.00e+00d  [DetectDominanceRelations] 
  1.07e-02s  0.00e+00d  [PresolveToFixPoint] #num_loops=3 #num_dual_strengthening=2 
  3.26e-03s  0.00e+00d  [ProcessAtMostOneAndLinear] 
  2.26e-03s  0.00e+00d  [DetectDuplicateConstraints] #duplicates=6 
  4.82e-04s  2.54e-05d  [DetectDominatedLinearConstraints] #relevant_constraints=1'737 
  5.60e-04s  0.00e+00d  [DetectDifferentVariables] #different=30 
  7.57e-04s  2.33e-04d  [ProcessSetPPC] #relevant_constraints=1'005 #num_inclusions=642 
  6.61e-05s  0.00e+00d  [FindAlmostIdenticalLinearConstraints] 
  3.71e-03s  6.24e-03d  [FindBigAtMostOneAndLinearOverlap] 
  1.06e-03s  2.97e-03d  [FindBigVerticalLinearOverlap] 
  4.29e-04s  1.44e-03d  [FindBigHorizontalLinearOverlap] #linears=201 
  1.03e-04s  4.00e-08d  [MergeClauses] 
  2.36e-03s  0.00e+00d  [DetectDominanceRelations] 
  9.22e-03s  0.00e+00d  [PresolveToFixPoint] #num_loops=1 #num_dual_strengthening=1 
  1.49e-04s  0.00e+00d  [ExpandObjective] #entries=42 #tight_variables=21 #tight_constraints=7 

Presolve summary:
  - 99 affine relations were detected.
  - rule 'TODO dual: add implied bound' was applied 16 times.
  - rule 'TODO dual: only one blocking constraint?' was applied 33'307 times.
  - rule 'TODO dual: only one blocking enforced constraint?' was applied 16 times.
  - rule 'TODO dual: only one unspecified blocking constraint?' was applied 16 times.
  - rule 'TODO dual: tighten at most one' was applied 1'226 times.
  - rule 'TODO linear2: contains a Boolean.' was applied 18'578 times.
  - rule 'TODO symmetry: add symmetry breaking inequalities?' was applied 2 times.
  - rule 'affine: new relation' was applied 99 times.
  - rule 'at_most_one: removed literals' was applied 354 times.
  - rule 'at_most_one: singleton' was applied 9 times.
  - rule 'at_most_one: size one' was applied 113 times.
  - rule 'at_most_one: transformed into max clique.' was applied 1 time.
  - rule 'bool_and: x => x' was applied 14 times.
  - rule 'bool_or: always true' was applied 2'058 times.
  - rule 'bool_or: implications' was applied 9'276 times.
  - rule 'bool_or: singleton' was applied 6 times.
  - rule 'deductions: 731 stored' was applied 1 time.
  - rule 'dual: add implication' was applied 60 times.
  - rule 'dual: enforced equivalence' was applied 6 times.
  - rule 'dual: fix variable' was applied 548 times.
  - rule 'dual: fix variable with multiple choices' was applied 4 times.
  - rule 'dual: reduced domain' was applied 269 times.
  - rule 'duplicate: merged rhs of linear constraint' was applied 4 times.
  - rule 'duplicate: removed constraint' was applied 22 times.
  - rule 'duplicate: removed enforced constraint' was applied 4 times.
  - rule 'enforcement: false literal' was applied 5'871 times.
  - rule 'enforcement: literal not used' was applied 16 times.
  - rule 'linear + amo: fixed literal implied by enforcement' was applied 86 times.
  - rule 'linear1: always true' was applied 9 times.
  - rule 'linear2: contains a Boolean.' was applied 15 times.
  - rule 'linear: always true' was applied 2'068 times.
  - rule 'linear: divide by GCD' was applied 6'601 times.
  - rule 'linear: empty' was applied 155 times.
  - rule 'linear: extracted enforcement literal' was applied 842 times.
  - rule 'linear: fixed or dup variables' was applied 2'157 times.
  - rule 'linear: negative clause' was applied 2'578 times.
  - rule 'linear: positive at most one' was applied 252 times.
  - rule 'linear: positive clause' was applied 6'706 times.
  - rule 'linear: positive equal one' was applied 7 times.
  - rule 'linear: reduced variable domains' was applied 1'459 times.
  - rule 'linear: remapped using affine relations' was applied 2'931 times.
  - rule 'linear: simplified rhs' was applied 25'683 times.
  - rule 'linear: singleton column' was applied 20 times.
  - rule 'objective: variable not used elsewhere' was applied 1 time.
  - rule 'presolve: 1319 unused variables removed.' was applied 1 time.
  - rule 'presolve: iteration' was applied 3 times.
  - rule 'setppc: bool_or in at_most_one.' was applied 2 times.
  - rule 'setppc: removed dominated constraints' was applied 62 times.
  - rule 'symmetry: added symmetry breaking implication' was applied 2 times.

Presolved optimization model '': (model_fingerprint: 0x5c0c423f45a1c586)
#Variables: 2'248 (#bools: 29 #ints: 1 in objective)
  - 1'865 Booleans in [0,1]
  - 138 different domains in [0,300000] with a largest complexity of 1.
#kAtMostOne: 765 (#literals: 5'813)
#kBoolAnd: 39 (#enforced: 39) (#literals: 81)
#kBoolOr: 2 (#literals: 8)
#kExactlyOne: 7 (#literals: 21)
#kLinear1: 5 (#enforced: 5)
#kLinear2: 977 (#enforced: 715 #multi: 13)
#kLinear3: 1'200 (#enforced: 27)
#kLinearN: 275 (#terms: 3'149)

Preloading model.
#Bound   1.36s best:inf   next:[79339,3094121] initial_domain
[Symmetry] Graph for symmetry has 7'921 nodes and 17'812 arcs.
[Symmetry] Symmetry computation done. time: 0.00136023 dtime: 0.0020078
[Symmetry] #generators: 1, average support size: 2
#Model   1.37s var:2248/2248 constraints:3270/3270

Starting search at 1.37s with 32 workers.
16 full problem subsolvers: [core, default_lp, lb_tree_search, max_lp, no_lp, objective_lb_search, objective_lb_search_max_lp, objective_lb_search_no_lp, objective_shaving_search_max_lp, objective_shaving_search_no_lp, probing, probing_max_lp, pseudo_costs, quick_restart, quick_restart_no_lp, reduced_costs]
14 first solution subsolvers: [fj_long_default, fj_long_lin_default, fj_long_random, fj_short_default, fj_short_lin_default, fj_short_lin_random, fj_short_random, fs_random(2), fs_random_no_lp(2), fs_random_quick_restart(2), fs_random_quick_restart_no_lp]
11 incomplete subsolvers: [feasibility_pump, graph_arc_lns, graph_cst_lns, graph_dec_lns, graph_var_lns, rins/rens, rnd_cst_lns, rnd_var_lns, violation_ls(3)]
3 helper subsolvers: [neighborhood_helper, synchronization_agent, update_gap_integral]
#Bound   1.51s best:inf   next:[79340,3094121] objective_shaving_search_no_lp (vars=2252 csts=3336)
#Bound   1.69s best:inf   next:[79341,3094121] objective_shaving_search_no_lp (vars=2248 csts=3271)
#Bound   1.79s best:inf   next:[79342,3094121] objective_shaving_search_max_lp (vars=2248 csts=3271)
#Bound   1.86s best:inf   next:[79343,3094121] objective_shaving_search_no_lp (vars=2248 csts=3271)
#Bound   1.87s best:inf   next:[79344,3094121] objective_shaving_search_no_lp (vars=2248 csts=3271)
#Bound   1.87s best:inf   next:[79345,3094121] objective_shaving_search_no_lp (vars=2248 csts=3271)
#Bound   1.89s best:inf   next:[79346,3094121] objective_shaving_search_no_lp (vars=2248 csts=3271)
#Bound   1.91s best:inf   next:[79347,3094121] objective_shaving_search_no_lp (vars=2248 csts=3271)
#Bound   1.92s best:inf   next:[79348,3094121] objective_shaving_search_no_lp (vars=2248 csts=3271)
#1       1.96s best:3088206 next:[79348,3088205] fj_long_random(batch:3 #lin_moves:22'579 #lin_evals:40'451 #weight_updates:1'280)
#2       1.97s best:3088197 next:[79348,3088196] violation_ls(batch:1 #solutions_imported:1 #lin_moves:7 #lin_evals:49 #weight_updates:5)
#Bound   1.98s best:3088197 next:[79349,3088196] objective_shaving_search_no_lp (vars=2255 csts=3337)
#3       2.01s best:3088188 next:[79349,3088187] violation_ls(batch:2 #solutions_imported:2 #lin_moves:5 #lin_evals:6'402 #gen_moves:107 #gen_evals:0 #comp_moves:7 #backtracks:50 #weight_updates:5)
#4       2.02s best:3088179 next:[79349,3088178] violation_ls(batch:2 #solutions_imported:2 #lin_moves:7 #lin_evals:6'908 #gen_moves:95 #gen_evals:0 #comp_moves:9 #backtracks:43 #weight_updates:6)
#5       2.02s best:3088170 next:[79349,3088169] violation_ls(batch:1 #solutions_imported:1 #lin_moves:0 #lin_evals:6'460 #gen_moves:102 #gen_evals:0 #comp_moves:8 #backtracks:47 #weight_updates:1)
#6       2.10s best:3088161 next:[79349,3088160] violation_ls(batch:2 #solutions_imported:2 #lin_moves:11 #lin_evals:6'524 #gen_moves:102 #gen_evals:0 #comp_moves:8 #backtracks:47 #weight_updates:7)
#Model   2.20s var:2247/2248 constraints:3269/3270
#Model   2.21s var:2243/2248 constraints:3269/3270
#7       2.25s best:3088152 next:[79349,3088151] violation_ls(batch:3 #solutions_imported:3 #lin_moves:5 #lin_evals:11'045 #gen_moves:167 #gen_evals:0 #comp_moves:17 #backtracks:75 #weight_updates:6)
#8       2.27s best:3088143 next:[79349,3088142] violation_ls(batch:3 #solutions_imported:3 #lin_moves:11 #lin_evals:14'891 #gen_moves:223 #gen_evals:0 #comp_moves:19 #backtracks:102 #weight_updates:9)
#9       2.47s best:3076549 next:[79349,3076548] graph_dec_lns (d=0.50 s=66 t=0.10 p=0.00 stall=0 h=auto_l0)
#10      2.49s best:3068450 next:[79349,3068449] violation_ls(batch:4 #solutions_imported:4 #lin_moves:5 #lin_evals:18'359 #gen_moves:305 #gen_evals:0 #comp_moves:25 #backtracks:140 #weight_updates:7)
#11      2.50s best:3068441 next:[79349,3068440] violation_ls(batch:4 #solutions_imported:4 #lin_moves:19 #lin_evals:14'945 #gen_moves:223 #gen_evals:0 #comp_moves:19 #backtracks:102 #weight_updates:14)
#Bound   2.65s best:3068441 next:[79350,3068440] objective_shaving_search_max_lp (vars=2248 csts=3271)
#12      2.65s best:3068432 next:[79350,3068431] violation_ls(batch:5 #solutions_imported:5 #lin_moves:13 #lin_evals:18'413 #gen_moves:305 #gen_evals:0 #comp_moves:25 #backtracks:140 #weight_updates:12)
#13      2.66s best:3068423 next:[79350,3068422] violation_ls(batch:5 #solutions_imported:5 #lin_moves:17 #lin_evals:20'912 #gen_moves:321 #gen_evals:0 #comp_moves:27 #backtracks:147 #weight_updates:13)
#14      2.67s best:3068414 next:[79350,3068413] violation_ls(batch:5 #solutions_imported:5 #lin_moves:27 #lin_evals:15'000 #gen_moves:223 #gen_evals:0 #comp_moves:19 #backtracks:102 #weight_updates:19)
#Bound   2.91s best:3068414 next:[85531,3068413] probing_max_lp
#Model   2.93s var:2242/2248 constraints:3268/3270
#15      2.93s best:3068405 next:[85531,3068404] violation_ls(batch:6 #solutions_imported:6 #lin_moves:23 #lin_evals:18'470 #gen_moves:305 #gen_evals:0 #comp_moves:25 #backtracks:140 #weight_updates:17)
#16      2.93s best:3068396 next:[85531,3068395] violation_ls(batch:6 #solutions_imported:6 #lin_moves:17 #lin_evals:31'212 #gen_moves:451 #gen_evals:0 #comp_moves:35 #backtracks:208 #weight_updates:15)
#17      2.93s best:3068387 next:[85531,3068386] violation_ls(batch:6 #solutions_imported:6 #lin_moves:35 #lin_evals:15'054 #gen_moves:223 #gen_evals:0 #comp_moves:19 #backtracks:102 #weight_updates:24)
#Bound   2.93s best:3068387 next:[85532,3068386] objective_shaving_search_max_lp (vars=2248 csts=3271)
#Bound   3.11s best:3068387 next:[86062,3068386] probing_max_lp
#Bound   3.30s best:3068387 next:[86063,3068386] objective_shaving_search_max_lp (vars=2248 csts=3271)
#18      3.31s best:3068378 next:[86063,3068377] violation_ls(batch:7 #solutions_imported:7 #lin_moves:31 #lin_evals:18'524 #gen_moves:305 #gen_evals:0 #comp_moves:25 #backtracks:140 #weight_updates:22)
#19      3.32s best:3068369 next:[86063,3068368] violation_ls(batch:7 #solutions_imported:7 #lin_moves:17 #lin_evals:38'751 #gen_moves:561 #gen_evals:0 #comp_moves:43 #backtracks:259 #weight_updates:16)
#20      3.32s best:3068360 next:[86063,3068359] violation_ls(batch:7 #solutions_imported:7 #lin_moves:43 #lin_evals:15'108 #gen_moves:223 #gen_evals:0 #comp_moves:19 #backtracks:102 #weight_updates:29)
#Bound   3.63s best:3068360 next:[100696,3068359] objective_lb_search_max_lp
#Model   3.89s var:2241/2248 constraints:3268/3270
#Model   4.10s var:2240/2248 constraints:3267/3270
#Model   4.40s var:2239/2248 constraints:3266/3270
#Model   4.51s var:2238/2248 constraints:3266/3270
#Model   4.91s var:2236/2248 constraints:3265/3270
#Model   5.32s var:2235/2248 constraints:3263/3270
#Model   5.83s var:2234/2248 constraints:3261/3270
#Model   6.55s var:2233/2248 constraints:3261/3270
#21     16.31s best:3058714 next:[100696,3058713] quick_restart_no_lp (fixed_bools=186/3381)
#22     18.85s best:3052716 next:[100696,3052715] core (fixed_bools=121/2896)
#23     19.18s best:3044617 next:[100696,3044616] quick_restart_no_lp (fixed_bools=186/3675)
#Model  36.93s var:2232/2248 constraints:3260/3270
#Model 167.59s var:2231/2248 constraints:3259/3270
#Bound 220.36s best:3044617 next:[102316,3044616] quick_restart
#Model 238.96s var:2230/2248 constraints:3258/3270
#24    248.72s best:3034971 next:[102316,3034970] quick_restart_no_lp (fixed_bools=329/4281)
#25    298.01s best:3023596 next:[102316,3023595] core (fixed_bools=256/4134)
#26    298.10s best:2960407 next:[102316,2960406] core (fixed_bools=256/4158)
#Bound 329.61s best:2960407 next:[102856,2960406] reduced_costs
#27    342.53s best:2950761 next:[102856,2950760] quick_restart_no_lp (fixed_bools=350/4895)
#28    346.41s best:2945483 next:[102856,2945482] quick_restart_no_lp (fixed_bools=352/4903)
#29    409.51s best:2942929 next:[102856,2942928] core (fixed_bools=267/5202)
#30    512.76s best:2941300 next:[102856,2941299] core (fixed_bools=270/6400)
#31    543.15s best:2931927 next:[102856,2931926] quick_restart_no_lp (fixed_bools=357/6109)
#32    588.36s best:2923697 next:[102856,2923696] core (fixed_bools=271/6696)
#33    592.55s best:583436 next:[102856,583435] core (fixed_bools=271/6719)
#34    601.39s best:579900 next:[102856,579899] core (fixed_bools=271/6997)
#35    608.56s best:575382 next:[102856,575381] core (fixed_bools=789/7217)
#36    609.35s best:573231 next:[102856,573230] core (fixed_bools=789/7250)
#37    622.11s best:563585 next:[102856,563584] core (fixed_bools=789/7465)
#38    622.13s best:561956 next:[102856,561955] core (fixed_bools=789/7467)
#39    622.29s best:561416 next:[102856,561415] core (fixed_bools=789/7472)
#Bound 1076.76s best:561416 next:[102857,561415] probing_max_lp
#Bound 1077.04s best:561416 next:[102865,561415] probing_max_lp
#Bound 1165.60s best:561416 next:[102866,561415] probing_max_lp
#Bound 1165.82s best:561416 next:[102874,561415] probing_max_lp
#Bound 1242.07s best:561416 next:[102875,561415] probing_max_lp
#Bound 1242.63s best:561416 next:[102883,561415] probing_max_lp
#Bound 1381.75s best:561416 next:[103936,561415] default_lp
#40    2040.20s best:541487 next:[103936,541486] quick_restart_no_lp (fixed_bools=1305/8389)
#41    2224.10s best:532114 next:[103936,532113] quick_restart_no_lp (fixed_bools=1572/8963)
#42    4583.88s best:512185 next:[103936,512184] quick_restart_no_lp (fixed_bools=1869/12677)
#43    4760.93s best:448289 next:[103936,448288] core (fixed_bools=5362/27909)
#44    4924.75s best:432455 next:[103936,432454] quick_restart_no_lp (fixed_bools=2389/14989)
#45    5267.38s best:423537 next:[103936,423536] quick_restart_no_lp (fixed_bools=2652/16395)
#46    5380.32s best:421991 next:[103936,421990] quick_restart_no_lp (fixed_bools=2914/17147)
#47    5424.35s best:417672 next:[103936,417671] quick_restart_no_lp (fixed_bools=3086/17518)
#48    8703.60s best:410665 next:[103936,410664] quick_restart_no_lp (fixed_bools=3242/22043)
#49    11431.61s best:401292 next:[103936,401291] quick_restart_no_lp (fixed_bools=3535/25013)
#50    12067.30s best:386277 next:[103936,386276] quick_restart_no_lp (fixed_bools=3837/26202)
#51    28091.21s best:382547 next:[103936,382546] quick_restart_no_lp (fixed_bools=4304/39771)

Task timing                                  n [     min,      max]      avg      dev     time         n [     min,      max]      avg      dev    dtime
                             'core':         1 [   8.00h,    8.00h]    8.00h   0.00ns    8.00h         1 [   7.82h,    7.82h]    7.82h   0.00ns    7.82h
                       'default_lp':         1 [   8.00h,    8.00h]    8.00h   0.00ns    8.00h         1 [   1.15h,    1.15h]    1.15h   0.00ns    1.15h
                 'feasibility_pump':         2 [259.18ms,    4.57s]    2.42s    2.16s    4.83s         1 [935.57ms, 935.57ms] 935.57ms   0.00ns 935.57ms
                  'fj_long_default':         3 [ 96.92ms, 172.99ms] 123.26ms  35.18ms 369.78ms         3 [ 31.00ms,  33.39ms]  32.13ms 982.74us  96.39ms
              'fj_long_lin_default':         1 [547.13ms, 547.13ms] 547.13ms   0.00ns 547.13ms         1 [ 12.57ms,  12.57ms]  12.57ms   0.00ns  12.57ms
                   'fj_long_random':         3 [ 38.70ms, 155.80ms]  96.01ms  47.84ms 288.02ms         3 [ 12.27ms,  31.78ms]  24.71ms   8.83ms  74.14ms
                 'fj_short_default':         6 [ 50.58ms, 142.44ms]  74.37ms  31.16ms 446.23ms         6 [ 13.58ms,  21.65ms]  18.04ms   2.95ms 108.26ms
             'fj_short_lin_default':         4 [ 51.08ms, 157.03ms]  82.25ms  43.40ms 329.01ms         4 [ 13.30ms,  20.39ms]  17.34ms   2.62ms  69.38ms
              'fj_short_lin_random':         2 [ 41.77ms, 271.82ms] 156.80ms 115.02ms 313.59ms         2 [ 13.53ms,  14.38ms]  13.96ms 427.08us  27.92ms
                  'fj_short_random':         2 [ 46.81ms, 249.92ms] 148.36ms 101.55ms 296.73ms         2 [ 12.94ms,  15.60ms]  14.27ms   1.33ms  28.54ms
                        'fs_random':         1 [   1.02s,    1.02s]    1.02s   0.00ns    1.02s         1 [ 40.00ns,  40.00ns]  40.00ns   0.00ns  40.00ns
                        'fs_random':         1 [576.06ms, 576.06ms] 576.06ms   0.00ns 576.06ms         1 [ 40.00ns,  40.00ns]  40.00ns   0.00ns  40.00ns
                  'fs_random_no_lp':         1 [   1.61s,    1.61s]    1.61s   0.00ns    1.61s         0 [  0.00ns,   0.00ns]   0.00ns   0.00ns   0.00ns
                  'fs_random_no_lp':         1 [950.36ms, 950.36ms] 950.36ms   0.00ns 950.36ms         0 [  0.00ns,   0.00ns]   0.00ns   0.00ns   0.00ns
          'fs_random_quick_restart':         1 [   1.53s,    1.53s]    1.53s   0.00ns    1.53s         1 [ 40.00ns,  40.00ns]  40.00ns   0.00ns  40.00ns
          'fs_random_quick_restart':         1 [822.15ms, 822.15ms] 822.15ms   0.00ns 822.15ms         1 [ 40.00ns,  40.00ns]  40.00ns   0.00ns  40.00ns
    'fs_random_quick_restart_no_lp':         1 [   1.16s,    1.16s]    1.16s   0.00ns    1.16s         0 [  0.00ns,   0.00ns]   0.00ns   0.00ns   0.00ns
                    'graph_arc_lns':         6 [260.53ms,    8.00h]    1.33h    2.98h    8.00h         5 [ 10.00ns, 200.41ms] 100.10ms  63.38ms 500.50ms
                    'graph_cst_lns':         6 [217.04ms,    8.00h]    2.67h    3.77h   16.00h         5 [415.00ns, 100.20ms]  80.07ms  40.04ms 400.37ms
                    'graph_dec_lns':         6 [360.63ms,    8.00h]    4.00h    4.00h   24.00h         4 [ 30.00ns, 100.22ms]  75.11ms  43.36ms 300.44ms
                    'graph_var_lns':         6 [125.10ms,    8.00h]    5.33h    3.77h   32.00h         3 [ 40.00ns, 100.24ms]  66.81ms  47.24ms 200.42ms
                   'lb_tree_search':         1 [   8.00h,    8.00h]    8.00h   0.00ns    8.00h         1 [  47.04m,   47.04m]   47.04m   0.00ns   47.04m
                           'max_lp':         1 [   8.00h,    8.00h]    8.00h   0.00ns    8.00h         1 [  48.12m,   48.12m]   48.12m   0.00ns   48.12m
                            'no_lp':         1 [   8.00h,    8.00h]    8.00h   0.00ns    8.00h         1 [   9.99h,    9.99h]    9.99h   0.00ns    9.99h
              'objective_lb_search':         1 [   8.00h,    8.00h]    8.00h   0.00ns    8.00h         1 [   1.15h,    1.15h]    1.15h   0.00ns    1.15h
       'objective_lb_search_max_lp':         1 [   8.00h,    8.00h]    8.00h   0.00ns    8.00h         1 [  47.89m,   47.89m]   47.89m   0.00ns   47.89m
        'objective_lb_search_no_lp':         1 [   8.00h,    8.00h]    8.00h   0.00ns    8.00h         1 [   9.92h,    9.92h]    9.92h   0.00ns    9.92h
  'objective_shaving_search_max_lp':         7 [  8.36ms, 283.09ms]  89.75ms  95.70ms 628.24ms         0 [  0.00ns,   0.00ns]   0.00ns   0.00ns   0.00ns
   'objective_shaving_search_no_lp':        10 [  7.48ms, 140.82ms]  42.69ms  49.34ms 426.86ms         0 [  0.00ns,   0.00ns]   0.00ns   0.00ns   0.00ns
                          'probing':         1 [   8.00h,    8.00h]    8.00h   0.00ns    8.00h         1 [   1.14h,    1.14h]    1.14h   0.00ns    1.14h
                   'probing_max_lp':         1 [   8.00h,    8.00h]    8.00h   0.00ns    8.00h         1 [  50.71m,   50.71m]   50.71m   0.00ns   50.71m
                     'pseudo_costs':         1 [   8.00h,    8.00h]    8.00h   0.00ns    8.00h         1 [  49.47m,   49.47m]   49.47m   0.00ns   49.47m
                    'quick_restart':         1 [   8.00h,    8.00h]    8.00h   0.00ns    8.00h         1 [   1.15h,    1.15h]    1.15h   0.00ns    1.15h
              'quick_restart_no_lp':         1 [   8.00h,    8.00h]    8.00h   0.00ns    8.00h         1 [   6.35h,    6.35h]    6.35h   0.00ns    6.35h
                    'reduced_costs':         1 [   8.00h,    8.00h]    8.00h   0.00ns    8.00h         1 [  46.15m,   46.15m]   46.15m   0.00ns   46.15m
                        'rins/rens':         2 [415.75ms,    8.00h]    4.00h    4.00h    8.00h         2 [ 10.00ns, 100.19ms]  50.10ms  50.10ms 100.19ms
                      'rnd_cst_lns':         7 [218.11ms,    8.00h]    4.57h    3.96h   32.00h         5 [ 10.00ns, 100.23ms]  60.07ms  49.05ms 300.36ms
                      'rnd_var_lns':         7 [172.42ms,    8.00h]    3.43h    3.96h   24.00h         5 [ 30.00ns, 100.16ms]  80.05ms  40.03ms 400.26ms
                     'violation_ls':         7 [  3.35ms,  35.62ms]  12.69ms  11.09ms  88.80ms         7 [ 13.76us,   1.57ms] 915.38us 598.81us   6.41ms
                     'violation_ls':         7 [336.47us,  55.76ms]  10.51ms  18.84ms  73.55ms         7 [ 15.37us,   1.65ms] 421.95us 651.72us   2.95ms
                     'violation_ls':         7 [557.49us,  35.62ms]  12.49ms  11.68ms  87.40ms         7 [ 13.34us,   1.32ms] 491.95us 565.26us   3.44ms

Search stats                         Bools   Conflicts       Branches     Restarts      BoolPropag   IntegerPropag
                           'core':  83'954  28'036'409    684'679'593   95'274'751  68'632'404'207  17'924'715'661
                     'default_lp':   2'636          43        231'175       97'875       7'099'253      14'822'587
                      'fs_random':   1'870           0          1'250        1'250          24'040         116'473
                      'fs_random':   1'870           0          1'576        1'576          29'588         134'799
                'fs_random_no_lp':   1'870           0          1'250        1'250          24'040         116'473
                'fs_random_no_lp':   1'870           0          1'250        1'250          24'040         116'473
        'fs_random_quick_restart':   1'870           0          1'250        1'250          24'040         116'473
        'fs_random_quick_restart':   1'870           0          1'250        1'250          24'040         116'473
  'fs_random_quick_restart_no_lp':   1'870           0          1'250        1'250          24'040         116'473
                 'lb_tree_search':   2'636           4         52'056       32'688       2'227'407       4'743'897
                         'max_lp':   2'636          28         50'409       31'807       2'165'210       4'724'338
                          'no_lp':   8'006  39'194'636    742'324'794  113'623'305  14'253'117'865  21'051'565'586
            'objective_lb_search':   2'636          31        227'896       96'797       7'047'614      14'681'404
     'objective_lb_search_max_lp':   2'636          20         47'848       30'539       2'072'165       4'553'935
      'objective_lb_search_no_lp':   6'970  36'531'784    757'259'790  115'767'783  13'998'290'582  21'209'370'453
                        'probing':   2'636          40        182'199       81'986       6'000'565      12'542'058
                 'probing_max_lp':   2'636          27         53'143       33'515       2'342'215       5'111'106
                   'pseudo_costs':   2'636          18         51'626       32'437       2'238'568       4'914'953
                  'quick_restart':   2'636          32        230'433       97'629       7'099'577      14'817'335
            'quick_restart_no_lp':  41'613  46'491'940  2'124'117'684  100'152'104  38'522'215'429  24'735'756'705
                  'reduced_costs':   2'636          21         51'383       32'329       2'222'992       4'870'876

SAT stats                           ClassicMinim   LitRemoved      LitLearned    LitForgotten   Subsumed   MClauses  MDecisions  MLitTrue  MSubsumed  MLitRemoved  MReused
                           'core':    26'848'618  277'416'853   8'406'242'869   8'226'155'641    548'258    526'217  18'596'033        12      7'152      139'181  204'395
                     'default_lp':             0            0              43               0          0          0           0         0          0            0        0
                      'fs_random':             0            0               0               0          0          0           0         0          0            0        0
                      'fs_random':             0            0               0               0          0          0           0         0          0            0        0
                'fs_random_no_lp':             0            0               0               0          0          0           0         0          0            0        0
                'fs_random_no_lp':             0            0               0               0          0          0           0         0          0            0        0
        'fs_random_quick_restart':             0            0               0               0          0          0           0         0          0            0        0
        'fs_random_quick_restart':             0            0               0               0          0          0           0         0          0            0        0
  'fs_random_quick_restart_no_lp':             0            0               0               0          0          0           0         0          0            0        0
                 'lb_tree_search':             0            0               4               0          0          0           0         0          0            0        0
                         'max_lp':             0            0              28               0          0          0           0         0          0            0        0
                          'no_lp':    38'354'522  401'171'826  13'301'837'883  13'205'289'568    256'896  1'212'196  10'332'426         0      2'798       22'922  344'779
            'objective_lb_search':             0            0              31               0          0          0           0         0          0            0        0
     'objective_lb_search_max_lp':             0            0              20               0          0          0           0         0          0            0        0
      'objective_lb_search_no_lp':    35'716'726  375'069'699  12'659'014'080  12'565'983'883    239'762  1'102'886  10'561'129         0      2'539       32'271  305'300
                        'probing':             0            0              40               0          0          0           0         0          0            0        0
                 'probing_max_lp':             0            0              27               0          0          0           0         0          0            0        0
                   'pseudo_costs':             0            0              18               0          0          0           0         0          0            0        0
                  'quick_restart':             0            0              32               0          0          0           0         0          0            0        0
            'quick_restart_no_lp':    41'941'137  324'016'098  14'573'401'627  13'887'792'968  2'098'516  1'630'151  21'418'659        39      5'186       79'319  347'216
                  'reduced_costs':             0            0              21               0          0          0           0         0          0            0        0

Lp stats                         Component  Iterations  AddedCuts  OPTIMAL  DUAL_F.  DUAL_U.
                  'default_lp':          2  18'591'984  9'427'406  692'741       33        4
                   'fs_random':          2           0          0        0        0        0
                   'fs_random':          2           0          0        0        0        0
     'fs_random_quick_restart':          2           0          0        0        0        0
     'fs_random_quick_restart':          2           0          0        0        0        0
              'lb_tree_search':          1   4'520'060  2'260'212  118'361   31'022        0
                      'max_lp':          1   4'445'553  2'197'868  115'673   29'706        0
         'objective_lb_search':          2  18'566'714  9'291'989  685'523       41        1
  'objective_lb_search_max_lp':          1   4'624'994  2'227'670  114'077   26'662        0
                     'probing':          2  16'255'230  8'505'120  587'093       26        4
              'probing_max_lp':          1   4'842'071  2'279'270  123'320   30'491        1
                'pseudo_costs':          1   4'727'013  2'267'824  118'153   30'389        0
               'quick_restart':          2  19'209'231  9'303'408  692'205       34        4
               'reduced_costs':          1   4'472'120  2'232'539  117'668   30'389        0

Lp dimension                                                                        Final dimension of first component
                  'default_lp':  3285 rows, 2238 columns, 33320 entries with magnitude in [7.974338e-07, 1.000000e+00]
                   'fs_random':         0 rows, 2238 columns, 0 entries with magnitude in [0.000000e+00, 0.000000e+00]
                   'fs_random':         0 rows, 2238 columns, 0 entries with magnitude in [0.000000e+00, 0.000000e+00]
     'fs_random_quick_restart':         0 rows, 2238 columns, 0 entries with magnitude in [0.000000e+00, 0.000000e+00]
     'fs_random_quick_restart':         0 rows, 2238 columns, 0 entries with magnitude in [0.000000e+00, 0.000000e+00]
              'lb_tree_search':  3485 rows, 2248 columns, 74617 entries with magnitude in [1.593686e-06, 1.000000e+00]
                      'max_lp':  3960 rows, 2248 columns, 85163 entries with magnitude in [1.017686e-05, 1.000000e+00]
         'objective_lb_search':  2902 rows, 2238 columns, 21638 entries with magnitude in [1.410650e-05, 1.000000e+00]
  'objective_lb_search_max_lp':  3431 rows, 2248 columns, 40828 entries with magnitude in [2.766399e-05, 1.000000e+00]
                     'probing':  3464 rows, 2238 columns, 52506 entries with magnitude in [2.200034e-05, 1.000000e+00]
              'probing_max_lp':  3575 rows, 2248 columns, 35720 entries with magnitude in [2.810721e-05, 1.000000e+00]
                'pseudo_costs':  3643 rows, 2248 columns, 55390 entries with magnitude in [1.288272e-05, 1.000000e+00]
               'quick_restart':  2871 rows, 2238 columns, 29262 entries with magnitude in [1.510781e-05, 1.000000e+00]
               'reduced_costs':  3741 rows, 2248 columns, 60246 entries with magnitude in [6.184062e-06, 1.000000e+00]

Lp debug                         CutPropag  CutEqPropag  Adjust  Overflow          Bad  BadScaling
                  'default_lp':          0        6'278      82         0  358'535'769           0
                   'fs_random':          0            0       0         0            0           0
                   'fs_random':          0            0       0         0            0           0
     'fs_random_quick_restart':          0            0       0         0            0           0
     'fs_random_quick_restart':          0            0       0         0            0           0
              'lb_tree_search':          0        3'983   9'986         1  222'224'295           0
                      'max_lp':          0        1'680  16'365         0  216'498'807           0
         'objective_lb_search':          0        6'605     368         0  363'310'521           0
  'objective_lb_search_max_lp':          0        2'128  37'139         0  213'378'033           0
                     'probing':          0        5'722   1'386         0  335'267'226           0
              'probing_max_lp':          0        2'507  32'638         0  231'127'587           0
                'pseudo_costs':          0        1'935  33'354         0  223'390'166           0
               'quick_restart':          0        6'910     872         0  366'173'148           0
               'reduced_costs':          0        3'164  12'692         0  224'013'986           0

Lp pool                          Constraints  Updates  Simplif  Merged  Shortened   Split  Strenghtened             Cuts/Call
                  'default_lp':       11'755  125'154   10'881     133        465   8'752       266'138  9'427'406/18'991'226
                   'fs_random':        2'482        0        0       0          0       0             0                   0/0
                   'fs_random':        2'482        0        0       0          0       0             0                   0/0
     'fs_random_quick_restart':        2'482        0        0       0          0       0             0                   0/0
     'fs_random_quick_restart':        2'482        0        0       0          0       0             0                   0/0
              'lb_tree_search':       12'442  115'401   18'384      35      1'419  17'821       302'294   2'260'212/4'452'289
                      'max_lp':       13'095  110'130   19'767      38      2'133  21'688       299'964   2'197'868/4'642'168
         'objective_lb_search':       12'315  129'202    8'287     156        761   9'835       259'207  9'291'989/18'863'824
  'objective_lb_search_max_lp':       12'864  103'816   12'192      71        979  20'367       288'330   2'227'670/4'516'177
                     'probing':       11'440  133'475    8'482     162        384  10'585       257'365  8'505'120/16'833'389
              'probing_max_lp':       12'472   97'970   17'365      63      1'152  16'852       303'918   2'279'270/4'693'159
                'pseudo_costs':       13'029  111'615   12'581      60        762  20'120       298'205   2'267'824/4'489'642
               'quick_restart':       11'736  126'376    7'956     154        562  10'255       250'338  9'303'408/19'244'426
               'reduced_costs':       12'757  106'267   13'487      47      2'002  18'574       290'195   2'232'539/4'349'393

Lp Cut               defaul   max_lp     quick_   reduce   pseudo   lb_tre     probin     object   probin   object
          CG_FF:    385'786   47'322    383'822   50'592   47'305   51'048    342'402    376'652   50'586   45'265
           CG_K:     91'874    9'880     99'586    8'489    7'858    9'732     41'897     82'684   11'045    7'932
          CG_KL:          -        1          1        -        1        3          -          -        -        -
           CG_R:    389'850   66'506    359'002   64'737   66'780   62'395    318'290    355'228   66'462   57'754
          CG_RB:  2'102'621  302'730  1'970'253  294'579  318'213  310'754  1'923'619  2'034'090  317'990  282'346
         CG_RBP:     93'888    7'664    108'446    6'490    7'277    7'608     37'619     90'177    9'263    6'808
         Clique:          -   36'319          -   37'363   36'862   38'239          -          -   38'699   36'945
             IB:  1'929'137  287'354  1'971'958  287'815  291'853  294'253  1'711'302  1'916'783  297'071  306'026
       MIR_1_FF:  1'452'419  348'522  1'485'158  354'052  357'665  336'474  1'438'570  1'465'538  353'922  368'976
        MIR_1_K:     38'966    9'518     39'550    8'241    9'228    9'473     27'410     41'272    9'375   11'183
        MIR_1_R:     33'986   12'321     31'431   10'828   15'430   12'872     33'515     33'062   11'018   13'574
       MIR_1_RB:  1'166'661  401'607  1'132'386  408'679  401'867  402'665  1'057'869  1'154'744  388'974  413'739
      MIR_1_RBP:      6'624    3'334      4'442    3'276    3'208    3'247     17'487      7'296    3'522    3'640
      MIR_1_RLT:          -      149          -      137      148      139          -          -      142      156
       MIR_2_FF:    151'977   42'378    151'733   50'986   53'905   50'545    150'835    152'829   54'078   53'061
        MIR_2_K:     15'893    3'457     17'800    3'339    4'026    3'833      9'586     16'939    3'978    4'554
        MIR_2_R:     11'198    7'793      9'843    8'499    9'189    9'167     10'451     10'680    9'122   10'925
       MIR_2_RB:    240'296  195'368    234'728  208'908  190'706  215'072    241'775    244'336  202'255  179'038
      MIR_2_RBP:      3'317    1'548      3'092    1'893    1'449    1'727      6'971      3'417    1'608    1'567
       MIR_3_FF:     47'645   17'841     49'258   18'289   20'459   19'581     44'401     47'848   21'379   20'756
        MIR_3_K:     12'421    4'496     14'323    4'641    5'183    4'903      8'481     13'565    5'270    5'365
        MIR_3_R:     29'826    7'577     28'739    8'515    9'023    8'655     23'750     28'874    9'000    8'023
       MIR_3_RB:    173'807   81'341    177'768   84'023   84'132   88'710    152'217    173'138   87'070   81'600
      MIR_3_RBP:      2'316    2'019      1'118    2'267    2'503    2'304      5'513      2'284    2'200    2'508
       MIR_4_FF:     15'022   12'005     15'369   11'913   12'776   12'557     15'225     15'496   13'907   13'544
        MIR_4_K:      6'355    2'488      8'457    2'620    2'894    2'708      3'753      7'176    2'818    3'009
        MIR_4_R:      6'833    3'286      6'619    3'297    3'622    3'609      5'801      6'881    3'755    3'903
       MIR_4_RB:    113'561   62'298    115'678   63'368   65'296   66'145     99'566    114'106   65'708   63'670
      MIR_4_RBP:      1'195    1'260        589    1'279    1'458    1'319      2'530      1'041    1'233    1'421
       MIR_5_FF:      9'585   10'780      9'993   10'101   11'403   10'383      9'525     10'588   12'270   11'240
        MIR_5_K:      5'814    3'229      7'102    3'309    3'639    3'369      3'690      6'427    3'736    4'033
        MIR_5_R:      3'991    2'434      3'851    2'609    2'663    2'658      3'214      3'875    2'961    2'838
       MIR_5_RB:     88'024   52'430     89'733   52'567   55'536   54'665     76'755     88'395   55'565   52'577
      MIR_5_RBP:        846    1'720        524    1'822    1'962    1'784      1'869        860    1'823    2'097
       MIR_6_FF:      6'327    6'269      6'041    6'602    7'086    6'305      5'122      6'556    6'863    6'780
        MIR_6_K:      3'360    1'950      4'058    2'087    2'413    2'214      2'405      4'108    2'355    2'509
       MIR_6_KL:          -        -          -        1        -        -          -          -        -        -
        MIR_6_R:      2'538    2'309      2'403    2'547    2'533    2'516      2'238      2'607    2'835    2'719
       MIR_6_RB:     62'029   34'911     63'438   36'036   37'806   38'265     54'439     63'292   38'422   36'235
      MIR_6_RBP:        621      944        373    1'122    1'171    1'098      1'300        553    1'075    1'177
   ZERO_HALF_FF:     93'858    8'608     99'598    9'222    9'247    8'865     84'885    100'163    9'319    8'593
    ZERO_HALF_K:     25'920    1'203     28'466    1'436    1'553    1'288     19'295     29'343    1'540    1'305
   ZERO_HALF_KL:          -        -          -        3        -        -          -          -        -        1
    ZERO_HALF_R:    399'496   60'283    371'589   61'850   65'519   65'724    329'499    378'543   69'068   57'231
   ZERO_HALF_RB:    200'635   31'773    194'443   31'402   34'229   30'700    177'689    199'475   29'260   30'366
  ZERO_HALF_RBP:        888      643        647      708      748      641      2'360      1'068      728      681

LNS stats           Improv/Calls  Closed  Difficulty  TimeLimit
  'graph_arc_lns':           5/6      0%        0.04       0.10
  'graph_cst_lns':           3/6     17%        0.10       0.10
  'graph_dec_lns':           4/6      0%        0.04       0.10
  'graph_var_lns':           5/6      0%        0.04       0.10
      'rins/rens':           2/2      0%        0.19       0.10
    'rnd_cst_lns':           4/7      0%        0.03       0.10
    'rnd_var_lns':           4/7     14%        0.09       0.10

LS stats                   Batches  Restarts  LinMoves  GenMoves  CompoundMoves  WeightUpdates
       'fj_long_default':        3         1    28'272         0              0          1'728
   'fj_long_lin_default':        1         1         0     2'795            732              2
        'fj_long_random':        3         1    22'579         0              0          1'280
      'fj_short_default':        6         1         0    23'386          2'799             45
  'fj_short_lin_default':        4         1         0    15'192          1'836             22
   'fj_short_lin_random':        2         1         0     5'764            876              4
       'fj_short_random':        2         1         0     6'230            959              7
          'violation_ls':        7         0        17       561             43             16
          'violation_ls':        7         0        31       305             25             22
          'violation_ls':        7         0        43       223             19             29

Solutions (51)            Num     Rank
                 'core':   14  [22,43]
       'fj_long_random':    1    [1,1]
        'graph_dec_lns':    1    [9,9]
  'quick_restart_no_lp':   17  [21,51]
         'violation_ls':   18   [2,20]

Objective bounds                      Num
                       'default_lp':    1
                   'initial_domain':    1
       'objective_lb_search_max_lp':    1
  'objective_shaving_search_max_lp':    4
   'objective_shaving_search_no_lp':    9
                   'probing_max_lp':    8
                    'quick_restart':    1
                    'reduced_costs':    1

Solution repositories    Added  Queried  Ignored  Synchro
  'feasible solutions':     87      102        0       87
        'lp solutions':      0        0        0        0
                'pump':      2        2

Improving bounds shared            Num
                        'core':  3'461
                  'default_lp':    310
                      'max_lp':     10
                       'no_lp':  1'576
         'objective_lb_search':    302
  'objective_lb_search_max_lp':     10
   'objective_lb_search_no_lp':  2'052
                     'probing':    351
              'probing_max_lp':     71
                'pseudo_costs':     66
               'quick_restart':    152
         'quick_restart_no_lp':  1'974
               'reduced_costs':      6

Clauses shared                    Num
                       'core':  1'259
                      'no_lp':  1'057
  'objective_lb_search_no_lp':  1'091
        'quick_restart_no_lp':  1'107

CpSolverResponse summary:
status: FEASIBLE
objective: 382547
best_bound: 103936
integers: 2245
booleans: 1870
conflicts: 0
branches: 1576
propagations: 29588
integer_propagations: 134799
restarts: 1576
lp_iterations: 0
walltime: 28800.3
usertime: 28800.3
deterministic_time: 156558
gap_integral: 1.96287e+06
solution_fingerprint: 0xbfa3099ae196b334

CPU USED: 32
Loading /home/aneumann/projects/def-adhaj/aneumann/gns/data/instances/test/xl/instance_181.pkl...
===* START SOLVING *===
   index    value       gap  ... max_time  cpu  max_memory
0    181  3825.47  0.728305  ...        8   32         118

[1 rows x 8 columns]
===* END OF FILE *===
