created virtual environment CPython3.12.4.final.0-64 in 4608ms
  creator CPython3Posix(dest=/local/aneumann.27429359.0/env, clear=False, no_vcs_ignore=False, global=False)
  seeder FromAppData(download=False, pip=bundle, via=copy, app_data_dir=/home/aneumann/.local/share/virtualenv)
    added seed packages: pip==24.0
  activators BashActivator,CShellActivator,FishActivator,NushellActivator,PowerShellActivator,PythonActivator
Looking in links: /cvmfs/soft.computecanada.ca/custom/python/wheelhouse/gentoo2023/x86-64-v3, /cvmfs/soft.computecanada.ca/custom/python/wheelhouse/gentoo2023/generic, /cvmfs/soft.computecanada.ca/custom/python/wheelhouse/generic
Requirement already satisfied: pip in /local/aneumann.27429359.0/env/lib/python3.12/site-packages (24.0)
Processing /cvmfs/soft.computecanada.ca/custom/python/wheelhouse/generic/pip-24.2+computecanada-py3-none-any.whl
Installing collected packages: pip
  Attempting uninstall: pip
    Found existing installation: pip 24.0
    Uninstalling pip-24.0:
      Successfully uninstalled pip-24.0
Successfully installed pip-24.2+computecanada
Looking in links: /cvmfs/soft.computecanada.ca/custom/python/wheelhouse/gentoo2023/x86-64-v3, /cvmfs/soft.computecanada.ca/custom/python/wheelhouse/gentoo2023/generic, /cvmfs/soft.computecanada.ca/custom/python/wheelhouse/generic
ERROR: protobuf-5.28.3-cp38-abi3-manylinux2014_x86_64.whl is not a supported wheel on this platform.
Looking in links: /cvmfs/soft.computecanada.ca/custom/python/wheelhouse/gentoo2023/x86-64-v3, /cvmfs/soft.computecanada.ca/custom/python/wheelhouse/gentoo2023/generic, /cvmfs/soft.computecanada.ca/custom/python/wheelhouse/generic
Processing /home/aneumann/projects/def-adhaj/aneumann/gns/wheels/immutabledict-4.2.0-py3-none-any.whl
Installing collected packages: immutabledict
Successfully installed immutabledict-4.2.0
Looking in links: /cvmfs/soft.computecanada.ca/custom/python/wheelhouse/gentoo2023/x86-64-v3, /cvmfs/soft.computecanada.ca/custom/python/wheelhouse/gentoo2023/generic, /cvmfs/soft.computecanada.ca/custom/python/wheelhouse/generic
Processing /cvmfs/soft.computecanada.ca/custom/python/wheelhouse/generic/ortools-9.10.4067+computecanada-cp312-cp312-linux_x86_64.whl (from -r /home/aneumann/projects/def-adhaj/aneumann/gns/requirements_or.txt (line 1))
Processing /cvmfs/soft.computecanada.ca/custom/python/wheelhouse/gentoo2023/x86-64-v3/pandas-2.2.2+computecanada-cp312-cp312-linux_x86_64.whl (from -r /home/aneumann/projects/def-adhaj/aneumann/gns/requirements_or.txt (line 2))
Processing /cvmfs/soft.computecanada.ca/custom/python/wheelhouse/generic/absl_py-2.1.0+computecanada-py3-none-any.whl (from ortools->-r /home/aneumann/projects/def-adhaj/aneumann/gns/requirements_or.txt (line 1))
Processing /cvmfs/soft.computecanada.ca/custom/python/wheelhouse/gentoo2023/generic/numpy-2.1.1+computecanada-cp312-cp312-linux_x86_64.whl (from ortools->-r /home/aneumann/projects/def-adhaj/aneumann/gns/requirements_or.txt (line 1))
Processing /cvmfs/soft.computecanada.ca/custom/python/wheelhouse/gentoo2023/x86-64-v3/protobuf-5.28.0+computecanada-cp312-cp312-linux_x86_64.whl (from ortools->-r /home/aneumann/projects/def-adhaj/aneumann/gns/requirements_or.txt (line 1))
Requirement already satisfied: immutabledict>=3.0.0 in /local/aneumann.27429359.0/env/lib/python3.12/site-packages (from ortools->-r /home/aneumann/projects/def-adhaj/aneumann/gns/requirements_or.txt (line 1)) (4.2.0)
Processing /cvmfs/soft.computecanada.ca/custom/python/wheelhouse/generic/python_dateutil-2.9.0.post0+computecanada-py2.py3-none-any.whl (from pandas->-r /home/aneumann/projects/def-adhaj/aneumann/gns/requirements_or.txt (line 2))
Processing /cvmfs/soft.computecanada.ca/custom/python/wheelhouse/generic/pytz-2024.2+computecanada-py2.py3-none-any.whl (from pandas->-r /home/aneumann/projects/def-adhaj/aneumann/gns/requirements_or.txt (line 2))
Processing /cvmfs/soft.computecanada.ca/custom/python/wheelhouse/generic/tzdata-2024.2+computecanada-py2.py3-none-any.whl (from pandas->-r /home/aneumann/projects/def-adhaj/aneumann/gns/requirements_or.txt (line 2))
Processing /cvmfs/soft.computecanada.ca/custom/python/wheelhouse/generic/six-1.16.0+computecanada-py2.py3-none-any.whl (from python-dateutil>=2.8.2->pandas->-r /home/aneumann/projects/def-adhaj/aneumann/gns/requirements_or.txt (line 2))
Installing collected packages: pytz, tzdata, six, protobuf, numpy, absl-py, python-dateutil, pandas, ortools
Successfully installed absl-py-2.1.0+computecanada numpy-2.1.1+computecanada ortools-9.10.4067+computecanada pandas-2.2.2+computecanada protobuf-5.28.0+computecanada python-dateutil-2.9.0.post0+computecanada pytz-2024.2+computecanada six-1.16.0+computecanada tzdata-2024.2+computecanada

Starting CP-SAT solver v9.10.4067
Parameters: max_time_in_seconds: 21600 max_memory_in_mb: 118 log_search_progress: true optimize_with_core: true cp_model_presolve: true enumerate_all_solutions: false num_search_workers: 32 use_implied_bounds: true absolute_gap_limit: 5 relative_gap_limit: 0.01 use_probing_search: true

Initial optimization model '': (model_fingerprint: 0x89b3999fcc6837b8)
#Variables: 2'751 (#bools: 26 #ints: 1 in objective)
  - 2'395 Booleans in [0,1]
  - 355 in [0,225000]
  - 1 constants in {1} 
#kBoolOr: 1'188 (#literals: 1'188)
#kLinear1: 445
#kLinear2: 7'396
#kLinear3: 1'585
#kLinearN: 665 (#terms: 6'603)

Starting presolve at 0.01s
  3.29e-03s  0.00e+00d  [DetectDominanceRelations] 
  9.15e-02s  0.00e+00d  [PresolveToFixPoint] #num_loops=12 #num_dual_strengthening=3 
  1.08e-04s  0.00e+00d  [ExtractEncodingFromLinear] #potential_supersets=207 
[Symmetry] Graph for symmetry has 9'677 nodes and 20'491 arcs.
[Symmetry] Symmetry computation done. time: 0.00336333 dtime: 0.00273697
[Symmetry] #generators: 2, average support size: 2
[Symmetry] 2 orbits with sizes: 2,2
[Symmetry] Found orbitope of size 1 x 2
[SAT presolve] num removable Booleans: 0 / 1470
[SAT presolve] num trivial clauses: 0
[SAT presolve] [0s] clauses:2723 literals:5446 vars:1452 one_side_vars:1415 simple_definition:16 singleton_clauses:0
[SAT presolve] [0.000331662s] clauses:2723 literals:5446 vars:1452 one_side_vars:1415 simple_definition:16 singleton_clauses:0
[SAT presolve] [0.000498842s] clauses:2723 literals:5446 vars:1452 one_side_vars:1415 simple_definition:16 singleton_clauses:0
  7.23e-01s  1.10e-01d  [Probe] #probed=3'563 #fixed_bools=81 #new_bounds=151 
  7.07e-03s  0.00e+00d  [MaxClique] Merged 2923(8162 literals) into 1034(6603 literals) at_most_ones. 
  2.27e-03s  0.00e+00d  [DetectDominanceRelations] 
  1.56e-02s  0.00e+00d  [PresolveToFixPoint] #num_loops=4 #num_dual_strengthening=3 
  3.25e-03s  0.00e+00d  [ProcessAtMostOneAndLinear] #num_changes=13 
  2.06e-03s  0.00e+00d  [DetectDuplicateConstraints] #duplicates=12 #without_enforcements=1 
  5.11e-04s  2.10e-05d  [DetectDominatedLinearConstraints] #relevant_constraints=1'469 
  5.80e-04s  0.00e+00d  [DetectDifferentVariables] #different=11 
  1.02e-03s  2.64e-04d  [ProcessSetPPC] #relevant_constraints=965 #num_inclusions=744 
  7.21e-05s  0.00e+00d  [FindAlmostIdenticalLinearConstraints] 
  4.57e-03s  4.77e-03d  [FindBigAtMostOneAndLinearOverlap] 
  1.27e-03s  2.30e-03d  [FindBigVerticalLinearOverlap] 
  1.98e-04s  3.97e-04d  [FindBigHorizontalLinearOverlap] #linears=67 
  9.03e-05s  0.00e+00d  [MergeClauses] 
  2.23e-03s  0.00e+00d  [DetectDominanceRelations] 
  8.13e-03s  0.00e+00d  [PresolveToFixPoint] #num_loops=1 #num_dual_strengthening=1 
  2.23e-03s  0.00e+00d  [DetectDominanceRelations] 
  8.12e-03s  0.00e+00d  [PresolveToFixPoint] #num_loops=1 #num_dual_strengthening=1 
[Symmetry] Graph for symmetry has 7'559 nodes and 14'791 arcs.
[Symmetry] Symmetry computation done. time: 0.00157304 dtime: 0.00178084
[Symmetry] #generators: 4, average support size: 2
[Symmetry] 3 orbits with sizes: 3,2,2
[Symmetry] Found orbitope of size 1 x 2
[SAT presolve] num removable Booleans: 0 / 1388
[SAT presolve] num trivial clauses: 0
[SAT presolve] [0s] clauses:21 literals:42 vars:33 one_side_vars:29 simple_definition:4 singleton_clauses:0
[SAT presolve] [5.3241e-05s] clauses:21 literals:42 vars:33 one_side_vars:29 simple_definition:4 singleton_clauses:0
[SAT presolve] [0.000100693s] clauses:21 literals:42 vars:33 one_side_vars:29 simple_definition:4 singleton_clauses:0
  1.83e-01s  3.01e-02d  [Probe] #probed=3'480 #new_bounds=70 
  3.28e-03s  0.00e+00d  [MaxClique] Merged 841(5429 literals) into 841(5441 literals) at_most_ones. 
  2.23e-03s  0.00e+00d  [DetectDominanceRelations] 
  1.39e-02s  0.00e+00d  [PresolveToFixPoint] #num_loops=4 #num_dual_strengthening=3 
  3.07e-03s  0.00e+00d  [ProcessAtMostOneAndLinear] 
  1.99e-03s  0.00e+00d  [DetectDuplicateConstraints] #duplicates=6 
  5.02e-04s  2.10e-05d  [DetectDominatedLinearConstraints] #relevant_constraints=1'469 
  5.49e-04s  0.00e+00d  [DetectDifferentVariables] #different=11 
  8.82e-04s  2.59e-04d  [ProcessSetPPC] #relevant_constraints=915 #num_inclusions=687 
  7.45e-05s  0.00e+00d  [FindAlmostIdenticalLinearConstraints] 
  4.58e-03s  4.77e-03d  [FindBigAtMostOneAndLinearOverlap] 
  1.25e-03s  2.30e-03d  [FindBigVerticalLinearOverlap] 
  1.99e-04s  3.97e-04d  [FindBigHorizontalLinearOverlap] #linears=67 
  8.74e-05s  0.00e+00d  [MergeClauses] 
  2.23e-03s  0.00e+00d  [DetectDominanceRelations] 
  8.12e-03s  0.00e+00d  [PresolveToFixPoint] #num_loops=1 #num_dual_strengthening=1 
  2.22e-03s  0.00e+00d  [DetectDominanceRelations] 
  8.10e-03s  0.00e+00d  [PresolveToFixPoint] #num_loops=1 #num_dual_strengthening=1 
[Symmetry] Graph for symmetry has 7'561 nodes and 14'805 arcs.
[Symmetry] Symmetry computation done. time: 0.00151179 dtime: 0.00177522
[Symmetry] #generators: 3, average support size: 2
[Symmetry] 2 orbits with sizes: 3,2
[Symmetry] Found orbitope of size 1 x 2
[SAT presolve] num removable Booleans: 0 / 1388
[SAT presolve] num trivial clauses: 0
[SAT presolve] [0s] clauses:22 literals:44 vars:35 one_side_vars:31 simple_definition:4 singleton_clauses:0
[SAT presolve] [5.1476e-05s] clauses:22 literals:44 vars:35 one_side_vars:31 simple_definition:4 singleton_clauses:0
[SAT presolve] [0.000100028s] clauses:22 literals:44 vars:35 one_side_vars:31 simple_definition:4 singleton_clauses:0
  1.74e-01s  2.87e-02d  [Probe] #probed=3'480 #new_bounds=16 
  3.21e-03s  0.00e+00d  [MaxClique] Merged 842(5441 literals) into 842(5443 literals) at_most_ones. 
  2.23e-03s  0.00e+00d  [DetectDominanceRelations] 
  1.05e-02s  0.00e+00d  [PresolveToFixPoint] #num_loops=4 #num_dual_strengthening=3 
  3.06e-03s  0.00e+00d  [ProcessAtMostOneAndLinear] 
  2.00e-03s  0.00e+00d  [DetectDuplicateConstraints] #duplicates=6 
  5.13e-04s  2.10e-05d  [DetectDominatedLinearConstraints] #relevant_constraints=1'469 
  5.44e-04s  0.00e+00d  [DetectDifferentVariables] #different=11 
  8.97e-04s  2.59e-04d  [ProcessSetPPC] #relevant_constraints=916 #num_inclusions=687 
  7.76e-05s  0.00e+00d  [FindAlmostIdenticalLinearConstraints] 
  4.72e-03s  4.77e-03d  [FindBigAtMostOneAndLinearOverlap] 
  1.28e-03s  2.30e-03d  [FindBigVerticalLinearOverlap] 
  2.03e-04s  3.97e-04d  [FindBigHorizontalLinearOverlap] #linears=67 
  9.10e-05s  0.00e+00d  [MergeClauses] 
  2.24e-03s  0.00e+00d  [DetectDominanceRelations] 
  8.15e-03s  0.00e+00d  [PresolveToFixPoint] #num_loops=1 #num_dual_strengthening=1 
  1.65e-04s  0.00e+00d  [ExpandObjective] #entries=78 #tight_variables=27 #tight_constraints=7 

Presolve summary:
  - 81 affine relations were detected.
  - rule 'TODO dual: only one blocking constraint?' was applied 26'373 times.
  - rule 'TODO dual: only one unspecified blocking constraint?' was applied 17 times.
  - rule 'TODO dual: tighten at most one' was applied 856 times.
  - rule 'TODO linear2: contains a Boolean.' was applied 12'852 times.
  - rule 'TODO symmetry: add symmetry breaking inequalities?' was applied 3 times.
  - rule 'affine: new relation' was applied 81 times.
  - rule 'at_most_one: removed literals' was applied 340 times.
  - rule 'at_most_one: singleton' was applied 1 time.
  - rule 'at_most_one: size one' was applied 143 times.
  - rule 'at_most_one: transformed into max clique.' was applied 1 time.
  - rule 'bool_or: always true' was applied 1'188 times.
  - rule 'bool_or: implications' was applied 6'420 times.
  - rule 'deductions: 333 stored' was applied 1 time.
  - rule 'dual: add implication' was applied 33 times.
  - rule 'dual: fix variable' was applied 362 times.
  - rule 'dual: fix variable with multiple choices' was applied 6 times.
  - rule 'dual: reduced domain' was applied 197 times.
  - rule 'duplicate: merged rhs of linear constraint' was applied 12 times.
  - rule 'duplicate: removed constraint' was applied 24 times.
  - rule 'duplicate: removed enforced constraint' was applied 1 time.
  - rule 'enforcement: false literal' was applied 3'635 times.
  - rule 'enforcement: literal not used' was applied 13 times.
  - rule 'linear + amo: extracted enforcement literal' was applied 3 times.
  - rule 'linear + amo: fixed literal implied by enforcement' was applied 10 times.
  - rule 'linear1: always true' was applied 1 time.
  - rule 'linear2: contains a Boolean.' was applied 9 times.
  - rule 'linear: always true' was applied 1'301 times.
  - rule 'linear: divide by GCD' was applied 4'764 times.
  - rule 'linear: empty' was applied 133 times.
  - rule 'linear: extracted enforcement literal' was applied 566 times.
  - rule 'linear: fixed or dup variables' was applied 1'503 times.
  - rule 'linear: negative clause' was applied 2'272 times.
  - rule 'linear: positive at most one' was applied 200 times.
  - rule 'linear: positive clause' was applied 4'148 times.
  - rule 'linear: positive equal one' was applied 7 times.
  - rule 'linear: reduced variable domains' was applied 682 times.
  - rule 'linear: remapped using affine relations' was applied 2'592 times.
  - rule 'linear: simplified rhs' was applied 15'803 times.
  - rule 'linear: singleton column' was applied 9 times.
  - rule 'objective: variable not used elsewhere' was applied 1 time.
  - rule 'presolve: 981 unused variables removed.' was applied 1 time.
  - rule 'presolve: iteration' was applied 3 times.
  - rule 'setppc: removed dominated constraints' was applied 54 times.
  - rule 'symmetry: added symmetry breaking implication' was applied 3 times.

Presolved optimization model '': (model_fingerprint: 0xf7ac64fc9a146630)
#Variables: 1'680 (#bools: 25 #ints: 1 in objective)
  - 1'388 Booleans in [0,1]
  - 1 in [0,724]
  - 2 in [0,730]
  - 1 in [0,1465]
  - 1 in [0,1470]
  - 19 in [0,1474]
  - 2 in [0,1477]
  - 1 in [0,1479]
  - 11 in [0,1480]
  - 1 in [0,1481]
  - 1 in [0,1483]
  - 1 in [0,1484]
  - 2 in [0,1491]
  - 2 in [0,1492]
  - 8 in [0,1499]
  - 1 in [0,7325]
  - 1 in [0,7360]
  - 1 in [0,7365]
  - 8 in [0,7370]
  - 1 in [0,7385]
  - 19 in [0,7400]
  - 1 in [0,7405]
  - 1 in [0,7420]
  - 2 in [0,7455]
  - 1 in [0,7460]
  - 1 in [0,7480]
  - 13 in [0,7491]
  - 81 in [0,225000]
  - 1 in [4,734]
  - 1 in [4,742]
  - 1 in [5,729]
  - 1 in [5,735]
  - 1 in [6,744]
  - 1 in [56,7396]
  - 1 in [59,3741]
  - 1 in [60,7400]
  - 1 in [68,3750]
  - 1 in [72,3749]
  - 1 in [73,3750]
  - 1 in [112,3746]
  - 1 in [115,3749]
  - 1 in [1200,220200]
  - 1 in [1200,221700]
  - 2 in [1200,222900]
  - 1 in [1200,223200]
  - 2 in [1200,224160]
  - 2 in [1200,224511]
  - 2 in [1200,224580]
  - 1 in [1500,218700]
  - 1 in [1500,220200]
  - 2 in [1500,220500]
  - 1 in [1500,220800]
  - 1 in [1500,221100]
  - 3 in [1500,221278]
  - 1 in [1500,221761]
  - 2 in [1500,223260]
  - 2 in [1500,223440]
  - 1 in [1500,223500]
  - 2 in [1500,223740]
  - 2 in [1500,223980]
  - 2 in [1500,224100]
  - 4 in [1500,224160]
  - 2 in [1500,224280]
  - 2 in [1500,224760]
  - 2 in [1500,225000]
  - 1 in [1800,223200]
  - 2 in [1800,224940]
  - 3 in [2100,224400]
  - 2 in [2100,224880]
  - 2 in [2962,224520]
  - 2 in [3359,223620]
  - 2 in [3360,225000]
  - 2 in [3417,224520]
  - 4 in [3540,224460]
  - 2 in [3542,223320]
  - 2 in [3771,224040]
  - 2 in [4030,224700]
  - 3 in [4080,224340]
  - 5 in [4320,224940]
  - 3 in [5753,223800]
  - 4 in [6242,224340]
  - 4 in [6720,224760]
  - 1 in [6900,224976]
  - 2 in [6915,224991]
  - 5 in [6924,225000]
#kAtMostOne: 820 (#literals: 5'397)
#kBoolAnd: 28 (#enforced: 28) (#literals: 56)
#kExactlyOne: 7 (#literals: 27)
#kLinear1: 6 (#enforced: 6)
#kLinear2: 591 (#enforced: 422 #multi: 30)
#kLinear3: 1'030 (#enforced: 4)
#kLinearN: 270 (#terms: 2'513)

Preloading model.
#Bound   1.36s best:inf   next:[432400,13645760] initial_domain
[Symmetry] Graph for symmetry has 6'492 nodes and 14'809 arcs.
[Symmetry] Symmetry computation done. time: 0.00148949 dtime: 0.0017089
[Symmetry] #generators: 2, average support size: 2
[Symmetry] Found orbitope of size 1 x 3
#Model   1.37s var:1680/1680 constraints:2752/2752

Starting search at 1.37s with 32 workers.
16 full problem subsolvers: [core, default_lp, lb_tree_search, max_lp, no_lp, objective_lb_search, objective_lb_search_max_lp, objective_lb_search_no_lp, objective_shaving_search_max_lp, objective_shaving_search_no_lp, probing, probing_max_lp, pseudo_costs, quick_restart, quick_restart_no_lp, reduced_costs]
14 first solution subsolvers: [fj_long_default, fj_long_lin_default, fj_long_random, fj_short_default, fj_short_lin_default, fj_short_lin_random, fj_short_random, fs_random(2), fs_random_no_lp(2), fs_random_quick_restart(2), fs_random_quick_restart_no_lp]
11 incomplete subsolvers: [feasibility_pump, graph_arc_lns, graph_cst_lns, graph_dec_lns, graph_var_lns, rins/rens, rnd_cst_lns, rnd_var_lns, violation_ls(3)]
3 helper subsolvers: [neighborhood_helper, synchronization_agent, update_gap_integral]
#Bound   1.47s best:inf   next:[432420,13645760] objective_shaving_search_no_lp (vars=1680 csts=2757)
#Bound   1.49s best:inf   next:[432440,13645760] objective_shaving_search_no_lp (vars=1680 csts=2753)
#Bound   1.50s best:inf   next:[432460,13645760] objective_shaving_search_no_lp (vars=1680 csts=2753)
#Bound   1.54s best:inf   next:[432480,13645760] objective_shaving_search_no_lp (vars=1684 csts=2760)
#Bound   1.55s best:inf   next:[432500,13645760] objective_shaving_search_no_lp (vars=1680 csts=2753)
#Bound   1.56s best:inf   next:[432520,13645760] objective_shaving_search_no_lp (vars=1680 csts=2753)
#Bound   1.60s best:inf   next:[432540,13645760] objective_shaving_search_no_lp (vars=1680 csts=2757)
#Bound   1.61s best:inf   next:[432560,13645760] objective_shaving_search_no_lp (vars=1680 csts=2753)
#Bound   1.62s best:inf   next:[432580,13645760] objective_shaving_search_no_lp (vars=1680 csts=2753)
#Bound   1.66s best:inf   next:[432600,13645760] objective_shaving_search_no_lp (vars=1680 csts=2757)
#Bound   1.67s best:inf   next:[432620,13645760] objective_shaving_search_no_lp (vars=1680 csts=2753)
#Bound   1.68s best:inf   next:[432640,13645760] objective_shaving_search_max_lp (vars=1680 csts=2753)
#Bound   1.69s best:inf   next:[432660,13645760] objective_shaving_search_no_lp (vars=1680 csts=2753)
#Bound   1.70s best:inf   next:[432680,13645760] objective_shaving_search_max_lp (vars=1680 csts=2753)
#1       1.71s best:13645760 next:[432680,13645740] fj_long_random(batch:2 #lin_moves:13'725 #lin_evals:21'692 #weight_updates:1'797)
#Bound   1.71s best:13645760 next:[436000,13645740] fs_random_quick_restart
#2       1.82s best:13643920 next:[436000,13643900] violation_ls(batch:2 #solutions_imported:1 #lin_moves:0 #lin_evals:73'577 #gen_moves:4'878 #gen_evals:0 #comp_moves:444 #backtracks:2'217 #weight_updates:74)
#Bound   1.84s best:13643920 next:[438300,13643900] max_lp
#3       1.84s best:13637200 next:[438300,13637180] violation_ls(batch:1 #solutions_imported:1 #lin_moves:7'077 #lin_evals:11'042 #weight_updates:1'258)
#4       1.84s best:13637140 next:[438300,13637120] violation_ls(batch:2 #solutions_imported:2 #lin_moves:7'253 #lin_evals:12'483 #weight_updates:1'318)
#5       1.84s best:13637080 next:[438300,13637060] violation_ls(batch:3 #solutions_imported:3 #lin_moves:7'253 #lin_evals:13'196 #gen_moves:5 #gen_evals:0 #comp_moves:3 #backtracks:1 #weight_updates:1'318)
#6       1.88s best:13637020 next:[438300,13637000] violation_ls(batch:3 #solutions_imported:2 #lin_moves:2 #lin_evals:100'395 #gen_moves:7'664 #gen_evals:0 #comp_moves:558 #backtracks:3'553 #weight_updates:101)
#7       2.04s best:13636960 next:[438300,13636940] violation_ls(batch:4 #solutions_imported:3 #lin_moves:2 #lin_evals:101'023 #gen_moves:7'669 #gen_evals:0 #comp_moves:561 #backtracks:3'554 #weight_updates:101)
#8       2.04s best:13636900 next:[438300,13636880] violation_ls(batch:4 #solutions_imported:4 #lin_moves:7'255 #lin_evals:13'225 #gen_moves:5 #gen_evals:0 #comp_moves:3 #backtracks:1 #weight_updates:1'319)
#9       2.04s best:13636840 next:[438300,13636820] violation_ls(batch:4 #solutions_imported:3 #lin_moves:0 #lin_evals:118'045 #gen_moves:6'201 #gen_evals:0 #comp_moves:474 #backtracks:2'861 #weight_updates:90)
#Bound   2.11s best:13636840 next:[447040,13636820] objective_lb_search_max_lp
#10      2.16s best:13635280 next:[447040,13635260] graph_var_lns (d=0.50 s=94 t=0.10 p=0.00 stall=0 h=auto_l0)
#Bound   2.18s best:13635280 next:[452920,13635260] objective_lb_search_max_lp
#11      2.20s best:13635220 next:[452920,13635200] violation_ls(batch:5 #solutions_imported:4 #lin_moves:2 #lin_evals:101'043 #gen_moves:7'671 #gen_evals:0 #comp_moves:563 #backtracks:3'554 #weight_updates:101)
#12      2.21s best:13635160 next:[452920,13635140] violation_ls(batch:5 #solutions_imported:5 #lin_moves:7'255 #lin_evals:13'629 #gen_moves:14 #gen_evals:0 #comp_moves:6 #backtracks:4 #weight_updates:1'319)
#13      2.21s best:13635100 next:[452920,13635080] violation_ls(batch:5 #solutions_imported:4 #lin_moves:2 #lin_evals:118'074 #gen_moves:6'201 #gen_evals:0 #comp_moves:474 #backtracks:2'861 #weight_updates:91)
#14      2.38s best:13624320 next:[452920,13624300] graph_var_lns (d=0.71 s=104 t=0.10 p=1.00 stall=0 h=auto_l0)
#15      2.38s best:13624260 next:[452920,13624240] violation_ls(batch:6 #solutions_imported:5 #lin_moves:2 #lin_evals:101'875 #gen_moves:7'679 #gen_evals:0 #comp_moves:567 #backtracks:3'556 #weight_updates:101)
#16      2.38s best:13624200 next:[452920,13624180] violation_ls(batch:6 #solutions_imported:6 #lin_moves:7'260 #lin_evals:13'668 #gen_moves:14 #gen_evals:0 #comp_moves:6 #backtracks:4 #weight_updates:1'323)
#17      2.39s best:13624140 next:[452920,13624120] violation_ls(batch:6 #solutions_imported:5 #lin_moves:6 #lin_evals:118'111 #gen_moves:6'201 #gen_evals:0 #comp_moves:474 #backtracks:2'861 #weight_updates:94)
#Bound   2.67s best:13624140 next:[462920,13624120] lb_tree_search
#Bound   2.99s best:13624140 next:[465460,13624120] lb_tree_search
#Bound   3.15s best:13624140 next:[468740,13624120] lb_tree_search
#Bound   3.36s best:13624140 next:[468900,13624120] lb_tree_search
#Bound   3.62s best:13624140 next:[469660,13624120] lb_tree_search
#Model   3.72s var:1679/1680 constraints:2749/2752
#Bound   3.93s best:13624140 next:[473000,13624120] max_lp [skipped_logs=1]
#Bound   4.20s best:13624140 next:[475600,13624120] max_lp [skipped_logs=0]
#Model   5.63s var:1678/1680 constraints:2748/2752
#Model   5.73s var:1677/1680 constraints:2747/2752
#Model   7.92s var:1676/1680 constraints:2745/2752
#18      8.43s best:13621080 next:[475600,13621060] rins_pump_lns (d=0.19 s=129 t=0.10 p=0.00 stall=0 h=auto_l0)
#Model  10.27s var:1675/1680 constraints:2744/2752
#Model  11.70s var:1674/1680 constraints:2744/2752
#Model  16.61s var:1673/1680 constraints:2743/2752
#Model  19.61s var:1672/1680 constraints:2743/2752
#Model  19.72s var:1671/1680 constraints:2742/2752
#Model  22.62s var:1670/1680 constraints:2742/2752
#19     26.11s best:13607320 next:[475600,13607300] quick_restart_no_lp (fixed_bools=107/2480)
#20     27.51s best:13602160 next:[475600,13602140] quick_restart_no_lp (fixed_bools=107/2529)
#Model  29.13s var:1669/1680 constraints:2742/2752
#21     29.57s best:13600320 next:[475600,13600300] quick_restart_no_lp (fixed_bools=108/2623)
#Model  60.66s var:1668/1680 constraints:2741/2752
#22    124.13s best:13595320 next:[475600,13595300] quick_restart_no_lp (fixed_bools=145/2933)
#Model 571.32s var:1667/1680 constraints:2739/2752
#23    646.98s best:13593520 next:[475600,13593500] quick_restart_no_lp (fixed_bools=234/3382)
#24    971.67s best:1088280 next:[475600,1088260] core (fixed_bools=195/2308)
#25    1917.23s best:989800 next:[475600,989780] objective_lb_search_no_lp (fixed_bools=423/2559)
#26    1917.24s best:971800 next:[475600,971780] objective_lb_search_no_lp (fixed_bools=423/2593)
#27    2023.37s best:869040 next:[475600,869020] objective_lb_search_no_lp (fixed_bools=599/2820)
#28    5335.37s best:867200 next:[475600,867180] quick_restart_no_lp (fixed_bools=1202/6419)
#29    5335.38s best:853640 next:[475600,853620] quick_restart_no_lp (fixed_bools=1202/6436)
#30    5348.05s best:848480 next:[475600,848460] quick_restart_no_lp (fixed_bools=1202/6530)
#Model 5360.55s var:1666/1680 constraints:2736/2752
#31    5600.67s best:832640 next:[475600,832620] no_lp (fixed_bools=1073/3351)
#Model 5622.72s var:1665/1680 constraints:2734/2752
#32    5681.70s best:825960 next:[475600,825940] quick_restart_no_lp (fixed_bools=1595/7148)
#33    5685.81s best:818880 next:[475600,818860] quick_restart_no_lp (fixed_bools=1700/7168)
#34    7526.72s best:817040 next:[475600,817020] quick_restart_no_lp (fixed_bools=1833/7679)
#35    7529.22s best:814520 next:[475600,814500] quick_restart_no_lp (fixed_bools=1890/7687)
#36    8532.46s best:812720 next:[475600,812700] quick_restart_no_lp (fixed_bools=1996/8139)
#37    9114.57s best:799320 next:[475600,799300] objective_lb_search_no_lp (fixed_bools=2335/20887)
#Model 9121.07s var:1663/1680 constraints:2733/2752
#38    15165.83s best:791080 next:[475600,791060] quick_restart_no_lp (fixed_bools=2370/14970)
#39    17485.59s best:783680 next:[475600,783660] quick_restart_no_lp (fixed_bools=2520/17400)
#Model 17486.31s var:1662/1680 constraints:2733/2752

Task timing                                  n [     min,      max]      avg      dev     time         n [     min,      max]      avg      dev    dtime
                             'core':         1 [   6.00h,    6.00h]    6.00h   0.00ns    6.00h         1 [   4.86h,    4.86h]    4.86h   0.00ns    4.86h
                       'default_lp':         1 [   6.00h,    6.00h]    6.00h   0.00ns    6.00h         1 [  37.76m,   37.76m]   37.76m   0.00ns   37.76m
                 'feasibility_pump':         6 [ 66.71ms,    1.68s]    1.14s 548.85ms    6.85s         5 [287.03ms, 428.91ms] 361.89ms  56.32ms    1.81s
                  'fj_long_default':         2 [138.91ms, 170.05ms] 154.48ms  15.57ms 308.97ms         2 [ 32.03ms,  33.25ms]  32.64ms 609.00us  65.29ms
              'fj_long_lin_default':         4 [ 59.83ms,  93.76ms]  72.67ms  12.70ms 290.69ms         4 [ 14.86ms,  18.44ms]  16.51ms   1.30ms  66.06ms
                   'fj_long_random':         2 [ 82.79ms, 172.19ms] 127.49ms  44.70ms 254.99ms         2 [ 19.15ms,  33.91ms]  26.53ms   7.38ms  53.06ms
                 'fj_short_default':         3 [ 78.96ms, 158.06ms] 113.42ms  33.08ms 340.26ms         3 [ 18.75ms,  24.79ms]  22.12ms   2.51ms  66.36ms
             'fj_short_lin_default':         3 [ 71.25ms, 124.58ms]  89.94ms  24.52ms 269.81ms         3 [ 19.80ms,  22.60ms]  21.15ms   1.15ms  63.45ms
              'fj_short_lin_random':         3 [ 78.89ms, 111.31ms]  99.65ms  14.72ms 298.95ms         3 [ 21.16ms,  23.54ms]  22.32ms 973.88us  66.95ms
                  'fj_short_random':         4 [ 64.66ms, 114.11ms]  79.77ms  20.28ms 319.10ms         4 [ 16.08ms,  19.69ms]  17.32ms   1.47ms  69.27ms
                        'fs_random':         1 [328.22ms, 328.22ms] 328.22ms   0.00ns 328.22ms         1 [455.61us, 455.61us] 455.61us   0.00ns 455.61us
                        'fs_random':         1 [331.27ms, 331.27ms] 331.27ms   0.00ns 331.27ms         1 [888.54us, 888.54us] 888.54us   0.00ns 888.54us
                  'fs_random_no_lp':         1 [329.81ms, 329.81ms] 329.81ms   0.00ns 329.81ms         1 [  5.52ms,   5.52ms]   5.52ms   0.00ns   5.52ms
                  'fs_random_no_lp':         1 [332.14ms, 332.14ms] 332.14ms   0.00ns 332.14ms         1 [  5.52ms,   5.52ms]   5.52ms   0.00ns   5.52ms
          'fs_random_quick_restart':         1 [325.12ms, 325.12ms] 325.12ms   0.00ns 325.12ms         1 [455.61us, 455.61us] 455.61us   0.00ns 455.61us
          'fs_random_quick_restart':         1 [327.48ms, 327.48ms] 327.48ms   0.00ns 327.48ms         1 [  1.40ms,   1.40ms]   1.40ms   0.00ns   1.40ms
    'fs_random_quick_restart_no_lp':         1 [331.86ms, 331.86ms] 331.86ms   0.00ns 331.86ms         1 [  5.52ms,   5.52ms]   5.52ms   0.00ns   5.52ms
                    'graph_arc_lns':         6 [432.45ms,    6.00h]    1.00h    2.24h    6.00h         6 [ 10.00ns, 112.33ms]  85.46ms  38.48ms 512.74ms
                    'graph_cst_lns':         6 [376.89ms,    6.00h]    4.00h    2.83h   24.00h         3 [ 40.00ns, 100.19ms]  66.73ms  47.19ms 200.20ms
                    'graph_dec_lns':         5 [314.12ms,    6.00h]    2.40h    2.94h   12.00h         4 [ 20.00ns, 100.15ms]  75.10ms  43.36ms 300.39ms
                    'graph_var_lns':         6 [158.19ms,    6.00h]    1.00h    2.24h    6.00h         6 [ 10.00ns, 100.34ms]  83.48ms  37.33ms 500.89ms
                   'lb_tree_search':         1 [   6.00h,    6.00h]    6.00h   0.00ns    6.00h         1 [  27.08m,   27.08m]   27.08m   0.00ns   27.08m
                           'max_lp':         1 [   6.00h,    6.00h]    6.00h   0.00ns    6.00h         1 [  29.06m,   29.06m]   29.06m   0.00ns   29.06m
                            'no_lp':         1 [   6.00h,    6.00h]    6.00h   0.00ns    6.00h         1 [   5.66h,    5.66h]    5.66h   0.00ns    5.66h
              'objective_lb_search':         1 [   6.00h,    6.00h]    6.00h   0.00ns    6.00h         1 [  36.83m,   36.83m]   36.83m   0.00ns   36.83m
       'objective_lb_search_max_lp':         1 [   6.00h,    6.00h]    6.00h   0.00ns    6.00h         1 [  26.49m,   26.49m]   26.49m   0.00ns   26.49m
        'objective_lb_search_no_lp':         1 [   6.00h,    6.00h]    6.00h   0.00ns    6.00h         1 [   5.81h,    5.81h]    5.81h   0.00ns    5.81h
  'objective_shaving_search_max_lp':        13 [  4.54ms, 108.85ms]  25.87ms  26.57ms 336.35ms         0 [  0.00ns,   0.00ns]   0.00ns   0.00ns   0.00ns
   'objective_shaving_search_no_lp':        15 [  8.91ms,  98.05ms]  22.46ms  23.48ms 336.86ms         0 [  0.00ns,   0.00ns]   0.00ns   0.00ns   0.00ns
                          'probing':         1 [   6.00h,    6.00h]    6.00h   0.00ns    6.00h         1 [  35.63m,   35.63m]   35.63m   0.00ns   35.63m
                   'probing_max_lp':         1 [   6.00h,    6.00h]    6.00h   0.00ns    6.00h         1 [  30.43m,   30.43m]   30.43m   0.00ns   30.43m
                     'pseudo_costs':         1 [   6.00h,    6.00h]    6.00h   0.00ns    6.00h         1 [  33.09m,   33.09m]   33.09m   0.00ns   33.09m
                    'quick_restart':         1 [   6.00h,    6.00h]    6.00h   0.00ns    6.00h         1 [  37.65m,   37.65m]   37.65m   0.00ns   37.65m
              'quick_restart_no_lp':         1 [   6.00h,    6.00h]    6.00h   0.00ns    6.00h         1 [   3.65h,    3.65h]    3.65h   0.00ns    3.65h
                    'reduced_costs':         1 [   6.00h,    6.00h]    6.00h   0.00ns    6.00h         1 [  24.17m,   24.17m]   24.17m   0.00ns   24.17m
                        'rins/rens':         6 [510.57ms,    6.00h]    2.00h    2.83h   12.00h         5 [ 20.00ns, 100.98ms]  80.26ms  40.13ms 401.31ms
                      'rnd_cst_lns':         6 [384.66ms,    6.00h]    3.00h    3.00h   18.00h         4 [ 30.00ns, 100.10ms]  75.03ms  43.32ms 300.14ms
                      'rnd_var_lns':         6 [674.74ms,    6.00h]    5.00h    2.24h   30.00h         2 [ 50.00ns, 100.00ms]  50.00ms  50.00ms 100.00ms
                     'violation_ls':         6 [310.42us,  80.76ms]  23.88ms  28.83ms 143.30ms         6 [ 10.78us,  20.58ms]   6.53ms   7.55ms  39.18ms
                     'violation_ls':         6 [321.18us, 124.42ms]  21.55ms  46.01ms 129.30ms         6 [ 10.76us,  28.26ms]   4.84ms  10.47ms  29.06ms
                     'violation_ls':         6 [444.22us,  89.38ms]  28.26ms  39.22ms 169.56ms         6 [  8.16us,  22.21ms]   7.25ms  10.17ms  43.48ms

Search stats                         Bools   Conflicts     Branches    Restarts      BoolPropag   IntegerPropag
                           'core':  32'216   3'545'841  316'490'565  78'563'732  35'861'726'064  16'459'120'747
                     'default_lp':   1'978          19      115'485      58'239       4'801'430      10'523'368
                      'fs_random':   1'394           0        2'788       2'788          54'788         216'782
                      'fs_random':   1'396           1        2'791       2'791          54'795         217'075
                'fs_random_no_lp':   1'716          33        3'399       3'399          80'282         262'168
                'fs_random_no_lp':   1'716          33        3'399       3'399          80'282         262'174
        'fs_random_quick_restart':   1'394           0        2'788       2'788          54'788         216'782
        'fs_random_quick_restart':   1'396           1        2'791       2'791          54'795         217'075
  'fs_random_quick_restart_no_lp':   1'716          33        3'399       3'399          80'282         262'167
                 'lb_tree_search':   1'978          15       83'291      46'876       3'822'171       8'351'857
                         'max_lp':   1'978          15       77'822      44'093       3'556'348       7'798'929
                          'no_lp':  41'895  11'968'100  334'608'877  64'146'572  40'467'140'573  13'502'298'782
            'objective_lb_search':   1'978          19      113'189      57'419       4'713'932      10'350'478
     'objective_lb_search_max_lp':   1'978          17       74'462      42'352       3'412'434       7'483'838
      'objective_lb_search_no_lp':  44'605   8'211'920  302'128'671  63'456'495  50'704'156'835  13'493'337'285
                        'probing':   1'978          21      100'240      53'574       4'405'958       9'592'146
                 'probing_max_lp':   1'978          17       83'771      47'375       3'865'156       8'405'766
                   'pseudo_costs':   1'978          16       55'993      33'084       2'600'948       5'700'783
                  'quick_restart':   1'978          18      113'210      57'498       4'723'623      10'372'518
            'quick_restart_no_lp':  21'192   3'453'373  450'290'022  86'768'949  31'211'475'716  18'097'111'687
                  'reduced_costs':   1'978          18       65'744      37'981       3'040'662       6'671'318

SAT stats                           ClassicMinim   LitRemoved     LitLearned   LitForgotten  Subsumed  MClauses  MDecisions  MLitTrue  MSubsumed  MLitRemoved  MReused
                           'core':     3'284'737   30'513'140  1'061'395'883  1'016'079'808   113'466   120'729   7'998'048         1      1'968       66'888   53'878
                     'default_lp':             4            7             23              0         0         0           0         0          0            0        0
                      'fs_random':             0            0              0              0         0         0           0         0          0            0        0
                      'fs_random':             0            0              1              0         0         0           0         0          0            0        0
                'fs_random_no_lp':             0            0             33              0         0         0           0         0          0            0        0
                'fs_random_no_lp':             0            0             33              0         0         0           0         0          0            0        0
        'fs_random_quick_restart':             0            0              0              0         0         0           0         0          0            0        0
        'fs_random_quick_restart':             0            0              1              0         0         0           0         0          0            0        0
  'fs_random_quick_restart_no_lp':             0            0             33              0         0         0           0         0          0            0        0
                 'lb_tree_search':             0            0             15              0         0         0           0         0          0            0        0
                         'max_lp':             0            0             15              0         0         0           0         0          0            0        0
                          'no_lp':    11'431'322  117'868'013  3'785'017'001  3'700'360'340   227'662   281'727   3'390'835         2      2'898       55'907   59'786
            'objective_lb_search':             1            4             20              0         0         0           0         0          0            0        0
     'objective_lb_search_max_lp':             2            2             19              0         0         0           0         0          0            0        0
      'objective_lb_search_no_lp':     7'734'867   74'903'440  2'404'653'041  2'328'511'444   208'172   161'253   3'275'258         1      2'800       50'033   41'344
                        'probing':             2            4             23              0         0         0           0         0          0            0        0
                 'probing_max_lp':             2            4             19              0         0         0           0         0          0            0        0
                   'pseudo_costs':             0            0             16              0         0         0           0         0          0            0        0
                  'quick_restart':             3            4             21              0         0         0           0         0          0            0        0
            'quick_restart_no_lp':     3'056'919   24'382'196  1'139'232'894  1'070'398'162   174'044   168'256  12'840'466         2      1'561       54'923   79'361
                  'reduced_costs':             2            2             20              0         0         0           0         0          0            0        0

Lp stats                         Component  Iterations  AddedCuts  OPTIMAL  DUAL_F.  DUAL_U.
                  'default_lp':          1  11'469'657  3'623'469  322'302        3        0
                   'fs_random':          1         192         92        5        0        0
                   'fs_random':          1         273        137        7        0        0
     'fs_random_quick_restart':          1         192         92        5        0        0
     'fs_random_quick_restart':          1         358        169        8        1        0
              'lb_tree_search':          1   7'164'784    926'062  165'875   47'782        0
                      'max_lp':          1   7'506'157    944'380  159'730   44'018        0
         'objective_lb_search':          1  10'592'700  3'592'328  316'118        5        0
  'objective_lb_search_max_lp':          1   6'414'606    827'974  151'037   41'421        0
                     'probing':          1   9'636'875  3'440'864  296'421       10        0
              'probing_max_lp':          1   8'086'678    956'660  172'610   46'220        0
                'pseudo_costs':          1   4'353'775    628'671  113'724   31'709        0
               'quick_restart':          1  10'673'200  3'647'319  316'559        8        0
               'reduced_costs':          1   4'515'513    780'200  135'872   37'201        0

Lp dimension                                                                        Final dimension of first component
                  'default_lp':  2171 rows, 1679 columns, 20526 entries with magnitude in [9.472847e-06, 1.000000e+00]
                   'fs_random':    138 rows, 1679 columns, 2145 entries with magnitude in [1.772765e-03, 1.000000e+00]
                   'fs_random':    138 rows, 1679 columns, 2145 entries with magnitude in [1.772765e-03, 1.000000e+00]
     'fs_random_quick_restart':    138 rows, 1679 columns, 2145 entries with magnitude in [1.772765e-03, 1.000000e+00]
     'fs_random_quick_restart':    188 rows, 1679 columns, 2583 entries with magnitude in [1.772765e-03, 1.000000e+00]
              'lb_tree_search':  2264 rows, 1680 columns, 27799 entries with magnitude in [8.494867e-06, 1.000000e+00]
                      'max_lp':  1881 rows, 1680 columns, 26486 entries with magnitude in [5.203483e-06, 1.000000e+00]
         'objective_lb_search':  2677 rows, 1679 columns, 30490 entries with magnitude in [2.186588e-06, 1.000000e+00]
  'objective_lb_search_max_lp':  1766 rows, 1680 columns, 29623 entries with magnitude in [4.803459e-06, 1.000000e+00]
                     'probing':  2538 rows, 1679 columns, 54399 entries with magnitude in [2.780639e-06, 1.000000e+00]
              'probing_max_lp':  1983 rows, 1680 columns, 38656 entries with magnitude in [4.239080e-06, 1.000000e+00]
                'pseudo_costs':  2086 rows, 1680 columns, 79527 entries with magnitude in [2.419726e-05, 1.000000e+00]
               'quick_restart':  3166 rows, 1679 columns, 49314 entries with magnitude in [1.506362e-06, 1.000000e+00]
               'reduced_costs':  1941 rows, 1680 columns, 47332 entries with magnitude in [4.071083e-06, 1.000000e+00]

Lp debug                         CutPropag  CutEqPropag  Adjust  Overflow          Bad  BadScaling
                  'default_lp':          0        8'873   9'169         0  164'480'625           0
                   'fs_random':          0            0       0         0            0           0
                   'fs_random':          0            0       0         0            0           0
     'fs_random_quick_restart':          0            0       0         0            0           0
     'fs_random_quick_restart':          0            0       0         0           32           0
              'lb_tree_search':          3        2'273  75'505         3  163'078'810           0
                      'max_lp':          9        2'431  49'239         0  163'455'214           0
         'objective_lb_search':          0        6'828   8'184         0  159'820'792           0
  'objective_lb_search_max_lp':          3        1'539  48'385         0  156'052'504           0
                     'probing':          0        8'489   6'018         0  153'566'817           0
              'probing_max_lp':         10        2'307  59'923         0  165'559'384           0
                'pseudo_costs':          4        3'052  37'176         1  118'675'427           0
               'quick_restart':          0        9'102   8'815         0  158'531'554           0
               'reduced_costs':          3        1'870  43'505         1  132'906'514           0

Lp pool                          Constraints  Updates  Simplif  Merged  Shortened   Split  Strenghtened            Cuts/Call
                  'default_lp':       11'713   70'701   20'418      48      2'167  19'026       215'958  3'623'469/6'565'458
                   'fs_random':        2'384        0        0       0          0       0             0               92/100
                   'fs_random':        2'429        0        0       0          0       0             0              137/150
     'fs_random_quick_restart':        2'384        0        0       0          0       0             0               92/100
     'fs_random_quick_restart':        2'461        5        0       0          0       0             5              169/186
              'lb_tree_search':       11'806   54'923   20'778      14      6'279  58'697       174'509    926'062/2'853'130
                      'max_lp':       12'065   61'943   24'512      73      6'344  63'407       177'864    944'380/3'123'812
         'objective_lb_search':       11'568   74'499   18'746      52      1'870  17'258       213'270  3'592'328/6'452'458
  'objective_lb_search_max_lp':       12'679   55'319   17'015      53      5'154  60'908       150'084    827'974/2'542'000
                     'probing':       12'094   82'688   21'111      62      3'377  20'095       208'538  3'440'864/6'248'805
              'probing_max_lp':       12'391   60'431   23'233      27      5'082  70'305       189'387    956'660/2'856'673
                'pseudo_costs':       12'407   94'341   23'061      22     11'799  90'528       153'960    628'671/1'577'968
               'quick_restart':       11'559   79'492   20'876      52      2'260  16'770       221'865  3'647'319/6'509'584
               'reduced_costs':       11'944   71'260   15'506      14      6'374  76'080       150'308    780'200/1'995'170

Lp Cut            fs_ran  fs_ran  fs_ran  fs_ran   defaul   max_lp   quick_   reduce  pseudo   lb_tre   probin   object   probin   object
          CG_FF:       -       4       -       -  136'973   26'403  128'819   20'945  15'320   27'603  116'938  128'134   28'439   24'864
           CG_K:       -       -       -       -    3'589   19'343    3'274   11'021   7'753   20'376    2'966    3'245   21'051   14'630
          CG_KL:       -       -       -       -       13        -        5        -       -        1        5        9        -        -
           CG_R:       -       -       -       -  167'782   31'502  187'606   26'110  27'839   30'261  183'034  172'074   31'676   25'019
          CG_RB:       -       8       -       -  724'773  134'788  821'178  110'022  95'331  130'861  769'816  793'320  135'695  108'441
         CG_RBP:       -       -       -       -    5'535   15'298    5'202    9'456   7'186   17'069    4'702    3'761   17'540   12'969
         Clique:       -       -       -       -        -   28'367        -   22'882  18'535   28'184        -        -   30'070   26'080
             IB:      92     137      92     137  883'307  126'082  819'195  109'835  82'807  123'418  765'252  817'034  128'083  117'130
       MIR_1_FF:       -       -       -       -  436'349   45'320  387'740   39'076  28'035   41'042  375'607  401'460   45'783   41'361
        MIR_1_K:       -       -       -       -    5'600    4'790    5'816    3'360   2'335    4'412    5'876    5'730    4'731    3'754
       MIR_1_KL:       -       -       -       -      650       19      610       15      13       15      409      718        9       12
        MIR_1_R:       -       -       -       -   16'159    4'698   16'134    4'529   6'989    4'747   15'876   14'559    5'163    3'722
       MIR_1_RB:       -      19       -       -  459'251  116'500  484'849  114'737  88'412  110'489  456'803  487'124  114'948  103'837
      MIR_1_RBP:       -       -       -       -    3'269    2'383    2'594    2'099   1'601    2'780    2'404    2'514    3'093    1'870
      MIR_1_RLT:       -       -       -       -        -      101        -       56      70      113        -        -      102      118
       MIR_2_FF:       -       -       -       -   39'253   10'204   39'633    7'568   6'060    8'813   38'337   39'890    9'901    8'370
        MIR_2_K:       -       -       -       -    1'616    2'407    1'758    1'291   1'819    2'253    1'604    1'674    2'307    1'985
       MIR_2_KL:       -       -       -       -      113        8       98        2       3       11       66       96        2        7
        MIR_2_R:       -       -       -       -    7'716    8'622    9'218    7'097  11'380    8'115    8'261    7'673    8'467    7'587
       MIR_2_RB:       -       -       -       -  102'795   65'260  112'017   60'579  48'994   62'203  110'618  105'699   59'261   61'131
      MIR_2_RBP:       -       -       -       -    1'664    1'827    1'154    1'024   1'159    1'334    1'161      989    2'026    1'207
       MIR_3_FF:       -       -       -       -   17'494    7'290   16'776    5'316   3'985    6'768   15'810   16'085    7'103    6'106
        MIR_3_K:       -       -       -       -    1'750    3'474    1'791    2'070   1'422    3'498    1'630    1'595    3'486    2'935
       MIR_3_KL:       -       -       -       -      126        7      119       10       2       15       98      131        3        7
        MIR_3_R:       -       -       -       -   32'068   17'984   33'611   11'565   9'469   18'130   31'201   33'350   18'773   14'459
       MIR_3_RB:       -       1       -       -   95'701   49'352  101'275   39'374  29'279   48'569   92'667  100'517   51'253   41'434
      MIR_3_RBP:       -       -       -       -    1'217    1'638    1'232    1'077     697    1'537    1'080    1'030    1'617    1'116
       MIR_4_FF:       -       -       -       -    6'159    4'487    6'349    3'296   2'432    4'306    5'694    6'292    4'441    3'869
        MIR_4_K:       -       -       -       -      773    2'350      719    1'452   1'092    2'375      703      662    2'384    2'035
       MIR_4_KL:       -       -       -       -       18        3       25        3       1        3       17       28        4        2
        MIR_4_R:       -       -       -       -    6'650    6'864    6'945    4'449   3'595    7'096    6'550    6'550    6'754    5'359
       MIR_4_RB:       -       -       -       -   50'939   34'729   51'585   28'191  19'804   34'791   47'192   50'915   36'409   29'402
      MIR_4_RBP:       -       -       -       -      611    1'212      609      869     526    1'286      505      524    1'250      861
       MIR_5_FF:       -       -       -       -    3'909    4'269    4'146    3'084   2'296    4'281    4'136    4'196    4'292    3'869
        MIR_5_K:       -       -       -       -      547    2'668      508    1'487   1'071    2'719      599      455    2'747    2'196
       MIR_5_KL:       -       -       -       -       20        6       13        3       1       11       13       17        1        3
        MIR_5_R:       -       -       -       -    4'112    4'493    4'329    2'888   2'260    4'593    3'965    4'452    4'272    3'714
       MIR_5_RB:       -       -       -       -   35'082   33'626   35'976   26'018  19'235   33'016   32'673   35'661   34'585   28'723
      MIR_5_RBP:       -       -       -       -      597    1'283      435      927     575    1'286      388      400    1'297      965
       MIR_6_FF:       -       -       -       -    1'392    3'003    1'453    2'283   1'637    3'005    1'421    1'466    3'139    2'709
        MIR_6_K:       -       -       -       -      225    2'064      216    1'138     940    2'122      206      194    2'099    1'804
       MIR_6_KL:       -       -       -       -        7        6        3        2       -        5        8        5        4        5
        MIR_6_R:       -       -       -       -    1'678    4'996    1'646    3'279   2'182    5'342    1'523    1'733    5'420    3'990
       MIR_6_RB:       -       -       -       -   22'911   24'441   22'633   19'121  14'002   24'697   21'242   23'212   26'064   21'040
      MIR_6_RBP:       -       -       -       -      382    1'034      254      761     436      960      221      234    1'019      822
   ZERO_HALF_FF:       -       -       -       -   33'062   12'547   27'863    9'869   5'918   14'873   25'223   27'362   13'030   13'890
    ZERO_HALF_K:       -       -       -       -      677      760      557      490     279      865      579      519      991      779
   ZERO_HALF_KL:       -       -       -       -        1        -        3        -       -        -        1        2        -        -
    ZERO_HALF_R:       -       -       -       -  220'063   52'850  210'347   43'361  41'762   53'885  201'380  202'147   53'817   52'881
   ZERO_HALF_RB:       -       -       -       -   87'968   22'211   88'214   15'583  11'798   21'029   83'632   86'233   21'288   18'288
  ZERO_HALF_RBP:       -       -       -       -      923      811      787      530     334      899      772      658      771      617

LNS stats           Improv/Calls  Closed  Difficulty  TimeLimit
  'graph_arc_lns':           4/6     33%        0.18       0.10
  'graph_cst_lns':           5/6      0%        0.04       0.10
  'graph_dec_lns':           4/5      0%        0.06       0.10
  'graph_var_lns':           4/6     50%        0.53       0.10
      'rins/rens':           6/6     17%        0.10       0.10
    'rnd_cst_lns':           4/6      0%        0.04       0.10
    'rnd_var_lns':           5/6     17%        0.13       0.10

LS stats                   Batches  Restarts  LinMoves  GenMoves  CompoundMoves  WeightUpdates
       'fj_long_default':        2         1    17'462         0              0          2'538
   'fj_long_lin_default':        4         1         0    12'520            687             46
        'fj_long_random':        2         1    13'725         0              0          1'797
      'fj_short_default':        3         1         0    10'876          1'376             88
  'fj_short_lin_default':        3         1         0    11'326          1'270             92
   'fj_short_lin_random':        3         1         0    12'841          1'497            125
       'fj_short_random':        4         1         0    13'693            914             46
          'violation_ls':        6         0         2     7'679            567            101
          'violation_ls':        6         0         6     6'201            474             94
          'violation_ls':        6         0     7'260        14              6          1'323

Solutions (39)                  Num     Rank
                       'core':    1  [24,24]
             'fj_long_random':    1    [1,1]
              'graph_var_lns':    2  [10,14]
                      'no_lp':    1  [31,31]
  'objective_lb_search_no_lp':    4  [25,37]
        'quick_restart_no_lp':   15  [19,39]
              'rins_pump_lns':    1  [18,18]
               'violation_ls':   14   [2,17]

Objective bounds                      Num
          'fs_random_quick_restart':    1
                   'initial_domain':    1
                   'lb_tree_search':    5
                           'max_lp':    4
       'objective_lb_search_max_lp':    2
  'objective_shaving_search_max_lp':    2
   'objective_shaving_search_no_lp':   12

Solution repositories    Added  Queried  Ignored  Synchro
  'feasible solutions':     85      104        0       83
        'lp solutions':      0        0        0        0
                'pump':     59        6

Improving bounds shared               Num
                           'core':  1'172
                     'default_lp':     64
                'fs_random_no_lp':     25
  'fs_random_quick_restart_no_lp':     14
                 'lb_tree_search':      4
                         'max_lp':    313
                          'no_lp':    971
            'objective_lb_search':     72
     'objective_lb_search_max_lp':     84
      'objective_lb_search_no_lp':    774
                        'probing':     13
                 'probing_max_lp':     68
                   'pseudo_costs':     44
                  'quick_restart':     48
            'quick_restart_no_lp':  1'164
                  'reduced_costs':     87

Clauses shared                     Num
                        'core':  1'086
                  'default_lp':      5
                       'no_lp':  1'658
         'objective_lb_search':      1
  'objective_lb_search_max_lp':      2
   'objective_lb_search_no_lp':  1'308
                     'probing':      2
              'probing_max_lp':      2
               'quick_restart':      4
         'quick_restart_no_lp':  1'636
               'reduced_costs':      2

CpSolverResponse summary:
status: FEASIBLE
objective: 783680
best_bound: 475600
integers: 1681
booleans: 1394
conflicts: 0
branches: 2788
propagations: 54788
integer_propagations: 216782
restarts: 2788
lp_iterations: 192
walltime: 21600.6
usertime: 21600.6
deterministic_time: 91045
gap_integral: 1.15065e+06
solution_fingerprint: 0xd472e1b34d3a9710

CPU USED: 32
Loading /home/aneumann/projects/def-adhaj/aneumann/gns/data/instances/test/l/instance_185.pkl...
===* START SOLVING *===
   index   value      gap    status  computing_time  max_time  cpu  max_memory
0    185  7836.8  0.39312  feasible    21601.573761         6   32         118
===* END OF FILE *===
