created virtual environment CPython3.12.4.final.0-64 in 1308ms
  creator CPython3Posix(dest=/localscratch/aneumann.37168000.0/env, clear=False, no_vcs_ignore=False, global=False)
  seeder FromAppData(download=False, pip=bundle, via=copy, app_data_dir=/home/aneumann/.local/share/virtualenv)
    added seed packages: pip==24.2+computecanada
  activators BashActivator,CShellActivator,FishActivator,NushellActivator,PowerShellActivator,PythonActivator
Looking in links: /cvmfs/soft.computecanada.ca/custom/python/wheelhouse/gentoo2023/x86-64-v3, /cvmfs/soft.computecanada.ca/custom/python/wheelhouse/gentoo2023/generic, /cvmfs/soft.computecanada.ca/custom/python/wheelhouse/generic
Requirement already satisfied: pip in /localscratch/aneumann.37168000.0/env/lib/python3.12/site-packages (24.2+computecanada)
Looking in links: /cvmfs/soft.computecanada.ca/custom/python/wheelhouse/gentoo2023/x86-64-v3, /cvmfs/soft.computecanada.ca/custom/python/wheelhouse/gentoo2023/generic, /cvmfs/soft.computecanada.ca/custom/python/wheelhouse/generic
ERROR: protobuf-5.28.3-cp38-abi3-manylinux2014_x86_64.whl is not a supported wheel on this platform.
Looking in links: /cvmfs/soft.computecanada.ca/custom/python/wheelhouse/gentoo2023/x86-64-v3, /cvmfs/soft.computecanada.ca/custom/python/wheelhouse/gentoo2023/generic, /cvmfs/soft.computecanada.ca/custom/python/wheelhouse/generic
Processing /home/aneumann/projects/def-adhaj/aneumann/gns/wheels/immutabledict-4.2.0-py3-none-any.whl
Installing collected packages: immutabledict
Successfully installed immutabledict-4.2.0
Looking in links: /cvmfs/soft.computecanada.ca/custom/python/wheelhouse/gentoo2023/x86-64-v3, /cvmfs/soft.computecanada.ca/custom/python/wheelhouse/gentoo2023/generic, /cvmfs/soft.computecanada.ca/custom/python/wheelhouse/generic
Processing /cvmfs/soft.computecanada.ca/custom/python/wheelhouse/generic/ortools-9.10.4067+computecanada-cp312-cp312-linux_x86_64.whl (from -r /home/aneumann/projects/def-adhaj/aneumann/gns/requirements_or.txt (line 1))
Processing /cvmfs/soft.computecanada.ca/custom/python/wheelhouse/gentoo2023/x86-64-v3/pandas-2.2.2+computecanada-cp312-cp312-linux_x86_64.whl (from -r /home/aneumann/projects/def-adhaj/aneumann/gns/requirements_or.txt (line 2))
Processing /cvmfs/soft.computecanada.ca/custom/python/wheelhouse/generic/absl_py-2.1.0+computecanada-py3-none-any.whl (from ortools->-r /home/aneumann/projects/def-adhaj/aneumann/gns/requirements_or.txt (line 1))
Processing /cvmfs/soft.computecanada.ca/custom/python/wheelhouse/gentoo2023/generic/numpy-2.1.1+computecanada-cp312-cp312-linux_x86_64.whl (from ortools->-r /home/aneumann/projects/def-adhaj/aneumann/gns/requirements_or.txt (line 1))
Processing /cvmfs/soft.computecanada.ca/custom/python/wheelhouse/gentoo2023/x86-64-v3/protobuf-5.28.0+computecanada-cp312-cp312-linux_x86_64.whl (from ortools->-r /home/aneumann/projects/def-adhaj/aneumann/gns/requirements_or.txt (line 1))
Requirement already satisfied: immutabledict>=3.0.0 in /localscratch/aneumann.37168000.0/env/lib/python3.12/site-packages (from ortools->-r /home/aneumann/projects/def-adhaj/aneumann/gns/requirements_or.txt (line 1)) (4.2.0)
Processing /cvmfs/soft.computecanada.ca/custom/python/wheelhouse/generic/python_dateutil-2.9.0.post0+computecanada-py2.py3-none-any.whl (from pandas->-r /home/aneumann/projects/def-adhaj/aneumann/gns/requirements_or.txt (line 2))
Processing /cvmfs/soft.computecanada.ca/custom/python/wheelhouse/generic/pytz-2024.2+computecanada-py2.py3-none-any.whl (from pandas->-r /home/aneumann/projects/def-adhaj/aneumann/gns/requirements_or.txt (line 2))
Processing /cvmfs/soft.computecanada.ca/custom/python/wheelhouse/generic/tzdata-2024.2+computecanada-py2.py3-none-any.whl (from pandas->-r /home/aneumann/projects/def-adhaj/aneumann/gns/requirements_or.txt (line 2))
Processing /cvmfs/soft.computecanada.ca/custom/python/wheelhouse/generic/six-1.16.0+computecanada-py2.py3-none-any.whl (from python-dateutil>=2.8.2->pandas->-r /home/aneumann/projects/def-adhaj/aneumann/gns/requirements_or.txt (line 2))
Installing collected packages: pytz, tzdata, six, protobuf, numpy, absl-py, python-dateutil, pandas, ortools
Successfully installed absl-py-2.1.0+computecanada numpy-2.1.1+computecanada ortools-9.10.4067+computecanada pandas-2.2.2+computecanada protobuf-5.28.0+computecanada python-dateutil-2.9.0.post0+computecanada pytz-2024.2+computecanada six-1.16.0+computecanada tzdata-2024.2+computecanada

Starting CP-SAT solver v9.10.4067
Parameters: max_time_in_seconds: 28800 max_memory_in_mb: 118 log_search_progress: true optimize_with_core: true cp_model_presolve: true enumerate_all_solutions: false num_search_workers: 32 use_implied_bounds: true absolute_gap_limit: 5 relative_gap_limit: 0.01 use_probing_search: true

Initial optimization model '': (model_fingerprint: 0x1e4a9385a9fc69dc)
#Variables: 3'786 (#bools: 33 #ints: 1 in objective)
  - 3'320 Booleans in [0,1]
  - 465 in [0,300000]
  - 1 constants in {1} 
#kBoolOr: 2'166 (#literals: 2'166)
#kLinear1: 658
#kLinear2: 11'326
#kLinear3: 2'145
#kLinearN: 797 (#terms: 8'534)

Starting presolve at 0.00s
  3.24e-03s  0.00e+00d  [DetectDominanceRelations] 
  8.83e-02s  0.00e+00d  [PresolveToFixPoint] #num_loops=16 #num_dual_strengthening=3 
  8.57e-05s  0.00e+00d  [ExtractEncodingFromLinear] #potential_supersets=266 
[Symmetry] Graph for symmetry has 12'986 nodes and 27'433 arcs.
[Symmetry] Symmetry computation done. time: 0.00258055 dtime: 0.00361858
[Symmetry] #generators: 3, average support size: 2
[Symmetry] 3 orbits with sizes: 2,2,2
[Symmetry] Found orbitope of size 1 x 2
[SAT presolve] num removable Booleans: 0 / 2014
[SAT presolve] num trivial clauses: 0
[SAT presolve] [0s] clauses:3611 literals:7222 vars:1966 one_side_vars:1926 simple_definition:39 singleton_clauses:0
[SAT presolve] [0.000307449s] clauses:3611 literals:7222 vars:1966 one_side_vars:1926 simple_definition:39 singleton_clauses:0
[SAT presolve] [0.000461048s] clauses:3611 literals:7222 vars:1966 one_side_vars:1926 simple_definition:39 singleton_clauses:0
  7.85e-01s  1.83e-01d  [Probe] #probed=4'866 #fixed_bools=94 #new_bounds=215 
  8.11e-03s  0.00e+00d  [MaxClique] Merged 3869(10990 literals) into 1315(8965 literals) at_most_ones. 
  2.74e-03s  0.00e+00d  [DetectDominanceRelations] 
  2.11e-02s  0.00e+00d  [PresolveToFixPoint] #num_loops=5 #num_dual_strengthening=4 
  3.90e-03s  0.00e+00d  [ProcessAtMostOneAndLinear] #num_changes=55 
  2.65e-03s  0.00e+00d  [DetectDuplicateConstraints] #without_enforcements=4 
  5.04e-04s  2.73e-05d  [DetectDominatedLinearConstraints] #relevant_constraints=1'911 
  6.12e-04s  0.00e+00d  [DetectDifferentVariables] #different=19 
  1.11e-03s  4.62e-04d  [ProcessSetPPC] #relevant_constraints=1'294 #num_inclusions=1'027 
  6.23e-05s  0.00e+00d  [FindAlmostIdenticalLinearConstraints] 
  4.88e-03s  8.12e-03d  [FindBigAtMostOneAndLinearOverlap] 
  1.10e-03s  3.90e-03d  [FindBigVerticalLinearOverlap] 
  3.11e-04s  9.74e-04d  [FindBigHorizontalLinearOverlap] #linears=120 
  7.68e-05s  0.00e+00d  [MergeClauses] 
  2.66e-03s  0.00e+00d  [DetectDominanceRelations] 
  1.15e-02s  0.00e+00d  [PresolveToFixPoint] #num_loops=2 #num_dual_strengthening=2 
  2.70e-03s  0.00e+00d  [DetectDominanceRelations] 
  9.94e-03s  0.00e+00d  [PresolveToFixPoint] #num_loops=1 #num_dual_strengthening=1 
[Symmetry] Graph for symmetry has 10'011 nodes and 19'966 arcs.
[Symmetry] Symmetry computation done. time: 0.00155769 dtime: 0.00232611
[Symmetry] #generators: 2, average support size: 2
[Symmetry] 2 orbits with sizes: 2,2
[Symmetry] Found orbitope of size 1 x 2
[SAT presolve] num removable Booleans: 0 / 1917
[SAT presolve] num trivial clauses: 0
[SAT presolve] [0s] clauses:32 literals:64 vars:48 one_side_vars:38 simple_definition:10 singleton_clauses:0
[SAT presolve] [4.1999e-05s] clauses:32 literals:64 vars:48 one_side_vars:38 simple_definition:10 singleton_clauses:0
[SAT presolve] [9.8125e-05s] clauses:32 literals:64 vars:48 one_side_vars:38 simple_definition:10 singleton_clauses:0
  2.20e-01s  5.18e-02d  [Probe] #probed=4'767 #fixed_bools=1 #new_bounds=87 
  4.00e-03s  0.00e+00d  [MaxClique] Merged 1114(7624 literals) into 1114(7640 literals) at_most_ones. 
  2.68e-03s  0.00e+00d  [DetectDominanceRelations] 
  1.90e-02s  0.00e+00d  [PresolveToFixPoint] #num_loops=5 #num_dual_strengthening=4 
  3.65e-03s  0.00e+00d  [ProcessAtMostOneAndLinear] 
  2.62e-03s  0.00e+00d  [DetectDuplicateConstraints] #duplicates=12 
  4.96e-04s  2.73e-05d  [DetectDominatedLinearConstraints] #relevant_constraints=1'910 
  6.07e-04s  0.00e+00d  [DetectDifferentVariables] #different=19 
  9.79e-04s  4.56e-04d  [ProcessSetPPC] #relevant_constraints=1'242 #num_inclusions=970 
  6.59e-05s  0.00e+00d  [FindAlmostIdenticalLinearConstraints] 
  4.85e-03s  8.11e-03d  [FindBigAtMostOneAndLinearOverlap] 
  1.14e-03s  3.89e-03d  [FindBigVerticalLinearOverlap] 
  3.09e-04s  9.73e-04d  [FindBigHorizontalLinearOverlap] #linears=120 
  7.31e-05s  0.00e+00d  [MergeClauses] 
  2.72e-03s  0.00e+00d  [DetectDominanceRelations] 
  1.02e-02s  0.00e+00d  [PresolveToFixPoint] #num_loops=1 #num_dual_strengthening=1 
  2.71e-03s  0.00e+00d  [DetectDominanceRelations] 
  1.01e-02s  0.00e+00d  [PresolveToFixPoint] #num_loops=1 #num_dual_strengthening=1 
[Symmetry] Graph for symmetry has 10'012 nodes and 19'969 arcs.
[Symmetry] Symmetry computation done. time: 0.00154035 dtime: 0.00231863
[Symmetry] #generators: 1, average support size: 2
[Symmetry] 1 orbits with sizes: 2
[SAT presolve] num removable Booleans: 0 / 1916
[SAT presolve] num trivial clauses: 0
[SAT presolve] [0s] clauses:32 literals:64 vars:48 one_side_vars:38 simple_definition:10 singleton_clauses:0
[SAT presolve] [3.2922e-05s] clauses:32 literals:64 vars:48 one_side_vars:38 simple_definition:10 singleton_clauses:0
[SAT presolve] [7.7977e-05s] clauses:32 literals:64 vars:48 one_side_vars:38 simple_definition:10 singleton_clauses:0
  2.16e-01s  5.07e-02d  [Probe] #probed=4'766 #new_bounds=17 
  3.80e-03s  0.00e+00d  [MaxClique] Merged 1114(7627 literals) into 1114(7637 literals) at_most_ones. 
  2.73e-03s  0.00e+00d  [DetectDominanceRelations] 
  1.33e-02s  0.00e+00d  [PresolveToFixPoint] #num_loops=4 #num_dual_strengthening=3 
  3.67e-03s  0.00e+00d  [ProcessAtMostOneAndLinear] 
  2.60e-03s  0.00e+00d  [DetectDuplicateConstraints] #duplicates=8 
  5.01e-04s  2.73e-05d  [DetectDominatedLinearConstraints] #relevant_constraints=1'910 
  5.59e-04s  0.00e+00d  [DetectDifferentVariables] #different=19 
  1.01e-03s  4.56e-04d  [ProcessSetPPC] #relevant_constraints=1'242 #num_inclusions=970 
  7.17e-05s  0.00e+00d  [FindAlmostIdenticalLinearConstraints] 
  4.89e-03s  8.09e-03d  [FindBigAtMostOneAndLinearOverlap] 
  1.14e-03s  3.89e-03d  [FindBigVerticalLinearOverlap] 
  3.15e-04s  9.73e-04d  [FindBigHorizontalLinearOverlap] #linears=120 
  7.61e-05s  0.00e+00d  [MergeClauses] 
  2.67e-03s  0.00e+00d  [DetectDominanceRelations] 
  1.02e-02s  0.00e+00d  [PresolveToFixPoint] #num_loops=1 #num_dual_strengthening=1 
  1.63e-04s  0.00e+00d  [ExpandObjective] #entries=48 #tight_variables=24 #tight_constraints=8 

Presolve summary:
  - 116 affine relations were detected.
  - rule 'TODO dual: only one blocking constraint?' was applied 43'256 times.
  - rule 'TODO dual: only one unspecified blocking constraint?' was applied 20 times.
  - rule 'TODO dual: tighten at most one' was applied 1'161 times.
  - rule 'TODO linear2: contains a Boolean.' was applied 20'000 times.
  - rule 'TODO symmetry: add symmetry breaking inequalities?' was applied 2 times.
  - rule 'affine: new relation' was applied 116 times.
  - rule 'at_most_one: removed literals' was applied 387 times.
  - rule 'at_most_one: singleton' was applied 2 times.
  - rule 'at_most_one: size one' was applied 149 times.
  - rule 'at_most_one: transformed into max clique.' was applied 1 time.
  - rule 'bool_and: x => x' was applied 7 times.
  - rule 'bool_or: always true' was applied 2'166 times.
  - rule 'bool_or: implications' was applied 9'986 times.
  - rule 'bool_or: singleton' was applied 6 times.
  - rule 'deductions: 588 stored' was applied 1 time.
  - rule 'dual: add implication' was applied 52 times.
  - rule 'dual: enforced equivalence' was applied 5 times.
  - rule 'dual: fix variable' was applied 600 times.
  - rule 'dual: fix variable with multiple choices' was applied 3 times.
  - rule 'dual: reduced domain' was applied 256 times.
  - rule 'duplicate: removed constraint' was applied 20 times.
  - rule 'duplicate: removed enforced constraint' was applied 4 times.
  - rule 'enforcement: false literal' was applied 6'327 times.
  - rule 'enforcement: literal not used' was applied 17 times.
  - rule 'linear + amo: extracted enforcement literal' was applied 3 times.
  - rule 'linear + amo: fixed literal implied by enforcement' was applied 52 times.
  - rule 'linear1: always true' was applied 4 times.
  - rule 'linear2: contains a Boolean.' was applied 14 times.
  - rule 'linear: always true' was applied 1'807 times.
  - rule 'linear: divide by GCD' was applied 7'181 times.
  - rule 'linear: empty' was applied 130 times.
  - rule 'linear: extracted enforcement literal' was applied 761 times.
  - rule 'linear: fixed or dup variables' was applied 1'829 times.
  - rule 'linear: negative clause' was applied 3'118 times.
  - rule 'linear: positive at most one' was applied 258 times.
  - rule 'linear: positive clause' was applied 6'874 times.
  - rule 'linear: positive equal one' was applied 8 times.
  - rule 'linear: reduced variable domains' was applied 1'121 times.
  - rule 'linear: remapped using affine relations' was applied 3'576 times.
  - rule 'linear: simplified rhs' was applied 25'021 times.
  - rule 'linear: singleton column' was applied 15 times.
  - rule 'objective: variable not used elsewhere' was applied 1 time.
  - rule 'presolve: 1354 unused variables removed.' was applied 1 time.
  - rule 'presolve: iteration' was applied 3 times.
  - rule 'setppc: removed dominated constraints' was applied 56 times.
  - rule 'symmetry: added symmetry breaking implication' was applied 2 times.

Presolved optimization model '': (model_fingerprint: 0x7661f4e37a89c013)
#Variables: 2'301 (#bools: 32 #ints: 1 in objective)
  - 1'916 Booleans in [0,1]
  - 120 different domains in [0,300000] with a largest complexity of 1.
#kAtMostOne: 1'082 (#literals: 7'563)
#kBoolAnd: 40 (#enforced: 40) (#literals: 80)
#kExactlyOne: 8 (#literals: 24)
#kLinear1: 11 (#enforced: 11)
#kLinear2: 885 (#enforced: 642 #multi: 14)
#kLinear3: 1'342 (#enforced: 11)
#kLinearN: 325 (#terms: 3'260)

Preloading model.
#Bound   1.52s best:inf   next:[291855,13791940] initial_domain
[Symmetry] Graph for symmetry has 8'527 nodes and 19'969 arcs.
[Symmetry] Symmetry computation done. time: 0.00148914 dtime: 0.00223163
[Symmetry] #generators: 1, average support size: 2
#Model   1.52s var:2301/2301 constraints:3693/3693

Starting search at 1.52s with 32 workers.
16 full problem subsolvers: [core, default_lp, lb_tree_search, max_lp, no_lp, objective_lb_search, objective_lb_search_max_lp, objective_lb_search_no_lp, objective_shaving_search_max_lp, objective_shaving_search_no_lp, probing, probing_max_lp, pseudo_costs, quick_restart, quick_restart_no_lp, reduced_costs]
14 first solution subsolvers: [fj_long_default, fj_long_lin_default, fj_long_random, fj_short_default, fj_short_lin_default, fj_short_lin_random, fj_short_random, fs_random(2), fs_random_no_lp(2), fs_random_quick_restart(2), fs_random_quick_restart_no_lp]
11 incomplete subsolvers: [feasibility_pump, graph_arc_lns, graph_cst_lns, graph_dec_lns, graph_var_lns, rins/rens, rnd_cst_lns, rnd_var_lns, violation_ls(3)]
3 helper subsolvers: [neighborhood_helper, synchronization_agent, update_gap_integral]
#Bound   1.59s best:inf   next:[291860,13791940] objective_shaving_search_no_lp (vars=2301 csts=3721)
#Bound   2.14s best:inf   next:[291865,13791940] objective_shaving_search_max_lp (vars=2301 csts=3694)
#1       2.17s best:13791940 next:[291865,13791935] fj_long_random(batch:2 #lin_moves:11'817 #lin_evals:21'868 #weight_updates:1'059)
#2       2.20s best:13791895 next:[291865,13791890] violation_ls(batch:1 #solutions_imported:1 #lin_moves:0 #lin_evals:7'021 #gen_moves:97 #gen_evals:0 #comp_moves:9 #backtracks:44 #weight_updates:1)
#3       2.27s best:13791850 next:[291865,13791845] violation_ls(batch:1 #solutions_imported:1 #lin_moves:669 #lin_evals:2'100 #weight_updates:244)
#4       2.29s best:13782105 next:[291865,13782100] violation_ls(batch:1 #solutions_imported:1 #lin_moves:0 #lin_evals:56'619 #gen_moves:2'747 #gen_evals:0 #comp_moves:169 #backtracks:1'289 #weight_updates:50)
#5       2.33s best:13782060 next:[291865,13782055] violation_ls(batch:2 #solutions_imported:2 #lin_moves:7 #lin_evals:56'673 #gen_moves:2'747 #gen_evals:0 #comp_moves:169 #backtracks:1'289 #weight_updates:54)
#Bound   2.39s best:13782060 next:[291870,13782055] objective_shaving_search_max_lp (vars=2301 csts=3694)
#6       2.46s best:13782015 next:[291870,13782010] violation_ls(batch:3 #solutions_imported:3 #lin_moves:7 #lin_evals:61'685 #gen_moves:2'800 #gen_evals:0 #comp_moves:178 #backtracks:1'311 #weight_updates:55)
#7       2.47s best:13781970 next:[291870,13781965] violation_ls(batch:3 #solutions_imported:3 #lin_moves:669 #lin_evals:9'220 #gen_moves:64 #gen_evals:0 #comp_moves:14 #backtracks:25 #weight_updates:246)
#8       2.48s best:13781925 next:[291870,13781920] violation_ls(batch:3 #solutions_imported:3 #lin_moves:23 #lin_evals:12'817 #gen_moves:178 #gen_evals:0 #comp_moves:18 #backtracks:80 #weight_updates:13)
#Bound   2.49s best:13781925 next:[291875,13781920] objective_shaving_search_no_lp (vars=2301 csts=3694)
#9       2.70s best:13773975 next:[291875,13773970] graph_dec_lns (d=0.50 s=58 t=0.10 p=0.00 stall=0 h=auto_l0)
#Bound   2.85s best:13773975 next:[291880,13773970] objective_shaving_search_no_lp (vars=2301 csts=3694)
#Bound   2.86s best:13773975 next:[291885,13773970] objective_shaving_search_max_lp (vars=2301 csts=3694)
#10      2.88s best:13773930 next:[291885,13773925] violation_ls(batch:4 #solutions_imported:4 #lin_moves:14 #lin_evals:61'737 #gen_moves:2'800 #gen_evals:0 #comp_moves:178 #backtracks:1'311 #weight_updates:60)
#11      2.88s best:13773885 next:[291885,13773880] violation_ls(batch:4 #solutions_imported:4 #lin_moves:672 #lin_evals:9'260 #gen_moves:64 #gen_evals:0 #comp_moves:14 #backtracks:25 #weight_updates:248)
#12      2.89s best:13773840 next:[291885,13773835] violation_ls(batch:4 #solutions_imported:4 #lin_moves:23 #lin_evals:17'629 #gen_moves:259 #gen_evals:0 #comp_moves:25 #backtracks:117 #weight_updates:14)
#Bound   3.04s best:13773840 next:[294555,13773835] objective_lb_search
#Bound   3.24s best:13773840 next:[294560,13773835] objective_shaving_search_no_lp (vars=2301 csts=3694)
#Bound   3.25s best:13773840 next:[294565,13773835] objective_shaving_search_max_lp (vars=2301 csts=3694)
#13      3.25s best:13773795 next:[294565,13773790] violation_ls(batch:5 #solutions_imported:5 #lin_moves:17 #lin_evals:61'778 #gen_moves:2'800 #gen_evals:0 #comp_moves:178 #backtracks:1'311 #weight_updates:62)
#14      3.25s best:13773750 next:[294565,13773745] violation_ls(batch:5 #solutions_imported:5 #lin_moves:672 #lin_evals:9'276 #gen_moves:68 #gen_evals:0 #comp_moves:18 #backtracks:25 #weight_updates:248)
#15      3.25s best:13773705 next:[294565,13773700] violation_ls(batch:5 #solutions_imported:5 #lin_moves:23 #lin_evals:17'660 #gen_moves:262 #gen_evals:0 #comp_moves:28 #backtracks:117 #weight_updates:14)
#Bound   3.25s best:13773705 next:[315740,13773700] lb_tree_search
#Bound   3.50s best:13773705 next:[318610,13773700] lb_tree_search
#Bound   3.71s best:13773705 next:[319700,13773700] lb_tree_search
#Bound   3.89s best:13773705 next:[321350,13773700] lb_tree_search
#Bound   4.05s best:13773705 next:[321710,13773700] objective_lb_search_max_lp
#Bound   4.11s best:13773705 next:[327485,13773700] objective_lb_search_max_lp
#Model   4.55s var:2300/2301 constraints:3692/3693
#Model   4.76s var:2299/2301 constraints:3691/3693
#Model   5.06s var:2298/2301 constraints:3690/3693
#Model   5.37s var:2297/2301 constraints:3689/3693
#Model   5.79s var:2296/2301 constraints:3689/3693
#Bound   6.01s best:13773705 next:[327490,13773700] lb_tree_search
#Bound   6.20s best:13773705 next:[327535,13773700] lb_tree_search
#Bound   6.40s best:13773705 next:[327555,13773700] lb_tree_search
#Bound   6.66s best:13773705 next:[327585,13773700] lb_tree_search
#Bound   6.89s best:13773705 next:[329640,13773700] lb_tree_search
#Bound   7.10s best:13773705 next:[329730,13773700] lb_tree_search
#Bound   7.26s best:13773705 next:[330565,13773700] objective_lb_search_max_lp
#Bound   7.42s best:13773705 next:[330575,13773700] objective_lb_search_max_lp
#Bound   7.64s best:13773705 next:[330720,13773700] probing_max_lp
#Bound   8.01s best:13773705 next:[332670,13773700] max_lp
#Bound   8.23s best:13773705 next:[332795,13773700] max_lp
#Bound   8.36s best:13773705 next:[332805,13773700] max_lp
#Bound   8.57s best:13773705 next:[333105,13773700] max_lp
#Bound   8.96s best:13773705 next:[337160,13773700] max_lp [skipped_logs=1]
#Bound   9.84s best:13773705 next:[337430,13773700] max_lp [skipped_logs=2]
#Bound  11.05s best:13773705 next:[337895,13773700] lb_tree_search [skipped_logs=1]
#Bound  11.64s best:13773705 next:[337905,13773700] lb_tree_search [skipped_logs=1]
#Bound  12.92s best:13773705 next:[338220,13773700] pseudo_costs [skipped_logs=3]
#Model  13.33s var:2295/2301 constraints:3688/3693
#Model  13.64s var:2294/2301 constraints:3687/3693
#Model  13.95s var:2293/2301 constraints:3685/3693
#Bound  13.46s best:13773705 next:[339180,13773700] pseudo_costs [skipped_logs=1]
#Model  14.97s var:2292/2301 constraints:3685/3693
#Bound  14.10s best:13773705 next:[339330,13773700] pseudo_costs [skipped_logs=0]
#Model  24.32s var:2291/2301 constraints:3684/3693
#16     24.63s best:13763365 next:[339330,13763360] quick_restart_no_lp (fixed_bools=200/3247)
#Model  49.39s var:2290/2301 constraints:3684/3693
#Model  51.82s var:2289/2301 constraints:3683/3693
#Model  60.41s var:2288/2301 constraints:3682/3693
#Model  95.45s var:2287/2301 constraints:3682/3693
#17    102.08s best:13757865 next:[339330,13757860] quick_restart_no_lp (fixed_bools=269/3461)
#Bound 132.40s best:13757865 next:[339335,13757860] pseudo_costs
#Bound 133.06s best:13757865 next:[339360,13757860] pseudo_costs
#Bound 134.34s best:13757865 next:[339375,13757860] pseudo_costs
#Bound 144.18s best:13757865 next:[339380,13757860] pseudo_costs
#Bound 144.59s best:13757865 next:[339395,13757860] pseudo_costs
#Bound 145.06s best:13757865 next:[339400,13757860] pseudo_costs
#Bound 145.28s best:13757865 next:[339410,13757860] pseudo_costs
#Bound 145.59s best:13757865 next:[339415,13757860] pseudo_costs
#Bound 145.85s best:13757865 next:[339420,13757860] pseudo_costs
#Bound 181.76s best:13757865 next:[339425,13757860] reduced_costs
#Bound 182.19s best:13757865 next:[339465,13757860] reduced_costs
#Bound 182.95s best:13757865 next:[339470,13757860] reduced_costs
#Bound 184.41s best:13757865 next:[339510,13757860] reduced_costs
#Bound 186.29s best:13757865 next:[339515,13757860] reduced_costs
#Bound 195.35s best:13757865 next:[339555,13757860] objective_lb_search_max_lp
#18    196.27s best:13746975 next:[339555,13746970] quick_restart_no_lp (fixed_bools=310/3686)
#Bound 196.51s best:13746975 next:[339560,13746970] objective_lb_search_max_lp
#Bound 198.12s best:13746975 next:[339585,13746970] objective_lb_search_max_lp
#Bound 198.74s best:13746975 next:[339665,13746970] objective_lb_search_max_lp
#Bound 199.00s best:13746975 next:[339690,13746970] objective_lb_search_max_lp
#Bound 199.12s best:13746975 next:[339695,13746970] objective_lb_search_max_lp
#Bound 199.35s best:13746975 next:[339715,13746970] objective_lb_search_max_lp
#Bound 199.64s best:13746975 next:[339735,13746970] objective_lb_search_max_lp
#Bound 199.94s best:13746975 next:[339745,13746970] objective_lb_search_max_lp
#Bound 200.23s best:13746975 next:[339780,13746970] objective_lb_search_max_lp
#Bound 200.80s best:13746975 next:[339795,13746970] objective_lb_search_max_lp
#Bound 201.08s best:13746975 next:[339890,13746970] objective_lb_search_max_lp
#Bound 201.29s best:13746975 next:[339915,13746970] objective_lb_search_max_lp
#Bound 201.55s best:13746975 next:[339920,13746970] objective_lb_search_max_lp
#Bound 201.78s best:13746975 next:[339960,13746970] objective_lb_search_max_lp
#Bound 209.38s best:13746975 next:[339965,13746970] objective_lb_search_max_lp
#Bound 209.98s best:13746975 next:[339970,13746970] objective_lb_search_max_lp
#Bound 210.27s best:13746975 next:[339980,13746970] objective_lb_search_max_lp
#Bound 210.64s best:13746975 next:[340010,13746970] objective_lb_search_max_lp
#Bound 211.03s best:13746975 next:[340060,13746970] objective_lb_search_max_lp
#Bound 211.43s best:13746975 next:[340095,13746970] objective_lb_search_max_lp
#Bound 212.24s best:13746975 next:[340100,13746970] objective_lb_search_max_lp
#Bound 212.71s best:13746975 next:[340145,13746970] objective_lb_search_max_lp
#Bound 212.78s best:13746975 next:[340170,13746970] objective_lb_search_max_lp
#Bound 213.10s best:13746975 next:[340285,13746970] objective_lb_search_max_lp
#Bound 213.44s best:13746975 next:[340335,13746970] objective_lb_search_max_lp
#Bound 213.86s best:13746975 next:[340385,13746970] objective_lb_search_max_lp
#Bound 214.26s best:13746975 next:[340415,13746970] objective_lb_search_max_lp
#Bound 215.18s best:13746975 next:[340445,13746970] objective_lb_search_max_lp
#Bound 216.07s best:13746975 next:[340460,13746970] objective_lb_search_max_lp
#Bound 216.42s best:13746975 next:[340475,13746970] objective_lb_search_max_lp
#Bound 216.69s best:13746975 next:[340505,13746970] objective_lb_search_max_lp
#Bound 217.03s best:13746975 next:[340650,13746970] objective_lb_search_max_lp
#Bound 217.38s best:13746975 next:[340680,13746970] objective_lb_search_max_lp
#Bound 217.67s best:13746975 next:[340740,13746970] objective_lb_search_max_lp
#Bound 218.03s best:13746975 next:[340785,13746970] objective_lb_search_max_lp
#Bound 218.34s best:13746975 next:[340820,13746970] objective_lb_search_max_lp
#Bound 218.80s best:13746975 next:[340860,13746970] objective_lb_search_max_lp
#Bound 219.86s best:13746975 next:[340885,13746970] objective_lb_search_max_lp
#Bound 220.21s best:13746975 next:[340910,13746970] objective_lb_search_max_lp
#Bound 220.83s best:13746975 next:[340930,13746970] objective_lb_search_max_lp
#Bound 221.32s best:13746975 next:[340935,13746970] objective_lb_search_max_lp
#Bound 221.79s best:13746975 next:[340945,13746970] objective_lb_search_max_lp
#Bound 222.87s best:13746975 next:[340950,13746970] objective_lb_search_max_lp
#Bound 234.58s best:13746975 next:[340955,13746970] objective_lb_search_max_lp
#19    280.21s best:13737625 next:[340955,13737620] quick_restart_no_lp (fixed_bools=357/3810)
#20    280.94s best:937320 next:[340955,937315] rins_pump_lns (d=0.19 s=95 t=0.10 p=0.00 stall=0 h=auto_l0)
#Bound 281.72s best:937320 next:[340960,937315] objective_shaving_search_no_lp (vars=2301 csts=3694)
#Bound 281.73s best:937320 next:[340965,937315] objective_shaving_search_max_lp (vars=2301 csts=3694)
#21    286.34s best:937275 next:[340965,937270] violation_ls(batch:6 #solutions_imported:6 #lin_moves:17 #lin_evals:84'543 #gen_moves:4'845 #gen_evals:0 #comp_moves:329 #backtracks:2'258 #weight_updates:99)
#22    286.34s best:937230 next:[340965,937225] violation_ls(batch:6 #solutions_imported:6 #lin_moves:676 #lin_evals:9'320 #gen_moves:68 #gen_evals:0 #comp_moves:18 #backtracks:25 #weight_updates:251)
#23    286.34s best:937185 next:[340965,937180] violation_ls(batch:6 #solutions_imported:6 #lin_moves:29 #lin_evals:17'709 #gen_moves:262 #gen_evals:0 #comp_moves:28 #backtracks:117 #weight_updates:18)
#Bound 338.85s best:937185 next:[344845,937180] objective_lb_search_max_lp
#Bound 339.42s best:937185 next:[346365,937180] objective_lb_search_max_lp
#Bound 339.67s best:937185 next:[347430,937180] objective_lb_search_max_lp
#Bound 460.69s best:937185 next:[347435,937180] objective_lb_search_max_lp
#Bound 461.29s best:937185 next:[347475,937180] objective_lb_search_max_lp
#Bound 540.45s best:937185 next:[347480,937180] objective_lb_search_max_lp
#Bound 541.15s best:937185 next:[347500,937180] objective_lb_search_max_lp
#Bound 541.43s best:937185 next:[347520,937180] objective_lb_search_max_lp
#Bound 548.40s best:937185 next:[347525,937180] objective_lb_search_max_lp
#Bound 549.81s best:937185 next:[347565,937180] objective_lb_search_max_lp
#Bound 550.58s best:937185 next:[347570,937180] objective_lb_search_max_lp
#Bound 554.31s best:937185 next:[347610,937180] objective_lb_search_max_lp
#Bound 554.83s best:937185 next:[347625,937180] objective_lb_search_max_lp
#Bound 555.43s best:937185 next:[347640,937180] objective_lb_search_max_lp
#Bound 556.13s best:937185 next:[347650,937180] objective_lb_search_max_lp
#Bound 558.39s best:937185 next:[347660,937180] objective_lb_search_max_lp
#Bound 559.84s best:937185 next:[347665,937180] objective_lb_search_max_lp
#Bound 560.24s best:937185 next:[347670,937180] objective_lb_search_max_lp
#Bound 560.80s best:937185 next:[347685,937180] objective_lb_search_max_lp
#Bound 561.43s best:937185 next:[347700,937180] objective_lb_search_max_lp
#Bound 561.83s best:937185 next:[347980,937180] objective_lb_search_max_lp
#Bound 562.11s best:937185 next:[347995,937180] objective_lb_search_max_lp
#Bound 562.44s best:937185 next:[348645,937180] objective_lb_search_max_lp
#Bound 562.88s best:937185 next:[349170,937180] objective_lb_search_max_lp
#Bound 563.28s best:937185 next:[349395,937180] objective_lb_search_max_lp
#Bound 563.61s best:937185 next:[349470,937180] objective_lb_search_max_lp
#Bound 566.71s best:937185 next:[349615,937180] objective_lb_search_max_lp
#Bound 567.14s best:937185 next:[349940,937180] objective_lb_search_max_lp
#Bound 567.55s best:937185 next:[349945,937180] objective_lb_search_max_lp
#Bound 568.64s best:937185 next:[349950,937180] objective_lb_search_max_lp
#Bound 568.94s best:937185 next:[349970,937180] objective_lb_search_max_lp
#Bound 569.27s best:937185 next:[350010,937180] objective_lb_search_max_lp
#Bound 569.72s best:937185 next:[350025,937180] objective_lb_search_max_lp
#Bound 570.31s best:937185 next:[350045,937180] objective_lb_search_max_lp
#Bound 570.60s best:937185 next:[350150,937180] objective_lb_search_max_lp
#Bound 571.07s best:937185 next:[350255,937180] objective_lb_search_max_lp
#Bound 571.74s best:937185 next:[350275,937180] objective_lb_search_max_lp
#Bound 571.96s best:937185 next:[350660,937180] objective_lb_search_max_lp
#Bound 572.24s best:937185 next:[350665,937180] objective_lb_search_max_lp
#Bound 573.38s best:937185 next:[350760,937180] objective_lb_search_max_lp
#Bound 573.66s best:937185 next:[350795,937180] objective_lb_search_max_lp
#Bound 578.69s best:937185 next:[350810,937180] objective_lb_search_max_lp
#Bound 578.89s best:937185 next:[350830,937180] objective_lb_search_max_lp
#Bound 579.73s best:937185 next:[350880,937180] objective_lb_search_max_lp
#Bound 579.96s best:937185 next:[350885,937180] objective_lb_search_max_lp
#Bound 582.14s best:937185 next:[350905,937180] objective_lb_search_max_lp
#Bound 583.32s best:937185 next:[350970,937180] objective_lb_search_max_lp
#Bound 584.57s best:937185 next:[350980,937180] objective_lb_search_max_lp
#Bound 585.01s best:937185 next:[351085,937180] objective_lb_search_max_lp
#Bound 585.66s best:937185 next:[352085,937180] objective_lb_search_max_lp
#Bound 586.14s best:937185 next:[352195,937180] objective_lb_search_max_lp
#Bound 586.55s best:937185 next:[352200,937180] objective_lb_search_max_lp
#Bound 586.96s best:937185 next:[352210,937180] objective_lb_search_max_lp
#Bound 587.40s best:937185 next:[352435,937180] objective_lb_search_max_lp
#24    692.85s best:928935 next:[352435,928930] quick_restart_no_lp (fixed_bools=855/5252)
#25    695.59s best:918650 next:[352435,918645] quick_restart_no_lp (fixed_bools=855/5288)
#26    823.03s best:909300 next:[352435,909295] quick_restart_no_lp (fixed_bools=878/5442)
#27    829.63s best:900280 next:[352435,900275] quick_restart_no_lp (fixed_bools=878/5450)
#Bound 1135.83s best:900280 next:[352830,900275] max_lp
#28    1197.94s best:889445 next:[352830,889440] quick_restart_no_lp (fixed_bools=1259/6360)
#Bound 2178.63s best:889445 next:[352840,889440] max_lp
#Bound 2179.03s best:889445 next:[352875,889440] max_lp
#Bound 2535.91s best:889445 next:[352880,889440] max_lp
#Bound 2536.20s best:889445 next:[352920,889440] max_lp
#Bound 2716.83s best:889445 next:[352925,889440] max_lp
#Bound 2717.06s best:889445 next:[352965,889440] max_lp
#Bound 2811.65s best:889445 next:[352970,889440] max_lp
#Bound 2812.01s best:889445 next:[352975,889440] max_lp
#Bound 2812.44s best:889445 next:[353005,889440] max_lp
#Bound 2812.93s best:889445 next:[353010,889440] max_lp
#Bound 2979.62s best:889445 next:[353015,889440] max_lp
#Bound 2980.02s best:889445 next:[353030,889440] max_lp
#Bound 2981.18s best:889445 next:[353055,889440] max_lp
#Bound 3441.88s best:889445 next:[353065,889440] max_lp
#Bound 3442.18s best:889445 next:[353090,889440] max_lp
#Bound 3442.71s best:889445 next:[353100,889440] max_lp
#Bound 3639.20s best:889445 next:[353105,889440] max_lp
#Bound 3639.53s best:889445 next:[353145,889440] max_lp
#Bound 4643.35s best:889445 next:[353170,889440] pseudo_costs
#Bound 4645.11s best:889445 next:[353190,889440] pseudo_costs
#Bound 4646.28s best:889445 next:[353195,889440] pseudo_costs
#Bound 4646.70s best:889445 next:[353235,889440] pseudo_costs
#Bound 4661.15s best:889445 next:[353250,889440] pseudo_costs
#Bound 4661.68s best:889445 next:[353270,889440] pseudo_costs
#Bound 4662.13s best:889445 next:[353280,889440] pseudo_costs
#Bound 4675.68s best:889445 next:[353285,889440] pseudo_costs
#Bound 4678.96s best:889445 next:[353310,889440] pseudo_costs
#Bound 4690.80s best:889445 next:[353315,889440] pseudo_costs
#Bound 4701.99s best:889445 next:[353325,889440] pseudo_costs
#Bound 4718.98s best:889445 next:[353330,889440] pseudo_costs
#Bound 4747.79s best:889445 next:[353335,889440] pseudo_costs
#Bound 4794.82s best:889445 next:[353370,889440] pseudo_costs
#Bound 4898.37s best:889445 next:[353375,889440] pseudo_costs
#Bound 4900.12s best:889445 next:[353380,889440] pseudo_costs
#Bound 4915.84s best:889445 next:[353415,889440] pseudo_costs
#Bound 5231.83s best:889445 next:[353420,889440] objective_lb_search_max_lp
#Bound 5232.22s best:889445 next:[353460,889440] objective_lb_search_max_lp
#Bound 5233.60s best:889445 next:[353465,889440] objective_lb_search_max_lp
#Bound 5234.15s best:889445 next:[353500,889440] objective_lb_search_max_lp
#Bound 5234.58s best:889445 next:[353505,889440] objective_lb_search_max_lp
#Bound 5236.87s best:889445 next:[353510,889440] objective_lb_search_max_lp
#Bound 5238.78s best:889445 next:[353550,889440] objective_lb_search_max_lp
#Bound 5249.58s best:889445 next:[353555,889440] objective_lb_search_max_lp
#Bound 5250.04s best:889445 next:[353580,889440] objective_lb_search_max_lp
#Bound 5250.74s best:889445 next:[353595,889440] objective_lb_search_max_lp
#Bound 5251.29s best:889445 next:[353600,889440] objective_lb_search_max_lp
#Bound 5254.01s best:889445 next:[353635,889440] objective_lb_search_max_lp
#Bound 5254.49s best:889445 next:[353640,889440] objective_lb_search_max_lp
#Bound 5279.25s best:889445 next:[353645,889440] objective_lb_search_max_lp
#Bound 5287.15s best:889445 next:[353660,889440] objective_lb_search_max_lp
#Bound 5287.76s best:889445 next:[353685,889440] objective_lb_search_max_lp
#29    12507.21s best:882020 next:[353685,882015] quick_restart_no_lp (fixed_bools=2504/10621)
#30    17626.61s best:725340 next:[353685,725335] no_lp (fixed_bools=2841/8814)
#31    17684.64s best:719840 next:[353685,719835] quick_restart_no_lp (fixed_bools=3966/15282)
#32    20932.61s best:711590 next:[353685,711585] quick_restart_no_lp (fixed_bools=4137/20412)
#33    23484.54s best:703010 next:[353685,703005] quick_restart_no_lp (fixed_bools=4551/22228)

Task timing                                  n [     min,      max]      avg      dev     time         n [     min,      max]      avg      dev    dtime
                             'core':         1 [   8.00h,    8.00h]    8.00h   0.00ns    8.00h         1 [   7.74h,    7.74h]    7.74h   0.00ns    7.74h
                       'default_lp':         1 [   8.00h,    8.00h]    8.00h   0.00ns    8.00h         1 [   1.10h,    1.10h]    1.10h   0.00ns    1.10h
                 'feasibility_pump':         6 [541.09ms,    3.31s]    2.14s 863.27ms   12.82s         5 [507.44ms, 726.38ms] 640.51ms  79.51ms    3.20s
                  'fj_long_default':         2 [132.01ms, 304.08ms] 218.04ms  86.04ms 436.09ms         2 [ 41.04ms,  41.55ms]  41.30ms 257.93us  82.59ms
              'fj_long_lin_default':         2 [ 62.18ms, 549.44ms] 305.81ms 243.63ms 611.62ms         2 [ 15.96ms,  20.49ms]  18.23ms   2.26ms  36.46ms
                   'fj_long_random':         2 [ 41.85ms, 499.12ms] 270.48ms 228.63ms 540.97ms         2 [ 11.47ms,  40.07ms]  25.77ms  14.30ms  51.54ms
                 'fj_short_default':         2 [ 79.59ms, 217.26ms] 148.42ms  68.84ms 296.85ms         2 [ 14.54ms,  25.05ms]  19.80ms   5.26ms  39.60ms
             'fj_short_lin_default':         2 [ 84.06ms, 325.16ms] 204.61ms 120.55ms 409.22ms         2 [ 17.56ms,  25.48ms]  21.52ms   3.96ms  43.04ms
              'fj_short_lin_random':         2 [ 74.04ms, 461.24ms] 267.64ms 193.60ms 535.28ms         2 [ 14.88ms,  23.82ms]  19.35ms   4.47ms  38.70ms
                  'fj_short_random':         1 [611.64ms, 611.64ms] 611.64ms   0.00ns 611.64ms         1 [ 18.00ms,  18.00ms]  18.00ms   0.00ns  18.00ms
                        'fs_random':         1 [   1.02s,    1.02s]    1.02s   0.00ns    1.02s         1 [ 20.00ns,  20.00ns]  20.00ns   0.00ns  20.00ns
                        'fs_random':         1 [   1.52s,    1.52s]    1.52s   0.00ns    1.52s         1 [ 20.00ns,  20.00ns]  20.00ns   0.00ns  20.00ns
                  'fs_random_no_lp':         1 [610.49ms, 610.49ms] 610.49ms   0.00ns 610.49ms         0 [  0.00ns,   0.00ns]   0.00ns   0.00ns   0.00ns
                  'fs_random_no_lp':         1 [720.07ms, 720.07ms] 720.07ms   0.00ns 720.07ms         0 [  0.00ns,   0.00ns]   0.00ns   0.00ns   0.00ns
          'fs_random_quick_restart':         1 [   1.21s,    1.21s]    1.21s   0.00ns    1.21s         1 [ 20.00ns,  20.00ns]  20.00ns   0.00ns  20.00ns
          'fs_random_quick_restart':         1 [831.88ms, 831.88ms] 831.88ms   0.00ns 831.88ms         1 [ 20.00ns,  20.00ns]  20.00ns   0.00ns  20.00ns
    'fs_random_quick_restart_no_lp':         1 [888.63ms, 888.63ms] 888.63ms   0.00ns 888.63ms         0 [  0.00ns,   0.00ns]   0.00ns   0.00ns   0.00ns
                    'graph_arc_lns':         5 [239.29ms,    8.00h]    1.60h    3.20h    8.00h         5 [ 10.00ns, 100.29ms]  80.12ms  40.06ms 400.59ms
                    'graph_cst_lns':         5 [229.06ms,    8.00h]    4.81h    3.90h   24.07h         3 [246.00ns, 100.12ms]  66.71ms  47.17ms 200.12ms
                    'graph_dec_lns':         5 [275.74ms,    8.00h]    3.20h    3.92h   16.00h         5 [ 10.00ns, 100.19ms]  60.05ms  49.03ms 300.23ms
                    'graph_var_lns':         5 [296.60ms,    8.00h]    6.40h    3.20h   32.00h         2 [ 40.00ns, 100.24ms]  50.12ms  50.12ms 100.24ms
                   'lb_tree_search':         1 [   8.00h,    8.00h]    8.00h   0.00ns    8.00h         1 [   9.27h,    9.27h]    9.27h   0.00ns    9.27h
                           'max_lp':         1 [   8.00h,    8.00h]    8.00h   0.00ns    8.00h         1 [   5.12h,    5.12h]    5.12h   0.00ns    5.12h
                            'no_lp':         1 [   8.00h,    8.00h]    8.00h   0.00ns    8.00h         1 [   7.44h,    7.44h]    7.44h   0.00ns    7.44h
              'objective_lb_search':         1 [   8.00h,    8.00h]    8.00h   0.00ns    8.00h         1 [   1.07h,    1.07h]    1.07h   0.00ns    1.07h
       'objective_lb_search_max_lp':         1 [   8.00h,    8.00h]    8.00h   0.00ns    8.00h         1 [   8.48h,    8.48h]    8.48h   0.00ns    8.48h
        'objective_lb_search_no_lp':         1 [   8.00h,    8.00h]    8.00h   0.00ns    8.00h         1 [   6.92h,    6.92h]    6.92h   0.00ns    6.92h
  'objective_shaving_search_max_lp':         6 [  9.20ms, 248.88ms]  74.23ms  89.57ms 445.38ms         0 [  0.00ns,   0.00ns]   0.00ns   0.00ns   0.00ns
   'objective_shaving_search_no_lp':         6 [  9.32ms, 326.84ms]  74.59ms 113.92ms 447.54ms         0 [  0.00ns,   0.00ns]   0.00ns   0.00ns   0.00ns
                          'probing':         1 [   8.00h,    8.00h]    8.00h   0.00ns    8.00h         1 [   1.02h,    1.02h]    1.02h   0.00ns    1.02h
                   'probing_max_lp':         1 [   8.00h,    8.00h]    8.00h   0.00ns    8.00h         1 [   1.37h,    1.37h]    1.37h   0.00ns    1.37h
                     'pseudo_costs':         1 [   8.00h,    8.00h]    8.00h   0.00ns    8.00h         1 [   2.09h,    2.09h]    2.09h   0.00ns    2.09h
                    'quick_restart':         1 [   8.00h,    8.00h]    8.00h   0.00ns    8.00h         1 [   1.01h,    1.01h]    1.01h   0.00ns    1.01h
              'quick_restart_no_lp':         1 [   8.00h,    8.00h]    8.00h   0.00ns    8.00h         1 [   5.86h,    5.86h]    5.86h   0.00ns    5.86h
                    'reduced_costs':         1 [   8.00h,    8.00h]    8.00h   0.00ns    8.00h         1 [  57.52m,   57.52m]   57.52m   0.00ns   57.52m
                        'rins/rens':         6 [354.42ms,    8.00h]    2.65h    3.75h   15.92h         5 [ 20.00ns, 100.92ms]  80.31ms  40.16ms 401.57ms
                      'rnd_cst_lns':         6 [338.68ms,    8.00h]    4.00h    3.97h   24.00h         4 [ 30.00ns, 100.05ms]  75.02ms  43.31ms 300.08ms
                      'rnd_var_lns':         6 [141.06ms,    8.00h]    4.00h    4.00h   24.00h         4 [ 30.00ns, 100.03ms]  75.01ms  43.31ms 300.05ms
                     'violation_ls':         6 [317.76us,  16.21ms]   5.37ms   5.22ms  32.24ms         6 [ 12.71us,   1.47ms] 567.93us 545.97us   3.41ms
                     'violation_ls':         6 [322.17us,  97.60ms]  20.86ms  34.80ms 125.17ms         6 [  6.69us,   3.32ms] 764.44us   1.17ms   4.59ms
                     'violation_ls':         6 [410.14us, 112.00ms]  24.33ms  39.77ms 145.99ms         6 [ 15.38us,  27.07ms]   5.72ms   9.82ms  34.29ms

Search stats                         Bools   Conflicts     Branches     Restarts      BoolPropag   IntegerPropag
                           'core':  35'835   6'695'744  578'462'622  112'705'396  45'973'665'164  25'728'948'875
                     'default_lp':   2'697          58      208'159       92'080       8'518'850      19'196'979
                      'fs_random':   1'927           0            0            0               0               0
                      'fs_random':   1'927           0        1'328        1'328          27'597         158'034
                'fs_random_no_lp':   1'927           0          802          802          18'718          72'770
                'fs_random_no_lp':   1'927           0          802          802          18'718          72'770
        'fs_random_quick_restart':   1'927           0            0            0               0               0
        'fs_random_quick_restart':   1'927           0          802          802          18'718          72'770
  'fs_random_quick_restart_no_lp':   1'927           0            0            0               0               0
                 'lb_tree_search':   2'697          18        7'048        7'048         252'083         697'012
                         'max_lp':   2'697          34       16'318       14'068         939'181       2'163'821
                          'no_lp':  27'527  11'049'340  594'800'601  107'716'671  28'569'361'389  26'118'482'898
            'objective_lb_search':   2'697          62      235'571      101'270       9'394'365      21'223'467
     'objective_lb_search_max_lp':   2'697          39       27'367       20'431       1'545'807       3'541'632
      'objective_lb_search_no_lp':  24'274   3'375'712  585'305'113  113'899'959  32'936'573'338  26'684'651'827
                        'probing':   2'697          33      237'193      102'776       9'652'133      21'587'537
                 'probing_max_lp':   2'697          34       14'135       12'556         703'229       1'682'013
                   'pseudo_costs':   2'697          33       16'914       14'651       1'002'052       2'306'227
                  'quick_restart':   2'697          64      232'859      100'305       9'284'073      21'005'293
            'quick_restart_no_lp':  25'975   5'155'478  887'642'571  123'135'949  40'487'691'099  29'183'901'728
                  'reduced_costs':   2'697          25       10'514        9'993         438'616       1'143'408

SAT stats                           ClassicMinim   LitRemoved     LitLearned   LitForgotten  Subsumed  MClauses  MDecisions  MLitTrue  MSubsumed  MLitRemoved  MReused
                           'core':     6'452'967   74'953'799  1'808'158'306  1'762'555'107    97'952   386'385   6'310'592         0      1'726       86'231  107'242
                     'default_lp':             0            0             58              0         0         0           0         0          0            0        0
                      'fs_random':             0            0              0              0         0         0           0         0          0            0        0
                      'fs_random':             0            0              0              0         0         0           0         0          0            0        0
                'fs_random_no_lp':             0            0              0              0         0         0           0         0          0            0        0
                'fs_random_no_lp':             0            0              0              0         0         0           0         0          0            0        0
        'fs_random_quick_restart':             0            0              0              0         0         0           0         0          0            0        0
        'fs_random_quick_restart':             0            0              0              0         0         0           0         0          0            0        0
  'fs_random_quick_restart_no_lp':             0            0              0              0         0         0           0         0          0            0        0
                 'lb_tree_search':             0            0             18              0         0         0           0         0          0            0        0
                         'max_lp':             0            0             34              0         0         0           0         0          0            0        0
                          'no_lp':    10'766'334  124'233'248  3'223'831'711  3'175'370'114   109'742   580'902   4'793'402         1      2'199       59'597  130'019
            'objective_lb_search':             3            6             65              0         0         0           0         0          0            0        0
     'objective_lb_search_max_lp':             0            0             39              0         0         0           0         0          0            0        0
      'objective_lb_search_no_lp':     3'239'758   35'650'753    966'851'626    941'412'646    52'240   236'859   7'053'760         0      1'334       80'854   57'898
                        'probing':             5           15             38              0         0         0           0         0          0            0        0
                 'probing_max_lp':             0            0             34              0         0         0           0         0          0            0        0
                   'pseudo_costs':             0            0             33              0         0         0           0         0          0            0        0
                  'quick_restart':             2            5             66              0         0         0           0         0          0            0        0
            'quick_restart_no_lp':     4'564'689   37'811'063  2'025'386'742  1'888'574'467   263'427   618'690  13'463'317        14      1'680       41'574  184'452
                  'reduced_costs':             0            0             25              0         0         0           0         0          0            0        0

Lp stats                         Component  Iterations  AddedCuts  OPTIMAL  DUAL_F.  DUAL_U.
                  'default_lp':          1  17'760'590  9'174'978  500'202       25       20
                   'fs_random':          1           0          0        0        0        0
                   'fs_random':          1           0          0        0        0        0
     'fs_random_quick_restart':          1           0          0        0        0        0
     'fs_random_quick_restart':          1           0          0        0        0        0
              'lb_tree_search':          1  56'807'826  1'897'917   22'455    1'928        0
                      'max_lp':          1  31'916'158    425'172   29'870   19'546        0
         'objective_lb_search':          1  17'743'898  9'014'374  548'321       12       20
  'objective_lb_search_max_lp':          1  63'989'735    436'041   22'462   40'125        0
                     'probing':          1  17'865'439  8'617'286  555'918       24        0
              'probing_max_lp':          1   8'397'749  1'102'800   55'614    2'313        0
                'pseudo_costs':          1   9'697'697  1'494'651   54'404    7'055        0
               'quick_restart':          1  17'065'294  8'241'545  541'990       21        0
               'reduced_costs':          1   5'822'784    324'872   29'006    4'896        0

Lp dimension                                                                         Final dimension of first component
                  'default_lp':   3884 rows, 2301 columns, 34102 entries with magnitude in [9.341437e-06, 1.000000e+00]
                   'fs_random':          0 rows, 2301 columns, 0 entries with magnitude in [0.000000e+00, 0.000000e+00]
                   'fs_random':          0 rows, 2301 columns, 0 entries with magnitude in [0.000000e+00, 0.000000e+00]
     'fs_random_quick_restart':          0 rows, 2301 columns, 0 entries with magnitude in [0.000000e+00, 0.000000e+00]
     'fs_random_quick_restart':          0 rows, 2301 columns, 0 entries with magnitude in [0.000000e+00, 0.000000e+00]
              'lb_tree_search':   967 rows, 2301 columns, 139136 entries with magnitude in [2.079689e-05, 1.000000e+00]
                      'max_lp':  2764 rows, 2301 columns, 250228 entries with magnitude in [3.548699e-06, 1.000000e+00]
         'objective_lb_search':   3213 rows, 2301 columns, 30658 entries with magnitude in [1.599630e-06, 1.000000e+00]
  'objective_lb_search_max_lp':  4514 rows, 2301 columns, 152308 entries with magnitude in [3.486662e-06, 1.000000e+00]
                     'probing':   3136 rows, 2301 columns, 36116 entries with magnitude in [2.175686e-06, 1.000000e+00]
              'probing_max_lp':  4601 rows, 2301 columns, 122577 entries with magnitude in [3.405322e-06, 1.000000e+00]
                'pseudo_costs':  4039 rows, 2301 columns, 419949 entries with magnitude in [2.917638e-06, 1.000000e+00]
               'quick_restart':   2702 rows, 2301 columns, 50509 entries with magnitude in [1.818992e-05, 1.000000e+00]
               'reduced_costs':   1817 rows, 2301 columns, 82077 entries with magnitude in [3.236445e-05, 1.000000e+00]

Lp debug                         CutPropag  CutEqPropag  Adjust  Overflow          Bad  BadScaling
                  'default_lp':          7        4'251   6'997         0  320'860'501           0
                   'fs_random':          0            0       0         0            0           0
                   'fs_random':          0            0       0         0            0           0
     'fs_random_quick_restart':          0            0       0         0            0           0
     'fs_random_quick_restart':          0            0       0         0            0           0
              'lb_tree_search':          0          208  21'831         0   36'248'484           0
                      'max_lp':          0           85  44'318         0   61'477'728           0
         'objective_lb_search':          9        6'343   6'620         0  337'255'808           0
  'objective_lb_search_max_lp':          0          204  53'239         0   40'488'225           0
                     'probing':          0        6'146  28'725         0  337'856'003           0
              'probing_max_lp':          3          826  56'510         0   92'188'776           0
                'pseudo_costs':          0          386  51'283         0   84'639'923           0
               'quick_restart':          0        5'901   3'053         1  331'092'838           0
               'reduced_costs':          0           42  31'952         0   85'631'443           0

Lp pool                          Constraints  Updates  Simplif  Merged  Shortened   Split  Strenghtened             Cuts/Call
                  'default_lp':       12'870  128'286   28'993      97        318  19'930       348'577  9'174'978/16'169'121
                   'fs_random':        2'989        0        0       0          0       0             0                   0/0
                   'fs_random':        2'989        0        0       0          0       0             0                   0/0
     'fs_random_quick_restart':        2'989        0        0       0          0       0             0                   0/0
     'fs_random_quick_restart':        2'989        0        0       0          0       0             0                   0/0
              'lb_tree_search':       56'469   37'723   27'626     133      1'545  25'515       243'024   1'897'917/3'462'488
                      'max_lp':       12'792   73'123   33'190      65        589  39'586       102'771    425'172/10'991'918
         'objective_lb_search':       12'267  136'782   22'976      96        980  23'705       363'049  9'014'374/15'905'832
  'objective_lb_search_max_lp':       12'702   18'901   28'364      24        617  27'501        71'249       436'041/877'112
                     'probing':       12'153  126'399   23'615     122        771  22'369       367'407  8'617'286/14'967'889
              'probing_max_lp':       13'459   65'179   45'281      26        422  26'211       354'145   1'102'800/4'647'638
                'pseudo_costs':       13'205   87'100   19'342     131      1'418  18'801       369'167   1'494'651/5'477'408
               'quick_restart':       12'411  123'798   19'194     123        866  21'133       343'662  8'241'545/14'150'101
               'reduced_costs':       13'541   34'242   29'715      16        705  23'821       248'996       324'872/975'331

Lp Cut               defaul  max_lp     quick_  reduce   pseudo   lb_tre     probin     object   probin   object
          CG_FF:    395'514   7'768    362'446  11'106   35'982   14'177    376'012    384'068   21'466   10'533
           CG_K:     12'569   4'447     10'730   5'846    6'478   41'404     11'269     11'683    6'509    3'784
          CG_KL:          -       -          2       2        1        -          1          2        -        -
           CG_R:    224'646  16'683    270'869   6'189   53'324   79'096    246'393    258'361   58'729   10'736
          CG_RB:  2'074'769  98'887  1'974'736  64'116  268'605  519'877  2'036'557  2'107'192  202'880  111'713
         CG_RBP:     15'422  13'734      9'706  10'360   30'381  327'564     11'553     11'929   37'447    7'146
         Clique:          -   9'067          -   4'660   33'707   15'005          -          -   27'452    6'901
             IB:  1'957'425  40'950  1'850'787  25'153  108'039   35'109  1'958'611  2'009'697   98'024   36'985
       MIR_1_FF:  1'738'164  27'341  1'209'587  12'145   73'124   16'615  1'351'236  1'477'278  135'739   32'383
        MIR_1_K:     24'955   1'681     13'789   1'542    3'771    4'299     16'627     17'271    3'183    1'020
       MIR_1_KL:          6       -          2       -        -        -          5          1        3        -
        MIR_1_R:     32'591  12'030     30'578   3'575   29'674   28'622     29'762     34'811   12'259    5'558
       MIR_1_RB:  1'162'214  54'039  1'052'355  27'448  120'865  106'985  1'089'980  1'131'620  130'244   52'522
      MIR_1_RBP:      9'344   1'585      6'038   1'341    6'333   35'789      6'376      7'643    1'872      585
      MIR_1_RLT:          -      61          -      39      156       47          -          -      159       45
       MIR_2_FF:     90'758   5'294     68'769   5'569   12'546   10'530     74'775     99'218   20'566    5'369
        MIR_2_K:      5'071     784      3'479   2'362    2'958   12'420      3'690      4'261    2'054      448
       MIR_2_KL:          2       -          -       -        -        -          2          -        -        -
        MIR_2_R:     13'821  18'136     12'611   9'400  111'325   91'146     12'787     13'832   41'580    2'380
       MIR_2_RB:    214'047  45'524    192'460  56'172  264'934  239'880    194'060    213'924   97'063   84'553
      MIR_2_RBP:      2'483   1'103      2'124   5'148   58'333  134'954      2'281      2'410    5'688    1'149
       MIR_3_FF:     22'892   2'500     23'476   3'375    6'332    2'867     23'668     26'645    6'668    2'503
        MIR_3_K:      6'179     724      4'377   1'190    2'662    1'977      4'356      5'623    1'855      491
       MIR_3_KL:          -       -          2       -        -        -          -          -        -        -
        MIR_3_R:     46'073   2'342     49'061   2'058   22'276   18'073     51'515     51'741    8'722    1'027
       MIR_3_RB:    201'976  10'980    199'171  17'811   51'529   40'049    204'498    205'510   31'513   16'405
      MIR_3_RBP:      2'776     287      2'656   1'056    8'816   15'106      2'601      3'005    1'656      249
       MIR_4_FF:      9'316   1'836      9'146   2'206    4'638    1'942      9'257      9'551    5'019    1'699
        MIR_4_K:      2'883     553      2'564     823    1'733    1'057      2'572      2'823    1'362      329
       MIR_4_KL:          1       -          1       -        -        -          -          -        1        -
        MIR_4_R:      9'431   1'095      9'849     901   10'413    8'391     10'278     10'179    3'745      511
       MIR_4_RB:    120'254   8'961    114'073  14'033   32'379   20'941    114'434    119'642   23'216    8'707
      MIR_4_RBP:      1'599     265      1'665     333    8'675    9'132      1'696      1'837    1'491      184
       MIR_5_FF:      6'868   1'601      6'722   1'514    4'525    1'508      6'893      7'090    4'726    1'235
        MIR_5_K:      2'064     604      1'954     626    2'063      842      2'110      2'160    1'549      388
        MIR_5_R:      6'251     829      6'954     653    6'110    5'256      6'721      6'808    2'707      378
       MIR_5_RB:     91'099   7'492     86'885   9'796   24'147   14'450     88'169     90'802   20'343    6'525
      MIR_5_RBP:      1'195     268      1'239     337    5'988    6'134      1'236      1'280    1'179      161
       MIR_6_FF:      4'862   1'158      4'690   1'104    3'254    1'232      4'604      4'614    3'434      968
        MIR_6_K:      1'862     503      1'569     492    1'648      710      1'748      2'023    1'351      323
        MIR_6_R:      3'341     717      3'564     542    4'431    4'431      3'374      3'334    2'233      327
       MIR_6_RB:     67'420   5'872     59'527   7'243   18'165   10'348     62'034     62'670   15'130    4'890
      MIR_6_RBP:      1'051     185      1'019     350    4'890    3'719      1'053        988      863      148
   ZERO_HALF_FF:     85'157   2'314     73'623   1'504    8'780    4'115     80'555     81'318    6'490    2'075
    ZERO_HALF_K:      5'515     384      2'335     182      854      287      3'839      3'412      683      243
    ZERO_HALF_R:    288'279  10'068    315'693   1'957   26'249    7'833    304'351    316'029   36'553    8'111
   ZERO_HALF_RB:    211'280   4'365    187'572   2'536   13'103    3'821    202'616    208'652   16'858    4'209
  ZERO_HALF_RBP:      1'553     155      1'090      77      455      177      1'131      1'437      536      145

LNS stats           Improv/Calls  Closed  Difficulty  TimeLimit
  'graph_arc_lns':           3/5     20%        0.14       0.10
  'graph_cst_lns':           3/5      0%        0.06       0.10
  'graph_dec_lns':           4/5     40%        0.34       0.10
  'graph_var_lns':           5/5      0%        0.06       0.10
      'rins/rens':           6/6     17%        0.10       0.10
    'rnd_cst_lns':           3/6      0%        0.04       0.10
    'rnd_var_lns':           3/6     33%        0.31       0.10

LS stats                   Batches  Restarts  LinMoves  GenMoves  CompoundMoves  WeightUpdates
       'fj_long_default':        2         1    18'485         0              0          1'515
   'fj_long_lin_default':        2         1         0     6'325            751             12
        'fj_long_random':        2         1    11'817         0              0          1'059
      'fj_short_default':        2         1         0     6'962            970             14
  'fj_short_lin_default':        2         1         0     8'382            899             33
   'fj_short_lin_random':        2         1         0     6'713            848             10
       'fj_short_random':        1         1         0     2'928            616              2
          'violation_ls':        6         0        17     4'845            329             99
          'violation_ls':        6         0        29       262             28             18
          'violation_ls':        6         0       676        68             18            251

Solutions (33)            Num     Rank
       'fj_long_random':    1    [1,1]
        'graph_dec_lns':    1    [9,9]
                'no_lp':    1  [30,30]
  'quick_restart_no_lp':   13  [16,33]
        'rins_pump_lns':    1  [20,20]
         'violation_ls':   16   [2,23]

Objective bounds                      Num
                   'initial_domain':    1
                   'lb_tree_search':   13
                           'max_lp':   28
              'objective_lb_search':    1
       'objective_lb_search_max_lp':  119
  'objective_shaving_search_max_lp':    5
   'objective_shaving_search_no_lp':    5
                   'probing_max_lp':    1
                     'pseudo_costs':   34
                    'reduced_costs':    5

Solution repositories    Added  Queried  Ignored  Synchro
  'feasible solutions':     84       98        0       83
        'lp solutions':      0        0        0        0
                'pump':     57        6

Improving bounds shared            Num
                        'core':  2'606
                  'default_lp':     23
              'lb_tree_search':      1
                      'max_lp':     22
                       'no_lp':  2'177
         'objective_lb_search':     82
  'objective_lb_search_max_lp':     49
   'objective_lb_search_no_lp':  2'699
                     'probing':    127
              'probing_max_lp':     18
                'pseudo_costs':     43
               'quick_restart':    141
         'quick_restart_no_lp':  1'814
               'reduced_costs':      2

Clauses shared                    Num
                       'core':  1'810
                      'no_lp':  1'755
        'objective_lb_search':      3
  'objective_lb_search_no_lp':  1'740
                    'probing':      5
             'probing_max_lp':      4
              'quick_restart':      2
        'quick_restart_no_lp':  1'824
              'reduced_costs':      2

CpSolverResponse summary:
status: FEASIBLE
objective: 703010
best_bound: 353685
integers: 2302
booleans: 1927
conflicts: 0
branches: 802
propagations: 18718
integer_propagations: 72770
restarts: 802
lp_iterations: 0
walltime: 28800.6
usertime: 28800.6
deterministic_time: 213971
gap_integral: 2.73109e+06
solution_fingerprint: 0xb61cf8ef0e0e3f59

CPU USED: 32
Loading /home/aneumann/projects/def-adhaj/aneumann/gns/data/instances/test/xl/instance_155.pkl...
===* START SOLVING *===
   index   value       gap    status  computing_time  max_time  cpu  max_memory
0    155  7030.1  0.496899  feasible    28801.784849         8   32         118
===* END OF FILE *===
