created virtual environment CPython3.12.4.final.0-64 in 814ms
  creator CPython3Posix(dest=/localscratch/aneumann.37168040.0/env, clear=False, no_vcs_ignore=False, global=False)
  seeder FromAppData(download=False, pip=bundle, via=copy, app_data_dir=/home/aneumann/.local/share/virtualenv)
    added seed packages: pip==24.2+computecanada
  activators BashActivator,CShellActivator,FishActivator,NushellActivator,PowerShellActivator,PythonActivator
Looking in links: /cvmfs/soft.computecanada.ca/custom/python/wheelhouse/gentoo2023/x86-64-v3, /cvmfs/soft.computecanada.ca/custom/python/wheelhouse/gentoo2023/generic, /cvmfs/soft.computecanada.ca/custom/python/wheelhouse/generic
Requirement already satisfied: pip in /localscratch/aneumann.37168040.0/env/lib/python3.12/site-packages (24.2+computecanada)
Looking in links: /cvmfs/soft.computecanada.ca/custom/python/wheelhouse/gentoo2023/x86-64-v3, /cvmfs/soft.computecanada.ca/custom/python/wheelhouse/gentoo2023/generic, /cvmfs/soft.computecanada.ca/custom/python/wheelhouse/generic
ERROR: protobuf-5.28.3-cp38-abi3-manylinux2014_x86_64.whl is not a supported wheel on this platform.
Looking in links: /cvmfs/soft.computecanada.ca/custom/python/wheelhouse/gentoo2023/x86-64-v3, /cvmfs/soft.computecanada.ca/custom/python/wheelhouse/gentoo2023/generic, /cvmfs/soft.computecanada.ca/custom/python/wheelhouse/generic
Processing /home/aneumann/projects/def-adhaj/aneumann/gns/wheels/immutabledict-4.2.0-py3-none-any.whl
Installing collected packages: immutabledict
Successfully installed immutabledict-4.2.0
Looking in links: /cvmfs/soft.computecanada.ca/custom/python/wheelhouse/gentoo2023/x86-64-v3, /cvmfs/soft.computecanada.ca/custom/python/wheelhouse/gentoo2023/generic, /cvmfs/soft.computecanada.ca/custom/python/wheelhouse/generic
Processing /cvmfs/soft.computecanada.ca/custom/python/wheelhouse/generic/ortools-9.10.4067+computecanada-cp312-cp312-linux_x86_64.whl (from -r /home/aneumann/projects/def-adhaj/aneumann/gns/requirements_or.txt (line 1))
Processing /cvmfs/soft.computecanada.ca/custom/python/wheelhouse/gentoo2023/x86-64-v3/pandas-2.2.2+computecanada-cp312-cp312-linux_x86_64.whl (from -r /home/aneumann/projects/def-adhaj/aneumann/gns/requirements_or.txt (line 2))
Processing /cvmfs/soft.computecanada.ca/custom/python/wheelhouse/generic/absl_py-2.1.0+computecanada-py3-none-any.whl (from ortools->-r /home/aneumann/projects/def-adhaj/aneumann/gns/requirements_or.txt (line 1))
Processing /cvmfs/soft.computecanada.ca/custom/python/wheelhouse/gentoo2023/generic/numpy-2.1.1+computecanada-cp312-cp312-linux_x86_64.whl (from ortools->-r /home/aneumann/projects/def-adhaj/aneumann/gns/requirements_or.txt (line 1))
Processing /cvmfs/soft.computecanada.ca/custom/python/wheelhouse/gentoo2023/x86-64-v3/protobuf-5.28.0+computecanada-cp312-cp312-linux_x86_64.whl (from ortools->-r /home/aneumann/projects/def-adhaj/aneumann/gns/requirements_or.txt (line 1))
Requirement already satisfied: immutabledict>=3.0.0 in /localscratch/aneumann.37168040.0/env/lib/python3.12/site-packages (from ortools->-r /home/aneumann/projects/def-adhaj/aneumann/gns/requirements_or.txt (line 1)) (4.2.0)
Processing /cvmfs/soft.computecanada.ca/custom/python/wheelhouse/generic/python_dateutil-2.9.0.post0+computecanada-py2.py3-none-any.whl (from pandas->-r /home/aneumann/projects/def-adhaj/aneumann/gns/requirements_or.txt (line 2))
Processing /cvmfs/soft.computecanada.ca/custom/python/wheelhouse/generic/pytz-2024.2+computecanada-py2.py3-none-any.whl (from pandas->-r /home/aneumann/projects/def-adhaj/aneumann/gns/requirements_or.txt (line 2))
Processing /cvmfs/soft.computecanada.ca/custom/python/wheelhouse/generic/tzdata-2024.2+computecanada-py2.py3-none-any.whl (from pandas->-r /home/aneumann/projects/def-adhaj/aneumann/gns/requirements_or.txt (line 2))
Processing /cvmfs/soft.computecanada.ca/custom/python/wheelhouse/generic/six-1.16.0+computecanada-py2.py3-none-any.whl (from python-dateutil>=2.8.2->pandas->-r /home/aneumann/projects/def-adhaj/aneumann/gns/requirements_or.txt (line 2))
Installing collected packages: pytz, tzdata, six, protobuf, numpy, absl-py, python-dateutil, pandas, ortools
Successfully installed absl-py-2.1.0+computecanada numpy-2.1.1+computecanada ortools-9.10.4067+computecanada pandas-2.2.2+computecanada protobuf-5.28.0+computecanada python-dateutil-2.9.0.post0+computecanada pytz-2024.2+computecanada six-1.16.0+computecanada tzdata-2024.2+computecanada

Starting CP-SAT solver v9.10.4067
Parameters: max_time_in_seconds: 28800 max_memory_in_mb: 118 log_search_progress: true optimize_with_core: true cp_model_presolve: true enumerate_all_solutions: false num_search_workers: 32 use_implied_bounds: true absolute_gap_limit: 5 relative_gap_limit: 0.01 use_probing_search: true

Initial optimization model '': (model_fingerprint: 0x23a7f85787c1e71d)
#Variables: 3'660 (#bools: 35 #ints: 1 in objective)
  - 3'206 Booleans in [0,1]
  - 453 in [0,300000]
  - 1 constants in {1} 
#kBoolOr: 2'192 (#literals: 2'192)
#kLinear1: 654
#kLinear2: 11'192
#kLinear3: 2'178
#kLinearN: 747 (#terms: 8'490)

Starting presolve at 0.00s
  3.20e-03s  0.00e+00d  [DetectDominanceRelations] 
  8.59e-02s  0.00e+00d  [PresolveToFixPoint] #num_loops=15 #num_dual_strengthening=3 
  8.59e-05s  0.00e+00d  [ExtractEncodingFromLinear] #potential_supersets=276 
[Symmetry] Graph for symmetry has 13'216 nodes and 28'612 arcs.
[Symmetry] Symmetry computation done. time: 0.00274799 dtime: 0.00383146
[Symmetry] #generators: 5, average support size: 2
[Symmetry] 5 orbits with sizes: 2,2,2,2,2
[Symmetry] Found orbitope of size 1 x 2
[SAT presolve] num removable Booleans: 0 / 2047
[SAT presolve] num trivial clauses: 0
[SAT presolve] [0s] clauses:3943 literals:7886 vars:2023 one_side_vars:1972 simple_definition:49 singleton_clauses:0
[SAT presolve] [0.000282823s] clauses:3943 literals:7886 vars:2023 one_side_vars:1972 simple_definition:49 singleton_clauses:0
[SAT presolve] [0.000434139s] clauses:3943 literals:7886 vars:2023 one_side_vars:1972 simple_definition:49 singleton_clauses:0
  5.03e-01s  1.24e-01d  [Probe] #probed=4'736 #fixed_bools=76 #new_bounds=193 
  6.90e-03s  0.00e+00d  [MaxClique] Merged 4205(11626 literals) into 1256(8611 literals) at_most_ones. 
  2.71e-03s  0.00e+00d  [DetectDominanceRelations] 
  1.94e-02s  0.00e+00d  [PresolveToFixPoint] #num_loops=4 #num_dual_strengthening=3 
  3.95e-03s  0.00e+00d  [ProcessAtMostOneAndLinear] #num_changes=12 
  2.60e-03s  0.00e+00d  [DetectDuplicateConstraints] #duplicates=6 #without_enforcements=2 
  5.60e-04s  2.97e-05d  [DetectDominatedLinearConstraints] #relevant_constraints=2'036 
  7.42e-04s  0.00e+00d  [DetectDifferentVariables] #different=14 
  1.05e-03s  4.36e-04d  [ProcessSetPPC] #relevant_constraints=1'394 #num_inclusions=931 
  6.17e-05s  0.00e+00d  [FindAlmostIdenticalLinearConstraints] 
  4.94e-03s  8.45e-03d  [FindBigAtMostOneAndLinearOverlap] 
  1.10e-03s  4.06e-03d  [FindBigVerticalLinearOverlap] 
  6.25e-04s  1.97e-03d  [FindBigHorizontalLinearOverlap] #linears=254 
  7.43e-05s  0.00e+00d  [MergeClauses] 
  2.74e-03s  0.00e+00d  [DetectDominanceRelations] 
  1.03e-02s  0.00e+00d  [PresolveToFixPoint] #num_loops=2 #num_dual_strengthening=1 
  2.67e-03s  0.00e+00d  [DetectDominanceRelations] 
  1.01e-02s  0.00e+00d  [PresolveToFixPoint] #num_loops=1 #num_dual_strengthening=1 
[Symmetry] Graph for symmetry has 10'236 nodes and 20'390 arcs.
[Symmetry] Symmetry computation done. time: 0.00159094 dtime: 0.00247979
[Symmetry] #generators: 3, average support size: 2
[Symmetry] The model contains 2 duplicate constraints !
[Symmetry] 3 orbits with sizes: 2,2,2
[Symmetry] Found orbitope of size 1 x 2
[SAT presolve] num removable Booleans: 0 / 1968
[SAT presolve] num trivial clauses: 0
[SAT presolve] [0s] clauses:25 literals:50 vars:37 one_side_vars:30 simple_definition:7 singleton_clauses:0
[SAT presolve] [3.2471e-05s] clauses:25 literals:50 vars:37 one_side_vars:30 simple_definition:7 singleton_clauses:0
[SAT presolve] [7.5973e-05s] clauses:25 literals:50 vars:37 one_side_vars:30 simple_definition:7 singleton_clauses:0
  1.77e-01s  4.35e-02d  [Probe] #probed=4'654 #new_bounds=86 
  3.20e-03s  0.00e+00d  [MaxClique] Merged 1067(7371 literals) into 1067(7383 literals) at_most_ones. 
  2.69e-03s  0.00e+00d  [DetectDominanceRelations] 
  1.60e-02s  0.00e+00d  [PresolveToFixPoint] #num_loops=4 #num_dual_strengthening=3 
  3.71e-03s  0.00e+00d  [ProcessAtMostOneAndLinear] 
  2.51e-03s  0.00e+00d  [DetectDuplicateConstraints] #duplicates=6 
  5.08e-04s  2.97e-05d  [DetectDominatedLinearConstraints] #relevant_constraints=2'032 
  5.41e-04s  0.00e+00d  [DetectDifferentVariables] #different=14 
  9.77e-04s  4.30e-04d  [ProcessSetPPC] #relevant_constraints=1'335 #num_inclusions=867 
  6.37e-05s  0.00e+00d  [FindAlmostIdenticalLinearConstraints] 
  4.78e-03s  8.46e-03d  [FindBigAtMostOneAndLinearOverlap] 
  1.14e-03s  4.06e-03d  [FindBigVerticalLinearOverlap] 
  5.69e-04s  1.97e-03d  [FindBigHorizontalLinearOverlap] #linears=254 
  7.21e-05s  0.00e+00d  [MergeClauses] 
  2.68e-03s  0.00e+00d  [DetectDominanceRelations] 
  1.02e-02s  0.00e+00d  [PresolveToFixPoint] #num_loops=1 #num_dual_strengthening=1 
  2.72e-03s  0.00e+00d  [DetectDominanceRelations] 
  1.01e-02s  0.00e+00d  [PresolveToFixPoint] #num_loops=1 #num_dual_strengthening=1 
[Symmetry] Graph for symmetry has 10'236 nodes and 20'399 arcs.
[Symmetry] Symmetry computation done. time: 0.00161116 dtime: 0.00247476
[Symmetry] #generators: 2, average support size: 2
[Symmetry] 2 orbits with sizes: 2,2
[Symmetry] Found orbitope of size 1 x 2
[SAT presolve] num removable Booleans: 0 / 1968
[SAT presolve] num trivial clauses: 0
[SAT presolve] [0s] clauses:26 literals:52 vars:39 one_side_vars:32 simple_definition:7 singleton_clauses:0
[SAT presolve] [3.2712e-05s] clauses:26 literals:52 vars:39 one_side_vars:32 simple_definition:7 singleton_clauses:0
[SAT presolve] [7.6254e-05s] clauses:26 literals:52 vars:39 one_side_vars:32 simple_definition:7 singleton_clauses:0
  1.75e-01s  4.29e-02d  [Probe] #probed=4'654 #new_bounds=10 
  3.18e-03s  0.00e+00d  [MaxClique] Merged 1068(7382 literals) into 1068(7385 literals) at_most_ones. 
  2.69e-03s  0.00e+00d  [DetectDominanceRelations] 
  1.30e-02s  0.00e+00d  [PresolveToFixPoint] #num_loops=4 #num_dual_strengthening=3 
  3.76e-03s  0.00e+00d  [ProcessAtMostOneAndLinear] 
  2.52e-03s  0.00e+00d  [DetectDuplicateConstraints] #duplicates=4 
  5.24e-04s  2.97e-05d  [DetectDominatedLinearConstraints] #relevant_constraints=2'032 
  5.36e-04s  0.00e+00d  [DetectDifferentVariables] #different=14 
  9.35e-04s  4.30e-04d  [ProcessSetPPC] #relevant_constraints=1'336 #num_inclusions=867 
  6.61e-05s  0.00e+00d  [FindAlmostIdenticalLinearConstraints] 
  4.78e-03s  8.47e-03d  [FindBigAtMostOneAndLinearOverlap] 
  1.10e-03s  4.06e-03d  [FindBigVerticalLinearOverlap] 
  6.22e-04s  1.97e-03d  [FindBigHorizontalLinearOverlap] #linears=254 
  7.49e-05s  0.00e+00d  [MergeClauses] 
  2.68e-03s  0.00e+00d  [DetectDominanceRelations] 
  9.95e-03s  0.00e+00d  [PresolveToFixPoint] #num_loops=1 #num_dual_strengthening=1 
  1.64e-04s  0.00e+00d  [ExpandObjective] #entries=84 #tight_variables=42 #tight_constraints=14 

Presolve summary:
  - 98 affine relations were detected.
  - rule 'TODO dual: only one blocking constraint?' was applied 36'603 times.
  - rule 'TODO dual: only one unspecified blocking constraint?' was applied 17 times.
  - rule 'TODO dual: tighten at most one' was applied 1'502 times.
  - rule 'TODO linear2: contains a Boolean.' was applied 20'269 times.
  - rule 'TODO symmetry: add symmetry breaking inequalities?' was applied 3 times.
  - rule 'affine: new relation' was applied 98 times.
  - rule 'at_most_one: removed literals' was applied 354 times.
  - rule 'at_most_one: singleton' was applied 3 times.
  - rule 'at_most_one: size one' was applied 130 times.
  - rule 'at_most_one: transformed into max clique.' was applied 1 time.
  - rule 'bool_and: x => x' was applied 4 times.
  - rule 'bool_or: always true' was applied 2'192 times.
  - rule 'bool_or: implications' was applied 10'127 times.
  - rule 'bool_or: singleton' was applied 3 times.
  - rule 'deductions: 439 stored' was applied 1 time.
  - rule 'dual: add implication' was applied 22 times.
  - rule 'dual: fix variable' was applied 559 times.
  - rule 'dual: fix variable with multiple choices' was applied 4 times.
  - rule 'dual: reduced domain' was applied 245 times.
  - rule 'duplicate: merged rhs of linear constraint' was applied 6 times.
  - rule 'duplicate: removed constraint' was applied 16 times.
  - rule 'duplicate: removed enforced constraint' was applied 2 times.
  - rule 'enforcement: false literal' was applied 6'118 times.
  - rule 'enforcement: literal not used' was applied 12 times.
  - rule 'linear + amo: fixed literal implied by enforcement' was applied 12 times.
  - rule 'linear1: always true' was applied 2 times.
  - rule 'linear2: contains a Boolean.' was applied 11 times.
  - rule 'linear: always true' was applied 1'533 times.
  - rule 'linear: divide by GCD' was applied 7'095 times.
  - rule 'linear: empty' was applied 129 times.
  - rule 'linear: extracted enforcement literal' was applied 609 times.
  - rule 'linear: fixed or dup variables' was applied 1'521 times.
  - rule 'linear: negative clause' was applied 3'096 times.
  - rule 'linear: positive at most one' was applied 262 times.
  - rule 'linear: positive clause' was applied 7'034 times.
  - rule 'linear: positive equal one' was applied 14 times.
  - rule 'linear: reduced variable domains' was applied 1'027 times.
  - rule 'linear: remapped using affine relations' was applied 3'423 times.
  - rule 'linear: simplified rhs' was applied 23'685 times.
  - rule 'linear: singleton column' was applied 10 times.
  - rule 'objective: variable not used elsewhere' was applied 1 time.
  - rule 'presolve: 1200 unused variables removed.' was applied 1 time.
  - rule 'presolve: iteration' was applied 3 times.
  - rule 'setppc: bool_or in at_most_one.' was applied 6 times.
  - rule 'setppc: removed dominated constraints' was applied 56 times.
  - rule 'symmetry: added symmetry breaking implication' was applied 3 times.

Presolved optimization model '': (model_fingerprint: 0xe5fb616902529159)
#Variables: 2'352 (#bools: 34 #ints: 1 in objective)
  - 1'968 Booleans in [0,1]
  - 100 different domains in [0,300000] with a largest complexity of 1.
#kAtMostOne: 1'042 (#literals: 7'330)
#kBoolAnd: 30 (#enforced: 30) (#literals: 60)
#kExactlyOne: 14 (#literals: 42)
#kLinear1: 7 (#enforced: 7)
#kLinear2: 736 (#enforced: 523 #multi: 17)
#kLinear3: 1'483 (#enforced: 3)
#kLinearN: 336 (#terms: 3'541)

Preloading model.
#Bound   1.14s best:inf   next:[94355,4909955] initial_domain
[Symmetry] Graph for symmetry has 8'930 nodes and 20'403 arcs.
[Symmetry] Symmetry computation done. time: 0.00154241 dtime: 0.00239375
[Symmetry] #generators: 1, average support size: 2
#Model   1.15s var:2352/2352 constraints:3648/3648

Starting search at 1.15s with 32 workers.
16 full problem subsolvers: [core, default_lp, lb_tree_search, max_lp, no_lp, objective_lb_search, objective_lb_search_max_lp, objective_lb_search_no_lp, objective_shaving_search_max_lp, objective_shaving_search_no_lp, probing, probing_max_lp, pseudo_costs, quick_restart, quick_restart_no_lp, reduced_costs]
14 first solution subsolvers: [fj_long_default, fj_long_lin_default, fj_long_random, fj_short_default, fj_short_lin_default, fj_short_lin_random, fj_short_random, fs_random(2), fs_random_no_lp(2), fs_random_quick_restart(2), fs_random_quick_restart_no_lp]
11 incomplete subsolvers: [feasibility_pump, graph_arc_lns, graph_cst_lns, graph_dec_lns, graph_var_lns, rins/rens, rnd_cst_lns, rnd_var_lns, violation_ls(3)]
3 helper subsolvers: [neighborhood_helper, synchronization_agent, update_gap_integral]
#1       1.70s best:4909955 next:[94355,4909950] fj_long_default(batch:2 #lin_moves:12'995 #lin_evals:23'751 #weight_updates:719)
#2       1.76s best:4903920 next:[94355,4903915] violation_ls(batch:1 #solutions_imported:1 #lin_moves:0 #lin_evals:8'710 #gen_moves:150 #gen_evals:0 #comp_moves:10 #backtracks:70 #weight_updates:1)
#3       1.83s best:4903905 next:[94355,4903900] violation_ls(batch:1 #solutions_imported:1 #lin_moves:0 #lin_evals:7'542 #gen_moves:87 #gen_evals:0 #comp_moves:7 #backtracks:40 #weight_updates:1)
#Bound   1.83s best:4903905 next:[94360,4903900] objective_shaving_search_no_lp (vars=2015 csts=2410)
#Bound   1.84s best:4903905 next:[94365,4903900] objective_shaving_search_no_lp (vars=2352 csts=3649)
#4       1.84s best:4903890 next:[94365,4903885] violation_ls(batch:2 #solutions_imported:2 #lin_moves:0 #lin_evals:9'321 #gen_moves:160 #gen_evals:0 #comp_moves:14 #backtracks:73 #weight_updates:1)
#5       1.85s best:4903875 next:[94365,4903870] violation_ls(batch:2 #solutions_imported:2 #lin_moves:0 #lin_evals:13'390 #gen_moves:154 #gen_evals:0 #comp_moves:14 #backtracks:70 #weight_updates:2)
#6       2.10s best:4903860 next:[94365,4903855] violation_ls(batch:1 #solutions_imported:1 #lin_moves:15 #lin_evals:976 #weight_updates:9)
#7       2.14s best:4903845 next:[94365,4903840] violation_ls(batch:2 #solutions_imported:2 #lin_moves:15 #lin_evals:13'734 #gen_moves:183 #gen_evals:0 #comp_moves:9 #backtracks:87 #weight_updates:11)
#8       2.26s best:4903830 next:[94365,4903825] violation_ls(batch:3 #solutions_imported:3 #lin_moves:15 #lin_evals:10'280 #gen_moves:160 #gen_evals:0 #comp_moves:14 #backtracks:73 #weight_updates:10)
#9       2.27s best:4903815 next:[94365,4903810] violation_ls(batch:3 #solutions_imported:3 #lin_moves:15 #lin_evals:25'849 #gen_moves:362 #gen_evals:0 #comp_moves:18 #backtracks:172 #weight_updates:13)
#Bound   2.28s best:4903815 next:[94370,4903810] objective_shaving_search_no_lp (vars=2352 csts=3649)
#10      2.28s best:4893020 next:[94370,4893015] violation_ls(batch:3 #solutions_imported:3 #lin_moves:0 #lin_evals:14'059 #gen_moves:162 #gen_evals:0 #comp_moves:20 #backtracks:71 #weight_updates:2)
#11      2.53s best:4893005 next:[94370,4893000] violation_ls(batch:4 #solutions_imported:4 #lin_moves:15 #lin_evals:16'559 #gen_moves:209 #gen_evals:0 #comp_moves:21 #backtracks:94 #weight_updates:11)
#12      2.54s best:4892990 next:[94370,4892985] violation_ls(batch:4 #solutions_imported:4 #lin_moves:0 #lin_evals:24'542 #gen_moves:263 #gen_evals:0 #comp_moves:29 #backtracks:117 #weight_updates:4)
#Bound   2.76s best:4892990 next:[94375,4892985] objective_shaving_search_no_lp (vars=2024 csts=2427)
#Bound   2.77s best:4892990 next:[94380,4892985] objective_shaving_search_no_lp (vars=2352 csts=3649)
#13      2.79s best:4885255 next:[94380,4885250] rnd_cst_lns (d=0.50 s=79 t=0.10 p=0.00 stall=0 h=auto_l0)
#14      2.79s best:4885240 next:[94380,4885235] violation_ls(batch:5 #solutions_imported:5 #lin_moves:23 #lin_evals:16'619 #gen_moves:209 #gen_evals:0 #comp_moves:21 #backtracks:94 #weight_updates:16)
#15      2.79s best:4885225 next:[94380,4885220] violation_ls(batch:5 #solutions_imported:5 #lin_moves:0 #lin_evals:24'621 #gen_moves:295 #gen_evals:0 #comp_moves:37 #backtracks:129 #weight_updates:6)
#Bound   2.84s best:4885225 next:[94385,4885220] objective_shaving_search_max_lp (vars=2352 csts=3649)
#Bound   3.48s best:4885225 next:[94390,4885220] objective_shaving_search_no_lp (vars=2352 csts=3649)
#Bound   3.49s best:4885225 next:[94395,4885220] objective_shaving_search_max_lp (vars=2352 csts=3649)
#16      3.49s best:4885210 next:[94395,4885205] violation_ls(batch:6 #solutions_imported:6 #lin_moves:33 #lin_evals:16'682 #gen_moves:209 #gen_evals:0 #comp_moves:21 #backtracks:94 #weight_updates:21)
#17      3.49s best:4885195 next:[94395,4885190] violation_ls(batch:6 #solutions_imported:6 #lin_moves:15 #lin_evals:37'795 #gen_moves:557 #gen_evals:0 #comp_moves:43 #backtracks:257 #weight_updates:19)
#18      3.49s best:4885180 next:[94395,4885175] violation_ls(batch:6 #solutions_imported:6 #lin_moves:0 #lin_evals:24'723 #gen_moves:321 #gen_evals:0 #comp_moves:45 #backtracks:138 #weight_updates:7)
#Bound   3.94s best:4885180 next:[99755,4885175] reduced_costs
#Bound   4.33s best:4885180 next:[100655,4885175] objective_lb_search
#Model   5.64s var:2351/2352 constraints:3648/3648
#Model   5.74s var:2350/2352 constraints:3648/3648
#Model   5.95s var:2349/2352 constraints:3647/3648
#Model   6.66s var:2348/2352 constraints:3647/3648
#Model   6.79s var:2347/2352 constraints:3645/3648
#Model   7.09s var:2346/2352 constraints:3645/3648
#Model   7.40s var:2345/2352 constraints:3644/3648
#Model   8.01s var:2344/2352 constraints:3643/3648
#Model   8.42s var:2343/2352 constraints:3643/3648
#Model   8.52s var:2342/2352 constraints:3642/3648
#Model   9.14s var:2341/2352 constraints:3641/3648
#Model   9.50s var:2340/2352 constraints:3639/3648
#Model  11.28s var:2339/2352 constraints:3637/3648
#Model  12.39s var:2338/2352 constraints:3636/3648
#Bound  12.47s best:4885180 next:[100660,4885175] pseudo_costs
#Bound  12.71s best:4885180 next:[102455,4885175] pseudo_costs
#Model  12.90s var:2337/2352 constraints:3635/3648
#Model  13.01s var:2336/2352 constraints:3635/3648
#Model  14.63s var:2335/2352 constraints:3634/3648
#Model  17.86s var:2334/2352 constraints:3633/3648
#19     21.44s best:4878975 next:[102455,4878970] quick_restart_no_lp (fixed_bools=175/3394)
#Model  50.60s var:2333/2352 constraints:3632/3648
#Model  51.82s var:2332/2352 constraints:3631/3648
#Model  73.65s var:2331/2352 constraints:3631/3648
#Bound  81.72s best:4878975 next:[103745,4878970] pseudo_costs
#Bound 100.92s best:4878975 next:[103750,4878970] pseudo_costs
#Bound 101.34s best:4878975 next:[103760,4878970] pseudo_costs
#Bound 119.72s best:4878975 next:[103765,4878970] pseudo_costs
#Bound 120.49s best:4878975 next:[103775,4878970] pseudo_costs
#Model 142.74s var:2330/2352 constraints:3631/3648
#Bound 159.38s best:4878975 next:[103780,4878970] pseudo_costs
#Bound 160.55s best:4878975 next:[103795,4878970] pseudo_costs
#Bound 161.53s best:4878975 next:[103805,4878970] pseudo_costs
#Bound 187.62s best:4878975 next:[104255,4878970] max_lp
#Model 478.73s var:2329/2352 constraints:3629/3648
#20    537.75s best:4863420 next:[104255,4863415] quick_restart_no_lp (fixed_bools=332/4106)
#21    542.43s best:4856960 next:[104255,4856955] quick_restart_no_lp (fixed_bools=336/4159)
#22    542.46s best:4838005 next:[104255,4838000] quick_restart_no_lp (fixed_bools=336/4162)
#23    946.02s best:4813355 next:[104255,4813350] quick_restart_no_lp (fixed_bools=381/4984)
#24    1056.93s best:4806045 next:[104255,4806040] quick_restart_no_lp (fixed_bools=389/5172)
#25    1064.74s best:4798395 next:[104255,4798390] quick_restart_no_lp (fixed_bools=393/5242)
#26    1098.54s best:4783605 next:[104255,4783600] quick_restart_no_lp (fixed_bools=393/5347)
#27    1197.87s best:4774765 next:[104255,4774760] quick_restart_no_lp (fixed_bools=405/5750)
#28    1268.11s best:4768135 next:[104255,4768130] quick_restart_no_lp (fixed_bools=413/5909)
#29    1287.23s best:4759635 next:[104255,4759630] quick_restart_no_lp (fixed_bools=413/5999)
#30    1320.26s best:4744165 next:[104255,4744160] quick_restart_no_lp (fixed_bools=413/6151)
#31    1563.63s best:4729205 next:[104255,4729200] quick_restart_no_lp (fixed_bools=429/6770)
#32    1853.19s best:4722915 next:[104255,4722910] quick_restart_no_lp (fixed_bools=447/7785)
#33    2170.28s best:555495 next:[104255,555490] core (fixed_bools=470/3858)
#34    2171.51s best:533735 next:[104255,533730] core (fixed_bools=470/3867)
#35    2280.05s best:518945 next:[104255,518940] quick_restart_no_lp (fixed_bools=893/9518)
#36    2300.90s best:508150 next:[104255,508145] quick_restart_no_lp (fixed_bools=898/9588)
#37    2311.63s best:501010 next:[104255,501005] quick_restart_no_lp (fixed_bools=898/9670)
#38    2312.25s best:492510 next:[104255,492505] quick_restart_no_lp (fixed_bools=898/9682)
#39    2464.21s best:490720 next:[104255,490715] quick_restart_no_lp (fixed_bools=1193/10499)
#40    4919.29s best:476810 next:[104255,476805] quick_restart_no_lp (fixed_bools=1536/11645)
#41    6055.56s best:476070 next:[104255,476065] quick_restart_no_lp (fixed_bools=1858/12196)
#42    7723.77s best:468420 next:[104255,468415] quick_restart_no_lp (fixed_bools=2069/13724)
#Bound 10046.34s best:468420 next:[104260,468415] max_lp
#Bound 10047.20s best:468420 next:[104270,468415] max_lp
#Bound 15949.40s best:468420 next:[104275,468415] max_lp
#Bound 15950.55s best:468420 next:[104280,468415] max_lp
#Bound 15950.99s best:468420 next:[104285,468415] max_lp
#43    18575.36s best:452610 next:[104285,452605] quick_restart_no_lp (fixed_bools=3039/19894)
#Bound 24960.75s best:452610 next:[104290,452605] pseudo_costs
#Bound 24966.26s best:452610 next:[104300,452605] pseudo_costs
#44    27103.61s best:449395 next:[104300,449390] quick_restart_no_lp (fixed_bools=3535/24414)
#45    27279.22s best:433415 next:[104300,433410] quick_restart_no_lp (fixed_bools=3771/24926)

Task timing                                  n [     min,      max]      avg      dev     time         n [     min,      max]      avg      dev    dtime
                             'core':         1 [   8.00h,    8.00h]    8.00h   0.00ns    8.00h         1 [   8.04h,    8.04h]    8.04h   0.00ns    8.04h
                       'default_lp':         1 [   8.00h,    8.00h]    8.00h   0.00ns    8.00h         1 [  58.31m,   58.31m]   58.31m   0.00ns   58.31m
                 'feasibility_pump':         4 [217.30ms,    3.30s]    1.86s    1.18s    7.45s         3 [490.12ms, 814.42ms] 667.32ms 134.09ms    2.00s
                  'fj_long_default':         2 [112.75ms, 181.79ms] 147.27ms  34.52ms 294.54ms         2 [ 14.06ms,  39.49ms]  26.78ms  12.72ms  53.56ms
              'fj_long_lin_default':         5 [ 51.60ms,  75.16ms]  62.33ms   7.95ms 311.66ms         5 [ 11.55ms,  20.96ms]  17.14ms   3.12ms  85.68ms
                   'fj_long_random':         1 [387.90ms, 387.90ms] 387.90ms   0.00ns 387.90ms         1 [ 38.78ms,  38.78ms]  38.78ms   0.00ns  38.78ms
                 'fj_short_default':         5 [ 76.82ms, 115.12ms]  86.49ms  14.61ms 432.44ms         5 [ 18.77ms,  27.55ms]  24.70ms   3.07ms 123.51ms
             'fj_short_lin_default':         2 [ 62.63ms, 245.20ms] 153.91ms  91.28ms 307.82ms         2 [ 20.51ms,  21.79ms]  21.15ms 643.65us  42.30ms
              'fj_short_lin_random':         1 [343.11ms, 343.11ms] 343.11ms   0.00ns 343.11ms         1 [ 18.55ms,  18.55ms]  18.55ms   0.00ns  18.55ms
                  'fj_short_random':         2 [265.72ms, 509.78ms] 387.75ms 122.03ms 775.50ms         2 [ 13.85ms, 175.25ms]  94.55ms  80.70ms 189.10ms
                        'fs_random':         1 [705.99ms, 705.99ms] 705.99ms   0.00ns 705.99ms         1 [ 20.00ns,  20.00ns]  20.00ns   0.00ns  20.00ns
                        'fs_random':         1 [983.59ms, 983.59ms] 983.59ms   0.00ns 983.59ms         1 [ 20.00ns,  20.00ns]  20.00ns   0.00ns  20.00ns
                  'fs_random_no_lp':         1 [   1.33s,    1.33s]    1.33s   0.00ns    1.33s         0 [  0.00ns,   0.00ns]   0.00ns   0.00ns   0.00ns
                  'fs_random_no_lp':         1 [738.55ms, 738.55ms] 738.55ms   0.00ns 738.55ms         0 [  0.00ns,   0.00ns]   0.00ns   0.00ns   0.00ns
          'fs_random_quick_restart':         1 [   1.32s,    1.32s]    1.32s   0.00ns    1.32s         1 [ 20.00ns,  20.00ns]  20.00ns   0.00ns  20.00ns
          'fs_random_quick_restart':         1 [986.47ms, 986.47ms] 986.47ms   0.00ns 986.47ms         1 [ 20.00ns,  20.00ns]  20.00ns   0.00ns  20.00ns
    'fs_random_quick_restart_no_lp':         1 [   1.17s,    1.17s]    1.17s   0.00ns    1.17s         0 [  0.00ns,   0.00ns]   0.00ns   0.00ns   0.00ns
                    'graph_arc_lns':         5 [232.79ms,    8.00h]    1.60h    3.20h    8.00h         5 [ 10.00ns, 100.24ms]  80.07ms  40.04ms 400.35ms
                    'graph_cst_lns':         5 [203.31ms,    8.00h]    3.20h    3.92h   16.00h         5 [ 10.00ns, 100.17ms]  60.07ms  49.05ms 300.34ms
                    'graph_dec_lns':         5 [237.91ms,    8.00h]    3.20h    3.92h   16.00h         4 [ 20.00ns, 100.08ms]  75.04ms  43.32ms 300.16ms
                    'graph_var_lns':         5 [341.62ms,    8.00h]    6.40h    3.20h   32.00h         2 [ 40.00ns, 100.18ms]  50.09ms  50.09ms 100.18ms
                   'lb_tree_search':         1 [   8.00h,    8.00h]    8.00h   0.00ns    8.00h         1 [  37.84m,   37.84m]   37.84m   0.00ns   37.84m
                           'max_lp':         1 [   8.00h,    8.00h]    8.00h   0.00ns    8.00h         1 [  35.54m,   35.54m]   35.54m   0.00ns   35.54m
                            'no_lp':         1 [   8.00h,    8.00h]    8.00h   0.00ns    8.00h         1 [   8.28h,    8.28h]    8.28h   0.00ns    8.28h
              'objective_lb_search':         1 [   8.00h,    8.00h]    8.00h   0.00ns    8.00h         1 [  55.98m,   55.98m]   55.98m   0.00ns   55.98m
       'objective_lb_search_max_lp':         1 [   8.00h,    8.00h]    8.00h   0.00ns    8.00h         1 [  35.85m,   35.85m]   35.85m   0.00ns   35.85m
        'objective_lb_search_no_lp':         1 [   8.00h,    8.00h]    8.00h   0.00ns    8.00h         1 [   8.69h,    8.69h]    8.69h   0.00ns    8.69h
  'objective_shaving_search_max_lp':         6 [  8.41ms, 668.24ms] 231.78ms 270.85ms    1.39s         1 [  9.67ms,   9.67ms]   9.67ms   0.00ns   9.67ms
   'objective_shaving_search_no_lp':         6 [  9.30ms, 665.91ms] 182.95ms 233.94ms    1.10s         2 [ 33.50ms,  33.67ms]  33.59ms  85.90us  67.17ms
                          'probing':         1 [   8.00h,    8.00h]    8.00h   0.00ns    8.00h         1 [  55.38m,   55.38m]   55.38m   0.00ns   55.38m
                   'probing_max_lp':         1 [   8.00h,    8.00h]    8.00h   0.00ns    8.00h         1 [  39.29m,   39.29m]   39.29m   0.00ns   39.29m
                     'pseudo_costs':         1 [   8.00h,    8.00h]    8.00h   0.00ns    8.00h         1 [  34.49m,   34.49m]   34.49m   0.00ns   34.49m
                    'quick_restart':         1 [   8.00h,    8.00h]    8.00h   0.00ns    8.00h         1 [  58.04m,   58.04m]   58.04m   0.00ns   58.04m
              'quick_restart_no_lp':         1 [   8.00h,    8.00h]    8.00h   0.00ns    8.00h         1 [   6.28h,    6.28h]    6.28h   0.00ns    6.28h
                    'reduced_costs':         1 [   8.00h,    8.00h]    8.00h   0.00ns    8.00h         1 [  37.64m,   37.64m]   37.64m   0.00ns   37.64m
                        'rins/rens':         4 [294.26ms,    8.00h]    2.00h    3.46h    8.00h         4 [ 10.00ns, 100.83ms]  75.34ms  43.50ms 301.37ms
                      'rnd_cst_lns':         5 [242.27ms,    8.00h]    3.20h    3.92h   16.00h         4 [ 20.00ns, 100.19ms]  75.08ms  43.35ms 300.31ms
                      'rnd_var_lns':         6 [   8.00h,    8.00h]    8.00h 595.53ms   48.00h         1 [ 60.00ns,  60.00ns]  60.00ns   0.00ns  60.00ns
                     'violation_ls':         6 [359.79us,  46.50ms]  10.12ms  16.45ms  60.71ms         6 [ 17.93us,   1.90ms] 548.27us 719.94us   3.29ms
                     'violation_ls':         6 [432.35us, 106.39ms]  25.50ms  36.55ms 152.99ms         6 [ 27.27us,   1.76ms] 729.41us 710.68us   4.38ms
                     'violation_ls':         6 [588.07us, 386.14ms]  79.04ms 138.39ms 474.24ms         6 [ 93.02us,   3.09ms]   1.35ms   1.29ms   8.08ms

Search stats                         Bools   Conflicts       Branches     Restarts      BoolPropag   IntegerPropag
                           'core':  90'414  15'598'425    776'673'317  122'593'789  58'120'192'208  25'107'305'042
                     'default_lp':   2'743          18        150'713       72'688       5'745'853      12'019'780
                      'fs_random':   1'975           0              0            0               0               0
                      'fs_random':   1'975           0          1'002        1'002          23'650          69'208
                'fs_random_no_lp':   1'975           0              0            0               0               0
                'fs_random_no_lp':   1'975           0          1'034        1'034          24'296          71'936
        'fs_random_quick_restart':   1'975           0              0            0               0               0
        'fs_random_quick_restart':   1'975           0          1'034        1'034          24'296          71'936
  'fs_random_quick_restart_no_lp':   1'975           0              0            0               0               0
                 'lb_tree_search':   2'743          12         54'297       34'169       2'527'953       5'256'434
                         'max_lp':   2'743          22         57'588       35'786       2'681'929       5'612'058
                          'no_lp':  55'238  18'654'803    726'071'900  118'365'265  43'257'406'235  23'876'678'079
            'objective_lb_search':   2'743          13        139'666       68'932       5'449'617      11'380'985
     'objective_lb_search_max_lp':   2'743          16         54'194       34'064       2'529'143       5'287'293
      'objective_lb_search_no_lp':  40'220  16'733'306    636'383'137  124'007'709  46'195'770'139  24'664'784'490
                        'probing':   2'743          17        136'167       68'545       5'437'998      11'358'166
                 'probing_max_lp':   2'743          11         60'531       37'723       2'864'621       5'964'186
                   'pseudo_costs':   2'743          19         50'129       32'042       2'354'095       4'908'938
                  'quick_restart':   2'743          14        114'826       60'564       4'767'420       9'988'192
            'quick_restart_no_lp':  25'554  15'024'896  1'357'713'437  132'702'536  45'098'346'469  28'685'567'864
                  'reduced_costs':   2'743          12         52'478       33'228       2'458'741       5'136'097

SAT stats                           ClassicMinim   LitRemoved     LitLearned   LitForgotten  Subsumed  MClauses  MDecisions  MLitTrue  MSubsumed  MLitRemoved  MReused
                           'core':    14'963'828  145'120'314  5'483'564'757  5'360'564'310   287'254   469'938   6'576'566         1      4'927       66'465  108'141
                     'default_lp':             0            0             18              0         0         0           0         0          0            0        0
                      'fs_random':             0            0              0              0         0         0           0         0          0            0        0
                      'fs_random':             0            0              0              0         0         0           0         0          0            0        0
                'fs_random_no_lp':             0            0              0              0         0         0           0         0          0            0        0
                'fs_random_no_lp':             0            0              0              0         0         0           0         0          0            0        0
        'fs_random_quick_restart':             0            0              0              0         0         0           0         0          0            0        0
        'fs_random_quick_restart':             0            0              0              0         0         0           0         0          0            0        0
  'fs_random_quick_restart_no_lp':             0            0              0              0         0         0           0         0          0            0        0
                 'lb_tree_search':             0            0             12              0         0         0           0         0          0            0        0
                         'max_lp':             0            0             22              0         0         0           0         0          0            0        0
                          'no_lp':    18'202'514  205'918'767  7'598'827'700  7'508'826'328   192'847   481'940   6'082'126         1      3'482       61'087  120'429
            'objective_lb_search':             0            0             13              0         0         0           0         0          0            0        0
     'objective_lb_search_max_lp':             0            0             16              0         0         0           0         0          0            0        0
      'objective_lb_search_no_lp':    16'437'686  195'294'774  7'143'445'377  7'084'802'234   119'693   541'283   3'981'259         0      2'023       42'491  135'263
                        'probing':             0            0             17              0         0         0           0         0          0            0        0
                 'probing_max_lp':             0            0             11              0         0         0           0         0          0            0        0
                   'pseudo_costs':             0            0             19              0         0         0           0         0          0            0        0
                  'quick_restart':             0            0             14              0         0         0           0         0          0            0        0
            'quick_restart_no_lp':    13'693'191  115'295'149  5'761'869'286  5'504'275'195   587'176   938'925  17'081'081         1      2'598       52'112  202'400
                  'reduced_costs':             0            0             12              0         0         0           0         0          0            0        0

Lp stats                         Component  Iterations  AddedCuts  OPTIMAL  DUAL_F.  DUAL_U.
                  'default_lp':          1  13'873'688  5'748'356  398'560        7        4
                   'fs_random':          1           0          0        0        0        0
                   'fs_random':          1           0          0        0        0        0
     'fs_random_quick_restart':          1           0          0        0        0        0
     'fs_random_quick_restart':          1           0          0        0        0        0
              'lb_tree_search':          1   4'760'535  1'363'693  119'784   30'995        2
                      'max_lp':          1   5'183'709  1'317'664  125'252   32'746        1
         'objective_lb_search':          1  13'058'646  5'666'782  378'390       12        3
  'objective_lb_search_max_lp':          1   4'849'198  1'461'108  119'321   30'927        2
                     'probing':          1  12'928'538  5'617'306  375'618       12        3
              'probing_max_lp':          1   5'430'529  1'415'654  131'159   34'563        1
                'pseudo_costs':          1   4'335'966  1'409'788  112'543   28'465        1
               'quick_restart':          1  12'298'727  5'545'302  333'746       10        4
               'reduced_costs':          1   4'077'710  1'421'089  116'562   29'709        1

Lp dimension                                                                        Final dimension of first component
                  'default_lp':  3126 rows, 2351 columns, 31075 entries with magnitude in [1.224411e-05, 1.000000e+00]
                   'fs_random':         0 rows, 2351 columns, 0 entries with magnitude in [0.000000e+00, 0.000000e+00]
                   'fs_random':         0 rows, 2351 columns, 0 entries with magnitude in [0.000000e+00, 0.000000e+00]
     'fs_random_quick_restart':         0 rows, 2351 columns, 0 entries with magnitude in [0.000000e+00, 0.000000e+00]
     'fs_random_quick_restart':         0 rows, 2351 columns, 0 entries with magnitude in [0.000000e+00, 0.000000e+00]
              'lb_tree_search':  3975 rows, 2352 columns, 61104 entries with magnitude in [3.444997e-06, 1.000000e+00]
                      'max_lp':  3067 rows, 2352 columns, 35717 entries with magnitude in [1.841681e-05, 1.000000e+00]
         'objective_lb_search':  3335 rows, 2351 columns, 35207 entries with magnitude in [1.413098e-05, 1.000000e+00]
  'objective_lb_search_max_lp':  2984 rows, 2352 columns, 41675 entries with magnitude in [7.327522e-06, 1.000000e+00]
                     'probing':  3644 rows, 2351 columns, 35202 entries with magnitude in [3.709651e-06, 1.000000e+00]
              'probing_max_lp':  3333 rows, 2352 columns, 70813 entries with magnitude in [4.926004e-06, 1.000000e+00]
                'pseudo_costs':  2908 rows, 2352 columns, 53362 entries with magnitude in [4.342179e-05, 1.000000e+00]
               'quick_restart':  3722 rows, 2351 columns, 29726 entries with magnitude in [3.623161e-06, 1.000000e+00]
               'reduced_costs':  3064 rows, 2352 columns, 38060 entries with magnitude in [4.898116e-06, 1.000000e+00]

Lp debug                         CutPropag  CutEqPropag  Adjust  Overflow          Bad  BadScaling
                  'default_lp':          0        5'323      31         0  288'085'587           0
                   'fs_random':          0            0       0         0            0           0
                   'fs_random':          0            0       0         0            0           0
     'fs_random_quick_restart':          0            0       0         0            0           0
     'fs_random_quick_restart':          0            0       0         0            0           0
              'lb_tree_search':          0        2'470   2'982         0  218'804'071           0
                      'max_lp':          0        1'424  18'306         4  228'471'829           0
         'objective_lb_search':          0        4'816      85         0  278'540'055           0
  'objective_lb_search_max_lp':          0        1'295  16'531         1  218'054'290           0
                     'probing':          0        5'261   4'431         0  280'321'259           0
              'probing_max_lp':          0        2'418   2'617         4  233'642'125           0
                'pseudo_costs':          0        1'352   2'939         0  210'358'872           0
               'quick_restart':          0        4'189   1'846         0  272'112'359           0
               'reduced_costs':          0        2'059   4'206         3  214'591'769           0

Lp pool                          Constraints  Updates  Simplif  Merged  Shortened   Split  Strenghtened             Cuts/Call
                  'default_lp':       12'329   77'020   13'702     112        598  15'128       258'242  5'748'356/10'641'414
                   'fs_random':        3'085        0        0       0          0       0             0                   0/0
                   'fs_random':        3'085        0        0       0          0       0             0                   0/0
     'fs_random_quick_restart':        3'085        0        0       0          0       0             0                   0/0
     'fs_random_quick_restart':        3'085        0        0       0          0       0             0                   0/0
              'lb_tree_search':       13'320   82'508   12'906      22      1'721  44'320       254'538   1'363'693/2'776'614
                      'max_lp':       13'292   60'486   15'568      21      1'938  36'475       279'907   1'317'664/2'843'288
         'objective_lb_search':       12'757   73'491   15'189     110      1'420  14'664       255'022  5'666'782/10'357'939
  'objective_lb_search_max_lp':       12'681   73'427   14'640      76        937  42'786       285'167   1'461'108/3'098'268
                     'probing':       12'233   78'296   12'940     158        622  15'057       243'571  5'617'306/10'744'581
              'probing_max_lp':       13'282   71'807   19'459      21      5'742  42'459       300'488   1'415'654/2'924'363
                'pseudo_costs':       13'343   69'900   13'576      94      1'583  33'650       253'507   1'409'788/2'829'488
               'quick_restart':       12'282   80'855   12'145     105        872  13'919       232'344  5'545'302/10'872'236
               'reduced_costs':       12'658   89'568   15'622      80      1'461  45'013       253'232   1'421'089/2'795'844

Lp Cut               defaul   max_lp     quick_   reduce   pseudo   lb_tre     probin     object   probin   object
          CG_FF:    194'687   29'333    179'425   31'407   32'472   30'086    192'290    189'158   29'999   36'391
           CG_K:      3'533    4'383      3'338    5'607    5'006    6'168      3'703      3'694    4'819    5'154
          CG_KL:          -        -          1        2        1        3          2          3        1        -
           CG_R:    337'848   48'564    283'457   52'853   51'006   51'887    313'084    332'214   57'919   55'741
          CG_RB:  1'382'424  165'922  1'240'560  176'232  183'631  177'599  1'313'929  1'348'622  184'417  183'825
         CG_RBP:      1'279    4'615      1'649    3'020    3'297    4'134      1'313      2'342    4'649    4'540
         Clique:          -   30'975          -   29'230   28'153   30'117          -          -   32'493   31'431
             IB:  1'122'863  156'694  1'093'627  163'813  164'633  161'944  1'154'524  1'129'322  161'878  172'210
       MIR_1_FF:    714'278  143'278    818'178  139'606  154'842  142'920    706'991    691'851  146'062  148'355
        MIR_1_K:      7'264    3'752      8'370    4'585    4'604    3'963      7'123      7'375    4'170    4'286
        MIR_1_R:     20'990    7'495     20'615    6'616    6'575    6'961     20'169     19'265    7'825    6'982
       MIR_1_RB:    874'107  254'742    849'867  312'396  297'989  277'422    846'504    872'843  274'901  300'538
      MIR_1_RBP:      1'965    1'929      2'778    1'631    1'629    1'578      2'207      2'769    2'223    2'481
      MIR_1_RLT:          -      528          -      567      498      516          -          -      482      640
       MIR_2_FF:     44'423   18'565     70'172   17'984   20'091   17'389     54'411     50'849   18'341   19'567
        MIR_2_K:      1'465    1'265      2'205    1'242    1'312    1'228      1'834      1'507    1'302    1'348
        MIR_2_R:      6'499    7'576      6'074    7'919    6'239    6'984      6'047      6'486    7'924    7'921
       MIR_2_RB:    141'107   82'824    158'816  138'019  111'034  100'356    142'688    136'180   98'666  108'460
      MIR_2_RBP:        822      658      1'123      559      463      610      1'073        958      710      717
       MIR_3_FF:     15'811    8'584     17'914    8'280    8'848    8'584     16'545     16'651    8'234    9'018
        MIR_3_K:      1'213    2'316      2'149    2'001    2'007    2'096      1'414      1'247    2'217    2'269
        MIR_3_R:     27'824    8'176     21'818    7'664    6'039    7'306     24'922     27'603    8'555    7'735
       MIR_3_RB:    130'197   57'019    119'907   61'823   57'105   57'853    122'414    126'635   60'456   61'737
      MIR_3_RBP:        759    1'311      1'080      875      860      844        676        893    1'311    1'202
       MIR_4_FF:      4'410    9'599      5'681    8'289    9'192    8'860      4'087      4'345    8'481    9'609
        MIR_4_K:        827    1'601      1'087    1'274    1'357    1'484        498        694    1'617    1'660
        MIR_4_R:      5'492    3'220      4'960    3'154    2'658    2'906      5'110      5'413    3'421    3'072
       MIR_4_RB:     73'834   47'098     68'908   47'370   47'936   48'092     69'427     71'564   50'764   51'926
      MIR_4_RBP:        334    1'060        647      710      698      808        324        400    1'168    1'026
       MIR_5_FF:      3'755    8'333      3'742    7'227    7'803    7'711      2'822      2'695    7'487    9'031
        MIR_5_K:        265    1'299        619    1'146    1'250    1'265        244        247    1'406    1'382
        MIR_5_R:      2'824    2'207      2'492    1'797    1'777    2'005      2'631      2'969    2'250    2'122
       MIR_5_RB:     52'718   37'236     49'008   36'698   37'525   37'560     50'344     52'670   39'759   39'800
      MIR_5_RBP:        261      831        417      622      673      709        217        312      890      796
       MIR_6_FF:      1'308    4'563      1'829    4'240    4'419    4'357      1'369      1'206    4'510    5'104
        MIR_6_K:        111    1'155        241      979      990    1'072        124         80    1'256    1'179
       MIR_6_KL:          -        -          -        -        -        -          -          -        1        -
        MIR_6_R:      1'374    2'548      1'228    2'116    2'193    2'506      1'339      1'336    2'807    2'579
       MIR_6_RB:     35'823   26'743     33'158   26'669   27'007   27'976     34'458     35'082   27'977   28'684
      MIR_6_RBP:        172      724        226      555      595      607        148        186      887      765
   ZERO_HALF_FF:     50'214    8'247     49'011    7'696    7'781    8'002     48'761     46'138    9'228    8'515
    ZERO_HALF_K:      1'590      683      2'083      675      835      649      2'005      1'285      672      784
   ZERO_HALF_KL:          -        -          -        -        1        -          -          -        -        1
    ZERO_HALF_R:    342'185   90'462    290'976   69'331   78'237   78'079    325'391    336'271   98'821   88'843
   ZERO_HALF_RB:    139'055   29'019    125'304   26'141   28'036   29'767    133'679    134'932   31'945   30'988
  ZERO_HALF_RBP:        446      532        562      469      491      730        465        490      753      694

LNS stats           Improv/Calls  Closed  Difficulty  TimeLimit
  'graph_arc_lns':           2/5     40%        0.29       0.10
  'graph_cst_lns':           2/5     20%        0.15       0.10
  'graph_dec_lns':           3/5      0%        0.06       0.10
  'graph_var_lns':           5/5      0%        0.06       0.10
      'rins/rens':           4/4      0%        0.09       0.10
    'rnd_cst_lns':           3/5      0%        0.06       0.10
    'rnd_var_lns':           6/6      0%        0.04       0.10

LS stats                   Batches  Restarts  LinMoves  GenMoves  CompoundMoves  WeightUpdates
       'fj_long_default':        2         1    12'995         0              0            719
   'fj_long_lin_default':        5         1         0    14'246            921             52
        'fj_long_random':        1         1     9'169         0              0            831
      'fj_short_default':        5         1         0    21'926          1'733             65
  'fj_short_lin_default':        2         1         0     8'055            798             35
   'fj_short_lin_random':        1         1         0     2'981            570              2
       'fj_short_random':        2         1         0    27'521            834              2
          'violation_ls':        6         0         0       321             45              7
          'violation_ls':        6         0        15       557             43             19
          'violation_ls':        6         0        33       209             21             21

Solutions (45)            Num     Rank
                 'core':    2  [33,34]
      'fj_long_default':    1    [1,1]
  'quick_restart_no_lp':   25  [19,45]
          'rnd_cst_lns':    1  [13,13]
         'violation_ls':   16   [2,18]

Objective bounds                      Num
                   'initial_domain':    1
                           'max_lp':    6
              'objective_lb_search':    1
  'objective_shaving_search_max_lp':    2
   'objective_shaving_search_no_lp':    6
                     'pseudo_costs':   12
                    'reduced_costs':    1

Solution repositories    Added  Queried  Ignored  Synchro
  'feasible solutions':     78       92        0       77
        'lp solutions':      0        0        0        0
                'pump':     35        4

Improving bounds shared            Num
                        'core':  1'740
                  'default_lp':     14
                      'max_lp':     64
                       'no_lp':  2'428
         'objective_lb_search':     30
  'objective_lb_search_max_lp':      3
   'objective_lb_search_no_lp':  1'814
                     'probing':     39
              'probing_max_lp':      6
                'pseudo_costs':     49
               'quick_restart':     23
         'quick_restart_no_lp':  2'216
               'reduced_costs':     40

Clauses shared                    Num
                       'core':  1'104
                      'no_lp':  1'168
  'objective_lb_search_no_lp':  1'021
        'quick_restart_no_lp':  1'150

CpSolverResponse summary:
status: FEASIBLE
objective: 433415
best_bound: 104300
integers: 2353
booleans: 1975
conflicts: 0
branches: 1002
propagations: 23650
integer_propagations: 69208
restarts: 1002
lp_iterations: 0
walltime: 28800.3
usertime: 28800.3
deterministic_time: 139575
gap_integral: 1.77319e+06
solution_fingerprint: 0x4cafd4a366b24ac

CPU USED: 32
Loading /home/aneumann/projects/def-adhaj/aneumann/gns/data/instances/test/xl/instance_195.pkl...
===* START SOLVING *===
   index    value       gap  ... max_time  cpu  max_memory
0    195  4334.15  0.759353  ...        8   32         118

[1 rows x 8 columns]
===* END OF FILE *===
