created virtual environment CPython3.12.4.final.0-64 in 1063ms
  creator CPython3Posix(dest=/local/aneumann.27429325.0/env, clear=False, no_vcs_ignore=False, global=False)
  seeder FromAppData(download=False, pip=bundle, via=copy, app_data_dir=/home/aneumann/.local/share/virtualenv)
    added seed packages: pip==24.0
  activators BashActivator,CShellActivator,FishActivator,NushellActivator,PowerShellActivator,PythonActivator
Looking in links: /cvmfs/soft.computecanada.ca/custom/python/wheelhouse/gentoo2023/x86-64-v3, /cvmfs/soft.computecanada.ca/custom/python/wheelhouse/gentoo2023/generic, /cvmfs/soft.computecanada.ca/custom/python/wheelhouse/generic
Requirement already satisfied: pip in /local/aneumann.27429325.0/env/lib/python3.12/site-packages (24.0)
Processing /cvmfs/soft.computecanada.ca/custom/python/wheelhouse/generic/pip-24.2+computecanada-py3-none-any.whl
Installing collected packages: pip
  Attempting uninstall: pip
    Found existing installation: pip 24.0
    Uninstalling pip-24.0:
      Successfully uninstalled pip-24.0
Successfully installed pip-24.2+computecanada
Looking in links: /cvmfs/soft.computecanada.ca/custom/python/wheelhouse/gentoo2023/x86-64-v3, /cvmfs/soft.computecanada.ca/custom/python/wheelhouse/gentoo2023/generic, /cvmfs/soft.computecanada.ca/custom/python/wheelhouse/generic
ERROR: protobuf-5.28.3-cp38-abi3-manylinux2014_x86_64.whl is not a supported wheel on this platform.
Looking in links: /cvmfs/soft.computecanada.ca/custom/python/wheelhouse/gentoo2023/x86-64-v3, /cvmfs/soft.computecanada.ca/custom/python/wheelhouse/gentoo2023/generic, /cvmfs/soft.computecanada.ca/custom/python/wheelhouse/generic
Processing /home/aneumann/projects/def-adhaj/aneumann/gns/wheels/immutabledict-4.2.0-py3-none-any.whl
Installing collected packages: immutabledict
Successfully installed immutabledict-4.2.0
Looking in links: /cvmfs/soft.computecanada.ca/custom/python/wheelhouse/gentoo2023/x86-64-v3, /cvmfs/soft.computecanada.ca/custom/python/wheelhouse/gentoo2023/generic, /cvmfs/soft.computecanada.ca/custom/python/wheelhouse/generic
Processing /cvmfs/soft.computecanada.ca/custom/python/wheelhouse/generic/ortools-9.10.4067+computecanada-cp312-cp312-linux_x86_64.whl (from -r /home/aneumann/projects/def-adhaj/aneumann/gns/requirements_or.txt (line 1))
Processing /cvmfs/soft.computecanada.ca/custom/python/wheelhouse/gentoo2023/x86-64-v3/pandas-2.2.2+computecanada-cp312-cp312-linux_x86_64.whl (from -r /home/aneumann/projects/def-adhaj/aneumann/gns/requirements_or.txt (line 2))
Processing /cvmfs/soft.computecanada.ca/custom/python/wheelhouse/generic/absl_py-2.1.0+computecanada-py3-none-any.whl (from ortools->-r /home/aneumann/projects/def-adhaj/aneumann/gns/requirements_or.txt (line 1))
Processing /cvmfs/soft.computecanada.ca/custom/python/wheelhouse/gentoo2023/generic/numpy-2.1.1+computecanada-cp312-cp312-linux_x86_64.whl (from ortools->-r /home/aneumann/projects/def-adhaj/aneumann/gns/requirements_or.txt (line 1))
Processing /cvmfs/soft.computecanada.ca/custom/python/wheelhouse/gentoo2023/x86-64-v3/protobuf-5.28.0+computecanada-cp312-cp312-linux_x86_64.whl (from ortools->-r /home/aneumann/projects/def-adhaj/aneumann/gns/requirements_or.txt (line 1))
Requirement already satisfied: immutabledict>=3.0.0 in /local/aneumann.27429325.0/env/lib/python3.12/site-packages (from ortools->-r /home/aneumann/projects/def-adhaj/aneumann/gns/requirements_or.txt (line 1)) (4.2.0)
Processing /cvmfs/soft.computecanada.ca/custom/python/wheelhouse/generic/python_dateutil-2.9.0.post0+computecanada-py2.py3-none-any.whl (from pandas->-r /home/aneumann/projects/def-adhaj/aneumann/gns/requirements_or.txt (line 2))
Processing /cvmfs/soft.computecanada.ca/custom/python/wheelhouse/generic/pytz-2024.2+computecanada-py2.py3-none-any.whl (from pandas->-r /home/aneumann/projects/def-adhaj/aneumann/gns/requirements_or.txt (line 2))
Processing /cvmfs/soft.computecanada.ca/custom/python/wheelhouse/generic/tzdata-2024.2+computecanada-py2.py3-none-any.whl (from pandas->-r /home/aneumann/projects/def-adhaj/aneumann/gns/requirements_or.txt (line 2))
Processing /cvmfs/soft.computecanada.ca/custom/python/wheelhouse/generic/six-1.16.0+computecanada-py2.py3-none-any.whl (from python-dateutil>=2.8.2->pandas->-r /home/aneumann/projects/def-adhaj/aneumann/gns/requirements_or.txt (line 2))
Installing collected packages: pytz, tzdata, six, protobuf, numpy, absl-py, python-dateutil, pandas, ortools
Successfully installed absl-py-2.1.0+computecanada numpy-2.1.1+computecanada ortools-9.10.4067+computecanada pandas-2.2.2+computecanada protobuf-5.28.0+computecanada python-dateutil-2.9.0.post0+computecanada pytz-2024.2+computecanada six-1.16.0+computecanada tzdata-2024.2+computecanada

Starting CP-SAT solver v9.10.4067
Parameters: max_time_in_seconds: 21600 max_memory_in_mb: 118 log_search_progress: true optimize_with_core: true cp_model_presolve: true enumerate_all_solutions: false num_search_workers: 32 use_implied_bounds: true absolute_gap_limit: 5 relative_gap_limit: 0.01 use_probing_search: true

Initial optimization model '': (model_fingerprint: 0xc1e07e01c0328cfd)
#Variables: 2'870 (#bools: 26 #ints: 1 in objective)
  - 2'512 Booleans in [0,1]
  - 357 in [0,225000]
  - 1 constants in {1} 
#kBoolOr: 1'270 (#literals: 1'270)
#kLinear1: 487
#kLinear2: 8'116
#kLinear3: 1'773
#kLinearN: 615 (#terms: 6'894)

Starting presolve at 0.00s
  3.10e-03s  0.00e+00d  [DetectDominanceRelations] 
  6.61e-02s  0.00e+00d  [PresolveToFixPoint] #num_loops=12 #num_dual_strengthening=4 
  9.96e-05s  0.00e+00d  [ExtractEncodingFromLinear] #potential_supersets=220 
[Symmetry] Graph for symmetry has 10'324 nodes and 22'425 arcs.
[Symmetry] Symmetry computation done. time: 0.00311839 dtime: 0.00301953
[Symmetry] #generators: 1, average support size: 2
[Symmetry] 1 orbits with sizes: 2
[SAT presolve] num removable Booleans: 0 / 1625
[SAT presolve] num trivial clauses: 0
[SAT presolve] [0s] clauses:3025 literals:6050 vars:1597 one_side_vars:1550 simple_definition:45 singleton_clauses:0
[SAT presolve] [0.000299894s] clauses:3025 literals:6050 vars:1597 one_side_vars:1550 simple_definition:45 singleton_clauses:0
[SAT presolve] [0.000450224s] clauses:3025 literals:6050 vars:1597 one_side_vars:1550 simple_definition:45 singleton_clauses:0
  5.40e-01s  9.41e-02d  [Probe] #probed=3'776 #fixed_bools=80 #new_bounds=161 
  7.60e-03s  0.00e+00d  [MaxClique] Merged 3230(9056 literals) into 1013(7078 literals) at_most_ones. 
  2.62e-03s  0.00e+00d  [DetectDominanceRelations] 
  1.96e-02s  0.00e+00d  [PresolveToFixPoint] #num_loops=6 #num_dual_strengthening=5 
  3.35e-03s  0.00e+00d  [ProcessAtMostOneAndLinear] #num_changes=4 
  2.17e-03s  0.00e+00d  [DetectDuplicateConstraints] #duplicates=3 #without_enforcements=3 
  5.34e-04s  2.24e-05d  [DetectDominatedLinearConstraints] #relevant_constraints=1'528 
  6.46e-04s  0.00e+00d  [DetectDifferentVariables] #different=13 
  1.07e-03s  3.35e-04d  [ProcessSetPPC] #relevant_constraints=1'041 #num_inclusions=722 
  7.69e-05s  0.00e+00d  [FindAlmostIdenticalLinearConstraints] 
  6.37e-03s  6.59e-03d  [FindBigAtMostOneAndLinearOverlap] 
  1.44e-03s  3.17e-03d  [FindBigVerticalLinearOverlap] 
  3.72e-04s  8.65e-04d  [FindBigHorizontalLinearOverlap] #linears=149 
  9.76e-05s  0.00e+00d  [MergeClauses] 
  2.61e-03s  0.00e+00d  [DetectDominanceRelations] 
  9.09e-03s  0.00e+00d  [PresolveToFixPoint] #num_loops=2 #num_dual_strengthening=1 
  2.56e-03s  0.00e+00d  [DetectDominanceRelations] 
  9.00e-03s  0.00e+00d  [PresolveToFixPoint] #num_loops=1 #num_dual_strengthening=1 
[Symmetry] Graph for symmetry has 7'966 nodes and 15'966 arcs.
[Symmetry] Symmetry computation done. time: 0.00168873 dtime: 0.00194683
[Symmetry] #generators: 1, average support size: 2
[Symmetry] The model contains 2 duplicate constraints !
[Symmetry] 1 orbits with sizes: 2
[SAT presolve] num removable Booleans: 0 / 1544
[SAT presolve] num trivial clauses: 0
[SAT presolve] [0s] clauses:19 literals:38 vars:26 one_side_vars:21 simple_definition:5 singleton_clauses:0
[SAT presolve] [5.6597e-05s] clauses:19 literals:38 vars:26 one_side_vars:21 simple_definition:5 singleton_clauses:0
[SAT presolve] [0.000104636s] clauses:19 literals:38 vars:26 one_side_vars:21 simple_definition:5 singleton_clauses:0
  2.49e-01s  4.28e-02d  [Probe] #probed=3'694 #new_bounds=52 
  3.38e-03s  0.00e+00d  [MaxClique] Merged 809(5733 literals) into 809(5740 literals) at_most_ones. 
  2.63e-03s  0.00e+00d  [DetectDominanceRelations] 
  1.46e-02s  0.00e+00d  [PresolveToFixPoint] #num_loops=5 #num_dual_strengthening=4 
  3.22e-03s  0.00e+00d  [ProcessAtMostOneAndLinear] 
  2.18e-03s  0.00e+00d  [DetectDuplicateConstraints] #duplicates=2 #without_enforcements=2 
  5.50e-04s  2.24e-05d  [DetectDominatedLinearConstraints] #relevant_constraints=1'524 
  5.79e-04s  0.00e+00d  [DetectDifferentVariables] #different=13 
  9.63e-04s  3.28e-04d  [ProcessSetPPC] #relevant_constraints=973 #num_inclusions=652 
  7.88e-05s  0.00e+00d  [FindAlmostIdenticalLinearConstraints] 
  6.27e-03s  6.60e-03d  [FindBigAtMostOneAndLinearOverlap] 
  1.41e-03s  3.17e-03d  [FindBigVerticalLinearOverlap] 
  3.71e-04s  8.65e-04d  [FindBigHorizontalLinearOverlap] #linears=149 
  9.29e-05s  0.00e+00d  [MergeClauses] 
  2.59e-03s  0.00e+00d  [DetectDominanceRelations] 
  9.04e-03s  0.00e+00d  [PresolveToFixPoint] #num_loops=1 #num_dual_strengthening=1 
  2.58e-03s  0.00e+00d  [DetectDominanceRelations] 
  9.05e-03s  0.00e+00d  [PresolveToFixPoint] #num_loops=1 #num_dual_strengthening=1 
[Symmetry] Graph for symmetry has 7'964 nodes and 15'968 arcs.
[Symmetry] Symmetry computation done. time: 0.00159602 dtime: 0.00194685
[Symmetry] #generators: 1, average support size: 2
[Symmetry] 1 orbits with sizes: 2
[SAT presolve] num removable Booleans: 0 / 1544
[SAT presolve] num trivial clauses: 0
[SAT presolve] [0s] clauses:19 literals:38 vars:26 one_side_vars:21 simple_definition:5 singleton_clauses:0
[SAT presolve] [4.9977e-05s] clauses:19 literals:38 vars:26 one_side_vars:21 simple_definition:5 singleton_clauses:0
[SAT presolve] [9.8053e-05s] clauses:19 literals:38 vars:26 one_side_vars:21 simple_definition:5 singleton_clauses:0
  2.52e-01s  4.21e-02d  [Probe] #probed=3'694 #new_bounds=6 
  3.30e-03s  0.00e+00d  [MaxClique] Merged 809(5739 literals) into 809(5740 literals) at_most_ones. 
  2.59e-03s  0.00e+00d  [DetectDominanceRelations] 
  1.14e-02s  0.00e+00d  [PresolveToFixPoint] #num_loops=4 #num_dual_strengthening=3 
  3.23e-03s  0.00e+00d  [ProcessAtMostOneAndLinear] 
  2.17e-03s  0.00e+00d  [DetectDuplicateConstraints] #without_enforcements=2 
  5.63e-04s  2.24e-05d  [DetectDominatedLinearConstraints] #relevant_constraints=1'524 
  5.74e-04s  0.00e+00d  [DetectDifferentVariables] #different=13 
  9.21e-04s  3.28e-04d  [ProcessSetPPC] #relevant_constraints=973 #num_inclusions=652 
  8.82e-05s  0.00e+00d  [FindAlmostIdenticalLinearConstraints] 
  6.21e-03s  6.59e-03d  [FindBigAtMostOneAndLinearOverlap] 
  1.41e-03s  3.17e-03d  [FindBigVerticalLinearOverlap] 
  3.76e-04s  8.65e-04d  [FindBigHorizontalLinearOverlap] #linears=149 
  9.76e-05s  0.00e+00d  [MergeClauses] 
  2.80e-03s  0.00e+00d  [DetectDominanceRelations] 
  9.26e-03s  0.00e+00d  [PresolveToFixPoint] #num_loops=1 #num_dual_strengthening=1 
  1.82e-04s  0.00e+00d  [ExpandObjective] #entries=90 #tight_variables=45 #tight_constraints=15 

Presolve summary:
  - 71 affine relations were detected.
  - rule 'TODO dual: add implied bound' was applied 38 times.
  - rule 'TODO dual: only one blocking constraint?' was applied 36'043 times.
  - rule 'TODO dual: only one blocking enforced constraint?' was applied 38 times.
  - rule 'TODO dual: only one unspecified blocking constraint?' was applied 21 times.
  - rule 'TODO dual: tighten at most one' was applied 1'042 times.
  - rule 'TODO duplicate: identical constraint with different enforcements' was applied 6 times.
  - rule 'TODO linear2: contains a Boolean.' was applied 14'260 times.
  - rule 'affine: new relation' was applied 71 times.
  - rule 'at_most_one: removed literals' was applied 336 times.
  - rule 'at_most_one: singleton' was applied 1 time.
  - rule 'at_most_one: size one' was applied 136 times.
  - rule 'at_most_one: transformed into max clique.' was applied 1 time.
  - rule 'bool_and: x => x' was applied 6 times.
  - rule 'bool_or: always true' was applied 1'270 times.
  - rule 'bool_or: implications' was applied 7'122 times.
  - rule 'bool_or: singleton' was applied 2 times.
  - rule 'deductions: 404 stored' was applied 1 time.
  - rule 'dual: enforced equivalence' was applied 2 times.
  - rule 'dual: fix variable' was applied 366 times.
  - rule 'dual: fix variable with multiple choices' was applied 4 times.
  - rule 'dual: reduced domain' was applied 184 times.
  - rule 'duplicate: merged rhs of linear constraint' was applied 3 times.
  - rule 'duplicate: removed constraint' was applied 5 times.
  - rule 'duplicate: removed enforced constraint' was applied 1 time.
  - rule 'enforcement: false literal' was applied 4'032 times.
  - rule 'enforcement: literal not used' was applied 11 times.
  - rule 'linear + amo: fixed literal implied by enforcement' was applied 4 times.
  - rule 'linear1: always true' was applied 6 times.
  - rule 'linear2: contains a Boolean.' was applied 10 times.
  - rule 'linear: always true' was applied 1'354 times.
  - rule 'linear: divide by GCD' was applied 5'017 times.
  - rule 'linear: empty' was applied 132 times.
  - rule 'linear: enforcement literal in expression' was applied 2 times.
  - rule 'linear: extracted enforcement literal' was applied 615 times.
  - rule 'linear: fixed or dup variables' was applied 1'495 times.
  - rule 'linear: negative clause' was applied 2'264 times.
  - rule 'linear: positive at most one' was applied 205 times.
  - rule 'linear: positive clause' was applied 4'860 times.
  - rule 'linear: positive equal one' was applied 15 times.
  - rule 'linear: reduced variable domains' was applied 804 times.
  - rule 'linear: remapped using affine relations' was applied 2'483 times.
  - rule 'linear: simplified rhs' was applied 17'496 times.
  - rule 'linear: singleton column' was applied 12 times.
  - rule 'objective: variable not used elsewhere' was applied 1 time.
  - rule 'presolve: 944 unused variables removed.' was applied 1 time.
  - rule 'presolve: iteration' was applied 3 times.
  - rule 'setppc: bool_or in at_most_one.' was applied 2 times.
  - rule 'setppc: removed dominated constraints' was applied 66 times.

Presolved optimization model '': (model_fingerprint: 0x375244a8be18b682)
#Variables: 1'843 (#bools: 25 #ints: 1 in objective)
  - 1'544 Booleans in [0,1]
  - 1 in [0,728]
  - 1 in [0,732]
  - 1 in [0,735]
  - 1 in [0,1459]
  - 1 in [0,1470]
  - 1 in [0,1475]
  - 1 in [0,1477]
  - 13 in [0,1478]
  - 1 in [0,1480]
  - 22 in [0,1482]
  - 1 in [0,1483]
  - 1 in [0,1484]
  - 1 in [0,1485]
  - 1 in [0,1489]
  - 1 in [0,2217]
  - 1 in [0,2222]
  - 1 in [0,2230]
  - 2 in [0,2231]
  - 1 in [0,2234]
  - 1 in [0,7340]
  - 17 in [0,7390]
  - 1 in [0,7400]
  - 18 in [0,7410]
  - 1 in [0,7415]
  - 2 in [0,7425]
  - 1 in [0,7445]
  - 1 in [0,7466]
  - 1 in [0,7497]
  - 1 in [0,11169]
  - 1 in [0,11213]
  - 1 in [0,11244]
  - 4 in [0,11250]
  - 82 in [0,225000]
  - 1 in [2,730]
  - 1 in [4,736]
  - 1 in [4,739]
  - 1 in [4,744]
  - 1 in [7,747]
  - 1 in [35,3737]
  - 1 in [44,3746]
  - 1 in [60,3739]
  - 1 in [70,3749]
  - 1 in [72,3748]
  - 1 in [73,3749]
  - 1 in [85,3747]
  - 1 in [87,3749]
  - 1 in [600,219000]
  - 1 in [600,220500]
  - 1 in [600,221400]
  - 1 in [600,222300]
  - 1 in [600,222600]
  - 1 in [600,223500]
  - 2 in [600,223920]
  - 2 in [600,224640]
  - 2 in [600,224760]
  - 2 in [600,225000]
  - 1 in [1200,220800]
  - 1 in [1200,221700]
  - 2 in [1200,222300]
  - 2 in [1200,223500]
  - 2 in [1200,223740]
  - 1 in [1200,223800]
  - 2 in [1200,224100]
  - 2 in [1200,224280]
  - 2 in [1200,224321]
  - 2 in [1200,224400]
  - 2 in [1200,224460]
  - 4 in [1200,224640]
  - 6 in [1200,225000]
  - 5 in [1800,223800]
  - 2 in [2100,224100]
  - 2 in [2100,224700]
  - 1 in [2640,224763]
  - 1 in [2640,225000]
  - 1 in [2673,225000]
  - 2 in [2675,224798]
  - 1 in [2697,224820]
  - 2 in [2700,222300]
  - 2 in [2909,224460]
  - 2 in [3115,225000]
  - 2 in [3139,223920]
  - 2 in [3600,224220]
  - 5 in [3600,224340]
  - 2 in [3708,224160]
  - 3 in [4080,224640]
  - 1 in [4200,224992]
  - 1 in [4208,225000]
  - 3 in [4260,224872]
  - 3 in [4320,224880]
  - 1 in [4380,224971]
  - 1 in [4409,225000]
  - 1 in [5090,224690]
  - 2 in [5090,224812]
  - 6 in [5098,224820]
  - 4 in [5104,225000]
#kAtMostOne: 790 (#literals: 5'701)
#kBoolAnd: 19 (#enforced: 19) (#literals: 38)
#kExactlyOne: 15 (#literals: 45)
#kLinear1: 6 (#enforced: 6)
#kLinear2: 688 (#enforced: 515 #multi: 28)
#kLinear3: 1'074
#kLinearN: 277 (#terms: 2'787)

Preloading model.
#Bound   1.30s best:inf   next:[218332,9004848] initial_domain
[Symmetry] Graph for symmetry has 6'937 nodes and 15'968 arcs.
[Symmetry] Symmetry computation done. time: 0.00160859 dtime: 0.00188521
[Symmetry] #generators: 1, average support size: 2
#Model   1.31s var:1843/1843 constraints:2869/2869

Starting search at 1.31s with 32 workers.
16 full problem subsolvers: [core, default_lp, lb_tree_search, max_lp, no_lp, objective_lb_search, objective_lb_search_max_lp, objective_lb_search_no_lp, objective_shaving_search_max_lp, objective_shaving_search_no_lp, probing, probing_max_lp, pseudo_costs, quick_restart, quick_restart_no_lp, reduced_costs]
14 first solution subsolvers: [fj_long_default, fj_long_lin_default, fj_long_random, fj_short_default, fj_short_lin_default, fj_short_lin_random, fj_short_random, fs_random(2), fs_random_no_lp(2), fs_random_quick_restart(2), fs_random_quick_restart_no_lp]
11 incomplete subsolvers: [feasibility_pump, graph_arc_lns, graph_cst_lns, graph_dec_lns, graph_var_lns, rins/rens, rnd_cst_lns, rnd_var_lns, violation_ls(3)]
3 helper subsolvers: [neighborhood_helper, synchronization_agent, update_gap_integral]
#Bound   1.41s best:inf   next:[218333,9004848] objective_shaving_search_no_lp (vars=1843 csts=2892)
#Bound   1.43s best:inf   next:[218334,9004848] objective_shaving_search_no_lp (vars=1843 csts=2870)
#Bound   1.44s best:inf   next:[218335,9004848] objective_shaving_search_no_lp (vars=1843 csts=2870)
#Bound   1.45s best:inf   next:[218336,9004848] objective_shaving_search_no_lp (vars=1843 csts=2870)
#Bound   1.47s best:inf   next:[218337,9004848] objective_shaving_search_no_lp (vars=1843 csts=2870)
#Bound   1.48s best:inf   next:[218338,9004848] objective_shaving_search_no_lp (vars=1843 csts=2870)
#Bound   1.49s best:inf   next:[218339,9004848] objective_shaving_search_no_lp (vars=1843 csts=2870)
#Bound   1.50s best:inf   next:[218340,9004848] objective_shaving_search_no_lp (vars=1843 csts=2870)
#Bound   1.51s best:inf   next:[218341,9004848] objective_shaving_search_max_lp (vars=1843 csts=2870)
#Bound   1.52s best:inf   next:[218342,9004848] objective_shaving_search_max_lp (vars=1843 csts=2870)
#Bound   1.53s best:inf   next:[218343,9004848] objective_shaving_search_max_lp (vars=1843 csts=2870)
#Bound   1.54s best:inf   next:[218344,9004848] objective_shaving_search_max_lp (vars=1843 csts=2870)
#Bound   1.55s best:inf   next:[218345,9004848] objective_shaving_search_max_lp (vars=1843 csts=2870)
#Bound   1.56s best:inf   next:[218346,9004848] objective_shaving_search_max_lp (vars=1843 csts=2870)
#Bound   1.57s best:inf   next:[218347,9004848] objective_shaving_search_max_lp (vars=1843 csts=2870)
#Bound   1.58s best:inf   next:[218348,9004848] objective_shaving_search_max_lp (vars=1843 csts=2870)
#Bound   1.59s best:inf   next:[218349,9004848] objective_shaving_search_max_lp (vars=1843 csts=2870)
#Bound   1.60s best:inf   next:[218350,9004848] objective_shaving_search_max_lp (vars=1843 csts=2870)
#Bound   1.62s best:inf   next:[218351,9004848] objective_shaving_search_max_lp (vars=1843 csts=2870)
#1       1.63s best:9004848 next:[218351,9004847] fj_long_default(batch:2 #lin_moves:11'420 #lin_evals:18'922 #weight_updates:818)
#2       1.63s best:9004809 next:[218351,9004808] violation_ls(batch:1 #solutions_imported:1 #lin_moves:15 #lin_evals:625 #weight_updates:7)
#Bound   1.63s best:9004809 next:[218352,9004808] objective_shaving_search_max_lp (vars=1843 csts=2870)
#3       1.64s best:9004770 next:[218352,9004769] violation_ls(batch:1 #solutions_imported:1 #lin_moves:0 #lin_evals:1'163 #gen_moves:11 #gen_evals:0 #comp_moves:5 #backtracks:3 #weight_updates:0)
#4       1.65s best:9004731 next:[218352,9004730] violation_ls(batch:2 #solutions_imported:2 #lin_moves:34 #lin_evals:1'251 #weight_updates:15)
#5       1.67s best:9004692 next:[218352,9004691] violation_ls(batch:3 #solutions_imported:3 #lin_moves:57 #lin_evals:1'865 #weight_updates:34)
#6       1.69s best:9004653 next:[218352,9004652] violation_ls(batch:3 #solutions_imported:3 #lin_moves:0 #lin_evals:20'192 #gen_moves:733 #gen_evals:0 #comp_moves:27 #backtracks:353 #weight_updates:5)
#Model   1.76s var:1841/1843 constraints:2869/2869
#7       1.81s best:9004614 next:[218352,9004613] violation_ls(batch:3 #solutions_imported:3 #lin_moves:5 #lin_evals:73'470 #gen_moves:3'889 #gen_evals:0 #comp_moves:367 #backtracks:1'758 #weight_updates:67)
#8       1.84s best:8993790 next:[218352,8993789] graph_var_lns (d=0.50 s=78 t=0.10 p=0.00 stall=0 h=auto_l0)
#Bound   1.89s best:8993790 next:[224079,8993789] max_lp
#9       1.91s best:8993751 next:[224079,8993750] violation_ls(batch:4 #solutions_imported:4 #lin_moves:5 #lin_evals:73'890 #gen_moves:3'914 #gen_evals:0 #comp_moves:374 #backtracks:1'767 #weight_updates:68)
#10      1.91s best:8993712 next:[224079,8993711] violation_ls(batch:4 #solutions_imported:4 #lin_moves:62 #lin_evals:1'904 #weight_updates:37)
#11      1.91s best:8993673 next:[224079,8993672] violation_ls(batch:4 #solutions_imported:4 #lin_moves:7 #lin_evals:20'239 #gen_moves:733 #gen_evals:0 #comp_moves:27 #backtracks:353 #weight_updates:10)
#12      1.97s best:8985211 next:[224079,8985210] graph_arc_lns (d=0.50 s=88 t=0.10 p=0.00 stall=0 h=auto_l0)
#Bound   2.03s best:8985211 next:[224086,8985210] lb_tree_search
#Model   2.04s var:1840/1843 constraints:2868/2869
#13      2.17s best:8985172 next:[224086,8985171] violation_ls(batch:5 #solutions_imported:5 #lin_moves:10 #lin_evals:73'929 #gen_moves:3'914 #gen_evals:0 #comp_moves:374 #backtracks:1'767 #weight_updates:71)
#14      2.17s best:8985133 next:[224086,8985132] violation_ls(batch:5 #solutions_imported:5 #lin_moves:69 #lin_evals:1'951 #weight_updates:42)
#15      2.21s best:8985094 next:[224086,8985093] violation_ls(batch:5 #solutions_imported:5 #lin_moves:7 #lin_evals:40'598 #gen_moves:1'688 #gen_evals:0 #comp_moves:62 #backtracks:813 #weight_updates:31)
#Bound   2.99s best:8985094 next:[245056,8985093] objective_lb_search_max_lp [skipped_logs=7]
#Model   3.01s var:1838/1843 constraints:2867/2869
#Model   3.50s var:1837/1843 constraints:2867/2869
#Model   3.71s var:1836/1843 constraints:2867/2869
#Model   3.89s var:1835/1843 constraints:2867/2869
#Bound   3.94s best:8985094 next:[250047,8985093] objective_lb_search_max_lp [skipped_logs=6]
#Model   4.10s var:1834/1843 constraints:2867/2869
#Model   4.20s var:1833/1843 constraints:2867/2869
#Model   4.61s var:1832/1843 constraints:2866/2869
#Model   4.71s var:1831/1843 constraints:2866/2869
#Bound   4.89s best:8985094 next:[252523,8985093] objective_lb_search_max_lp [skipped_logs=2]
#Model   5.51s var:1830/1843 constraints:2864/2869
#Bound   5.92s best:8985094 next:[259426,8985093] objective_lb_search_max_lp [skipped_logs=5]
#Bound   7.02s best:8985094 next:[259518,8985093] objective_lb_search_max_lp [skipped_logs=5]
#Bound   7.98s best:8985094 next:[267125,8985093] probing_max_lp [skipped_logs=4]
#Model   8.84s var:1829/1843 constraints:2864/2869
#Bound   8.54s best:8985094 next:[267140,8985093] probing_max_lp [skipped_logs=1]
#Model   9.05s var:1828/1843 constraints:2863/2869
#Bound   9.72s best:8985094 next:[267289,8985093] probing_max_lp [skipped_logs=2]
#Bound  10.91s best:8985094 next:[267508,8985093] probing_max_lp [skipped_logs=3]
#Model  11.45s var:1827/1843 constraints:2862/2869
#Bound  11.56s best:8985094 next:[267716,8985093] probing_max_lp [skipped_logs=2]
#Model  12.15s var:1826/1843 constraints:2861/2869
#Model  12.46s var:1825/1843 constraints:2861/2869
#Model  14.77s var:1824/1843 constraints:2859/2869
#Model  15.47s var:1823/1843 constraints:2859/2869
#Model  16.37s var:1822/1843 constraints:2858/2869
#Model  16.88s var:1821/1843 constraints:2858/2869
#Model  17.68s var:1820/1843 constraints:2857/2869
#Model  37.90s var:1819/1843 constraints:2857/2869
#Model  39.40s var:1818/1843 constraints:2856/2869
#Bound  62.45s best:8985094 next:[267718,8985093] probing_max_lp
#Bound  84.88s best:8985094 next:[267733,8985093] probing_max_lp
#Bound  85.10s best:8985094 next:[268180,8985093] probing_max_lp
#Bound  85.30s best:8985094 next:[268186,8985093] probing_max_lp
#Bound  85.47s best:8985094 next:[268206,8985093] probing_max_lp
#Bound  85.79s best:8985094 next:[268207,8985093] probing_max_lp
#Bound  86.16s best:8985094 next:[268209,8985093] probing_max_lp
#Bound  86.32s best:8985094 next:[268219,8985093] probing_max_lp
#Bound  86.78s best:8985094 next:[269896,8985093] probing_max_lp
#Bound 196.54s best:8985094 next:[269971,8985093] pseudo_costs
#Bound 197.07s best:8985094 next:[270787,8985093] pseudo_costs
#Bound 224.42s best:8985094 next:[270788,8985093] lb_tree_search
#Bound 224.73s best:8985094 next:[270789,8985093] lb_tree_search
#Bound 225.27s best:8985094 next:[270792,8985093] lb_tree_search
#Bound 225.76s best:8985094 next:[271556,8985093] lb_tree_search
#Bound 226.19s best:8985094 next:[271586,8985093] lb_tree_search
#Bound 226.66s best:8985094 next:[271607,8985093] lb_tree_search
#Bound 227.16s best:8985094 next:[271645,8985093] lb_tree_search
#Bound 227.53s best:8985094 next:[271646,8985093] lb_tree_search
#Bound 227.92s best:8985094 next:[271786,8985093] lb_tree_search
#Bound 228.38s best:8985094 next:[272269,8985093] lb_tree_search
#Bound 271.96s best:8985094 next:[272347,8985093] max_lp
#Bound 272.64s best:8985094 next:[273127,8985093] max_lp
#Bound 492.18s best:8985094 next:[273128,8985093] lb_tree_search
#Bound 492.42s best:8985094 next:[273166,8985093] lb_tree_search
#Bound 505.79s best:8985094 next:[275467,8985093] reduced_costs
#16    711.03s best:8974114 next:[275467,8974113] quick_restart_no_lp (fixed_bools=669/3394)
#17    719.50s best:8961975 next:[275467,8961974] quick_restart_no_lp (fixed_bools=669/3419)
#Bound 738.64s best:8961975 next:[276458,8961974] pseudo_costs
#Bound 738.96s best:8961975 next:[277807,8961974] pseudo_costs
#Bound 739.41s best:8961975 next:[277958,8961974] pseudo_costs
#Bound 740.10s best:8961975 next:[278861,8961974] pseudo_costs
#Bound 740.93s best:8961975 next:[278862,8961974] pseudo_costs
#Bound 741.55s best:8961975 next:[278931,8961974] pseudo_costs
#Bound 742.06s best:8961975 next:[279596,8961974] pseudo_costs
#Bound 742.57s best:8961975 next:[280147,8961974] pseudo_costs
#Bound 742.90s best:8961975 next:[280426,8961974] pseudo_costs
#Bound 743.35s best:8961975 next:[282487,8961974] pseudo_costs
#Model 1672.70s var:1817/1843 constraints:2855/2869
#18    2433.65s best:8959108 next:[282487,8959107] quick_restart_no_lp (fixed_bools=1137/4256)
#Model 2536.99s var:1816/1843 constraints:2854/2869
#Model 2925.65s var:1815/1843 constraints:2854/2869
#19    3758.16s best:1038279 next:[282487,1038278] no_lp (fixed_bools=1151/3460)
#20    3759.54s best:1014440 next:[282487,1014439] no_lp (fixed_bools=1151/3560)
#Model 3812.23s var:1814/1843 constraints:2854/2869
#21    4100.53s best:1003460 next:[282487,1003459] quick_restart_no_lp (fixed_bools=1848/5816)
#22    4285.55s best:981942 next:[282487,981941] no_lp (fixed_bools=1690/7643)
#23    4332.05s best:975781 next:[282487,975780] quick_restart_no_lp (fixed_bools=2285/6600)
#24    5266.68s best:787143 next:[282487,787142] no_lp (fixed_bools=2246/9043)
#Model 5274.11s var:1813/1843 constraints:2853/2869
#25    5873.60s best:776163 next:[282487,776162] quick_restart_no_lp (fixed_bools=3266/8088)
#Model 8010.72s var:1812/1843 constraints:2852/2869
#26    8794.60s best:692818 next:[282487,692817] no_lp (fixed_bools=3848/11475)
#27    9163.48s best:681838 next:[282487,681837] quick_restart_no_lp (fixed_bools=4220/9904)
#28    9191.10s best:678971 next:[282487,678970] quick_restart_no_lp (fixed_bools=4421/9962)
#29    9273.71s best:674640 next:[282487,674639] quick_restart_no_lp (fixed_bools=4460/10207)
#30    9843.72s best:662501 next:[282487,662500] quick_restart_no_lp (fixed_bools=4792/10744)
#31    10529.70s best:659634 next:[282487,659633] quick_restart_no_lp (fixed_bools=5147/11193)
#Bound 12835.79s best:659634 next:[282488,659633] lb_tree_search
#Bound 12836.09s best:659634 next:[282526,659633] lb_tree_search
#32    16277.71s best:653473 next:[282526,653472] quick_restart_no_lp (fixed_bools=5582/12941)
#Bound 17059.18s best:653473 next:[282527,653472] pseudo_costs
#Bound 17059.64s best:653473 next:[282568,653472] pseudo_costs
#Bound 17060.09s best:653473 next:[283602,653472] pseudo_costs
#Bound 17060.65s best:653473 next:[283852,653472] pseudo_costs
#Bound 17061.06s best:653473 next:[283868,653472] pseudo_costs
#Bound 17061.74s best:653473 next:[284323,653472] pseudo_costs
#Bound 17062.02s best:653473 next:[284716,653472] pseudo_costs
#Bound 17062.28s best:653473 next:[284753,653472] pseudo_costs
#Bound 17062.61s best:653473 next:[284778,653472] pseudo_costs
#Bound 17063.23s best:653473 next:[284788,653472] pseudo_costs
#Bound 17063.59s best:653473 next:[284808,653472] pseudo_costs
#Bound 17064.08s best:653473 next:[284827,653472] pseudo_costs
#Bound 17108.48s best:653473 next:[284828,653472] probing_max_lp
#Bound 17108.82s best:653473 next:[284866,653472] probing_max_lp
#Bound 17109.61s best:653473 next:[284867,653472] probing_max_lp
#Bound 17109.84s best:653473 next:[285882,653472] probing_max_lp
#Bound 17110.10s best:653473 next:[287167,653472] probing_max_lp
#33    20281.14s best:644750 next:[287167,644749] quick_restart_no_lp (fixed_bools=5963/15301)

Task timing                                  n [     min,      max]      avg      dev     time         n [     min,      max]      avg      dev    dtime
                             'core':         1 [   6.00h,    6.00h]    6.00h   0.00ns    6.00h         1 [   3.43h,    3.43h]    3.43h   0.00ns    3.43h
                       'default_lp':         1 [   6.00h,    6.00h]    6.00h   0.00ns    6.00h         1 [  26.83m,   26.83m]   26.83m   0.00ns   26.83m
                 'feasibility_pump':         3 [ 67.40ms,    2.04s]    1.34s 899.04ms    4.01s         2 [443.22ms, 481.61ms] 462.41ms  19.20ms 924.83ms
                  'fj_long_default':         2 [ 43.72ms, 196.97ms] 120.35ms  76.63ms 240.69ms         2 [  9.40ms,  41.62ms]  25.51ms  16.11ms  51.02ms
              'fj_long_lin_default':         2 [120.72ms, 143.16ms] 131.94ms  11.22ms 263.88ms         2 [ 20.26ms,  29.98ms]  25.12ms   4.86ms  50.24ms
                   'fj_long_random':         2 [168.93ms, 203.76ms] 186.34ms  17.41ms 372.69ms         2 [ 40.08ms,  41.34ms]  40.71ms 629.00us  81.42ms
                 'fj_short_default':         4 [ 69.04ms, 107.35ms]  88.03ms  16.82ms 352.10ms         4 [ 15.76ms,  24.00ms]  18.25ms   3.37ms  72.99ms
             'fj_short_lin_default':         3 [ 87.02ms, 107.21ms]  94.66ms   8.94ms 283.99ms         3 [ 17.42ms,  21.54ms]  19.84ms   1.76ms  59.53ms
              'fj_short_lin_random':         3 [ 91.01ms, 106.34ms]  96.58ms   6.92ms 289.74ms         3 [ 17.18ms,  21.68ms]  20.03ms   2.02ms  60.09ms
                  'fj_short_random':         2 [121.22ms, 129.13ms] 125.18ms   3.95ms 250.35ms         2 [ 23.06ms,  25.02ms]  24.04ms 976.61us  48.08ms
                        'fs_random':         1 [320.28ms, 320.28ms] 320.28ms   0.00ns 320.28ms         1 [ 20.00ns,  20.00ns]  20.00ns   0.00ns  20.00ns
                        'fs_random':         1 [322.39ms, 322.39ms] 322.39ms   0.00ns 322.39ms         1 [ 20.00ns,  20.00ns]  20.00ns   0.00ns  20.00ns
                  'fs_random_no_lp':         1 [311.74ms, 311.74ms] 311.74ms   0.00ns 311.74ms         0 [  0.00ns,   0.00ns]   0.00ns   0.00ns   0.00ns
                  'fs_random_no_lp':         1 [313.79ms, 313.79ms] 313.79ms   0.00ns 313.79ms         0 [  0.00ns,   0.00ns]   0.00ns   0.00ns   0.00ns
          'fs_random_quick_restart':         1 [319.85ms, 319.85ms] 319.85ms   0.00ns 319.85ms         1 [ 20.00ns,  20.00ns]  20.00ns   0.00ns  20.00ns
          'fs_random_quick_restart':         1 [321.68ms, 321.68ms] 321.68ms   0.00ns 321.68ms         1 [ 20.00ns,  20.00ns]  20.00ns   0.00ns  20.00ns
    'fs_random_quick_restart_no_lp':         1 [313.11ms, 313.11ms] 313.11ms   0.00ns 313.11ms         0 [  0.00ns,   0.00ns]   0.00ns   0.00ns   0.00ns
                    'graph_arc_lns':         5 [322.30ms,    6.00h]    2.40h    2.94h   12.00h         4 [ 20.00ns, 100.52ms]  75.21ms  43.42ms 300.83ms
                    'graph_cst_lns':         5 [   6.00h,    6.00h]    6.00h 298.48ms   30.00h         1 [781.00ns, 781.00ns] 781.00ns   0.00ns 781.00ns
                    'graph_dec_lns':         5 [351.33ms,    6.00h]    2.40h    2.94h   12.00h         4 [ 20.00ns, 100.15ms]  75.07ms  43.34ms 300.27ms
                    'graph_var_lns':         5 [191.29ms,    6.00h]    1.20h    2.40h    6.00h         5 [ 10.00ns, 101.43ms]  80.48ms  40.24ms 402.41ms
                   'lb_tree_search':         1 [   6.00h,    6.00h]    6.00h   0.00ns    6.00h         1 [  17.76m,   17.76m]   17.76m   0.00ns   17.76m
                           'max_lp':         1 [   6.00h,    6.00h]    6.00h   0.00ns    6.00h         1 [  17.50m,   17.50m]   17.50m   0.00ns   17.50m
                            'no_lp':         1 [   6.00h,    6.00h]    6.00h   0.00ns    6.00h         1 [   3.74h,    3.74h]    3.74h   0.00ns    3.74h
              'objective_lb_search':         1 [   6.00h,    6.00h]    6.00h   0.00ns    6.00h         1 [  30.35m,   30.35m]   30.35m   0.00ns   30.35m
       'objective_lb_search_max_lp':         1 [   6.00h,    6.00h]    6.00h   0.00ns    6.00h         1 [  20.34m,   20.34m]   20.34m   0.00ns   20.34m
        'objective_lb_search_no_lp':         1 [   6.00h,    6.00h]    6.00h   0.00ns    6.00h         1 [   3.20h,    3.20h]    3.20h   0.00ns    3.20h
  'objective_shaving_search_max_lp':        17 [  9.57ms, 107.96ms]  18.02ms  22.97ms 306.31ms         0 [  0.00ns,   0.00ns]   0.00ns   0.00ns   0.00ns
   'objective_shaving_search_no_lp':        15 [  6.50ms,  97.16ms]  20.35ms  21.12ms 305.25ms         0 [  0.00ns,   0.00ns]   0.00ns   0.00ns   0.00ns
                          'probing':         1 [   6.00h,    6.00h]    6.00h   0.00ns    6.00h         1 [  26.36m,   26.36m]   26.36m   0.00ns   26.36m
                   'probing_max_lp':         1 [   6.00h,    6.00h]    6.00h   0.00ns    6.00h         1 [  17.24m,   17.24m]   17.24m   0.00ns   17.24m
                     'pseudo_costs':         1 [   6.00h,    6.00h]    6.00h   0.00ns    6.00h         1 [  19.12m,   19.12m]   19.12m   0.00ns   19.12m
                    'quick_restart':         1 [   6.00h,    6.00h]    6.00h   0.00ns    6.00h         1 [  30.25m,   30.25m]   30.25m   0.00ns   30.25m
              'quick_restart_no_lp':         1 [   6.00h,    6.00h]    6.00h   0.00ns    6.00h         1 [   2.86h,    2.86h]    2.86h   0.00ns    2.86h
                    'reduced_costs':         1 [   6.00h,    6.00h]    6.00h   0.00ns    6.00h         1 [  18.93m,   18.93m]   18.93m   0.00ns   18.93m
                        'rins/rens':         3 [507.42ms,    6.00h]    4.00h    2.83h   12.00h         2 [ 20.00ns, 100.23ms]  50.11ms  50.11ms 100.23ms
                      'rnd_cst_lns':         5 [230.90ms,    6.00h]    2.40h    2.94h   12.00h         4 [ 20.00ns, 100.21ms]  75.07ms  43.34ms 300.28ms
                      'rnd_var_lns':         5 [   1.11s,    6.00h]    4.80h    2.40h   24.00h         2 [ 40.00ns, 100.00ms]  50.00ms  50.00ms 100.00ms
                     'violation_ls':         5 [342.79us,  10.12ms]   2.71ms   3.73ms  13.54ms         5 [ 11.30us, 167.70us]  80.33us  61.00us 401.62us
                     'violation_ls':         5 [356.53us,  36.53ms]  17.77ms  12.54ms  88.83ms         5 [ 12.81us,   7.54ms]   2.82ms   2.76ms  14.12ms
                     'violation_ls':         5 [524.72us, 159.25ms]  36.32ms  61.94ms 181.60ms         5 [ 11.30us,  27.95ms]   6.11ms  10.96ms  30.56ms

Search stats                         Bools  Conflicts     Branches    Restarts      BoolPropag   IntegerPropag
                           'core':  13'722  3'713'072  430'895'546  70'872'224  12'237'499'480  13'511'978'890
                     'default_lp':   2'148         13       57'550      34'405       2'678'638       5'423'129
                      'fs_random':   1'550          0        1'746       1'746          38'478         226'750
                      'fs_random':   1'550          0        1'758       1'758          38'770         227'437
                'fs_random_no_lp':   1'550          0        1'756       1'756          38'721         227'316
                'fs_random_no_lp':   1'550          0        1'796       1'796          39'648         230'665
        'fs_random_quick_restart':   1'550          0        1'772       1'772          39'126         228'481
        'fs_random_quick_restart':   1'550          0        2'084       2'084          44'767         247'998
  'fs_random_quick_restart_no_lp':   1'550          0        1'824       1'824          40'358         233'382
                 'lb_tree_search':   2'148         10       45'368      28'356       2'154'691       4'357'909
                         'max_lp':   2'148         11       44'436      27'778       2'101'957       4'290'356
                          'no_lp':  23'370  3'534'562  406'641'357  70'068'053  27'093'388'337  13'019'112'654
            'objective_lb_search':   2'148         13       62'701      37'009       2'904'102       5'876'950
     'objective_lb_search_max_lp':   2'148         11       45'421      28'265       2'150'400       4'372'803
      'objective_lb_search_no_lp':   7'626  2'804'399  458'485'311  68'776'881   7'629'895'415  13'398'715'873
                        'probing':   2'148         13       66'635      39'322       3'128'986       6'265'782
                 'probing_max_lp':   2'148         12       41'424      26'595       2'011'684       4'058'016
                   'pseudo_costs':   2'148         11       50'586      30'895       2'380'564       4'827'811
                  'quick_restart':   2'148         13       59'747      35'542       2'793'773       5'659'976
            'quick_restart_no_lp':  15'914    350'304  479'013'366  83'788'735  17'307'907'958  15'915'593'560
                  'reduced_costs':   2'148         11       46'293      28'694       2'173'269       4'425'144

SAT stats                           ClassicMinim  LitRemoved     LitLearned   LitForgotten  Subsumed  MClauses  MDecisions  MLitTrue  MSubsumed  MLitRemoved  MReused
                           'core':     3'604'503  41'573'587  1'620'125'709  1'596'879'034    32'812   371'868   2'286'191         1        456        8'596   96'618
                     'default_lp':             1           2             14              0         0         0           0         0          0            0        0
                      'fs_random':             0           0              0              0         0         0           0         0          0            0        0
                      'fs_random':             0           0              0              0         0         0           0         0          0            0        0
                'fs_random_no_lp':             0           0              0              0         0         0           0         0          0            0        0
                'fs_random_no_lp':             0           0              0              0         0         0           0         0          0            0        0
        'fs_random_quick_restart':             0           0              0              0         0         0           0         0          0            0        0
        'fs_random_quick_restart':             0           0              0              0         0         0           0         0          0            0        0
  'fs_random_quick_restart_no_lp':             0           0              0              0         0         0           0         0          0            0        0
                 'lb_tree_search':             0           0             10              0         0         0           0         0          0            0        0
                         'max_lp':             0           0             11              0         0         0           0         0          0            0        0
                          'no_lp':     3'412'082  40'751'126  1'468'378'528  1'439'087'023    47'255   351'629   6'308'497         7      1'075       33'299   99'907
            'objective_lb_search':             0           0             13              0         0         0           0         0          0            0        0
     'objective_lb_search_max_lp':             0           0             11              0         0         0           0         0          0            0        0
      'objective_lb_search_no_lp':     2'686'750  26'150'184  1'419'808'473  1'398'269'788    28'423   319'879   1'812'560         0        237        1'633   78'304
                        'probing':             0           0             13              0         0         0           0         0          0            0        0
                 'probing_max_lp':             0           0             12              0         0         0           0         0          0            0        0
                   'pseudo_costs':             0           0             11              0         0         0           0         0          0            0        0
                  'quick_restart':             0           0             13              0         0         0           0         0          0            0        0
            'quick_restart_no_lp':       251'610   3'812'235    140'016'808    115'239'112    37'502    69'064  16'552'870        11      1'317      130'142   71'502
                  'reduced_costs':             0           0             11              0         0         0           0         0          0            0        0

Lp stats                         Component  Iterations  AddedCuts  OPTIMAL  DUAL_F.  DUAL_U.
                  'default_lp':          1   6'167'530  2'767'127  185'646        6        5
                   'fs_random':          1           0          0        0        0        0
                   'fs_random':          1           0          0        0        0        0
     'fs_random_quick_restart':          1           0          0        0        0        0
     'fs_random_quick_restart':          1           0          0        0        0        0
              'lb_tree_search':          1   2'882'581    836'548   96'989   25'880        3
                      'max_lp':          1   2'782'086    802'895   95'001   25'145        4
         'objective_lb_search':          1   6'831'370  3'189'864  201'130        4        6
  'objective_lb_search_max_lp':          1   3'190'003    765'527   97'972   24'880        4
                     'probing':          1   6'368'397  2'733'964  212'626        9        6
              'probing_max_lp':          1   2'641'183    804'496   91'486   23'192        5
                'pseudo_costs':          1   3'152'215    884'960  107'022   28'537        4
               'quick_restart':          1   6'838'932  3'326'986  193'135        9        6
               'reduced_costs':          1   2'959'726    803'246   97'248   26'158        4

Lp dimension                                                                        Final dimension of first component
                  'default_lp':  2744 rows, 1841 columns, 38079 entries with magnitude in [2.265601e-06, 1.000000e+00]
                   'fs_random':         0 rows, 1841 columns, 0 entries with magnitude in [0.000000e+00, 0.000000e+00]
                   'fs_random':         0 rows, 1841 columns, 0 entries with magnitude in [0.000000e+00, 0.000000e+00]
     'fs_random_quick_restart':         0 rows, 1841 columns, 0 entries with magnitude in [0.000000e+00, 0.000000e+00]
     'fs_random_quick_restart':         0 rows, 1841 columns, 0 entries with magnitude in [0.000000e+00, 0.000000e+00]
              'lb_tree_search':  2589 rows, 1843 columns, 50535 entries with magnitude in [3.628528e-06, 1.000000e+00]
                      'max_lp':  2626 rows, 1843 columns, 30554 entries with magnitude in [7.900639e-05, 1.000000e+00]
         'objective_lb_search':  3159 rows, 1841 columns, 62695 entries with magnitude in [1.101084e-06, 1.000000e+00]
  'objective_lb_search_max_lp':  2557 rows, 1843 columns, 30184 entries with magnitude in [2.051680e-05, 1.000000e+00]
                     'probing':  2382 rows, 1841 columns, 28579 entries with magnitude in [1.601984e-06, 1.000000e+00]
              'probing_max_lp':  1916 rows, 1843 columns, 15052 entries with magnitude in [2.076259e-04, 1.000000e+00]
                'pseudo_costs':  2392 rows, 1843 columns, 34804 entries with magnitude in [2.262702e-05, 1.000000e+00]
               'quick_restart':  3070 rows, 1841 columns, 47190 entries with magnitude in [1.573443e-06, 1.000000e+00]
               'reduced_costs':  2576 rows, 1843 columns, 36409 entries with magnitude in [1.746706e-05, 1.000000e+00]

Lp debug                         CutPropag  CutEqPropag  Adjust  Overflow          Bad  BadScaling
                  'default_lp':          0        2'706   4'193         0  127'044'761           0
                   'fs_random':          0            0       0         0            0           0
                   'fs_random':          0            0       0         0            0           0
     'fs_random_quick_restart':          0            0       0         0            0           0
     'fs_random_quick_restart':          0            0       0         0            0           0
              'lb_tree_search':          0          883  21'142         0  141'406'716           0
                      'max_lp':          0          954  28'425         0  137'133'577           0
         'objective_lb_search':          0        2'806   3'021         0  131'744'192           0
  'objective_lb_search_max_lp':          0        1'095  26'887         0  137'916'445           0
                     'probing':          0        4'047   5'249         0  137'855'938           0
              'probing_max_lp':          0        1'058  33'317         0  134'544'462           0
                'pseudo_costs':          3          645  45'561         0  150'394'841           0
               'quick_restart':          0        2'322   5'978         0  133'302'159           0
               'reduced_costs':         12        1'503  29'751         0  140'755'856           0

Lp pool                          Constraints  Updates  Simplif  Merged  Shortened   Split  Strenghtened            Cuts/Call
                  'default_lp':       11'363   56'305   20'453      93      1'563  18'206       120'543  2'767'127/6'181'375
                   'fs_random':        2'329        0        0       0          0       0             0                  0/0
                   'fs_random':        2'329        0        0       0          0       0             0                  0/0
     'fs_random_quick_restart':        2'329        0        0       0          0       0             0                  0/0
     'fs_random_quick_restart':        2'329        0        0       0          0       0             0                  0/0
              'lb_tree_search':       12'366   47'257   31'628      53      1'311  38'934       166'073    836'548/1'965'278
                      'max_lp':       12'751   43'677   24'223      15      2'925  38'596       163'505    802'895/1'727'360
         'objective_lb_search':       12'093   67'729   18'178     100      1'545  19'172       128'912  3'189'864/7'490'128
  'objective_lb_search_max_lp':       12'351   52'159   23'740      47      1'350  46'072       155'384    765'527/1'724'339
                     'probing':       12'241   57'714   22'363      52      1'938  19'628       122'426  2'733'964/6'537'862
              'probing_max_lp':       12'349   46'690   26'553      18      1'312  42'332       149'678    804'496/1'851'326
                'pseudo_costs':       12'768   53'332   27'199      63      1'396  65'236       173'548    884'960/2'133'699
               'quick_restart':       12'273   65'010   20'933      42      1'166  17'116       129'237  3'326'986/7'664'585
               'reduced_costs':       12'078   49'548   42'352      39      1'566  55'086       179'815    803'246/1'836'794

Lp Cut             defaul   max_lp   quick_   reduce   pseudo   lb_tre   probin   object   probin   object
          CG_FF:   95'401   16'546  100'093   19'314   21'277   19'131   74'966   89'702   17'146   17'410
           CG_K:    4'331    4'171    5'410    7'084    8'830    5'315    6'780    5'616    5'562    5'709
          CG_KL:        -        -        2        -        -        -        1        -        -        -
           CG_R:   82'679   18'455   82'126   20'585   20'875   20'498   89'811   89'632   18'060   18'943
          CG_RB:  651'058   79'674  767'046   95'459   84'993   84'642  564'605  662'184   71'685   81'563
         CG_RBP:    2'553    5'514    3'023    9'807    5'946    4'342    3'563    2'673    4'905    5'638
         Clique:        -   17'006        -   17'598   19'657   17'504        -        -   16'348   17'045
             IB:  412'916  100'032  494'153   95'260  107'846   99'122  443'660  475'868  102'849   95'589
       MIR_1_FF:  404'870  109'838  528'955  106'544  127'640  119'145  388'999  531'702  136'383  102'488
        MIR_1_K:    5'111    5'658    6'518    7'572    8'213    7'390    7'803    5'908    8'667    6'904
        MIR_1_R:    8'253    5'205   11'196    5'019    5'026    4'553    8'475   12'848    4'608    5'255
       MIR_1_RB:  473'697  160'054  588'078  147'448  167'721  165'875  505'787  583'336  155'124  137'825
      MIR_1_RBP:    1'250    3'290    1'124    3'236    1'558    2'345      666      739    2'199    1'761
      MIR_1_RLT:        -      421        -      471      459      462        -        -      394      445
       MIR_2_FF:   20'551   15'124   24'725   13'592   16'403   15'127   23'774   24'945   16'882   13'660
        MIR_2_K:    1'060    1'666    1'393    2'040    2'436    1'883    1'438    1'360    2'053    2'615
        MIR_2_R:    6'660    6'060    7'809    6'822    6'463    6'628    6'964    7'110    6'818    7'637
       MIR_2_RB:  102'790   57'897  135'616   57'485   71'308   65'198   99'134  130'401   55'958   54'818
      MIR_2_RBP:      490      880      862    1'461      527    1'341      196      324    1'470    1'315
       MIR_3_FF:    6'171    6'537    7'552    5'650    6'945    6'317    6'379    7'109    6'894    5'732
        MIR_3_K:    1'345    2'468    1'142    2'605    2'705    2'267    1'112    1'256    2'405    2'490
        MIR_3_R:   15'281    5'385   16'085    6'021    5'954    6'063   16'547   16'935    4'583    5'785
       MIR_3_RB:   91'932   33'745  102'939   32'378   35'196   36'177   85'951   95'866   30'708   33'262
      MIR_3_RBP:      577      922      374    1'158      705      908      243      318      751      794
       MIR_4_FF:    2'029    5'414    2'410    4'580    5'724    4'983    2'295    2'402    5'754    4'755
        MIR_4_K:      526    2'079      507    1'930    1'947    1'761      421      537    1'982    1'781
       MIR_4_KL:        -        -        1        -        -        -        -        -        -        -
        MIR_4_R:    3'479    2'189    3'909    2'465    2'428    2'360    3'927    4'042    1'975    2'353
       MIR_4_RB:   58'935   25'183   68'356   22'669   26'783   24'217   55'066   61'521   22'557   24'091
      MIR_4_RBP:      242    1'275      169    1'035      687      908       73      127      871      847
       MIR_5_FF:    1'867    3'947    1'796    3'607    4'112    3'792    1'908    2'165    4'026    3'683
        MIR_5_K:      520    1'472      250    1'482    1'773    1'420      309      513    1'539    1'446
        MIR_5_R:    2'201    1'552    2'483    1'706    1'609    1'599    2'363    2'494    1'282    1'654
       MIR_5_RB:   42'009   20'330   47'425   18'706   21'816   19'591   38'763   42'701   18'183   19'094
      MIR_5_RBP:      184      706       90      630      353      497       65      122      480      508
       MIR_6_FF:      613    2'107      683    1'916    2'180    1'960      659      742    2'039    2'089
        MIR_6_K:      188      998      112    1'046    1'207      976      153      146    1'103    1'022
       MIR_6_KL:        -        1        -        -        -        -        -        -        1        -
        MIR_6_R:    1'130    1'348    1'165    1'613    1'512    1'364    1'165    1'263    1'201    1'551
       MIR_6_RB:   28'343   14'989   32'627   13'855   15'634   14'265   26'280   28'795   13'922   14'316
      MIR_6_RBP:      103      610       53      431      192      338       55       45      362      310
   ZERO_HALF_FF:   28'048    6'512   39'726    7'505    7'974    7'455   41'154   44'269    6'138    6'566
    ZERO_HALF_K:    4'269      726    3'782    1'158    1'949    1'116    4'019    4'297    1'105      815
   ZERO_HALF_KL:        -        4        -        3        -        -        -        -        1        -
    ZERO_HALF_R:  106'402   33'902  111'697   32'585   37'883   35'051  112'744  116'236   30'693   36'382
   ZERO_HALF_RB:   96'485   20'303  122'922   18'972   20'125   20'051  105'114  131'157   16'339   17'167
  ZERO_HALF_RBP:      578      700      602      743      389      611      577      458      491      414

LNS stats           Improv/Calls  Closed  Difficulty  TimeLimit
  'graph_arc_lns':           5/5      0%        0.06       0.10
  'graph_cst_lns':           5/5      0%        0.06       0.10
  'graph_dec_lns':           3/5      0%        0.06       0.10
  'graph_var_lns':           5/5     40%        0.43       0.10
      'rins/rens':           3/3      0%        0.12       0.10
    'rnd_cst_lns':           2/5      0%        0.06       0.10
    'rnd_var_lns':           4/5     20%        0.18       0.10

LS stats                   Batches  Restarts  LinMoves  GenMoves  CompoundMoves  WeightUpdates
       'fj_long_default':        2         1    11'420         0              0            818
   'fj_long_lin_default':        2         1         0     7'571            564             72
        'fj_long_random':        2         1    18'840         0              0          1'160
      'fj_short_default':        4         1         0    11'892          1'042             28
  'fj_short_lin_default':        3         1         0    10'075            904             16
   'fj_short_lin_random':        3         1         0    10'486            955             36
       'fj_short_random':        2         1         0     8'169            772             33
          'violation_ls':        5         0        10     3'914            374             71
          'violation_ls':        5         0        69         0              0             42
          'violation_ls':        5         0         7     1'688             62             31

Solutions (33)            Num     Rank
      'fj_long_default':    1    [1,1]
        'graph_arc_lns':    1  [12,12]
        'graph_var_lns':    1    [8,8]
                'no_lp':    5  [19,26]
  'quick_restart_no_lp':   13  [16,33]
         'violation_ls':   12   [2,15]

Objective bounds                      Num
                   'initial_domain':    1
                   'lb_tree_search':   15
                           'max_lp':    5
       'objective_lb_search_max_lp':   29
  'objective_shaving_search_max_lp':   12
   'objective_shaving_search_no_lp':    8
                   'probing_max_lp':   27
                     'pseudo_costs':   27
                    'reduced_costs':    1

Solution repositories    Added  Queried  Ignored  Synchro
  'feasible solutions':     55       82        0       54
        'lp solutions':      0        0        0        0
                'pump':     13        3

Improving bounds shared            Num
                        'core':  2'003
                  'default_lp':     26
              'lb_tree_search':      1
                      'max_lp':     45
                       'no_lp':  2'191
         'objective_lb_search':     25
  'objective_lb_search_max_lp':     60
   'objective_lb_search_no_lp':  2'322
                     'probing':     96
              'probing_max_lp':     42
                'pseudo_costs':     28
               'quick_restart':      3
         'quick_restart_no_lp':  3'791
               'reduced_costs':     46

Clauses shared                    Num
                       'core':    950
                 'default_lp':      1
                      'no_lp':    976
  'objective_lb_search_no_lp':    982
        'quick_restart_no_lp':  1'236

CpSolverResponse summary:
status: FEASIBLE
objective: 644750
best_bound: 287167
integers: 1844
booleans: 1550
conflicts: 0
branches: 1796
propagations: 39648
integer_propagations: 230665
restarts: 1796
lp_iterations: 0
walltime: 21600.2
usertime: 21600.2
deterministic_time: 61127.3
gap_integral: 781649
solution_fingerprint: 0x4087a534697c1942

CPU USED: 32
Loading /home/aneumann/projects/def-adhaj/aneumann/gns/data/instances/test/l/instance_151.pkl...
===* START SOLVING *===
   index   value       gap    status  computing_time  max_time  cpu  max_memory
0    151  6447.5  0.554607  feasible    21601.221007         6   32         118
===* END OF FILE *===
