created virtual environment CPython3.12.4.final.0-64 in 7789ms
  creator CPython3Posix(dest=/local/aneumann.27429339.0/env, clear=False, no_vcs_ignore=False, global=False)
  seeder FromAppData(download=False, pip=bundle, via=copy, app_data_dir=/home/aneumann/.local/share/virtualenv)
    added seed packages: pip==24.0
  activators BashActivator,CShellActivator,FishActivator,NushellActivator,PowerShellActivator,PythonActivator
Looking in links: /cvmfs/soft.computecanada.ca/custom/python/wheelhouse/gentoo2023/x86-64-v3, /cvmfs/soft.computecanada.ca/custom/python/wheelhouse/gentoo2023/generic, /cvmfs/soft.computecanada.ca/custom/python/wheelhouse/generic
Requirement already satisfied: pip in /local/aneumann.27429339.0/env/lib/python3.12/site-packages (24.0)
Processing /cvmfs/soft.computecanada.ca/custom/python/wheelhouse/generic/pip-24.2+computecanada-py3-none-any.whl
Installing collected packages: pip
  Attempting uninstall: pip
    Found existing installation: pip 24.0
    Uninstalling pip-24.0:
      Successfully uninstalled pip-24.0
Successfully installed pip-24.2+computecanada
Looking in links: /cvmfs/soft.computecanada.ca/custom/python/wheelhouse/gentoo2023/x86-64-v3, /cvmfs/soft.computecanada.ca/custom/python/wheelhouse/gentoo2023/generic, /cvmfs/soft.computecanada.ca/custom/python/wheelhouse/generic
ERROR: protobuf-5.28.3-cp38-abi3-manylinux2014_x86_64.whl is not a supported wheel on this platform.
Looking in links: /cvmfs/soft.computecanada.ca/custom/python/wheelhouse/gentoo2023/x86-64-v3, /cvmfs/soft.computecanada.ca/custom/python/wheelhouse/gentoo2023/generic, /cvmfs/soft.computecanada.ca/custom/python/wheelhouse/generic
Processing /home/aneumann/projects/def-adhaj/aneumann/gns/wheels/immutabledict-4.2.0-py3-none-any.whl
Installing collected packages: immutabledict
Successfully installed immutabledict-4.2.0
Looking in links: /cvmfs/soft.computecanada.ca/custom/python/wheelhouse/gentoo2023/x86-64-v3, /cvmfs/soft.computecanada.ca/custom/python/wheelhouse/gentoo2023/generic, /cvmfs/soft.computecanada.ca/custom/python/wheelhouse/generic
Processing /cvmfs/soft.computecanada.ca/custom/python/wheelhouse/generic/ortools-9.10.4067+computecanada-cp312-cp312-linux_x86_64.whl (from -r /home/aneumann/projects/def-adhaj/aneumann/gns/requirements_or.txt (line 1))
Processing /cvmfs/soft.computecanada.ca/custom/python/wheelhouse/gentoo2023/x86-64-v3/pandas-2.2.2+computecanada-cp312-cp312-linux_x86_64.whl (from -r /home/aneumann/projects/def-adhaj/aneumann/gns/requirements_or.txt (line 2))
Processing /cvmfs/soft.computecanada.ca/custom/python/wheelhouse/generic/absl_py-2.1.0+computecanada-py3-none-any.whl (from ortools->-r /home/aneumann/projects/def-adhaj/aneumann/gns/requirements_or.txt (line 1))
Processing /cvmfs/soft.computecanada.ca/custom/python/wheelhouse/gentoo2023/generic/numpy-2.1.1+computecanada-cp312-cp312-linux_x86_64.whl (from ortools->-r /home/aneumann/projects/def-adhaj/aneumann/gns/requirements_or.txt (line 1))
Processing /cvmfs/soft.computecanada.ca/custom/python/wheelhouse/gentoo2023/x86-64-v3/protobuf-5.28.0+computecanada-cp312-cp312-linux_x86_64.whl (from ortools->-r /home/aneumann/projects/def-adhaj/aneumann/gns/requirements_or.txt (line 1))
Requirement already satisfied: immutabledict>=3.0.0 in /local/aneumann.27429339.0/env/lib/python3.12/site-packages (from ortools->-r /home/aneumann/projects/def-adhaj/aneumann/gns/requirements_or.txt (line 1)) (4.2.0)
Processing /cvmfs/soft.computecanada.ca/custom/python/wheelhouse/generic/python_dateutil-2.9.0.post0+computecanada-py2.py3-none-any.whl (from pandas->-r /home/aneumann/projects/def-adhaj/aneumann/gns/requirements_or.txt (line 2))
Processing /cvmfs/soft.computecanada.ca/custom/python/wheelhouse/generic/pytz-2024.2+computecanada-py2.py3-none-any.whl (from pandas->-r /home/aneumann/projects/def-adhaj/aneumann/gns/requirements_or.txt (line 2))
Processing /cvmfs/soft.computecanada.ca/custom/python/wheelhouse/generic/tzdata-2024.2+computecanada-py2.py3-none-any.whl (from pandas->-r /home/aneumann/projects/def-adhaj/aneumann/gns/requirements_or.txt (line 2))
Processing /cvmfs/soft.computecanada.ca/custom/python/wheelhouse/generic/six-1.16.0+computecanada-py2.py3-none-any.whl (from python-dateutil>=2.8.2->pandas->-r /home/aneumann/projects/def-adhaj/aneumann/gns/requirements_or.txt (line 2))
Installing collected packages: pytz, tzdata, six, protobuf, numpy, absl-py, python-dateutil, pandas, ortools
Successfully installed absl-py-2.1.0+computecanada numpy-2.1.1+computecanada ortools-9.10.4067+computecanada pandas-2.2.2+computecanada protobuf-5.28.0+computecanada python-dateutil-2.9.0.post0+computecanada pytz-2024.2+computecanada six-1.16.0+computecanada tzdata-2024.2+computecanada

Starting CP-SAT solver v9.10.4067
Parameters: max_time_in_seconds: 21600 max_memory_in_mb: 118 log_search_progress: true optimize_with_core: true cp_model_presolve: true enumerate_all_solutions: false num_search_workers: 32 use_implied_bounds: true absolute_gap_limit: 5 relative_gap_limit: 0.01 use_probing_search: true

Initial optimization model '': (model_fingerprint: 0xfb8854a69d796b4)
#Variables: 2'445 (#bools: 25 #ints: 1 in objective)
  - 2'121 Booleans in [0,1]
  - 323 in [0,225000]
  - 1 constants in {1} 
#kBoolOr: 1'384 (#literals: 1'384)
#kLinear1: 344
#kLinear2: 6'641
#kLinear3: 1'564
#kLinearN: 450 (#terms: 5'634)

Starting presolve at 0.00s
  2.52e-03s  0.00e+00d  [DetectDominanceRelations] 
  5.86e-02s  0.00e+00d  [PresolveToFixPoint] #num_loops=17 #num_dual_strengthening=3 
  7.93e-05s  0.00e+00d  [ExtractEncodingFromLinear] #potential_supersets=181 
[Symmetry] Graph for symmetry has 8'706 nodes and 18'608 arcs.
[Symmetry] Symmetry computation done. time: 0.0024856 dtime: 0.00244645
[Symmetry] #generators: 3, average support size: 2
[Symmetry] 3 orbits with sizes: 2,2,2
[Symmetry] Found orbitope of size 1 x 2
[SAT presolve] num removable Booleans: 0 / 1360
[SAT presolve] num trivial clauses: 0
[SAT presolve] [0s] clauses:2464 literals:4928 vars:1324 one_side_vars:1297 simple_definition:23 singleton_clauses:0
[SAT presolve] [0.000256743s] clauses:2464 literals:4928 vars:1324 one_side_vars:1297 simple_definition:23 singleton_clauses:0
[SAT presolve] [0.000382909s] clauses:2464 literals:4928 vars:1324 one_side_vars:1297 simple_definition:23 singleton_clauses:0
  5.96e-01s  9.90e-02d  [Probe] #probed=3'117 #fixed_bools=87 #new_bounds=156 
  5.82e-03s  0.00e+00d  [MaxClique] Merged 2642(7440 literals) into 939(6062 literals) at_most_ones. 
  2.09e-03s  0.00e+00d  [DetectDominanceRelations] 
  1.29e-02s  0.00e+00d  [PresolveToFixPoint] #num_loops=3 #num_dual_strengthening=2 
  2.98e-03s  0.00e+00d  [ProcessAtMostOneAndLinear] #num_changes=33 
  1.87e-03s  0.00e+00d  [DetectDuplicateConstraints] #without_enforcements=1 
  4.68e-04s  1.88e-05d  [DetectDominatedLinearConstraints] #relevant_constraints=1'308 
  5.55e-04s  0.00e+00d  [DetectDifferentVariables] #different=14 
  9.43e-04s  2.61e-04d  [ProcessSetPPC] #relevant_constraints=919 #num_inclusions=688 
  6.62e-05s  0.00e+00d  [FindAlmostIdenticalLinearConstraints] 
  4.44e-03s  4.68e-03d  [FindBigAtMostOneAndLinearOverlap] 
  1.13e-03s  2.25e-03d  [FindBigVerticalLinearOverlap] 
  2.73e-04s  6.21e-04d  [FindBigHorizontalLinearOverlap] #linears=117 
  8.16e-05s  0.00e+00d  [MergeClauses] 
  2.10e-03s  0.00e+00d  [DetectDominanceRelations] 
  9.46e-03s  0.00e+00d  [PresolveToFixPoint] #num_loops=3 #num_dual_strengthening=3 
  2.24e-03s  0.00e+00d  [DetectDominanceRelations] 
  7.62e-03s  0.00e+00d  [PresolveToFixPoint] #num_loops=1 #num_dual_strengthening=1 
[Symmetry] Graph for symmetry has 6'626 nodes and 13'134 arcs.
[Symmetry] Symmetry computation done. time: 0.00132258 dtime: 0.00148998
[Symmetry] #generators: 2, average support size: 2
[Symmetry] 2 orbits with sizes: 2,2
[Symmetry] Found orbitope of size 1 x 2
[SAT presolve] num removable Booleans: 0 / 1268
[SAT presolve] num trivial clauses: 0
[SAT presolve] [0s] clauses:25 literals:50 vars:39 one_side_vars:33 simple_definition:6 singleton_clauses:0
[SAT presolve] [4.8068e-05s] clauses:25 literals:50 vars:39 one_side_vars:33 simple_definition:6 singleton_clauses:0
[SAT presolve] [9.3033e-05s] clauses:25 literals:50 vars:39 one_side_vars:33 simple_definition:6 singleton_clauses:0
  1.57e-01s  2.67e-02d  [Probe] #probed=3'024 #fixed_bools=2 #new_bounds=103 
  2.49e-03s  0.00e+00d  [MaxClique] Merged 750(4897 literals) into 750(4903 literals) at_most_ones. 
  2.23e-03s  0.00e+00d  [DetectDominanceRelations] 
  1.18e-02s  0.00e+00d  [PresolveToFixPoint] #num_loops=3 #num_dual_strengthening=2 
  2.78e-03s  0.00e+00d  [ProcessAtMostOneAndLinear] #num_changes=1 
  1.81e-03s  0.00e+00d  [DetectDuplicateConstraints] #duplicates=4 
  4.62e-04s  1.87e-05d  [DetectDominatedLinearConstraints] #relevant_constraints=1'303 
  5.03e-04s  0.00e+00d  [DetectDifferentVariables] #different=14 
  8.02e-04s  2.56e-04d  [ProcessSetPPC] #relevant_constraints=868 #num_inclusions=636 
  6.78e-05s  0.00e+00d  [FindAlmostIdenticalLinearConstraints] 
  4.56e-03s  4.68e-03d  [FindBigAtMostOneAndLinearOverlap] 
  1.12e-03s  2.25e-03d  [FindBigVerticalLinearOverlap] 
  2.72e-04s  6.11e-04d  [FindBigHorizontalLinearOverlap] #linears=115 
  7.89e-05s  0.00e+00d  [MergeClauses] 
  2.10e-03s  0.00e+00d  [DetectDominanceRelations] 
  8.47e-03s  0.00e+00d  [PresolveToFixPoint] #num_loops=2 #num_dual_strengthening=2 
  2.04e-03s  0.00e+00d  [DetectDominanceRelations] 
  7.45e-03s  0.00e+00d  [PresolveToFixPoint] #num_loops=1 #num_dual_strengthening=1 
[Symmetry] Graph for symmetry has 6'623 nodes and 13'124 arcs.
[Symmetry] Symmetry computation done. time: 0.00124815 dtime: 0.00149225
[Symmetry] #generators: 1, average support size: 2
[Symmetry] 1 orbits with sizes: 2
[SAT presolve] num removable Booleans: 0 / 1265
[SAT presolve] num trivial clauses: 0
[SAT presolve] [0s] clauses:25 literals:50 vars:39 one_side_vars:33 simple_definition:6 singleton_clauses:0
[SAT presolve] [4.829e-05s] clauses:25 literals:50 vars:39 one_side_vars:33 simple_definition:6 singleton_clauses:0
[SAT presolve] [9.3298e-05s] clauses:25 literals:50 vars:39 one_side_vars:33 simple_definition:6 singleton_clauses:0
  1.45e-01s  2.48e-02d  [Probe] #probed=3'022 #new_bounds=33 
  2.54e-03s  0.00e+00d  [MaxClique] Merged 749(4892 literals) into 749(4894 literals) at_most_ones. 
  2.09e-03s  0.00e+00d  [DetectDominanceRelations] 
  1.02e-02s  0.00e+00d  [PresolveToFixPoint] #num_loops=3 #num_dual_strengthening=2 
  2.80e-03s  0.00e+00d  [ProcessAtMostOneAndLinear] 
  1.80e-03s  0.00e+00d  [DetectDuplicateConstraints] #duplicates=4 
  4.67e-04s  1.87e-05d  [DetectDominatedLinearConstraints] #relevant_constraints=1'303 
  5.03e-04s  0.00e+00d  [DetectDifferentVariables] #different=14 
  7.99e-04s  2.56e-04d  [ProcessSetPPC] #relevant_constraints=866 #num_inclusions=636 
  7.09e-05s  0.00e+00d  [FindAlmostIdenticalLinearConstraints] 
  4.55e-03s  4.68e-03d  [FindBigAtMostOneAndLinearOverlap] 
  1.12e-03s  2.25e-03d  [FindBigVerticalLinearOverlap] 
  2.80e-04s  6.05e-04d  [FindBigHorizontalLinearOverlap] #linears=114 
  8.27e-05s  0.00e+00d  [MergeClauses] 
  2.06e-03s  0.00e+00d  [DetectDominanceRelations] 
  7.47e-03s  0.00e+00d  [PresolveToFixPoint] #num_loops=1 #num_dual_strengthening=1 
  1.54e-04s  0.00e+00d  [ExpandObjective] #entries=18 #tight_variables=9 #tight_constraints=3 

Presolve summary:
  - 77 affine relations were detected.
  - rule 'TODO dual: only one blocking constraint?' was applied 24'181 times.
  - rule 'TODO dual: only one unspecified blocking constraint?' was applied 17 times.
  - rule 'TODO dual: tighten at most one' was applied 860 times.
  - rule 'TODO linear2: contains a Boolean.' was applied 11'280 times.
  - rule 'TODO symmetry: add symmetry breaking inequalities?' was applied 2 times.
  - rule 'affine: new relation' was applied 77 times.
  - rule 'at_most_one: empty or all false' was applied 4 times.
  - rule 'at_most_one: removed literals' was applied 346 times.
  - rule 'at_most_one: singleton' was applied 2 times.
  - rule 'at_most_one: size one' was applied 140 times.
  - rule 'at_most_one: transformed into max clique.' was applied 1 time.
  - rule 'bool_and: fixed literals' was applied 1 time.
  - rule 'bool_and: non-reified.' was applied 12 times.
  - rule 'bool_and: removed duplicate literal' was applied 1 time.
  - rule 'bool_and: x => x' was applied 14 times.
  - rule 'bool_or: always true' was applied 1'384 times.
  - rule 'bool_or: implications' was applied 5'629 times.
  - rule 'bool_or: singleton' was applied 9 times.
  - rule 'deductions: 389 stored' was applied 1 time.
  - rule 'dual: add implication' was applied 48 times.
  - rule 'dual: enforced equivalence' was applied 6 times.
  - rule 'dual: fix variable' was applied 297 times.
  - rule 'dual: fix variable with multiple choices' was applied 4 times.
  - rule 'dual: reduced domain' was applied 177 times.
  - rule 'duplicate: removed constraint' was applied 8 times.
  - rule 'duplicate: removed enforced constraint' was applied 1 time.
  - rule 'enforcement: false literal' was applied 3'078 times.
  - rule 'enforcement: literal not used' was applied 12 times.
  - rule 'enforcement: true literal' was applied 12 times.
  - rule 'linear + amo: extracted enforcement literal' was applied 2 times.
  - rule 'linear + amo: fixed literal implied by enforcement' was applied 32 times.
  - rule 'linear1: always true' was applied 3 times.
  - rule 'linear2: contains a Boolean.' was applied 21 times.
  - rule 'linear: always true' was applied 1'222 times.
  - rule 'linear: coefficient strenghtening.' was applied 8 times.
  - rule 'linear: divide by GCD' was applied 4'280 times.
  - rule 'linear: empty' was applied 125 times.
  - rule 'linear: extracted enforcement literal' was applied 467 times.
  - rule 'linear: fixed or dup variables' was applied 1'465 times.
  - rule 'linear: negative clause' was applied 2'116 times.
  - rule 'linear: positive at most one' was applied 182 times.
  - rule 'linear: positive clause' was applied 3'522 times.
  - rule 'linear: positive equal one' was applied 3 times.
  - rule 'linear: reduced variable domains' was applied 808 times.
  - rule 'linear: remapped using affine relations' was applied 2'440 times.
  - rule 'linear: simplified rhs' was applied 15'820 times.
  - rule 'linear: singleton column' was applied 6 times.
  - rule 'objective: variable not used elsewhere' was applied 1 time.
  - rule 'presolve: 829 unused variables removed.' was applied 1 time.
  - rule 'presolve: iteration' was applied 3 times.
  - rule 'setppc: bool_or in at_most_one.' was applied 1 time.
  - rule 'setppc: removed dominated constraints' was applied 49 times.
  - rule 'symmetry: added symmetry breaking implication' was applied 2 times.
  - rule 'variables with 2 values: create encoding literal' was applied 1 time.
  - rule 'variables with 2 values: new affine relation' was applied 1 time.
  - rule 'variables: detect half reified value encoding' was applied 14 times.

Presolved optimization model '': (model_fingerprint: 0x83d1eb0151d7f90a)
#Variables: 1'534 (#bools: 24 #ints: 1 in objective)
  - 1'265 Booleans in [0,1]
  - 1 in [0,726]
  - 1 in [0,728]
  - 1 in [0,737]
  - 1 in [0,1469]
  - 1 in [0,1470]
  - 1 in [0,1472]
  - 1 in [0,1474]
  - 18 in [0,1476]
  - 1 in [0,1477]
  - 1 in [0,1478]
  - 3 in [0,1484]
  - 1 in [0,1488]
  - 1 in [0,1489]
  - 10 in [0,1490]
  - 1 in [0,1493]
  - 8 in [0,1500]
  - 1 in [0,7375]
  - 6 in [0,7380]
  - 1 in [0,7385]
  - 1 in [0,7390]
  - 1 in [0,7420]
  - 2 in [0,7440]
  - 11 in [0,7450]
  - 1 in [0,7464]
  - 1 in [0,7479]
  - 1 in [0,7489]
  - 2 in [0,7490]
  - 20 in [0,7496]
  - 56 in [0,225000]
  - 1 in [1,729]
  - 2 in [1,738]
  - 1 in [3,729]
  - 2 in [3,740]
  - 1 in [7,744]
  - 1 in [46,3746]
  - 1 in [49,3749]
  - 1 in [54,3742]
  - 1 in [56,3744]
  - 1 in [57,3745]
  - 1 in [58,3746]
  - 1 in [81,3745]
  - 1 in [85,3749]
  - 1 in [90,3747]
  - 1 in [91,3748]
  - 1 in [300,218700]
  - 1 in [300,219900]
  - 1 in [300,220500]
  - 1 in [300,221400]
  - 3 in [300,221488]
  - 1 in [300,222600]
  - 1 in [300,222900]
  - 1 in [300,223500]
  - 2 in [300,223800]
  - 2 in [300,223920]
  - 2 in [300,224160]
  - 2 in [300,224220]
  - 2 in [300,224280]
  - 2 in [300,224460]
  - 2 in [300,224640]
  - 2 in [300,224700]
  - 1 in [900,218700]
  - 1 in [900,219000]
  - 1 in [900,219900]
  - 1 in [900,221400]
  - 1 in [900,221540]
  - 1 in [900,222000]
  - 1 in [900,222600]
  - 2 in [900,223140]
  - 1 in [900,223200]
  - 2 in [900,223620]
  - 2 in [900,223980]
  - 2 in [2035,225000]
  - 1 in [2100,223200]
  - 2 in [2100,223980]
  - 3 in [2113,225000]
  - 3 in [2433,224460]
  - 2 in [2612,223800]
  - 5 in [2760,224760]
  - 2 in [2935,224280]
  - 1 in [2940,224988]
  - 1 in [2952,225000]
  - 2 in [3042,223980]
  - 2 in [3100,223740]
  - 2 in [3201,224520]
  - 1 in [3381,224693]
  - 3 in [3388,224700]
  - 3 in [3540,224460]
  - 2 in [3989,223860]
  - 2 in [4500,224340]
  - 2 in [4678,224100]
  - 3 in [4832,224700]
  - 4 in [4980,224400]
  - 3 in [5350,224820]
  - 1 in [5460,224937]
  - 1 in [5484,224961]
  - 4 in [5523,225000]
#kAtMostOne: 724 (#literals: 4'842)
#kBoolAnd: 33 (#enforced: 33) (#literals: 66)
#kExactlyOne: 3 (#literals: 9)
#kLinear1: 3 (#enforced: 3)
#kLinear2: 579 (#enforced: 398 #multi: 2)
#kLinear3: 981 (#enforced: 12)
#kLinearN: 141 (#enforced: 4) (#terms: 1'954)

Preloading model.
#Bound   1.11s best:inf   next:[417625,16960800] initial_domain
[Symmetry] Graph for symmetry has 5'711 nodes and 13'124 arcs.
[Symmetry] Symmetry computation done. time: 0.00119576 dtime: 0.00143183
[Symmetry] #generators: 1, average support size: 2
#Model   1.12s var:1534/1534 constraints:2464/2464

Starting search at 1.12s with 32 workers.
16 full problem subsolvers: [core, default_lp, lb_tree_search, max_lp, no_lp, objective_lb_search, objective_lb_search_max_lp, objective_lb_search_no_lp, objective_shaving_search_max_lp, objective_shaving_search_no_lp, probing, probing_max_lp, pseudo_costs, quick_restart, quick_restart_no_lp, reduced_costs]
14 first solution subsolvers: [fj_long_default, fj_long_lin_default, fj_long_random, fj_short_default, fj_short_lin_default, fj_short_lin_random, fj_short_random, fs_random(2), fs_random_no_lp(2), fs_random_quick_restart(2), fs_random_quick_restart_no_lp]
11 incomplete subsolvers: [feasibility_pump, graph_arc_lns, graph_cst_lns, graph_dec_lns, graph_var_lns, rins/rens, rnd_cst_lns, rnd_var_lns, violation_ls(3)]
3 helper subsolvers: [neighborhood_helper, synchronization_agent, update_gap_integral]
#Bound   1.34s best:inf   next:[417650,16960800] objective_shaving_search_no_lp (vars=1410 csts=1742)
#Bound   1.35s best:inf   next:[417675,16960800] objective_shaving_search_max_lp (vars=1534 csts=2465)
#Bound   1.36s best:inf   next:[417700,16960800] objective_shaving_search_max_lp (vars=1534 csts=2465)
#1       1.48s best:16953700 next:[417700,16953675] fj_long_default(batch:2 #lin_moves:16'984 #lin_evals:31'463 #weight_updates:1'602)
#2       1.49s best:16953625 next:[417700,16953600] violation_ls(batch:1 #solutions_imported:1 #lin_moves:0 #lin_evals:4'255 #gen_moves:35 #gen_evals:0 #comp_moves:9 #backtracks:13 #weight_updates:1)
#3       1.49s best:16953550 next:[417700,16953525] violation_ls(batch:1 #solutions_imported:1 #lin_moves:20 #lin_evals:436 #weight_updates:8)
#4       1.49s best:16953475 next:[417700,16953450] violation_ls(batch:1 #solutions_imported:1 #lin_moves:0 #lin_evals:4'017 #gen_moves:31 #gen_evals:0 #comp_moves:9 #backtracks:11 #weight_updates:1)
#Bound   1.50s best:16953475 next:[417725,16953450] objective_shaving_search_no_lp (vars=1410 csts=1742)
#5       1.51s best:16953400 next:[417725,16953375] violation_ls(batch:2 #solutions_imported:2 #lin_moves:8 #lin_evals:4'305 #gen_moves:35 #gen_evals:0 #comp_moves:9 #backtracks:13 #weight_updates:6)
#6       1.51s best:16953325 next:[417725,16953300] violation_ls(batch:3 #solutions_imported:3 #lin_moves:8 #lin_evals:11'018 #gen_moves:92 #gen_evals:0 #comp_moves:18 #backtracks:37 #weight_updates:8)
#7       1.52s best:16953250 next:[417725,16953225] violation_ls(batch:3 #solutions_imported:3 #lin_moves:0 #lin_evals:12'518 #gen_moves:113 #gen_evals:0 #comp_moves:25 #backtracks:44 #weight_updates:3)
#8       1.71s best:16950325 next:[417725,16950300] graph_var_lns (d=0.50 s=62 t=0.10 p=0.00 stall=0 h=auto_l0)
#Bound   1.72s best:16950325 next:[417750,16950300] objective_shaving_search_no_lp (vars=1534 csts=2465)
#9       1.73s best:16950250 next:[417750,16950225] violation_ls(batch:4 #solutions_imported:4 #lin_moves:8 #lin_evals:18'656 #gen_moves:182 #gen_evals:0 #comp_moves:26 #backtracks:78 #weight_updates:10)
#10      1.73s best:16950175 next:[417750,16950150] violation_ls(batch:4 #solutions_imported:4 #lin_moves:30 #lin_evals:15'856 #gen_moves:130 #gen_evals:0 #comp_moves:18 #backtracks:56 #weight_updates:18)
#11      1.73s best:16950100 next:[417750,16950075] violation_ls(batch:4 #solutions_imported:4 #lin_moves:10 #lin_evals:12'948 #gen_moves:113 #gen_evals:0 #comp_moves:25 #backtracks:44 #weight_updates:9)
#12      1.80s best:16948975 next:[417750,16948950] graph_arc_lns (d=0.50 s=63 t=0.10 p=0.00 stall=0 h=auto_l0)
#Bound   1.84s best:16948975 next:[417775,16948950] objective_shaving_search_no_lp (vars=1534 csts=2465)
#Bound   1.84s best:16948975 next:[417800,16948950] objective_shaving_search_max_lp (vars=1534 csts=2465)
#13      1.84s best:16948900 next:[417800,16948875] violation_ls(batch:5 #solutions_imported:5 #lin_moves:8 #lin_evals:19'987 #gen_moves:212 #gen_evals:0 #comp_moves:32 #backtracks:90 #weight_updates:11)
#14      1.85s best:16948825 next:[417800,16948800] violation_ls(batch:5 #solutions_imported:5 #lin_moves:50 #lin_evals:16'285 #gen_moves:130 #gen_evals:0 #comp_moves:18 #backtracks:56 #weight_updates:26)
#15      1.85s best:16948750 next:[417800,16948725] violation_ls(batch:5 #solutions_imported:5 #lin_moves:10 #lin_evals:14'187 #gen_moves:137 #gen_evals:0 #comp_moves:31 #backtracks:53 #weight_updates:9)
#Bound   1.97s best:16948750 next:[435775,16948725] pseudo_costs
#16      2.12s best:16945125 next:[435775,16945100] rnd_cst_lns (d=0.71 s=89 t=0.10 p=1.00 stall=0 h=auto_l0)
#17      2.20s best:16945050 next:[435775,16945025] violation_ls(batch:6 #solutions_imported:6 #lin_moves:8 #lin_evals:22'638 #gen_moves:254 #gen_evals:0 #comp_moves:38 #backtracks:108 #weight_updates:12)
#18      2.20s best:16944975 next:[435775,16944950] violation_ls(batch:6 #solutions_imported:6 #lin_moves:50 #lin_evals:16'307 #gen_moves:134 #gen_evals:0 #comp_moves:22 #backtracks:56 #weight_updates:26)
#19      2.20s best:16944900 next:[435775,16944875] violation_ls(batch:6 #solutions_imported:6 #lin_moves:16 #lin_evals:14'229 #gen_moves:137 #gen_evals:0 #comp_moves:31 #backtracks:53 #weight_updates:13)
#Bound   2.24s best:16944900 next:[435800,16944875] objective_shaving_search_no_lp (vars=1417 csts=1752)
#Bound   2.37s best:16944900 next:[435825,16944875] objective_shaving_search_no_lp (vars=1534 csts=2465)
#Bound   2.38s best:16944900 next:[435850,16944875] objective_shaving_search_max_lp (vars=1534 csts=2465)
#20      2.38s best:16944825 next:[435850,16944800] violation_ls(batch:7 #solutions_imported:7 #lin_moves:13 #lin_evals:22'678 #gen_moves:254 #gen_evals:0 #comp_moves:38 #backtracks:108 #weight_updates:16)
#21      2.38s best:16944750 next:[435850,16944725] violation_ls(batch:7 #solutions_imported:7 #lin_moves:55 #lin_evals:16'345 #gen_moves:134 #gen_evals:0 #comp_moves:22 #backtracks:56 #weight_updates:29)
#22      2.38s best:16944675 next:[435850,16944650] violation_ls(batch:7 #solutions_imported:7 #lin_moves:21 #lin_evals:14'268 #gen_moves:137 #gen_evals:0 #comp_moves:31 #backtracks:53 #weight_updates:16)
#Model   2.79s var:1533/1534 constraints:2463/2464
#Bound   4.05s best:16944675 next:[436525,16944650] max_lp
#Model   4.24s var:1532/1534 constraints:2462/2464
#Bound   4.26s best:16944675 next:[438725,16944650] max_lp
#Bound   4.49s best:16944675 next:[439175,16944650] max_lp
#Bound   4.75s best:16944675 next:[439625,16944650] max_lp
#Bound   5.34s best:16944675 next:[439675,16944650] max_lp
#Bound   6.04s best:16944675 next:[439700,16944650] max_lp
#Bound   6.31s best:16944675 next:[442050,16944650] max_lp
#Bound   6.48s best:16944675 next:[444425,16944650] max_lp
#Bound   6.67s best:16944675 next:[444450,16944650] max_lp
#23      7.62s best:841050 next:[444450,841025] rins_pump_lns (d=0.19 s=129 t=0.10 p=0.00 stall=0 h=auto_l0)
#Bound   8.08s best:841050 next:[444475,841025] max_lp
#Model   8.22s var:1531/1534 constraints:2462/2464
#Model   8.33s var:1530/1534 constraints:2461/2464
#Bound   8.41s best:841050 next:[445550,841025] max_lp
#Model   8.53s var:1529/1534 constraints:2460/2464
#Bound   8.53s best:841050 next:[445575,841025] max_lp
#Bound   8.66s best:841050 next:[445600,841025] max_lp
#Bound   8.79s best:841050 next:[445650,841025] max_lp
#Bound   9.00s best:841050 next:[445900,841025] max_lp
#Bound   9.21s best:841050 next:[446000,841025] max_lp
#Bound   9.35s best:841050 next:[446025,841025] max_lp
#Bound   9.51s best:841050 next:[446075,841025] max_lp
#Model   9.91s var:1528/1534 constraints:2459/2464
#Bound   9.96s best:841050 next:[446150,841025] max_lp [skipped_logs=1]
#Bound  10.59s best:841050 next:[446250,841025] max_lp [skipped_logs=1]
#Bound  11.91s best:841050 next:[446300,841025] max_lp [skipped_logs=1]
#Bound  12.94s best:841050 next:[447250,841025] max_lp [skipped_logs=3]
#Bound  13.89s best:841050 next:[447325,841025] max_lp [skipped_logs=2]
#Bound  14.79s best:841050 next:[447525,841025] max_lp [skipped_logs=3]
#Bound  15.02s best:841050 next:[447575,841025] max_lp [skipped_logs=0]
#Model  17.02s var:1527/1534 constraints:2458/2464
#Bound  17.65s best:841050 next:[447600,841025] max_lp
#Bound  18.67s best:841050 next:[447625,841025] max_lp
#Bound  19.09s best:841050 next:[447650,841025] max_lp
#Bound  35.08s best:841050 next:[447675,841025] max_lp
#Model  57.65s var:1526/1534 constraints:2458/2464
#Model  72.46s var:1525/1534 constraints:2458/2464
#24    110.93s best:838050 next:[447675,838025] quick_restart_no_lp (fixed_bools=117/2570)
#Bound 112.06s best:838050 next:[447700,838025] reduced_costs
#Bound 113.22s best:838050 next:[447725,838025] reduced_costs
#Bound 113.63s best:838050 next:[447750,838025] reduced_costs
#Bound 113.90s best:838050 next:[447775,838025] reduced_costs
#Model 120.49s var:1524/1534 constraints:2457/2464
#Model 121.40s var:1523/1534 constraints:2457/2464
#Bound 126.68s best:838050 next:[447800,838025] reduced_costs
#Model 126.70s var:1522/1534 constraints:2456/2464
#Bound 129.20s best:838050 next:[447825,838025] reduced_costs
#Bound 129.37s best:838050 next:[447850,838025] reduced_costs
#Bound 129.60s best:838050 next:[447875,838025] reduced_costs
#Bound 129.95s best:838050 next:[448075,838025] reduced_costs
#Bound 130.19s best:838050 next:[448150,838025] reduced_costs
#Bound 130.45s best:838050 next:[448175,838025] reduced_costs
#Bound 130.76s best:838050 next:[448225,838025] reduced_costs
#Bound 130.99s best:838050 next:[448250,838025] reduced_costs
#Bound 131.19s best:838050 next:[448300,838025] reduced_costs
#Bound 136.29s best:838050 next:[448350,838025] reduced_costs
#Bound 137.23s best:838050 next:[448375,838025] reduced_costs
#Bound 138.88s best:838050 next:[448400,838025] reduced_costs
#Bound 140.06s best:838050 next:[448425,838025] reduced_costs
#Bound 141.30s best:838050 next:[448450,838025] reduced_costs
#Bound 142.06s best:838050 next:[448500,838025] reduced_costs
#Bound 143.86s best:838050 next:[448550,838025] reduced_costs
#Bound 145.87s best:838050 next:[448575,838025] reduced_costs
#Bound 147.98s best:838050 next:[448625,838025] reduced_costs
#Bound 157.91s best:838050 next:[499000,838025] lb_tree_search
#Bound 158.42s best:838050 next:[501475,838025] lb_tree_search
#Bound 158.71s best:838050 next:[503950,838025] lb_tree_search
#Model 168.83s var:1520/1534 constraints:2451/2464
#Model 169.14s var:1519/1534 constraints:2447/2464
#Model 169.24s var:1517/1534 constraints:2447/2464
#Model 169.34s var:1516/1534 constraints:2447/2464
#Model 169.64s var:1515/1534 constraints:2447/2464
#Model 169.95s var:1514/1534 constraints:2446/2464
#Model 170.45s var:1513/1534 constraints:2443/2464
#Model 170.55s var:1512/1534 constraints:2443/2464
#Model 173.96s var:1511/1534 constraints:2443/2464
#Model 190.77s var:1510/1534 constraints:2442/2464
#Model 199.58s var:1509/1534 constraints:2442/2464
#Bound 212.70s best:838050 next:[505975,838025] probing_max_lp
#Bound 213.29s best:838050 next:[508450,838025] probing_max_lp
#Bound 238.75s best:838050 next:[508475,838025] pseudo_costs
#Bound 239.04s best:838050 next:[508675,838025] pseudo_costs
#Bound 239.45s best:838050 next:[508700,838025] pseudo_costs
#Bound 239.81s best:838050 next:[508725,838025] pseudo_costs
#Bound 240.01s best:838050 next:[508775,838025] pseudo_costs
#Bound 240.43s best:838050 next:[508950,838025] pseudo_costs
#Bound 240.71s best:838050 next:[508975,838025] pseudo_costs
#Bound 241.26s best:838050 next:[509000,838025] pseudo_costs
#Bound 241.68s best:838050 next:[509075,838025] pseudo_costs
#Bound 242.19s best:838050 next:[509100,838025] pseudo_costs
#Bound 243.90s best:838050 next:[509125,838025] pseudo_costs
#Model 338.77s var:1508/1534 constraints:2441/2464
#Bound 415.84s best:838050 next:[526000,838025] max_lp
#Bound 498.55s best:838050 next:[530500,838025] quick_restart
#Bound 502.44s best:838050 next:[535000,838025] lb_tree_search
#Bound 504.56s best:838050 next:[537475,838025] pseudo_costs
#Bound 506.29s best:838050 next:[537550,838025] lb_tree_search
#Bound 506.62s best:838050 next:[539050,838025] lb_tree_search
#Bound 508.42s best:838050 next:[539075,838025] pseudo_costs
#Bound 509.24s best:838050 next:[539150,838025] pseudo_costs
#Bound 509.96s best:838050 next:[539200,838025] pseudo_costs
#Bound 511.00s best:838050 next:[539225,838025] pseudo_costs
#Bound 512.01s best:838050 next:[539600,838025] reduced_costs
#Bound 512.42s best:838050 next:[539650,838025] reduced_costs
#Bound 542.78s best:838050 next:[539775,838025] pseudo_costs
#Bound 543.57s best:838050 next:[539800,838025] pseudo_costs
#Bound 544.17s best:838050 next:[539825,838025] probing_max_lp
#Bound 545.02s best:838050 next:[539950,838025] probing_max_lp
#Bound 632.82s best:838050 next:[539975,838025] reduced_costs
#Bound 633.02s best:838050 next:[540000,838025] reduced_costs
#Bound 633.46s best:838050 next:[540200,838025] reduced_costs
#Bound 634.53s best:838050 next:[540225,838025] reduced_costs
#Bound 640.36s best:838050 next:[540250,838025] reduced_costs
#Bound 663.53s best:838050 next:[540300,838025] reduced_costs
#Bound 731.51s best:838050 next:[544000,838025] max_lp
#25    1889.74s best:835050 next:[544000,835025] core (fixed_bools=422/4017)
#Bound 1909.69s best:835050 next:[544025,835025] max_lp
#Bound 1912.84s best:835050 next:[544050,835025] max_lp
#Bound 1913.08s best:835050 next:[544075,835025] max_lp
#Model 1915.59s var:1506/1534 constraints:2441/2464
#Bound 2027.03s best:835050 next:[544100,835025] max_lp
#Bound 2028.38s best:835050 next:[544150,835025] max_lp
#26    2136.14s best:776425 next:[544150,776400] no_lp (fixed_bools=637/6346)
#Model 2149.18s var:1501/1534 constraints:2440/2464
#Model 2149.28s var:1496/1534 constraints:2439/2464
#Model 2149.38s var:1491/1534 constraints:2438/2464
#Model 2152.49s var:1490/1534 constraints:2436/2464
#Model 2165.90s var:1489/1534 constraints:2434/2464
#Model 2167.50s var:1488/1534 constraints:2434/2464
#Bound 2216.03s best:776425 next:[544175,776400] max_lp
#Bound 2216.71s best:776425 next:[544225,776400] max_lp
#27    2338.13s best:774125 next:[544225,774100] quick_restart_no_lp (fixed_bools=1032/5272)
#28    3483.03s best:771450 next:[544225,771425] quick_restart_no_lp (fixed_bools=1077/5666)
#Bound 4610.31s best:771450 next:[544250,771425] max_lp
#Bound 4611.32s best:771450 next:[544300,771425] max_lp
#Bound 4629.24s best:771450 next:[544325,771425] max_lp
#Bound 4630.26s best:771450 next:[544350,771425] max_lp
#Bound 4630.50s best:771450 next:[544375,771425] max_lp
#29    5362.58s best:765900 next:[544375,765875] quick_restart_no_lp (fixed_bools=1236/6368)
#Model 5367.57s var:1485/1534 constraints:2434/2464
#Model 5404.00s var:1483/1534 constraints:2433/2464
#30    6531.81s best:763200 next:[544375,763175] quick_restart_no_lp (fixed_bools=1396/6984)
#31    8366.88s best:759350 next:[544375,759325] no_lp (fixed_bools=2369/14983)
#32    8379.11s best:757125 next:[544375,757100] quick_restart_no_lp (fixed_bools=1637/7907)
#33    9616.16s best:756425 next:[544375,756400] quick_restart_no_lp (fixed_bools=1704/8212)
#Model 10733.05s var:1482/1534 constraints:2430/2464
#34    11276.78s best:746225 next:[544375,746200] objective_lb_search_no_lp (fixed_bools=2375/16111)
#Model 11299.06s var:1481/1534 constraints:2419/2464
#Model 11299.17s var:1477/1534 constraints:2417/2464
#Bound 11561.47s best:746225 next:[544400,746200] max_lp
#Bound 11562.48s best:746225 next:[544450,746200] max_lp
#35    12422.83s best:744475 next:[544450,744450] quick_restart_no_lp (fixed_bools=2139/9833)
#Bound 13299.59s best:744475 next:[544475,744450] max_lp
#Bound 13299.79s best:744475 next:[544525,744450] max_lp
#36    15749.96s best:742250 next:[544525,742225] quick_restart_no_lp (fixed_bools=2202/10942)
#Bound 16694.54s best:742250 next:[544550,742225] reduced_costs
#Bound 16695.40s best:742250 next:[544600,742225] reduced_costs
#Bound 18281.88s best:742250 next:[544625,742225] reduced_costs
#Bound 18283.52s best:742250 next:[544675,742225] reduced_costs
#37    21182.84s best:739575 next:[544675,739550] quick_restart_no_lp (fixed_bools=2259/11964)
#38    21467.30s best:734025 next:[544675,734000] quick_restart_no_lp (fixed_bools=2384/12262)
#Model 21489.06s var:1472/1534 constraints:2414/2464

Task timing                                  n [     min,      max]      avg      dev     time         n [     min,      max]      avg      dev    dtime
                             'core':         1 [   6.00h,    6.00h]    6.00h   0.00ns    6.00h         1 [   6.15h,    6.15h]    6.15h   0.00ns    6.15h
                       'default_lp':         1 [   6.00h,    6.00h]    6.00h   0.00ns    6.00h         1 [  43.84m,   43.84m]   43.84m   0.00ns   43.84m
                 'feasibility_pump':         5 [ 58.22ms,    1.82s]    1.24s 661.52ms    6.20s         4 [321.51ms, 638.91ms] 486.16ms 113.30ms    1.94s
                  'fj_long_default':         2 [123.38ms, 165.04ms] 144.21ms  20.83ms 288.42ms         2 [ 29.13ms,  32.57ms]  30.85ms   1.72ms  61.70ms
              'fj_long_lin_default':         5 [ 51.72ms,  77.34ms]  62.97ms   9.03ms 314.83ms         5 [ 13.24ms,  17.27ms]  15.06ms   1.49ms  75.30ms
                   'fj_long_random':         3 [114.66ms, 149.22ms] 133.49ms  14.28ms 400.46ms         3 [ 32.85ms,  33.99ms]  33.47ms 471.53us 100.41ms
                 'fj_short_default':         5 [ 53.71ms,  99.56ms]  77.57ms  14.92ms 387.86ms         5 [ 13.80ms,  19.49ms]  17.00ms   2.12ms  84.99ms
             'fj_short_lin_default':         4 [ 78.74ms,  92.49ms]  85.55ms   5.98ms 342.21ms         4 [ 13.84ms,  21.94ms]  19.24ms   3.24ms  76.97ms
              'fj_short_lin_random':         4 [ 73.37ms,  82.67ms]  78.48ms   3.90ms 313.93ms         4 [ 15.79ms,  20.14ms]  18.26ms   1.84ms  73.03ms
                  'fj_short_random':         4 [ 59.79ms,  97.01ms]  78.64ms  14.11ms 314.58ms         4 [ 16.94ms,  20.32ms]  18.67ms   1.19ms  74.66ms
                        'fs_random':         1 [350.25ms, 350.25ms] 350.25ms   0.00ns 350.25ms         1 [  4.16ms,   4.16ms]   4.16ms   0.00ns   4.16ms
                        'fs_random':         1 [365.63ms, 365.63ms] 365.63ms   0.00ns 365.63ms         1 [  4.16ms,   4.16ms]   4.16ms   0.00ns   4.16ms
                  'fs_random_no_lp':         1 [363.41ms, 363.41ms] 363.41ms   0.00ns 363.41ms         1 [ 16.66ms,  16.66ms]  16.66ms   0.00ns  16.66ms
                  'fs_random_no_lp':         1 [375.16ms, 375.16ms] 375.16ms   0.00ns 375.16ms         1 [ 17.12ms,  17.12ms]  17.12ms   0.00ns  17.12ms
          'fs_random_quick_restart':         1 [353.31ms, 353.31ms] 353.31ms   0.00ns 353.31ms         1 [  4.16ms,   4.16ms]   4.16ms   0.00ns   4.16ms
          'fs_random_quick_restart':         1 [369.69ms, 369.69ms] 369.69ms   0.00ns 369.69ms         1 [  4.16ms,   4.16ms]   4.16ms   0.00ns   4.16ms
    'fs_random_quick_restart_no_lp':         1 [360.37ms, 360.37ms] 360.37ms   0.00ns 360.37ms         1 [ 16.66ms,  16.66ms]  16.66ms   0.00ns  16.66ms
                    'graph_arc_lns':         6 [305.57ms,    6.00h]    2.00h    2.83h   12.00h         5 [ 20.00ns, 100.26ms]  80.13ms  40.06ms 400.65ms
                    'graph_cst_lns':         6 [204.82ms,    6.00h]    3.00h    3.00h   18.00h         4 [ 90.00ns, 100.29ms]  75.13ms  43.38ms 300.53ms
                    'graph_dec_lns':         6 [398.66ms,    6.00h]    2.00h    2.83h   12.00h         5 [ 20.00ns, 100.31ms]  80.11ms  40.06ms 400.57ms
                    'graph_var_lns':         7 [183.92ms,    6.00h]   51.43m    2.10h    6.00h         7 [631.00ns, 100.39ms]  85.91ms  35.07ms 601.35ms
                   'lb_tree_search':         1 [   6.00h,    6.00h]    6.00h   0.00ns    6.00h         1 [  25.93m,   25.93m]   25.93m   0.00ns   25.93m
                           'max_lp':         1 [   6.00h,    6.00h]    6.00h   0.00ns    6.00h         1 [  25.51m,   25.51m]   25.51m   0.00ns   25.51m
                            'no_lp':         1 [   6.00h,    6.00h]    6.00h   0.00ns    6.00h         1 [   5.85h,    5.85h]    5.85h   0.00ns    5.85h
              'objective_lb_search':         1 [   6.00h,    6.00h]    6.00h   0.00ns    6.00h         1 [  44.72m,   44.72m]   44.72m   0.00ns   44.72m
       'objective_lb_search_max_lp':         1 [   6.00h,    6.00h]    6.00h   0.00ns    6.00h         1 [  40.96m,   40.96m]   40.96m   0.00ns   40.96m
        'objective_lb_search_no_lp':         1 [   6.00h,    6.00h]    6.00h   0.00ns    6.00h         1 [   5.72h,    5.72h]    5.72h   0.00ns    5.72h
  'objective_shaving_search_max_lp':         7 [  7.26ms, 210.97ms]  71.25ms  78.01ms 498.75ms         3 [ 17.74ms,  21.29ms]  19.44ms   1.45ms  58.31ms
   'objective_shaving_search_no_lp':         7 [  6.62ms, 210.84ms]  73.84ms  77.77ms 516.89ms         3 [ 19.53ms,  19.55ms]  19.54ms   8.60us  58.61ms
                          'probing':         1 [   6.00h,    6.00h]    6.00h   0.00ns    6.00h         1 [  45.88m,   45.88m]   45.88m   0.00ns   45.88m
                   'probing_max_lp':         1 [   6.00h,    6.00h]    6.00h   0.00ns    6.00h         1 [  32.86m,   32.86m]   32.86m   0.00ns   32.86m
                     'pseudo_costs':         1 [   6.00h,    6.00h]    6.00h   0.00ns    6.00h         1 [  27.02m,   27.02m]   27.02m   0.00ns   27.02m
                    'quick_restart':         1 [   6.00h,    6.00h]    6.00h   0.00ns    6.00h         1 [  43.61m,   43.61m]   43.61m   0.00ns   43.61m
              'quick_restart_no_lp':         1 [   6.00h,    6.00h]    6.00h   0.00ns    6.00h         1 [   4.64h,    4.64h]    4.64h   0.00ns    4.64h
                    'reduced_costs':         1 [   6.00h,    6.00h]    6.00h   0.00ns    6.00h         1 [  28.60m,   28.60m]   28.60m   0.00ns   28.60m
                        'rins/rens':         5 [504.05ms,    6.00h]    2.40h    2.94h   12.00h         4 [ 20.00ns, 100.39ms]  75.14ms  43.38ms 300.58ms
                      'rnd_cst_lns':         7 [213.53ms,    6.00h]    2.57h    2.97h   18.00h         5 [ 30.00ns, 100.19ms]  80.08ms  40.04ms 400.39ms
                      'rnd_var_lns':         7 [164.15ms,    6.00h]    4.29h    2.71h   30.00h         3 [ 50.00ns, 100.13ms]  66.72ms  47.18ms 200.15ms
                     'violation_ls':         7 [287.53us,  26.70ms]   5.29ms   8.89ms  37.03ms         7 [  8.74us,   1.46ms] 397.62us 560.22us   2.78ms
                     'violation_ls':         7 [294.55us,  22.81ms]   4.22ms   7.64ms  29.51ms         7 [ 11.15us, 712.65us] 323.71us 302.84us   2.27ms
                     'violation_ls':         7 [323.40us,  27.27ms]   5.65ms   8.94ms  39.57ms         7 [ 11.34us,   1.34ms] 556.84us 510.73us   3.90ms

Search stats                         Bools  Conflicts     Branches    Restarts      BoolPropag   IntegerPropag
                           'core':  28'121  6'792'908  228'216'751  73'270'850  66'076'856'951  14'884'157'023
                     'default_lp':   1'806         33      117'424      57'696       4'398'059       9'576'164
                      'fs_random':   1'270          1        2'539       2'539          45'458         188'345
                      'fs_random':   1'270          1        2'539       2'539          45'458         188'345
                'fs_random_no_lp':   1'806         32        4'244       4'244         124'671         324'052
                'fs_random_no_lp':   1'806         32        4'284       4'284         126'566         327'753
        'fs_random_quick_restart':   1'270          1        2'539       2'539          45'458         188'345
        'fs_random_quick_restart':   1'270          1        2'539       2'539          45'458         188'345
  'fs_random_quick_restart_no_lp':   1'806         32        4'244       4'244         124'671         324'052
                 'lb_tree_search':   1'806         19       48'792      29'043       2'094'509       4'553'306
                         'max_lp':   1'806         42       52'639      30'928       2'255'464       4'919'121
                          'no_lp':  28'632  4'675'527  240'133'158  74'630'924  68'998'572'334  14'986'362'305
            'objective_lb_search':   1'806         34      126'627      60'803       4'640'661      10'134'839
     'objective_lb_search_max_lp':   1'806         20       40'495      24'832       1'769'801       3'855'824
      'objective_lb_search_no_lp':  27'718  5'666'003  244'666'079  77'046'581  61'697'450'595  15'501'285'520
                        'probing':   1'806         39      117'919      58'221       4'470'629       9'720'870
                 'probing_max_lp':   1'806         28       53'337      31'571       2'312'066       5'009'194
                   'pseudo_costs':   1'806         29       46'496      27'870       2'007'291       4'374'843
                  'quick_restart':   1'806         40      126'039      60'592       4'636'363      10'108'008
            'quick_restart_no_lp':  12'288  2'699'562  306'528'607  98'700'771  38'908'518'469  21'162'525'634
                  'reduced_costs':   1'806         21       52'229      30'713       2'243'085       4'900'136

SAT stats                           ClassicMinim  LitRemoved     LitLearned   LitForgotten  Subsumed  MClauses  MDecisions  MLitTrue  MSubsumed  MLitRemoved  MReused
                           'core':     6'462'924  70'212'750  1'570'258'823  1'520'385'292   143'673    21'448   4'649'070         0      1'822      239'764   19'010
                     'default_lp':            12          33             45              0         0         0           0         0          0            0        0
                      'fs_random':             0           0              1              0         0         0           0         0          0            0        0
                      'fs_random':             0           0              1              0         0         0           0         0          0            0        0
                'fs_random_no_lp':             0           0             32              0         0         0           0         0          0            0        0
                'fs_random_no_lp':             0           0             32              0         0         0           0         0          0            0        0
        'fs_random_quick_restart':             0           0              1              0         0         0           0         0          0            0        0
        'fs_random_quick_restart':             0           0              1              0         0         0           0         0          0            0        0
  'fs_random_quick_restart_no_lp':             0           0             32              0         0         0           0         0          0            0        0
                 'lb_tree_search':             6           9             26              0         0         0           0         0          0            0        0
                         'max_lp':             9          23             51              0         0         0           0         0          0            0        0
                          'no_lp':     4'388'230  47'143'750  1'096'842'670  1'053'142'841   128'445    20'277   5'081'167         0      1'509      172'009   19'639
            'objective_lb_search':            11          20             45              0         0         0           0         0          0            0        0
     'objective_lb_search_max_lp':             3           8             24              0         0         0           0         0          0            0        0
      'objective_lb_search_no_lp':     5'342'315  55'674'418  1'384'183'434  1'332'364'184   143'606    25'539   4'888'782         0      1'522      147'221   20'955
                        'probing':            14          38             56              0         0         0           0         0          0            0        0
                 'probing_max_lp':             9          18             37              0         0         0           0         0          0            0        0
                   'pseudo_costs':             8          16             38              0         0         0           0         0          0            0        0
                  'quick_restart':            16          35             57              0         0         0           0         0          0            0        0
            'quick_restart_no_lp':     2'423'623  19'623'080    858'506'771    812'730'936   117'624    31'715   7'484'240         0      1'037      100'792   29'412
                  'reduced_costs':             2           2             25              0         0         0           0         0          0            0        0

Lp stats                         Component  Iterations  AddedCuts  OPTIMAL  DUAL_F.  DUAL_U.
                  'default_lp':          1  11'376'324  4'360'672  320'328        0        1
                   'fs_random':          1         687        554       17        0        0
                   'fs_random':          1         687        600       17        0        0
     'fs_random_quick_restart':          1         687        562       17        0        0
     'fs_random_quick_restart':          1         687        565       17        0        0
              'lb_tree_search':          1   4'841'858  1'031'577  101'474   28'100        0
                      'max_lp':          1   5'109'368  1'211'173  108'724   30'393        4
         'objective_lb_search':          1  11'839'487  4'397'797  337'100        1        2
  'objective_lb_search_max_lp':          1   6'675'861    596'272   85'508   23'498        0
                     'probing':          1  11'484'387  4'511'434  323'502        1        1
              'probing_max_lp':          1   6'149'305  1'179'055  111'622   30'889        0
                'pseudo_costs':          1   4'933'864  1'084'981   98'267   26'782        0
               'quick_restart':          1  11'620'287  4'223'059  334'746        0        2
               'reduced_costs':          1   5'987'712  1'251'633  108'682   30'421        1

Lp dimension                                                                        Final dimension of first component
                  'default_lp':  2876 rows, 1534 columns, 34814 entries with magnitude in [1.059089e-05, 1.000000e+00]
                   'fs_random':    387 rows, 1534 columns, 3405 entries with magnitude in [1.772765e-03, 1.000000e+00]
                   'fs_random':    387 rows, 1534 columns, 3405 entries with magnitude in [1.772765e-03, 1.000000e+00]
     'fs_random_quick_restart':    387 rows, 1534 columns, 3405 entries with magnitude in [1.772765e-03, 1.000000e+00]
     'fs_random_quick_restart':    387 rows, 1534 columns, 3405 entries with magnitude in [1.772765e-03, 1.000000e+00]
              'lb_tree_search':  2414 rows, 1534 columns, 60052 entries with magnitude in [4.923229e-06, 1.000000e+00]
                      'max_lp':  3775 rows, 1534 columns, 56905 entries with magnitude in [1.166516e-05, 1.000000e+00]
         'objective_lb_search':  3079 rows, 1534 columns, 28092 entries with magnitude in [7.914162e-06, 1.000000e+00]
  'objective_lb_search_max_lp':  3122 rows, 1534 columns, 50868 entries with magnitude in [9.696994e-06, 1.000000e+00]
                     'probing':  2692 rows, 1534 columns, 31034 entries with magnitude in [5.452545e-06, 1.000000e+00]
              'probing_max_lp':  2953 rows, 1534 columns, 27641 entries with magnitude in [2.033367e-05, 1.000000e+00]
                'pseudo_costs':  2695 rows, 1534 columns, 30112 entries with magnitude in [1.765859e-05, 1.000000e+00]
               'quick_restart':  2606 rows, 1534 columns, 26701 entries with magnitude in [2.366561e-06, 1.000000e+00]
               'reduced_costs':  2136 rows, 1534 columns, 24612 entries with magnitude in [1.543753e-05, 1.000000e+00]

Lp debug                         CutPropag  CutEqPropag  Adjust  Overflow          Bad  BadScaling
                  'default_lp':          0        1'550   4'880         0  159'874'488           0
                   'fs_random':          0            0       0         0          383           0
                   'fs_random':          0            0       0         0          423           0
     'fs_random_quick_restart':          0            0       0         0          388           0
     'fs_random_quick_restart':          0            0       0         0          391           0
              'lb_tree_search':          0          246  22'838         0  130'541'882           0
                      'max_lp':          0          308   9'262         0  139'674'287           0
         'objective_lb_search':          0        2'575   2'121         0  160'587'574           0
  'objective_lb_search_max_lp':          0          240  29'293         0  103'008'150           0
                     'probing':          0        2'383      65         0  161'696'160           0
              'probing_max_lp':          0          243  28'860         1  139'687'288           0
                'pseudo_costs':          0          323  20'977         0  124'627'992           0
               'quick_restart':          0        2'214  33'140         0  161'991'325           0
               'reduced_costs':          2          543  18'810         0  137'684'032           0

Lp pool                          Constraints  Updates  Simplif  Merged  Shortened   Split  Strenghtened            Cuts/Call
                  'default_lp':       11'603   67'119   18'527      83     11'278   6'058       230'095  4'360'672/7'851'117
                   'fs_random':        2'568       19        0       0          0       0            25              554/660
                   'fs_random':        2'614       18        0       0          0       0            26              600/721
     'fs_random_quick_restart':        2'576       21        0       0          0       0            26              562/661
     'fs_random_quick_restart':        2'579       16        0       0          0       0            24              565/673
              'lb_tree_search':       12'024   48'840   29'749       9     24'671  15'723       186'208  1'031'577/2'155'219
                      'max_lp':       11'613   45'110   26'415      16     24'756  10'638       226'463  1'211'173/2'447'477
         'objective_lb_search':       11'713   69'342   16'960      98      8'040   5'120       237'623  4'397'797/7'863'362
  'objective_lb_search_max_lp':       11'682   56'810   27'350      46     21'198  29'838       119'036    596'272/1'615'935
                     'probing':       11'345   77'547   16'815     103      9'118   5'582       230'351  4'511'434/8'120'900
              'probing_max_lp':       11'500   54'449   29'756      11     28'352  13'597       212'571  1'179'055/2'364'000
                'pseudo_costs':       12'372   75'256   30'528      65     24'379  26'265       197'458  1'084'981/2'162'037
               'quick_restart':       10'954   69'806   18'642     119     11'257   6'646       236'514  4'223'059/7'582'298
               'reduced_costs':       12'047   45'459   31'314      42     27'750  15'155       238'564  1'251'633/2'483'913

Lp Cut            fs_ran  fs_ran  fs_ran  fs_ran     defaul   max_lp   quick_   reduce   pseudo   lb_tre     probin     object   probin  object
          CG_FF:      27      18      15      17    142'720   19'711  138'914   24'252   17'851   17'597    145'172    141'576   20'755   9'512
           CG_K:      11       8       6       7      5'383    4'705    5'964    5'566    4'598    4'884      5'685      6'132    5'818   2'487
          CG_KL:       -       -       -       -        218       23      208       32       20       21        179        205       23       9
           CG_R:       5       3       3       3    146'255   24'243  149'968   23'592   20'954   20'871    147'545    155'768   23'443   9'491
          CG_RB:      48      34      27      29  1'005'756  120'995  982'725  124'715  105'627   98'559  1'089'286  1'025'661  125'071  51'310
         CG_RBP:       2       2       2       2      8'910    5'709    8'882    8'219    6'959    6'052      9'374      9'269    7'467   5'456
         Clique:       -       -       -       -          -   30'257        -   30'428   24'324   25'517          -          -   28'720  16'514
             IB:     360     360     360     360    806'328  121'420  801'025  128'922  104'433  101'192    803'588    825'267  112'726  60'635
       MIR_1_FF:      16      15      15      16    677'180  165'385  617'951  165'795  128'506  144'663    679'077    667'431  147'896  77'071
        MIR_1_K:       1       1       1       -      9'494    4'991    7'760    5'723    3'839    3'948      7'838      8'326    4'860   2'637
       MIR_1_KL:       -       -       -       -      6'444    1'623    5'941    1'819    1'125    1'327      5'612      5'806    1'555     887
        MIR_1_R:       -       -       -       -     26'460   10'155   21'789   12'665   10'927   10'306     26'160     25'076   11'059   5'725
       MIR_1_RB:      95      95      94      94    573'467  206'855  542'770  214'212  203'783  180'228    590'727    562'523  204'817  99'611
      MIR_1_RBP:       -       -       -       -      3'096    2'331    3'042    2'772    1'948    1'898      3'156      3'497    2'324   1'799
      MIR_1_RLT:       -       -       -       -          -       70        -       94       92      106          -          -      110      78
       MIR_2_FF:       1       2       2       3     62'610   23'221   53'954   22'927   19'554   17'388     63'781     59'011   19'535   7'877
        MIR_2_K:       2       1       1       2      2'394    1'509    2'474    1'880    2'532    1'514      2'476      2'711    1'648     852
       MIR_2_KL:       -       -       -       -        669      276      656      284      183      166        536        647      281     148
        MIR_2_R:       1       -       -       2      9'303    8'339    9'019    9'206   13'812    7'717      9'461      9'528    8'822   6'466
       MIR_2_RB:      16      14      14      15    134'477   81'730  129'315   87'275   87'593   76'639    152'118    136'768   89'359  45'162
      MIR_2_RBP:       -       -       -       -      1'359      849    1'334    1'113    1'339    1'120      1'244      1'519      958   1'326
       MIR_3_FF:       -       -       -       -     13'653    9'466   13'222    8'925    7'617    7'620     12'885     14'128    8'935   4'263
        MIR_3_K:       -       1       1       1      2'211    1'630    1'994    1'845    1'524    1'495      1'967      2'247    1'772   1'041
       MIR_3_KL:       -       -       -       -        874      470      810      448      256      281        735        815      392     266
        MIR_3_R:       -       -       -       -     27'229    6'877   29'476    6'858    7'797    5'914     28'231     28'465    7'662   5'615
       MIR_3_RB:       2       3       5       5    104'264   55'615  103'976   61'647   52'444   47'777    107'183    106'673   57'862  29'859
      MIR_3_RBP:       -       -       -       -        906      887      946      976      791      764        928      1'043      933     714
       MIR_4_FF:       -       -       -       -      6'138    7'732    5'543    7'840    6'077    5'924      5'656      5'979    7'445   3'329
        MIR_4_K:       1       -       -       -        832    1'257      865    1'508    1'203    1'119        833        849    1'386     930
       MIR_4_KL:       -       -       -       -        235      174      222      198      140      121        192        192      209     120
        MIR_4_R:       -       -       1       -      5'833    2'766    6'294    2'852    3'284    2'381      6'100      6'027    3'218   2'559
       MIR_4_RB:       5       1       2       2     60'965   45'533   59'490   51'371   42'567   41'142     63'566     61'774   47'334  23'392
      MIR_4_RBP:       -       -       -       -        645      640      576      724      588      473        575        701      707     550
       MIR_5_FF:       -       -       -       -      3'490    6'795    3'207    6'799    5'229    5'235      3'473      3'392    6'675   2'887
        MIR_5_K:       -       -       -       -        639    1'505      548    1'672    1'385    1'373        548        517    1'647     993
       MIR_5_KL:       -       -       -       -        153      227      137      247      173      169        125        112      250     157
        MIR_5_R:       -       1       -       -      3'331    2'477    3'417    2'582    2'578    2'201      3'234      3'344    2'707   2'031
       MIR_5_RB:       -       1       2       -     44'306   38'585   43'112   41'744   34'466   32'908     46'208     44'465   38'022  18'609
      MIR_5_RBP:       -       -       -       -        589      755      537      792      590      569        456        492      781     578
       MIR_6_FF:       2       1       -       -      1'950    4'909    1'687    5'018    3'696    3'828      1'901      1'766    5'001   2'123
        MIR_6_K:       -       -       -       -        266    1'038      255    1'194    1'004      978        287        261    1'132     775
       MIR_6_KL:       -       -       -       -         53      173       48      161      117      128         47         31      169     147
        MIR_6_R:       -       -       -       -      1'644    2'358    1'687    2'440    2'368    1'998      1'619      1'725    2'620   1'870
       MIR_6_RB:       2       1       -       1     30'057   27'819   29'078   32'149   25'501   24'427     31'364     30'018   28'403  13'878
      MIR_6_RBP:       -       -       -       -        388      461      350      546      380      365        301        368      468     418
   ZERO_HALF_FF:       3       3       3       3     44'138   10'886   42'193   11'460    8'779    9'387     48'687     44'592   10'794   7'729
    ZERO_HALF_K:       -       -       -       -      2'732      944    2'862    1'270      649      835      3'453      2'513    1'404     938
   ZERO_HALF_KL:       -       -       -       -         36        7       40        9        4        2         40         23       10       -
    ZERO_HALF_R:       -       -       -       -    250'607  108'245  258'689   90'947   81'883   80'330    256'458    259'215   88'928  52'118
   ZERO_HALF_RB:       -       -       -       -    128'647   35'909  126'525   34'934   31'265   29'561    139'969    127'772   34'129  13'022
  ZERO_HALF_RBP:       -       -       -       -      1'338      636    1'582      986      627      559      1'398      1'577      813     308

LNS stats           Improv/Calls  Closed  Difficulty  TimeLimit
  'graph_arc_lns':           5/6      0%        0.04       0.10
  'graph_cst_lns':           4/6     17%        0.10       0.10
  'graph_dec_lns':           2/6      0%        0.04       0.10
  'graph_var_lns':           6/7     43%        0.47       0.10
      'rins/rens':           5/5     20%        0.14       0.10
    'rnd_cst_lns':           6/7     14%        0.09       0.10
    'rnd_var_lns':           5/7     29%        0.23       0.10

LS stats                   Batches  Restarts  LinMoves  GenMoves  CompoundMoves  WeightUpdates
       'fj_long_default':        2         1    16'984         0              0          1'602
   'fj_long_lin_default':        5         1         0    12'934            886             15
        'fj_long_random':        3         1    27'613         0              0          2'387
      'fj_short_default':        5         1         0    17'360          1'269             26
  'fj_short_lin_default':        4         1         0    16'550          1'349             21
   'fj_short_lin_random':        4         1         0    13'667          1'123             14
       'fj_short_random':        4         1         0    14'611          1'096             31
          'violation_ls':        7         0        13       254             38             16
          'violation_ls':        7         0        21       137             31             16
          'violation_ls':        7         0        55       134             22             29

Solutions (38)                  Num     Rank
                       'core':    1  [25,25]
            'fj_long_default':    1    [1,1]
              'graph_arc_lns':    1  [12,12]
              'graph_var_lns':    1    [8,8]
                      'no_lp':    2  [26,31]
  'objective_lb_search_no_lp':    1  [34,34]
        'quick_restart_no_lp':   11  [24,38]
              'rins_pump_lns':    1  [23,23]
                'rnd_cst_lns':    1  [16,16]
               'violation_ls':   18   [2,22]

Objective bounds                      Num
                   'initial_domain':    1
                   'lb_tree_search':    6
                           'max_lp':   58
  'objective_shaving_search_max_lp':    4
   'objective_shaving_search_no_lp':    6
                   'probing_max_lp':    4
                     'pseudo_costs':   19
                    'quick_restart':    1
                    'reduced_costs':   35

Solution repositories    Added  Queried  Ignored  Synchro
  'feasible solutions':    106      112        0      100
        'lp solutions':      0        0        0        0
                'pump':     39        5

Improving bounds shared             Num
                           'core':  955
                     'default_lp':   15
                'fs_random_no_lp':   20
  'fs_random_quick_restart_no_lp':    7
                 'lb_tree_search':    1
                         'max_lp':  114
                          'no_lp':  917
            'objective_lb_search':   35
     'objective_lb_search_max_lp':   24
      'objective_lb_search_no_lp':  795
                        'probing':   51
                 'probing_max_lp':    9
                   'pseudo_costs':   26
                  'quick_restart':   47
            'quick_restart_no_lp':  919
                  'reduced_costs':    9

Clauses shared                     Num
                        'core':  2'254
                  'default_lp':     12
              'lb_tree_search':      7
                      'max_lp':     15
                       'no_lp':  2'054
         'objective_lb_search':     13
  'objective_lb_search_max_lp':      7
   'objective_lb_search_no_lp':  2'375
                     'probing':     16
              'probing_max_lp':     10
                'pseudo_costs':     11
               'quick_restart':     20
         'quick_restart_no_lp':  2'842
               'reduced_costs':      7

CpSolverResponse summary:
status: FEASIBLE
objective: 734025
best_bound: 544675
integers: 1535
booleans: 1270
conflicts: 1
branches: 2539
propagations: 45458
integer_propagations: 188345
restarts: 2539
lp_iterations: 687
walltime: 21600.1
usertime: 21600.1
deterministic_time: 102037
gap_integral: 1.23989e+06
solution_fingerprint: 0x46012399907c0442

CPU USED: 32
Loading /home/aneumann/projects/def-adhaj/aneumann/gns/data/instances/test/l/instance_165.pkl...
===* START SOLVING *===
   index    value       gap  ... max_time  cpu  max_memory
0    165  7340.25  0.257961  ...        6   32         118

[1 rows x 8 columns]
===* END OF FILE *===
