created virtual environment CPython3.12.4.final.0-64 in 845ms
  creator CPython3Posix(dest=/localscratch/aneumann.37168017.0/env, clear=False, no_vcs_ignore=False, global=False)
  seeder FromAppData(download=False, pip=bundle, via=copy, app_data_dir=/home/aneumann/.local/share/virtualenv)
    added seed packages: pip==24.2+computecanada
  activators BashActivator,CShellActivator,FishActivator,NushellActivator,PowerShellActivator,PythonActivator
Looking in links: /cvmfs/soft.computecanada.ca/custom/python/wheelhouse/gentoo2023/x86-64-v3, /cvmfs/soft.computecanada.ca/custom/python/wheelhouse/gentoo2023/generic, /cvmfs/soft.computecanada.ca/custom/python/wheelhouse/generic
Requirement already satisfied: pip in /localscratch/aneumann.37168017.0/env/lib/python3.12/site-packages (24.2+computecanada)
Looking in links: /cvmfs/soft.computecanada.ca/custom/python/wheelhouse/gentoo2023/x86-64-v3, /cvmfs/soft.computecanada.ca/custom/python/wheelhouse/gentoo2023/generic, /cvmfs/soft.computecanada.ca/custom/python/wheelhouse/generic
ERROR: protobuf-5.28.3-cp38-abi3-manylinux2014_x86_64.whl is not a supported wheel on this platform.
Looking in links: /cvmfs/soft.computecanada.ca/custom/python/wheelhouse/gentoo2023/x86-64-v3, /cvmfs/soft.computecanada.ca/custom/python/wheelhouse/gentoo2023/generic, /cvmfs/soft.computecanada.ca/custom/python/wheelhouse/generic
Processing /home/aneumann/projects/def-adhaj/aneumann/gns/wheels/immutabledict-4.2.0-py3-none-any.whl
Installing collected packages: immutabledict
Successfully installed immutabledict-4.2.0
Looking in links: /cvmfs/soft.computecanada.ca/custom/python/wheelhouse/gentoo2023/x86-64-v3, /cvmfs/soft.computecanada.ca/custom/python/wheelhouse/gentoo2023/generic, /cvmfs/soft.computecanada.ca/custom/python/wheelhouse/generic
Processing /cvmfs/soft.computecanada.ca/custom/python/wheelhouse/generic/ortools-9.10.4067+computecanada-cp312-cp312-linux_x86_64.whl (from -r /home/aneumann/projects/def-adhaj/aneumann/gns/requirements_or.txt (line 1))
Processing /cvmfs/soft.computecanada.ca/custom/python/wheelhouse/gentoo2023/x86-64-v3/pandas-2.2.2+computecanada-cp312-cp312-linux_x86_64.whl (from -r /home/aneumann/projects/def-adhaj/aneumann/gns/requirements_or.txt (line 2))
Processing /cvmfs/soft.computecanada.ca/custom/python/wheelhouse/generic/absl_py-2.1.0+computecanada-py3-none-any.whl (from ortools->-r /home/aneumann/projects/def-adhaj/aneumann/gns/requirements_or.txt (line 1))
Processing /cvmfs/soft.computecanada.ca/custom/python/wheelhouse/gentoo2023/generic/numpy-2.1.1+computecanada-cp312-cp312-linux_x86_64.whl (from ortools->-r /home/aneumann/projects/def-adhaj/aneumann/gns/requirements_or.txt (line 1))
Processing /cvmfs/soft.computecanada.ca/custom/python/wheelhouse/gentoo2023/x86-64-v3/protobuf-5.28.0+computecanada-cp312-cp312-linux_x86_64.whl (from ortools->-r /home/aneumann/projects/def-adhaj/aneumann/gns/requirements_or.txt (line 1))
Requirement already satisfied: immutabledict>=3.0.0 in /localscratch/aneumann.37168017.0/env/lib/python3.12/site-packages (from ortools->-r /home/aneumann/projects/def-adhaj/aneumann/gns/requirements_or.txt (line 1)) (4.2.0)
Processing /cvmfs/soft.computecanada.ca/custom/python/wheelhouse/generic/python_dateutil-2.9.0.post0+computecanada-py2.py3-none-any.whl (from pandas->-r /home/aneumann/projects/def-adhaj/aneumann/gns/requirements_or.txt (line 2))
Processing /cvmfs/soft.computecanada.ca/custom/python/wheelhouse/generic/pytz-2024.2+computecanada-py2.py3-none-any.whl (from pandas->-r /home/aneumann/projects/def-adhaj/aneumann/gns/requirements_or.txt (line 2))
Processing /cvmfs/soft.computecanada.ca/custom/python/wheelhouse/generic/tzdata-2024.2+computecanada-py2.py3-none-any.whl (from pandas->-r /home/aneumann/projects/def-adhaj/aneumann/gns/requirements_or.txt (line 2))
Processing /cvmfs/soft.computecanada.ca/custom/python/wheelhouse/generic/six-1.16.0+computecanada-py2.py3-none-any.whl (from python-dateutil>=2.8.2->pandas->-r /home/aneumann/projects/def-adhaj/aneumann/gns/requirements_or.txt (line 2))
Installing collected packages: pytz, tzdata, six, protobuf, numpy, absl-py, python-dateutil, pandas, ortools
Successfully installed absl-py-2.1.0+computecanada numpy-2.1.1+computecanada ortools-9.10.4067+computecanada pandas-2.2.2+computecanada protobuf-5.28.0+computecanada python-dateutil-2.9.0.post0+computecanada pytz-2024.2+computecanada six-1.16.0+computecanada tzdata-2024.2+computecanada

Starting CP-SAT solver v9.10.4067
Parameters: max_time_in_seconds: 28800 max_memory_in_mb: 118 log_search_progress: true optimize_with_core: true cp_model_presolve: true enumerate_all_solutions: false num_search_workers: 32 use_implied_bounds: true absolute_gap_limit: 5 relative_gap_limit: 0.01 use_probing_search: true

Initial optimization model '': (model_fingerprint: 0x9bd5dbf4f00b703)
#Variables: 3'890 (#bools: 34 #ints: 1 in objective)
  - 3'420 Booleans in [0,1]
  - 469 in [0,300000]
  - 1 constants in {1} 
#kBoolOr: 2'436 (#literals: 2'436)
#kLinear1: 727
#kLinear2: 11'744
#kLinear3: 2'155
#kLinearN: 931 (#terms: 9'419)

Starting presolve at 0.00s
  3.26e-03s  0.00e+00d  [DetectDominanceRelations] 
  8.60e-02s  0.00e+00d  [PresolveToFixPoint] #num_loops=12 #num_dual_strengthening=3 
  8.70e-05s  0.00e+00d  [ExtractEncodingFromLinear] #potential_supersets=281 
[Symmetry] Graph for symmetry has 13'674 nodes and 29'423 arcs.
[Symmetry] Symmetry computation done. time: 0.00272145 dtime: 0.00388572
[SAT presolve] num removable Booleans: 0 / 2115
[SAT presolve] num trivial clauses: 0
[SAT presolve] [0s] clauses:3980 literals:7962 vars:2077 one_side_vars:2027 simple_definition:46 singleton_clauses:0
[SAT presolve] [0.000283473s] clauses:3980 literals:7962 vars:2077 one_side_vars:2027 simple_definition:46 singleton_clauses:0
[SAT presolve] [0.000446019s] clauses:3980 literals:7962 vars:2077 one_side_vars:2027 simple_definition:46 singleton_clauses:0
  7.30e-01s  1.70e-01d  [Probe] #probed=4'969 #fixed_bools=99 #new_bounds=187 
  7.77e-03s  0.00e+00d  [MaxClique] Merged 4247(11902 literals) into 1333(9466 literals) at_most_ones. 
  2.78e-03s  0.00e+00d  [DetectDominanceRelations] 
  2.12e-02s  0.00e+00d  [PresolveToFixPoint] #num_loops=5 #num_dual_strengthening=4 
  3.95e-03s  0.00e+00d  [ProcessAtMostOneAndLinear] #num_changes=15 
  2.78e-03s  0.00e+00d  [DetectDuplicateConstraints] #duplicates=2 
  5.38e-04s  3.01e-05d  [DetectDominatedLinearConstraints] #relevant_constraints=2'053 
  6.23e-04s  0.00e+00d  [DetectDifferentVariables] #different=15 
  1.22e-03s  3.73e-04d  [ProcessSetPPC] #relevant_constraints=1'379 #num_inclusions=998 
  6.43e-05s  0.00e+00d  [FindAlmostIdenticalLinearConstraints] 
  4.62e-03s  7.83e-03d  [FindBigAtMostOneAndLinearOverlap] 
  1.24e-03s  3.76e-03d  [FindBigVerticalLinearOverlap] 
  5.61e-04s  1.84e-03d  [FindBigHorizontalLinearOverlap] #linears=199 
  1.71e-04s  2.00e-08d  [MergeClauses] 
  2.74e-03s  0.00e+00d  [DetectDominanceRelations] 
  1.04e-02s  0.00e+00d  [PresolveToFixPoint] #num_loops=1 #num_dual_strengthening=1 
  2.68e-03s  0.00e+00d  [DetectDominanceRelations] 
  1.03e-02s  0.00e+00d  [PresolveToFixPoint] #num_loops=1 #num_dual_strengthening=1 
[Symmetry] Graph for symmetry has 10'606 nodes and 21'390 arcs.
[Symmetry] Symmetry computation done. time: 0.00169312 dtime: 0.00251989
[SAT presolve] num removable Booleans: 0 / 2015
[SAT presolve] num trivial clauses: 0
[SAT presolve] [0s] clauses:25 literals:52 vars:29 one_side_vars:18 simple_definition:9 singleton_clauses:0
[SAT presolve] [3.4776e-05s] clauses:25 literals:52 vars:29 one_side_vars:18 simple_definition:9 singleton_clauses:0
[SAT presolve] [7.7726e-05s] clauses:25 literals:52 vars:29 one_side_vars:18 simple_definition:9 singleton_clauses:0
  2.50e-01s  5.68e-02d  [Probe] #probed=4'868 #new_bounds=82 
  3.87e-03s  0.00e+00d  [MaxClique] Merged 1097(7967 literals) into 1097(7982 literals) at_most_ones. 
  2.70e-03s  0.00e+00d  [DetectDominanceRelations] 
  1.91e-02s  0.00e+00d  [PresolveToFixPoint] #num_loops=5 #num_dual_strengthening=4 
  3.83e-03s  0.00e+00d  [ProcessAtMostOneAndLinear] 
  2.66e-03s  0.00e+00d  [DetectDuplicateConstraints] 
  5.34e-04s  3.01e-05d  [DetectDominatedLinearConstraints] #relevant_constraints=2'053 
  5.78e-04s  0.00e+00d  [DetectDifferentVariables] #different=15 
  9.81e-04s  3.67e-04d  [ProcessSetPPC] #relevant_constraints=1'310 #num_inclusions=928 
  6.70e-05s  0.00e+00d  [FindAlmostIdenticalLinearConstraints] 
  4.45e-03s  7.81e-03d  [FindBigAtMostOneAndLinearOverlap] 
  1.27e-03s  3.76e-03d  [FindBigVerticalLinearOverlap] 
  5.77e-04s  1.84e-03d  [FindBigHorizontalLinearOverlap] #linears=199 
  1.53e-04s  2.00e-08d  [MergeClauses] 
  2.74e-03s  0.00e+00d  [DetectDominanceRelations] 
  1.05e-02s  0.00e+00d  [PresolveToFixPoint] #num_loops=1 #num_dual_strengthening=1 
  2.69e-03s  0.00e+00d  [DetectDominanceRelations] 
  1.04e-02s  0.00e+00d  [PresolveToFixPoint] #num_loops=1 #num_dual_strengthening=1 
[Symmetry] Graph for symmetry has 10'606 nodes and 21'399 arcs.
[Symmetry] Symmetry computation done. time: 0.00165941 dtime: 0.00252139
[SAT presolve] num removable Booleans: 0 / 2015
[SAT presolve] num trivial clauses: 0
[SAT presolve] [0s] clauses:25 literals:52 vars:29 one_side_vars:18 simple_definition:9 singleton_clauses:0
[SAT presolve] [3.3984e-05s] clauses:25 literals:52 vars:29 one_side_vars:18 simple_definition:9 singleton_clauses:0
[SAT presolve] [7.6413e-05s] clauses:25 literals:52 vars:29 one_side_vars:18 simple_definition:9 singleton_clauses:0
  2.49e-01s  5.65e-02d  [Probe] #probed=4'868 #new_bounds=4 
  3.78e-03s  0.00e+00d  [MaxClique] Merged 1097(7976 literals) into 1097(7982 literals) at_most_ones. 
  2.72e-03s  0.00e+00d  [DetectDominanceRelations] 
  1.35e-02s  0.00e+00d  [PresolveToFixPoint] #num_loops=4 #num_dual_strengthening=3 
  3.86e-03s  0.00e+00d  [ProcessAtMostOneAndLinear] 
  2.67e-03s  0.00e+00d  [DetectDuplicateConstraints] 
  5.66e-04s  3.01e-05d  [DetectDominatedLinearConstraints] #relevant_constraints=2'053 
  5.78e-04s  0.00e+00d  [DetectDifferentVariables] #different=15 
  1.02e-03s  3.67e-04d  [ProcessSetPPC] #relevant_constraints=1'310 #num_inclusions=928 
  7.94e-05s  0.00e+00d  [FindAlmostIdenticalLinearConstraints] 
  4.51e-03s  7.82e-03d  [FindBigAtMostOneAndLinearOverlap] 
  1.27e-03s  3.76e-03d  [FindBigVerticalLinearOverlap] 
  5.44e-04s  1.84e-03d  [FindBigHorizontalLinearOverlap] #linears=199 
  1.54e-04s  2.00e-08d  [MergeClauses] 
  2.74e-03s  0.00e+00d  [DetectDominanceRelations] 
  1.04e-02s  0.00e+00d  [PresolveToFixPoint] #num_loops=1 #num_dual_strengthening=1 
  1.66e-04s  0.00e+00d  [ExpandObjective] #entries=78 #tight_variables=39 #tight_constraints=13 

Presolve summary:
  - 107 affine relations were detected.
  - rule 'TODO dual: add implied bound' was applied 19 times.
  - rule 'TODO dual: only one blocking constraint?' was applied 42'836 times.
  - rule 'TODO dual: only one blocking enforced constraint?' was applied 19 times.
  - rule 'TODO dual: only one unspecified blocking constraint?' was applied 19 times.
  - rule 'TODO dual: tighten at most one' was applied 1'268 times.
  - rule 'TODO linear2: contains a Boolean.' was applied 21'271 times.
  - rule 'affine: new relation' was applied 107 times.
  - rule 'at_most_one: empty or all false' was applied 4 times.
  - rule 'at_most_one: removed literals' was applied 461 times.
  - rule 'at_most_one: singleton' was applied 1 time.
  - rule 'at_most_one: size one' was applied 167 times.
  - rule 'at_most_one: transformed into max clique.' was applied 1 time.
  - rule 'bool_and: non-reified.' was applied 44 times.
  - rule 'bool_and: x => x' was applied 6 times.
  - rule 'bool_or: always true' was applied 2'436 times.
  - rule 'bool_or: implications' was applied 10'620 times.
  - rule 'bool_or: singleton' was applied 6 times.
  - rule 'deductions: 523 stored' was applied 1 time.
  - rule 'dual: enforced equivalence' was applied 2 times.
  - rule 'dual: fix variable' was applied 608 times.
  - rule 'dual: fix variable with multiple choices' was applied 6 times.
  - rule 'dual: reduced domain' was applied 283 times.
  - rule 'duplicate: merged rhs of linear constraint' was applied 2 times.
  - rule 'duplicate: removed constraint' was applied 2 times.
  - rule 'enforcement: false literal' was applied 6'331 times.
  - rule 'enforcement: literal not used' was applied 21 times.
  - rule 'enforcement: true literal' was applied 44 times.
  - rule 'linear + amo: extracted enforcement literal' was applied 2 times.
  - rule 'linear + amo: fixed literal implied by enforcement' was applied 13 times.
  - rule 'linear1: always true' was applied 11 times.
  - rule 'linear2: contains a Boolean.' was applied 13 times.
  - rule 'linear: always true' was applied 1'684 times.
  - rule 'linear: divide by GCD' was applied 7'054 times.
  - rule 'linear: empty' was applied 105 times.
  - rule 'linear: extracted enforcement literal' was applied 749 times.
  - rule 'linear: fixed or dup variables' was applied 1'579 times.
  - rule 'linear: negative clause' was applied 3'114 times.
  - rule 'linear: positive at most one' was applied 272 times.
  - rule 'linear: positive clause' was applied 7'513 times.
  - rule 'linear: positive equal one' was applied 13 times.
  - rule 'linear: reduced variable domains' was applied 915 times.
  - rule 'linear: remapped using affine relations' was applied 3'451 times.
  - rule 'linear: simplified rhs' was applied 23'979 times.
  - rule 'linear: singleton column' was applied 21 times.
  - rule 'objective: variable not used elsewhere' was applied 1 time.
  - rule 'presolve: 1353 unused variables removed.' was applied 1 time.
  - rule 'presolve: iteration' was applied 3 times.
  - rule 'setppc: bool_or in at_most_one.' was applied 2 times.
  - rule 'setppc: removed dominated constraints' was applied 67 times.

Presolved optimization model '': (model_fingerprint: 0x52a46b14b98f8b02)
#Variables: 2'409 (#bools: 33 #ints: 1 in objective)
  - 2'015 Booleans in [0,1]
  - 115 different domains in [0,300000] with a largest complexity of 1.
#kAtMostOne: 1'073 (#literals: 7'928)
#kBoolAnd: 22 (#enforced: 22) (#literals: 46)
#kBoolOr: 1 (#literals: 4)
#kExactlyOne: 13 (#literals: 39)
#kLinear1: 6 (#enforced: 6)
#kLinear2: 866 (#enforced: 631 #multi: 29)
#kLinear3: 1'363 (#enforced: 2)
#kLinearN: 455 (#terms: 3'946)

Preloading model.
#Bound   1.52s best:inf   next:[419456,25268096] initial_domain
[Symmetry] Graph for symmetry has 9'125 nodes and 21'399 arcs.
[Symmetry] Symmetry computation done. time: 0.00156243 dtime: 0.00243189
#Model   1.53s var:2409/2409 constraints:3799/3799

Starting search at 1.53s with 32 workers.
16 full problem subsolvers: [core, default_lp, lb_tree_search, max_lp, no_lp, objective_lb_search, objective_lb_search_max_lp, objective_lb_search_no_lp, objective_shaving_search_max_lp, objective_shaving_search_no_lp, probing, probing_max_lp, pseudo_costs, quick_restart, quick_restart_no_lp, reduced_costs]
14 first solution subsolvers: [fj_long_default, fj_long_lin_default, fj_long_random, fj_short_default, fj_short_lin_default, fj_short_lin_random, fj_short_random, fs_random(2), fs_random_no_lp(2), fs_random_quick_restart(2), fs_random_quick_restart_no_lp]
11 incomplete subsolvers: [feasibility_pump, graph_arc_lns, graph_cst_lns, graph_dec_lns, graph_var_lns, rins/rens, rnd_cst_lns, rnd_var_lns, violation_ls(3)]
3 helper subsolvers: [neighborhood_helper, synchronization_agent, update_gap_integral]
#Bound   1.68s best:inf   next:[419460,25268096] objective_shaving_search_no_lp (vars=2411 csts=3825)
#Bound   2.29s best:inf   next:[419464,25268096] objective_shaving_search_no_lp (vars=2409 csts=3800)
#Bound   2.57s best:inf   next:[419468,25268096] objective_shaving_search_no_lp (vars=2409 csts=3800)
#Bound   2.58s best:inf   next:[424496,25268096] default_lp
#1       2.59s best:25268096 next:[424496,25268092] fj_long_default(batch:3 #lin_moves:20'858 #lin_evals:37'051 #weight_updates:1'668)
#Bound   2.60s best:25268096 next:[424500,25268092] objective_shaving_search_max_lp (vars=2409 csts=3800)
#2       2.60s best:25268012 next:[424500,25268008] violation_ls(batch:1 #solutions_imported:1 #lin_moves:8 #lin_evals:55 #weight_updates:5)
#3       2.61s best:25267928 next:[424500,25267924] violation_ls(batch:1 #solutions_imported:1 #lin_moves:0 #lin_evals:5'920 #gen_moves:54 #gen_evals:0 #comp_moves:4 #backtracks:25 #weight_updates:1)
#4       2.61s best:25267844 next:[424500,25267840] violation_ls(batch:2 #solutions_imported:2 #lin_moves:8 #lin_evals:7'171 #gen_moves:72 #gen_evals:0 #comp_moves:8 #backtracks:32 #weight_updates:7)
#5       2.62s best:25267760 next:[424500,25267756] violation_ls(batch:2 #solutions_imported:2 #lin_moves:12 #lin_evals:99 #weight_updates:8)
#6       2.63s best:25267676 next:[424500,25267672] violation_ls(batch:2 #solutions_imported:2 #lin_moves:0 #lin_evals:17'203 #gen_moves:202 #gen_evals:0 #comp_moves:12 #backtracks:95 #weight_updates:3)
#Bound   2.64s best:25267676 next:[425592,25267672] max_lp
#7       2.67s best:25267592 next:[425592,25267588] violation_ls(batch:3 #solutions_imported:3 #lin_moves:12 #lin_evals:7'215 #gen_moves:72 #gen_evals:0 #comp_moves:8 #backtracks:32 #weight_updates:10)
#8       2.67s best:25267508 next:[425592,25267504] violation_ls(batch:3 #solutions_imported:3 #lin_moves:12 #lin_evals:8'554 #gen_moves:100 #gen_evals:0 #comp_moves:8 #backtracks:46 #weight_updates:9)
#9       2.75s best:25265864 next:[425592,25265860] rnd_var_lns (d=0.50 s=63 t=0.10 p=0.00 stall=0 h=auto_l0)
#Bound   2.76s best:25265864 next:[426972,25265860] max_lp
#10      2.78s best:25264600 next:[426972,25264596] graph_var_lns (d=0.50 s=65 t=0.10 p=0.00 stall=0 h=auto_l0)
#11      2.78s best:25264516 next:[426972,25264512] violation_ls(batch:4 #solutions_imported:4 #lin_moves:20 #lin_evals:7'270 #gen_moves:72 #gen_evals:0 #comp_moves:8 #backtracks:32 #weight_updates:16)
#12      2.78s best:25264432 next:[426972,25264428] violation_ls(batch:4 #solutions_imported:4 #lin_moves:12 #lin_evals:10'193 #gen_moves:121 #gen_evals:0 #comp_moves:13 #backtracks:54 #weight_updates:9)
#13      2.78s best:25264348 next:[426972,25264344] violation_ls(batch:4 #solutions_imported:4 #lin_moves:16 #lin_evals:17'314 #gen_moves:202 #gen_evals:0 #comp_moves:12 #backtracks:95 #weight_updates:15)
#14      2.87s best:25264120 next:[426972,25264116] graph_dec_lns (d=0.50 s=77 t=0.10 p=0.00 stall=0 h=auto_l0)
#Bound   2.89s best:25264120 next:[459944,25264116] default_lp
#Model   2.93s var:2408/2409 constraints:3799/3799
#15      2.93s best:25264036 next:[459944,25264032] violation_ls(batch:5 #solutions_imported:5 #lin_moves:26 #lin_evals:7'320 #gen_moves:72 #gen_evals:0 #comp_moves:8 #backtracks:32 #weight_updates:21)
#16      2.94s best:25263952 next:[459944,25263948] violation_ls(batch:5 #solutions_imported:5 #lin_moves:16 #lin_evals:10'238 #gen_moves:121 #gen_evals:0 #comp_moves:13 #backtracks:54 #weight_updates:12)
#Bound   2.94s best:25263952 next:[459948,25263948] objective_shaving_search_no_lp (vars=2412 csts=3803)
#17      3.07s best:25259192 next:[459948,25259188] graph_arc_lns (d=0.50 s=93 t=0.10 p=0.00 stall=0 h=auto_l0)
#Bound   3.13s best:25259192 next:[459952,25259188] objective_shaving_search_no_lp (vars=2409 csts=3800)
#Bound   3.14s best:25259192 next:[459956,25259188] objective_shaving_search_max_lp (vars=2409 csts=3800)
#18      3.14s best:25259108 next:[459956,25259104] violation_ls(batch:6 #solutions_imported:6 #lin_moves:24 #lin_evals:10'295 #gen_moves:121 #gen_evals:0 #comp_moves:13 #backtracks:54 #weight_updates:17)
#19      3.15s best:25259024 next:[459956,25259020] violation_ls(batch:6 #solutions_imported:6 #lin_moves:16 #lin_evals:75'402 #gen_moves:3'296 #gen_evals:0 #comp_moves:163 #backtracks:1'564 #weight_updates:42)
#Bound   3.28s best:25259024 next:[460732,25259020] objective_lb_search_max_lp
#Bound   3.32s best:25259024 next:[462332,25259020] objective_lb_search_max_lp
#Bound   3.38s best:25259024 next:[462336,25259020] objective_shaving_search_no_lp (vars=2409 csts=3800)
#Bound   3.39s best:25259024 next:[462340,25259020] objective_shaving_search_max_lp (vars=2409 csts=3800)
#20      3.40s best:25258940 next:[462340,25258936] violation_ls(batch:7 #solutions_imported:7 #lin_moves:36 #lin_evals:12'434 #gen_moves:146 #gen_evals:0 #comp_moves:16 #backtracks:65 #weight_updates:27)
#21      3.41s best:25258856 next:[462340,25258852] violation_ls(batch:7 #solutions_imported:7 #lin_moves:33 #lin_evals:10'356 #gen_moves:121 #gen_evals:0 #comp_moves:13 #backtracks:54 #weight_updates:23)
#22      3.42s best:25258208 next:[462340,25258204] graph_var_lns (d=0.55 s=113 t=0.10 p=0.50 stall=0 h=auto_l0)
#23      3.42s best:25258124 next:[462340,25258120] violation_ls(batch:7 #solutions_imported:7 #lin_moves:16 #lin_evals:84'820 #gen_moves:3'430 #gen_evals:0 #comp_moves:171 #backtracks:1'627 #weight_updates:44)
#Bound   3.46s best:25258124 next:[463168,25258120] objective_lb_search_max_lp
#Bound   3.50s best:25258124 next:[465104,25258120] objective_lb_search_max_lp
#Bound   3.53s best:25258124 next:[465580,25258120] default_lp
#Bound   3.56s best:25258124 next:[465608,25258120] max_lp
#Bound   3.60s best:25258124 next:[467836,25258120] objective_lb_search_max_lp
#Bound   3.66s best:25258124 next:[471084,25258120] objective_lb_search_max_lp
#Bound   3.79s best:25258124 next:[479696,25258120] max_lp
#Bound   3.98s best:25258124 next:[491204,25258120] max_lp
#Bound   4.17s best:25258124 next:[491408,25258120] max_lp
#Model   4.53s var:2407/2409 constraints:3798/3799
#Bound   4.82s best:25258124 next:[516256,25258120] probing_max_lp [skipped_logs=3]
#Model   5.26s var:2406/2409 constraints:3797/3799
#Bound   5.96s best:25258124 next:[531024,25258120] lb_tree_search [skipped_logs=5]
#Model   6.08s var:2405/2409 constraints:3796/3799
#Model   6.38s var:2403/2409 constraints:3792/3799
#Bound   6.84s best:25258124 next:[533860,25258120] max_lp [skipped_logs=2]
#Model   7.09s var:2402/2409 constraints:3792/3799
#Model   7.90s var:2401/2409 constraints:3792/3799
#Bound   7.92s best:25258124 next:[533968,25258120] max_lp [skipped_logs=2]
#Bound   8.87s best:25258124 next:[534752,25258120] max_lp [skipped_logs=3]
#Bound   9.97s best:25258124 next:[534932,25258120] max_lp [skipped_logs=2]
#Model  10.43s var:2400/2409 constraints:3791/3799
#Bound  10.96s best:25258124 next:[534976,25258120] max_lp [skipped_logs=3]
#Model  11.25s var:2399/2409 constraints:3791/3799
#Bound  11.96s best:25258124 next:[535404,25258120] max_lp [skipped_logs=3]
#24     12.39s best:1114256 next:[535412,1114252] rins_pump_lns (d=0.19 s=129 t=0.10 p=0.00 stall=0 h=auto_l0)
#Model  12.90s var:2398/2409 constraints:3790/3799
#Bound  12.92s best:1114256 next:[535460,1114252] max_lp [skipped_logs=3]
#Model  13.62s var:2397/2409 constraints:3790/3799
#Bound  13.84s best:1114256 next:[535712,1114252] max_lp [skipped_logs=1]
#Bound  14.91s best:1114256 next:[536208,1114252] max_lp [skipped_logs=3]
#Bound  15.73s best:1114256 next:[536276,1114252] max_lp [skipped_logs=1]
#Bound  16.04s best:1114256 next:[536324,1114252] max_lp [skipped_logs=0]
#Bound  17.76s best:1114256 next:[536852,1114252] probing_max_lp [skipped_logs=2]
#Bound  18.78s best:1114256 next:[536880,1114252] probing_max_lp [skipped_logs=2]
#Bound  19.84s best:1114256 next:[536916,1114252] probing_max_lp [skipped_logs=2]
#Bound  20.86s best:1114256 next:[537068,1114252] probing_max_lp [skipped_logs=3]
#Bound  21.69s best:1114256 next:[537364,1114252] max_lp [skipped_logs=3]
#Bound  23.00s best:1114256 next:[537440,1114252] objective_lb_search_max_lp [skipped_logs=1]
#Bound  23.91s best:1114256 next:[538008,1114252] max_lp [skipped_logs=3]
#Bound  24.93s best:1114256 next:[538024,1114252] max_lp [skipped_logs=2]
#Bound  25.15s best:1114256 next:[538044,1114252] max_lp [skipped_logs=0]
#Bound  27.30s best:1114256 next:[538048,1114252] objective_lb_search_max_lp
#Bound  27.90s best:1114256 next:[538096,1114252] objective_lb_search_max_lp [skipped_logs=2]
#Bound  28.93s best:1114256 next:[538140,1114252] objective_lb_search_max_lp [skipped_logs=3]
#Bound  29.76s best:1114256 next:[539072,1114252] max_lp [skipped_logs=2]
#Bound  30.83s best:1114256 next:[539212,1114252] max_lp [skipped_logs=2]
#Bound  31.73s best:1114256 next:[541356,1114252] max_lp [skipped_logs=2]
#Bound  32.86s best:1114256 next:[543476,1114252] max_lp [skipped_logs=4]
#Bound  33.73s best:1114256 next:[544920,1114252] max_lp [skipped_logs=3]
#Bound  34.55s best:1114256 next:[545456,1114252] max_lp [skipped_logs=2]
#Model  52.57s var:2396/2409 constraints:3789/3799
#Bound  53.56s best:1114256 next:[545492,1114252] probing_max_lp
#Bound  53.74s best:1114256 next:[545744,1114252] probing_max_lp
#Bound  53.92s best:1114256 next:[545788,1114252] probing_max_lp
#Bound  54.18s best:1114256 next:[545848,1114252] probing_max_lp
#Model  54.39s var:2395/2409 constraints:3789/3799
#Bound  54.40s best:1114256 next:[545984,1114252] probing_max_lp
#Bound  54.52s best:1114256 next:[546016,1114252] probing_max_lp
#Bound  54.69s best:1114256 next:[546036,1114252] probing_max_lp
#Bound  54.88s best:1114256 next:[546052,1114252] probing_max_lp
#Bound  55.03s best:1114256 next:[546208,1114252] probing_max_lp
#Bound  55.16s best:1114256 next:[546228,1114252] probing_max_lp
#Bound  55.37s best:1114256 next:[546264,1114252] probing_max_lp
#Bound  55.54s best:1114256 next:[546272,1114252] probing_max_lp
#Bound  55.68s best:1114256 next:[546296,1114252] probing_max_lp
#Bound  55.80s best:1114256 next:[546312,1114252] probing_max_lp
#Bound  56.04s best:1114256 next:[546320,1114252] probing_max_lp
#Bound  56.17s best:1114256 next:[546324,1114252] probing_max_lp
#Bound  56.30s best:1114256 next:[546328,1114252] probing_max_lp
#Bound  56.41s best:1114256 next:[546348,1114252] probing_max_lp
#Bound  56.94s best:1114256 next:[546360,1114252] probing_max_lp
#Bound  58.18s best:1114256 next:[546364,1114252] probing_max_lp
#Bound  58.53s best:1114256 next:[546376,1114252] probing_max_lp
#Bound  58.74s best:1114256 next:[546380,1114252] probing_max_lp
#Bound  59.06s best:1114256 next:[546388,1114252] probing_max_lp
#Bound  59.48s best:1114256 next:[546396,1114252] probing_max_lp
#Bound  59.83s best:1114256 next:[546404,1114252] probing_max_lp [skipped_logs=0]
#Bound  60.60s best:1114256 next:[546432,1114252] probing_max_lp [skipped_logs=1]
#Bound  61.91s best:1114256 next:[546444,1114252] probing_max_lp [skipped_logs=1]
#Bound  62.88s best:1114256 next:[546692,1114252] probing_max_lp [skipped_logs=2]
#Bound  63.93s best:1114256 next:[546740,1114252] probing_max_lp [skipped_logs=4]
#Bound  64.81s best:1114256 next:[546768,1114252] probing_max_lp [skipped_logs=3]
#Bound  65.89s best:1114256 next:[546812,1114252] probing_max_lp [skipped_logs=2]
#Model  66.76s var:2394/2409 constraints:3789/3799
#Bound  66.94s best:1114256 next:[546820,1114252] probing_max_lp [skipped_logs=1]
#Bound  67.77s best:1114256 next:[546828,1114252] probing_max_lp [skipped_logs=1]
#Bound  68.88s best:1114256 next:[546856,1114252] probing_max_lp [skipped_logs=3]
#Bound  69.73s best:1114256 next:[546884,1114252] probing_max_lp [skipped_logs=2]
#Bound  71.00s best:1114256 next:[546908,1114252] probing_max_lp [skipped_logs=2]
#Bound  71.67s best:1114256 next:[546940,1114252] probing_max_lp [skipped_logs=2]
#Bound  72.73s best:1114256 next:[546960,1114252] probing_max_lp [skipped_logs=1]
#Bound  74.10s best:1114256 next:[546972,1114252] probing_max_lp
#Bound  74.99s best:1114256 next:[546992,1114252] probing_max_lp [skipped_logs=3]
#Bound  76.00s best:1114256 next:[547048,1114252] probing_max_lp [skipped_logs=2]
#Bound  89.81s best:1114256 next:[547052,1114252] probing_max_lp
#Bound  90.21s best:1114256 next:[547056,1114252] probing_max_lp
#Bound  91.06s best:1114256 next:[547060,1114252] probing_max_lp
#Bound  91.49s best:1114256 next:[547064,1114252] probing_max_lp
#Bound  92.44s best:1114256 next:[547072,1114252] probing_max_lp
#Bound 107.63s best:1114256 next:[547152,1114252] probing_max_lp
#Bound 109.68s best:1114256 next:[547164,1114252] probing_max_lp
#Bound 136.77s best:1114256 next:[547172,1114252] probing_max_lp
#Bound 145.51s best:1114256 next:[547180,1114252] probing_max_lp
#Bound 145.90s best:1114256 next:[547184,1114252] probing_max_lp
#Bound 146.29s best:1114256 next:[547188,1114252] probing_max_lp
#Bound 155.90s best:1114256 next:[550496,1114252] probing
#Model 167.23s var:2393/2409 constraints:3784/3799
#Model 172.10s var:2392/2409 constraints:3783/3799
#Bound 173.13s best:1114256 next:[550500,1114252] reduced_costs
#Bound 173.62s best:1114256 next:[550504,1114252] reduced_costs
#Bound 173.66s best:1114256 next:[550508,1114252] reduced_costs
#Bound 173.97s best:1114256 next:[552664,1114252] reduced_costs
#Bound 174.92s best:1114256 next:[552860,1114252] reduced_costs
#Bound 175.23s best:1114256 next:[553020,1114252] reduced_costs
#Bound 175.75s best:1114256 next:[553744,1114252] reduced_costs
#Model 183.81s var:2391/2409 constraints:3782/3799
#Model 191.71s var:2390/2409 constraints:3782/3799
#Bound 198.64s best:1114256 next:[558560,1114252] quick_restart
#Bound 205.25s best:1114256 next:[563604,1114252] objective_lb_search_max_lp
#Bound 205.48s best:1114256 next:[566848,1114252] objective_lb_search_max_lp
#Bound 213.23s best:1114256 next:[566852,1114252] objective_lb_search_max_lp
#Bound 214.07s best:1114256 next:[566868,1114252] objective_lb_search_max_lp
#Bound 214.46s best:1114256 next:[567232,1114252] objective_lb_search_max_lp
#Bound 214.83s best:1114256 next:[567620,1114252] objective_lb_search_max_lp
#Bound 215.15s best:1114256 next:[567684,1114252] objective_lb_search_max_lp
#Bound 215.43s best:1114256 next:[567764,1114252] objective_lb_search_max_lp
#Bound 215.79s best:1114256 next:[567924,1114252] objective_lb_search_max_lp
#Bound 216.01s best:1114256 next:[569164,1114252] objective_lb_search_max_lp
#Bound 216.31s best:1114256 next:[569564,1114252] objective_lb_search_max_lp
#Bound 216.76s best:1114256 next:[569728,1114252] objective_lb_search_max_lp
#Bound 217.02s best:1114256 next:[569732,1114252] objective_lb_search_max_lp
#Bound 217.51s best:1114256 next:[569736,1114252] objective_lb_search_max_lp
#Bound 218.07s best:1114256 next:[570016,1114252] objective_lb_search_max_lp
#Bound 218.78s best:1114256 next:[570020,1114252] objective_lb_search_max_lp
#Bound 219.62s best:1114256 next:[570024,1114252] objective_lb_search_max_lp
#Bound 229.91s best:1114256 next:[570040,1114252] objective_lb_search_max_lp
#Bound 237.74s best:1114256 next:[659360,1114252] lb_tree_search
#25    748.56s best:1112608 next:[659360,1112604] quick_restart_no_lp (fixed_bools=832/4532)
#Model 769.84s var:2389/2409 constraints:3779/3799
#26    2722.51s best:1111872 next:[659360,1111868] quick_restart_no_lp (fixed_bools=1275/5503)
#Model 4113.54s var:2388/2409 constraints:3778/3799
#27    4776.81s best:1111664 next:[659360,1111660] quick_restart_no_lp (fixed_bools=1605/6274)
#28    4934.74s best:1108976 next:[659360,1108972] quick_restart_no_lp (fixed_bools=1639/6503)
#29    5034.12s best:1106832 next:[659360,1106828] quick_restart_no_lp (fixed_bools=1697/6703)
#30    5040.10s best:1106096 next:[659360,1106092] quick_restart_no_lp (fixed_bools=1801/6767)
#31    7910.76s best:1104784 next:[659360,1104780] quick_restart_no_lp (fixed_bools=2204/8780)
#32    9018.05s best:1049984 next:[659360,1049980] no_lp (fixed_bools=2081/5237)
#Model 9020.35s var:2387/2409 constraints:3776/3799
#Model 9020.55s var:2386/2409 constraints:3765/3799
#Model 9021.38s var:2385/2409 constraints:3764/3799
#Model 9031.21s var:2384/2409 constraints:3763/3799
#33    9031.93s best:1047968 next:[659360,1047964] quick_restart_no_lp (fixed_bools=2741/10184)
#Model 9033.74s var:2383/2409 constraints:3762/3799
#Model 9035.26s var:2382/2409 constraints:3762/3799
#34    9048.03s best:1044976 next:[659360,1044972] quick_restart_no_lp (fixed_bools=2861/10294)
#35    9051.27s best:1042912 next:[659360,1042908] quick_restart_no_lp (fixed_bools=2872/10327)
#36    9052.94s best:1040976 next:[659360,1040972] quick_restart_no_lp (fixed_bools=2872/10347)
#37    9080.79s best:1038288 next:[659360,1038284] quick_restart_no_lp (fixed_bools=2962/10441)
#38    9081.52s best:1036640 next:[659360,1036636] quick_restart_no_lp (fixed_bools=2962/10451)
#39    9156.07s best:1035664 next:[659360,1035660] quick_restart_no_lp (fixed_bools=3144/10969)
#Model 9158.45s var:2381/2409 constraints:3758/3799
#40    10186.12s best:1034848 next:[659360,1034844] quick_restart_no_lp (fixed_bools=3261/11659)
#41    10664.54s best:1032336 next:[659360,1032332] quick_restart_no_lp (fixed_bools=3293/12328)
#Model 10709.24s var:2380/2409 constraints:3756/3799
#42    13150.83s best:1029872 next:[659360,1029868] quick_restart_no_lp (fixed_bools=3498/15081)
#Model 13185.97s var:2379/2409 constraints:3750/3799
#43    19286.07s best:1028784 next:[659360,1028780] quick_restart_no_lp (fixed_bools=3646/18997)

Task timing                                  n [     min,      max]      avg      dev     time         n [     min,      max]      avg      dev    dtime
                             'core':         1 [   8.00h,    8.00h]    8.00h   0.00ns    8.00h         1 [   6.77h,    6.77h]    6.77h   0.00ns    6.77h
                       'default_lp':         1 [   8.00h,    8.00h]    8.00h   0.00ns    8.00h         1 [   1.12h,    1.12h]    1.12h   0.00ns    1.12h
                 'feasibility_pump':         5 [458.29ms,    2.44s]    1.83s 715.58ms    9.16s         4 [657.66ms, 804.40ms] 717.93ms  60.98ms    2.87s
                  'fj_long_default':         3 [ 25.06ms, 254.37ms] 129.01ms  94.83ms 387.02ms         3 [  7.67ms,  37.97ms]  27.08ms  13.76ms  81.23ms
              'fj_long_lin_default':         2 [ 71.31ms, 390.20ms] 230.75ms 159.45ms 461.51ms         2 [ 14.23ms,  20.88ms]  17.56ms   3.32ms  35.11ms
                   'fj_long_random':         2 [ 57.85ms, 471.27ms] 264.56ms 206.71ms 529.12ms         2 [ 18.26ms,  37.93ms]  28.09ms   9.83ms  56.19ms
                 'fj_short_default':         6 [ 51.56ms, 129.89ms]  79.91ms  24.36ms 479.47ms         6 [ 14.31ms,  26.95ms]  21.67ms   4.41ms 130.03ms
             'fj_short_lin_default':         5 [ 63.92ms, 123.39ms]  84.35ms  21.13ms 421.74ms         5 [ 20.59ms,  27.19ms]  22.54ms   2.51ms 112.68ms
              'fj_short_lin_random':         4 [ 50.23ms, 212.17ms] 112.78ms  60.37ms 451.12ms         4 [ 15.56ms,  27.29ms]  21.63ms   5.52ms  86.51ms
                  'fj_short_random':         6 [ 58.60ms, 120.46ms]  76.32ms  21.27ms 457.91ms         6 [ 13.72ms,  25.69ms]  20.67ms   3.67ms 124.01ms
                        'fs_random':         1 [   1.02s,    1.02s]    1.02s   0.00ns    1.02s         1 [ 20.00ns,  20.00ns]  20.00ns   0.00ns  20.00ns
                        'fs_random':         1 [   1.04s,    1.04s]    1.04s   0.00ns    1.04s         1 [ 20.00ns,  20.00ns]  20.00ns   0.00ns  20.00ns
                  'fs_random_no_lp':         1 [   1.02s,    1.02s]    1.02s   0.00ns    1.02s         0 [  0.00ns,   0.00ns]   0.00ns   0.00ns   0.00ns
                  'fs_random_no_lp':         1 [   1.02s,    1.02s]    1.02s   0.00ns    1.02s         1 [ 24.76ms,  24.76ms]  24.76ms   0.00ns  24.76ms
          'fs_random_quick_restart':         1 [   1.03s,    1.03s]    1.03s   0.00ns    1.03s         1 [ 20.00ns,  20.00ns]  20.00ns   0.00ns  20.00ns
          'fs_random_quick_restart':         1 [   1.03s,    1.03s]    1.03s   0.00ns    1.03s         1 [ 20.00ns,  20.00ns]  20.00ns   0.00ns  20.00ns
    'fs_random_quick_restart_no_lp':         1 [   1.03s,    1.03s]    1.03s   0.00ns    1.03s         1 [ 45.97ms,  45.97ms]  45.97ms   0.00ns  45.97ms
                    'graph_arc_lns':         6 [191.50ms,    8.00h]    2.67h    3.77h   16.00h         5 [ 20.00ns, 100.37ms]  80.12ms  40.06ms 400.61ms
                    'graph_cst_lns':         6 [164.23ms,    8.00h]    2.67h    3.77h   16.00h         5 [193.00ns, 100.89ms]  80.19ms  40.10ms 400.97ms
                    'graph_dec_lns':         6 [201.48ms,    8.00h]    4.00h    4.00h   24.00h         4 [ 30.00ns, 100.09ms]  75.03ms  43.32ms 300.13ms
                    'graph_var_lns':         6 [123.07ms,    8.00h]    1.33h    2.98h    8.00h         6 [ 10.00ns, 102.53ms]  83.80ms  37.49ms 502.79ms
                   'lb_tree_search':         1 [   8.00h,    8.00h]    8.00h   0.00ns    8.00h         1 [  41.88m,   41.88m]   41.88m   0.00ns   41.88m
                           'max_lp':         1 [   8.00h,    8.00h]    8.00h   0.00ns    8.00h         1 [  42.51m,   42.51m]   42.51m   0.00ns   42.51m
                            'no_lp':         1 [   8.00h,    8.00h]    8.00h   0.00ns    8.00h         1 [   7.93h,    7.93h]    7.93h   0.00ns    7.93h
              'objective_lb_search':         1 [   8.00h,    8.00h]    8.00h   0.00ns    8.00h         1 [   1.14h,    1.14h]    1.14h   0.00ns    1.14h
       'objective_lb_search_max_lp':         1 [   8.00h,    8.00h]    8.00h   0.00ns    8.00h         1 [  38.41m,   38.41m]   38.41m   0.00ns   38.41m
        'objective_lb_search_no_lp':         1 [   8.00h,    8.00h]    8.00h   0.00ns    8.00h         1 [   7.18h,    7.18h]    7.18h   0.00ns    7.18h
  'objective_shaving_search_max_lp':         7 [  8.53ms, 334.15ms] 107.42ms 118.40ms 751.96ms         0 [  0.00ns,   0.00ns]   0.00ns   0.00ns   0.00ns
   'objective_shaving_search_no_lp':         7 [  8.78ms, 280.61ms] 101.99ms 102.86ms 713.94ms         0 [  0.00ns,   0.00ns]   0.00ns   0.00ns   0.00ns
                          'probing':         1 [   8.00h,    8.00h]    8.00h   0.00ns    8.00h         1 [   1.14h,    1.14h]    1.14h   0.00ns    1.14h
                   'probing_max_lp':         1 [   8.00h,    8.00h]    8.00h   0.00ns    8.00h         1 [  38.08m,   38.08m]   38.08m   0.00ns   38.08m
                     'pseudo_costs':         1 [   8.00h,    8.00h]    8.00h   0.00ns    8.00h         1 [  39.02m,   39.02m]   39.02m   0.00ns   39.02m
                    'quick_restart':         1 [   8.00h,    8.00h]    8.00h   0.00ns    8.00h         1 [   1.12h,    1.12h]    1.12h   0.00ns    1.12h
              'quick_restart_no_lp':         1 [   8.00h,    8.00h]    8.00h   0.00ns    8.00h         1 [   5.40h,    5.40h]    5.40h   0.00ns    5.40h
                    'reduced_costs':         1 [   8.00h,    8.00h]    8.00h   0.00ns    8.00h         1 [  40.90m,   40.90m]   40.90m   0.00ns   40.90m
                        'rins/rens':         5 [241.72ms,    8.00h]    3.20h    3.92h   15.99h         5 [ 10.00ns, 101.46ms]  60.44ms  49.35ms 302.18ms
                      'rnd_cst_lns':         7 [254.51ms,    8.00h]    4.57h    3.96h   32.00h         5 [ 10.00ns, 100.15ms]  60.04ms  49.02ms 300.21ms
                      'rnd_var_lns':         7 [148.69ms,    8.00h]    4.57h    3.96h   32.00h         4 [ 58.00ns, 100.13ms]  75.04ms  43.32ms 300.14ms
                     'violation_ls':         7 [323.04us,  16.83ms]   3.12ms   5.66ms  21.81ms         7 [ 15.53us,   1.33ms] 361.46us 546.61us   2.53ms
                     'violation_ls':         7 [339.40us,  71.94ms]  14.37ms  23.63ms 100.59ms         7 [ 18.15us,  24.36ms]   4.46ms   8.17ms  31.20ms
                     'violation_ls':         7 [358.33us,  10.30ms]   2.50ms   3.43ms  17.47ms         7 [ 15.53us,   1.77ms] 307.95us 605.37us   2.16ms

Search stats                         Bools   Conflicts       Branches     Restarts      BoolPropag   IntegerPropag
                           'core':   6'154  11'160'701    829'745'776   99'907'846  13'651'756'344  22'928'293'450
                     'default_lp':   2'809          36        144'704       70'670       6'038'071      12'941'888
                      'fs_random':   2'021           0            236          236           9'714         117'983
                      'fs_random':   2'021           0          4'042        4'042          85'808         422'966
                'fs_random_no_lp':   2'021           0          1'162        1'162          28'083         205'063
                'fs_random_no_lp':   2'809          44          5'788        5'788         188'194         622'040
        'fs_random_quick_restart':   2'021           0            236          236           9'714         117'983
        'fs_random_quick_restart':   2'021           0          4'042        4'042          85'808         422'966
  'fs_random_quick_restart_no_lp':   2'809          46          6'666        6'666         235'779         782'531
                 'lb_tree_search':   2'809          15         53'460       33'992       2'675'937       5'768'528
                         'max_lp':   2'809          22         46'264       30'397       2'357'242       5'150'622
                          'no_lp':  27'946  19'042'024    705'249'295  106'137'563  40'131'194'097  23'629'714'255
            'objective_lb_search':   2'809          33        129'379       65'550       5'558'126      11'921'276
     'objective_lb_search_max_lp':   2'809          34         44'116       29'294       2'252'211       4'929'349
      'objective_lb_search_no_lp':   6'231  11'916'482    777'939'433   99'157'349  13'548'738'478  22'098'538'263
                        'probing':   2'809          59        134'386       68'011       5'867'312      12'511'288
                 'probing_max_lp':   2'809          18         52'432       33'899       2'730'284       5'859'407
                   'pseudo_costs':   2'809          33         58'116       36'294       2'913'667       6'330'762
                  'quick_restart':   2'809          36        129'704       65'607       5'589'309      12'028'777
            'quick_restart_no_lp':  23'591  11'344'688  1'308'688'984  124'240'835  33'402'518'268  28'881'742'633
                  'reduced_costs':   2'809          35         54'768       34'613       2'743'192       5'986'141

SAT stats                           ClassicMinim   LitRemoved     LitLearned   LitForgotten  Subsumed  MClauses  MDecisions  MLitTrue  MSubsumed  MLitRemoved  MReused
                           'core':    10'760'673  112'653'810  5'574'781'512  5'512'386'792   100'091   558'398  53'625'756         0      1'030       86'061  324'049
                     'default_lp':             0            0             36              0         0         0           0         0          0            0        0
                      'fs_random':             0            0              0              0         0         0           0         0          0            0        0
                      'fs_random':             0            0              0              0         0         0           0         0          0            0        0
                'fs_random_no_lp':             0            0              0              0         0         0           0         0          0            0        0
                'fs_random_no_lp':             0            0             44              0         0         0           0         0          0            0        0
        'fs_random_quick_restart':             0            0              0              0         0         0           0         0          0            0        0
        'fs_random_quick_restart':             0            0              0              0         0         0           0         0          0            0        0
  'fs_random_quick_restart_no_lp':             0            0             46              0         0         0           0         0          0            0        0
                 'lb_tree_search':             0            0             15              0         0         0           0         0          0            0        0
                         'max_lp':             0            0             22              0         0         0           0         0          0            0        0
                          'no_lp':    18'534'107  220'500'274  6'798'891'511  6'702'316'337   211'821   428'651  19'557'423         0      2'049      181'367  178'708
            'objective_lb_search':             0            0             33              0         0         0           0         0          0            0        0
     'objective_lb_search_max_lp':             0            0             34              0         0         0           0         0          0            0        0
      'objective_lb_search_no_lp':    11'468'043  118'338'475  6'048'531'951  5'980'476'210   114'237   747'927   3'711'394         2        903        5'165  157'598
                        'probing':             0            0             59              0         0         0           0         0          0            0        0
                 'probing_max_lp':             0            0             18              0         0         0           0         0          0            0        0
                   'pseudo_costs':             0            0             33              0         0         0           0         0          0            0        0
                  'quick_restart':             1            1             37              0         0         0           0         0          0            0        0
            'quick_restart_no_lp':     9'984'275   77'604'109  4'170'181'141  3'899'490'904   655'912   226'462  39'322'147         6      2'322      224'648  216'879
                  'reduced_costs':             0            0             35              0         0         0           0         0          0            0        0

Lp stats                         Component  Iterations  AddedCuts  OPTIMAL  DUAL_F.  DUAL_U.
                  'default_lp':          1  14'919'995  6'668'204  387'962       72        4
                   'fs_random':          1           0          0        0        0        0
                   'fs_random':          1           0          0        0        0        0
     'fs_random_quick_restart':          1           0          0        0        0        0
     'fs_random_quick_restart':          1           0          0        0        0        0
              'lb_tree_search':          1   4'415'225  1'988'901  119'870   30'630        1
                      'max_lp':          1   3'826'765  1'731'077  106'535   26'528        2
         'objective_lb_search':          1  14'772'673  6'512'456  360'983       45        2
  'objective_lb_search_max_lp':          1   3'764'208  1'759'003  102'426   25'150        2
                     'probing':          1  15'212'632  6'785'787  374'837       56        3
              'probing_max_lp':          1   4'380'042  1'898'474  118'987   30'083        0
                'pseudo_costs':          1   4'936'422  2'021'789  127'384   33'559        2
               'quick_restart':          1  14'592'408  6'580'705  360'995       45        5
               'reduced_costs':          1   4'625'293  2'069'592  121'838   31'602        1

Lp dimension                                                                        Final dimension of first component
                  'default_lp':  3807 rows, 2406 columns, 50138 entries with magnitude in [1.850065e-06, 1.000000e+00]
                   'fs_random':         0 rows, 2406 columns, 0 entries with magnitude in [0.000000e+00, 0.000000e+00]
                   'fs_random':         0 rows, 2406 columns, 0 entries with magnitude in [0.000000e+00, 0.000000e+00]
     'fs_random_quick_restart':         0 rows, 2406 columns, 0 entries with magnitude in [0.000000e+00, 0.000000e+00]
     'fs_random_quick_restart':         0 rows, 2406 columns, 0 entries with magnitude in [0.000000e+00, 0.000000e+00]
              'lb_tree_search':  3934 rows, 2409 columns, 60743 entries with magnitude in [7.410852e-06, 1.000000e+00]
                      'max_lp':  3639 rows, 2409 columns, 68723 entries with magnitude in [1.700427e-05, 1.000000e+00]
         'objective_lb_search':  3914 rows, 2406 columns, 36852 entries with magnitude in [1.736007e-06, 1.000000e+00]
  'objective_lb_search_max_lp':  3995 rows, 2409 columns, 51616 entries with magnitude in [1.688075e-05, 1.000000e+00]
                     'probing':  3967 rows, 2406 columns, 43478 entries with magnitude in [2.707635e-06, 1.000000e+00]
              'probing_max_lp':  3999 rows, 2409 columns, 66323 entries with magnitude in [1.253457e-05, 1.000000e+00]
                'pseudo_costs':  4021 rows, 2409 columns, 51943 entries with magnitude in [9.485235e-06, 1.000000e+00]
               'quick_restart':  3416 rows, 2406 columns, 34873 entries with magnitude in [1.685724e-06, 1.000000e+00]
               'reduced_costs':  3226 rows, 2409 columns, 51575 entries with magnitude in [5.502000e-06, 1.000000e+00]

Lp debug                         CutPropag  CutEqPropag  Adjust  Overflow          Bad  BadScaling
                  'default_lp':          2        5'975   8'063         0  278'339'973           0
                   'fs_random':          0            0       0         0            0           0
                   'fs_random':          0            0       0         0            0           0
     'fs_random_quick_restart':          0            0       0         0            0           0
     'fs_random_quick_restart':          0            0       0         0            0           0
              'lb_tree_search':          6        2'581   3'104         0  208'535'065           0
                      'max_lp':         20        2'429   2'930         0  189'118'815           0
         'objective_lb_search':          2        4'578   1'562         0  278'749'006           0
  'objective_lb_search_max_lp':         26        2'434   6'055         0  181'732'356           0
                     'probing':          1        6'053   5'153         0  278'926'319           0
              'probing_max_lp':          8        3'355   3'150         1  210'506'980           0
                'pseudo_costs':         50        2'498  16'784         0  220'796'766           0
               'quick_restart':          2        5'976   6'712         0  269'443'855           0
               'reduced_costs':         13        5'502   5'825         0  214'196'385           0

Lp pool                          Constraints  Updates  Simplif  Merged  Shortened    Split  Strenghtened             Cuts/Call
                  'default_lp':       12'248  116'461   20'475      93      2'215   15'482       250'943  6'668'204/13'682'746
                   'fs_random':        3'137        0        0       0          0        0             0                   0/0
                   'fs_random':        3'137        0        0       0          0        0             0                   0/0
     'fs_random_quick_restart':        3'137        0        0       0          0        0             0                   0/0
     'fs_random_quick_restart':        3'137        0        0       0          0        0             0                   0/0
              'lb_tree_search':       13'685  106'285   51'550      19     11'946   42'835       305'930   1'988'901/3'737'336
                      'max_lp':       12'862  138'230   67'221      18     11'929   44'063       280'361   1'731'077/3'276'996
         'objective_lb_search':       12'528  107'053   20'107      65      3'094   14'378       223'947  6'512'456/14'379'380
  'objective_lb_search_max_lp':       13'737  109'147   64'395      69      9'155   83'800       281'598   1'759'003/3'401'858
                     'probing':       12'821  106'868   21'336     103      2'353   14'937       248'852  6'785'787/13'998'534
              'probing_max_lp':       13'266   90'147   57'122      11     11'306   51'496       310'172   1'898'474/3'713'067
                'pseudo_costs':       13'568   71'244  166'517      24     15'563  136'335       409'579   2'021'789/3'780'561
               'quick_restart':       12'762  111'286   19'222      80      2'383   14'725       233'543  6'580'705/13'696'870
               'reduced_costs':       13'348   92'951   52'138      47     12'414   43'603       325'017   2'069'592/3'912'943

Lp Cut               defaul   max_lp     quick_   reduce   pseudo   lb_tre     probin     object   probin   object
          CG_FF:    245'045   39'786    241'211   51'096   55'803   45'774    250'586    233'061   43'116   44'102
           CG_K:      6'432    9'541      6'720   11'059   13'672   10'925      7'340      6'603   11'582   11'601
          CG_KL:         30        1         32        6        5        6         50         30        4        3
           CG_R:    261'783   45'645    229'525   56'241   61'120   52'497    257'603    233'038   55'306   49'114
          CG_RB:  1'544'389  184'512  1'493'159  288'032  273'572  233'034  1'521'307  1'453'351  237'191  245'788
         CG_RBP:      5'915    5'000      6'192   10'942    7'750    8'785      5'842      6'613    8'934    6'829
         CG_RLT:          -        1          -        3        -        -          -          -        -        -
         Clique:          -   31'300          -   37'728   39'363   36'712          -          -   35'722   29'556
             IB:  1'514'178  204'005  1'482'249  250'587  258'277  264'836  1'524'407  1'480'095  234'633  212'102
       MIR_1_FF:    925'654  246'346  1'006'816  302'790  292'650  305'472  1'061'446  1'057'470  266'520  243'811
        MIR_1_K:     10'266    7'541     10'888    7'324    9'274    9'040      9'964      9'548    7'868    6'930
       MIR_1_KL:      2'204      143      1'671      200      211      227      2'068      1'982      199      137
        MIR_1_R:     23'362   12'057     24'941    9'913    9'045   13'317     24'404     24'617   10'398   10'105
       MIR_1_RB:    935'571  360'508    902'962  401'486  393'097  394'438    920'292    872'361  391'582  352'468
      MIR_1_RBP:      2'813    2'397      3'082    2'745    2'815    2'280      2'616      3'178    2'076    2'087
      MIR_1_RLT:          -      338          -      377      373      323          -          -      369      301
       MIR_2_FF:     68'825   23'735     72'914   29'954   28'957   28'810     74'050     66'556   27'541   25'769
        MIR_2_K:      3'499    2'290      4'529    3'172    3'240    3'494      3'569      3'210    3'134    2'534
       MIR_2_KL:        245       22        188       45       49       47        251        247       40       26
        MIR_2_R:     13'893   19'112     13'693   18'559   16'765   19'396     11'458     12'127   17'138   15'861
       MIR_2_RB:    172'633  189'492    175'366  175'988  136'558  168'762    174'099    166'405  152'435  160'864
      MIR_2_RBP:      1'075    1'241      1'124    1'194      987    1'136        960      1'606      770    1'119
       MIR_3_FF:     14'534    9'453     14'586   12'247   12'100   11'828     15'525     14'117   11'284   10'067
        MIR_3_K:      2'703    2'672      3'146    3'173    3'600    3'268      2'493      2'724    2'875    2'574
       MIR_3_KL:        269       47        224       73       99      107        245        254       63       46
        MIR_3_R:     31'217    9'320     29'211    8'021    8'637    9'229     31'430     28'627    8'637    7'495
       MIR_3_RB:    144'493   69'559    139'758   79'086   78'903   78'195    142'604    134'116   77'437   66'812
      MIR_3_RBP:        798      894        722      954    1'155    1'085        711        752      962      814
       MIR_4_FF:      6'219    7'497      6'687    9'387    9'783    8'703      7'087      6'569    8'497    7'992
        MIR_4_K:      1'182    1'978      1'272    2'460    2'820    2'325      1'273      1'251    2'298    2'059
       MIR_4_KL:         67       18         53       36       37       43         51         42       28       29
        MIR_4_R:      6'995    3'635      6'554    3'207    3'344    3'716      6'944      6'692    3'132    3'006
       MIR_4_RB:     83'784   50'415     82'720   58'249   58'962   56'381     83'796     79'688   56'656   48'947
      MIR_4_RBP:        488      753        474      831      910      877        438        459      786      686
       MIR_5_FF:      4'498    6'658      4'675    8'127    8'697    7'793      4'602      4'740    8'182    6'758
        MIR_5_K:        797    1'659        707    2'066    2'216    1'880        854        741    2'062    1'621
       MIR_5_KL:         54       16         37       36       43       39         44         36       33       17
        MIR_5_R:      4'285    2'344      4'070    2'266    2'544    2'493      4'338      4'094    2'268    1'921
       MIR_5_RB:     62'682   41'544     61'715   48'672   50'139   45'940     62'676     59'783   48'178   39'564
      MIR_5_RBP:        371      765        376      851      948      848        289        339      839      656
       MIR_6_FF:      1'750    4'316      1'763    5'700    5'520    5'485      2'086      2'311    5'303    4'525
        MIR_6_K:        352    1'273        307    1'750    1'774    1'641        389        415    1'580    1'238
       MIR_6_KL:         16       10         11       26       32       36          8         12       25       20
        MIR_6_R:      1'880    2'255      1'820    2'451    2'537    2'517      1'935      1'924    2'297    1'894
       MIR_6_RB:     43'038   30'455     42'576   35'535   36'283   33'798     43'224     41'397   35'126   28'722
      MIR_6_RBP:        304      622        231      738      780      745        236        238      698      506
   ZERO_HALF_FF:     59'854   10'479     60'351   14'107   13'402   12'144     60'870     58'941   12'708   11'396
    ZERO_HALF_K:      1'001      975      1'309    1'015    1'226      969      1'198      2'621    1'113    1'182
   ZERO_HALF_KL:          3        -          4        5        -        1          4          3        -        -
    ZERO_HALF_R:    290'058   50'817    272'131   63'908   67'953   58'127    289'324    269'558   59'521   51'155
   ZERO_HALF_RB:    165'948   35'118    165'309   44'236   42'764   38'718    168'144    157'211   38'784   35'594
  ZERO_HALF_RBP:        752      515        644      934      992      653        657        703      540      596
  ZERO_HALF_RLT:          -        2          -        4        6        6          -          -        4        4

LNS stats           Improv/Calls  Closed  Difficulty  TimeLimit
  'graph_arc_lns':           4/6     17%        0.09       0.10
  'graph_cst_lns':           3/6     17%        0.13       0.10
  'graph_dec_lns':           4/6      0%        0.04       0.10
  'graph_var_lns':           4/6     33%        0.29       0.10
      'rins/rens':           5/5     20%        0.14       0.10
    'rnd_cst_lns':           5/7     14%        0.07       0.10
    'rnd_var_lns':           6/7     14%        0.09       0.10

LS stats                   Batches  Restarts  LinMoves  GenMoves  CompoundMoves  WeightUpdates
       'fj_long_default':        3         1    20'858         0              0          1'668
   'fj_long_lin_default':        2         1         0     5'307            813             19
        'fj_long_random':        2         1    14'395         0              0            863
      'fj_short_default':        6         1         0    18'119          2'062             82
  'fj_short_lin_default':        5         1         0    15'847          1'767             84
   'fj_short_lin_random':        4         1         0    13'368          1'491             59
       'fj_short_random':        6         1         0    18'970          2'142            127
          'violation_ls':        7         0        16     3'430            171             44
          'violation_ls':        7         0        33       121             13             23
          'violation_ls':        7         0        36       146             16             27

Solutions (43)            Num     Rank
      'fj_long_default':    1    [1,1]
        'graph_arc_lns':    1  [17,17]
        'graph_dec_lns':    1  [14,14]
        'graph_var_lns':    2  [10,22]
                'no_lp':    1  [32,32]
  'quick_restart_no_lp':   18  [25,43]
        'rins_pump_lns':    1  [24,24]
          'rnd_var_lns':    1    [9,9]
         'violation_ls':   17   [2,23]

Objective bounds                      Num
                       'default_lp':    3
                   'initial_domain':    1
                   'lb_tree_search':    4
                           'max_lp':   73
       'objective_lb_search_max_lp':   35
  'objective_shaving_search_max_lp':    3
   'objective_shaving_search_no_lp':    6
                          'probing':    1
                   'probing_max_lp':  101
                    'quick_restart':    1
                    'reduced_costs':    7

Solution repositories    Added  Queried  Ignored  Synchro
  'feasible solutions':     71      110        0       70
        'lp solutions':      0        0        0        0
                'pump':     43        5

Improving bounds shared               Num
                           'core':  1'214
                     'default_lp':    113
                'fs_random_no_lp':     54
  'fs_random_quick_restart_no_lp':     81
                         'max_lp':     20
                          'no_lp':  1'368
            'objective_lb_search':     73
     'objective_lb_search_max_lp':      2
      'objective_lb_search_no_lp':  1'721
                        'probing':    202
                 'probing_max_lp':     10
                   'pseudo_costs':     93
                  'quick_restart':     29
            'quick_restart_no_lp':  2'164
                  'reduced_costs':     22

Clauses shared                    Num
                       'core':  2'338
                      'no_lp':  1'484
  'objective_lb_search_no_lp':  2'749
                    'probing':      1
               'pseudo_costs':     10
              'quick_restart':      1
        'quick_restart_no_lp':  2'465

CpSolverResponse summary:
status: FEASIBLE
objective: 1028784
best_bound: 659360
integers: 2408
booleans: 2021
conflicts: 0
branches: 4042
propagations: 85808
integer_propagations: 422966
restarts: 4042
lp_iterations: 0
walltime: 28800.3
usertime: 28800.3
deterministic_time: 128894
gap_integral: 1.65241e+06
solution_fingerprint: 0xd36dda91142df0dd

CPU USED: 32
Loading /home/aneumann/projects/def-adhaj/aneumann/gns/data/instances/test/xl/instance_172.pkl...
===* START SOLVING *===
   index     value       gap  ... max_time  cpu  max_memory
0    172  10287.84  0.359088  ...        8   32         118

[1 rows x 8 columns]
===* END OF FILE *===
