created virtual environment CPython3.12.4.final.0-64 in 799ms
  creator CPython3Posix(dest=/localscratch/aneumann.37168019.0/env, clear=False, no_vcs_ignore=False, global=False)
  seeder FromAppData(download=False, pip=bundle, via=copy, app_data_dir=/home/aneumann/.local/share/virtualenv)
    added seed packages: pip==24.2+computecanada
  activators BashActivator,CShellActivator,FishActivator,NushellActivator,PowerShellActivator,PythonActivator
Looking in links: /cvmfs/soft.computecanada.ca/custom/python/wheelhouse/gentoo2023/x86-64-v3, /cvmfs/soft.computecanada.ca/custom/python/wheelhouse/gentoo2023/generic, /cvmfs/soft.computecanada.ca/custom/python/wheelhouse/generic
Requirement already satisfied: pip in /localscratch/aneumann.37168019.0/env/lib/python3.12/site-packages (24.2+computecanada)
Looking in links: /cvmfs/soft.computecanada.ca/custom/python/wheelhouse/gentoo2023/x86-64-v3, /cvmfs/soft.computecanada.ca/custom/python/wheelhouse/gentoo2023/generic, /cvmfs/soft.computecanada.ca/custom/python/wheelhouse/generic
ERROR: protobuf-5.28.3-cp38-abi3-manylinux2014_x86_64.whl is not a supported wheel on this platform.
Looking in links: /cvmfs/soft.computecanada.ca/custom/python/wheelhouse/gentoo2023/x86-64-v3, /cvmfs/soft.computecanada.ca/custom/python/wheelhouse/gentoo2023/generic, /cvmfs/soft.computecanada.ca/custom/python/wheelhouse/generic
Processing /home/aneumann/projects/def-adhaj/aneumann/gns/wheels/immutabledict-4.2.0-py3-none-any.whl
Installing collected packages: immutabledict
Successfully installed immutabledict-4.2.0
Looking in links: /cvmfs/soft.computecanada.ca/custom/python/wheelhouse/gentoo2023/x86-64-v3, /cvmfs/soft.computecanada.ca/custom/python/wheelhouse/gentoo2023/generic, /cvmfs/soft.computecanada.ca/custom/python/wheelhouse/generic
Processing /cvmfs/soft.computecanada.ca/custom/python/wheelhouse/generic/ortools-9.10.4067+computecanada-cp312-cp312-linux_x86_64.whl (from -r /home/aneumann/projects/def-adhaj/aneumann/gns/requirements_or.txt (line 1))
Processing /cvmfs/soft.computecanada.ca/custom/python/wheelhouse/gentoo2023/x86-64-v3/pandas-2.2.2+computecanada-cp312-cp312-linux_x86_64.whl (from -r /home/aneumann/projects/def-adhaj/aneumann/gns/requirements_or.txt (line 2))
Processing /cvmfs/soft.computecanada.ca/custom/python/wheelhouse/generic/absl_py-2.1.0+computecanada-py3-none-any.whl (from ortools->-r /home/aneumann/projects/def-adhaj/aneumann/gns/requirements_or.txt (line 1))
Processing /cvmfs/soft.computecanada.ca/custom/python/wheelhouse/gentoo2023/generic/numpy-2.1.1+computecanada-cp312-cp312-linux_x86_64.whl (from ortools->-r /home/aneumann/projects/def-adhaj/aneumann/gns/requirements_or.txt (line 1))
Processing /cvmfs/soft.computecanada.ca/custom/python/wheelhouse/gentoo2023/x86-64-v3/protobuf-5.28.0+computecanada-cp312-cp312-linux_x86_64.whl (from ortools->-r /home/aneumann/projects/def-adhaj/aneumann/gns/requirements_or.txt (line 1))
Requirement already satisfied: immutabledict>=3.0.0 in /localscratch/aneumann.37168019.0/env/lib/python3.12/site-packages (from ortools->-r /home/aneumann/projects/def-adhaj/aneumann/gns/requirements_or.txt (line 1)) (4.2.0)
Processing /cvmfs/soft.computecanada.ca/custom/python/wheelhouse/generic/python_dateutil-2.9.0.post0+computecanada-py2.py3-none-any.whl (from pandas->-r /home/aneumann/projects/def-adhaj/aneumann/gns/requirements_or.txt (line 2))
Processing /cvmfs/soft.computecanada.ca/custom/python/wheelhouse/generic/pytz-2024.2+computecanada-py2.py3-none-any.whl (from pandas->-r /home/aneumann/projects/def-adhaj/aneumann/gns/requirements_or.txt (line 2))
Processing /cvmfs/soft.computecanada.ca/custom/python/wheelhouse/generic/tzdata-2024.2+computecanada-py2.py3-none-any.whl (from pandas->-r /home/aneumann/projects/def-adhaj/aneumann/gns/requirements_or.txt (line 2))
Processing /cvmfs/soft.computecanada.ca/custom/python/wheelhouse/generic/six-1.16.0+computecanada-py2.py3-none-any.whl (from python-dateutil>=2.8.2->pandas->-r /home/aneumann/projects/def-adhaj/aneumann/gns/requirements_or.txt (line 2))
Installing collected packages: pytz, tzdata, six, protobuf, numpy, absl-py, python-dateutil, pandas, ortools
Successfully installed absl-py-2.1.0+computecanada numpy-2.1.1+computecanada ortools-9.10.4067+computecanada pandas-2.2.2+computecanada protobuf-5.28.0+computecanada python-dateutil-2.9.0.post0+computecanada pytz-2024.2+computecanada six-1.16.0+computecanada tzdata-2024.2+computecanada

Starting CP-SAT solver v9.10.4067
Parameters: max_time_in_seconds: 28800 max_memory_in_mb: 118 log_search_progress: true optimize_with_core: true cp_model_presolve: true enumerate_all_solutions: false num_search_workers: 32 use_implied_bounds: true absolute_gap_limit: 5 relative_gap_limit: 0.01 use_probing_search: true

Initial optimization model '': (model_fingerprint: 0x26dd5369566283c2)
#Variables: 3'720 (#bools: 31 #ints: 1 in objective)
  - 3'262 Booleans in [0,1]
  - 457 in [0,300000]
  - 1 constants in {1} 
#kBoolOr: 2'130 (#literals: 2'130)
#kLinear1: 679
#kLinear2: 11'406
#kLinear3: 2'176
#kLinearN: 773 (#terms: 8'497)

Starting presolve at 0.00s
  3.29e-03s  0.00e+00d  [DetectDominanceRelations] 
  9.24e-02s  0.00e+00d  [PresolveToFixPoint] #num_loops=19 #num_dual_strengthening=4 
  8.57e-05s  0.00e+00d  [ExtractEncodingFromLinear] #potential_supersets=268 
[Symmetry] Graph for symmetry has 12'848 nodes and 26'957 arcs.
[Symmetry] Symmetry computation done. time: 0.00269707 dtime: 0.00362151
[Symmetry] #generators: 5, average support size: 2
[Symmetry] 5 orbits with sizes: 2,2,2,2,2
[Symmetry] Found orbitope of size 1 x 2
[SAT presolve] num removable Booleans: 0 / 2021
[SAT presolve] num trivial clauses: 0
[SAT presolve] [0s] clauses:3432 literals:6864 vars:1941 one_side_vars:1896 simple_definition:42 singleton_clauses:0
[SAT presolve] [0.000246803s] clauses:3432 literals:6864 vars:1941 one_side_vars:1896 simple_definition:42 singleton_clauses:0
[SAT presolve] [0.000401945s] clauses:3432 literals:6864 vars:1941 one_side_vars:1896 simple_definition:42 singleton_clauses:0
  3.66e-01s  8.90e-02d  [Probe] #probed=4'744 #fixed_bools=68 #new_bounds=173 
  6.59e-03s  0.00e+00d  [MaxClique] Merged 3688(10632 literals) into 1237(8621 literals) at_most_ones. 
  2.78e-03s  0.00e+00d  [DetectDominanceRelations] 
  2.04e-02s  0.00e+00d  [PresolveToFixPoint] #num_loops=5 #num_dual_strengthening=4 
  3.60e-03s  0.00e+00d  [ProcessAtMostOneAndLinear] #num_changes=24 
  2.56e-03s  0.00e+00d  [DetectDuplicateConstraints] #without_enforcements=2 
  5.12e-04s  2.69e-05d  [DetectDominatedLinearConstraints] #relevant_constraints=1'858 
  5.89e-04s  0.00e+00d  [DetectDifferentVariables] #different=23 
  1.09e-03s  5.19e-04d  [ProcessSetPPC] #relevant_constraints=1'268 #num_inclusions=969 
  6.28e-05s  0.00e+00d  [FindAlmostIdenticalLinearConstraints] 
  5.77e-03s  9.28e-03d  [FindBigAtMostOneAndLinearOverlap] 
  1.16e-03s  4.46e-03d  [FindBigVerticalLinearOverlap] 
  3.11e-04s  1.01e-03d  [FindBigHorizontalLinearOverlap] #linears=128 
  7.51e-05s  0.00e+00d  [MergeClauses] 
  2.76e-03s  0.00e+00d  [DetectDominanceRelations] 
  1.05e-02s  0.00e+00d  [PresolveToFixPoint] #num_loops=1 #num_dual_strengthening=1 
  2.74e-03s  0.00e+00d  [DetectDominanceRelations] 
  9.78e-03s  0.00e+00d  [PresolveToFixPoint] #num_loops=1 #num_dual_strengthening=1 
[Symmetry] Graph for symmetry has 10'023 nodes and 20'057 arcs.
[Symmetry] Symmetry computation done. time: 0.00158608 dtime: 0.00239921
[Symmetry] #generators: 4, average support size: 2
[Symmetry] 4 orbits with sizes: 2,2,2,2
[Symmetry] Found orbitope of size 1 x 2
[SAT presolve] num removable Booleans: 0 / 1951
[SAT presolve] num trivial clauses: 0
[SAT presolve] [0s] clauses:22 literals:44 vars:34 one_side_vars:27 simple_definition:7 singleton_clauses:0
[SAT presolve] [3.1619e-05s] clauses:22 literals:44 vars:34 one_side_vars:27 simple_definition:7 singleton_clauses:0
[SAT presolve] [7.2817e-05s] clauses:22 literals:44 vars:34 one_side_vars:27 simple_definition:7 singleton_clauses:0
  1.53e-01s  3.76e-02d  [Probe] #probed=4'672 #new_bounds=47 
  3.50e-03s  0.00e+00d  [MaxClique] Merged 1075(7544 literals) into 1075(7552 literals) at_most_ones. 
  2.79e-03s  0.00e+00d  [DetectDominanceRelations] 
  1.43e-02s  0.00e+00d  [PresolveToFixPoint] #num_loops=3 #num_dual_strengthening=2 
  3.45e-03s  0.00e+00d  [ProcessAtMostOneAndLinear] 
  2.50e-03s  0.00e+00d  [DetectDuplicateConstraints] #duplicates=3 
  4.96e-04s  2.69e-05d  [DetectDominatedLinearConstraints] #relevant_constraints=1'858 
  5.37e-04s  0.00e+00d  [DetectDifferentVariables] #different=23 
  9.33e-04s  5.13e-04d  [ProcessSetPPC] #relevant_constraints=1'215 #num_inclusions=910 
  6.50e-05s  0.00e+00d  [FindAlmostIdenticalLinearConstraints] 
  5.80e-03s  9.28e-03d  [FindBigAtMostOneAndLinearOverlap] 
  1.17e-03s  4.46e-03d  [FindBigVerticalLinearOverlap] 
  3.13e-04s  1.01e-03d  [FindBigHorizontalLinearOverlap] #linears=128 
  7.11e-05s  0.00e+00d  [MergeClauses] 
  2.80e-03s  0.00e+00d  [DetectDominanceRelations] 
  9.99e-03s  0.00e+00d  [PresolveToFixPoint] #num_loops=1 #num_dual_strengthening=1 
  2.78e-03s  0.00e+00d  [DetectDominanceRelations] 
  9.82e-03s  0.00e+00d  [PresolveToFixPoint] #num_loops=1 #num_dual_strengthening=1 
[Symmetry] Graph for symmetry has 10'025 nodes and 20'064 arcs.
[Symmetry] Symmetry computation done. time: 0.00158869 dtime: 0.00239975
[Symmetry] #generators: 3, average support size: 2
[Symmetry] 3 orbits with sizes: 2,2,2
[Symmetry] Found orbitope of size 1 x 2
[SAT presolve] num removable Booleans: 0 / 1951
[SAT presolve] num trivial clauses: 0
[SAT presolve] [0s] clauses:23 literals:46 vars:36 one_side_vars:29 simple_definition:7 singleton_clauses:0
[SAT presolve] [3.6389e-05s] clauses:23 literals:46 vars:36 one_side_vars:29 simple_definition:7 singleton_clauses:0
[SAT presolve] [8.7655e-05s] clauses:23 literals:46 vars:36 one_side_vars:29 simple_definition:7 singleton_clauses:0
  1.49e-01s  3.72e-02d  [Probe] #probed=4'672 #new_bounds=6 
  3.54e-03s  0.00e+00d  [MaxClique] Merged 1076(7549 literals) into 1076(7554 literals) at_most_ones. 
  2.77e-03s  0.00e+00d  [DetectDominanceRelations] 
  1.15e-02s  0.00e+00d  [PresolveToFixPoint] #num_loops=3 #num_dual_strengthening=2 
  3.55e-03s  0.00e+00d  [ProcessAtMostOneAndLinear] 
  2.51e-03s  0.00e+00d  [DetectDuplicateConstraints] #duplicates=3 
  5.39e-04s  2.69e-05d  [DetectDominatedLinearConstraints] #relevant_constraints=1'858 
  5.34e-04s  0.00e+00d  [DetectDifferentVariables] #different=23 
  9.35e-04s  5.13e-04d  [ProcessSetPPC] #relevant_constraints=1'216 #num_inclusions=910 
  6.76e-05s  0.00e+00d  [FindAlmostIdenticalLinearConstraints] 
  5.79e-03s  9.29e-03d  [FindBigAtMostOneAndLinearOverlap] 
  1.13e-03s  4.46e-03d  [FindBigVerticalLinearOverlap] 
  3.39e-04s  1.01e-03d  [FindBigHorizontalLinearOverlap] #linears=128 
  7.46e-05s  0.00e+00d  [MergeClauses] 
  2.76e-03s  0.00e+00d  [DetectDominanceRelations] 
  9.92e-03s  0.00e+00d  [PresolveToFixPoint] #num_loops=1 #num_dual_strengthening=1 
  1.57e-04s  0.00e+00d  [ExpandObjective] #entries=72 #tight_variables=36 #tight_constraints=12 

Presolve summary:
  - 89 affine relations were detected.
  - rule 'TODO dual: add implied bound' was applied 47 times.
  - rule 'TODO dual: only one blocking constraint?' was applied 37'088 times.
  - rule 'TODO dual: only one blocking enforced constraint?' was applied 47 times.
  - rule 'TODO dual: only one unspecified blocking constraint?' was applied 17 times.
  - rule 'TODO dual: tighten at most one' was applied 975 times.
  - rule 'TODO linear2: contains a Boolean.' was applied 20'035 times.
  - rule 'TODO symmetry: add symmetry breaking inequalities?' was applied 3 times.
  - rule 'affine: new relation' was applied 89 times.
  - rule 'at_most_one: empty or all false' was applied 4 times.
  - rule 'at_most_one: removed literals' was applied 365 times.
  - rule 'at_most_one: singleton' was applied 2 times.
  - rule 'at_most_one: size one' was applied 109 times.
  - rule 'at_most_one: transformed into max clique.' was applied 1 time.
  - rule 'bool_and: non-reified.' was applied 28 times.
  - rule 'bool_and: x => x' was applied 6 times.
  - rule 'bool_or: always true' was applied 2'130 times.
  - rule 'bool_or: implications' was applied 10'013 times.
  - rule 'deductions: 662 stored' was applied 1 time.
  - rule 'dual: add implication' was applied 27 times.
  - rule 'dual: fix variable' was applied 589 times.
  - rule 'dual: fix variable with multiple choices' was applied 8 times.
  - rule 'dual: reduced domain' was applied 221 times.
  - rule 'duplicate: removed constraint' was applied 6 times.
  - rule 'duplicate: removed enforced constraint' was applied 2 times.
  - rule 'enforcement: false literal' was applied 6'390 times.
  - rule 'enforcement: literal not used' was applied 22 times.
  - rule 'enforcement: true literal' was applied 28 times.
  - rule 'linear + amo: fixed literal implied by enforcement' was applied 24 times.
  - rule 'linear1: always true' was applied 3 times.
  - rule 'linear2: contains a Boolean.' was applied 11 times.
  - rule 'linear: always true' was applied 1'916 times.
  - rule 'linear: divide by GCD' was applied 7'173 times.
  - rule 'linear: empty' was applied 127 times.
  - rule 'linear: extracted enforcement literal' was applied 825 times.
  - rule 'linear: fixed or dup variables' was applied 1'900 times.
  - rule 'linear: negative clause' was applied 2'771 times.
  - rule 'linear: positive at most one' was applied 260 times.
  - rule 'linear: positive clause' was applied 7'242 times.
  - rule 'linear: positive equal one' was applied 12 times.
  - rule 'linear: reduced variable domains' was applied 1'238 times.
  - rule 'linear: remapped using affine relations' was applied 3'052 times.
  - rule 'linear: simplified rhs' was applied 25'167 times.
  - rule 'linear: singleton column' was applied 9 times.
  - rule 'objective: variable not used elsewhere' was applied 1 time.
  - rule 'presolve: 1292 unused variables removed.' was applied 1 time.
  - rule 'presolve: iteration' was applied 3 times.
  - rule 'setppc: bool_or in at_most_one.' was applied 1 time.
  - rule 'setppc: removed dominated constraints' was applied 56 times.
  - rule 'symmetry: added symmetry breaking implication' was applied 3 times.

Presolved optimization model '': (model_fingerprint: 0xdd63dee994eede25)
#Variables: 2'330 (#bools: 30 #ints: 1 in objective)
  - 1'951 Booleans in [0,1]
  - 127 different domains in [0,300000] with a largest complexity of 1.
#kAtMostOne: 1'053 (#literals: 7'503)
#kBoolAnd: 29 (#enforced: 29) (#literals: 58)
#kExactlyOne: 12 (#literals: 36)
#kLinear1: 7 (#enforced: 7)
#kLinear2: 932 (#enforced: 693 #multi: 16)
#kLinear3: 1'314 (#enforced: 8)
#kLinearN: 305 (#enforced: 2) (#terms: 3'260)

Preloading model.
#Bound   0.96s best:inf   next:[316654,16123438] initial_domain
[Symmetry] Graph for symmetry has 8'637 nodes and 20'068 arcs.
[Symmetry] Symmetry computation done. time: 0.00152948 dtime: 0.00231249
[Symmetry] #generators: 2, average support size: 2
[Symmetry] Found orbitope of size 1 x 2
#Model   0.96s var:2330/2330 constraints:3652/3652

Starting search at 0.96s with 32 workers.
16 full problem subsolvers: [core, default_lp, lb_tree_search, max_lp, no_lp, objective_lb_search, objective_lb_search_max_lp, objective_lb_search_no_lp, objective_shaving_search_max_lp, objective_shaving_search_no_lp, probing, probing_max_lp, pseudo_costs, quick_restart, quick_restart_no_lp, reduced_costs]
14 first solution subsolvers: [fj_long_default, fj_long_lin_default, fj_long_random, fj_short_default, fj_short_lin_default, fj_short_lin_random, fj_short_random, fs_random(2), fs_random_no_lp(2), fs_random_quick_restart(2), fs_random_quick_restart_no_lp]
11 incomplete subsolvers: [feasibility_pump, graph_arc_lns, graph_cst_lns, graph_dec_lns, graph_var_lns, rins/rens, rnd_cst_lns, rnd_var_lns, violation_ls(3)]
3 helper subsolvers: [neighborhood_helper, synchronization_agent, update_gap_integral]
#Bound   1.06s best:inf   next:[316655,16123438] objective_shaving_search_no_lp (vars=2330 csts=3684)
#Bound   1.34s best:inf   next:[316656,16123438] objective_shaving_search_no_lp (vars=2330 csts=3653)
#Bound   1.44s best:inf   next:[316657,16123438] objective_shaving_search_no_lp (vars=2330 csts=3653)
#Bound   1.61s best:inf   next:[316658,16123438] objective_shaving_search_max_lp (vars=2330 csts=3653)
#Bound   1.62s best:inf   next:[316659,16123438] objective_shaving_search_max_lp (vars=2330 csts=3653)
#Bound   1.63s best:inf   next:[316660,16123438] objective_shaving_search_max_lp (vars=2330 csts=3653)
#Bound   1.79s best:inf   next:[316661,16123438] objective_shaving_search_max_lp (vars=2330 csts=3653)
#1       1.86s best:16116153 next:[316661,16116152] fj_long_default(batch:5 #lin_moves:39'946 #lin_evals:64'493 #weight_updates:2'437)
#2       1.94s best:16116100 next:[316661,16116099] violation_ls(batch:1 #solutions_imported:1 #lin_moves:308 #lin_evals:2'063 #weight_updates:113)
#Bound   1.94s best:16116100 next:[316662,16116099] objective_shaving_search_max_lp (vars=2330 csts=3653)
#3       1.95s best:16116047 next:[316662,16116046] violation_ls(batch:2 #solutions_imported:2 #lin_moves:308 #lin_evals:5'333 #gen_moves:20 #gen_evals:0 #comp_moves:6 #backtracks:7 #weight_updates:113)
#4       1.96s best:16115994 next:[316662,16115993] violation_ls(batch:2 #solutions_imported:2 #lin_moves:0 #lin_evals:12'265 #gen_moves:79 #gen_evals:0 #comp_moves:13 #backtracks:33 #weight_updates:2)
#5       1.96s best:16115941 next:[316662,16115940] violation_ls(batch:2 #solutions_imported:2 #lin_moves:0 #lin_evals:9'287 #gen_moves:67 #gen_evals:0 #comp_moves:13 #backtracks:27 #weight_updates:2)
#6       2.00s best:16115888 next:[316662,16115887] violation_ls(batch:3 #solutions_imported:3 #lin_moves:7 #lin_evals:12'316 #gen_moves:79 #gen_evals:0 #comp_moves:13 #backtracks:33 #weight_updates:7)
#7       2.00s best:16115835 next:[316662,16115834] violation_ls(batch:3 #solutions_imported:3 #lin_moves:308 #lin_evals:11'579 #gen_moves:66 #gen_evals:0 #comp_moves:12 #backtracks:27 #weight_updates:114)
#8       2.01s best:16115782 next:[316662,16115781] violation_ls(batch:3 #solutions_imported:3 #lin_moves:0 #lin_evals:14'949 #gen_moves:108 #gen_evals:0 #comp_moves:20 #backtracks:44 #weight_updates:3)
#9       2.22s best:16115729 next:[316662,16115728] violation_ls(batch:4 #solutions_imported:4 #lin_moves:13 #lin_evals:12'364 #gen_moves:79 #gen_evals:0 #comp_moves:13 #backtracks:33 #weight_updates:12)
#10      2.23s best:16115676 next:[316662,16115675] violation_ls(batch:4 #solutions_imported:4 #lin_moves:308 #lin_evals:15'467 #gen_moves:101 #gen_evals:0 #comp_moves:19 #backtracks:41 #weight_updates:115)
#11      2.23s best:16115623 next:[316662,16115622] violation_ls(batch:4 #solutions_imported:4 #lin_moves:0 #lin_evals:20'516 #gen_moves:152 #gen_evals:0 #comp_moves:26 #backtracks:63 #weight_updates:4)
#12      2.26s best:16106365 next:[316662,16106364] graph_var_lns (d=0.50 s=89 t=0.10 p=0.00 stall=0 h=auto_l0)
#Bound   2.35s best:16106365 next:[316663,16106364] objective_shaving_search_no_lp (vars=2330 csts=3653)
#13      2.35s best:16106312 next:[316663,16106311] violation_ls(batch:5 #solutions_imported:5 #lin_moves:28 #lin_evals:13'291 #gen_moves:79 #gen_evals:0 #comp_moves:13 #backtracks:33 #weight_updates:20)
#14      2.36s best:16106259 next:[316663,16106258] violation_ls(batch:5 #solutions_imported:5 #lin_moves:324 #lin_evals:16'385 #gen_moves:101 #gen_evals:0 #comp_moves:19 #backtracks:41 #weight_updates:125)
#15      2.40s best:16096624 next:[316663,16096623] graph_cst_lns (d=0.50 s=92 t=0.10 p=0.00 stall=0 h=auto_l0)
#Bound   2.46s best:16096624 next:[325268,16096623] max_lp
#Bound   2.57s best:16096624 next:[325271,16096623] max_lp
#Bound   2.63s best:16096624 next:[325272,16096623] objective_shaving_search_no_lp (vars=2330 csts=3653)
#16      2.64s best:16096571 next:[325272,16096570] violation_ls(batch:6 #solutions_imported:6 #lin_moves:28 #lin_evals:20'783 #gen_moves:146 #gen_evals:0 #comp_moves:20 #backtracks:63 #weight_updates:21)
#17      2.65s best:16096518 next:[325272,16096517] violation_ls(batch:6 #solutions_imported:6 #lin_moves:11 #lin_evals:20'608 #gen_moves:152 #gen_evals:0 #comp_moves:26 #backtracks:63 #weight_updates:12)
#Bound   2.71s best:16096518 next:[325281,16096517] max_lp
#Bound   2.77s best:16096518 next:[335787,16096517] objective_lb_search_max_lp
#Bound   2.99s best:16096518 next:[341380,16096517] objective_lb_search_max_lp
#Bound   3.05s best:16096518 next:[344372,16096517] objective_lb_search_max_lp
#Bound   3.21s best:16096518 next:[345274,16096517] lb_tree_search
#Model   3.22s var:2329/2330 constraints:3652/3652
#Model   3.44s var:2328/2330 constraints:3652/3652
#Bound   3.62s best:16096518 next:[345275,16096517] lb_tree_search
#Bound   4.33s best:16096518 next:[345922,16096517] lb_tree_search
#Model   4.46s var:2327/2330 constraints:3651/3652
#Model   4.66s var:2326/2330 constraints:3651/3652
#Model   4.77s var:2325/2330 constraints:3651/3652
#Bound   4.85s best:16096518 next:[346021,16096517] lb_tree_search
#Bound   5.18s best:16096518 next:[346670,16096517] probing_max_lp
#Bound   5.29s best:16096518 next:[347206,16096517] pseudo_costs
#Bound   5.47s best:16096518 next:[348371,16096517] pseudo_costs
#Bound   5.63s best:16096518 next:[349941,16096517] pseudo_costs
#Bound   5.65s best:16096518 next:[350229,16096517] pseudo_costs
#Model   5.91s var:2324/2330 constraints:3650/3652
#Bound   5.80s best:16096518 next:[350867,16096517] pseudo_costs [skipped_logs=0]
#Bound   7.01s best:16096518 next:[352444,16096517] max_lp [skipped_logs=1]
#Model   7.03s var:2323/2330 constraints:3649/3652
#Model   7.14s var:2321/2330 constraints:3647/3652
#Model   8.13s var:2320/2330 constraints:3647/3652
#Bound   8.21s best:16096518 next:[352452,16096517] max_lp
#Model   8.33s var:2319/2330 constraints:3647/3652
#Bound   8.99s best:16096518 next:[352629,16096517] pseudo_costs [skipped_logs=2]
#Bound   9.99s best:16096518 next:[352739,16096517] pseudo_costs [skipped_logs=3]
#Model  10.39s var:2318/2330 constraints:3646/3652
#Bound  10.87s best:16096518 next:[360076,16096517] probing_max_lp [skipped_logs=4]
#Bound  11.76s best:16096518 next:[378645,16096517] probing_max_lp [skipped_logs=5]
#Model  12.53s var:2317/2330 constraints:3646/3652
#Bound  12.63s best:16096518 next:[383717,16096517] probing_max_lp [skipped_logs=2]
#Bound  14.00s best:16096518 next:[386319,16096517] probing_max_lp [skipped_logs=3]
#Model  14.98s var:2316/2330 constraints:3646/3652
#Bound  14.96s best:16096518 next:[387789,16096517] probing_max_lp [skipped_logs=3]
#Bound  15.99s best:16096518 next:[388478,16096517] probing_max_lp [skipped_logs=3]
#Bound  16.81s best:16096518 next:[388708,16096517] probing_max_lp [skipped_logs=3]
#Bound  17.85s best:16096518 next:[388800,16096517] probing_max_lp [skipped_logs=2]
#Model  18.75s var:2315/2330 constraints:3646/3652
#18     18.81s best:16087823 next:[388894,16087822] quick_restart_no_lp (fixed_bools=179/3371)
#Bound  18.90s best:16087823 next:[388903,16087822] probing_max_lp [skipped_logs=2]
#Bound  20.07s best:16087823 next:[388945,16087822] probing_max_lp [skipped_logs=2]
#Bound  20.53s best:16087823 next:[388951,16087822] probing_max_lp [skipped_logs=0]
#Bound  21.86s best:16087823 next:[389007,16087822] probing_max_lp [skipped_logs=1]
#Bound  22.91s best:16087823 next:[389022,16087822] probing_max_lp [skipped_logs=1]
#Bound  23.78s best:16087823 next:[389050,16087822] probing_max_lp [skipped_logs=1]
#Bound  25.01s best:16087823 next:[389222,16087822] probing_max_lp [skipped_logs=4]
#Bound  26.00s best:16087823 next:[389617,16087822] probing_max_lp [skipped_logs=4]
#Bound  26.99s best:16087823 next:[389833,16087822] probing_max_lp [skipped_logs=2]
#Bound  27.88s best:16087823 next:[393241,16087822] pseudo_costs [skipped_logs=3]
#Bound  28.63s best:16087823 next:[394805,16087822] pseudo_costs [skipped_logs=2]
#Bound  29.86s best:16087823 next:[395102,16087822] pseudo_costs [skipped_logs=3]
#Bound  30.74s best:16087823 next:[395112,16087822] pseudo_costs [skipped_logs=0]
#Bound  32.03s best:16087823 next:[395191,16087822] pseudo_costs [skipped_logs=4]
#Bound  32.99s best:16087823 next:[395250,16087822] pseudo_costs [skipped_logs=3]
#Bound  33.80s best:16087823 next:[395288,16087822] pseudo_costs [skipped_logs=1]
#Bound  34.87s best:16087823 next:[395305,16087822] pseudo_costs [skipped_logs=2]
#Bound  35.73s best:16087823 next:[395373,16087822] pseudo_costs [skipped_logs=1]
#Bound  36.73s best:16087823 next:[395377,16087822] pseudo_costs [skipped_logs=0]
#Model  37.67s var:2314/2330 constraints:3646/3652
#Bound  38.01s best:16087823 next:[395429,16087822] pseudo_costs [skipped_logs=2]
#Bound  38.87s best:16087823 next:[395430,16087822] pseudo_costs [skipped_logs=0]
#Bound  39.73s best:16087823 next:[395431,16087822] pseudo_costs [skipped_logs=0]
#Bound  41.98s best:16087823 next:[395433,16087822] pseudo_costs
#Model  42.24s var:2313/2330 constraints:3645/3652
#Bound  43.02s best:16087823 next:[395435,16087822] pseudo_costs
#Bound  43.28s best:16087823 next:[395519,16087822] pseudo_costs
#Bound  44.05s best:16087823 next:[395538,16087822] pseudo_costs [skipped_logs=1]
#Bound  44.36s best:16087823 next:[395546,16087822] pseudo_costs [skipped_logs=0]
#Bound  45.24s best:16087823 next:[395627,16087822] pseudo_costs [skipped_logs=0]
#Model  49.61s var:2312/2330 constraints:3645/3652
#Model  55.22s var:2311/2330 constraints:3644/3652
#Model  91.74s var:2310/2330 constraints:3643/3652
#Bound 102.98s best:16087823 next:[395631,16087822] pseudo_costs
#Bound 103.62s best:16087823 next:[395633,16087822] pseudo_costs
#Bound 104.37s best:16087823 next:[395644,16087822] pseudo_costs
#Bound 104.94s best:16087823 next:[395649,16087822] pseudo_costs
#Bound 105.62s best:16087823 next:[395658,16087822] pseudo_costs
#Bound 106.21s best:16087823 next:[395671,16087822] pseudo_costs
#Bound 106.65s best:16087823 next:[395685,16087822] pseudo_costs
#Bound 107.17s best:16087823 next:[395720,16087822] pseudo_costs
#Bound 107.83s best:16087823 next:[395730,16087822] pseudo_costs
#Bound 108.48s best:16087823 next:[395737,16087822] pseudo_costs
#Bound 108.86s best:16087823 next:[395795,16087822] pseudo_costs
#Bound 109.26s best:16087823 next:[395800,16087822] pseudo_costs
#Bound 109.70s best:16087823 next:[395815,16087822] pseudo_costs
#Bound 110.16s best:16087823 next:[395829,16087822] pseudo_costs
#Bound 110.61s best:16087823 next:[395845,16087822] pseudo_costs
#Bound 111.01s best:16087823 next:[395857,16087822] pseudo_costs
#Bound 111.46s best:16087823 next:[395880,16087822] pseudo_costs
#Bound 111.93s best:16087823 next:[395888,16087822] pseudo_costs
#Bound 112.41s best:16087823 next:[395897,16087822] pseudo_costs
#Bound 112.99s best:16087823 next:[395910,16087822] pseudo_costs
#Bound 113.63s best:16087823 next:[395916,16087822] pseudo_costs
#Bound 114.07s best:16087823 next:[395939,16087822] pseudo_costs
#Bound 114.52s best:16087823 next:[395948,16087822] pseudo_costs
#Bound 115.03s best:16087823 next:[395959,16087822] pseudo_costs
#Bound 115.38s best:16087823 next:[395980,16087822] pseudo_costs
#Bound 115.83s best:16087823 next:[395988,16087822] pseudo_costs
#Bound 116.45s best:16087823 next:[395992,16087822] pseudo_costs
#Bound 121.65s best:16087823 next:[395995,16087822] pseudo_costs
#Bound 122.29s best:16087823 next:[396025,16087822] pseudo_costs
#Bound 122.78s best:16087823 next:[396049,16087822] pseudo_costs
#Bound 123.18s best:16087823 next:[396050,16087822] pseudo_costs
#Bound 123.77s best:16087823 next:[396051,16087822] pseudo_costs
#Bound 124.41s best:16087823 next:[396055,16087822] pseudo_costs
#Bound 125.02s best:16087823 next:[396056,16087822] pseudo_costs
#Bound 125.60s best:16087823 next:[396062,16087822] pseudo_costs
#Bound 127.15s best:16087823 next:[396063,16087822] pseudo_costs
#Bound 127.82s best:16087823 next:[396109,16087822] pseudo_costs
#Bound 128.37s best:16087823 next:[396118,16087822] pseudo_costs
#Bound 129.22s best:16087823 next:[396139,16087822] pseudo_costs
#Bound 129.78s best:16087823 next:[396142,16087822] pseudo_costs
#Bound 130.40s best:16087823 next:[396154,16087822] pseudo_costs
#Model 239.39s var:2309/2330 constraints:3642/3652
#19    286.69s best:16075650 next:[396154,16075649] quick_restart_no_lp (fixed_bools=383/3796)
#20    309.49s best:16068412 next:[396154,16068411] quick_restart_no_lp (fixed_bools=400/3884)
#21    473.41s best:16059717 next:[396154,16059716] quick_restart_no_lp (fixed_bools=490/4324)
#Model 512.72s var:2308/2330 constraints:3641/3652
#22    573.18s best:16050881 next:[396154,16050880] quick_restart_no_lp (fixed_bools=527/4612)
#Model 642.61s var:2307/2330 constraints:3640/3652
#23    660.40s best:16046745 next:[396154,16046744] quick_restart_no_lp (fixed_bools=560/4924)
#Model 717.04s var:2306/2330 constraints:3639/3652
#24    875.79s best:16040447 next:[396154,16040446] quick_restart_no_lp (fixed_bools=625/5559)
#25    990.83s best:16037392 next:[396154,16037391] quick_restart_no_lp (fixed_bools=655/5928)
#26    1336.32s best:16031047 next:[396154,16031046] quick_restart_no_lp (fixed_bools=753/6870)
#27    1441.66s best:16022963 next:[396154,16022962] quick_restart_no_lp (fixed_bools=789/7302)
#Model 2065.97s var:2305/2330 constraints:3635/3652
#Bound 2298.64s best:16022963 next:[396155,16022962] reduced_costs
#Bound 2299.15s best:16022963 next:[396485,16022962] reduced_costs
#Bound 2299.81s best:16022963 next:[396599,16022962] reduced_costs
#Bound 2300.19s best:16022963 next:[396680,16022962] reduced_costs
#Bound 2300.57s best:16022963 next:[397230,16022962] reduced_costs
#Bound 2301.73s best:16022963 next:[397237,16022962] reduced_costs
#Bound 2302.10s best:16022963 next:[397274,16022962] reduced_costs
#Bound 2302.43s best:16022963 next:[397491,16022962] reduced_costs
#Bound 2303.07s best:16022963 next:[397854,16022962] reduced_costs
#Bound 2303.56s best:16022963 next:[398579,16022962] reduced_costs
#Bound 2303.94s best:16022963 next:[399247,16022962] reduced_costs
#Bound 2304.23s best:16022963 next:[399252,16022962] reduced_costs
#Bound 2304.59s best:16022963 next:[400026,16022962] reduced_costs
#Bound 2305.12s best:16022963 next:[400076,16022962] reduced_costs
#Bound 2305.66s best:16022963 next:[400096,16022962] reduced_costs
#Bound 2306.56s best:16022963 next:[400129,16022962] reduced_costs
#Bound 2365.08s best:16022963 next:[400130,16022962] reduced_costs
#Bound 2365.47s best:16022963 next:[400134,16022962] reduced_costs
#Bound 2366.31s best:16022963 next:[400150,16022962] reduced_costs
#Bound 2366.70s best:16022963 next:[400164,16022962] reduced_costs
#Bound 2367.67s best:16022963 next:[400182,16022962] reduced_costs
#Bound 2368.25s best:16022963 next:[400187,16022962] reduced_costs
#Bound 2368.98s best:16022963 next:[400223,16022962] reduced_costs
#Bound 2369.55s best:16022963 next:[400235,16022962] reduced_costs
#Bound 2372.47s best:16022963 next:[400518,16022962] reduced_costs
#Bound 2372.97s best:16022963 next:[400525,16022962] reduced_costs
#Bound 2373.57s best:16022963 next:[400722,16022962] reduced_costs
#Bound 2373.97s best:16022963 next:[400948,16022962] reduced_costs
#Bound 2374.45s best:16022963 next:[401371,16022962] reduced_costs
#Bound 2374.92s best:16022963 next:[401404,16022962] reduced_costs
#Bound 2375.34s best:16022963 next:[401407,16022962] reduced_costs
#Bound 2375.92s best:16022963 next:[401436,16022962] reduced_costs
#Bound 2375.97s best:16022963 next:[401454,16022962] reduced_costs
#Bound 2377.40s best:16022963 next:[401470,16022962] reduced_costs
#Bound 2378.50s best:16022963 next:[401504,16022962] reduced_costs
#Bound 2379.16s best:16022963 next:[401507,16022962] reduced_costs
#Bound 3087.58s best:16022963 next:[401523,16022962] reduced_costs
#Bound 3088.57s best:16022963 next:[401539,16022962] reduced_costs
#Bound 3089.71s best:16022963 next:[401560,16022962] reduced_costs
#28    3505.61s best:16017182 next:[401560,16017181] quick_restart_no_lp (fixed_bools=1241/9820)
#Bound 4502.72s best:16017182 next:[401571,16017181] reduced_costs
#Bound 4503.59s best:16017182 next:[401613,16017181] reduced_costs
#29    5871.73s best:16006701 next:[401613,16006700] quick_restart_no_lp (fixed_bools=1691/12465)
#Model 6689.55s var:2304/2330 constraints:3633/3652
#30    9687.87s best:15997019 next:[401613,15997018] quick_restart_no_lp (fixed_bools=2055/15833)
#31    11134.81s best:15992131 next:[401613,15992130] quick_restart_no_lp (fixed_bools=2141/17089)
#32    12629.64s best:15982825 next:[401613,15982824] quick_restart_no_lp (fixed_bools=2237/18130)
#33    13759.65s best:15973049 next:[401613,15973048] quick_restart_no_lp (fixed_bools=2313/20465)
#34    14480.45s best:15970934 next:[401613,15970933] quick_restart_no_lp (fixed_bools=2363/21345)
#Model 15032.73s var:2303/2330 constraints:3631/3652
#Bound 15999.22s best:15970934 next:[402514,15970933] probing_max_lp
#35    17459.06s best:15962474 next:[402514,15962473] quick_restart_no_lp (fixed_bools=2538/24600)
#Bound 22500.04s best:15962474 next:[405694,15962473] pseudo_costs

Task timing                                  n [     min,      max]      avg      dev     time         n [     min,      max]      avg      dev    dtime
                             'core':         1 [   8.00h,    8.00h]    8.00h   0.00ns    8.00h         1 [   8.67h,    8.67h]    8.67h   0.00ns    8.67h
                       'default_lp':         1 [   8.00h,    8.00h]    8.00h   0.00ns    8.00h         1 [  18.92m,   18.92m]   18.92m   0.00ns   18.92m
                 'feasibility_pump':         4 [218.23ms,    4.65s]    2.35s    1.57s    9.38s         3 [544.36ms, 931.67ms] 716.63ms 160.98ms    2.15s
                  'fj_long_default':         5 [ 46.69ms, 174.71ms] 121.19ms  41.55ms 605.93ms         5 [ 11.34ms,  43.67ms]  35.72ms  12.23ms 178.60ms
              'fj_long_lin_default':         4 [ 55.07ms, 493.67ms] 171.08ms 186.37ms 684.30ms         4 [ 18.43ms,  22.73ms]  20.42ms   1.54ms  81.68ms
                   'fj_long_random':         3 [126.24ms, 391.04ms] 216.30ms 123.58ms 648.89ms         3 [ 41.12ms,  42.28ms]  41.52ms 540.73us 124.56ms
                 'fj_short_default':        10 [ 51.01ms,  86.78ms]  68.36ms  11.24ms 683.62ms        10 [ 15.20ms,  29.16ms]  22.08ms   4.08ms 220.83ms
             'fj_short_lin_default':        10 [ 46.33ms,  80.69ms]  64.81ms  10.34ms 648.11ms        10 [ 15.82ms,  26.80ms]  21.39ms   3.43ms 213.87ms
              'fj_short_lin_random':         8 [ 54.26ms, 203.24ms]  83.49ms  46.25ms 667.95ms         8 [ 13.65ms,  28.25ms]  21.51ms   4.34ms 172.10ms
                  'fj_short_random':         2 [ 72.12ms, 626.32ms] 349.22ms 277.10ms 698.44ms         2 [ 17.59ms,  23.24ms]  20.42ms   2.83ms  40.84ms
                        'fs_random':         1 [   1.04s,    1.04s]    1.04s   0.00ns    1.04s         1 [ 20.00ns,  20.00ns]  20.00ns   0.00ns  20.00ns
                        'fs_random':         1 [   1.13s,    1.13s]    1.13s   0.00ns    1.13s         1 [ 20.00ns,  20.00ns]  20.00ns   0.00ns  20.00ns
                  'fs_random_no_lp':         1 [   1.12s,    1.12s]    1.12s   0.00ns    1.12s         0 [  0.00ns,   0.00ns]   0.00ns   0.00ns   0.00ns
                  'fs_random_no_lp':         1 [948.62ms, 948.62ms] 948.62ms   0.00ns 948.62ms         0 [  0.00ns,   0.00ns]   0.00ns   0.00ns   0.00ns
          'fs_random_quick_restart':         1 [983.47ms, 983.47ms] 983.47ms   0.00ns 983.47ms         1 [ 20.00ns,  20.00ns]  20.00ns   0.00ns  20.00ns
          'fs_random_quick_restart':         1 [992.64ms, 992.64ms] 992.64ms   0.00ns 992.64ms         1 [ 20.00ns,  20.00ns]  20.00ns   0.00ns  20.00ns
    'fs_random_quick_restart_no_lp':         1 [945.14ms, 945.14ms] 945.14ms   0.00ns 945.14ms         0 [  0.00ns,   0.00ns]   0.00ns   0.00ns   0.00ns
                    'graph_arc_lns':         6 [315.23ms,    8.00h]    4.00h    4.00h   24.00h         4 [ 30.00ns, 100.39ms]  75.17ms  43.40ms 300.67ms
                    'graph_cst_lns':         6 [179.41ms,    8.00h]    4.00h    4.00h   24.00h         4 [ 30.00ns, 100.21ms]  75.09ms  43.36ms 300.37ms
                    'graph_dec_lns':         6 [368.05ms,    8.00h]    2.67h    3.77h   16.00h         5 [ 20.00ns, 101.34ms]  80.47ms  40.24ms 402.35ms
                    'graph_var_lns':         6 [177.99ms, 368.16ms] 268.16ms  68.90ms    1.61s         6 [100.01ms, 100.37ms] 100.13ms 120.89us 600.77ms
                   'lb_tree_search':         1 [   8.00h,    8.00h]    8.00h   0.00ns    8.00h         1 [  24.73m,   24.73m]   24.73m   0.00ns   24.73m
                           'max_lp':         1 [   8.00h,    8.00h]    8.00h   0.00ns    8.00h         1 [  24.30m,   24.30m]   24.30m   0.00ns   24.30m
                            'no_lp':         1 [   8.00h,    8.00h]    8.00h   0.00ns    8.00h         1 [   6.92h,    6.92h]    6.92h   0.00ns    6.92h
              'objective_lb_search':         1 [   8.00h,    8.00h]    8.00h   0.00ns    8.00h         1 [  16.35m,   16.35m]   16.35m   0.00ns   16.35m
       'objective_lb_search_max_lp':         1 [   8.00h,    8.00h]    8.00h   0.00ns    8.00h         1 [  24.24m,   24.24m]   24.24m   0.00ns   24.24m
        'objective_lb_search_no_lp':         1 [   8.00h,    8.00h]    8.00h   0.00ns    8.00h         1 [   8.36h,    8.36h]    8.36h   0.00ns    8.36h
  'objective_shaving_search_max_lp':         7 [ 10.17ms, 391.43ms] 128.56ms 122.10ms 899.90ms         0 [  0.00ns,   0.00ns]   0.00ns   0.00ns   0.00ns
   'objective_shaving_search_no_lp':         6 [ 10.83ms, 596.01ms] 157.52ms 199.61ms 945.14ms         0 [  0.00ns,   0.00ns]   0.00ns   0.00ns   0.00ns
                          'probing':         1 [   8.00h,    8.00h]    8.00h   0.00ns    8.00h         1 [  19.39m,   19.39m]   19.39m   0.00ns   19.39m
                   'probing_max_lp':         1 [   8.00h,    8.00h]    8.00h   0.00ns    8.00h         1 [  24.50m,   24.50m]   24.50m   0.00ns   24.50m
                     'pseudo_costs':         1 [   8.00h,    8.00h]    8.00h   0.00ns    8.00h         1 [  21.21m,   21.21m]   21.21m   0.00ns   21.21m
                    'quick_restart':         1 [   8.00h,    8.00h]    8.00h   0.00ns    8.00h         1 [  18.36m,   18.36m]   18.36m   0.00ns   18.36m
              'quick_restart_no_lp':         1 [   8.00h,    8.00h]    8.00h   0.00ns    8.00h         1 [   5.85h,    5.85h]    5.85h   0.00ns    5.85h
                    'reduced_costs':         1 [   8.00h,    8.00h]    8.00h   0.00ns    8.00h         1 [  22.52m,   22.52m]   22.52m   0.00ns   22.52m
                        'rins/rens':         3 [375.54ms,    8.00h]    2.67h    3.77h    8.00h         3 [ 10.00ns, 100.28ms]  66.79ms  47.23ms 200.37ms
                      'rnd_cst_lns':         6 [338.95ms,    8.00h]    4.00h    4.00h   24.00h         4 [  4.37us, 100.14ms]  75.07ms  43.34ms 300.27ms
                      'rnd_var_lns':         6 [   8.00h,    8.00h]    8.00h 254.84ms   48.00h         3 [ 10.00ns,  40.00ns]  20.00ns  14.14ns  60.00ns
                     'violation_ls':         6 [602.60us,  85.13ms]  18.86ms  29.78ms 113.18ms         6 [ 15.73us,   1.21ms] 551.51us 508.65us   3.31ms
                     'violation_ls':         6 [710.04us,  11.25ms]   5.16ms   4.33ms  30.97ms         6 [ 15.17us, 877.33us] 535.84us 373.73us   3.22ms
                     'violation_ls':         6 [936.75us,  30.73ms]   7.93ms  10.35ms  47.60ms         6 [ 14.90us,   1.39ms] 620.59us 479.51us   3.72ms

Search stats                         Bools   Conflicts       Branches     Restarts      BoolPropag   IntegerPropag
                           'core':   6'755  36'895'285    705'068'090   95'596'274  14'247'171'091  20'739'540'741
                     'default_lp':   2'716          16         16'127       14'120         905'234       1'721'652
                      'fs_random':   1'958           0          1'152        1'152          25'737          75'699
                      'fs_random':   1'958           0          2'488        2'488          54'832         184'776
                'fs_random_no_lp':   1'958           0          2'098        2'098          46'259         148'909
                'fs_random_no_lp':   1'958           0          2'098        2'098          46'259         148'909
        'fs_random_quick_restart':   1'958           0          1'098        1'098          24'613          71'301
        'fs_random_quick_restart':   1'958           0            564          564          15'221          40'574
  'fs_random_quick_restart_no_lp':   1'958           0          2'098        2'098          46'259         148'909
                 'lb_tree_search':   2'716           5         39'255       26'593       2'195'730       4'228'620
                         'max_lp':   2'716           8         34'115       23'991       1'933'712       3'728'716
                          'no_lp':   6'605  22'014'958    754'826'320  104'772'933  13'483'791'584  21'934'785'518
            'objective_lb_search':   2'716          16         13'629       12'364         665'592       1'302'657
     'objective_lb_search_max_lp':   2'716           7         39'801       26'856       2'222'669       4'282'866
      'objective_lb_search_no_lp':   6'382  28'416'451    740'257'149   90'354'312  13'087'786'060  19'804'098'997
                        'probing':   2'716          15         16'302       14'201         912'382       1'715'049
                 'probing_max_lp':   2'716          10         29'014       21'838       1'751'408       3'296'433
                   'pseudo_costs':   2'716          10         35'621       24'746       2'010'443       3'879'138
                  'quick_restart':   2'716          16         15'069       13'358         796'726       1'531'815
            'quick_restart_no_lp':  34'364  36'850'946  2'068'257'271   82'985'241  30'265'334'070  23'275'352'200
                  'reduced_costs':   2'716           8         33'597       23'732       1'899'042       3'659'586

SAT stats                           ClassicMinim   LitRemoved      LitLearned    LitForgotten  Subsumed   MClauses  MDecisions  MLitTrue  MSubsumed  MLitRemoved  MReused
                           'core':    36'314'437  390'536'368  14'915'640'994  14'826'273'957   190'694  1'075'874   6'207'402         0      1'524       14'070  269'723
                     'default_lp':             0            0              16               0         0          0           0         0          0            0        0
                      'fs_random':             0            0               0               0         0          0           0         0          0            0        0
                      'fs_random':             0            0               0               0         0          0           0         0          0            0        0
                'fs_random_no_lp':             0            0               0               0         0          0           0         0          0            0        0
                'fs_random_no_lp':             0            0               0               0         0          0           0         0          0            0        0
        'fs_random_quick_restart':             0            0               0               0         0          0           0         0          0            0        0
        'fs_random_quick_restart':             0            0               0               0         0          0           0         0          0            0        0
  'fs_random_quick_restart_no_lp':             0            0               0               0         0          0           0         0          0            0        0
                 'lb_tree_search':             0            0               5               0         0          0           0         0          0            0        0
                         'max_lp':             0            0               8               0         0          0           0         0          0            0        0
                          'no_lp':    21'571'090  228'205'246   9'217'481'518   9'148'023'196   144'722  1'293'313   6'773'371         0        863        5'886  303'381
            'objective_lb_search':             0            0              16               0         0          0           0         0          0            0        0
     'objective_lb_search_max_lp':             0            0               7               0         0          0           0         0          0            0        0
      'objective_lb_search_no_lp':    27'932'589  300'211'485  12'826'361'283  12'751'304'447   151'570    914'493   5'291'967         0      1'371       16'704  225'249
                        'probing':             0            0              15               0         0          0           0         0          0            0        0
                 'probing_max_lp':             0            0              10               0         0          0           0         0          0            0        0
                   'pseudo_costs':             0            0              10               0         0          0           0         0          0            0        0
                  'quick_restart':             0            0              16               0         0          0           0         0          0            0        0
            'quick_restart_no_lp':    35'047'853  283'787'304  13'864'325'826  13'605'287'872   724'067  1'612'789  12'577'971        12      4'441       34'969  249'967
                  'reduced_costs':             0            0               8               0         0          0           0         0          0            0        0

Lp stats                         Component  Iterations  AddedCuts  OPTIMAL  DUAL_F.  DUAL_U.
                  'default_lp':          1   2'004'235    717'751   64'206       27       13
                   'fs_random':          1           0          0        0        0        0
                   'fs_random':          1           0          0        0        0        0
     'fs_random_quick_restart':          1           0          0        0        0        0
     'fs_random_quick_restart':          1           0          0        0        0        0
              'lb_tree_search':          1   2'774'589  1'262'533   92'154   22'302        2
                      'max_lp':          1   2'512'947  1'252'725   83'313   19'144        5
         'objective_lb_search':          1   1'551'512    614'626   55'548       28       13
  'objective_lb_search_max_lp':          1   2'827'261  1'275'692   93'063   22'629        4
                     'probing':          1   1'980'514    778'502   64'578       31       12
              'probing_max_lp':          1   2'109'610  1'211'058   75'322   15'962        7
                'pseudo_costs':          1   2'332'268    957'975   84'136   19'959        7
               'quick_restart':          1   1'870'659    712'362   61'063       22       13
               'reduced_costs':          1   2'456'266  1'142'702   81'219   18'890        5

Lp dimension                                                                        Final dimension of first component
                  'default_lp':  4066 rows, 2328 columns, 26276 entries with magnitude in [1.335369e-04, 1.000000e+00]
                   'fs_random':         0 rows, 2328 columns, 0 entries with magnitude in [0.000000e+00, 0.000000e+00]
                   'fs_random':         0 rows, 2328 columns, 0 entries with magnitude in [0.000000e+00, 0.000000e+00]
     'fs_random_quick_restart':         0 rows, 2328 columns, 0 entries with magnitude in [0.000000e+00, 0.000000e+00]
     'fs_random_quick_restart':         0 rows, 2328 columns, 0 entries with magnitude in [0.000000e+00, 0.000000e+00]
              'lb_tree_search':  3506 rows, 2330 columns, 31386 entries with magnitude in [1.362409e-04, 1.000000e+00]
                      'max_lp':  3887 rows, 2330 columns, 26461 entries with magnitude in [3.314702e-05, 1.000000e+00]
         'objective_lb_search':  3588 rows, 2328 columns, 20601 entries with magnitude in [1.797496e-04, 1.000000e+00]
  'objective_lb_search_max_lp':  3144 rows, 2330 columns, 21055 entries with magnitude in [8.909014e-05, 1.000000e+00]
                     'probing':  3320 rows, 2328 columns, 17608 entries with magnitude in [4.332294e-05, 1.000000e+00]
              'probing_max_lp':  3413 rows, 2330 columns, 27749 entries with magnitude in [6.895301e-05, 1.000000e+00]
                'pseudo_costs':  2754 rows, 2330 columns, 27536 entries with magnitude in [3.111531e-05, 1.000000e+00]
               'quick_restart':  4229 rows, 2328 columns, 24107 entries with magnitude in [4.329263e-05, 1.000000e+00]
               'reduced_costs':  2740 rows, 2330 columns, 41370 entries with magnitude in [2.355121e-05, 1.000000e+00]

Lp debug                         CutPropag  CutEqPropag  Adjust  Overflow          Bad  BadScaling
                  'default_lp':          0          411     906         1   73'470'876           0
                   'fs_random':          0            0       0         0            0           0
                   'fs_random':          0            0       0         0            0           0
     'fs_random_quick_restart':          0            0       0         0            0           0
     'fs_random_quick_restart':          0            0       0         0            0           0
              'lb_tree_search':         13        2'384  18'682         0  159'920'977           0
                      'max_lp':         19        1'507  20'000         0  148'668'130           0
         'objective_lb_search':          0          392   3'481         0   66'848'428           0
  'objective_lb_search_max_lp':          0          564   7'978         0  163'620'133           0
                     'probing':          0          546   2'300         0   74'659'608           0
              'probing_max_lp':          8        1'610   8'447         0  137'378'559           0
                'pseudo_costs':          9        1'197   6'480         0  149'106'390           0
               'quick_restart':          0          366   2'500         0   70'183'518           0
               'reduced_costs':          8        1'298   5'106         0  144'042'425           0

Lp pool                          Constraints  Updates  Simplif  Merged  Shortened   Split  Strenghtened            Cuts/Call
                  'default_lp':       12'650   13'812    5'836      14        661   7'652        16'191    717'751/1'546'543
                   'fs_random':        2'913        0        0       0          0       0             0                  0/0
                   'fs_random':        2'913        0        0       0          0       0             0                  0/0
     'fs_random_quick_restart':        2'913        0        0       0          0       0             0                  0/0
     'fs_random_quick_restart':        2'913        0        0       0          0       0             0                  0/0
              'lb_tree_search':       13'166   33'790   33'968      13        754  78'687       136'058  1'262'533/2'401'208
                      'max_lp':       13'363   36'741   24'411       8        782  40'201       127'734  1'252'725/2'582'738
         'objective_lb_search':       12'528   12'467    5'427      11        465   7'817        15'515    614'626/1'274'205
  'objective_lb_search_max_lp':       13'319   28'848   11'853      19        700  21'838       125'514  1'275'692/2'553'469
                     'probing':       12'393   13'704    4'597      22        599   7'128        15'856    778'502/1'667'972
              'probing_max_lp':       13'695   49'093   64'849       9      3'866  31'022       126'367  1'211'058/2'667'972
                'pseudo_costs':       13'601   26'166   28'175      20        626  32'045       118'079    957'975/1'826'381
               'quick_restart':       12'252   14'389    4'888      23        485   8'002        16'313    712'362/1'404'012
               'reduced_costs':       13'334   30'364   26'292      14      1'294  34'599       116'167  1'142'702/2'264'719

Lp Cut             defaul   max_lp   quick_   reduce   pseudo   lb_tre   probin   object   probin   object
          CG_FF:   19'358   25'611   20'308   26'155   24'710   29'006   20'721   18'127   23'340   30'242
           CG_K:      635    2'419      566    2'825    2'153    2'262      603      602    2'882    2'352
          CG_KL:        -        1        -        -        -        -        -        -        -        1
           CG_R:    4'063   16'123    4'445   14'903   14'529   19'084    4'953    3'628   15'391   16'636
          CG_RB:   60'702   89'207   63'687   94'438   93'178  104'358   66'985   63'312   94'915  113'422
         CG_RBP:      105    2'196      117    2'874    2'586    2'870      143      120    1'558    1'970
         Clique:        -   20'219        -   19'070   19'143   22'281        -        -   16'661   22'361
             IB:  187'734  202'440  190'408  201'829  174'453  222'382  197'394  160'256  194'015  225'597
       MIR_1_FF:  198'906  343'642  183'229  299'707  206'908  320'739  225'176  160'419  338'016  334'571
        MIR_1_K:    1'995    3'482    1'890    3'690    2'856    4'018    1'937    1'609    3'095    4'064
        MIR_1_R:      868    4'758    1'181    3'889    2'864    3'904    1'631    1'330    5'288    3'454
       MIR_1_RB:  114'436  191'949  114'910  167'964  141'704  181'169  119'191   95'342  187'864  183'762
      MIR_1_RBP:      192      550      258      632      622      642      213      234      494      564
      MIR_1_RLT:        -       82        -       89      115       94        -        -       82       88
       MIR_2_FF:   16'887   43'035   18'210   36'160   26'632   40'910   20'019   14'870   35'949   39'698
        MIR_2_K:    1'267    1'737    1'458    2'164    1'316    2'323    1'600      779    1'517    2'116
        MIR_2_R:    2'019    3'806    2'185    3'885    2'080    4'608    2'686    1'227    2'981    3'512
       MIR_2_RB:   25'154   85'608   26'331   70'334   64'056   76'426   26'708   21'691  102'387   67'866
      MIR_2_RBP:      125      330      147      333      322      365      279      178      226      334
       MIR_3_FF:    4'236   15'978    4'889   12'625   11'849   15'680    4'841    4'128   13'072   14'325
        MIR_3_K:      329    1'273      409    1'117      917    1'304      395      292    1'047    1'140
        MIR_3_R:    1'105    2'597    1'111    2'174    1'898    2'711    1'069      949    2'061    2'653
       MIR_3_RB:   14'203   38'716   14'105   35'112   33'476   40'478   14'256   12'509   36'156   39'787
      MIR_3_RBP:       56      440       76      414      383      462       59       54      363      412
       MIR_4_FF:    2'521   10'500    2'602    8'330    8'305   10'294    2'729    2'401    8'242    9'688
        MIR_4_K:      174      952      155      673      595      927      255      178      723      748
        MIR_4_R:      405    1'435      409    1'112    1'040    1'392      487      355    1'147    1'406
       MIR_4_RB:    9'452   30'554    9'134   26'293   25'937   31'150    9'757    8'121   26'102   31'795
      MIR_4_RBP:       27      208       26      168      190      240       35       31      210      199
       MIR_5_FF:    1'229    6'974    1'230    6'287    6'052    7'392    1'218    1'272    6'396    7'348
        MIR_5_K:      288    1'127      250      887      886    1'117      270      327      865    1'163
        MIR_5_R:      269    1'116      255      944      790    1'157      307      223      913    1'154
       MIR_5_RB:    7'093   25'637    7'078   22'397   21'864   26'832    7'331    6'174   21'286   26'973
      MIR_5_RBP:       18      255       23      263      223      299       34       33      244      269
       MIR_6_FF:      682    4'727      692    4'306    3'884    5'054      640      671    4'385    4'995
        MIR_6_K:      214      900      225      669      646      872      198      221      537      941
        MIR_6_R:      165    1'065      165      863      730      968      191      168      831    1'026
       MIR_6_RB:    4'915   17'533    4'626   15'450   14'510   18'724    4'843    4'226   14'902   18'882
      MIR_6_RBP:       11      187       22      164      174      197       24       15      141      187
   ZERO_HALF_FF:    6'278    7'596    6'321    7'533    5'992    8'624    7'027    4'796    6'052    8'460
    ZERO_HALF_K:      262      545      252      512      387      673      320      173      352      528
    ZERO_HALF_R:   10'535   24'293   10'192   23'021   21'695   24'734   11'212    8'310   20'645   26'554
   ZERO_HALF_RB:   18'437   20'556   18'333   20'084   14'910   23'258   20'374   14'882   17'354   22'119
  ZERO_HALF_RBP:      401      366      452      363      413      553      391      393      371      330
  ZERO_HALF_RLT:        -        -        -        -        2        -        -        -        -        -

LNS stats           Improv/Calls  Closed  Difficulty  TimeLimit
  'graph_arc_lns':           6/6      0%        0.04       0.10
  'graph_cst_lns':           4/6      0%        0.04       0.10
  'graph_dec_lns':           4/6      0%        0.04       0.10
  'graph_var_lns':           4/6     33%        0.31       0.10
      'rins/rens':           3/3      0%        0.12       0.10
    'rnd_cst_lns':           3/6      0%        0.04       0.10
    'rnd_var_lns':           6/6      0%        0.04       0.10

LS stats                   Batches  Restarts  LinMoves  GenMoves  CompoundMoves  WeightUpdates
       'fj_long_default':        5         1    39'946         0              0          2'437
   'fj_long_lin_default':        4         1         0    13'309          1'261             65
        'fj_long_random':        3         1    28'273         0              0          1'727
      'fj_short_default':       10         1         0    36'196          2'544             44
  'fj_short_lin_default':       10         1         0    32'187          3'367             70
   'fj_short_lin_random':        8         1         0    26'090          2'921             73
       'fj_short_random':        2         1         0     6'648          1'221             21
          'violation_ls':        6         0        11       152             26             12
          'violation_ls':        6         0        28       146             20             21
          'violation_ls':        6         0       329       101             19            128

Solutions (35)            Num     Rank
      'fj_long_default':    1    [1,1]
        'graph_cst_lns':    1  [15,15]
        'graph_var_lns':    1  [12,12]
  'quick_restart_no_lp':   18  [18,35]
         'violation_ls':   14   [2,17]

Objective bounds                      Num
                   'initial_domain':    1
                   'lb_tree_search':    4
                           'max_lp':   11
       'objective_lb_search_max_lp':    3
  'objective_shaving_search_max_lp':    5
   'objective_shaving_search_no_lp':    5
                   'probing_max_lp':   56
                     'pseudo_costs':   91
                    'reduced_costs':   45

Solution repositories    Added  Queried  Ignored  Synchro
  'feasible solutions':     50       98        0       49
        'lp solutions':      0        0        0        0
                'pump':     12        3

Improving bounds shared           Num
                       'core':  1'708
                 'default_lp':      1
             'lb_tree_search':      1
                     'max_lp':      4
                      'no_lp':  1'782
        'objective_lb_search':      1
  'objective_lb_search_no_lp':  1'502
             'probing_max_lp':      7
               'pseudo_costs':      3
        'quick_restart_no_lp':  1'926
              'reduced_costs':      3

Clauses shared                    Num
                       'core':  1'118
                      'no_lp':  1'130
  'objective_lb_search_no_lp':    916
        'quick_restart_no_lp':  1'244

CpSolverResponse summary:
status: FEASIBLE
objective: 15962474
best_bound: 405694
integers: 2331
booleans: 1958
conflicts: 0
branches: 2098
propagations: 46259
integer_propagations: 148909
restarts: 2098
lp_iterations: 0
walltime: 28800.7
usertime: 28800.7
deterministic_time: 120166
gap_integral: 1.98994e+06
solution_fingerprint: 0x9c8fd54e7adb70b9

CPU USED: 32
Loading /home/aneumann/projects/def-adhaj/aneumann/gns/data/instances/test/xl/instance_174.pkl...
===* START SOLVING *===
   index      value       gap  ... max_time  cpu  max_memory
0    174  159624.74  0.974585  ...        8   32         118

[1 rows x 8 columns]
===* END OF FILE *===
