created virtual environment CPython3.12.4.final.0-64 in 4022ms
  creator CPython3Posix(dest=/local/aneumann.27429332.0/env, clear=False, no_vcs_ignore=False, global=False)
  seeder FromAppData(download=False, pip=bundle, via=copy, app_data_dir=/home/aneumann/.local/share/virtualenv)
    added seed packages: pip==24.0
  activators BashActivator,CShellActivator,FishActivator,NushellActivator,PowerShellActivator,PythonActivator
Looking in links: /cvmfs/soft.computecanada.ca/custom/python/wheelhouse/gentoo2023/x86-64-v3, /cvmfs/soft.computecanada.ca/custom/python/wheelhouse/gentoo2023/generic, /cvmfs/soft.computecanada.ca/custom/python/wheelhouse/generic
Requirement already satisfied: pip in /local/aneumann.27429332.0/env/lib/python3.12/site-packages (24.0)
Processing /cvmfs/soft.computecanada.ca/custom/python/wheelhouse/generic/pip-24.2+computecanada-py3-none-any.whl
Installing collected packages: pip
  Attempting uninstall: pip
    Found existing installation: pip 24.0
    Uninstalling pip-24.0:
      Successfully uninstalled pip-24.0
Successfully installed pip-24.2+computecanada
Looking in links: /cvmfs/soft.computecanada.ca/custom/python/wheelhouse/gentoo2023/x86-64-v3, /cvmfs/soft.computecanada.ca/custom/python/wheelhouse/gentoo2023/generic, /cvmfs/soft.computecanada.ca/custom/python/wheelhouse/generic
ERROR: protobuf-5.28.3-cp38-abi3-manylinux2014_x86_64.whl is not a supported wheel on this platform.
Looking in links: /cvmfs/soft.computecanada.ca/custom/python/wheelhouse/gentoo2023/x86-64-v3, /cvmfs/soft.computecanada.ca/custom/python/wheelhouse/gentoo2023/generic, /cvmfs/soft.computecanada.ca/custom/python/wheelhouse/generic
Processing /home/aneumann/projects/def-adhaj/aneumann/gns/wheels/immutabledict-4.2.0-py3-none-any.whl
Installing collected packages: immutabledict
Successfully installed immutabledict-4.2.0
Looking in links: /cvmfs/soft.computecanada.ca/custom/python/wheelhouse/gentoo2023/x86-64-v3, /cvmfs/soft.computecanada.ca/custom/python/wheelhouse/gentoo2023/generic, /cvmfs/soft.computecanada.ca/custom/python/wheelhouse/generic
Processing /cvmfs/soft.computecanada.ca/custom/python/wheelhouse/generic/ortools-9.10.4067+computecanada-cp312-cp312-linux_x86_64.whl (from -r /home/aneumann/projects/def-adhaj/aneumann/gns/requirements_or.txt (line 1))
Processing /cvmfs/soft.computecanada.ca/custom/python/wheelhouse/gentoo2023/x86-64-v3/pandas-2.2.2+computecanada-cp312-cp312-linux_x86_64.whl (from -r /home/aneumann/projects/def-adhaj/aneumann/gns/requirements_or.txt (line 2))
Processing /cvmfs/soft.computecanada.ca/custom/python/wheelhouse/generic/absl_py-2.1.0+computecanada-py3-none-any.whl (from ortools->-r /home/aneumann/projects/def-adhaj/aneumann/gns/requirements_or.txt (line 1))
Processing /cvmfs/soft.computecanada.ca/custom/python/wheelhouse/gentoo2023/generic/numpy-2.1.1+computecanada-cp312-cp312-linux_x86_64.whl (from ortools->-r /home/aneumann/projects/def-adhaj/aneumann/gns/requirements_or.txt (line 1))
Processing /cvmfs/soft.computecanada.ca/custom/python/wheelhouse/gentoo2023/x86-64-v3/protobuf-5.28.0+computecanada-cp312-cp312-linux_x86_64.whl (from ortools->-r /home/aneumann/projects/def-adhaj/aneumann/gns/requirements_or.txt (line 1))
Requirement already satisfied: immutabledict>=3.0.0 in /local/aneumann.27429332.0/env/lib/python3.12/site-packages (from ortools->-r /home/aneumann/projects/def-adhaj/aneumann/gns/requirements_or.txt (line 1)) (4.2.0)
Processing /cvmfs/soft.computecanada.ca/custom/python/wheelhouse/generic/python_dateutil-2.9.0.post0+computecanada-py2.py3-none-any.whl (from pandas->-r /home/aneumann/projects/def-adhaj/aneumann/gns/requirements_or.txt (line 2))
Processing /cvmfs/soft.computecanada.ca/custom/python/wheelhouse/generic/pytz-2024.2+computecanada-py2.py3-none-any.whl (from pandas->-r /home/aneumann/projects/def-adhaj/aneumann/gns/requirements_or.txt (line 2))
Processing /cvmfs/soft.computecanada.ca/custom/python/wheelhouse/generic/tzdata-2024.2+computecanada-py2.py3-none-any.whl (from pandas->-r /home/aneumann/projects/def-adhaj/aneumann/gns/requirements_or.txt (line 2))
Processing /cvmfs/soft.computecanada.ca/custom/python/wheelhouse/generic/six-1.16.0+computecanada-py2.py3-none-any.whl (from python-dateutil>=2.8.2->pandas->-r /home/aneumann/projects/def-adhaj/aneumann/gns/requirements_or.txt (line 2))
Installing collected packages: pytz, tzdata, six, protobuf, numpy, absl-py, python-dateutil, pandas, ortools
Successfully installed absl-py-2.1.0+computecanada numpy-2.1.1+computecanada ortools-9.10.4067+computecanada pandas-2.2.2+computecanada protobuf-5.28.0+computecanada python-dateutil-2.9.0.post0+computecanada pytz-2024.2+computecanada six-1.16.0+computecanada tzdata-2024.2+computecanada

Starting CP-SAT solver v9.10.4067
Parameters: max_time_in_seconds: 21600 max_memory_in_mb: 118 log_search_progress: true optimize_with_core: true cp_model_presolve: true enumerate_all_solutions: false num_search_workers: 32 use_implied_bounds: true absolute_gap_limit: 5 relative_gap_limit: 0.01 use_probing_search: true

Initial optimization model '': (model_fingerprint: 0x7bacc9dc2bd11c61)
#Variables: 2'734 (#bools: 24 #ints: 1 in objective)
  - 2'388 Booleans in [0,1]
  - 345 in [0,225000]
  - 1 constants in {1} 
#kBoolOr: 1'130 (#literals: 1'130)
#kLinear1: 503
#kLinear2: 7'802
#kLinear3: 1'723
#kLinearN: 536 (#terms: 6'340)

Starting presolve at 0.00s
  2.11e-03s  0.00e+00d  [DetectDominanceRelations] 
  4.60e-02s  0.00e+00d  [PresolveToFixPoint] #num_loops=20 #num_dual_strengthening=5 
  7.41e-05s  0.00e+00d  [ExtractEncodingFromLinear] #potential_supersets=200 
[Symmetry] Graph for symmetry has 9'523 nodes and 20'518 arcs.
[Symmetry] Symmetry computation done. time: 0.00187336 dtime: 0.0027246
[SAT presolve] num removable Booleans: 0 / 1516
[SAT presolve] num trivial clauses: 0
[SAT presolve] [0s] clauses:2705 literals:5414 vars:1474 one_side_vars:1432 simple_definition:37 singleton_clauses:0
[SAT presolve] [0.000174479s] clauses:2705 literals:5414 vars:1474 one_side_vars:1432 simple_definition:37 singleton_clauses:0
[SAT presolve] [0.000271415s] clauses:2705 literals:5414 vars:1474 one_side_vars:1432 simple_definition:37 singleton_clauses:0
  1.79e-01s  5.01e-02d  [Probe] #probed=3'527 #fixed_bools=67 #new_bounds=153 
  3.60e-03s  0.00e+00d  [MaxClique] Merged 2891(8258 literals) into 812(5808 literals) at_most_ones. 
  1.80e-03s  0.00e+00d  [DetectDominanceRelations] 
  1.16e-02s  0.00e+00d  [PresolveToFixPoint] #num_loops=5 #num_dual_strengthening=4 
  1.99e-03s  0.00e+00d  [ProcessAtMostOneAndLinear] #num_changes=13 
  1.32e-03s  0.00e+00d  [DetectDuplicateConstraints] #duplicates=2 #without_enforcements=3 
  3.52e-04s  1.97e-05d  [DetectDominatedLinearConstraints] #relevant_constraints=1'326 
  4.07e-04s  0.00e+00d  [DetectDifferentVariables] #different=16 
  6.44e-04s  2.26e-04d  [ProcessSetPPC] #relevant_constraints=881 #num_inclusions=607 
  7.12e-05s  0.00e+00d  [FindAlmostIdenticalLinearConstraints] 
  3.20e-03s  5.03e-03d  [FindBigAtMostOneAndLinearOverlap] 
  9.79e-04s  2.41e-03d  [FindBigVerticalLinearOverlap] 
  3.71e-04s  1.08e-03d  [FindBigHorizontalLinearOverlap] #linears=156 
  1.08e-04s  4.00e-08d  [MergeClauses] 
  1.79e-03s  0.00e+00d  [DetectDominanceRelations] 
  6.45e-03s  0.00e+00d  [PresolveToFixPoint] #num_loops=3 #num_dual_strengthening=2 
  1.78e-03s  0.00e+00d  [DetectDominanceRelations] 
  5.67e-03s  0.00e+00d  [PresolveToFixPoint] #num_loops=1 #num_dual_strengthening=1 
[Symmetry] Graph for symmetry has 7'363 nodes and 14'290 arcs.
[Symmetry] Symmetry computation done. time: 0.000982359 dtime: 0.001724
[SAT presolve] num removable Booleans: 0 / 1447
[SAT presolve] num trivial clauses: 0
[SAT presolve] [0s] clauses:25 literals:54 vars:31 one_side_vars:20 simple_definition:10 singleton_clauses:0
[SAT presolve] [3.3904e-05s] clauses:25 literals:54 vars:31 one_side_vars:20 simple_definition:10 singleton_clauses:0
[SAT presolve] [6.47e-05s] clauses:25 literals:54 vars:31 one_side_vars:20 simple_definition:10 singleton_clauses:0
  7.49e-02s  2.20e-02d  [Probe] #probed=3'458 #new_bounds=82 
  1.86e-03s  0.00e+00d  [MaxClique] Merged 658(4810 literals) into 658(4821 literals) at_most_ones. 
  1.78e-03s  0.00e+00d  [DetectDominanceRelations] 
  9.90e-03s  0.00e+00d  [PresolveToFixPoint] #num_loops=5 #num_dual_strengthening=4 
  1.89e-03s  0.00e+00d  [ProcessAtMostOneAndLinear] 
  1.28e-03s  0.00e+00d  [DetectDuplicateConstraints] #duplicates=8 #without_enforcements=3 
  3.47e-04s  1.96e-05d  [DetectDominatedLinearConstraints] #relevant_constraints=1'321 
  4.14e-04s  0.00e+00d  [DetectDifferentVariables] #different=16 
  5.58e-04s  2.22e-04d  [ProcessSetPPC] #relevant_constraints=828 #num_inclusions=551 
  7.38e-05s  0.00e+00d  [FindAlmostIdenticalLinearConstraints] 
  3.20e-03s  5.04e-03d  [FindBigAtMostOneAndLinearOverlap] 
  9.74e-04s  2.41e-03d  [FindBigVerticalLinearOverlap] 
  3.69e-04s  1.08e-03d  [FindBigHorizontalLinearOverlap] #linears=156 
  1.08e-04s  4.00e-08d  [MergeClauses] 
  1.78e-03s  0.00e+00d  [DetectDominanceRelations] 
  5.70e-03s  0.00e+00d  [PresolveToFixPoint] #num_loops=1 #num_dual_strengthening=1 
  1.78e-03s  0.00e+00d  [DetectDominanceRelations] 
  5.68e-03s  0.00e+00d  [PresolveToFixPoint] #num_loops=1 #num_dual_strengthening=1 
[Symmetry] Graph for symmetry has 7'361 nodes and 14'296 arcs.
[Symmetry] Symmetry computation done. time: 0.000946581 dtime: 0.00172314
[SAT presolve] num removable Booleans: 0 / 1447
[SAT presolve] num trivial clauses: 0
[SAT presolve] [0s] clauses:25 literals:54 vars:31 one_side_vars:20 simple_definition:10 singleton_clauses:0
[SAT presolve] [3.3497e-05s] clauses:25 literals:54 vars:31 one_side_vars:20 simple_definition:10 singleton_clauses:0
[SAT presolve] [6.5342e-05s] clauses:25 literals:54 vars:31 one_side_vars:20 simple_definition:10 singleton_clauses:0
  7.34e-02s  2.14e-02d  [Probe] #probed=3'458 #new_bounds=14 
  1.80e-03s  0.00e+00d  [MaxClique] Merged 658(4820 literals) into 658(4821 literals) at_most_ones. 
  1.79e-03s  0.00e+00d  [DetectDominanceRelations] 
  7.03e-03s  0.00e+00d  [PresolveToFixPoint] #num_loops=3 #num_dual_strengthening=2 
  1.90e-03s  0.00e+00d  [ProcessAtMostOneAndLinear] 
  1.28e-03s  0.00e+00d  [DetectDuplicateConstraints] #duplicates=2 #without_enforcements=3 
  3.56e-04s  1.96e-05d  [DetectDominatedLinearConstraints] #relevant_constraints=1'321 
  4.00e-04s  0.00e+00d  [DetectDifferentVariables] #different=16 
  5.73e-04s  2.22e-04d  [ProcessSetPPC] #relevant_constraints=828 #num_inclusions=551 
  7.69e-05s  0.00e+00d  [FindAlmostIdenticalLinearConstraints] 
  3.19e-03s  5.03e-03d  [FindBigAtMostOneAndLinearOverlap] 
  9.75e-04s  2.41e-03d  [FindBigVerticalLinearOverlap] 
  3.76e-04s  1.08e-03d  [FindBigHorizontalLinearOverlap] #linears=156 
  1.12e-04s  4.00e-08d  [MergeClauses] 
  1.79e-03s  0.00e+00d  [DetectDominanceRelations] 
  5.70e-03s  0.00e+00d  [PresolveToFixPoint] #num_loops=1 #num_dual_strengthening=1 
  1.43e-04s  0.00e+00d  [ExpandObjective] #entries=72 #tight_variables=36 #tight_constraints=12 

Presolve summary:
  - 67 affine relations were detected.
  - rule 'TODO dual: only one blocking constraint?' was applied 34'515 times.
  - rule 'TODO dual: only one unspecified blocking constraint?' was applied 21 times.
  - rule 'TODO dual: tighten at most one' was applied 530 times.
  - rule 'TODO duplicate: identical constraint with different enforcements' was applied 9 times.
  - rule 'TODO linear2: contains a Boolean.' was applied 13'419 times.
  - rule 'affine: new relation' was applied 67 times.
  - rule 'at_most_one: removed literals' was applied 283 times.
  - rule 'at_most_one: singleton' was applied 1 time.
  - rule 'at_most_one: size one' was applied 101 times.
  - rule 'at_most_one: transformed into max clique.' was applied 1 time.
  - rule 'bool_and: x => x' was applied 11 times.
  - rule 'bool_or: always true' was applied 1'130 times.
  - rule 'bool_or: implications' was applied 6'697 times.
  - rule 'bool_or: singleton' was applied 8 times.
  - rule 'deductions: 408 stored' was applied 1 time.
  - rule 'dual: add implication' was applied 24 times.
  - rule 'dual: enforced equivalence' was applied 5 times.
  - rule 'dual: fix variable' was applied 358 times.
  - rule 'dual: fix variable with multiple choices' was applied 6 times.
  - rule 'dual: reduced domain' was applied 187 times.
  - rule 'duplicate: merged rhs of linear constraint' was applied 2 times.
  - rule 'duplicate: removed constraint' was applied 12 times.
  - rule 'enforcement: false literal' was applied 3'938 times.
  - rule 'enforcement: literal not used' was applied 10 times.
  - rule 'linear + amo: fixed literal implied by enforcement' was applied 13 times.
  - rule 'linear1: always true' was applied 8 times.
  - rule 'linear2: contains a Boolean.' was applied 9 times.
  - rule 'linear: always true' was applied 1'466 times.
  - rule 'linear: divide by GCD' was applied 4'768 times.
  - rule 'linear: empty' was applied 142 times.
  - rule 'linear: extracted enforcement literal' was applied 689 times.
  - rule 'linear: fixed or dup variables' was applied 1'617 times.
  - rule 'linear: negative clause' was applied 1'982 times.
  - rule 'linear: positive at most one' was applied 188 times.
  - rule 'linear: positive clause' was applied 4'725 times.
  - rule 'linear: positive equal one' was applied 12 times.
  - rule 'linear: reduced variable domains' was applied 1'021 times.
  - rule 'linear: remapped using affine relations' was applied 2'137 times.
  - rule 'linear: simplified rhs' was applied 18'605 times.
  - rule 'linear: singleton column' was applied 12 times.
  - rule 'objective: variable not used elsewhere' was applied 1 time.
  - rule 'presolve: 921 unused variables removed.' was applied 1 time.
  - rule 'presolve: iteration' was applied 3 times.
  - rule 'setppc: bool_or in at_most_one.' was applied 5 times.
  - rule 'setppc: removed dominated constraints' was applied 49 times.

Presolved optimization model '': (model_fingerprint: 0x2e1dccc623b3def2)
#Variables: 1'734 (#bools: 23 #ints: 1 in objective)
  - 1'447 Booleans in [0,1]
  - 1 in [0,728]
  - 1 in [0,730]
  - 1 in [0,735]
  - 1 in [0,1471]
  - 2 in [0,1476]
  - 1 in [0,1477]
  - 10 in [0,1478]
  - 2 in [0,1480]
  - 17 in [0,1481]
  - 1 in [0,1484]
  - 12 in [0,1485]
  - 1 in [0,7370]
  - 1 in [0,7380]
  - 8 in [0,7390]
  - 1 in [0,7400]
  - 16 in [0,7405]
  - 1 in [0,7416]
  - 1 in [0,7420]
  - 17 in [0,7425]
  - 74 in [0,225000]
  - 2 in [1,731]
  - 1 in [2,730]
  - 2 in [3,733]
  - 1 in [5,740]
  - 2 in [8,738]
  - 1 in [10,740]
  - 1 in [65,3715]
  - 1 in [68,3746]
  - 1 in [70,3739]
  - 1 in [71,3749]
  - 1 in [72,3722]
  - 1 in [73,3723]
  - 1 in [80,3749]
  - 2 in [81,3731]
  - 2 in [89,3739]
  - 1 in [99,3749]
  - 1 in [300,219300]
  - 1 in [300,223740]
  - 2 in [300,224280]
  - 4 in [300,225000]
  - 1 in [600,219000]
  - 1 in [600,220500]
  - 1 in [600,221700]
  - 1 in [600,222600]
  - 1 in [600,223059]
  - 2 in [600,223320]
  - 1 in [600,223500]
  - 2 in [600,223800]
  - 2 in [600,224220]
  - 2 in [600,224700]
  - 1 in [900,219900]
  - 4 in [900,225000]
  - 1 in [1500,222000]
  - 1 in [1500,223500]
  - 2 in [1500,223740]
  - 1 in [1500,223980]
  - 2 in [1500,224308]
  - 1 in [1500,224340]
  - 2 in [1500,224520]
  - 2 in [1500,224640]
  - 2 in [1500,224940]
  - 2 in [1500,225000]
  - 2 in [1800,224340]
  - 2 in [1886,222000]
  - 1 in [2400,221400]
  - 2 in [2421,224880]
  - 2 in [2797,224820]
  - 2 in [2983,223440]
  - 1 in [3000,222000]
  - 2 in [3000,222300]
  - 2 in [3300,223980]
  - 3 in [3660,224340]
  - 3 in [3840,223980]
  - 2 in [3900,222900]
  - 1 in [4080,224194]
  - 5 in [4080,224760]
  - 4 in [4200,224340]
  - 1 in [4275,224989]
  - 1 in [4286,225000]
  - 1 in [4320,223366]
  - 1 in [4324,223370]
  - 2 in [4380,223380]
  - 3 in [4860,223860]
  - 5 in [5340,224340]
  - 1 in [5940,224970]
  - 5 in [5970,225000]
#kAtMostOne: 635 (#literals: 4'774)
#kBoolAnd: 23 (#enforced: 23) (#literals: 50)
#kBoolOr: 2 (#literals: 8)
#kExactlyOne: 12 (#literals: 36)
#kLinear1: 4 (#enforced: 4)
#kLinear2: 780 (#enforced: 606 #multi: 15)
#kLinear3: 944 (#enforced: 3)
#kLinearN: 203 (#terms: 2'361)

Preloading model.
#Bound   0.49s best:inf   next:[314100,11421350] initial_domain
[Symmetry] Graph for symmetry has 6'361 nodes and 14'296 arcs.
[Symmetry] Symmetry computation done. time: 0.00091885 dtime: 0.00165991
#Model   0.49s var:1734/1734 constraints:2603/2603

Starting search at 0.49s with 32 workers.
16 full problem subsolvers: [core, default_lp, lb_tree_search, max_lp, no_lp, objective_lb_search, objective_lb_search_max_lp, objective_lb_search_no_lp, objective_shaving_search_max_lp, objective_shaving_search_no_lp, probing, probing_max_lp, pseudo_costs, quick_restart, quick_restart_no_lp, reduced_costs]
14 first solution subsolvers: [fj_long_default, fj_long_lin_default, fj_long_random, fj_short_default, fj_short_lin_default, fj_short_lin_random, fj_short_random, fs_random(2), fs_random_no_lp(2), fs_random_quick_restart(2), fs_random_quick_restart_no_lp]
11 incomplete subsolvers: [feasibility_pump, graph_arc_lns, graph_cst_lns, graph_dec_lns, graph_var_lns, rins/rens, rnd_cst_lns, rnd_var_lns, violation_ls(3)]
3 helper subsolvers: [neighborhood_helper, synchronization_agent, update_gap_integral]
#Bound   0.67s best:inf   next:[314150,11421350] objective_shaving_search_no_lp (vars=1601 csts=1952)
#1       0.70s best:11421350 next:[314150,11421300] fj_long_default(batch:1 #lin_moves:8'986 #lin_evals:19'213 #weight_updates:637)
#2       0.72s best:11421300 next:[314150,11421250] violation_ls(batch:1 #solutions_imported:1 #lin_moves:10 #lin_evals:51 #weight_updates:5)
#3       0.72s best:11421250 next:[314150,11421200] violation_ls(batch:2 #solutions_imported:2 #lin_moves:19 #lin_evals:103 #weight_updates:11)
#4       0.72s best:11421200 next:[314150,11421150] violation_ls(batch:2 #solutions_imported:2 #lin_moves:10 #lin_evals:2'573 #gen_moves:58 #gen_evals:0 #comp_moves:8 #backtracks:25 #weight_updates:6)
#5       0.72s best:11421150 next:[314150,11421100] violation_ls(batch:1 #solutions_imported:1 #lin_moves:0 #lin_evals:3'791 #gen_moves:69 #gen_evals:0 #comp_moves:7 #backtracks:31 #weight_updates:1)
#6       0.72s best:11421100 next:[314150,11421050] violation_ls(batch:2 #solutions_imported:2 #lin_moves:8 #lin_evals:3'840 #gen_moves:69 #gen_evals:0 #comp_moves:7 #backtracks:31 #weight_updates:6)
#7       0.73s best:11421050 next:[314150,11421000] violation_ls(batch:3 #solutions_imported:3 #lin_moves:10 #lin_evals:6'364 #gen_moves:113 #gen_evals:0 #comp_moves:15 #backtracks:49 #weight_updates:7)
#8       0.73s best:11421000 next:[314150,11420950] violation_ls(batch:3 #solutions_imported:3 #lin_moves:29 #lin_evals:155 #weight_updates:16)
#9       0.73s best:11420950 next:[314150,11420900] violation_ls(batch:3 #solutions_imported:3 #lin_moves:15 #lin_evals:3'886 #gen_moves:69 #gen_evals:0 #comp_moves:7 #backtracks:31 #weight_updates:10)
#Bound   0.79s best:11420950 next:[314200,11420900] objective_shaving_search_no_lp (vars=1601 csts=1952)
#Bound   0.90s best:11420950 next:[314250,11420900] objective_shaving_search_no_lp (vars=1601 csts=1951)
#10      0.95s best:11412000 next:[314250,11411950] graph_var_lns (d=0.50 s=47 t=0.10 p=0.00 stall=0 h=auto_l0)
#11      0.97s best:11411950 next:[314250,11411900] violation_ls(batch:4 #solutions_imported:4 #lin_moves:10 #lin_evals:9'623 #gen_moves:167 #gen_evals:0 #comp_moves:23 #backtracks:72 #weight_updates:8)
#12      0.97s best:11411900 next:[314250,11411850] violation_ls(batch:4 #solutions_imported:4 #lin_moves:29 #lin_evals:3'465 #gen_moves:47 #gen_evals:0 #comp_moves:7 #backtracks:20 #weight_updates:17)
#13      0.97s best:11411850 next:[314250,11411800] violation_ls(batch:4 #solutions_imported:4 #lin_moves:15 #lin_evals:8'142 #gen_moves:141 #gen_evals:0 #comp_moves:15 #backtracks:63 #weight_updates:11)
#Bound   1.07s best:11411850 next:[314300,11411800] objective_shaving_search_no_lp (vars=1599 csts=1946)
#14      1.14s best:11411800 next:[314300,11411750] violation_ls(batch:5 #solutions_imported:5 #lin_moves:10 #lin_evals:12'891 #gen_moves:210 #gen_evals:0 #comp_moves:30 #backtracks:90 #weight_updates:9)
#15      1.14s best:11411750 next:[314300,11411700] violation_ls(batch:5 #solutions_imported:5 #lin_moves:37 #lin_evals:3'514 #gen_moves:47 #gen_evals:0 #comp_moves:7 #backtracks:20 #weight_updates:22)
#16      1.14s best:11411700 next:[314300,11411650] violation_ls(batch:5 #solutions_imported:5 #lin_moves:24 #lin_evals:8'192 #gen_moves:141 #gen_evals:0 #comp_moves:15 #backtracks:63 #weight_updates:16)
#Bound   1.18s best:11411700 next:[314350,11411650] objective_shaving_search_no_lp (vars=1599 csts=1946)
#Model   1.29s var:1733/1734 constraints:2602/2603
#17      1.30s best:11407450 next:[314350,11407400] graph_arc_lns (d=0.29 s=90 t=0.10 p=0.00 stall=0 h=auto_l0)
#Bound   1.40s best:11407450 next:[314400,11407400] objective_shaving_search_no_lp (vars=1598 csts=1945)
#18      1.40s best:11407400 next:[314400,11407350] violation_ls(batch:6 #solutions_imported:6 #lin_moves:20 #lin_evals:12'943 #gen_moves:210 #gen_evals:0 #comp_moves:30 #backtracks:90 #weight_updates:14)
#19      1.40s best:11407350 next:[314400,11407300] violation_ls(batch:6 #solutions_imported:6 #lin_moves:31 #lin_evals:8'237 #gen_moves:141 #gen_evals:0 #comp_moves:15 #backtracks:63 #weight_updates:20)
#Model   1.72s var:1732/1734 constraints:2601/2603
#Model   1.83s var:1731/1734 constraints:2601/2603
#Model   2.13s var:1730/1734 constraints:2600/2603
#Model   2.47s var:1729/1734 constraints:2599/2603
#Model   2.77s var:1728/1734 constraints:2598/2603
#Model   2.97s var:1727/1734 constraints:2595/2603
#Model   3.88s var:1726/1734 constraints:2594/2603
#Model   4.18s var:1724/1734 constraints:2593/2603
#Model   4.38s var:1723/1734 constraints:2591/2603
#Model   4.68s var:1722/1734 constraints:2590/2603
#Model   5.08s var:1720/1734 constraints:2589/2603
#Model   5.92s var:1719/1734 constraints:2589/2603
#Model   6.12s var:1717/1734 constraints:2588/2603
#Model   6.53s var:1716/1734 constraints:2587/2603
#20     14.31s best:11398400 next:[314400,11398350] quick_restart_no_lp (fixed_bools=96/2383)
#Bound  19.75s best:11398400 next:[319550,11398350] objective_lb_search_max_lp
#Bound  19.91s best:11398400 next:[323250,11398350] objective_lb_search_max_lp
#Bound  20.33s best:11398400 next:[324950,11398350] objective_lb_search_max_lp
#Model 134.49s var:1715/1734 constraints:2586/2603
#Bound 142.57s best:11398400 next:[328300,11398350] max_lp
#Bound 167.53s best:11398400 next:[331300,11398350] objective_lb_search_max_lp
#Bound 172.93s best:11398400 next:[331350,11398350] objective_lb_search_max_lp
#Bound 173.26s best:11398400 next:[334350,11398350] objective_lb_search_max_lp
#Bound 174.53s best:11398400 next:[334400,11398350] objective_lb_search_max_lp
#Bound 176.25s best:11398400 next:[335350,11398350] objective_lb_search_max_lp
#Bound 185.91s best:11398400 next:[335400,11398350] objective_lb_search_max_lp
#Model 198.43s var:1714/1734 constraints:2584/2603
#Bound 226.65s best:11398400 next:[335450,11398350] objective_lb_search_max_lp
#Bound 232.13s best:11398400 next:[335500,11398350] objective_lb_search_max_lp
#Bound 236.76s best:11398400 next:[337300,11398350] quick_restart
#21    695.91s best:11393500 next:[337300,11393450] quick_restart_no_lp (fixed_bools=391/3217)
#22    1204.97s best:11390000 next:[337300,11389950] quick_restart_no_lp (fixed_bools=484/3540)
#23    1474.14s best:11387350 next:[337300,11387300] quick_restart_no_lp (fixed_bools=525/3877)
#24    1554.51s best:11378500 next:[337300,11378450] quick_restart_no_lp (fixed_bools=533/4210)
#25    1643.42s best:11372400 next:[337300,11372350] quick_restart_no_lp (fixed_bools=545/4345)
#26    1969.05s best:11362800 next:[337300,11362750] quick_restart_no_lp (fixed_bools=582/4955)
#27    2317.59s best:11353200 next:[337300,11353150] quick_restart_no_lp (fixed_bools=621/5525)
#28    4060.20s best:1232200 next:[337300,1232150] core (fixed_bools=785/3253)
#29    4373.91s best:1174100 next:[337300,1174050] core (fixed_bools=1000/4016)
#30    4374.20s best:1115700 next:[337300,1115650] core (fixed_bools=1001/4054)
#31    4502.97s best:929800 next:[337300,929750] core (fixed_bools=1331/5500)
#32    4503.25s best:923000 next:[337300,922950] quick_restart_no_lp (fixed_bools=1307/8143)
#33    4821.73s best:911400 next:[337300,911350] core (fixed_bools=1754/6582)
#34    5097.69s best:836200 next:[337300,836150] core (fixed_bools=1974/7290)
#Bound 5553.04s best:836200 next:[337350,836150] lb_tree_search
#35    5691.52s best:665850 next:[337350,665800] core (fixed_bools=2403/12008)
#36    5692.91s best:659850 next:[337350,659800] core (fixed_bools=2403/12027)
#Bound 6085.30s best:659850 next:[337400,659800] max_lp
#37    6126.98s best:656350 next:[337400,656300] quick_restart_no_lp (fixed_bools=3025/11098)
#38    6196.74s best:651450 next:[337400,651400] quick_restart_no_lp (fixed_bools=3172/11484)
#39    6200.65s best:642600 next:[337400,642550] quick_restart_no_lp (fixed_bools=3172/11527)
#40    6206.17s best:635800 next:[337400,635750] quick_restart_no_lp (fixed_bools=3172/11657)
#Bound 6495.71s best:635800 next:[337450,635750] lb_tree_search
#Bound 7228.94s best:635800 next:[337500,635750] lb_tree_search
#41    10197.51s best:582500 next:[337500,582450] core (fixed_bools=4813/14269)
#42    10201.57s best:575700 next:[337500,575650] quick_restart_no_lp (fixed_bools=3732/13213)
#Model 10204.15s var:1713/1734 constraints:2581/2603
#Model 10204.35s var:1712/1734 constraints:2579/2603
#Model 10205.55s var:1711/1734 constraints:2578/2603
#Model 10205.66s var:1710/1734 constraints:2578/2603
#Model 10213.76s var:1708/1734 constraints:2577/2603
#43    12113.77s best:570800 next:[337500,570750] quick_restart_no_lp (fixed_bools=4305/16598)
#44    12391.49s best:567300 next:[337500,567250] quick_restart_no_lp (fixed_bools=4492/16906)
#Model 12396.30s var:1707/1734 constraints:2575/2603
#45    12631.58s best:562700 next:[337500,562650] quick_restart_no_lp (fixed_bools=4674/17449)
#46    12649.51s best:558450 next:[337500,558400] quick_restart_no_lp (fixed_bools=4818/17590)
#Model 12653.41s var:1706/1734 constraints:2573/2603
#47    14668.75s best:555800 next:[337500,555750] quick_restart_no_lp (fixed_bools=4915/19521)
#Bound 15452.87s best:555800 next:[337550,555750] reduced_costs
#48    16102.05s best:553250 next:[337550,553200] quick_restart_no_lp (fixed_bools=5111/21573)
#Model 16106.44s var:1703/1734 constraints:2570/2603

Task timing                                  n [     min,      max]      avg      dev     time         n [     min,      max]      avg      dev    dtime
                             'core':         1 [   6.00h,    6.00h]    6.00h   0.00ns    6.00h         1 [   4.88h,    4.88h]    4.88h   0.00ns    4.88h
                       'default_lp':         1 [   6.00h,    6.00h]    6.00h   0.00ns    6.00h         1 [  36.80m,   36.80m]   36.80m   0.00ns   36.80m
                 'feasibility_pump':         6 [ 74.19ms,    1.78s]    1.30s 584.71ms    7.79s         5 [265.57ms, 469.52ms] 381.98ms  68.59ms    1.91s
                  'fj_long_default':         1 [114.85ms, 114.85ms] 114.85ms   0.00ns 114.85ms         1 [ 31.61ms,  31.61ms]  31.61ms   0.00ns  31.61ms
              'fj_long_lin_default':         3 [ 46.37ms,  55.20ms]  51.20ms   3.65ms 153.59ms         3 [ 14.46ms,  14.82ms]  14.64ms 145.66us  43.93ms
                   'fj_long_random':         2 [ 36.80ms, 106.02ms]  71.41ms  34.61ms 142.81ms         2 [ 13.76ms,  33.63ms]  23.70ms   9.93ms  47.40ms
                 'fj_short_default':         3 [ 45.28ms,  95.42ms]  62.62ms  23.20ms 187.87ms         3 [ 14.64ms,  15.22ms]  14.87ms 253.13us  44.61ms
             'fj_short_lin_default':         2 [ 60.96ms,  87.56ms]  74.26ms  13.30ms 148.52ms         2 [ 18.86ms,  27.98ms]  23.42ms   4.56ms  46.84ms
              'fj_short_lin_random':         2 [ 54.65ms,  58.10ms]  56.38ms   1.73ms 112.75ms         2 [ 17.84ms,  17.95ms]  17.90ms  56.18us  35.80ms
                  'fj_short_random':         2 [ 60.52ms,  74.48ms]  67.50ms   6.98ms 135.00ms         2 [ 18.08ms,  18.23ms]  18.15ms  77.57us  36.31ms
                        'fs_random':         1 [192.13ms, 192.13ms] 192.13ms   0.00ns 192.13ms         1 [ 40.00ns,  40.00ns]  40.00ns   0.00ns  40.00ns
                        'fs_random':         1 [194.91ms, 194.91ms] 194.91ms   0.00ns 194.91ms         1 [ 40.00ns,  40.00ns]  40.00ns   0.00ns  40.00ns
                  'fs_random_no_lp':         1 [190.19ms, 190.19ms] 190.19ms   0.00ns 190.19ms         1 [  1.10ms,   1.10ms]   1.10ms   0.00ns   1.10ms
                  'fs_random_no_lp':         1 [193.76ms, 193.76ms] 193.76ms   0.00ns 193.76ms         1 [  1.10ms,   1.10ms]   1.10ms   0.00ns   1.10ms
          'fs_random_quick_restart':         1 [191.35ms, 191.35ms] 191.35ms   0.00ns 191.35ms         1 [ 40.00ns,  40.00ns]  40.00ns   0.00ns  40.00ns
          'fs_random_quick_restart':         1 [194.24ms, 194.24ms] 194.24ms   0.00ns 194.24ms         1 [ 40.00ns,  40.00ns]  40.00ns   0.00ns  40.00ns
    'fs_random_quick_restart_no_lp':         1 [193.17ms, 193.17ms] 193.17ms   0.00ns 193.17ms         1 [  1.10ms,   1.10ms]   1.10ms   0.00ns   1.10ms
                    'graph_arc_lns':         6 [122.89ms,    6.00h]    2.00h    2.83h   12.00h         5 [100.00ns, 100.20ms]  80.09ms  40.05ms 400.47ms
                    'graph_cst_lns':         5 [167.64ms,    6.00h]    3.60h    2.94h   18.00h         3 [ 72.00ns, 100.07ms]  66.69ms  47.16ms 200.07ms
                    'graph_dec_lns':         5 [266.47ms,    6.00h]    2.40h    2.94h   12.00h         4 [152.00ns, 100.10ms]  75.06ms  43.34ms 300.24ms
                    'graph_var_lns':         6 [187.57ms,    6.00h]    1.00h    2.24h    6.00h         6 [ 10.00ns, 100.54ms]  83.53ms  37.36ms 501.18ms
                   'lb_tree_search':         1 [   6.00h,    6.00h]    6.00h   0.00ns    6.00h         1 [  28.09m,   28.09m]   28.09m   0.00ns   28.09m
                           'max_lp':         1 [   6.00h,    6.00h]    6.00h   0.00ns    6.00h         1 [  27.59m,   27.59m]   27.59m   0.00ns   27.59m
                            'no_lp':         1 [   6.00h,    6.00h]    6.00h   0.00ns    6.00h         1 [   5.07h,    5.07h]    5.07h   0.00ns    5.07h
              'objective_lb_search':         1 [   6.00h,    6.00h]    6.00h   0.00ns    6.00h         1 [  35.56m,   35.56m]   35.56m   0.00ns   35.56m
       'objective_lb_search_max_lp':         1 [   6.00h,    6.00h]    6.00h   0.00ns    6.00h         1 [  30.44m,   30.44m]   30.44m   0.00ns   30.44m
        'objective_lb_search_no_lp':         1 [   6.00h,    6.00h]    6.00h   0.00ns    6.00h         1 [   5.10h,    5.10h]    5.10h   0.00ns    5.10h
  'objective_shaving_search_max_lp':         6 [ 88.30ms, 168.61ms] 117.50ms  24.89ms 705.02ms         6 [ 21.99ms,  27.46ms]  24.91ms   2.45ms 149.46ms
   'objective_shaving_search_no_lp':         6 [ 95.87ms, 166.89ms] 121.20ms  21.86ms 727.21ms         6 [ 25.39ms,  26.03ms]  25.69ms 283.53us 154.14ms
                          'probing':         1 [   6.00h,    6.00h]    6.00h   0.00ns    6.00h         1 [  35.35m,   35.35m]   35.35m   0.00ns   35.35m
                   'probing_max_lp':         1 [   6.00h,    6.00h]    6.00h   0.00ns    6.00h         1 [  23.14m,   23.14m]   23.14m   0.00ns   23.14m
                     'pseudo_costs':         1 [   6.00h,    6.00h]    6.00h   0.00ns    6.00h         1 [  30.09m,   30.09m]   30.09m   0.00ns   30.09m
                    'quick_restart':         1 [   6.00h,    6.00h]    6.00h   0.00ns    6.00h         1 [  35.04m,   35.04m]   35.04m   0.00ns   35.04m
              'quick_restart_no_lp':         1 [   6.00h,    6.00h]    6.00h   0.00ns    6.00h         1 [   4.34h,    4.34h]    4.34h   0.00ns    4.34h
                    'reduced_costs':         1 [   6.00h,    6.00h]    6.00h   0.00ns    6.00h         1 [  25.33m,   25.33m]   25.33m   0.00ns   25.33m
                        'rins/rens':         1 [509.32ms, 509.32ms] 509.32ms   0.00ns 509.32ms         1 [100.04ms, 100.04ms] 100.04ms   0.00ns 100.04ms
                      'rnd_cst_lns':         6 [233.77ms,    6.00h]    4.00h    2.83h   24.00h         3 [ 13.53us, 100.09ms]  66.72ms  47.17ms 200.17ms
                      'rnd_var_lns':         6 [   6.00h,    6.00h]    6.00h 258.04ms   36.00h         1 [ 60.00ns,  60.00ns]  60.00ns   0.00ns  60.00ns
                     'violation_ls':         6 [272.39us,   7.47ms]   1.83ms   2.61ms  11.00ms         6 [ 12.93us, 751.24us] 255.56us 342.47us   1.53ms
                     'violation_ls':         6 [297.08us,   2.17ms]   1.03ms 715.13us   6.17ms         6 [ 13.51us, 588.61us] 161.27us 221.83us 967.62us
                     'violation_ls':         6 [432.16us,   4.31ms]   1.78ms   1.26ms  10.71ms         6 [ 14.46us, 663.70us] 391.87us 269.81us   2.35ms

Search stats                         Bools  Conflicts     Branches    Restarts      BoolPropag   IntegerPropag
                           'core':  39'357  4'004'955  487'524'689  91'522'095  42'266'199'083  14'214'835'092
                     'default_lp':   2'025          6       67'897      39'275       2'949'525       5'366'212
                      'fs_random':   1'451          0        2'902       2'902          65'588         165'633
                      'fs_random':   1'451          0        2'902       2'902          65'588         165'633
                'fs_random_no_lp':   1'613         16        3'210       3'210          67'476         174'253
                'fs_random_no_lp':   1'613         16        3'210       3'210          67'476         174'255
        'fs_random_quick_restart':   1'451          0        2'902       2'902          65'588         165'633
        'fs_random_quick_restart':   1'451          0        2'902       2'902          65'588         165'633
  'fs_random_quick_restart_no_lp':   1'613         16        3'210       3'210          67'476         174'256
                 'lb_tree_search':   2'025          3       77'334      44'043       3'355'538       6'088'314
                         'max_lp':   2'025          3       73'215      41'951       3'162'305       5'760'386
                          'no_lp':  25'805  9'632'654  443'314'753  91'938'886  19'212'480'471  15'384'461'004
            'objective_lb_search':   2'025          5       58'636      34'573       2'553'067       4'647'023
     'objective_lb_search_max_lp':   2'025          4       72'285      41'491       3'118'614       5'683'732
      'objective_lb_search_no_lp':  24'292  9'187'601  441'274'718  93'023'074  16'822'305'996  15'700'171'796
                        'probing':   2'025          5       62'316      36'745       2'753'247       4'999'036
                 'probing_max_lp':   2'025          3       63'358      37'230       2'805'611       5'081'898
                   'pseudo_costs':   2'025          2       73'395      41'965       3'186'259       5'808'924
                  'quick_restart':   2'025          7       54'948      32'709       2'423'430       4'406'719
            'quick_restart_no_lp':  26'387  4'471'093  657'888'641  95'010'474  37'557'129'581  15'411'883'996
                  'reduced_costs':   2'025          6       64'906      37'706       2'832'481       5'157'737

SAT stats                           ClassicMinim  LitRemoved     LitLearned   LitForgotten  Subsumed  MClauses  MDecisions  MLitTrue  MSubsumed  MLitRemoved  MReused
                           'core':     3'775'963  37'576'697  1'000'298'898    967'169'406    89'191   163'993  13'339'752         0      2'017      255'465  123'465
                     'default_lp':             1           2              7              0         0         0           0         0          0            0        0
                      'fs_random':             0           0              0              0         0         0           0         0          0            0        0
                      'fs_random':             0           0              0              0         0         0           0         0          0            0        0
                'fs_random_no_lp':             0           0             16              0         0         0           0         0          0            0        0
                'fs_random_no_lp':             0           0             16              0         0         0           0         0          0            0        0
        'fs_random_quick_restart':             0           0              0              0         0         0           0         0          0            0        0
        'fs_random_quick_restart':             0           0              0              0         0         0           0         0          0            0        0
  'fs_random_quick_restart_no_lp':             0           0             16              0         0         0           0         0          0            0        0
                 'lb_tree_search':             0           0              3              0         0         0           0         0          0            0        0
                         'max_lp':             0           0              3              0         0         0           0         0          0            0        0
                          'no_lp':     9'273'823  94'983'009  2'379'918'299  2'335'524'676   136'705   557'826   6'119'785         1      1'331       95'499  113'834
            'objective_lb_search':             1           3              6              0         0         0           0         0          0            0        0
     'objective_lb_search_max_lp':             0           0              4              0         0         0           0         0          0            0        0
      'objective_lb_search_no_lp':     8'842'211  89'669'066  2'272'961'311  2'227'418'562   136'438   521'678   5'613'066         1      1'173       55'560   96'745
                        'probing':             0           0              5              0         0         0           0         0          0            0        0
                 'probing_max_lp':             0           0              3              0         0         0           0         0          0            0        0
                   'pseudo_costs':             0           0              2              0         0         0           0         0          0            0        0
                  'quick_restart':             0           0              8              0         0         0           0         0          0            0        0
            'quick_restart_no_lp':     3'863'056  29'632'168  1'374'264'751  1'282'068'954   261'336   276'338  22'939'360         5      2'551      164'722  153'747
                  'reduced_costs':             2           4              8              0         0         0           0         0          0            0        0

Lp stats                         Component  Iterations  AddedCuts  OPTIMAL  DUAL_F.  DUAL_U.
                  'default_lp':          2   8'487'052  2'725'914  288'171        1        2
                   'fs_random':          2          20          0        1        1        0
                   'fs_random':          2           9          0        1        1        0
     'fs_random_quick_restart':          2          19          0        1        1        0
     'fs_random_quick_restart':          2           9          0        1        1        0
              'lb_tree_search':          1   6'630'055  1'132'432  150'024   46'405        1
                      'max_lp':          1   6'257'123  1'072'325  142'860   43'469        1
         'objective_lb_search':          2   8'213'131  2'838'778  252'209        5        1
  'objective_lb_search_max_lp':          1   6'766'152  1'094'629  140'624   43'292        1
                     'probing':          2   8'327'907  2'768'798  268'220        5        2
              'probing_max_lp':          1   5'429'449    916'674  125'632   37'635        1
                'pseudo_costs':          1   7'185'768  1'081'551  142'587   44'196        0
               'quick_restart':          2   7'832'647  2'834'622  238'696        1        2
               'reduced_costs':          1   5'808'856  1'026'402  128'214   38'863        1

Lp dimension                                                                        Final dimension of first component
                  'default_lp':  3307 rows, 1725 columns, 53674 entries with magnitude in [2.738240e-06, 1.000000e+00]
                   'fs_random':     43 rows, 1725 columns, 1377 entries with magnitude in [4.591498e-02, 1.000000e+00]
                   'fs_random':     43 rows, 1725 columns, 1377 entries with magnitude in [4.591498e-02, 1.000000e+00]
     'fs_random_quick_restart':     43 rows, 1725 columns, 1377 entries with magnitude in [4.591498e-02, 1.000000e+00]
     'fs_random_quick_restart':     43 rows, 1725 columns, 1377 entries with magnitude in [4.591498e-02, 1.000000e+00]
              'lb_tree_search':  2238 rows, 1734 columns, 18066 entries with magnitude in [1.154462e-04, 1.000000e+00]
                      'max_lp':  2364 rows, 1734 columns, 23108 entries with magnitude in [5.671809e-06, 1.000000e+00]
         'objective_lb_search':  3267 rows, 1725 columns, 46118 entries with magnitude in [9.364513e-07, 1.000000e+00]
  'objective_lb_search_max_lp':  2879 rows, 1734 columns, 39311 entries with magnitude in [1.599701e-05, 1.000000e+00]
                     'probing':  2935 rows, 1725 columns, 26872 entries with magnitude in [4.499143e-06, 1.000000e+00]
              'probing_max_lp':  1653 rows, 1734 columns, 17475 entries with magnitude in [5.381914e-05, 1.000000e+00]
                'pseudo_costs':  2336 rows, 1734 columns, 28689 entries with magnitude in [2.699690e-05, 1.000000e+00]
               'quick_restart':  2982 rows, 1725 columns, 47565 entries with magnitude in [4.626446e-07, 1.000000e+00]
               'reduced_costs':  2358 rows, 1734 columns, 20391 entries with magnitude in [8.395603e-05, 1.000000e+00]

Lp debug                         CutPropag  CutEqPropag  Adjust  Overflow          Bad  BadScaling
                  'default_lp':          0        6'456      64         0  143'388'448           0
                   'fs_random':          0            0       0         0            0           0
                   'fs_random':          0            0       0         0            0           0
     'fs_random_quick_restart':          0            0       0         0            0           0
     'fs_random_quick_restart':          0            0       0         0            0           0
              'lb_tree_search':          0        2'110  14'900         0  201'918'575           0
                      'max_lp':          0        2'531  29'487         0  194'016'697           0
         'objective_lb_search':          0        3'154      34         0  130'907'052           0
  'objective_lb_search_max_lp':          0        1'472  34'254         0  192'619'151           0
                     'probing':          0        4'852   1'817         0  131'085'782           0
              'probing_max_lp':         22          929  10'161         0  173'898'566           0
                'pseudo_costs':          0        1'856  25'250         0  199'945'198           0
               'quick_restart':          0        2'435     353         0  126'563'541           0
               'reduced_costs':          0        1'291  13'681         0  180'499'839           0

Lp pool                          Constraints  Updates  Simplif  Merged  Shortened   Split  Strenghtened            Cuts/Call
                  'default_lp':       11'818   71'668   16'449      61      2'064  21'763       125'772  2'725'914/6'037'073
                   'fs_random':        1'965        0        0       0          0       0             0                  0/0
                   'fs_random':        1'965        0        0       0          0       0             0                  0/0
     'fs_random_quick_restart':        1'965        0        0       0          0       0             0                  0/0
     'fs_random_quick_restart':        1'965        0        0       0          0       0             0                  0/0
              'lb_tree_search':       12'007   43'942   25'284      29      6'456  45'175       265'280  1'132'432/2'993'226
                      'max_lp':       11'895   59'608   29'639      34      4'716  54'285       246'436  1'072'325/2'646'859
         'objective_lb_search':       11'699   64'103   23'563      44      2'335  18'519       110'753  2'838'778/6'483'160
  'objective_lb_search_max_lp':       12'192   55'368   33'010      41      6'013  60'291       234'256  1'094'629/3'038'173
                     'probing':       11'703   64'221   17'213      60      2'437  20'805       114'201  2'768'798/6'382'283
              'probing_max_lp':       12'255   49'017   26'036      23      5'872  51'484       217'741    916'674/2'380'695
                'pseudo_costs':       12'090   52'134   28'352      65      6'373  47'721       247'832  1'081'551/2'789'768
               'quick_restart':       11'511   48'723   17'256      76      3'185  18'240        95'007  2'834'622/6'842'155
               'reduced_costs':       11'963   49'466   29'634      43      6'862  40'283       228'361  1'026'402/2'750'220

Lp Cut             defaul   max_lp   quick_   reduce   pseudo   lb_tre   probin   object   probin   object
          CG_FF:   58'488   19'768   54'887   17'547   19'157   21'400   62'423   59'480   16'798   19'977
           CG_K:    6'713    7'617    6'297    6'552    7'778    9'366    5'230    6'029    6'085    7'173
          CG_KL:        3        -        9        2        1        2       11       12        -        1
           CG_R:  102'149   35'869   73'967   30'133   34'683   32'554   91'125   82'217   28'107   33'219
          CG_RB:  437'908  107'635  389'902   95'860   96'729   96'086  422'723  425'057   87'015  108'926
         CG_RBP:    2'522    9'476    1'928    9'809    9'108    9'887    2'091    1'738    8'504    9'629
         Clique:        -   30'901        -   28'094   31'225   33'227        -        -   27'493   30'437
             IB:  509'808  127'048  491'840  123'353  129'488  132'653  500'174  519'970  113'105  131'385
       MIR_1_FF:  387'932  101'874  513'624  100'865  105'451  119'432  444'506  468'167   86'072  104'014
        MIR_1_K:    6'026   12'158    7'084   13'435   14'546   16'077    5'296    6'382   10'490   13'271
       MIR_1_KL:      196        5      418        5        2        9      553      662        3        7
        MIR_1_R:   10'153    8'622    7'261    8'004    7'793    7'617    9'177    8'852    6'570    7'446
       MIR_1_RB:  580'010  187'682  674'527  177'615  187'583  204'473  603'600  634'185  167'236  198'771
      MIR_1_RBP:    1'688    3'468    1'667    3'217    2'821    3'456      946      998    2'822    3'181
      MIR_1_RLT:        -      491        -      497      507      552        -        -      437      530
       MIR_2_FF:   22'437   17'858   22'475   17'195   19'324   20'635   21'922   25'053   15'102   18'104
        MIR_2_K:    2'122    4'783    2'254    4'874    5'581    5'608    1'688    2'078    4'126    5'277
       MIR_2_KL:       47        -      103        -        -        1      103      134        1        -
        MIR_2_R:    7'025   13'070    4'121   11'584   12'509   11'448    5'830    6'469   10'553   11'840
       MIR_2_RB:  106'086   72'338   89'039   67'871   69'091   68'921  103'852  109'083   59'091   79'399
      MIR_2_RBP:      624    1'833      614    1'285    1'210    1'678      453      500    1'174    1'204
       MIR_3_FF:    8'337    9'960    8'078    9'199   10'061   11'138    7'987    8'613    8'347    9'462
        MIR_3_K:    1'936    4'404    1'678    4'664    5'274    5'236    1'396    1'424    4'111    4'862
       MIR_3_KL:       31        2       74        3        1        4      111      167        1        2
        MIR_3_R:   15'112    9'999    9'696    8'857    9'601   10'371   13'201   12'348    7'761    9'539
       MIR_3_RB:   85'533   47'035   95'090   46'039   48'959   52'659   89'302   88'783   41'215   49'422
      MIR_3_RBP:      588    1'005      440      920      767      893      410      454      848      932
       MIR_4_FF:    2'870    8'303    2'933    8'018    8'460    9'011    3'096    3'265    7'331    8'031
        MIR_4_K:      917    3'600      682    3'577    4'149    3'896      687      744    3'346    3'714
       MIR_4_KL:       10        -       38        2        -        3       38       69        -        1
        MIR_4_R:    3'422    4'234    2'133    3'556    3'808    4'138    2'891    2'671    3'136    4'133
       MIR_4_RB:   51'355   37'944   62'446   37'285   39'123   41'547   56'179   54'757   32'139   37'834
      MIR_4_RBP:      286      855      251      756      581      878      243      269      734      717
       MIR_5_FF:    2'726    6'210    2'160    5'920    6'736    6'680    2'559    2'600    5'029    6'027
        MIR_5_K:      751    3'077      556    3'078    3'768    3'501      637      664    2'949    3'476
       MIR_5_KL:       13        2       47        2        -        -       48       36        -        -
        MIR_5_R:    1'808    2'539    1'124    2'341    2'647    2'810    1'600    1'529    1'901    2'669
       MIR_5_RB:   36'165   30'420   43'444   30'101   32'536   33'667   38'801   37'767   26'236   30'687
      MIR_5_RBP:      186      699      158      670      522      724      184      208      563      529
       MIR_6_FF:    1'118    4'054    1'096    3'819    4'420    4'628    1'186    1'290    3'453    3'925
        MIR_6_K:      573    2'117      542    2'291    2'636    2'679      513      537    2'140    2'345
       MIR_6_KL:        1        -        7        2        1        1       11        7        2        1
        MIR_6_R:    1'055    2'659      709    2'346    2'678    3'009      813      788    2'049    2'689
       MIR_6_RB:   24'785   20'552   30'523   20'737   21'945   23'588   26'371   25'670   18'252   21'005
      MIR_6_RBP:      120      589       93      643      495      614      105      112      512      428
   ZERO_HALF_FF:   32'417    8'592   33'405    8'310    9'515    9'446   31'560   33'726    6'983    8'337
    ZERO_HALF_K:    2'963    2'674    4'173    2'968    3'492    3'341    3'301    3'791    3'033    2'371
   ZERO_HALF_KL:        1        -        1        -        -        -        3        5        -        -
    ZERO_HALF_R:  107'759   74'374   80'478   77'713   78'983   76'964  100'993   94'384   61'741   73'925
   ZERO_HALF_RB:  100'600   23'341  109'995   24'137   25'159   25'128  102'398  104'468   21'456   23'250
  ZERO_HALF_RBP:      539      589      555      651      647      796      471      566      622      525

LNS stats           Improv/Calls  Closed  Difficulty  TimeLimit
  'graph_arc_lns':           6/6     17%        0.10       0.10
  'graph_cst_lns':           3/5     20%        0.15       0.10
  'graph_dec_lns':           3/5      0%        0.06       0.10
  'graph_var_lns':           4/6     33%        0.29       0.10
      'rins/rens':           1/1      0%        0.29       0.10
    'rnd_cst_lns':           4/6      0%        0.04       0.10
    'rnd_var_lns':           6/6      0%        0.04       0.10

LS stats                   Batches  Restarts  LinMoves  GenMoves  CompoundMoves  WeightUpdates
       'fj_long_default':        1         1     8'986         0              0            637
   'fj_long_lin_default':        3         1         0     8'376            806             17
        'fj_long_random':        2         1    13'472         0              0          1'043
      'fj_short_default':        3         1         0     8'711            738             27
  'fj_short_lin_default':        2         1         0     9'214            666             10
   'fj_short_lin_random':        2         1         0     8'103            855             16
       'fj_short_random':        2         1         0     7'315            725             22
          'violation_ls':        6         0        20       210             30             14
          'violation_ls':        6         0        31       141             15             20
          'violation_ls':        6         0        37        79             15             23

Solutions (48)            Num     Rank
                 'core':    9  [28,41]
      'fj_long_default':    1    [1,1]
        'graph_arc_lns':    1  [17,17]
        'graph_var_lns':    1  [10,10]
  'quick_restart_no_lp':   20  [20,48]
         'violation_ls':   16   [2,19]

Objective bounds                     Num
                  'initial_domain':    1
                  'lb_tree_search':    3
                          'max_lp':    2
      'objective_lb_search_max_lp':   11
  'objective_shaving_search_no_lp':    6
                   'quick_restart':    1
                   'reduced_costs':    1

Solution repositories    Added  Queried  Ignored  Synchro
  'feasible solutions':     86       89        0       85
        'lp solutions':      0        0        0        0
                'pump':      1        1

Improving bounds shared               Num
                           'core':  1'245
                     'default_lp':     56
                'fs_random_no_lp':      6
  'fs_random_quick_restart_no_lp':      2
                         'max_lp':    156
                          'no_lp':  1'756
     'objective_lb_search_max_lp':     50
      'objective_lb_search_no_lp':  1'801
                        'probing':    113
                 'probing_max_lp':    162
                   'pseudo_costs':     47
                  'quick_restart':     24
            'quick_restart_no_lp':  1'990
                  'reduced_costs':     74

Clauses shared                    Num
                       'core':  1'372
                 'default_lp':      1
                      'no_lp':  1'994
        'objective_lb_search':      1
  'objective_lb_search_no_lp':  1'769
              'quick_restart':      1
        'quick_restart_no_lp':  1'638
              'reduced_costs':      2

CpSolverResponse summary:
status: FEASIBLE
objective: 553250
best_bound: 337550
integers: 1731
booleans: 1451
conflicts: 0
branches: 2902
propagations: 65588
integer_propagations: 165633
restarts: 2902
lp_iterations: 20
walltime: 21600.2
usertime: 21600.2
deterministic_time: 88294.8
gap_integral: 1.0844e+06
solution_fingerprint: 0xdd6bdba0a2e6c83e

CPU USED: 32
Loading /home/aneumann/projects/def-adhaj/aneumann/gns/data/instances/test/l/instance_158.pkl...
===* START SOLVING *===
   index   value       gap    status  computing_time  max_time  cpu  max_memory
0    158  5532.5  0.389878  feasible    21600.825905         6   32         118
===* END OF FILE *===
