created virtual environment CPython3.12.4.final.0-64 in 838ms
  creator CPython3Posix(dest=/localscratch/aneumann.37168006.0/env, clear=False, no_vcs_ignore=False, global=False)
  seeder FromAppData(download=False, pip=bundle, via=copy, app_data_dir=/home/aneumann/.local/share/virtualenv)
    added seed packages: pip==24.2+computecanada
  activators BashActivator,CShellActivator,FishActivator,NushellActivator,PowerShellActivator,PythonActivator
Looking in links: /cvmfs/soft.computecanada.ca/custom/python/wheelhouse/gentoo2023/x86-64-v3, /cvmfs/soft.computecanada.ca/custom/python/wheelhouse/gentoo2023/generic, /cvmfs/soft.computecanada.ca/custom/python/wheelhouse/generic
Requirement already satisfied: pip in /localscratch/aneumann.37168006.0/env/lib/python3.12/site-packages (24.2+computecanada)
Looking in links: /cvmfs/soft.computecanada.ca/custom/python/wheelhouse/gentoo2023/x86-64-v3, /cvmfs/soft.computecanada.ca/custom/python/wheelhouse/gentoo2023/generic, /cvmfs/soft.computecanada.ca/custom/python/wheelhouse/generic
ERROR: protobuf-5.28.3-cp38-abi3-manylinux2014_x86_64.whl is not a supported wheel on this platform.
Looking in links: /cvmfs/soft.computecanada.ca/custom/python/wheelhouse/gentoo2023/x86-64-v3, /cvmfs/soft.computecanada.ca/custom/python/wheelhouse/gentoo2023/generic, /cvmfs/soft.computecanada.ca/custom/python/wheelhouse/generic
Processing /home/aneumann/projects/def-adhaj/aneumann/gns/wheels/immutabledict-4.2.0-py3-none-any.whl
Installing collected packages: immutabledict
Successfully installed immutabledict-4.2.0
Looking in links: /cvmfs/soft.computecanada.ca/custom/python/wheelhouse/gentoo2023/x86-64-v3, /cvmfs/soft.computecanada.ca/custom/python/wheelhouse/gentoo2023/generic, /cvmfs/soft.computecanada.ca/custom/python/wheelhouse/generic
Processing /cvmfs/soft.computecanada.ca/custom/python/wheelhouse/generic/ortools-9.10.4067+computecanada-cp312-cp312-linux_x86_64.whl (from -r /home/aneumann/projects/def-adhaj/aneumann/gns/requirements_or.txt (line 1))
Processing /cvmfs/soft.computecanada.ca/custom/python/wheelhouse/gentoo2023/x86-64-v3/pandas-2.2.2+computecanada-cp312-cp312-linux_x86_64.whl (from -r /home/aneumann/projects/def-adhaj/aneumann/gns/requirements_or.txt (line 2))
Processing /cvmfs/soft.computecanada.ca/custom/python/wheelhouse/generic/absl_py-2.1.0+computecanada-py3-none-any.whl (from ortools->-r /home/aneumann/projects/def-adhaj/aneumann/gns/requirements_or.txt (line 1))
Processing /cvmfs/soft.computecanada.ca/custom/python/wheelhouse/gentoo2023/generic/numpy-2.1.1+computecanada-cp312-cp312-linux_x86_64.whl (from ortools->-r /home/aneumann/projects/def-adhaj/aneumann/gns/requirements_or.txt (line 1))
Processing /cvmfs/soft.computecanada.ca/custom/python/wheelhouse/gentoo2023/x86-64-v3/protobuf-5.28.0+computecanada-cp312-cp312-linux_x86_64.whl (from ortools->-r /home/aneumann/projects/def-adhaj/aneumann/gns/requirements_or.txt (line 1))
Requirement already satisfied: immutabledict>=3.0.0 in /localscratch/aneumann.37168006.0/env/lib/python3.12/site-packages (from ortools->-r /home/aneumann/projects/def-adhaj/aneumann/gns/requirements_or.txt (line 1)) (4.2.0)
Processing /cvmfs/soft.computecanada.ca/custom/python/wheelhouse/generic/python_dateutil-2.9.0.post0+computecanada-py2.py3-none-any.whl (from pandas->-r /home/aneumann/projects/def-adhaj/aneumann/gns/requirements_or.txt (line 2))
Processing /cvmfs/soft.computecanada.ca/custom/python/wheelhouse/generic/pytz-2024.2+computecanada-py2.py3-none-any.whl (from pandas->-r /home/aneumann/projects/def-adhaj/aneumann/gns/requirements_or.txt (line 2))
Processing /cvmfs/soft.computecanada.ca/custom/python/wheelhouse/generic/tzdata-2024.2+computecanada-py2.py3-none-any.whl (from pandas->-r /home/aneumann/projects/def-adhaj/aneumann/gns/requirements_or.txt (line 2))
Processing /cvmfs/soft.computecanada.ca/custom/python/wheelhouse/generic/six-1.16.0+computecanada-py2.py3-none-any.whl (from python-dateutil>=2.8.2->pandas->-r /home/aneumann/projects/def-adhaj/aneumann/gns/requirements_or.txt (line 2))
Installing collected packages: pytz, tzdata, six, protobuf, numpy, absl-py, python-dateutil, pandas, ortools
Successfully installed absl-py-2.1.0+computecanada numpy-2.1.1+computecanada ortools-9.10.4067+computecanada pandas-2.2.2+computecanada protobuf-5.28.0+computecanada python-dateutil-2.9.0.post0+computecanada pytz-2024.2+computecanada six-1.16.0+computecanada tzdata-2024.2+computecanada

Starting CP-SAT solver v9.10.4067
Parameters: max_time_in_seconds: 28800 max_memory_in_mb: 118 log_search_progress: true optimize_with_core: true cp_model_presolve: true enumerate_all_solutions: false num_search_workers: 32 use_implied_bounds: true absolute_gap_limit: 5 relative_gap_limit: 0.01 use_probing_search: true

Initial optimization model '': (model_fingerprint: 0x839414ef7ee17f7c)
#Variables: 3'778 (#bools: 34 #ints: 1 in objective)
  - 3'312 Booleans in [0,1]
  - 465 in [0,300000]
  - 1 constants in {1} 
#kBoolOr: 2'280 (#literals: 2'280)
#kLinear1: 711
#kLinear2: 11'150
#kLinear3: 2'183
#kLinearN: 752 (#terms: 8'304)

Starting presolve at 0.00s
  2.96e-03s  0.00e+00d  [DetectDominanceRelations] 
  8.91e-02s  0.00e+00d  [PresolveToFixPoint] #num_loops=15 #num_dual_strengthening=3 
  8.49e-05s  0.00e+00d  [ExtractEncodingFromLinear] #potential_supersets=268 
[Symmetry] Graph for symmetry has 12'818 nodes and 26'732 arcs.
[Symmetry] Symmetry computation done. time: 0.00252837 dtime: 0.00351177
[Symmetry] #generators: 4, average support size: 2
[Symmetry] 4 orbits with sizes: 2,2,2,2
[Symmetry] Found orbitope of size 1 x 2
[SAT presolve] num removable Booleans: 0 / 1981
[SAT presolve] num trivial clauses: 0
[SAT presolve] [0s] clauses:3458 literals:6916 vars:1941 one_side_vars:1905 simple_definition:24 singleton_clauses:0
[SAT presolve] [0.000253266s] clauses:3458 literals:6916 vars:1941 one_side_vars:1905 simple_definition:24 singleton_clauses:0
[SAT presolve] [0.000394121s] clauses:3458 literals:6916 vars:1941 one_side_vars:1905 simple_definition:24 singleton_clauses:0
  8.98e-01s  2.15e-01d  [Probe] #probed=4'746 #fixed_bools=112 #new_bounds=228 
  6.01e-03s  0.00e+00d  [MaxClique] Merged 3722(10644 literals) into 1271(8380 literals) at_most_ones. 
  2.56e-03s  0.00e+00d  [DetectDominanceRelations] 
  2.01e-02s  0.00e+00d  [PresolveToFixPoint] #num_loops=4 #num_dual_strengthening=3 
  3.80e-03s  0.00e+00d  [ProcessAtMostOneAndLinear] #num_changes=83 
  2.57e-03s  0.00e+00d  [DetectDuplicateConstraints] #duplicates=2 #without_enforcements=2 
  5.16e-04s  2.63e-05d  [DetectDominatedLinearConstraints] #relevant_constraints=1'825 
  5.87e-04s  0.00e+00d  [DetectDifferentVariables] #different=23 
  1.03e-03s  3.61e-04d  [ProcessSetPPC] #relevant_constraints=1'211 #num_inclusions=970 
  6.94e-05s  0.00e+00d  [FindAlmostIdenticalLinearConstraints] 
  4.02e-03s  7.00e-03d  [FindBigAtMostOneAndLinearOverlap] 
  1.04e-03s  3.36e-03d  [FindBigVerticalLinearOverlap] 
  2.69e-04s  8.25e-04d  [FindBigHorizontalLinearOverlap] #linears=103 
  7.36e-05s  0.00e+00d  [MergeClauses] 
  2.51e-03s  0.00e+00d  [DetectDominanceRelations] 
  1.23e-02s  0.00e+00d  [PresolveToFixPoint] #num_loops=4 #num_dual_strengthening=3 
  2.49e-03s  0.00e+00d  [DetectDominanceRelations] 
  9.65e-03s  0.00e+00d  [PresolveToFixPoint] #num_loops=1 #num_dual_strengthening=1 
[Symmetry] Graph for symmetry has 9'738 nodes and 18'701 arcs.
[Symmetry] Symmetry computation done. time: 0.00152046 dtime: 0.00218877
[Symmetry] #generators: 3, average support size: 2
[Symmetry] The model contains 2 duplicate constraints !
[Symmetry] 3 orbits with sizes: 2,2,2
[Symmetry] Found orbitope of size 1 x 2
[SAT presolve] num removable Booleans: 0 / 1862
[SAT presolve] num trivial clauses: 0
[SAT presolve] [0s] clauses:28 literals:56 vars:41 one_side_vars:34 simple_definition:7 singleton_clauses:0
[SAT presolve] [3.3042e-05s] clauses:28 literals:56 vars:41 one_side_vars:34 simple_definition:7 singleton_clauses:0
[SAT presolve] [7.5922e-05s] clauses:28 literals:56 vars:41 one_side_vars:34 simple_definition:7 singleton_clauses:0
  1.93e-01s  4.49e-02d  [Probe] #probed=4'628 #new_bounds=104 
  3.10e-03s  0.00e+00d  [MaxClique] Merged 1037(6821 literals) into 1037(6836 literals) at_most_ones. 
  2.47e-03s  0.00e+00d  [DetectDominanceRelations] 
  1.73e-02s  0.00e+00d  [PresolveToFixPoint] #num_loops=4 #num_dual_strengthening=3 
  3.45e-03s  0.00e+00d  [ProcessAtMostOneAndLinear] 
  2.44e-03s  0.00e+00d  [DetectDuplicateConstraints] #duplicates=10 
  4.76e-04s  2.62e-05d  [DetectDominatedLinearConstraints] #relevant_constraints=1'821 
  5.60e-04s  0.00e+00d  [DetectDifferentVariables] #different=23 
  9.13e-04s  3.52e-04d  [ProcessSetPPC] #relevant_constraints=1'141 #num_inclusions=894 
  7.39e-05s  0.00e+00d  [FindAlmostIdenticalLinearConstraints] 
  3.99e-03s  7.00e-03d  [FindBigAtMostOneAndLinearOverlap] 
  1.07e-03s  3.36e-03d  [FindBigVerticalLinearOverlap] 
  2.63e-04s  8.01e-04d  [FindBigHorizontalLinearOverlap] #linears=100 
  7.64e-05s  0.00e+00d  [MergeClauses] 
  2.43e-03s  0.00e+00d  [DetectDominanceRelations] 
  9.65e-03s  0.00e+00d  [PresolveToFixPoint] #num_loops=1 #num_dual_strengthening=1 
  2.51e-03s  0.00e+00d  [DetectDominanceRelations] 
  9.72e-03s  0.00e+00d  [PresolveToFixPoint] #num_loops=1 #num_dual_strengthening=1 
[Symmetry] Graph for symmetry has 9'738 nodes and 18'715 arcs.
[Symmetry] Symmetry computation done. time: 0.00150305 dtime: 0.00219513
[Symmetry] #generators: 2, average support size: 2
[Symmetry] 2 orbits with sizes: 2,2
[Symmetry] Found orbitope of size 1 x 2
[SAT presolve] num removable Booleans: 0 / 1862
[SAT presolve] num trivial clauses: 0
[SAT presolve] [0s] clauses:29 literals:58 vars:43 one_side_vars:36 simple_definition:7 singleton_clauses:0
[SAT presolve] [3.0147e-05s] clauses:29 literals:58 vars:43 one_side_vars:36 simple_definition:7 singleton_clauses:0
[SAT presolve] [7.3178e-05s] clauses:29 literals:58 vars:43 one_side_vars:36 simple_definition:7 singleton_clauses:0
  1.81e-01s  4.26e-02d  [Probe] #probed=4'628 #new_bounds=16 
  3.06e-03s  0.00e+00d  [MaxClique] Merged 1038(6837 literals) into 1038(6838 literals) at_most_ones. 
  2.46e-03s  0.00e+00d  [DetectDominanceRelations] 
  1.23e-02s  0.00e+00d  [PresolveToFixPoint] #num_loops=4 #num_dual_strengthening=3 
  3.36e-03s  0.00e+00d  [ProcessAtMostOneAndLinear] 
  2.34e-03s  0.00e+00d  [DetectDuplicateConstraints] #duplicates=8 
  4.77e-04s  2.62e-05d  [DetectDominatedLinearConstraints] #relevant_constraints=1'821 
  5.45e-04s  0.00e+00d  [DetectDifferentVariables] #different=23 
  8.87e-04s  3.52e-04d  [ProcessSetPPC] #relevant_constraints=1'142 #num_inclusions=894 
  6.74e-05s  0.00e+00d  [FindAlmostIdenticalLinearConstraints] 
  3.93e-03s  7.01e-03d  [FindBigAtMostOneAndLinearOverlap] 
  1.02e-03s  3.36e-03d  [FindBigVerticalLinearOverlap] 
  2.69e-04s  8.01e-04d  [FindBigHorizontalLinearOverlap] #linears=100 
  7.43e-05s  0.00e+00d  [MergeClauses] 
  2.45e-03s  0.00e+00d  [DetectDominanceRelations] 
  9.53e-03s  0.00e+00d  [PresolveToFixPoint] #num_loops=1 #num_dual_strengthening=1 
  1.55e-04s  0.00e+00d  [ExpandObjective] #entries=42 #tight_variables=15 #tight_constraints=4 

Presolve summary:
  - 113 affine relations were detected.
  - rule 'TODO dual: add implied bound' was applied 19 times.
  - rule 'TODO dual: only one blocking constraint?' was applied 40'257 times.
  - rule 'TODO dual: only one blocking enforced constraint?' was applied 19 times.
  - rule 'TODO dual: only one unspecified blocking constraint?' was applied 19 times.
  - rule 'TODO dual: tighten at most one' was applied 997 times.
  - rule 'TODO linear2: contains a Boolean.' was applied 19'304 times.
  - rule 'TODO symmetry: add symmetry breaking inequalities?' was applied 3 times.
  - rule 'affine: new relation' was applied 113 times.
  - rule 'at_most_one: removed literals' was applied 428 times.
  - rule 'at_most_one: singleton' was applied 3 times.
  - rule 'at_most_one: size one' was applied 167 times.
  - rule 'at_most_one: transformed into max clique.' was applied 1 time.
  - rule 'bool_and: fixed literals' was applied 1 time.
  - rule 'bool_and: removed duplicate literal' was applied 1 time.
  - rule 'bool_and: x => x' was applied 4 times.
  - rule 'bool_or: always true' was applied 2'280 times.
  - rule 'bool_or: implications' was applied 9'647 times.
  - rule 'deductions: 634 stored' was applied 1 time.
  - rule 'dual: add implication' was applied 52 times.
  - rule 'dual: enforced equivalence' was applied 4 times.
  - rule 'dual: fix variable' was applied 613 times.
  - rule 'dual: fix variable with multiple choices' was applied 4 times.
  - rule 'dual: reduced domain' was applied 295 times.
  - rule 'duplicate: merged rhs of linear constraint' was applied 2 times.
  - rule 'duplicate: removed constraint' was applied 20 times.
  - rule 'duplicate: removed enforced constraint' was applied 2 times.
  - rule 'enforcement: false literal' was applied 6'163 times.
  - rule 'enforcement: literal not used' was applied 17 times.
  - rule 'linear + amo: fixed literal implied by enforcement' was applied 83 times.
  - rule 'linear1: always true' was applied 5 times.
  - rule 'linear2: contains a Boolean.' was applied 16 times.
  - rule 'linear: always true' was applied 2'014 times.
  - rule 'linear: divide by GCD' was applied 6'974 times.
  - rule 'linear: empty' was applied 161 times.
  - rule 'linear: extracted enforcement literal' was applied 807 times.
  - rule 'linear: fixed or dup variables' was applied 2'075 times.
  - rule 'linear: negative clause' was applied 3'107 times.
  - rule 'linear: positive at most one' was applied 264 times.
  - rule 'linear: positive clause' was applied 6'540 times.
  - rule 'linear: positive equal one' was applied 4 times.
  - rule 'linear: reduced variable domains' was applied 1'301 times.
  - rule 'linear: remapped using affine relations' was applied 3'565 times.
  - rule 'linear: simplified rhs' was applied 26'442 times.
  - rule 'linear: singleton column' was applied 14 times.
  - rule 'objective: variable not used elsewhere' was applied 1 time.
  - rule 'presolve: 1403 unused variables removed.' was applied 1 time.
  - rule 'presolve: iteration' was applied 3 times.
  - rule 'setppc: removed dominated constraints' was applied 67 times.
  - rule 'symmetry: added symmetry breaking implication' was applied 3 times.

Presolved optimization model '': (model_fingerprint: 0xe718e3d1e746d5d7)
#Variables: 2'248 (#bools: 33 #ints: 1 in objective)
  - 1'862 Booleans in [0,1]
  - 110 different domains in [0,300000] with a largest complexity of 1.
#kAtMostOne: 1'009 (#literals: 6'779)
#kBoolAnd: 37 (#enforced: 37) (#literals: 74)
#kExactlyOne: 4 (#literals: 15)
#kLinear1: 7 (#enforced: 7)
#kLinear2: 934 (#enforced: 687 #multi: 9)
#kLinear3: 1'354 (#enforced: 10)
#kLinearN: 220 (#terms: 2'783)

Preloading model.
#Bound   1.55s best:inf   next:[542052,27638112] initial_domain
[Symmetry] Graph for symmetry has 8'210 nodes and 18'719 arcs.
[Symmetry] Symmetry computation done. time: 0.00134984 dtime: 0.00210231
[Symmetry] #generators: 1, average support size: 2
#Model   1.56s var:2248/2248 constraints:3565/3565

Starting search at 1.56s with 32 workers.
16 full problem subsolvers: [core, default_lp, lb_tree_search, max_lp, no_lp, objective_lb_search, objective_lb_search_max_lp, objective_lb_search_no_lp, objective_shaving_search_max_lp, objective_shaving_search_no_lp, probing, probing_max_lp, pseudo_costs, quick_restart, quick_restart_no_lp, reduced_costs]
14 first solution subsolvers: [fj_long_default, fj_long_lin_default, fj_long_random, fj_short_default, fj_short_lin_default, fj_short_lin_random, fj_short_random, fs_random(2), fs_random_no_lp(2), fs_random_quick_restart(2), fs_random_quick_restart_no_lp]
11 incomplete subsolvers: [feasibility_pump, graph_arc_lns, graph_cst_lns, graph_dec_lns, graph_var_lns, rins/rens, rnd_cst_lns, rnd_var_lns, violation_ls(3)]
3 helper subsolvers: [neighborhood_helper, synchronization_agent, update_gap_integral]
#Bound   1.78s best:inf   next:[542056,27638112] objective_shaving_search_no_lp (vars=2250 csts=3601)
#1       2.19s best:27638112 next:[542056,27638108] fj_long_default(batch:3 #lin_moves:24'325 #lin_evals:45'061 #weight_updates:2'401)
#2       2.20s best:27638020 next:[542056,27638016] violation_ls(batch:1 #solutions_imported:1 #lin_moves:0 #lin_evals:7'326 #gen_moves:76 #gen_evals:0 #comp_moves:8 #backtracks:34 #weight_updates:1)
#Bound   2.21s best:27638020 next:[542060,27638016] objective_shaving_search_max_lp (vars=2248 csts=3566)
#3       2.26s best:27637928 next:[542060,27637924] violation_ls(batch:1 #solutions_imported:1 #lin_moves:5 #lin_evals:47 #weight_updates:3)
#4       2.28s best:27637836 next:[542060,27637832] violation_ls(batch:2 #solutions_imported:2 #lin_moves:5 #lin_evals:12'263 #gen_moves:124 #gen_evals:0 #comp_moves:8 #backtracks:58 #weight_updates:5)
#5       2.29s best:27637744 next:[542060,27637740] violation_ls(batch:1 #solutions_imported:1 #lin_moves:0 #lin_evals:1'578 #gen_moves:11 #gen_evals:0 #comp_moves:5 #backtracks:3 #weight_updates:0)
#6       2.30s best:27637652 next:[542060,27637648] violation_ls(batch:2 #solutions_imported:2 #lin_moves:0 #lin_evals:12'748 #gen_moves:121 #gen_evals:0 #comp_moves:13 #backtracks:54 #weight_updates:2)
#Bound   2.45s best:27637652 next:[542064,27637648] objective_shaving_search_no_lp (vars=2248 csts=3566)
#7       2.45s best:27637560 next:[542064,27637556] violation_ls(batch:3 #solutions_imported:3 #lin_moves:0 #lin_evals:19'001 #gen_moves:170 #gen_evals:0 #comp_moves:18 #backtracks:76 #weight_updates:3)
#Bound   2.52s best:27637560 next:[542068,27637556] objective_shaving_search_no_lp (vars=2248 csts=3566)
#Bound   2.53s best:27637560 next:[542072,27637556] objective_shaving_search_max_lp (vars=2248 csts=3566)
#8       2.53s best:27637468 next:[542072,27637464] violation_ls(batch:4 #solutions_imported:4 #lin_moves:0 #lin_evals:29'779 #gen_moves:270 #gen_evals:0 #comp_moves:26 #backtracks:122 #weight_updates:5)
#9       2.54s best:27637376 next:[542072,27637372] violation_ls(batch:4 #solutions_imported:4 #lin_moves:5 #lin_evals:24'150 #gen_moves:234 #gen_evals:0 #comp_moves:18 #backtracks:108 #weight_updates:7)
#10      2.54s best:27637284 next:[542072,27637280] violation_ls(batch:4 #solutions_imported:4 #lin_moves:0 #lin_evals:27'535 #gen_moves:273 #gen_evals:0 #comp_moves:29 #backtracks:122 #weight_updates:4)
#Bound   2.82s best:27637284 next:[542076,27637280] objective_shaving_search_no_lp (vars=2248 csts=3566)
#Bound   2.83s best:27637284 next:[542080,27637280] objective_shaving_search_max_lp (vars=2248 csts=3566)
#11      2.83s best:27637192 next:[542080,27637188] violation_ls(batch:5 #solutions_imported:5 #lin_moves:5 #lin_evals:29'826 #gen_moves:270 #gen_evals:0 #comp_moves:26 #backtracks:122 #weight_updates:8)
#12      2.83s best:27637100 next:[542080,27637096] violation_ls(batch:5 #solutions_imported:5 #lin_moves:5 #lin_evals:30'497 #gen_moves:294 #gen_evals:0 #comp_moves:26 #backtracks:134 #weight_updates:8)
#13      2.83s best:27637008 next:[542080,27637004] violation_ls(batch:5 #solutions_imported:5 #lin_moves:5 #lin_evals:27'582 #gen_moves:273 #gen_evals:0 #comp_moves:29 #backtracks:122 #weight_updates:7)
#Bound   2.89s best:27637008 next:[548232,27637004] lb_tree_search
#14      2.89s best:27636788 next:[548232,27636784] graph_var_lns (d=0.81 s=83 t=0.10 p=1.00 stall=2 h=auto_l0)
#Bound   2.99s best:27636788 next:[549508,27636784] lb_tree_search
#Bound   3.03s best:27636788 next:[574620,27636784] default_lp
#15      3.04s best:27635396 next:[574620,27635392] graph_arc_lns (d=0.50 s=62 t=0.10 p=0.00 stall=0 h=auto_l0)
#Bound   3.77s best:27635396 next:[575892,27635392] probing
#Bound   3.81s best:27635396 next:[577348,27635392] objective_lb_search
#Bound   4.84s best:27635396 next:[577352,27635392] reduced_costs
#Bound   5.05s best:27635396 next:[577956,27635392] lb_tree_search
#Bound   5.22s best:27635396 next:[581764,27635392] lb_tree_search
#Bound   5.41s best:27635396 next:[595060,27635392] objective_lb_search_max_lp
#Bound   5.51s best:27635396 next:[601112,27635392] objective_lb_search_max_lp
#Bound   5.63s best:27635396 next:[609596,27635392] objective_lb_search_max_lp
#Bound   5.75s best:27635396 next:[614164,27635392] objective_lb_search_max_lp
#Bound   5.88s best:27635396 next:[617888,27635392] objective_lb_search_max_lp
#Bound   6.01s best:27635396 next:[621708,27635392] objective_lb_search_max_lp
#Bound   6.15s best:27635396 next:[631824,27635392] objective_lb_search_max_lp
#Bound   6.29s best:27635396 next:[636440,27635392] objective_lb_search_max_lp
#Bound   6.43s best:27635396 next:[638796,27635392] objective_lb_search_max_lp
#Bound   6.55s best:27635396 next:[640164,27635392] objective_lb_search_max_lp
#Bound   6.60s best:27635396 next:[641212,27635392] pseudo_costs
#Bound   6.93s best:27635396 next:[645928,27635392] pseudo_costs [skipped_logs=3]
#Bound   7.22s best:27635396 next:[645960,27635392] pseudo_costs [skipped_logs=1]
#Bound   9.06s best:27635396 next:[646412,27635392] max_lp [skipped_logs=4]
#Bound   9.74s best:27635396 next:[646504,27635392] pseudo_costs [skipped_logs=1]
#Bound  10.83s best:27635396 next:[646612,27635392] max_lp [skipped_logs=3]
#Bound  11.97s best:27635396 next:[646756,27635392] objective_lb_search_max_lp [skipped_logs=5]
#Bound  12.88s best:27635396 next:[647144,27635392] max_lp [skipped_logs=5]
#Bound  13.96s best:27635396 next:[647360,27635392] objective_lb_search_max_lp [skipped_logs=4]
#Bound  14.90s best:27635396 next:[648716,27635392] objective_lb_search_max_lp [skipped_logs=4]
#Bound  15.90s best:27635396 next:[649776,27635392] objective_lb_search_max_lp [skipped_logs=4]
#Bound  16.93s best:27635396 next:[650756,27635392] objective_lb_search_max_lp [skipped_logs=5]
#Bound  17.95s best:27635396 next:[650896,27635392] objective_lb_search_max_lp [skipped_logs=4]
#Bound  18.59s best:27635396 next:[651532,27635392] objective_lb_search_max_lp [skipped_logs=1]
#16     23.68s best:27633612 next:[651532,27633608] quick_restart_no_lp (fixed_bools=118/3240)
#17     23.85s best:27632972 next:[651532,27632968] quick_restart_no_lp (fixed_bools=118/3250)
#Model  25.43s var:2247/2248 constraints:3565/3565
#18     26.32s best:27631404 next:[651532,27631400] quick_restart_no_lp (fixed_bools=120/3291)
#Model  32.24s var:2246/2248 constraints:3564/3565
#Model  70.08s var:2245/2248 constraints:3564/3565
#Model 176.00s var:2244/2248 constraints:3564/3565
#19    357.57s best:27630908 next:[651532,27630904] quick_restart_no_lp (fixed_bools=254/3946)
#20    567.88s best:27628220 next:[651532,27628216] quick_restart_no_lp (fixed_bools=273/4249)
#21    576.48s best:27627644 next:[651532,27627640] quick_restart_no_lp (fixed_bools=278/4330)
#22    946.11s best:27626012 next:[651532,27626008] quick_restart_no_lp (fixed_bools=302/5117)
#23    1114.28s best:27625308 next:[651532,27625304] quick_restart_no_lp (fixed_bools=310/5478)
#24    1215.03s best:27624316 next:[651532,27624312] quick_restart_no_lp (fixed_bools=318/5704)
#25    1380.22s best:27623420 next:[651532,27623416] quick_restart_no_lp (fixed_bools=326/6168)
#26    2261.22s best:27622988 next:[651532,27622984] quick_restart_no_lp (fixed_bools=374/7683)
#27    2585.01s best:27622036 next:[651532,27622032] quick_restart_no_lp (fixed_bools=390/8395)
#28    3694.66s best:27621084 next:[651532,27621080] quick_restart_no_lp (fixed_bools=438/10393)
#29    4027.07s best:27620396 next:[651532,27620392] quick_restart_no_lp (fixed_bools=451/11585)
#30    4848.44s best:27619572 next:[651532,27619568] quick_restart_no_lp (fixed_bools=486/13611)
#31    6387.13s best:27619044 next:[651532,27619040] quick_restart_no_lp (fixed_bools=550/15674)
#32    7003.52s best:27618580 next:[651532,27618576] quick_restart_no_lp (fixed_bools=574/16696)
#33    7231.55s best:27617140 next:[651532,27617136] quick_restart_no_lp (fixed_bools=582/17070)
#34    7475.44s best:2451476 next:[651532,2451472] no_lp (fixed_bools=658/3888)
#35    7543.71s best:2449692 next:[651532,2449688] quick_restart_no_lp (fixed_bools=3938/18237)
#36    7545.78s best:2448220 next:[651532,2448216] quick_restart_no_lp (fixed_bools=3938/18248)
#37    7695.11s best:2447644 next:[651532,2447640] quick_restart_no_lp (fixed_bools=3963/18713)
#38    7711.33s best:2446692 next:[651532,2446688] quick_restart_no_lp (fixed_bools=3964/18788)
#39    7715.41s best:2380356 next:[651532,2380352] no_lp (fixed_bools=1051/4497)
#40    7715.43s best:2340612 next:[651532,2340608] no_lp (fixed_bools=1051/4524)
#41    7715.44s best:2314208 next:[651532,2314204] no_lp (fixed_bools=1051/4532)
#42    7715.45s best:2314116 next:[651532,2314112] no_lp (fixed_bools=1051/4533)
#43    7717.08s best:2313860 next:[651532,2313856] no_lp (fixed_bools=1053/4633)
#44    7717.22s best:2312292 next:[651532,2312288] no_lp (fixed_bools=1054/4649)
#45    7718.04s best:2311076 next:[651532,2311072] no_lp (fixed_bools=1054/4667)
#46    7718.14s best:2309764 next:[651532,2309760] quick_restart_no_lp (fixed_bools=3964/19123)
#47    7738.11s best:2307716 next:[651532,2307712] quick_restart_no_lp (fixed_bools=4481/19275)
#48    7755.43s best:2305932 next:[651532,2305928] quick_restart_no_lp (fixed_bools=4522/19332)
#49    8116.91s best:2305244 next:[651532,2305240] quick_restart_no_lp (fixed_bools=4552/20422)
#50    8126.25s best:2304540 next:[651532,2304536] quick_restart_no_lp (fixed_bools=4552/20437)
#51    8129.19s best:2304012 next:[651532,2304008] quick_restart_no_lp (fixed_bools=4577/20490)
#52    8286.40s best:2249292 next:[651532,2249288] no_lp (fixed_bools=1528/5435)
#53    8320.29s best:2248588 next:[651532,2248584] quick_restart_no_lp (fixed_bools=5134/21041)
#54    8496.51s best:2247596 next:[651532,2247592] quick_restart_no_lp (fixed_bools=5144/21484)
#55    8503.83s best:2247020 next:[651532,2247016] quick_restart_no_lp (fixed_bools=5144/21499)
#56    9553.43s best:2241916 next:[651532,2241912] no_lp (fixed_bools=1975/7390)
#57    9553.46s best:2212752 next:[651532,2212748] no_lp (fixed_bools=1975/7393)
#58    9682.26s best:2210968 next:[651532,2210964] quick_restart_no_lp (fixed_bools=5716/23706)
#59    9740.22s best:2209752 next:[651532,2209748] quick_restart_no_lp (fixed_bools=5801/23991)
#60    9953.45s best:2185712 next:[651532,2185708] no_lp (fixed_bools=2487/9610)
#61    9953.50s best:2122012 next:[651532,2122008] no_lp (fixed_bools=2487/9620)
#62    9954.99s best:2116860 next:[651532,2116856] no_lp (fixed_bools=2487/9634)
#63    9960.01s best:2072884 next:[651532,2072880] no_lp (fixed_bools=2487/9642)
#64    10355.17s best:1978908 next:[651532,1978904] no_lp (fixed_bools=3309/11554)
#65    10824.27s best:1620372 next:[651532,1620368] no_lp (fixed_bools=4050/13025)
#66    10824.93s best:1476540 next:[651532,1476536] no_lp (fixed_bools=4050/13154)
#67    10825.09s best:1474748 next:[651532,1474744] no_lp (fixed_bools=4050/13174)
#Bound 11249.20s best:1474748 next:[651536,1474744] lb_tree_search
#Bound 11252.16s best:1474748 next:[651544,1474744] lb_tree_search
#Bound 11252.56s best:1474748 next:[651568,1474744] lb_tree_search
#Bound 11253.21s best:1474748 next:[651580,1474744] lb_tree_search
#Bound 11253.49s best:1474748 next:[651624,1474744] lb_tree_search
#68    12787.99s best:1474220 next:[651624,1474216] quick_restart_no_lp (fixed_bools=10309/26204)
#69    12789.93s best:1473580 next:[651624,1473576] quick_restart_no_lp (fixed_bools=10309/26237)
#70    13257.37s best:1472876 next:[651624,1472872] quick_restart_no_lp (fixed_bools=10354/27064)
#71    13404.61s best:1471092 next:[651624,1471088] quick_restart_no_lp (fixed_bools=10420/27223)
#72    13538.02s best:1470660 next:[651624,1470656] quick_restart_no_lp (fixed_bools=10475/27612)
#73    13706.12s best:1469972 next:[651624,1469968] quick_restart_no_lp (fixed_bools=10494/28086)
#74    14842.20s best:1469860 next:[651624,1469856] quick_restart_no_lp (fixed_bools=10513/29609)
#75    15916.06s best:1468908 next:[651624,1468904] quick_restart_no_lp (fixed_bools=10532/31358)
#76    16335.16s best:1428680 next:[651624,1428676] core (fixed_bools=3344/7738)
#77    16337.80s best:1423160 next:[651624,1423156] core (fixed_bools=3344/7754)
#78    16338.26s best:1421376 next:[651624,1421372] core (fixed_bools=3344/7799)
#79    16338.34s best:1408956 next:[651624,1408952] core (fixed_bools=3344/7864)
#80    16338.52s best:1408012 next:[651624,1408008] quick_restart_no_lp (fixed_bools=10616/32154)
#81    16338.75s best:1367280 next:[651624,1367276] core (fixed_bools=3344/7887)
#82    16338.76s best:1366336 next:[651624,1366332] quick_restart_no_lp (fixed_bools=10616/32181)
#83    16382.09s best:1364864 next:[651624,1364860] quick_restart_no_lp (fixed_bools=12014/32375)
#84    16573.90s best:1364288 next:[651624,1364284] quick_restart_no_lp (fixed_bools=12019/32882)
#85    16609.63s best:1363904 next:[651624,1363900] quick_restart_no_lp (fixed_bools=12091/32929)
#86    16762.47s best:1354104 next:[651624,1354100] core (fixed_bools=3977/11019)
#87    16780.64s best:1304188 next:[651624,1304184] core (fixed_bools=3977/11612)
#88    16782.95s best:1303548 next:[651624,1303544] core (fixed_bools=3977/11625)
#89    16785.82s best:1302556 next:[651624,1302552] quick_restart_no_lp (fixed_bools=12093/34160)
#Model 16790.16s var:2243/2248 constraints:3555/3565
#90    16947.02s best:1285876 next:[651624,1285872] core (fixed_bools=4630/12348)
#91    16961.12s best:1284752 next:[651624,1284748] core (fixed_bools=4947/12393)
#92    16961.49s best:1283856 next:[651624,1283852] core (fixed_bools=4947/12415)
#93    16969.16s best:1283424 next:[651624,1283420] quick_restart_no_lp (fixed_bools=14080/35160)
#94    16971.73s best:1280160 next:[651624,1280156] core (fixed_bools=4947/12482)
#95    16974.98s best:1266756 next:[651624,1266752] core (fixed_bools=4947/12514)
#96    16981.87s best:1262064 next:[651624,1262060] core (fixed_bools=4947/12565)
#97    17169.80s best:1067208 next:[651624,1067204] core (fixed_bools=5134/13389)
#Model 17215.05s var:2232/2248 constraints:3548/3565
#Model 17215.25s var:2231/2248 constraints:3547/3565
#Model 17215.35s var:2229/2248 constraints:3543/3565
#Model 17215.46s var:2228/2248 constraints:3543/3565
#Model 17215.56s var:2227/2248 constraints:3542/3565
#Model 17216.47s var:2226/2248 constraints:3541/3565
#Model 17218.60s var:2225/2248 constraints:3541/3565
#98    17521.69s best:1065872 next:[651624,1065868] quick_restart_no_lp (fixed_bools=17087/37150)
#99    17559.61s best:1005552 next:[651624,1005548] core (fixed_bools=6468/14593)
#Model 17575.68s var:2215/2248 constraints:3536/3565
#Model 17575.78s var:2209/2248 constraints:3532/3565
#Model 17579.02s var:2208/2248 constraints:3531/3565
#Model 17579.12s var:2207/2248 constraints:3531/3565
#Model 17579.43s var:2206/2248 constraints:3531/3565
#100   17978.79s best:965852 next:[651624,965848] core (fixed_bools=7189/16763)
#Model 18019.64s var:2193/2248 constraints:3508/3565
#Model 18020.04s var:2190/2248 constraints:3506/3565
#101   18485.21s best:953980 next:[651624,953976] no_lp (fixed_bools=10012/20076)
#Model 18495.75s var:2186/2248 constraints:3504/3565
#Model 18501.41s var:2185/2248 constraints:3504/3565
#102   19226.41s best:953484 next:[651624,953480] quick_restart_no_lp (fixed_bools=19442/39299)
#103   19550.78s best:928584 next:[651624,928580] core (fixed_bools=8363/18942)
#104   19555.34s best:928520 next:[651624,928516] core (fixed_bools=8363/18964)
#Model 19573.74s var:2177/2248 constraints:3495/3565
#Model 19573.85s var:2176/2248 constraints:3493/3565
#Model 19574.86s var:2175/2248 constraints:3492/3565
#Bound 19606.01s best:928520 next:[651628,928516] probing_max_lp
#Bound 19609.76s best:928520 next:[651668,928516] probing_max_lp
#Bound 19609.84s best:928520 next:[651684,928516] probing_max_lp
#Bound 19610.41s best:928520 next:[651696,928516] probing_max_lp
#Bound 19610.79s best:928520 next:[651700,928516] probing_max_lp
#Bound 19611.52s best:928520 next:[651704,928516] probing_max_lp
#Bound 19612.05s best:928520 next:[651716,928516] probing_max_lp
#105   19714.07s best:927944 next:[651716,927940] quick_restart_no_lp (fixed_bools=19884/40265)
#106   19979.95s best:924240 next:[651716,924236] core (fixed_bools=9057/20526)
#Model 19992.09s var:2170/2248 constraints:3489/3565
#Model 20001.89s var:2168/2248 constraints:3487/3565
#107   20248.50s best:923024 next:[651716,923020] quick_restart_no_lp (fixed_bools=20159/41227)
#108   20278.70s best:921584 next:[651716,921580] quick_restart_no_lp (fixed_bools=20183/41284)
#109   22169.59s best:920896 next:[651716,920892] quick_restart_no_lp (fixed_bools=20272/42000)
#Model 22172.00s var:2167/2248 constraints:3487/3565
#110   23079.58s best:919712 next:[651716,919708] quick_restart_no_lp (fixed_bools=20364/42565)
#111   23269.64s best:919248 next:[651716,919244] core (fixed_bools=9785/27116)
#112   24773.54s best:917976 next:[651716,917972] quick_restart_no_lp (fixed_bools=20462/43418)
#113   25745.46s best:916344 next:[651716,916340] quick_restart_no_lp (fixed_bools=20482/43882)
#Model 25751.26s var:2166/2248 constraints:3487/3565
#114   26015.96s best:894952 next:[651716,894948] core (fixed_bools=10329/33447)
#Model 26037.81s var:2156/2248 constraints:3462/3565
#Model 26040.87s var:2155/2248 constraints:3462/3565
#Model 26044.04s var:2154/2248 constraints:3462/3565
#115   26160.40s best:894376 next:[651716,894372] quick_restart_no_lp (fixed_bools=21495/44806)
#116   26177.50s best:892936 next:[651716,892932] quick_restart_no_lp (fixed_bools=21628/44832)
#Model 26183.89s var:2148/2248 constraints:3460/3565
#117   26571.40s best:891624 next:[651716,891620] quick_restart_no_lp (fixed_bools=21718/45180)
#Model 26583.44s var:2146/2248 constraints:3459/3565
#118   27449.71s best:883528 next:[651716,883524] no_lp (fixed_bools=14553/37576)
#Model 27458.52s var:2143/2248 constraints:3457/3565
#Model 27589.12s var:2142/2248 constraints:3456/3565
#119   27653.99s best:882312 next:[651716,882308] quick_restart_no_lp (fixed_bools=22255/46509)
#120   27659.56s best:881368 next:[651716,881364] quick_restart_no_lp (fixed_bools=22255/46515)
#Model 27666.85s var:2140/2248 constraints:3454/3565
#121   28108.57s best:880056 next:[651716,880052] quick_restart_no_lp (fixed_bools=22416/46973)
#122   28753.72s best:878272 next:[651716,878268] quick_restart_no_lp (fixed_bools=22482/47594)

Task timing                                  n [     min,      max]      avg      dev     time         n [     min,      max]      avg      dev    dtime
                             'core':         1 [   8.00h,    8.00h]    8.00h   0.00ns    8.00h         1 [   7.06h,    7.06h]    7.06h   0.00ns    7.06h
                       'default_lp':         1 [   8.00h,    8.00h]    8.00h   0.00ns    8.00h         1 [   1.50h,    1.50h]    1.50h   0.00ns    1.50h
                 'feasibility_pump':         5 [387.17ms,    3.59s]    2.54s    1.14s   12.70s         4 [751.21ms, 942.26ms] 840.49ms  74.94ms    3.36s
                  'fj_long_default':         3 [106.09ms, 287.86ms] 167.73ms  84.95ms 503.20ms         3 [ 23.05ms,  35.57ms]  31.22ms   5.78ms  93.65ms
              'fj_long_lin_default':         1 [293.73ms, 293.73ms] 293.73ms   0.00ns 293.73ms         1 [ 15.95ms,  15.95ms]  15.95ms   0.00ns  15.95ms
                   'fj_long_random':         1 [430.31ms, 430.31ms] 430.31ms   0.00ns 430.31ms         1 [ 35.01ms,  35.01ms]  35.01ms   0.00ns  35.01ms
                 'fj_short_default':         5 [ 37.08ms, 353.85ms] 120.53ms 117.42ms 602.63ms         5 [ 13.54ms,  24.22ms]  18.75ms   3.97ms  93.73ms
             'fj_short_lin_default':         4 [ 62.24ms, 204.39ms] 107.66ms  56.62ms 430.62ms         4 [ 14.97ms,  28.04ms]  21.51ms   4.74ms  86.05ms
              'fj_short_lin_random':         3 [ 40.28ms, 133.29ms]  73.70ms  42.24ms 221.09ms         3 [ 14.30ms,  16.34ms]  15.04ms 925.73us  45.11ms
                  'fj_short_random':         3 [ 54.66ms,  96.45ms]  68.59ms  19.70ms 205.78ms         3 [ 14.00ms,  18.74ms]  16.88ms   2.07ms  50.64ms
                        'fs_random':         1 [882.07ms, 882.07ms] 882.07ms   0.00ns 882.07ms         1 [ 20.00ns,  20.00ns]  20.00ns   0.00ns  20.00ns
                        'fs_random':         1 [884.09ms, 884.09ms] 884.09ms   0.00ns 884.09ms         1 [ 20.00ns,  20.00ns]  20.00ns   0.00ns  20.00ns
                  'fs_random_no_lp':         1 [717.71ms, 717.71ms] 717.71ms   0.00ns 717.71ms         0 [  0.00ns,   0.00ns]   0.00ns   0.00ns   0.00ns
                  'fs_random_no_lp':         1 [721.75ms, 721.75ms] 721.75ms   0.00ns 721.75ms         0 [  0.00ns,   0.00ns]   0.00ns   0.00ns   0.00ns
          'fs_random_quick_restart':         1 [   1.05s,    1.05s]    1.05s   0.00ns    1.05s         1 [ 20.00ns,  20.00ns]  20.00ns   0.00ns  20.00ns
          'fs_random_quick_restart':         1 [878.71ms, 878.71ms] 878.71ms   0.00ns 878.71ms         1 [ 20.00ns,  20.00ns]  20.00ns   0.00ns  20.00ns
    'fs_random_quick_restart_no_lp':         1 [803.17ms, 803.17ms] 803.17ms   0.00ns 803.17ms         0 [  0.00ns,   0.00ns]   0.00ns   0.00ns   0.00ns
                    'graph_arc_lns':         5 [509.50ms,    8.00h]    4.80h    3.92h   24.00h         3 [ 28.83us, 100.51ms]  66.87ms  47.26ms 200.60ms
                    'graph_cst_lns':         4 [312.32ms,    8.00h]    6.00h    3.46h   24.00h         2 [ 11.30us, 100.16ms]  50.09ms  50.08ms 100.17ms
                    'graph_dec_lns':         4 [241.51ms,    8.00h]    4.00h    4.00h   16.00h         3 [ 20.00ns, 100.17ms]  66.78ms  47.22ms 200.33ms
                    'graph_var_lns':         5 [173.54ms,    8.00h]    3.20h    3.92h   16.00h         4 [ 65.00ns, 100.21ms]  75.06ms  43.34ms 300.26ms
                   'lb_tree_search':         1 [   8.00h,    8.00h]    8.00h   0.00ns    8.00h         1 [   2.30h,    2.30h]    2.30h   0.00ns    2.30h
                           'max_lp':         1 [   8.00h,    8.00h]    8.00h   0.00ns    8.00h         1 [   1.40h,    1.40h]    1.40h   0.00ns    1.40h
                            'no_lp':         1 [   8.00h,    8.00h]    8.00h   0.00ns    8.00h         1 [   6.92h,    6.92h]    6.92h   0.00ns    6.92h
              'objective_lb_search':         1 [   8.00h,    8.00h]    8.00h   0.00ns    8.00h         1 [   1.44h,    1.44h]    1.44h   0.00ns    1.44h
       'objective_lb_search_max_lp':         1 [   8.00h,    8.00h]    8.00h   0.00ns    8.00h         1 [   1.44h,    1.44h]    1.44h   0.00ns    1.44h
        'objective_lb_search_no_lp':         1 [   8.00h,    8.00h]    8.00h   0.00ns    8.00h         1 [   6.94h,    6.94h]    6.94h   0.00ns    6.94h
  'objective_shaving_search_max_lp':         5 [  7.76ms, 261.19ms] 119.49ms 116.66ms 597.47ms         0 [  0.00ns,   0.00ns]   0.00ns   0.00ns   0.00ns
   'objective_shaving_search_no_lp':         5 [ 12.65ms, 464.31ms] 145.44ms 178.78ms 727.20ms         0 [  0.00ns,   0.00ns]   0.00ns   0.00ns   0.00ns
                          'probing':         1 [   8.00h,    8.00h]    8.00h   0.00ns    8.00h         1 [   1.43h,    1.43h]    1.43h   0.00ns    1.43h
                   'probing_max_lp':         1 [   8.00h,    8.00h]    8.00h   0.00ns    8.00h         1 [   1.26h,    1.26h]    1.26h   0.00ns    1.26h
                     'pseudo_costs':         1 [   8.00h,    8.00h]    8.00h   0.00ns    8.00h         1 [   1.16h,    1.16h]    1.16h   0.00ns    1.16h
                    'quick_restart':         1 [   8.00h,    8.00h]    8.00h   0.00ns    8.00h         1 [   1.49h,    1.49h]    1.49h   0.00ns    1.49h
              'quick_restart_no_lp':         1 [   8.00h,    8.00h]    8.00h   0.00ns    8.00h         1 [   6.59h,    6.59h]    6.59h   0.00ns    6.59h
                    'reduced_costs':         1 [   8.00h,    8.00h]    8.00h   0.00ns    8.00h         1 [   1.27h,    1.27h]    1.27h   0.00ns    1.27h
                        'rins/rens':         5 [315.83ms,    8.00h]    3.18h    3.90h   15.92h         5 [ 10.00ns, 100.68ms]  60.32ms  49.25ms 301.58ms
                      'rnd_cst_lns':         5 [304.51ms,    8.00h]    3.22h    3.91h   16.08h         4 [ 20.00ns, 100.13ms]  75.06ms  43.34ms 300.25ms
                      'rnd_var_lns':         5 [745.49ms,    8.00h]    6.40h    3.20h   32.00h         2 [145.00ns, 100.00ms]  50.00ms  50.00ms 100.00ms
                     'violation_ls':         5 [  2.61ms,  64.38ms]  19.49ms  24.02ms  97.47ms         5 [ 16.25us,   1.96ms] 977.10us 615.66us   4.89ms
                     'violation_ls':         5 [488.99us,  92.69ms]  25.53ms  34.91ms 127.65ms         5 [ 16.24us,   1.84ms] 941.48us 739.92us   4.71ms
                     'violation_ls':         5 [491.89us,  26.04ms]   7.46ms   9.43ms  37.32ms         5 [ 16.24us,   1.43ms] 898.91us 502.17us   4.49ms

Search stats                         Bools   Conflicts       Branches     Restarts      BoolPropag   IntegerPropag
                           'core':  38'683  14'838'974    658'156'438  101'452'880  39'626'368'714  26'048'485'810
                     'default_lp':   2'641          24         36'806       24'998       1'932'427       4'421'951
                      'fs_random':   1'869           0              2            2             573             758
                      'fs_random':   1'869           0              2            2             573             758
                'fs_random_no_lp':   1'869           0          2'020        2'020          39'192         175'410
                'fs_random_no_lp':   1'869           0            210          210           8'440          22'677
        'fs_random_quick_restart':   1'869           0              2            2             573             758
        'fs_random_quick_restart':   1'869           0            618          618          15'632          64'935
  'fs_random_quick_restart_no_lp':   1'869           0            694          694          16'875          71'011
                 'lb_tree_search':   2'641          17         64'559       38'965       3'339'934       7'596'695
                         'max_lp':   2'641          27         71'420       42'417       3'668'557       8'353'712
                          'no_lp':  40'128  11'178'990    644'472'208  100'525'759  53'451'082'411  25'115'521'939
            'objective_lb_search':   2'641          24         36'097       24'688       1'911'629       4'372'194
     'objective_lb_search_max_lp':   2'641          26         77'432       45'472       4'008'220       9'138'208
      'objective_lb_search_no_lp':   9'538  12'334'677    607'181'095  108'851'160  15'676'630'341  28'806'104'670
                        'probing':   2'641          24         34'916       24'483       1'906'239       4'255'904
                 'probing_max_lp':   2'641          17         62'929       38'570       3'340'632       7'533'707
                   'pseudo_costs':   2'641          22         74'731       44'066       3'812'109       8'766'537
                  'quick_restart':   2'641          26         35'198       24'228       1'849'331       4'205'900
            'quick_restart_no_lp':  47'646  15'428'655  1'038'038'623   86'471'711  88'570'478'719  22'810'065'628
                  'reduced_costs':   2'641          25         75'791       44'594       3'904'317       8'944'911

SAT stats                           ClassicMinim   LitRemoved     LitLearned   LitForgotten  Subsumed   MClauses  MDecisions  MLitTrue  MSubsumed  MLitRemoved  MReused
                           'core':    14'242'394  148'453'530  4'743'165'319  4'649'643'426   253'368    759'404   5'945'582         0      2'653       37'730  154'665
                     'default_lp':             2            3             26              0         0          0           0         0          0            0        0
                      'fs_random':             0            0              0              0         0          0           0         0          0            0        0
                      'fs_random':             0            0              0              0         0          0           0         0          0            0        0
                'fs_random_no_lp':             0            0              0              0         0          0           0         0          0            0        0
                'fs_random_no_lp':             0            0              0              0         0          0           0         0          0            0        0
        'fs_random_quick_restart':             0            0              0              0         0          0           0         0          0            0        0
        'fs_random_quick_restart':             0            0              0              0         0          0           0         0          0            0        0
  'fs_random_quick_restart_no_lp':             0            0              0              0         0          0           0         0          0            0        0
                 'lb_tree_search':             4            5             21              0         0          0           0         0          0            0        0
                         'max_lp':            12           17             39              0         0          0           0         0          0            0        0
                          'no_lp':    10'699'164  110'706'327  3'537'922'775  3'460'070'605   204'384    754'532   7'496'755         0      2'848       64'305  207'779
            'objective_lb_search':             4            7             28              0         0          0           0         0          0            0        0
     'objective_lb_search_max_lp':             5           11             32              0         0          0           0         0          0            0        0
      'objective_lb_search_no_lp':    12'054'876  133'301'148  4'561'128'419  4'525'318'863    73'485    926'633   4'866'989        31      2'343       10'417  186'199
                        'probing':             4            7             28              0         0          0           0         0          0            0        0
                 'probing_max_lp':             3            6             20              0         0          0           0         0          0            0        0
                   'pseudo_costs':             2            5             24              0         0          0           0         0          0            0        0
                  'quick_restart':             6            8             32              0         0          0           0         0          0            0        0
            'quick_restart_no_lp':    14'338'071  112'528'151  5'166'070'788  4'997'118'185   467'488  1'045'984   7'838'770        14      5'516       47'420  182'254
                  'reduced_costs':             5            5             30              0         0          0           0         0          0            0        0

Lp stats                         Component  Iterations  AddedCuts  OPTIMAL  DUAL_F.  DUAL_U.
                  'default_lp':          1  19'124'578  4'806'821  123'717    5'445        1
                   'fs_random':          1           0          0        0        0        0
                   'fs_random':          1           0          0        0        0        0
     'fs_random_quick_restart':          1           0          0        0        0        0
     'fs_random_quick_restart':          1           0          0        0        0        0
              'lb_tree_search':          1  19'549'919  1'328'410  136'738   37'183        0
                      'max_lp':          1  14'519'364  1'639'802  151'678   40'737        0
         'objective_lb_search':          1  18'103'075  4'653'184  122'060    4'944        0
  'objective_lb_search_max_lp':          1  14'474'760  2'014'078  163'578   43'668        0
                     'probing':          1  17'998'919  4'662'631  120'729    4'889        0
              'probing_max_lp':          1  10'503'365  1'735'524  141'016   34'340        0
                'pseudo_costs':          1  11'681'825  1'665'749  157'075   43'386        0
               'quick_restart':          1  18'251'487  4'714'063  120'124    5'095        0
               'reduced_costs':          1  13'602'430  1'618'908  156'721   43'784        0

Lp dimension                                                                         Final dimension of first component
                  'default_lp':   5747 rows, 2247 columns, 36691 entries with magnitude in [3.348421e-06, 1.000000e+00]
                   'fs_random':          0 rows, 2247 columns, 0 entries with magnitude in [0.000000e+00, 0.000000e+00]
                   'fs_random':          0 rows, 2247 columns, 0 entries with magnitude in [0.000000e+00, 0.000000e+00]
     'fs_random_quick_restart':          0 rows, 2247 columns, 0 entries with magnitude in [0.000000e+00, 0.000000e+00]
     'fs_random_quick_restart':          0 rows, 2247 columns, 0 entries with magnitude in [0.000000e+00, 0.000000e+00]
              'lb_tree_search':   2819 rows, 2248 columns, 97775 entries with magnitude in [6.499055e-06, 1.000000e+00]
                      'max_lp':   2925 rows, 2248 columns, 79450 entries with magnitude in [8.164721e-06, 1.000000e+00]
         'objective_lb_search':   5891 rows, 2247 columns, 33087 entries with magnitude in [4.661105e-06, 1.000000e+00]
  'objective_lb_search_max_lp':  3301 rows, 2248 columns, 262490 entries with magnitude in [1.922163e-06, 1.000000e+00]
                     'probing':   5606 rows, 2247 columns, 34597 entries with magnitude in [1.837267e-06, 1.000000e+00]
              'probing_max_lp':  2993 rows, 2248 columns, 217072 entries with magnitude in [2.091702e-06, 1.000000e+00]
                'pseudo_costs':   2657 rows, 2248 columns, 75904 entries with magnitude in [1.335033e-05, 1.000000e+00]
               'quick_restart':   5732 rows, 2247 columns, 30972 entries with magnitude in [2.677897e-06, 1.000000e+00]
               'reduced_costs':   2868 rows, 2248 columns, 78957 entries with magnitude in [1.497916e-05, 1.000000e+00]

Lp debug                         CutPropag  CutEqPropag   Adjust  Overflow          Bad  BadScaling
                  'default_lp':          3        2'149      342         0  116'200'059           0
                   'fs_random':          0            0        0         0            0           0
                   'fs_random':          0            0        0         0            0           0
     'fs_random_quick_restart':          0            0        0         0            0           0
     'fs_random_quick_restart':          0            0        0         0            0           0
              'lb_tree_search':         42          852  107'637         0  173'539'603           0
                      'max_lp':         15        2'212   73'782         0  201'346'268           0
         'objective_lb_search':          4        2'519      355         0  111'987'458           0
  'objective_lb_search_max_lp':         28        1'695  122'234         0  202'808'285           0
                     'probing':          3        2'014      425         1  113'864'451           0
              'probing_max_lp':         26        1'544   89'425         5  175'104'057           0
                'pseudo_costs':         25        2'061   92'895         4  201'869'209           0
               'quick_restart':          4        1'848      506         0  113'925'951           0
               'reduced_costs':         19        1'233   88'395         4  204'762'137           0

Lp pool                          Constraints  Updates  Simplif  Merged  Shortened   Split  Strenghtened             Cuts/Call
                  'default_lp':       12'613   54'512   21'880      32      2'944   6'302        55'564  4'806'821/10'875'746
                   'fs_random':        2'824        0        0       0          0       0             0                   0/0
                   'fs_random':        2'824        0        0       0          0       0             0                   0/0
     'fs_random_quick_restart':        2'824        0        0       0          0       0             0                   0/0
     'fs_random_quick_restart':        2'824        0        0       0          0       0             0                   0/0
              'lb_tree_search':       12'922  102'794  206'422      46     42'245  34'529       423'844   1'328'410/4'665'527
                      'max_lp':       13'314  116'467  129'044      46     34'888  59'257       381'423   1'639'802/4'555'675
         'objective_lb_search':       11'983   56'144   24'474      25      6'286   6'314        55'037  4'653'184/10'444'721
  'objective_lb_search_max_lp':       12'580  113'918   84'783      56     47'903  33'997       364'049   2'014'078/6'523'157
                     'probing':       12'421   56'400   23'405      34      3'769   5'609        54'929  4'662'631/10'637'139
              'probing_max_lp':       13'035  149'072  180'143      47     58'181  43'633       397'317   1'735'524/5'055'208
                'pseudo_costs':       13'237  117'662   80'875      70     44'091  38'479       310'176   1'665'749/5'193'362
               'quick_restart':       11'856   60'502   21'986      31      4'342   5'646        51'728  4'714'063/11'070'008
               'reduced_costs':       13'423  115'599   75'320      43     34'109  41'419       337'133   1'618'908/4'747'446

Lp Cut               defaul   max_lp     quick_   reduce   pseudo   lb_tre     probin     object   probin   object
          CG_FF:     66'066   41'431     61'439   40'410   41'702   37'219     60'406     61'996   40'386   44'449
           CG_K:      5'730   21'673      6'086   17'052   22'220   21'787      5'630      5'230   24'400   23'102
          CG_KL:         46        3         10        -        1        -         11         11        1        2
           CG_R:     15'444   52'292     13'968   48'624   49'456   45'008     14'700     15'638   48'508   53'455
          CG_RB:    252'501  345'661    249'326  304'123  303'578  249'604    230'234    255'915  337'340  412'326
         CG_RBP:      3'583   21'742      3'848   16'241   16'469   17'708      3'230      3'713   24'540   37'269
         Clique:          -   35'652          -   33'580   35'417   28'363          -          -   35'636   41'230
             IB:    998'630  161'435    941'801  161'538  178'331  130'226    965'586    954'319  166'591  186'428
       MIR_1_FF:  1'209'995   87'659  1'206'651  100'134   87'109   68'752  1'175'565  1'172'557   97'054  111'831
        MIR_1_K:      7'221    9'158      7'919    9'109    8'840    6'697      7'734      6'869   10'311   12'173
       MIR_1_KL:        627        3        700        -        1        -        639        569        1        3
        MIR_1_R:      2'625    9'537      2'751    9'518    7'673    6'739      2'950      3'128    9'240    9'838
       MIR_1_RB:  1'135'308  250'186  1'119'181  264'841  295'978  218'408  1'137'130  1'114'530  265'374  321'777
      MIR_1_RBP:      4'249    8'774      4'249   21'851   17'476    6'638      3'690      3'881    8'284   20'776
      MIR_1_RLT:          -       78          -       80       91       52          -          -       81       90
       MIR_2_FF:     43'436   13'884     42'896   15'081   14'030   11'282     35'888     40'438   14'909   15'861
        MIR_2_K:      2'862    4'352      3'301    4'556    4'398    3'347      2'655      2'720    4'654    6'099
       MIR_2_KL:         78        1        107        -        1        -         75         85        2        -
        MIR_2_R:      1'229   15'313      1'107   16'252   12'836   11'065      1'057      1'216   62'172   29'724
       MIR_2_RB:    171'175  109'382    194'638  103'325  138'333   80'403    180'622    171'129  157'754  162'742
      MIR_2_RBP:      1'071    3'220        950    6'882    7'401    2'618      1'101        984    5'014   13'467
       MIR_3_FF:     11'456    9'768     10'025    9'377    9'748    7'926      9'494     10'570    9'154   10'747
        MIR_3_K:      1'334    5'174      1'418    4'678    4'888    4'012      1'365      1'456    4'648    5'375
       MIR_3_KL:         73        6         70        2        2        1         71         62        3        2
        MIR_3_R:      3'618   18'730      3'219   17'874   16'257   15'914      3'260      3'819   18'538   20'945
       MIR_3_RB:    225'439   68'998    224'132   69'098   71'576   58'618    222'698    214'177   68'883   81'841
      MIR_3_RBP:        482    1'109        475    1'167    1'409      857        500        543    1'581    2'137
       MIR_4_FF:      5'331    6'661      4'756    6'466    6'398    5'719      4'721      5'132    6'428    7'485
        MIR_4_K:        748    3'917        849    3'798    3'728    3'075        745        867    3'470    4'235
       MIR_4_KL:         20        5         39        -        3        1         27         40        -        4
        MIR_4_R:        897    6'879        746    6'279    6'216    5'596        734        849    7'654    7'711
       MIR_4_RB:    150'470   54'243    149'239   54'133   55'586   46'500    146'330    142'648   53'677   63'937
      MIR_4_RBP:        347    1'642        306    1'421    1'479    1'051        397        360    1'594    2'246
       MIR_5_FF:      3'377    9'082      3'095    8'352    8'439    6'978      2'971      3'291    8'360    9'703
        MIR_5_K:        617    4'772        597    4'066    4'641    3'684        589        611    4'037    5'253
       MIR_5_KL:         15        1         18        -        1        -         19         15        2        -
        MIR_5_R:        508    5'626        404    5'069    5'112    4'277        416        553    6'031    6'175
       MIR_5_RB:     97'887   52'192     97'042   50'404   50'400   43'516     94'840     93'643   48'333   58'681
      MIR_5_RBP:        330      871        262    1'031      900      606        277        312    1'203    1'409
       MIR_6_FF:      2'048    7'283      1'676    6'801    6'723    5'659      1'561      1'950    7'270    7'866
        MIR_6_K:        360    4'067        386    3'737    3'588    3'260        331        358    3'859    4'191
       MIR_6_KL:          5        2          8        -        2        -          6          6        5        1
        MIR_6_R:        340    5'816        248    5'288    5'071    4'524        268        298    5'820    6'523
       MIR_6_RB:     62'339   40'242     60'379   39'689   39'437   34'157     59'578     59'766   37'268   45'818
      MIR_6_RBP:        148      582        143      665      681      488        145        160      847    1'053
   ZERO_HALF_FF:     73'254   12'532     68'037   13'742   12'421   11'624     63'951     72'103   13'845   16'396
    ZERO_HALF_K:      2'635    1'593      2'661    1'374    1'571    1'473      2'092      2'277    1'499    1'798
   ZERO_HALF_KL:          1        -          2        -        -        -          1          2        3        1
    ZERO_HALF_R:     33'777   90'693     30'556   95'993   73'244   83'669     30'648     33'152   75'881   99'069
   ZERO_HALF_RB:    206'420   35'102    191'803   34'491   34'191   28'677    185'123    188'542   32'747   39'937
  ZERO_HALF_RBP:        669      778        544      716      696      632        570        694      632      897

LNS stats           Improv/Calls  Closed  Difficulty  TimeLimit
  'graph_arc_lns':           5/5      0%        0.06       0.10
  'graph_cst_lns':           3/4      0%        0.09       0.10
  'graph_dec_lns':           3/4      0%        0.09       0.10
  'graph_var_lns':           3/5     40%        0.43       0.10
      'rins/rens':           5/5      0%        0.06       0.10
    'rnd_cst_lns':           3/5      0%        0.06       0.10
    'rnd_var_lns':           4/5     20%        0.18       0.10

LS stats                   Batches  Restarts  LinMoves  GenMoves  CompoundMoves  WeightUpdates
       'fj_long_default':        3         1    24'325         0              0          2'401
   'fj_long_lin_default':        1         1         0     2'757            645              0
        'fj_long_random':        1         1     9'482         0              0            518
      'fj_short_default':        5         1         0    15'531          1'579             62
  'fj_short_lin_default':        4         1         0    13'952          1'710             73
   'fj_short_lin_random':        3         1         0     9'477          1'009             11
       'fj_short_random':        3         1         0    10'565          1'084             15
          'violation_ls':        5         0         5       270             26              8
          'violation_ls':        5         0         5       273             29              7
          'violation_ls':        5         0         5       294             26              8

Solutions (122)           Num      Rank
                 'core':   22  [76,114]
      'fj_long_default':    1     [1,1]
        'graph_arc_lns':    1   [15,15]
        'graph_var_lns':    1   [14,14]
                'no_lp':   21  [34,118]
  'quick_restart_no_lp':   64  [16,122]
         'violation_ls':   12    [2,13]

Objective bounds                      Num
                       'default_lp':    1
                   'initial_domain':    1
                   'lb_tree_search':    9
                           'max_lp':    9
              'objective_lb_search':    1
       'objective_lb_search_max_lp':   49
  'objective_shaving_search_max_lp':    3
   'objective_shaving_search_no_lp':    4
                          'probing':    1
                   'probing_max_lp':    7
                     'pseudo_costs':   10
                    'reduced_costs':    1

Solution repositories    Added  Queried  Ignored  Synchro
  'feasible solutions':    224       85        0      219
        'lp solutions':      0        0        0        0
                'pump':     42        5

Improving bounds shared            Num
                        'core':  2'590
                  'default_lp':    167
              'lb_tree_search':      3
                      'max_lp':    184
                       'no_lp':  3'037
         'objective_lb_search':     20
  'objective_lb_search_max_lp':    503
   'objective_lb_search_no_lp':  3'518
                     'probing':     29
              'probing_max_lp':     85
                'pseudo_costs':    503
               'quick_restart':     19
         'quick_restart_no_lp':  3'452
               'reduced_costs':    508

Clauses shared                      Num
                        'core':   4'180
                  'default_lp':       2
              'lb_tree_search':       3
                      'max_lp':      11
                       'no_lp':   3'420
         'objective_lb_search':       4
  'objective_lb_search_max_lp':       6
   'objective_lb_search_no_lp':  11'140
                     'probing':       4
              'probing_max_lp':       3
                'pseudo_costs':       1
               'quick_restart':       5
         'quick_restart_no_lp':   3'795
               'reduced_costs':       5

CpSolverResponse summary:
status: FEASIBLE
objective: 878272
best_bound: 651716
integers: 2249
booleans: 1869
conflicts: 0
branches: 2020
propagations: 39192
integer_propagations: 175410
restarts: 2020
lp_iterations: 0
walltime: 28800.3
usertime: 28800.3
deterministic_time: 151964
gap_integral: 1.87384e+06
solution_fingerprint: 0xce11dd847cb61d2c

CPU USED: 32
Loading /home/aneumann/projects/def-adhaj/aneumann/gns/data/instances/test/xl/instance_161.pkl...
===* START SOLVING *===
   index    value       gap  ... max_time  cpu  max_memory
0    161  8782.72  0.257957  ...        8   32         118

[1 rows x 8 columns]
===* END OF FILE *===
