created virtual environment CPython3.12.4.final.0-64 in 1302ms
  creator CPython3Posix(dest=/localscratch/aneumann.37168002.0/env, clear=False, no_vcs_ignore=False, global=False)
  seeder FromAppData(download=False, pip=bundle, via=copy, app_data_dir=/home/aneumann/.local/share/virtualenv)
    added seed packages: pip==24.2+computecanada
  activators BashActivator,CShellActivator,FishActivator,NushellActivator,PowerShellActivator,PythonActivator
Looking in links: /cvmfs/soft.computecanada.ca/custom/python/wheelhouse/gentoo2023/x86-64-v3, /cvmfs/soft.computecanada.ca/custom/python/wheelhouse/gentoo2023/generic, /cvmfs/soft.computecanada.ca/custom/python/wheelhouse/generic
Requirement already satisfied: pip in /localscratch/aneumann.37168002.0/env/lib/python3.12/site-packages (24.2+computecanada)
Looking in links: /cvmfs/soft.computecanada.ca/custom/python/wheelhouse/gentoo2023/x86-64-v3, /cvmfs/soft.computecanada.ca/custom/python/wheelhouse/gentoo2023/generic, /cvmfs/soft.computecanada.ca/custom/python/wheelhouse/generic
ERROR: protobuf-5.28.3-cp38-abi3-manylinux2014_x86_64.whl is not a supported wheel on this platform.
Looking in links: /cvmfs/soft.computecanada.ca/custom/python/wheelhouse/gentoo2023/x86-64-v3, /cvmfs/soft.computecanada.ca/custom/python/wheelhouse/gentoo2023/generic, /cvmfs/soft.computecanada.ca/custom/python/wheelhouse/generic
Processing /home/aneumann/projects/def-adhaj/aneumann/gns/wheels/immutabledict-4.2.0-py3-none-any.whl
Installing collected packages: immutabledict
Successfully installed immutabledict-4.2.0
Looking in links: /cvmfs/soft.computecanada.ca/custom/python/wheelhouse/gentoo2023/x86-64-v3, /cvmfs/soft.computecanada.ca/custom/python/wheelhouse/gentoo2023/generic, /cvmfs/soft.computecanada.ca/custom/python/wheelhouse/generic
Processing /cvmfs/soft.computecanada.ca/custom/python/wheelhouse/generic/ortools-9.10.4067+computecanada-cp312-cp312-linux_x86_64.whl (from -r /home/aneumann/projects/def-adhaj/aneumann/gns/requirements_or.txt (line 1))
Processing /cvmfs/soft.computecanada.ca/custom/python/wheelhouse/gentoo2023/x86-64-v3/pandas-2.2.2+computecanada-cp312-cp312-linux_x86_64.whl (from -r /home/aneumann/projects/def-adhaj/aneumann/gns/requirements_or.txt (line 2))
Processing /cvmfs/soft.computecanada.ca/custom/python/wheelhouse/generic/absl_py-2.1.0+computecanada-py3-none-any.whl (from ortools->-r /home/aneumann/projects/def-adhaj/aneumann/gns/requirements_or.txt (line 1))
Processing /cvmfs/soft.computecanada.ca/custom/python/wheelhouse/gentoo2023/generic/numpy-2.1.1+computecanada-cp312-cp312-linux_x86_64.whl (from ortools->-r /home/aneumann/projects/def-adhaj/aneumann/gns/requirements_or.txt (line 1))
Processing /cvmfs/soft.computecanada.ca/custom/python/wheelhouse/gentoo2023/x86-64-v3/protobuf-5.28.0+computecanada-cp312-cp312-linux_x86_64.whl (from ortools->-r /home/aneumann/projects/def-adhaj/aneumann/gns/requirements_or.txt (line 1))
Requirement already satisfied: immutabledict>=3.0.0 in /localscratch/aneumann.37168002.0/env/lib/python3.12/site-packages (from ortools->-r /home/aneumann/projects/def-adhaj/aneumann/gns/requirements_or.txt (line 1)) (4.2.0)
Processing /cvmfs/soft.computecanada.ca/custom/python/wheelhouse/generic/python_dateutil-2.9.0.post0+computecanada-py2.py3-none-any.whl (from pandas->-r /home/aneumann/projects/def-adhaj/aneumann/gns/requirements_or.txt (line 2))
Processing /cvmfs/soft.computecanada.ca/custom/python/wheelhouse/generic/pytz-2024.2+computecanada-py2.py3-none-any.whl (from pandas->-r /home/aneumann/projects/def-adhaj/aneumann/gns/requirements_or.txt (line 2))
Processing /cvmfs/soft.computecanada.ca/custom/python/wheelhouse/generic/tzdata-2024.2+computecanada-py2.py3-none-any.whl (from pandas->-r /home/aneumann/projects/def-adhaj/aneumann/gns/requirements_or.txt (line 2))
Processing /cvmfs/soft.computecanada.ca/custom/python/wheelhouse/generic/six-1.16.0+computecanada-py2.py3-none-any.whl (from python-dateutil>=2.8.2->pandas->-r /home/aneumann/projects/def-adhaj/aneumann/gns/requirements_or.txt (line 2))
Installing collected packages: pytz, tzdata, six, protobuf, numpy, absl-py, python-dateutil, pandas, ortools
Successfully installed absl-py-2.1.0+computecanada numpy-2.1.1+computecanada ortools-9.10.4067+computecanada pandas-2.2.2+computecanada protobuf-5.28.0+computecanada python-dateutil-2.9.0.post0+computecanada pytz-2024.2+computecanada six-1.16.0+computecanada tzdata-2024.2+computecanada

Starting CP-SAT solver v9.10.4067
Parameters: max_time_in_seconds: 28800 max_memory_in_mb: 118 log_search_progress: true optimize_with_core: true cp_model_presolve: true enumerate_all_solutions: false num_search_workers: 32 use_implied_bounds: true absolute_gap_limit: 5 relative_gap_limit: 0.01 use_probing_search: true

Initial optimization model '': (model_fingerprint: 0x36b12522f0abed16)
#Variables: 4'000 (#bools: 34 #ints: 1 in objective)
  - 3'512 Booleans in [0,1]
  - 487 in [0,300000]
  - 1 constants in {1} 
#kBoolOr: 1'872 (#literals: 1'872)
#kLinear1: 809
#kLinear2: 12'243
#kLinear3: 2'121
#kLinearN: 1'022 (#terms: 9'701)

Starting presolve at 0.00s
  3.18e-03s  0.00e+00d  [DetectDominanceRelations] 
  8.53e-02s  0.00e+00d  [PresolveToFixPoint] #num_loops=15 #num_dual_strengthening=3 
  9.02e-05s  0.00e+00d  [ExtractEncodingFromLinear] #potential_supersets=297 
[Symmetry] Graph for symmetry has 13'891 nodes and 29'927 arcs.
[Symmetry] Symmetry computation done. time: 0.0027697 dtime: 0.00396359
[SAT presolve] num removable Booleans: 0 / 2128
[SAT presolve] num trivial clauses: 0
[SAT presolve] [0s] clauses:4113 literals:8226 vars:2098 one_side_vars:2049 simple_definition:44 singleton_clauses:0
[SAT presolve] [0.00028685s] clauses:4113 literals:8226 vars:2098 one_side_vars:2049 simple_definition:44 singleton_clauses:0
[SAT presolve] [0.000454786s] clauses:4113 literals:8226 vars:2098 one_side_vars:2049 simple_definition:44 singleton_clauses:0
  4.87e-01s  1.21e-01d  [Probe] #probed=5'120 #fixed_bools=72 #new_bounds=211 
  7.62e-03s  0.00e+00d  [MaxClique] Merged 4397(12190 literals) into 1152(8740 literals) at_most_ones. 
  2.65e-03s  0.00e+00d  [DetectDominanceRelations] 
  2.08e-02s  0.00e+00d  [PresolveToFixPoint] #num_loops=4 #num_dual_strengthening=3 
  4.03e-03s  0.00e+00d  [ProcessAtMostOneAndLinear] #num_changes=32 
  2.64e-03s  0.00e+00d  [DetectDuplicateConstraints] #duplicates=1 #without_enforcements=3 
  5.35e-04s  3.09e-05d  [DetectDominatedLinearConstraints] #relevant_constraints=2'084 
  6.29e-04s  0.00e+00d  [DetectDifferentVariables] #different=15 
  1.07e-03s  3.22e-04d  [ProcessSetPPC] #relevant_constraints=1'212 #num_inclusions=859 
  6.55e-05s  0.00e+00d  [FindAlmostIdenticalLinearConstraints] 
  4.12e-03s  7.11e-03d  [FindBigAtMostOneAndLinearOverlap] 
  1.21e-03s  3.40e-03d  [FindBigVerticalLinearOverlap] 
  4.75e-04s  1.61e-03d  [FindBigHorizontalLinearOverlap] #linears=180 
  8.35e-05s  0.00e+00d  [MergeClauses] 
  2.56e-03s  0.00e+00d  [DetectDominanceRelations] 
  1.01e-02s  0.00e+00d  [PresolveToFixPoint] #num_loops=2 #num_dual_strengthening=1 
  2.56e-03s  0.00e+00d  [DetectDominanceRelations] 
  1.01e-02s  0.00e+00d  [PresolveToFixPoint] #num_loops=1 #num_dual_strengthening=1 
[Symmetry] Graph for symmetry has 10'734 nodes and 21'127 arcs.
[Symmetry] Symmetry computation done. time: 0.00167236 dtime: 0.00256429
[SAT presolve] num removable Booleans: 0 / 2054
[SAT presolve] num trivial clauses: 0
[SAT presolve] [0s] clauses:18 literals:36 vars:24 one_side_vars:17 simple_definition:7 singleton_clauses:0
[SAT presolve] [3.2752e-05s] clauses:18 literals:36 vars:24 one_side_vars:17 simple_definition:7 singleton_clauses:0
[SAT presolve] [7.5122e-05s] clauses:18 literals:36 vars:24 one_side_vars:17 simple_definition:7 singleton_clauses:0
  1.53e-01s  3.81e-02d  [Probe] #probed=5'044 #new_bounds=75 
  2.72e-03s  0.00e+00d  [MaxClique] Merged 943(7376 literals) into 943(7381 literals) at_most_ones. 
  2.65e-03s  0.00e+00d  [DetectDominanceRelations] 
  1.62e-02s  0.00e+00d  [PresolveToFixPoint] #num_loops=3 #num_dual_strengthening=2 
  3.87e-03s  0.00e+00d  [ProcessAtMostOneAndLinear] 
  2.62e-03s  0.00e+00d  [DetectDuplicateConstraints] #duplicates=2 
  5.34e-04s  3.09e-05d  [DetectDominatedLinearConstraints] #relevant_constraints=2'081 
  5.64e-04s  0.00e+00d  [DetectDifferentVariables] #different=15 
  9.57e-04s  3.16e-04d  [ProcessSetPPC] #relevant_constraints=1'136 #num_inclusions=783 
  6.11e-05s  0.00e+00d  [FindAlmostIdenticalLinearConstraints] 
  4.18e-03s  7.10e-03d  [FindBigAtMostOneAndLinearOverlap] 
  1.24e-03s  3.40e-03d  [FindBigVerticalLinearOverlap] 
  4.91e-04s  1.61e-03d  [FindBigHorizontalLinearOverlap] #linears=180 
  8.28e-05s  0.00e+00d  [MergeClauses] 
  2.65e-03s  0.00e+00d  [DetectDominanceRelations] 
  1.04e-02s  0.00e+00d  [PresolveToFixPoint] #num_loops=1 #num_dual_strengthening=1 
  2.61e-03s  0.00e+00d  [DetectDominanceRelations] 
  1.04e-02s  0.00e+00d  [PresolveToFixPoint] #num_loops=1 #num_dual_strengthening=1 
[Symmetry] Graph for symmetry has 10'732 nodes and 21'126 arcs.
[Symmetry] Symmetry computation done. time: 0.00166196 dtime: 0.00255907
[SAT presolve] num removable Booleans: 0 / 2054
[SAT presolve] num trivial clauses: 0
[SAT presolve] [0s] clauses:18 literals:36 vars:24 one_side_vars:17 simple_definition:7 singleton_clauses:0
[SAT presolve] [2.9736e-05s] clauses:18 literals:36 vars:24 one_side_vars:17 simple_definition:7 singleton_clauses:0
[SAT presolve] [7.1374e-05s] clauses:18 literals:36 vars:24 one_side_vars:17 simple_definition:7 singleton_clauses:0
  1.54e-01s  3.81e-02d  [Probe] #probed=5'044 
  2.64e-03s  0.00e+00d  [MaxClique] Merged 943(7379 literals) into 943(7381 literals) at_most_ones. 
  2.65e-03s  0.00e+00d  [DetectDominanceRelations] 
  1.05e-02s  0.00e+00d  [PresolveToFixPoint] #num_loops=1 #num_dual_strengthening=1 
  3.84e-03s  0.00e+00d  [ProcessAtMostOneAndLinear] 
  2.62e-03s  0.00e+00d  [DetectDuplicateConstraints] 
  5.35e-04s  3.09e-05d  [DetectDominatedLinearConstraints] #relevant_constraints=2'081 
  5.62e-04s  0.00e+00d  [DetectDifferentVariables] #different=15 
  9.18e-04s  3.16e-04d  [ProcessSetPPC] #relevant_constraints=1'136 #num_inclusions=783 
  6.86e-05s  0.00e+00d  [FindAlmostIdenticalLinearConstraints] 
  4.07e-03s  7.10e-03d  [FindBigAtMostOneAndLinearOverlap] 
  1.19e-03s  3.40e-03d  [FindBigVerticalLinearOverlap] 
  5.32e-04s  1.61e-03d  [FindBigHorizontalLinearOverlap] #linears=180 
  7.45e-05s  0.00e+00d  [MergeClauses] 
  2.56e-03s  0.00e+00d  [DetectDominanceRelations] 
  1.03e-02s  0.00e+00d  [PresolveToFixPoint] #num_loops=1 #num_dual_strengthening=1 
  1.66e-04s  0.00e+00d  [ExpandObjective] #entries=78 #tight_variables=39 #tight_constraints=13 

Presolve summary:
  - 111 affine relations were detected.
  - rule 'TODO dual: only one blocking constraint?' was applied 32'221 times.
  - rule 'TODO dual: only one unspecified blocking constraint?' was applied 14 times.
  - rule 'TODO dual: tighten at most one' was applied 886 times.
  - rule 'TODO linear2: contains a Boolean.' was applied 21'901 times.
  - rule 'affine: new relation' was applied 111 times.
  - rule 'at_most_one: removed literals' was applied 368 times.
  - rule 'at_most_one: singleton' was applied 2 times.
  - rule 'at_most_one: size one' was applied 133 times.
  - rule 'at_most_one: transformed into max clique.' was applied 1 time.
  - rule 'bool_and: x => x' was applied 10 times.
  - rule 'bool_or: always true' was applied 1'872 times.
  - rule 'bool_or: implications' was applied 10'944 times.
  - rule 'deductions: 507 stored' was applied 1 time.
  - rule 'dual: fix variable' was applied 658 times.
  - rule 'dual: fix variable with multiple choices' was applied 5 times.
  - rule 'dual: reduced domain' was applied 270 times.
  - rule 'duplicate: merged rhs of linear constraint' was applied 1 time.
  - rule 'duplicate: removed constraint' was applied 3 times.
  - rule 'duplicate: removed enforced constraint' was applied 3 times.
  - rule 'enforcement: false literal' was applied 6'777 times.
  - rule 'enforcement: literal not used' was applied 17 times.
  - rule 'linear + amo: extracted enforcement literal' was applied 7 times.
  - rule 'linear + amo: fixed literal implied by enforcement' was applied 25 times.
  - rule 'linear1: always true' was applied 2 times.
  - rule 'linear2: contains a Boolean.' was applied 15 times.
  - rule 'linear: always true' was applied 1'924 times.
  - rule 'linear: divide by GCD' was applied 7'361 times.
  - rule 'linear: empty' was applied 145 times.
  - rule 'linear: extracted enforcement literal' was applied 747 times.
  - rule 'linear: fixed or dup variables' was applied 1'837 times.
  - rule 'linear: negative clause' was applied 3'016 times.
  - rule 'linear: positive at most one' was applied 284 times.
  - rule 'linear: positive clause' was applied 7'928 times.
  - rule 'linear: positive equal one' was applied 13 times.
  - rule 'linear: reduced variable domains' was applied 904 times.
  - rule 'linear: remapped using affine relations' was applied 3'352 times.
  - rule 'linear: simplified rhs' was applied 24'682 times.
  - rule 'linear: singleton column' was applied 13 times.
  - rule 'objective: variable not used elsewhere' was applied 1 time.
  - rule 'presolve: 1417 unused variables removed.' was applied 1 time.
  - rule 'presolve: iteration' was applied 3 times.
  - rule 'setppc: bool_or in at_most_one.' was applied 2 times.
  - rule 'setppc: removed dominated constraints' was applied 74 times.

Presolved optimization model '': (model_fingerprint: 0xe5a37928cda3e854)
#Variables: 2'459 (#bools: 33 #ints: 1 in objective)
  - 2'054 Booleans in [0,1]
  - 2 in [0,981]
  - 1 in [0,983]
  - 1 in [0,985]
  - 1 in [0,1971]
  - 1 in [0,1972]
  - 1 in [0,1975]
  - 1 in [0,1977]
  - 1 in [0,1978]
  - 1 in [0,1980]
  - 29 in [0,1981]
  - 16 in [0,1983]
  - 2 in [0,1984]
  - 2 in [0,1990]
  - 2 in [0,1991]
  - 9 in [0,1993]
  - 1 in [0,9840]
  - 20 in [0,9905]
  - 23 in [0,9915]
  - 2 in [0,9920]
  - 2 in [0,9950]
  - 2 in [0,9955]
  - 16 in [0,9965]
  - 124 in [0,300000]
  - 1 in [1,982]
  - 1 in [4,985]
  - 1 in [4,987]
  - 1 in [4,989]
  - 1 in [4,991]
  - 1 in [4,993]
  - 1 in [7,996]
  - 1 in [8,995]
  - 1 in [40,4993]
  - 1 in [46,4999]
  - 1 in [47,4994]
  - 1 in [48,4995]
  - 1 in [49,4996]
  - 1 in [50,4988]
  - 1 in [53,5000]
  - 1 in [58,4996]
  - 1 in [60,4992]
  - 1 in [67,4999]
  - 1 in [75,4997]
  - 1 in [78,5000]
  - 1 in [300,294600]
  - 1 in [300,296100]
  - 1 in [300,297300]
  - 2 in [300,298500]
  - 2 in [300,299100]
  - 2 in [300,299280]
  - 2 in [300,299400]
  - 2 in [300,299460]
  - 2 in [300,299820]
  - 1 in [1200,295500]
  - 1 in [1200,296100]
  - 2 in [1200,296700]
  - 3 in [1200,297063]
  - 1 in [1200,297300]
  - 3 in [1200,297600]
  - 3 in [1200,297900]
  - 1 in [1200,298500]
  - 4 in [1200,298920]
  - 2 in [1200,298980]
  - 2 in [1200,299220]
  - 4 in [1200,299280]
  - 4 in [1200,299400]
  - 2 in [1200,299460]
  - 2 in [1200,299760]
  - 2 in [1200,299880]
  - 2 in [1200,299940]
  - 2 in [1800,298920]
  - 2 in [1800,298980]
  - 1 in [2100,298800]
  - 2 in [2100,299220]
  - 4 in [2347,299580]
  - 1 in [2400,298500]
  - 2 in [2400,298980]
  - 2 in [2741,299970]
  - 1 in [2760,299987]
  - 1 in [2768,299995]
  - 2 in [2809,299400]
  - 2 in [2820,299640]
  - 4 in [2880,299700]
  - 2 in [2923,299040]
  - 2 in [2975,299280]
  - 2 in [2976,299880]
  - 2 in [3302,299460]
  - 2 in [3389,299580]
  - 2 in [3400,299880]
  - 3 in [3420,299460]
  - 1 in [3487,299812]
  - 1 in [3495,299820]
  - 2 in [3537,299400]
  - 3 in [3559,299497]
  - 5 in [3582,299520]
  - 3 in [3660,299700]
  - 6 in [4500,299820]
  - 4 in [4578,300000]
  - 5 in [4680,300000]
#kAtMostOne: 925 (#literals: 7'343)
#kBoolAnd: 18 (#enforced: 18) (#literals: 36)
#kExactlyOne: 13 (#literals: 39)
#kLinear1: 10 (#enforced: 10)
#kLinear2: 830 (#enforced: 624 #multi: 26)
#kLinear3: 1'355
#kLinearN: 520 (#terms: 4'234)

Preloading model.
#Bound   1.08s best:inf   next:[222160,13476584] initial_domain
[Symmetry] Graph for symmetry has 9'191 nodes and 21'126 arcs.
[Symmetry] Symmetry computation done. time: 0.00158484 dtime: 0.00246661
#Model   1.08s var:2459/2459 constraints:3671/3671

Starting search at 1.08s with 32 workers.
16 full problem subsolvers: [core, default_lp, lb_tree_search, max_lp, no_lp, objective_lb_search, objective_lb_search_max_lp, objective_lb_search_no_lp, objective_shaving_search_max_lp, objective_shaving_search_no_lp, probing, probing_max_lp, pseudo_costs, quick_restart, quick_restart_no_lp, reduced_costs]
14 first solution subsolvers: [fj_long_default, fj_long_lin_default, fj_long_random, fj_short_default, fj_short_lin_default, fj_short_lin_random, fj_short_random, fs_random(2), fs_random_no_lp(2), fs_random_quick_restart(2), fs_random_quick_restart_no_lp]
11 incomplete subsolvers: [feasibility_pump, graph_arc_lns, graph_cst_lns, graph_dec_lns, graph_var_lns, rins/rens, rnd_cst_lns, rnd_var_lns, violation_ls(3)]
3 helper subsolvers: [neighborhood_helper, synchronization_agent, update_gap_integral]
#1       1.97s best:13476584 next:[222160,13476580] fj_long_random(batch:2 #lin_moves:18'242 #lin_evals:33'653 #weight_updates:1'549)
#2       2.04s best:13476540 next:[222160,13476536] violation_ls(batch:1 #solutions_imported:1 #lin_moves:0 #lin_evals:14'664 #gen_moves:201 #gen_evals:0 #comp_moves:25 #backtracks:88 #weight_updates:3)
#3       2.09s best:13476496 next:[222160,13476492] violation_ls(batch:2 #solutions_imported:2 #lin_moves:6 #lin_evals:14'716 #gen_moves:201 #gen_evals:0 #comp_moves:25 #backtracks:88 #weight_updates:7)
#4       2.09s best:13464792 next:[222160,13464788] violation_ls(batch:2 #solutions_imported:2 #lin_moves:0 #lin_evals:38'085 #gen_moves:1'065 #gen_evals:0 #comp_moves:79 #backtracks:493 #weight_updates:17)
#5       2.32s best:13464748 next:[222160,13464744] violation_ls(batch:1 #solutions_imported:1 #lin_moves:18 #lin_evals:830 #weight_updates:8)
#6       2.33s best:13464704 next:[222160,13464700] violation_ls(batch:2 #solutions_imported:2 #lin_moves:18 #lin_evals:6'841 #gen_moves:58 #gen_evals:0 #comp_moves:6 #backtracks:26 #weight_updates:9)
#7       2.41s best:13459952 next:[222160,13459948] graph_arc_lns (d=0.50 s=47 t=0.10 p=0.00 stall=0 h=auto_l0)
#8       2.70s best:13451216 next:[222160,13451212] violation_ls(batch:4 #solutions_imported:3 #lin_moves:6 #lin_evals:96'949 #gen_moves:5'347 #gen_evals:0 #comp_moves:513 #backtracks:2'417 #weight_updates:61)
#Bound   2.89s best:13451216 next:[222164,13451212] objective_shaving_search_max_lp (vars=2264 csts=2733)
#Bound   2.90s best:13451216 next:[222168,13451212] objective_shaving_search_no_lp (vars=2459 csts=3672)
#Bound   2.91s best:13451216 next:[222172,13451212] objective_shaving_search_no_lp (vars=2459 csts=3672)
#Bound   2.92s best:13451216 next:[222176,13451212] objective_shaving_search_no_lp (vars=2459 csts=3672)
#Bound   3.00s best:13451216 next:[222180,13451212] objective_shaving_search_max_lp (vars=2459 csts=3672)
#Bound   3.01s best:13451216 next:[222184,13451212] objective_shaving_search_max_lp (vars=2459 csts=3672)
#Bound   3.02s best:13451216 next:[222188,13451212] objective_shaving_search_max_lp (vars=2459 csts=3672)
#Bound   3.27s best:13451216 next:[227400,13451212] probing_max_lp
#Bound   3.31s best:13451216 next:[227404,13451212] objective_shaving_search_no_lp (vars=2459 csts=3672)
#Bound   3.32s best:13451216 next:[227408,13451212] objective_shaving_search_max_lp (vars=2459 csts=3672)
#9       3.35s best:13451172 next:[227408,13451168] violation_ls(batch:6 #solutions_imported:4 #lin_moves:7'264 #lin_evals:102'291 #gen_moves:5'347 #gen_evals:0 #comp_moves:513 #backtracks:2'417 #weight_updates:6'665)
#10      3.35s best:13451128 next:[227408,13451124] violation_ls(batch:6 #solutions_imported:5 #lin_moves:18 #lin_evals:154'510 #gen_moves:7'892 #gen_evals:0 #comp_moves:641 #backtracks:3'623 #weight_updates:108)
#11      3.35s best:13451084 next:[227408,13451080] violation_ls(batch:6 #solutions_imported:5 #lin_moves:0 #lin_evals:172'581 #gen_moves:8'959 #gen_evals:0 #comp_moves:452 #backtracks:4'251 #weight_updates:97)
#Bound   3.53s best:13451084 next:[233752,13451080] probing_max_lp
#Bound   3.76s best:13451084 next:[262332,13451080] default_lp
#Model   3.79s var:2458/2459 constraints:3670/3671
#Model   4.00s var:2457/2459 constraints:3670/3671
#Model   4.35s var:2456/2459 constraints:3669/3671
#Model   4.76s var:2455/2459 constraints:3669/3671
#Model   5.17s var:2454/2459 constraints:3668/3671
#Model   6.44s var:2453/2459 constraints:3668/3671
#Model   7.79s var:2452/2459 constraints:3666/3671
#Model  10.62s var:2451/2459 constraints:3664/3671
#Model  10.72s var:2450/2459 constraints:3664/3671
#Model  11.14s var:2449/2459 constraints:3663/3671
#Model  11.74s var:2448/2459 constraints:3662/3671
#Model  11.95s var:2447/2459 constraints:3662/3671
#Model  12.15s var:2446/2459 constraints:3661/3671
#Model  12.46s var:2445/2459 constraints:3660/3671
#Model  13.78s var:2444/2459 constraints:3659/3671
#Model  14.08s var:2443/2459 constraints:3659/3671
#Model  17.12s var:2442/2459 constraints:3659/3671
#Model  40.82s var:2441/2459 constraints:3658/3671
#Model  46.24s var:2440/2459 constraints:3658/3671
#Model  52.82s var:2439/2459 constraints:3657/3671
#Model  72.47s var:2438/2459 constraints:3656/3671
#Bound 101.39s best:13451084 next:[263488,13451080] reduced_costs
#Bound 101.67s best:13451084 next:[263500,13451080] reduced_costs
#Bound 103.06s best:13451084 next:[267504,13451080] reduced_costs
#Bound 105.97s best:13451084 next:[267524,13451080] reduced_costs
#Bound 107.51s best:13451084 next:[267540,13451080] reduced_costs
#Bound 108.18s best:13451084 next:[267572,13451080] reduced_costs
#Bound 108.59s best:13451084 next:[267612,13451080] reduced_costs
#Bound 165.47s best:13451084 next:[267988,13451080] probing_max_lp
#Bound 165.90s best:13451084 next:[268008,13451080] probing_max_lp
#Bound 166.33s best:13451084 next:[268044,13451080] probing_max_lp
#Bound 171.94s best:13451084 next:[268052,13451080] probing_max_lp
#Bound 179.12s best:13451084 next:[268568,13451080] reduced_costs
#Bound 179.88s best:13451084 next:[268580,13451080] reduced_costs
#Bound 181.71s best:13451084 next:[268684,13451080] reduced_costs
#Bound 182.19s best:13451084 next:[268712,13451080] reduced_costs
#Bound 212.79s best:13451084 next:[268720,13451080] reduced_costs
#Bound 213.14s best:13451084 next:[268756,13451080] reduced_costs
#Bound 215.93s best:13451084 next:[268780,13451080] reduced_costs
#Bound 216.40s best:13451084 next:[268800,13451080] reduced_costs
#Bound 241.21s best:13451084 next:[274960,13451080] reduced_costs
#12    256.75s best:13439884 next:[274960,13439880] quick_restart_no_lp (fixed_bools=217/3895)
#13    319.56s best:13429824 next:[274960,13429820] quick_restart_no_lp (fixed_bools=243/4000)
#Model 327.91s var:2437/2459 constraints:3654/3671
#14    422.96s best:13422152 next:[274960,13422148] quick_restart_no_lp (fixed_bools=264/4364)
#15    425.08s best:13416944 next:[274960,13416940] quick_restart_no_lp (fixed_bools=264/4399)
#16    427.22s best:13412856 next:[274960,13412852] quick_restart_no_lp (fixed_bools=264/4497)
#17    642.40s best:13409888 next:[274960,13409884] quick_restart_no_lp (fixed_bools=311/5394)
#18    1195.55s best:13407368 next:[274960,13407364] quick_restart_no_lp (fixed_bools=348/6152)
#19    1217.38s best:13400032 next:[274960,13400028] quick_restart_no_lp (fixed_bools=348/6481)
#20    1237.05s best:13394824 next:[274960,13394820] quick_restart_no_lp (fixed_bools=348/6612)
#21    1330.01s best:13388832 next:[274960,13388828] quick_restart_no_lp (fixed_bools=353/6890)
#22    1442.61s best:13382728 next:[274960,13382724] quick_restart_no_lp (fixed_bools=356/7339)
#23    1823.88s best:1320796 next:[274960,1320792] core (fixed_bools=427/3499)
#24    1823.96s best:1318860 next:[274960,1318856] core (fixed_bools=427/3539)
#25    1943.04s best:1298776 next:[274960,1298772] core (fixed_bools=566/4649)
#Model 2293.44s var:2436/2459 constraints:3653/3671
#Bound 2342.73s best:1298776 next:[274964,1298772] probing_max_lp
#Bound 2343.20s best:1298776 next:[275080,1298772] probing_max_lp
#Bound 2343.59s best:1298776 next:[275124,1298772] probing_max_lp
#Bound 2343.94s best:1298776 next:[275580,1298772] probing_max_lp
#Bound 2344.35s best:1298776 next:[275604,1298772] probing_max_lp
#Bound 2344.85s best:1298776 next:[275620,1298772] probing_max_lp
#Bound 2348.62s best:1298776 next:[275636,1298772] probing_max_lp
#Bound 2348.95s best:1298776 next:[275664,1298772] probing_max_lp
#Bound 2349.49s best:1298776 next:[275668,1298772] probing_max_lp
#Bound 2350.13s best:1298776 next:[276876,1298772] probing_max_lp
#Bound 2350.53s best:1298776 next:[276920,1298772] probing_max_lp
#Bound 2351.27s best:1298776 next:[278356,1298772] probing_max_lp
#Bound 2352.38s best:1298776 next:[278680,1298772] probing_max_lp
#Bound 2352.88s best:1298776 next:[279324,1298772] probing_max_lp
#Bound 2353.37s best:1298776 next:[279580,1298772] probing_max_lp
#Bound 2376.45s best:1298776 next:[279584,1298772] probing_max_lp
#Bound 2377.69s best:1298776 next:[279608,1298772] probing_max_lp
#26    3408.77s best:1114300 next:[279608,1114296] no_lp (fixed_bools=827/4561)
#27    3530.43s best:1030196 next:[279608,1030192] no_lp (fixed_bools=1141/5212)
#28    3908.68s best:899808 next:[279608,899804] no_lp (fixed_bools=1470/6203)
#29    3912.95s best:892920 next:[279608,892916] no_lp (fixed_bools=1473/6335)
#Bound 4062.52s best:892920 next:[279612,892916] probing_max_lp
#Bound 4063.43s best:892920 next:[279616,892916] probing_max_lp
#Bound 4065.64s best:892920 next:[279624,892916] probing_max_lp
#30    4434.96s best:881720 next:[279624,881716] quick_restart_no_lp (fixed_bools=2429/10809)
#31    4878.25s best:843624 next:[279624,843620] no_lp (fixed_bools=2228/7913)
#Bound 4999.57s best:843624 next:[279632,843620] max_lp
#Bound 4999.60s best:843624 next:[279668,843620] max_lp
#Bound 5000.17s best:843624 next:[280180,843620] max_lp
#Bound 5000.42s best:843624 next:[280184,843620] max_lp
#Bound 5000.94s best:843624 next:[280236,843620] max_lp
#Bound 5001.25s best:843624 next:[280240,843620] max_lp
#Bound 5002.51s best:843624 next:[280244,843620] max_lp
#Bound 5003.15s best:843624 next:[280248,843620] max_lp
#Bound 5003.45s best:843624 next:[280252,843620] max_lp
#Bound 5003.81s best:843624 next:[280260,843620] max_lp
#Bound 5004.65s best:843624 next:[280264,843620] max_lp
#Bound 5049.19s best:843624 next:[280272,843620] max_lp
#Bound 5049.90s best:843624 next:[280280,843620] max_lp
#Bound 5051.25s best:843624 next:[280296,843620] max_lp
#Bound 5051.59s best:843624 next:[280300,843620] max_lp
#Bound 5052.03s best:843624 next:[280304,843620] max_lp
#Bound 5053.31s best:843624 next:[280308,843620] max_lp
#Bound 5053.94s best:843624 next:[280312,843620] max_lp
#Bound 5106.49s best:843624 next:[280340,843620] max_lp
#Bound 5109.43s best:843624 next:[280376,843620] max_lp
#Bound 5112.53s best:843624 next:[280380,843620] max_lp
#Bound 5113.29s best:843624 next:[280400,843620] max_lp
#Bound 5114.03s best:843624 next:[280404,843620] max_lp
#Bound 5114.83s best:843624 next:[280412,843620] max_lp
#Bound 5259.59s best:843624 next:[280416,843620] max_lp
#Bound 5260.09s best:843624 next:[280576,843620] max_lp
#Bound 5261.17s best:843624 next:[280580,843620] max_lp
#Bound 5261.74s best:843624 next:[280592,843620] max_lp
#Bound 5265.10s best:843624 next:[280600,843620] max_lp
#Bound 5265.59s best:843624 next:[280608,843620] max_lp
#Bound 5266.06s best:843624 next:[280632,843620] max_lp
#Bound 5266.80s best:843624 next:[280636,843620] max_lp
#Bound 5280.40s best:843624 next:[280640,843620] max_lp
#Bound 5283.41s best:843624 next:[280656,843620] max_lp
#Bound 5284.63s best:843624 next:[280680,843620] max_lp
#Bound 5294.89s best:843624 next:[280692,843620] max_lp
#Bound 5295.34s best:843624 next:[280696,843620] max_lp
#Bound 5308.43s best:843624 next:[280716,843620] max_lp
#Bound 5309.06s best:843624 next:[280720,843620] max_lp
#Bound 5310.30s best:843624 next:[280728,843620] max_lp
#Bound 5312.49s best:843624 next:[280732,843620] max_lp
#Bound 5313.85s best:843624 next:[280736,843620] max_lp
#Bound 5314.40s best:843624 next:[280740,843620] max_lp
#Bound 5316.04s best:843624 next:[280752,843620] max_lp
#Bound 5318.94s best:843624 next:[280772,843620] max_lp
#Bound 5320.04s best:843624 next:[280780,843620] max_lp
#Bound 5320.97s best:843624 next:[280792,843620] max_lp
#32    5345.15s best:835000 next:[280792,834996] quick_restart_no_lp (fixed_bools=3381/12085)
#Bound 5383.86s best:835000 next:[312492,834996] probing
#33    5903.45s best:823800 next:[312492,823796] quick_restart_no_lp (fixed_bools=3772/12859)
#34    5903.65s best:815064 next:[312492,815060] quick_restart_no_lp (fixed_bools=3772/12902)
#35    6116.17s best:812096 next:[312492,812092] quick_restart_no_lp (fixed_bools=4074/13859)
#36    6435.32s best:807168 next:[312492,807164] quick_restart_no_lp (fixed_bools=4233/14919)
#37    6547.46s best:794848 next:[312492,794844] quick_restart_no_lp (fixed_bools=4397/15369)
#38    6574.75s best:788856 next:[312492,788852] quick_restart_no_lp (fixed_bools=4399/15652)
#Bound 6938.34s best:788856 next:[315132,788852] objective_lb_search
#Model 7487.64s var:2435/2459 constraints:3651/3671
#39    8408.49s best:779840 next:[315132,779836] quick_restart_no_lp (fixed_bools=4875/17641)
#40    8890.12s best:713772 next:[315132,713768] objective_lb_search_no_lp (fixed_bools=3657/11723)
#Model 9034.97s var:2434/2459 constraints:3650/3671
#41    9059.38s best:680116 next:[315132,680112] core (fixed_bools=9210/33124)
#42    9060.43s best:668412 next:[315132,668408] core (fixed_bools=9210/33190)
#Bound 9162.12s best:668412 next:[320456,668408] quick_restart
#Bound 9423.81s best:668412 next:[323052,668408] objective_lb_search
#Bound 9590.74s best:668412 next:[325692,668408] default_lp
#Bound 9619.41s best:668412 next:[328332,668408] objective_lb_search
#43    10321.69s best:657212 next:[328332,657208] quick_restart_no_lp (fixed_bools=6632/20488)
#44    10333.54s best:652284 next:[328332,652280] quick_restart_no_lp (fixed_bools=6898/20612)
#45    11467.58s best:643660 next:[328332,643656] quick_restart_no_lp (fixed_bools=7099/22237)
#46    11469.20s best:633468 next:[328332,633464] quick_restart_no_lp (fixed_bools=7099/22276)
#47    11474.56s best:630500 next:[328332,630496] quick_restart_no_lp (fixed_bools=7099/22351)
#48    12160.47s best:619468 next:[328332,619464] quick_restart_no_lp (fixed_bools=7574/23687)
#49    13352.08s best:615380 next:[328332,615376] quick_restart_no_lp (fixed_bools=7904/25189)
#50    16009.05s best:606644 next:[328332,606640] quick_restart_no_lp (fixed_bools=8248/30562)
#51    17318.87s best:601436 next:[328332,601432] quick_restart_no_lp (fixed_bools=8579/33580)
#52    19661.66s best:592420 next:[328332,592416] quick_restart_no_lp (fixed_bools=8937/37125)

Task timing                                  n [     min,      max]      avg      dev     time         n [     min,      max]      avg      dev    dtime
                             'core':         1 [   8.00h,    8.00h]    8.00h   0.00ns    8.00h         1 [   7.47h,    7.47h]    7.47h   0.00ns    7.47h
                       'default_lp':         1 [   8.00h,    8.00h]    8.00h   0.00ns    8.00h         1 [  56.91m,   56.91m]   56.91m   0.00ns   56.91m
                 'feasibility_pump':         2 [543.50ms,    3.67s]    2.11s    1.56s    4.22s         1 [743.61ms, 743.61ms] 743.61ms   0.00ns 743.61ms
                  'fj_long_default':         1 [731.84ms, 731.84ms] 731.84ms   0.00ns 731.84ms         1 [ 34.93ms,  34.93ms]  34.93ms   0.00ns  34.93ms
              'fj_long_lin_default':         1 [343.89ms, 343.89ms] 343.89ms   0.00ns 343.89ms         1 [ 15.91ms,  15.91ms]  15.91ms   0.00ns  15.91ms
                   'fj_long_random':         2 [105.21ms, 211.57ms] 158.39ms  53.18ms 316.78ms         2 [ 30.84ms,  33.82ms]  32.33ms   1.49ms  64.66ms
                 'fj_short_default':         6 [ 61.91ms, 194.55ms]  89.12ms  47.47ms 534.72ms         6 [ 15.86ms,  22.27ms]  19.87ms   1.97ms 119.24ms
             'fj_short_lin_default':         1 [723.23ms, 723.23ms] 723.23ms   0.00ns 723.23ms         1 [ 20.90ms,  20.90ms]  20.90ms   0.00ns  20.90ms
              'fj_short_lin_random':         4 [ 53.48ms, 111.45ms]  85.38ms  21.80ms 341.52ms         4 [ 16.15ms,  27.02ms]  21.80ms   4.29ms  87.21ms
                  'fj_short_random':         1 [352.13ms, 352.13ms] 352.13ms   0.00ns 352.13ms         1 [ 15.48ms,  15.48ms]  15.48ms   0.00ns  15.48ms
                        'fs_random':         1 [   1.35s,    1.35s]    1.35s   0.00ns    1.35s         1 [ 20.00ns,  20.00ns]  20.00ns   0.00ns  20.00ns
                        'fs_random':         1 [   1.44s,    1.44s]    1.44s   0.00ns    1.44s         1 [ 20.00ns,  20.00ns]  20.00ns   0.00ns  20.00ns
                  'fs_random_no_lp':         1 [   1.23s,    1.23s]    1.23s   0.00ns    1.23s         0 [  0.00ns,   0.00ns]   0.00ns   0.00ns   0.00ns
                  'fs_random_no_lp':         1 [   1.35s,    1.35s]    1.35s   0.00ns    1.35s         0 [  0.00ns,   0.00ns]   0.00ns   0.00ns   0.00ns
          'fs_random_quick_restart':         1 [908.15ms, 908.15ms] 908.15ms   0.00ns 908.15ms         1 [ 20.00ns,  20.00ns]  20.00ns   0.00ns  20.00ns
          'fs_random_quick_restart':         1 [982.98ms, 982.98ms] 982.98ms   0.00ns 982.98ms         1 [ 20.00ns,  20.00ns]  20.00ns   0.00ns  20.00ns
    'fs_random_quick_restart_no_lp':         1 [   1.20s,    1.20s]    1.20s   0.00ns    1.20s         0 [  0.00ns,   0.00ns]   0.00ns   0.00ns   0.00ns
                    'graph_arc_lns':         5 [237.15ms,    8.00h]    1.60h    3.20h    8.00h         5 [ 10.00ns, 100.57ms]  80.18ms  40.09ms 400.90ms
                    'graph_cst_lns':         5 [151.30ms,    8.00h]    3.20h    3.92h   16.00h         5 [ 10.00ns, 100.64ms]  60.14ms  49.10ms 300.68ms
                    'graph_dec_lns':         5 [310.00ms,    8.00h]    4.80h    3.92h   24.00h         3 [ 30.00ns, 100.12ms]  66.72ms  47.17ms 200.15ms
                    'graph_var_lns':         5 [219.18ms,    8.00h]    1.60h    3.20h    8.00h         5 [ 10.00ns, 100.19ms]  80.08ms  40.04ms 400.39ms
                   'lb_tree_search':         1 [   8.00h,    8.00h]    8.00h   0.00ns    8.00h         1 [  39.74m,   39.74m]   39.74m   0.00ns   39.74m
                           'max_lp':         1 [   8.00h,    8.00h]    8.00h   0.00ns    8.00h         1 [  39.82m,   39.82m]   39.82m   0.00ns   39.82m
                            'no_lp':         1 [   8.00h,    8.00h]    8.00h   0.00ns    8.00h         1 [   7.64h,    7.64h]    7.64h   0.00ns    7.64h
              'objective_lb_search':         1 [   8.00h,    8.00h]    8.00h   0.00ns    8.00h         1 [  55.31m,   55.31m]   55.31m   0.00ns   55.31m
       'objective_lb_search_max_lp':         1 [   8.00h,    8.00h]    8.00h   0.00ns    8.00h         1 [  41.63m,   41.63m]   41.63m   0.00ns   41.63m
        'objective_lb_search_no_lp':         1 [   8.00h,    8.00h]    8.00h   0.00ns    8.00h         1 [   7.27h,    7.27h]    7.27h   0.00ns    7.27h
  'objective_shaving_search_max_lp':         6 [  8.58ms,    1.79s] 321.81ms 657.72ms    1.93s         1 [ 51.13ms,  51.13ms]  51.13ms   0.00ns  51.13ms
   'objective_shaving_search_no_lp':         6 [  5.28ms,    1.79s] 306.06ms 665.50ms    1.84s         1 [ 30.37ms,  30.37ms]  30.37ms   0.00ns  30.37ms
                          'probing':         1 [   8.00h,    8.00h]    8.00h   0.00ns    8.00h         1 [  56.45m,   56.45m]   56.45m   0.00ns   56.45m
                   'probing_max_lp':         1 [   8.00h,    8.00h]    8.00h   0.00ns    8.00h         1 [  42.97m,   42.97m]   42.97m   0.00ns   42.97m
                     'pseudo_costs':         1 [   8.00h,    8.00h]    8.00h   0.00ns    8.00h         1 [  40.41m,   40.41m]   40.41m   0.00ns   40.41m
                    'quick_restart':         1 [   8.00h,    8.00h]    8.00h   0.00ns    8.00h         1 [  56.97m,   56.97m]   56.97m   0.00ns   56.97m
              'quick_restart_no_lp':         1 [   8.00h,    8.00h]    8.00h   0.00ns    8.00h         1 [   5.76h,    5.76h]    5.76h   0.00ns    5.76h
                    'reduced_costs':         1 [   8.00h,    8.00h]    8.00h   0.00ns    8.00h         1 [  39.78m,   39.78m]   39.78m   0.00ns   39.78m
                        'rins/rens':         1 [   8.00h,    8.00h]    8.00h   0.00ns    8.00h         1 [ 10.00ns,  10.00ns]  10.00ns   0.00ns  10.00ns
                      'rnd_cst_lns':         6 [337.95ms,    8.00h]    5.33h    3.77h   32.00h         3 [ 40.00ns, 100.24ms]  66.81ms  47.24ms 200.42ms
                      'rnd_var_lns':         6 [   8.00h,    8.00h]    8.00h 482.60ms   48.00h         1 [ 60.00ns,  60.00ns]  60.00ns   0.00ns  60.00ns
                     'violation_ls':         6 [  1.60ms, 330.99ms]  81.57ms 114.28ms 489.40ms         6 [122.99us,  19.02ms]   8.26ms   8.10ms  49.54ms
                     'violation_ls':         6 [363.55us,  81.58ms]  36.51ms  27.04ms 219.07ms         6 [ 10.08us,  19.62ms]   8.76ms   6.71ms  52.54ms
                     'violation_ls':         6 [988.00us,  73.61ms]  40.78ms  21.94ms 244.70ms         6 [ 15.48us,  24.92ms]  11.08ms   8.27ms  66.46ms

Search stats                          Bools   Conflicts       Branches     Restarts      BoolPropag   IntegerPropag
                           'core':  104'299  14'805'105    706'978'817   95'785'705  87'002'540'091  19'210'723'555
                     'default_lp':    2'874           5        166'398       78'422       6'521'422      13'764'723
                      'fs_random':    2'064           0          2'276        2'276          50'894         147'495
                      'fs_random':    2'064           0            666          666          18'628          41'187
                'fs_random_no_lp':    2'064           0              0            0               0               0
                'fs_random_no_lp':    2'064           0          2'276        2'276          50'894         147'495
        'fs_random_quick_restart':    2'064           0          3'084        3'084          68'160         210'053
        'fs_random_quick_restart':    2'064           0          4'128        4'128          90'494         291'096
  'fs_random_quick_restart_no_lp':    2'064           0          2'276        2'276          50'894         147'495
                 'lb_tree_search':    2'874           3         49'695       32'369       2'496'839       5'196'476
                         'max_lp':    2'874           7         51'778       33'436       2'589'021       5'411'661
                          'no_lp':   94'470  14'234'744    678'940'344  101'909'944  80'082'611'318  20'174'710'824
            'objective_lb_search':    2'874           8        114'948       61'090       5'048'591      10'614'289
     'objective_lb_search_max_lp':    2'874          20         56'822       35'936       2'819'383       5'912'360
      'objective_lb_search_no_lp':   87'408  16'573'159    724'188'981  107'011'303  60'847'112'538  21'976'072'032
                        'probing':    2'874           6        145'298       71'786       5'960'177      12'541'730
                 'probing_max_lp':    2'874          12         58'845       37'229       2'936'224       6'141'331
                   'pseudo_costs':    2'874           7         52'195       33'637       2'613'317       5'467'705
                  'quick_restart':    2'874          15        148'438       72'330       5'995'991      12'630'812
            'quick_restart_no_lp':   43'756  19'268'614  1'378'744'710  110'192'276  51'434'376'860  25'435'684'466
                  'reduced_costs':    2'874           7         50'575       32'817       2'539'871       5'310'267

SAT stats                           ClassicMinim   LitRemoved     LitLearned   LitForgotten  Subsumed   MClauses  MDecisions  MLitTrue  MSubsumed  MLitRemoved  MReused
                           'core':    13'939'787  147'371'372  4'184'408'917  4'053'637'180   390'568    743'537   4'809'509         2      3'861       34'775  149'741
                     'default_lp':             0            0              5              0         0          0           0         0          0            0        0
                      'fs_random':             0            0              0              0         0          0           0         0          0            0        0
                      'fs_random':             0            0              0              0         0          0           0         0          0            0        0
                'fs_random_no_lp':             0            0              0              0         0          0           0         0          0            0        0
                'fs_random_no_lp':             0            0              0              0         0          0           0         0          0            0        0
        'fs_random_quick_restart':             0            0              0              0         0          0           0         0          0            0        0
        'fs_random_quick_restart':             0            0              0              0         0          0           0         0          0            0        0
  'fs_random_quick_restart_no_lp':             0            0              0              0         0          0           0         0          0            0        0
                 'lb_tree_search':             0            0              3              0         0          0           0         0          0            0        0
                         'max_lp':             0            0              7              0         0          0           0         0          0            0        0
                          'no_lp':    13'481'570  147'759'950  3'951'785'518  3'839'211'793   337'648    673'809   4'471'138        14      3'794       30'665  125'325
            'objective_lb_search':             2            6             10              0         0          0           0         0          0            0        0
     'objective_lb_search_max_lp':             0            0             20              0         0          0           0         0          0            0        0
      'objective_lb_search_no_lp':    15'775'064  169'267'701  4'760'643'610  4'645'123'974   347'800    949'640   5'510'021        22      3'437       27'714  205'733
                        'probing':             1            1              7              0         0          0           0         0          0            0        0
                 'probing_max_lp':             2            6             14              0         0          0           0         0          0            0        0
                   'pseudo_costs':             0            0              7              0         0          0           0         0          0            0        0
                  'quick_restart':             5           12             21              0         0          0           0         0          0            0        0
            'quick_restart_no_lp':    17'277'247  133'926'684  5'913'918'404  5'629'725'094   906'458  1'712'560  12'171'519         3      3'008       19'441  314'247
                  'reduced_costs':             0            0              7              0         0          0           0         0          0            0        0

Lp stats                         Component  Iterations  AddedCuts  OPTIMAL  DUAL_F.  DUAL_U.
                  'default_lp':          1  14'018'899  6'521'264  428'102       14        0
                   'fs_random':          1           0          0        0        0        0
                   'fs_random':          1           0          0        0        0        0
     'fs_random_quick_restart':          1           0          0        0        0        0
     'fs_random_quick_restart':          1          65          0        1        1        0
              'lb_tree_search':          1   4'732'097  2'098'536  115'125   28'665        0
                      'max_lp':          1   4'960'813  2'149'322  118'340   29'920        0
         'objective_lb_search':          1  11'568'027  5'710'681  336'549       13        0
  'objective_lb_search_max_lp':          1   5'407'445  2'320'168  127'463   32'874        0
                     'probing':          1  13'134'452  6'416'494  393'429        9        0
              'probing_max_lp':          1   5'579'469  2'383'366  131'393   34'183        0
                'pseudo_costs':          1   4'983'726  2'216'842  119'387   30'336        0
               'quick_restart':          1  13'084'654  6'185'730  396'733        7        0
               'reduced_costs':          1   5'005'174  2'135'662  116'261   29'492        0

Lp dimension                                                                        Final dimension of first component
                  'default_lp':  3212 rows, 2459 columns, 44615 entries with magnitude in [2.714385e-06, 1.000000e+00]
                   'fs_random':         0 rows, 2459 columns, 0 entries with magnitude in [0.000000e+00, 0.000000e+00]
                   'fs_random':         0 rows, 2459 columns, 0 entries with magnitude in [0.000000e+00, 0.000000e+00]
     'fs_random_quick_restart':         0 rows, 2459 columns, 0 entries with magnitude in [0.000000e+00, 0.000000e+00]
     'fs_random_quick_restart':     60 rows, 2459 columns, 1977 entries with magnitude in [4.272870e-02, 1.000000e+00]
              'lb_tree_search':  3385 rows, 2459 columns, 41660 entries with magnitude in [5.553524e-05, 1.000000e+00]
                      'max_lp':  4025 rows, 2459 columns, 47323 entries with magnitude in [5.573757e-06, 1.000000e+00]
         'objective_lb_search':  3718 rows, 2459 columns, 45230 entries with magnitude in [2.406743e-06, 1.000000e+00]
  'objective_lb_search_max_lp':  3435 rows, 2459 columns, 29661 entries with magnitude in [1.975852e-05, 1.000000e+00]
                     'probing':  3256 rows, 2459 columns, 28336 entries with magnitude in [1.239053e-05, 1.000000e+00]
              'probing_max_lp':  3532 rows, 2459 columns, 64478 entries with magnitude in [3.537491e-06, 1.000000e+00]
                'pseudo_costs':  3835 rows, 2459 columns, 56680 entries with magnitude in [3.530777e-05, 1.000000e+00]
               'quick_restart':  3387 rows, 2459 columns, 24121 entries with magnitude in [1.084338e-05, 1.000000e+00]
               'reduced_costs':  3376 rows, 2459 columns, 43516 entries with magnitude in [7.898507e-06, 1.000000e+00]

Lp debug                         CutPropag  CutEqPropag  Adjust  Overflow          Bad  BadScaling
                  'default_lp':          0        2'524      63         0  312'817'233           0
                   'fs_random':          0            0       0         0            0           0
                   'fs_random':          0            0       0         0            0           0
     'fs_random_quick_restart':          0            0       0         0            0           0
     'fs_random_quick_restart':          0            0       0         0            0           0
              'lb_tree_search':          4        1'849   2'188         0  224'007'495           0
                      'max_lp':          6        1'576   2'367         0  232'315'683           0
         'objective_lb_search':          0        2'346      57         0  281'932'832           0
  'objective_lb_search_max_lp':         13          955      19         0  244'342'596           0
                     'probing':          0        2'825      59         0  302'966'607           0
              'probing_max_lp':          5        1'844   8'765         0  256'873'634           0
                'pseudo_costs':          0        1'381   2'662         0  234'598'769           0
               'quick_restart':          0        2'927      75         0  305'099'576           0
               'reduced_costs':          0        1'490   1'555         0  228'721'364           0

Lp pool                          Constraints  Updates  Simplif  Merged  Shortened   Split  Strenghtened             Cuts/Call
                  'default_lp':       12'129   91'298   15'628     154        509   9'563       253'813  6'521'264/14'845'037
                   'fs_random':        3'019        0        0       0          0       0             0                   0/0
                   'fs_random':        3'019        0        0       0          0       0             0                   0/0
     'fs_random_quick_restart':        3'019        0        0       0          0       0             0                   0/0
     'fs_random_quick_restart':        3'019        0        0       0          0       0             0                   0/0
              'lb_tree_search':       13'146  100'304   24'370      61      1'582  20'156       318'149   2'098'536/4'303'093
                      'max_lp':       12'923  102'270   29'401      70      1'005  41'431       354'529   2'149'322/4'693'798
         'objective_lb_search':       12'567   96'064   13'170     133        621   8'871       188'736  5'710'681/13'523'875
  'objective_lb_search_max_lp':       12'711   86'827   24'935     128        949  17'392       368'690   2'320'168/4'899'069
                     'probing':       12'327   95'813   13'721     186        446  10'077       246'551  6'416'494/14'609'840
              'probing_max_lp':       12'923  100'944   29'730     114      1'055  25'273       383'101   2'383'366/5'171'836
                'pseudo_costs':       13'406   90'116   23'727     107        994  19'793       355'864   2'216'842/4'581'370
               'quick_restart':       12'609   98'336   15'838     140        356  10'420       239'972  6'185'730/14'349'799
               'reduced_costs':       13'241   83'748   22'851      92      1'159  23'374       336'972   2'135'662/4'601'476

Lp Cut               defaul   max_lp     quick_   reduce   pseudo   lb_tre     probin     object   probin   object
          CG_FF:    273'692   50'459    252'472   50'405   54'456   47'039    271'593    233'109   54'177   56'331
           CG_K:     12'270    8'224     17'035    6'829    7'927    7'079     14'686      4'973   10'401    8'608
          CG_KL:          -        2          2        1        3        5          1          6        3        1
           CG_R:    217'698   68'167    207'995   59'197   68'706   61'342    212'241    164'312   70'685   62'591
          CG_RB:  1'349'169  278'878  1'255'075  266'042  312'787  263'982  1'301'400  1'120'819  310'582  283'293
         CG_RBP:     24'209    9'871     29'330    7'866    9'495    4'817     37'713      5'786   14'611   11'545
         Clique:          -   42'670          -   41'109   42'443   39'189          -          -   47'854   46'366
             IB:  1'330'595  250'394  1'232'961  253'159  257'093  246'386  1'280'009  1'120'612  275'173  275'036
       MIR_1_FF:  1'125'477  297'981  1'120'237  306'921  318'413  285'326  1'114'982  1'276'625  324'127  327'360
        MIR_1_K:     13'797    9'357     13'100    8'877    9'407    7'645     15'909      8'906   11'548   10'679
       MIR_1_KL:         26       20         34       37       16       54         30        271        1       22
        MIR_1_R:     35'797   15'255     28'443   17'976   12'591   13'582     28'599     25'179   15'630   15'588
       MIR_1_RB:    976'218  377'352    908'982  401'326  398'950  395'169    977'633    795'218  418'230  430'010
      MIR_1_RBP:      8'275    4'205      8'923    4'227    4'372    3'281     10'354      4'543    6'784    5'421
      MIR_1_RLT:          -      592          -      512      664      532          -          -      707      588
       MIR_2_FF:     49'477   42'364     48'817   40'751   42'910   41'153     53'639     54'926   46'791   45'510
        MIR_2_K:      4'544    3'215      3'685    3'130    3'131    2'591      4'994      2'206    4'498    3'784
       MIR_2_KL:          4        5          7        6        4       14         14         49        -        6
        MIR_2_R:      8'681   14'209      8'276   14'187   12'324   13'332      8'119      6'937   14'667   14'361
       MIR_2_RB:    151'557  163'153    148'859  150'195  151'392  172'619    153'555    139'528  181'657  174'059
      MIR_2_RBP:      2'563    1'520      2'607    1'385    1'371    1'404      2'650      1'437    2'189    1'969
       MIR_3_FF:     17'984   19'168     18'025   17'865   19'420   17'969     16'533     17'180   20'535   20'413
        MIR_3_K:      4'271    4'170      4'086    3'901    4'177    3'377      4'210      2'680    4'932    4'766
       MIR_3_KL:          7       13          5       21        6       20          7         56        -        4
        MIR_3_R:     28'954   10'147     26'905    8'981    9'178    8'999     27'552     21'611   12'043   10'485
       MIR_3_RB:    152'497   87'496    137'903   87'502   88'315   87'525    144'104    118'194  102'779   95'977
      MIR_3_RBP:      2'762    1'624      2'902    1'452    1'548    1'163      3'099      1'570    2'178    1'862
       MIR_4_FF:      6'785   14'126      6'411   12'916   13'550   13'041      6'990      6'634   14'593   14'776
        MIR_4_K:      1'732    3'169      2'160    3'009    2'851    2'723      1'990      1'218    3'660    3'499
       MIR_4_KL:          -        8          3        3        -       12          3         15        -        4
        MIR_4_R:      5'793    4'406      5'557    3'764    3'765    3'772      5'767      4'713    4'794    4'426
       MIR_4_RB:     90'568   70'273     81'076   70'174   69'889   69'377     87'253     72'428   80'121   75'104
      MIR_4_RBP:      1'364    1'334      1'438    1'277    1'232    1'059      1'549        802    1'778    1'574
       MIR_5_FF:      4'501   13'590      4'329   12'665   13'786   12'623      4'273      4'503   14'167   14'602
        MIR_5_K:      1'218    3'597      1'392    3'555    3'525    3'059      1'159        780    4'533    4'137
       MIR_5_KL:          -        9          -        2        6       11          1         11        -        3
        MIR_5_R:      3'260    3'129      3'185    2'740    2'906    2'643      3'046      2'470    3'570    3'187
       MIR_5_RB:     65'880   59'220     60'272   58'606   60'077   57'738     63'737     53'999   67'127   63'366
      MIR_5_RBP:      1'083    1'662      1'073    1'605    1'684    1'329      1'075        619    2'035    1'936
       MIR_6_FF:      2'155    9'579      2'409    9'054    9'012    8'936      2'447      2'546    9'991    9'895
        MIR_6_K:        926    2'434        883    2'393    2'226    2'099        845        604    3'075    2'833
       MIR_6_KL:          1        7          -        3        7        5          -          1        -        1
        MIR_6_R:      1'824    2'837      1'745    2'634    2'563    2'366      1'672      1'334    3'137    2'987
       MIR_6_RB:     47'352   44'051     44'161   43'058   43'832   42'263     45'591     38'057   50'177   46'036
      MIR_6_RBP:        694      982        789    1'004      976      895        739        350    1'235    1'163
   ZERO_HALF_FF:     86'380   13'834     83'875   14'172   12'976   13'449     87'721     69'985   14'465   14'510
    ZERO_HALF_K:      5'737    2'376      7'699    2'414    2'515    2'029      6'253      3'845    2'925    2'722
   ZERO_HALF_KL:          -        5          -        -        1        1          -          1        -        1
    ZERO_HALF_R:    240'706   89'961    242'169   85'742   87'158   80'312    240'879    187'091   92'904   91'204
   ZERO_HALF_RB:    161'027   46'654    156'876   49'547   49'387   51'948    167'539    131'124   54'170   53'736
  ZERO_HALF_RBP:      1'754    1'567      1'562    1'465    1'819    1'250      2'339        818    2'124    1'831
  ZERO_HALF_RLT:          -        1          -        -        -        2          -          -        3        -

LNS stats           Improv/Calls  Closed  Difficulty  TimeLimit
  'graph_arc_lns':           5/5      0%        0.06       0.10
  'graph_cst_lns':           3/5     40%        0.43       0.10
  'graph_dec_lns':           3/5      0%        0.06       0.10
  'graph_var_lns':           2/5     60%        0.73       0.10
      'rins/rens':           1/1      0%        0.29       0.10
    'rnd_cst_lns':           6/6      0%        0.04       0.10
    'rnd_var_lns':           6/6      0%        0.04       0.10

LS stats                   Batches  Restarts  LinMoves  GenMoves  CompoundMoves  WeightUpdates
       'fj_long_default':        1         1     9'378         0              0            622
   'fj_long_lin_default':        1         1         0     3'127            689              6
        'fj_long_random':        2         1    18'242         0              0          1'549
      'fj_short_default':        6         1         0    22'668          2'324            124
  'fj_short_lin_default':        1         1         0     4'942            802             13
   'fj_short_lin_random':        4         1         0    16'574          1'300             19
       'fj_short_random':        1         1         0     2'543            609              2
          'violation_ls':        6         0         0     8'959            452             97
          'violation_ls':        6         0        18     7'892            641            108
          'violation_ls':        6         0     7'264     5'347            513          6'665

Solutions (52)                  Num     Rank
                       'core':    5  [23,42]
             'fj_long_random':    1    [1,1]
              'graph_arc_lns':    1    [7,7]
                      'no_lp':    5  [26,31]
  'objective_lb_search_no_lp':    1  [40,40]
        'quick_restart_no_lp':   30  [12,52]
               'violation_ls':    9   [2,11]

Objective bounds                      Num
                       'default_lp':    2
                   'initial_domain':    1
                           'max_lp':   47
              'objective_lb_search':    3
  'objective_shaving_search_max_lp':    5
   'objective_shaving_search_no_lp':    4
                          'probing':    1
                   'probing_max_lp':   26
                    'quick_restart':    1
                    'reduced_costs':   16

Solution repositories    Added  Queried  Ignored  Synchro
  'feasible solutions':    134       84        0      130
        'lp solutions':      0        0        0        0
                'pump':     11        1

Improving bounds shared            Num
                        'core':  4'084
                  'default_lp':    134
                      'max_lp':      2
                       'no_lp':  4'027
         'objective_lb_search':     10
  'objective_lb_search_max_lp':    168
   'objective_lb_search_no_lp':  3'103
                     'probing':     26
              'probing_max_lp':    207
                'pseudo_costs':     51
               'quick_restart':     53
         'quick_restart_no_lp':  3'073
               'reduced_costs':     49

Clauses shared                    Num
                       'core':  1'294
                      'no_lp':  1'306
        'objective_lb_search':      5
  'objective_lb_search_no_lp':  1'544
                    'probing':      1
             'probing_max_lp':      2
              'quick_restart':      6
        'quick_restart_no_lp':  1'664
              'reduced_costs':      1

CpSolverResponse summary:
status: FEASIBLE
objective: 592420
best_bound: 328332
integers: 2460
booleans: 2064
conflicts: 0
branches: 4128
propagations: 90494
integer_propagations: 291096
restarts: 4128
lp_iterations: 65
walltime: 28806.6
usertime: 28806.6
deterministic_time: 129546
gap_integral: 1.61726e+06
solution_fingerprint: 0xcf25977e65860d8e

CPU USED: 32
Loading /home/aneumann/projects/def-adhaj/aneumann/gns/data/instances/test/xl/instance_157.pkl...
===* START SOLVING *===
   index   value       gap    status  computing_time  max_time  cpu  max_memory
0    157  5924.2  0.445778  feasible    28807.765096         8   32         118
===* END OF FILE *===
