created virtual environment CPython3.12.4.final.0-64 in 1107ms
  creator CPython3Posix(dest=/local/aneumann.27429373.0/env, clear=False, no_vcs_ignore=False, global=False)
  seeder FromAppData(download=False, pip=bundle, via=copy, app_data_dir=/home/aneumann/.local/share/virtualenv)
    added seed packages: pip==24.0
  activators BashActivator,CShellActivator,FishActivator,NushellActivator,PowerShellActivator,PythonActivator
Looking in links: /cvmfs/soft.computecanada.ca/custom/python/wheelhouse/gentoo2023/x86-64-v3, /cvmfs/soft.computecanada.ca/custom/python/wheelhouse/gentoo2023/generic, /cvmfs/soft.computecanada.ca/custom/python/wheelhouse/generic
Requirement already satisfied: pip in /local/aneumann.27429373.0/env/lib/python3.12/site-packages (24.0)
Processing /cvmfs/soft.computecanada.ca/custom/python/wheelhouse/generic/pip-24.2+computecanada-py3-none-any.whl
Installing collected packages: pip
  Attempting uninstall: pip
    Found existing installation: pip 24.0
    Uninstalling pip-24.0:
      Successfully uninstalled pip-24.0
Successfully installed pip-24.2+computecanada
Looking in links: /cvmfs/soft.computecanada.ca/custom/python/wheelhouse/gentoo2023/x86-64-v3, /cvmfs/soft.computecanada.ca/custom/python/wheelhouse/gentoo2023/generic, /cvmfs/soft.computecanada.ca/custom/python/wheelhouse/generic
ERROR: protobuf-5.28.3-cp38-abi3-manylinux2014_x86_64.whl is not a supported wheel on this platform.
Looking in links: /cvmfs/soft.computecanada.ca/custom/python/wheelhouse/gentoo2023/x86-64-v3, /cvmfs/soft.computecanada.ca/custom/python/wheelhouse/gentoo2023/generic, /cvmfs/soft.computecanada.ca/custom/python/wheelhouse/generic
Processing /home/aneumann/projects/def-adhaj/aneumann/gns/wheels/immutabledict-4.2.0-py3-none-any.whl
Installing collected packages: immutabledict
Successfully installed immutabledict-4.2.0
Looking in links: /cvmfs/soft.computecanada.ca/custom/python/wheelhouse/gentoo2023/x86-64-v3, /cvmfs/soft.computecanada.ca/custom/python/wheelhouse/gentoo2023/generic, /cvmfs/soft.computecanada.ca/custom/python/wheelhouse/generic
Processing /cvmfs/soft.computecanada.ca/custom/python/wheelhouse/generic/ortools-9.10.4067+computecanada-cp312-cp312-linux_x86_64.whl (from -r /home/aneumann/projects/def-adhaj/aneumann/gns/requirements_or.txt (line 1))
Processing /cvmfs/soft.computecanada.ca/custom/python/wheelhouse/gentoo2023/x86-64-v3/pandas-2.2.2+computecanada-cp312-cp312-linux_x86_64.whl (from -r /home/aneumann/projects/def-adhaj/aneumann/gns/requirements_or.txt (line 2))
Processing /cvmfs/soft.computecanada.ca/custom/python/wheelhouse/generic/absl_py-2.1.0+computecanada-py3-none-any.whl (from ortools->-r /home/aneumann/projects/def-adhaj/aneumann/gns/requirements_or.txt (line 1))
Processing /cvmfs/soft.computecanada.ca/custom/python/wheelhouse/gentoo2023/generic/numpy-2.1.1+computecanada-cp312-cp312-linux_x86_64.whl (from ortools->-r /home/aneumann/projects/def-adhaj/aneumann/gns/requirements_or.txt (line 1))
Processing /cvmfs/soft.computecanada.ca/custom/python/wheelhouse/gentoo2023/x86-64-v3/protobuf-5.28.0+computecanada-cp312-cp312-linux_x86_64.whl (from ortools->-r /home/aneumann/projects/def-adhaj/aneumann/gns/requirements_or.txt (line 1))
Requirement already satisfied: immutabledict>=3.0.0 in /local/aneumann.27429373.0/env/lib/python3.12/site-packages (from ortools->-r /home/aneumann/projects/def-adhaj/aneumann/gns/requirements_or.txt (line 1)) (4.2.0)
Processing /cvmfs/soft.computecanada.ca/custom/python/wheelhouse/generic/python_dateutil-2.9.0.post0+computecanada-py2.py3-none-any.whl (from pandas->-r /home/aneumann/projects/def-adhaj/aneumann/gns/requirements_or.txt (line 2))
Processing /cvmfs/soft.computecanada.ca/custom/python/wheelhouse/generic/pytz-2024.2+computecanada-py2.py3-none-any.whl (from pandas->-r /home/aneumann/projects/def-adhaj/aneumann/gns/requirements_or.txt (line 2))
Processing /cvmfs/soft.computecanada.ca/custom/python/wheelhouse/generic/tzdata-2024.2+computecanada-py2.py3-none-any.whl (from pandas->-r /home/aneumann/projects/def-adhaj/aneumann/gns/requirements_or.txt (line 2))
Processing /cvmfs/soft.computecanada.ca/custom/python/wheelhouse/generic/six-1.16.0+computecanada-py2.py3-none-any.whl (from python-dateutil>=2.8.2->pandas->-r /home/aneumann/projects/def-adhaj/aneumann/gns/requirements_or.txt (line 2))
Installing collected packages: pytz, tzdata, six, protobuf, numpy, absl-py, python-dateutil, pandas, ortools
Successfully installed absl-py-2.1.0+computecanada numpy-2.1.1+computecanada ortools-9.10.4067+computecanada pandas-2.2.2+computecanada protobuf-5.28.0+computecanada python-dateutil-2.9.0.post0+computecanada pytz-2024.2+computecanada six-1.16.0+computecanada tzdata-2024.2+computecanada

Starting CP-SAT solver v9.10.4067
Parameters: max_time_in_seconds: 21600 max_memory_in_mb: 118 log_search_progress: true optimize_with_core: true cp_model_presolve: true enumerate_all_solutions: false num_search_workers: 32 use_implied_bounds: true absolute_gap_limit: 5 relative_gap_limit: 0.01 use_probing_search: true

Initial optimization model '': (model_fingerprint: 0x668efd271feedfee)
#Variables: 3'208 (#bools: 25 #ints: 1 in objective)
  - 2'818 Booleans in [0,1]
  - 389 in [0,225000]
  - 1 constants in {1} 
#kBoolOr: 1'172 (#literals: 1'172)
#kLinear1: 602
#kLinear2: 9'427
#kLinear3: 1'604
#kLinearN: 1'088 (#terms: 9'364)

Starting presolve at 0.00s
  3.14e-03s  0.00e+00d  [DetectDominanceRelations] 
  7.29e-02s  0.00e+00d  [PresolveToFixPoint] #num_loops=14 #num_dual_strengthening=3 
  1.02e-04s  0.00e+00d  [ExtractEncodingFromLinear] #potential_supersets=250 
[Symmetry] Graph for symmetry has 11'488 nodes and 25'613 arcs.
[Symmetry] Symmetry computation done. time: 0.00351116 dtime: 0.00339573
[SAT presolve] num removable Booleans: 0 / 1805
[SAT presolve] num trivial clauses: 0
[SAT presolve] [0s] clauses:3620 literals:7240 vars:1777 one_side_vars:1725 simple_definition:16 singleton_clauses:0
[SAT presolve] [0.000346369s] clauses:3620 literals:7240 vars:1777 one_side_vars:1725 simple_definition:16 singleton_clauses:0
[SAT presolve] [0.000521427s] clauses:3620 literals:7240 vars:1777 one_side_vars:1725 simple_definition:16 singleton_clauses:0
  1.09e+00s  1.85e-01d  [Probe] #probed=4'094 #fixed_bools=104 #new_bounds=158 
  1.02e-02s  0.00e+00d  [MaxClique] Merged 3858(10556 literals) into 1152(8495 literals) at_most_ones. 
  2.61e-03s  0.00e+00d  [DetectDominanceRelations] 
  1.96e-02s  0.00e+00d  [PresolveToFixPoint] #num_loops=5 #num_dual_strengthening=4 
  3.95e-03s  0.00e+00d  [ProcessAtMostOneAndLinear] #num_changes=47 
  2.39e-03s  0.00e+00d  [DetectDuplicateConstraints] #without_enforcements=2 
  5.97e-04s  2.62e-05d  [DetectDominatedLinearConstraints] #relevant_constraints=1'719 
  7.18e-04s  0.00e+00d  [DetectDifferentVariables] #different=15 
  1.24e-03s  2.49e-04d  [ProcessSetPPC] #relevant_constraints=1'148 #num_inclusions=748 
  8.61e-05s  0.00e+00d  [FindAlmostIdenticalLinearConstraints] 
  5.03e-03s  5.09e-03d  [FindBigAtMostOneAndLinearOverlap] 
  1.67e-03s  2.46e-03d  [FindBigVerticalLinearOverlap] 
  5.73e-04s  1.37e-03d  [FindBigHorizontalLinearOverlap] #linears=176 
  1.12e-04s  0.00e+00d  [MergeClauses] 
  2.61e-03s  0.00e+00d  [DetectDominanceRelations] 
  9.83e-03s  0.00e+00d  [PresolveToFixPoint] #num_loops=1 #num_dual_strengthening=1 
  2.66e-03s  0.00e+00d  [DetectDominanceRelations] 
  9.83e-03s  0.00e+00d  [PresolveToFixPoint] #num_loops=1 #num_dual_strengthening=1 
[Symmetry] Graph for symmetry has 8'977 nodes and 18'442 arcs.
[Symmetry] Symmetry computation done. time: 0.00189269 dtime: 0.00220433
[SAT presolve] num removable Booleans: 0 / 1697
[SAT presolve] num trivial clauses: 0
[SAT presolve] [0s] clauses:18 literals:36 vars:25 one_side_vars:20 simple_definition:5 singleton_clauses:0
[SAT presolve] [5.4674e-05s] clauses:18 literals:36 vars:25 one_side_vars:20 simple_definition:5 singleton_clauses:0
[SAT presolve] [0.000105823s] clauses:18 literals:36 vars:25 one_side_vars:20 simple_definition:5 singleton_clauses:0
  3.43e-01s  5.58e-02d  [Probe] #probed=3'982 #new_bounds=51 
  3.15e-03s  0.00e+00d  [MaxClique] Merged 877(6809 literals) into 877(6815 literals) at_most_ones. 
  2.53e-03s  0.00e+00d  [DetectDominanceRelations] 
  1.51e-02s  0.00e+00d  [PresolveToFixPoint] #num_loops=4 #num_dual_strengthening=3 
  3.68e-03s  0.00e+00d  [ProcessAtMostOneAndLinear] 
  2.36e-03s  0.00e+00d  [DetectDuplicateConstraints] #duplicates=4 
  6.21e-04s  2.62e-05d  [DetectDominatedLinearConstraints] #relevant_constraints=1'719 
  6.44e-04s  0.00e+00d  [DetectDifferentVariables] #different=15 
  1.06e-03s  2.41e-04d  [ProcessSetPPC] #relevant_constraints=1'065 #num_inclusions=659 
  8.79e-05s  0.00e+00d  [FindAlmostIdenticalLinearConstraints] 
  5.03e-03s  5.09e-03d  [FindBigAtMostOneAndLinearOverlap] 
  1.67e-03s  2.46e-03d  [FindBigVerticalLinearOverlap] 
  5.78e-04s  1.37e-03d  [FindBigHorizontalLinearOverlap] #linears=176 
  1.08e-04s  0.00e+00d  [MergeClauses] 
  2.55e-03s  0.00e+00d  [DetectDominanceRelations] 
  9.77e-03s  0.00e+00d  [PresolveToFixPoint] #num_loops=1 #num_dual_strengthening=1 
  2.67e-03s  0.00e+00d  [DetectDominanceRelations] 
  9.86e-03s  0.00e+00d  [PresolveToFixPoint] #num_loops=1 #num_dual_strengthening=1 
[Symmetry] Graph for symmetry has 8'977 nodes and 18'447 arcs.
[Symmetry] Symmetry computation done. time: 0.00181835 dtime: 0.0022022
[SAT presolve] num removable Booleans: 0 / 1697
[SAT presolve] num trivial clauses: 0
[SAT presolve] [0s] clauses:18 literals:36 vars:25 one_side_vars:20 simple_definition:5 singleton_clauses:0
[SAT presolve] [5.3605e-05s] clauses:18 literals:36 vars:25 one_side_vars:20 simple_definition:5 singleton_clauses:0
[SAT presolve] [0.00010498s] clauses:18 literals:36 vars:25 one_side_vars:20 simple_definition:5 singleton_clauses:0
  3.39e-01s  5.51e-02d  [Probe] #probed=3'982 #new_bounds=2 
  3.26e-03s  0.00e+00d  [MaxClique] Merged 877(6814 literals) into 877(6815 literals) at_most_ones. 
  2.57e-03s  0.00e+00d  [DetectDominanceRelations] 
  1.34e-02s  0.00e+00d  [PresolveToFixPoint] #num_loops=5 #num_dual_strengthening=4 
  3.63e-03s  0.00e+00d  [ProcessAtMostOneAndLinear] 
  2.34e-03s  0.00e+00d  [DetectDuplicateConstraints] #duplicates=6 
  5.95e-04s  2.62e-05d  [DetectDominatedLinearConstraints] #relevant_constraints=1'719 
  6.47e-04s  0.00e+00d  [DetectDifferentVariables] #different=15 
  1.06e-03s  2.41e-04d  [ProcessSetPPC] #relevant_constraints=1'065 #num_inclusions=659 
  9.11e-05s  0.00e+00d  [FindAlmostIdenticalLinearConstraints] 
  5.22e-03s  5.10e-03d  [FindBigAtMostOneAndLinearOverlap] 
  1.69e-03s  2.46e-03d  [FindBigVerticalLinearOverlap] 
  5.83e-04s  1.37e-03d  [FindBigHorizontalLinearOverlap] #linears=176 
  1.12e-04s  0.00e+00d  [MergeClauses] 
  2.55e-03s  0.00e+00d  [DetectDominanceRelations] 
  9.74e-03s  0.00e+00d  [PresolveToFixPoint] #num_loops=1 #num_dual_strengthening=1 
  1.96e-04s  0.00e+00d  [ExpandObjective] #entries=126 #tight_variables=45 #tight_constraints=12 

Presolve summary:
  - 76 affine relations were detected.
  - rule 'TODO dual: only one blocking constraint?' was applied 35'685 times.
  - rule 'TODO dual: only one unspecified blocking constraint?' was applied 19 times.
  - rule 'TODO dual: tighten at most one' was applied 1'322 times.
  - rule 'TODO linear2: contains a Boolean.' was applied 16'869 times.
  - rule 'affine: new relation' was applied 76 times.
  - rule 'at_most_one: empty or all false' was applied 6 times.
  - rule 'at_most_one: removed literals' was applied 521 times.
  - rule 'at_most_one: singleton' was applied 4 times.
  - rule 'at_most_one: size one' was applied 192 times.
  - rule 'at_most_one: transformed into max clique.' was applied 1 time.
  - rule 'bool_and: non-reified.' was applied 72 times.
  - rule 'bool_or: always true' was applied 1'172 times.
  - rule 'bool_or: implications' was applied 8'431 times.
  - rule 'deductions: 440 stored' was applied 1 time.
  - rule 'dual: add implication' was applied 24 times.
  - rule 'dual: fix variable' was applied 418 times.
  - rule 'dual: fix variable with multiple choices' was applied 10 times.
  - rule 'dual: reduced domain' was applied 204 times.
  - rule 'duplicate: removed constraint' was applied 10 times.
  - rule 'duplicate: removed enforced constraint' was applied 2 times.
  - rule 'enforcement: false literal' was applied 4'422 times.
  - rule 'enforcement: literal not used' was applied 17 times.
  - rule 'enforcement: true literal' was applied 72 times.
  - rule 'linear + amo: extracted enforcement literal' was applied 9 times.
  - rule 'linear + amo: fixed literal implied by enforcement' was applied 38 times.
  - rule 'linear1: always true' was applied 1 time.
  - rule 'linear2: contains a Boolean.' was applied 8 times.
  - rule 'linear: always true' was applied 1'525 times.
  - rule 'linear: divide by GCD' was applied 5'459 times.
  - rule 'linear: empty' was applied 123 times.
  - rule 'linear: extracted enforcement literal' was applied 648 times.
  - rule 'linear: fixed or dup variables' was applied 1'641 times.
  - rule 'linear: negative clause' was applied 2'399 times.
  - rule 'linear: positive at most one' was applied 244 times.
  - rule 'linear: positive clause' was applied 6'032 times.
  - rule 'linear: positive equal one' was applied 12 times.
  - rule 'linear: reduced variable domains' was applied 818 times.
  - rule 'linear: remapped using affine relations' was applied 2'524 times.
  - rule 'linear: simplified rhs' was applied 19'406 times.
  - rule 'linear: singleton column' was applied 7 times.
  - rule 'objective: variable not used elsewhere' was applied 1 time.
  - rule 'presolve: 1099 unused variables removed.' was applied 1 time.
  - rule 'presolve: iteration' was applied 3 times.
  - rule 'setppc: removed dominated constraints' was applied 85 times.

Presolved optimization model '': (model_fingerprint: 0xc0591fa211aa8caf)
#Variables: 2'026 (#bools: 24 #ints: 1 in objective)
  - 1'697 Booleans in [0,1]
  - 1 in [0,725]
  - 1 in [0,729]
  - 1 in [0,732]
  - 1 in [0,1465]
  - 1 in [0,1468]
  - 1 in [0,1469]
  - 1 in [0,1474]
  - 13 in [0,1475]
  - 15 in [0,1477]
  - 1 in [0,1479]
  - 1 in [0,1482]
  - 1 in [0,1484]
  - 2 in [0,1485]
  - 11 in [0,1486]
  - 1 in [0,7300]
  - 1 in [0,7340]
  - 9 in [0,7375]
  - 15 in [0,7385]
  - 1 in [0,7400]
  - 1 in [0,7410]
  - 1 in [0,7420]
  - 1 in [0,7425]
  - 18 in [0,7430]
  - 114 in [0,225000]
  - 2 in [2,727]
  - 2 in [4,736]
  - 1 in [5,734]
  - 1 in [7,732]
  - 1 in [8,740]
  - 1 in [50,3746]
  - 1 in [52,3748]
  - 1 in [53,3749]
  - 1 in [54,3750]
  - 1 in [80,3740]
  - 1 in [81,3744]
  - 1 in [85,3745]
  - 1 in [86,3746]
  - 1 in [87,3750]
  - 1 in [90,3750]
  - 1 in [600,218100]
  - 1 in [1200,220800]
  - 1 in [1200,222300]
  - 1 in [1200,222900]
  - 2 in [1200,223680]
  - 2 in [1200,224640]
  - 2 in [1200,225000]
  - 1 in [1500,220200]
  - 1 in [1500,221400]
  - 1 in [1500,222000]
  - 1 in [1500,222300]
  - 1 in [1500,223080]
  - 2 in [1500,223440]
  - 2 in [1500,223560]
  - 2 in [1500,224700]
  - 2 in [1500,225000]
  - 1 in [2100,219600]
  - 1 in [2100,220500]
  - 1 in [2100,222000]
  - 1 in [2100,223200]
  - 2 in [2100,223740]
  - 2 in [2100,224040]
  - 2 in [2100,224160]
  - 2 in [2100,224460]
  - 2 in [2100,224760]
  - 1 in [2400,222000]
  - 1 in [2400,222600]
  - 2 in [2400,223800]
  - 2 in [2400,224640]
  - 3 in [2984,224199]
  - 4 in [3000,224760]
  - 1 in [3120,224890]
  - 2 in [3156,224926]
  - 3 in [3170,224940]
  - 2 in [3321,224220]
  - 2 in [3593,221400]
  - 2 in [3915,225000]
  - 3 in [3973,223080]
  - 2 in [4264,223920]
  - 2 in [4599,224382]
  - 4 in [4617,224400]
  - 3 in [4800,223680]
  - 3 in [4800,224400]
  - 2 in [4824,224640]
  - 1 in [4824,224972]
  - 1 in [4852,225000]
  - 3 in [4980,223860]
  - 1 in [5100,224722]
  - 1 in [5138,224760]
  - 4 in [5160,224760]
  - 1 in [5322,223129]
  - 2 in [5322,224220]
  - 4 in [5400,225000]
#kAtMostOne: 859 (#literals: 6'778)
#kBoolAnd: 22 (#enforced: 22) (#literals: 44)
#kExactlyOne: 12 (#literals: 45)
#kLinear1: 6 (#enforced: 6)
#kLinear2: 724 (#enforced: 532 #multi: 27)
#kLinear3: 972 (#enforced: 12)
#kLinearN: 555 (#terms: 4'000)

Preloading model.
#Bound   2.05s best:inf   next:[194160,7874928] initial_domain
[Symmetry] Graph for symmetry has 7'795 nodes and 18'447 arcs.
[Symmetry] Symmetry computation done. time: 0.00177128 dtime: 0.00213124
#Model   2.05s var:2026/2026 constraints:3150/3150

Starting search at 2.05s with 32 workers.
16 full problem subsolvers: [core, default_lp, lb_tree_search, max_lp, no_lp, objective_lb_search, objective_lb_search_max_lp, objective_lb_search_no_lp, objective_shaving_search_max_lp, objective_shaving_search_no_lp, probing, probing_max_lp, pseudo_costs, quick_restart, quick_restart_no_lp, reduced_costs]
14 first solution subsolvers: [fj_long_default, fj_long_lin_default, fj_long_random, fj_short_default, fj_short_lin_default, fj_short_lin_random, fj_short_random, fs_random(2), fs_random_no_lp(2), fs_random_quick_restart(2), fs_random_quick_restart_no_lp]
11 incomplete subsolvers: [feasibility_pump, graph_arc_lns, graph_cst_lns, graph_dec_lns, graph_var_lns, rins/rens, rnd_cst_lns, rnd_var_lns, violation_ls(3)]
3 helper subsolvers: [neighborhood_helper, synchronization_agent, update_gap_integral]
#Bound   2.15s best:inf   next:[194162,7874928] objective_shaving_search_no_lp (vars=2026 csts=3167)
#Bound   2.18s best:inf   next:[194164,7874928] objective_shaving_search_max_lp (vars=2026 csts=3151)
#Bound   2.19s best:inf   next:[194166,7874928] objective_shaving_search_max_lp (vars=2026 csts=3151)
#Bound   2.20s best:inf   next:[194168,7874928] objective_shaving_search_max_lp (vars=2026 csts=3151)
#Bound   2.21s best:inf   next:[194170,7874928] objective_shaving_search_max_lp (vars=2026 csts=3151)
#Bound   2.22s best:inf   next:[194172,7874928] objective_shaving_search_max_lp (vars=2026 csts=3151)
#Bound   2.24s best:inf   next:[194174,7874928] objective_shaving_search_max_lp (vars=2026 csts=3151)
#Bound   2.25s best:inf   next:[194176,7874928] objective_shaving_search_max_lp (vars=2026 csts=3151)
#Bound   2.26s best:inf   next:[194178,7874928] objective_shaving_search_max_lp (vars=2026 csts=3151)
#Bound   2.27s best:inf   next:[194180,7874928] objective_shaving_search_max_lp (vars=2026 csts=3151)
#Bound   2.28s best:inf   next:[194182,7874928] objective_shaving_search_max_lp (vars=2026 csts=3151)
#Bound   2.30s best:inf   next:[194184,7874928] objective_shaving_search_max_lp (vars=2026 csts=3151)
#Bound   2.31s best:inf   next:[194186,7874928] objective_shaving_search_no_lp (vars=2026 csts=3151)
#Bound   2.33s best:inf   next:[194188,7874928] objective_shaving_search_no_lp (vars=2026 csts=3151)
#Bound   2.34s best:inf   next:[194190,7874928] objective_shaving_search_no_lp (vars=2026 csts=3151)
#Bound   2.36s best:inf   next:[194192,7874928] objective_shaving_search_max_lp (vars=2026 csts=3151)
#Bound   2.37s best:inf   next:[194194,7874928] objective_shaving_search_max_lp (vars=2026 csts=3151)
#Bound   2.39s best:inf   next:[194196,7874928] objective_shaving_search_max_lp (vars=2027 csts=3167)
#Bound   2.41s best:inf   next:[194198,7874928] objective_shaving_search_max_lp (vars=2026 csts=3151)
#Bound   2.42s best:inf   next:[194200,7874928] objective_shaving_search_max_lp (vars=2026 csts=3151)
#Bound   2.43s best:inf   next:[194202,7874928] objective_shaving_search_no_lp (vars=2026 csts=3151)
#Bound   2.44s best:inf   next:[194204,7874928] objective_shaving_search_no_lp (vars=2026 csts=3151)
#1       2.47s best:7874928 next:[194206,7874926] fj_long_random(batch:3 #lin_moves:24'248 #lin_evals:48'150 #weight_updates:1'574)
#2       2.47s best:7874894 next:[206128,7874892] violation_ls(batch:1 #solutions_imported:1 #lin_moves:0 #lin_evals:5'848 #gen_moves:172 #gen_evals:0 #comp_moves:14 #backtracks:79 #weight_updates:1)
#3       2.48s best:7874860 next:[206128,7874858] violation_ls(batch:2 #solutions_imported:2 #lin_moves:0 #lin_evals:6'529 #gen_moves:180 #gen_evals:0 #comp_moves:18 #backtracks:81 #weight_updates:1)
#4       2.49s best:7874826 next:[206128,7874824] violation_ls(batch:2 #solutions_imported:2 #lin_moves:0 #lin_evals:7'637 #gen_moves:102 #gen_evals:0 #comp_moves:12 #backtracks:45 #weight_updates:2)
#5       2.53s best:7874792 next:[206128,7874790] violation_ls(batch:3 #solutions_imported:3 #lin_moves:4 #lin_evals:6'565 #gen_moves:180 #gen_evals:0 #comp_moves:18 #backtracks:81 #weight_updates:4)
#6       2.54s best:7871756 next:[206128,7871754] violation_ls(batch:3 #solutions_imported:3 #lin_moves:161 #lin_evals:8'371 #gen_moves:102 #gen_evals:0 #comp_moves:12 #backtracks:45 #weight_updates:61)
#7       2.57s best:7871722 next:[206128,7871720] violation_ls(batch:3 #solutions_imported:3 #lin_moves:407 #lin_evals:59'912 #gen_moves:4'432 #gen_evals:0 #comp_moves:520 #backtracks:1'952 #weight_updates:197)
#8       2.70s best:7871688 next:[206128,7871686] violation_ls(batch:4 #solutions_imported:4 #lin_moves:4 #lin_evals:9'488 #gen_moves:213 #gen_evals:0 #comp_moves:23 #backtracks:95 #weight_updates:4)
#9       2.70s best:7871654 next:[206128,7871652] violation_ls(batch:4 #solutions_imported:4 #lin_moves:415 #lin_evals:59'962 #gen_moves:4'432 #gen_evals:0 #comp_moves:520 #backtracks:1'952 #weight_updates:202)
#10      2.70s best:7871620 next:[206128,7871618] violation_ls(batch:4 #solutions_imported:4 #lin_moves:161 #lin_evals:11'876 #gen_moves:143 #gen_evals:0 #comp_moves:19 #backtracks:62 #weight_updates:62)
#11      2.88s best:7871586 next:[206128,7871584] violation_ls(batch:5 #solutions_imported:5 #lin_moves:423 #lin_evals:60'011 #gen_moves:4'432 #gen_evals:0 #comp_moves:520 #backtracks:1'952 #weight_updates:207)
#12      2.88s best:7871552 next:[206128,7871550] violation_ls(batch:5 #solutions_imported:5 #lin_moves:168 #lin_evals:11'923 #gen_moves:143 #gen_evals:0 #comp_moves:19 #backtracks:62 #weight_updates:66)
#Model   2.94s var:2024/2026 constraints:3150/3150
#Bound   2.47s best:7874928 next:[206128,7874926] fs_random (initial_propagation) [skipped_logs=2]
#13      3.10s best:7856902 next:[206128,7856900] graph_dec_lns (d=0.50 s=126 t=0.10 p=0.00 stall=0 h=auto_l0)
#14      3.17s best:7856868 next:[206128,7856866] violation_ls(batch:6 #solutions_imported:6 #lin_moves:16 #lin_evals:17'377 #gen_moves:323 #gen_evals:0 #comp_moves:31 #backtracks:146 #weight_updates:12)
#15      3.17s best:7856834 next:[206128,7856832] violation_ls(batch:6 #solutions_imported:6 #lin_moves:423 #lin_evals:61'313 #gen_moves:4'476 #gen_evals:0 #comp_moves:528 #backtracks:1'970 #weight_updates:208)
#16      3.17s best:7856800 next:[206128,7856798] violation_ls(batch:6 #solutions_imported:6 #lin_moves:168 #lin_evals:13'259 #gen_moves:187 #gen_evals:0 #comp_moves:27 #backtracks:80 #weight_updates:67)
#Bound   4.02s best:7856800 next:[235624,7856798] reduced_costs [skipped_logs=5]
#Bound   4.99s best:7856800 next:[240004,7856798] reduced_costs [skipped_logs=4]
#Model   5.06s var:2023/2026 constraints:3149/3150
#Bound   5.27s best:7856800 next:[242244,7856798] reduced_costs [skipped_logs=2]
#Model   6.29s var:2022/2026 constraints:3148/3150
#Model   6.50s var:2021/2026 constraints:3147/3150
#Bound   6.97s best:7856800 next:[245902,7856798] lb_tree_search [skipped_logs=5]
#Bound   7.77s best:7856800 next:[249010,7856798] pseudo_costs [skipped_logs=3]
#Model   8.21s var:2020/2026 constraints:3146/3150
#Model   8.81s var:2019/2026 constraints:3146/3150
#Bound   8.61s best:7856800 next:[254134,7856798] pseudo_costs [skipped_logs=3]
#Bound   9.70s best:7856800 next:[254786,7856798] pseudo_costs [skipped_logs=2]
#Model  10.78s var:2018/2026 constraints:3146/3150
#Bound  10.89s best:7856800 next:[254882,7856798] pseudo_costs [skipped_logs=4]
#Model  11.88s var:2017/2026 constraints:3145/3150
#Bound  12.07s best:7856800 next:[254932,7856798] pseudo_costs [skipped_logs=3]
#Model  12.08s var:2016/2026 constraints:3145/3150
#Model  12.34s var:2015/2026 constraints:3144/3150
#Bound  13.02s best:7856800 next:[255566,7856798] pseudo_costs [skipped_logs=6]
#Model  13.55s var:2014/2026 constraints:3144/3150
#Bound  13.93s best:7856800 next:[255592,7856798] pseudo_costs [skipped_logs=3]
#Model  14.55s var:2013/2026 constraints:3143/3150
#Bound  14.24s best:7856800 next:[255608,7856798] pseudo_costs [skipped_logs=1]
#Model  15.82s var:2012/2026 constraints:3143/3150
#Model  16.32s var:2011/2026 constraints:3143/3150
#Model  16.73s var:2010/2026 constraints:3142/3150
#Bound  17.84s best:7856800 next:[255732,7856798] lb_tree_search
#Bound  18.45s best:7856800 next:[255790,7856798] lb_tree_search
#Model  18.93s var:2009/2026 constraints:3140/3150
#Model  20.14s var:2008/2026 constraints:3140/3150
#Model  21.64s var:2007/2026 constraints:3138/3150
#Model  22.85s var:2006/2026 constraints:3138/3150
#Model  23.25s var:2005/2026 constraints:3137/3150
#Bound  23.69s best:7856800 next:[255808,7856798] lb_tree_search
#Model  25.36s var:2004/2026 constraints:3137/3150
#Model  26.36s var:2003/2026 constraints:3137/3150
#Model  28.87s var:2002/2026 constraints:3136/3150
#Model  29.28s var:2001/2026 constraints:3136/3150
#Model  29.38s var:2000/2026 constraints:3135/3150
#Bound  34.77s best:7856800 next:[255824,7856798] lb_tree_search
#Bound  40.42s best:7856800 next:[255982,7856798] lb_tree_search
#Bound  40.68s best:7856800 next:[256042,7856798] lb_tree_search
#Model  43.19s var:1999/2026 constraints:3133/3150
#Model  49.40s var:1998/2026 constraints:3133/3150
#Bound  52.86s best:7856800 next:[256222,7856798] lb_tree_search
#Bound  53.05s best:7856800 next:[256224,7856798] lb_tree_search
#Model  53.51s var:1997/2026 constraints:3133/3150
#Bound  70.07s best:7856800 next:[256236,7856798] lb_tree_search
#Model  70.93s var:1996/2026 constraints:3133/3150
#Bound  75.01s best:7856800 next:[256268,7856798] lb_tree_search
#Model  75.04s var:1995/2026 constraints:3132/3150
#Bound  75.17s best:7856800 next:[256350,7856798] lb_tree_search
#Bound  75.33s best:7856800 next:[256840,7856798] lb_tree_search
#Bound  75.68s best:7856800 next:[256842,7856798] lb_tree_search
#Bound  75.82s best:7856800 next:[256844,7856798] lb_tree_search
#Bound  75.97s best:7856800 next:[256846,7856798] lb_tree_search
#Bound  76.19s best:7856800 next:[256848,7856798] lb_tree_search
#Bound  76.59s best:7856800 next:[256850,7856798] lb_tree_search
#Bound  76.72s best:7856800 next:[256854,7856798] lb_tree_search
#Bound  76.93s best:7856800 next:[256870,7856798] lb_tree_search
#Model  80.34s var:1994/2026 constraints:3132/3150
#Model  87.39s var:1993/2026 constraints:3132/3150
#Model  88.00s var:1992/2026 constraints:3132/3150
#Model  88.70s var:1991/2026 constraints:3131/3150
#Model  89.41s var:1990/2026 constraints:3130/3150
#Model  98.02s var:1989/2026 constraints:3130/3150
#Bound 114.82s best:7856800 next:[256874,7856798] lb_tree_search
#Bound 115.60s best:7856800 next:[256886,7856798] lb_tree_search
#Bound 116.00s best:7856800 next:[256890,7856798] lb_tree_search
#Bound 116.45s best:7856800 next:[256920,7856798] lb_tree_search
#Bound 117.18s best:7856800 next:[256922,7856798] lb_tree_search
#Bound 117.60s best:7856800 next:[256926,7856798] lb_tree_search
#Bound 118.71s best:7856800 next:[256930,7856798] lb_tree_search
#Bound 125.36s best:7856800 next:[256936,7856798] lb_tree_search
#Bound 126.23s best:7856800 next:[257244,7856798] lb_tree_search
#Bound 126.49s best:7856800 next:[257268,7856798] lb_tree_search
#Bound 127.05s best:7856800 next:[257282,7856798] lb_tree_search
#Bound 131.91s best:7856800 next:[257288,7856798] lb_tree_search
#Bound 186.86s best:7856800 next:[257290,7856798] lb_tree_search
#Bound 205.14s best:7856800 next:[265356,7856798] pseudo_costs
#Model 280.65s var:1988/2026 constraints:3129/3150
#Bound 478.58s best:7856800 next:[271306,7856798] pseudo_costs
#Bound 530.79s best:7856800 next:[273312,7856798] lb_tree_search
#Bound 596.87s best:7856800 next:[275352,7856798] reduced_costs
#Bound 628.07s best:7856800 next:[277392,7856798] quick_restart
#Bound 718.96s best:7856800 next:[279432,7856798] probing_max_lp
#17    827.42s best:7845778 next:[279432,7845776] quick_restart_no_lp (fixed_bools=492/3644)
#18    1575.71s best:7837858 next:[279432,7837856] quick_restart_no_lp (fixed_bools=595/4010)
#19    2130.52s best:7833678 next:[279432,7833676] no_lp (fixed_bools=579/3871)
#20    2134.19s best:7825758 next:[279432,7825756] no_lp (fixed_bools=585/3953)
#21    2145.72s best:7822326 next:[279432,7822324] no_lp (fixed_bools=585/4377)
#22    2347.64s best:7821228 next:[279432,7821226] no_lp (fixed_bools=593/4761)
#23    2875.60s best:7786164 next:[279432,7786162] no_lp (fixed_bools=627/5807)
#24    3093.90s best:7644924 next:[279432,7644922] no_lp (fixed_bools=643/6677)
#25    3094.95s best:7640040 next:[279432,7640038] no_lp (fixed_bools=643/6682)
#26    3096.20s best:1644480 next:[279432,1644478] no_lp (fixed_bools=643/6761)
#27    3193.98s best:1431550 next:[279432,1431548] objective_lb_search_no_lp (fixed_bools=821/4425)
#28    3193.99s best:1195182 next:[279432,1195180] objective_lb_search_no_lp (fixed_bools=821/4438)
#29    3194.00s best:1121742 next:[279432,1121740] objective_lb_search_no_lp (fixed_bools=821/4462)
#30    3194.01s best:1034022 next:[279432,1034020] objective_lb_search_no_lp (fixed_bools=821/4482)
#31    3194.02s best:1009542 next:[279432,1009540] objective_lb_search_no_lp (fixed_bools=821/4498)
#32    3194.05s best:1008114 next:[279432,1008112] objective_lb_search_no_lp (fixed_bools=821/4519)
#33    3550.53s best:997092 next:[279432,997090] quick_restart_no_lp (fixed_bools=1373/7496)
#34    3948.36s best:992868 next:[279432,992866] quick_restart_no_lp (fixed_bools=1604/8072)
#35    3969.40s best:989172 next:[279432,989170] quick_restart_no_lp (fixed_bools=1739/8163)
#36    5228.68s best:884892 next:[279432,884890] objective_lb_search_no_lp (fixed_bools=1728/6548)
#37    6032.50s best:876972 next:[279432,876970] quick_restart_no_lp (fixed_bools=2461/10216)
#38    6045.03s best:869778 next:[279432,869776] quick_restart_no_lp (fixed_bools=2461/10388)
#39    8557.75s best:679416 next:[279432,679414] objective_lb_search_no_lp (fixed_bools=2653/9927)
#40    8558.30s best:644352 next:[279432,644350] objective_lb_search_no_lp (fixed_bools=2656/10040)
#41    8559.96s best:640656 next:[279432,640654] objective_lb_search_no_lp (fixed_bools=2656/10067)
#42    8597.88s best:639834 next:[279432,639832] quick_restart_no_lp (fixed_bools=4417/12754)
#43    9197.16s best:632640 next:[279432,632638] quick_restart_no_lp (fixed_bools=4481/14000)
#44    10435.85s best:624778 next:[279432,624776] objective_lb_search_no_lp (fixed_bools=3926/11308)
#45    10435.94s best:605836 next:[279432,605834] objective_lb_search_no_lp (fixed_bools=3926/11333)
#46    15087.99s best:598642 next:[279432,598640] quick_restart_no_lp (fixed_bools=5352/17495)
#47    15092.42s best:593428 next:[279432,593426] quick_restart_no_lp (fixed_bools=5352/17522)
#Model 16201.06s var:1987/2026 constraints:3127/3150
#Bound 19299.81s best:593428 next:[279434,593426] lb_tree_search
#Bound 19300.64s best:593428 next:[279444,593426] lb_tree_search
#Bound 19301.12s best:593428 next:[279466,593426] lb_tree_search
#Bound 19311.24s best:593428 next:[279470,593426] lb_tree_search
#Bound 19311.62s best:593428 next:[279496,593426] lb_tree_search
#Bound 19311.70s best:593428 next:[279500,593426] lb_tree_search
#Bound 19324.94s best:593428 next:[279502,593426] lb_tree_search
#Bound 19325.47s best:593428 next:[279504,593426] lb_tree_search
#Bound 19326.04s best:593428 next:[279534,593426] lb_tree_search
#Bound 19353.66s best:593428 next:[279538,593426] lb_tree_search
#Bound 19354.09s best:593428 next:[279552,593426] lb_tree_search
#Bound 19354.79s best:593428 next:[279568,593426] lb_tree_search
#48    19599.99s best:588876 next:[279568,588874] quick_restart_no_lp (fixed_bools=5594/20592)
#Bound 20098.10s best:588876 next:[279570,588874] lb_tree_search
#Bound 20098.73s best:588876 next:[279574,588874] lb_tree_search
#Bound 20099.45s best:588876 next:[279582,588874] lb_tree_search
#Bound 20101.07s best:588876 next:[279602,588874] lb_tree_search

Task timing                                  n [     min,      max]      avg      dev     time         n [     min,      max]      avg      dev    dtime
                             'core':         1 [   6.00h,    6.00h]    6.00h   0.00ns    6.00h         1 [   3.47h,    3.47h]    3.47h   0.00ns    3.47h
                       'default_lp':         1 [   6.00h,    6.00h]    6.00h   0.00ns    6.00h         1 [  46.34m,   46.34m]   46.34m   0.00ns   46.34m
                 'feasibility_pump':         5 [ 71.37ms,    3.18s]    2.35s    1.16s   11.75s         4 [484.63ms, 681.87ms] 572.99ms  71.23ms    2.29s
                  'fj_long_default':         3 [109.42ms, 174.35ms] 135.86ms  27.84ms 407.57ms         3 [ 28.91ms,  31.88ms]  29.97ms   1.36ms  89.90ms
              'fj_long_lin_default':         4 [ 65.75ms, 137.43ms]  97.69ms  25.84ms 390.77ms         4 [ 15.65ms,  30.04ms]  21.48ms   5.64ms  85.91ms
                   'fj_long_random':         3 [ 62.24ms, 152.10ms] 108.05ms  36.71ms 324.14ms         3 [ 17.49ms,  32.46ms]  25.54ms   6.16ms  76.63ms
                 'fj_short_default':         5 [ 66.30ms, 101.84ms]  85.95ms  13.64ms 429.73ms         5 [ 13.62ms,  23.91ms]  18.73ms   3.29ms  93.67ms
             'fj_short_lin_default':         4 [ 60.84ms, 118.31ms]  87.21ms  20.56ms 348.84ms         4 [ 17.93ms,  23.41ms]  20.50ms   1.98ms  81.99ms
              'fj_short_lin_random':         4 [ 86.70ms, 120.21ms] 106.20ms  13.14ms 424.81ms         4 [ 19.25ms,  26.22ms]  22.58ms   2.73ms  90.34ms
                  'fj_short_random':         4 [ 80.18ms, 118.08ms] 100.75ms  13.93ms 403.01ms         4 [ 16.55ms,  26.87ms]  21.31ms   3.89ms  85.23ms
                        'fs_random':         1 [406.17ms, 406.17ms] 406.17ms   0.00ns 406.17ms         1 [ 20.00ns,  20.00ns]  20.00ns   0.00ns  20.00ns
                        'fs_random':         1 [408.38ms, 408.38ms] 408.38ms   0.00ns 408.38ms         1 [ 20.00ns,  20.00ns]  20.00ns   0.00ns  20.00ns
                  'fs_random_no_lp':         1 [422.82ms, 422.82ms] 422.82ms   0.00ns 422.82ms         0 [  0.00ns,   0.00ns]   0.00ns   0.00ns   0.00ns
                  'fs_random_no_lp':         1 [436.22ms, 436.22ms] 436.22ms   0.00ns 436.22ms         0 [  0.00ns,   0.00ns]   0.00ns   0.00ns   0.00ns
          'fs_random_quick_restart':         1 [407.55ms, 407.55ms] 407.55ms   0.00ns 407.55ms         1 [ 20.00ns,  20.00ns]  20.00ns   0.00ns  20.00ns
          'fs_random_quick_restart':         1 [445.82ms, 445.82ms] 445.82ms   0.00ns 445.82ms         1 [ 20.00ns,  20.00ns]  20.00ns   0.00ns  20.00ns
    'fs_random_quick_restart_no_lp':         1 [442.76ms, 442.76ms] 442.76ms   0.00ns 442.76ms         0 [  0.00ns,   0.00ns]   0.00ns   0.00ns   0.00ns
                    'graph_arc_lns':         5 [157.34ms,    6.00h]    1.20h    2.40h    6.00h         5 [ 10.00ns, 100.46ms]  80.14ms  40.07ms 400.72ms
                    'graph_cst_lns':         5 [232.11ms,    6.00h]    1.20h    2.40h    6.00h         5 [ 10.00ns, 101.22ms]  80.50ms  40.25ms 402.49ms
                    'graph_dec_lns':         5 [286.43ms,    6.00h]    1.20h    2.40h    6.00h         5 [ 10.00ns, 100.12ms]  80.06ms  40.03ms 400.28ms
                    'graph_var_lns':         6 [220.32ms,    6.00h]    3.00h    3.00h   18.00h         4 [ 30.00ns, 100.20ms]  75.12ms  43.37ms 300.48ms
                   'lb_tree_search':         1 [   6.00h,    6.00h]    6.00h   0.00ns    6.00h         1 [  19.58m,   19.58m]   19.58m   0.00ns   19.58m
                           'max_lp':         1 [   6.00h,    6.00h]    6.00h   0.00ns    6.00h         1 [  19.32m,   19.32m]   19.32m   0.00ns   19.32m
                            'no_lp':         1 [   6.00h,    6.00h]    6.00h   0.00ns    6.00h         1 [   3.33h,    3.33h]    3.33h   0.00ns    3.33h
              'objective_lb_search':         1 [   6.00h,    6.00h]    6.00h   0.00ns    6.00h         1 [  44.03m,   44.03m]   44.03m   0.00ns   44.03m
       'objective_lb_search_max_lp':         1 [   6.00h,    6.00h]    6.00h   0.00ns    6.00h         1 [  20.44m,   20.44m]   20.44m   0.00ns   20.44m
        'objective_lb_search_no_lp':         1 [   6.00h,    6.00h]    6.00h   0.00ns    6.00h         1 [   3.41h,    3.41h]    3.41h   0.00ns    3.41h
  'objective_shaving_search_max_lp':        24 [  5.42ms, 103.73ms]  16.48ms  18.81ms 395.60ms         0 [  0.00ns,   0.00ns]   0.00ns   0.00ns   0.00ns
   'objective_shaving_search_no_lp':        17 [  8.65ms,  84.70ms]  23.26ms  18.40ms 395.46ms         0 [  0.00ns,   0.00ns]   0.00ns   0.00ns   0.00ns
                          'probing':         1 [   6.00h,    6.00h]    6.00h   0.00ns    6.00h         1 [  43.55m,   43.55m]   43.55m   0.00ns   43.55m
                   'probing_max_lp':         1 [   6.00h,    6.00h]    6.00h   0.00ns    6.00h         1 [  21.83m,   21.83m]   21.83m   0.00ns   21.83m
                     'pseudo_costs':         1 [   6.00h,    6.00h]    6.00h   0.00ns    6.00h         1 [  19.24m,   19.24m]   19.24m   0.00ns   19.24m
                    'quick_restart':         1 [   6.00h,    6.00h]    6.00h   0.00ns    6.00h         1 [  44.92m,   44.92m]   44.92m   0.00ns   44.92m
              'quick_restart_no_lp':         1 [   6.00h,    6.00h]    6.00h   0.00ns    6.00h         1 [   2.82h,    2.82h]    2.82h   0.00ns    2.82h
                    'reduced_costs':         1 [   6.00h,    6.00h]    6.00h   0.00ns    6.00h         1 [  19.60m,   19.60m]   19.60m   0.00ns   19.60m
                        'rins/rens':         5 [460.53ms,    6.00h]    2.40h    2.94h   11.99h         4 [ 20.00ns, 101.58ms]  75.67ms  43.69ms 302.66ms
                      'rnd_cst_lns':         6 [283.85ms,    6.00h]    4.00h    2.83h   24.00h         3 [  5.35us, 100.33ms]  66.81ms  47.23ms 200.42ms
                      'rnd_var_lns':         6 [   6.00h,    6.00h]    6.00h 250.45ms   36.00h         1 [248.00ns, 248.00ns] 248.00ns   0.00ns 248.00ns
                     'violation_ls':         6 [380.40us,  90.82ms]  17.78ms  32.93ms 106.71ms         6 [ 13.17us,  24.71ms]   4.51ms   9.06ms  27.05ms
                     'violation_ls':         6 [419.70us,   7.20ms]   3.02ms   2.11ms  18.12ms         6 [ 15.58us, 779.76us] 533.15us 258.17us   3.20ms
                     'violation_ls':         6 [681.80us,   7.96ms]   3.06ms   2.63ms  18.37ms         6 [ 12.25us,   1.70ms] 647.37us 686.22us   3.88ms

Search stats                         Bools  Conflicts     Branches    Restarts      BoolPropag   IntegerPropag
                           'core':  48'234  3'858'620  297'425'155  53'437'611  34'579'875'482  13'595'816'912
                     'default_lp':   2'361         10       22'749      17'756       1'538'587       3'317'264
                      'fs_random':   1'703          0        2'964       2'964          75'817         294'113
                      'fs_random':   1'703          0        2'976       2'976          76'023         295'022
                'fs_random_no_lp':   1'703          0        3'122       3'122          81'130         345'653
                'fs_random_no_lp':   1'703          0        3'122       3'122          81'130         345'653
        'fs_random_quick_restart':   1'703          0        2'776       2'776          71'846         279'999
        'fs_random_quick_restart':   1'703          0        3'122       3'122          81'130         345'653
  'fs_random_quick_restart_no_lp':   1'703          0        3'122       3'122          81'130         345'653
                 'lb_tree_search':   2'361          8       46'825      29'961       2'851'676       6'079'236
                         'max_lp':   2'361          3       49'328      31'140       2'974'383       6'403'467
                          'no_lp':  40'024  3'689'714  284'154'271  54'516'286  30'171'621'912  13'653'313'628
            'objective_lb_search':   2'361         13       36'346      24'609       2'265'498       4'870'848
     'objective_lb_search_max_lp':   2'361          9       47'755      30'346       2'887'052       6'185'908
      'objective_lb_search_no_lp':  38'698  4'258'952  281'605'383  54'273'873  24'601'130'674  13'745'963'730
                        'probing':   2'361         16       35'564      24'359       2'258'859       4'832'350
                 'probing_max_lp':   2'361          6       47'093      30'092       2'870'590       6'171'700
                   'pseudo_costs':   2'361          9       45'704      29'307       2'773'902       5'954'251
                  'quick_restart':   2'361         14       35'745      24'322       2'245'561       4'825'234
            'quick_restart_no_lp':  22'222  1'987'256  386'833'573  69'183'471  27'147'575'993  17'287'732'551
                  'reduced_costs':   2'361         19       48'281      30'542       2'909'114       6'262'058

SAT stats                           ClassicMinim  LitRemoved     LitLearned   LitForgotten  Subsumed  MClauses  MDecisions  MLitTrue  MSubsumed  MLitRemoved  MReused
                           'core':     3'600'386  35'909'295  1'116'474'075  1'074'502'282   113'854   132'971   5'192'747         0      2'349       73'285   39'907
                     'default_lp':             0           0             10              0         0         0           0         0          0            0        0
                      'fs_random':             0           0              0              0         0         0           0         0          0            0        0
                      'fs_random':             0           0              0              0         0         0           0         0          0            0        0
                'fs_random_no_lp':             0           0              0              0         0         0           0         0          0            0        0
                'fs_random_no_lp':             0           0              0              0         0         0           0         0          0            0        0
        'fs_random_quick_restart':             0           0              0              0         0         0           0         0          0            0        0
        'fs_random_quick_restart':             0           0              0              0         0         0           0         0          0            0        0
  'fs_random_quick_restart_no_lp':             0           0              0              0         0         0           0         0          0            0        0
                 'lb_tree_search':             0           0              8              0         0         0           0         0          0            0        0
                         'max_lp':             0           0              3              0         0         0           0         0          0            0        0
                          'no_lp':     3'457'281  36'004'180  1'073'053'651  1'038'315'868   101'555   197'224   6'617'205         0      2'113       47'106   67'590
            'objective_lb_search':             0           0             14              0         0         0           0         0          0            0        0
     'objective_lb_search_max_lp':             0           0              9              0         0         0           0         0          0            0        0
      'objective_lb_search_no_lp':     4'012'725  42'824'859  1'244'015'558  1'203'604'919   107'992   226'931   5'590'120         3      2'416       53'872   69'342
                        'probing':             0           0             16              0         0         0           0         0          0            0        0
                 'probing_max_lp':             0           0              6              0         0         0           0         0          0            0        0
                   'pseudo_costs':             0           0              9              0         0         0           0         0          0            0        0
                  'quick_restart':             0           0             14              0         0         0           0         0          0            0        0
            'quick_restart_no_lp':     1'723'478  14'996'697    605'235'912    562'446'758   114'628   235'959  14'497'055         7      2'195       41'133  104'556
                  'reduced_costs':             0           0             19              0         0         0           0         0          0            0        0

Lp stats                         Component  Iterations  AddedCuts  OPTIMAL  DUAL_F.  DUAL_U.
                  'default_lp':          1  10'301'280  3'462'680   85'283    2'146        2
                   'fs_random':          1           0          0        0        0        0
                   'fs_random':          1           0          0        0        0        0
     'fs_random_quick_restart':          1           0          0        0        0        0
     'fs_random_quick_restart':          1           0          0        0        0        0
              'lb_tree_search':          1   4'306'629  1'014'131  101'380   26'603        0
                      'max_lp':          1   4'401'166    958'001  105'408   28'157        0
         'objective_lb_search':          1  11'867'794  4'466'503  128'678      732        3
  'objective_lb_search_max_lp':          1   4'472'444  1'038'247  103'271   26'663        0
                     'probing':          1  11'498'446  4'224'021  126'881      738        6
              'probing_max_lp':          1   4'783'036  1'089'255  101'863   26'627        3
                'pseudo_costs':          1   4'271'933    948'552   99'791   25'303        0
               'quick_restart':          1  12'096'966  4'478'841  126'859      888        5
               'reduced_costs':          1   4'354'250  1'037'138  103'132   27'287        2

Lp dimension                                                                         Final dimension of first component
                  'default_lp':   5141 rows, 2026 columns, 39939 entries with magnitude in [1.920170e-06, 1.000000e+00]
                   'fs_random':          0 rows, 2026 columns, 0 entries with magnitude in [0.000000e+00, 0.000000e+00]
                   'fs_random':          0 rows, 2026 columns, 0 entries with magnitude in [0.000000e+00, 0.000000e+00]
     'fs_random_quick_restart':          0 rows, 2026 columns, 0 entries with magnitude in [0.000000e+00, 0.000000e+00]
     'fs_random_quick_restart':          0 rows, 2026 columns, 0 entries with magnitude in [0.000000e+00, 0.000000e+00]
              'lb_tree_search':   2084 rows, 2026 columns, 20308 entries with magnitude in [1.549899e-05, 1.000000e+00]
                      'max_lp':   2563 rows, 2026 columns, 28751 entries with magnitude in [4.499443e-06, 1.000000e+00]
         'objective_lb_search':   4982 rows, 2026 columns, 26009 entries with magnitude in [4.681242e-06, 1.000000e+00]
  'objective_lb_search_max_lp':   3422 rows, 2026 columns, 68673 entries with magnitude in [1.108478e-06, 1.000000e+00]
                     'probing':   4872 rows, 2026 columns, 30151 entries with magnitude in [4.958382e-06, 1.000000e+00]
              'probing_max_lp':   2744 rows, 2026 columns, 30146 entries with magnitude in [4.328028e-06, 1.000000e+00]
                'pseudo_costs':   2222 rows, 2026 columns, 24951 entries with magnitude in [3.636849e-06, 1.000000e+00]
               'quick_restart':   4536 rows, 2026 columns, 27075 entries with magnitude in [3.484160e-06, 1.000000e+00]
               'reduced_costs':  4306 rows, 2026 columns, 108508 entries with magnitude in [8.088237e-07, 1.000000e+00]

Lp debug                         CutPropag  CutEqPropag  Adjust  Overflow          Bad  BadScaling
                  'default_lp':          0        2'883   1'451         0   78'748'709           0
                   'fs_random':          0            0       0         0            0           0
                   'fs_random':          0            0       0         0            0           0
     'fs_random_quick_restart':          0            0       0         0            0           0
     'fs_random_quick_restart':          0            0       0         0            0           0
              'lb_tree_search':          6        1'323  28'643         1  158'753'968           0
                      'max_lp':          6        2'659   6'085         0  161'869'167           0
         'objective_lb_search':          0        3'505   1'462         0   99'640'583           0
  'objective_lb_search_max_lp':          0        2'111  15'447         1  160'049'530           0
                     'probing':          0        2'307   1'428         0  100'253'903           0
              'probing_max_lp':          8        1'849  13'115         1  152'902'803           0
                'pseudo_costs':          0        1'816  15'264         0  157'385'345           0
               'quick_restart':          0        3'419   1'835         0  100'933'063           0
               'reduced_costs':          0        2'259  16'169         1  162'722'289           0

Lp pool                          Constraints  Updates  Simplif  Merged  Shortened   Split  Strenghtened            Cuts/Call
                  'default_lp':       12'221   39'682   11'049      37     24'389   6'549        33'028  3'462'680/7'589'639
                   'fs_random':        2'578        0        0       0          0       0             0                  0/0
                   'fs_random':        2'578        0        0       0          0       0             0                  0/0
     'fs_random_quick_restart':        2'578        0        0       0          0       0             0                  0/0
     'fs_random_quick_restart':        2'578        0        0       0          0       0             0                  0/0
              'lb_tree_search':       12'261   38'487   29'746      16      5'275  18'750       211'884  1'014'131/2'524'078
                      'max_lp':       13'112   33'004   36'560      35      5'098  15'686       225'325    958'001/2'539'572
         'objective_lb_search':       12'062   47'714   12'078      19     40'400   6'775        44'949  4'466'503/9'512'044
  'objective_lb_search_max_lp':       12'343   40'393   26'854      50      4'317  18'179       214'474  1'038'247/2'847'805
                     'probing':       12'555   45'705   12'924      44     38'134   7'557        46'392  4'224'021/9'029'822
              'probing_max_lp':       12'351   36'310   36'500      50      6'125  15'007       239'418  1'089'255/3'030'853
                'pseudo_costs':       12'666   35'827   29'441      32      4'830  16'883       205'371    948'552/2'465'125
               'quick_restart':       12'396   50'663   11'925      23     34'635   7'873        44'998  4'478'841/9'314'459
               'reduced_costs':       13'236   34'746   28'693      48      4'561  15'997       217'884  1'037'138/2'604'726

Lp Cut               defaul   max_lp     quick_   reduce   pseudo   lb_tre     probin     object   probin   object
          CG_FF:     55'145   30'501     95'820   30'814   29'880   29'213     87'628     93'373   32'323   30'434
           CG_K:      1'562   14'063      2'962   12'587   13'400   13'240      2'918      2'367   14'298   13'462
          CG_KL:          -        2          -        1        -        -          -          1        -        -
           CG_R:      7'267   20'534     11'513   22'340   19'463   20'049     13'580     11'528   23'247   19'526
          CG_RB:    196'400   97'343    332'678  119'970  105'027  123'609    315'358    333'664  138'528  116'682
         CG_RBP:        677   15'271      1'771   21'481   17'765   21'143      2'262      1'279   29'904   20'910
         CG_RLT:          -        3          -        -        -        -          -          -        -        -
         Clique:          -   31'515          -   32'013   30'394   31'572          -          -   32'302   31'968
             IB:    611'329  140'442    862'826  147'150  139'318  141'726    819'708    855'729  140'760  145'519
       MIR_1_FF:  1'088'605  106'623  1'269'785  110'940   99'869  105'815  1'140'674  1'236'587  111'420  108'258
        MIR_1_K:      3'009    8'405      5'402    7'987    7'794    8'663      5'051      4'445    7'655    7'170
       MIR_1_KL:         34        -          7        -        -        -          8         11        -        -
        MIR_1_R:      1'958    4'407      3'583    5'054    4'647    4'848      3'227      3'317    7'398    5'661
       MIR_1_RB:    741'563  134'091    915'811  156'195  126'519  142'891    881'771    924'288  160'438  157'808
      MIR_1_RBP:        473    2'893      1'352    2'900    2'077    2'548      1'702      1'195    3'603    3'489
      MIR_1_RLT:          -       63          -       46       56       54          -          -       53       49
       MIR_2_FF:     35'389   16'834     49'316   18'213   18'291   17'333     42'752     46'358   18'360   18'211
        MIR_2_K:      1'068    3'417      2'347    3'165    3'305    3'544      2'131      1'662    3'491    3'438
       MIR_2_KL:         23        -          4        1        -        -          2          7        -        -
        MIR_2_R:      1'283    7'404      1'702    7'550    6'162    6'707      1'563      1'577    9'142    7'103
       MIR_2_RB:    117'027   55'459    125'063   60'846   59'804   63'726    111'376    117'251   75'079   70'901
      MIR_2_RBP:        227      755        426    2'106    1'080    1'998        487        445    2'085    2'544
       MIR_3_FF:      8'752    9'924     11'751   11'104   11'025   10'976     10'818     10'832   10'572   10'683
        MIR_3_K:        863    4'014      1'714    3'730    3'834    3'892      1'493      1'290    3'795    3'838
       MIR_3_KL:         29        -          5        -        -        -          4         10        -        -
        MIR_3_R:      2'949    9'371      4'235    9'122    8'494    8'811      4'533      4'019    8'976    8'870
       MIR_3_RB:    137'737   41'200    188'359   41'185   39'764   41'974    187'736    191'489   43'480   42'849
      MIR_3_RBP:        162      750        317      804      607      890        327        350      902      885
       MIR_4_FF:      3'709    8'111      5'805    8'956    8'475    8'256      5'056      5'030    8'802    8'822
        MIR_4_K:        528    2'890      1'141    2'650    2'637    2'909        998        930    2'953    2'790
       MIR_4_KL:          6        -          2        -        -        -          1          4        -        -
        MIR_4_R:        549    3'876        838    3'698    3'381    3'434        860        744    3'672    3'845
       MIR_4_RB:     92'182   34'238    128'168   35'254   33'267   34'474    128'677    131'064   35'909   35'989
      MIR_4_RBP:         92      640        182      624      487      668        223        223      700      648
       MIR_5_FF:      2'441    7'750      3'504    8'021    8'046    8'172      3'637      3'533    8'075    8'503
        MIR_5_K:        271    3'048        513    2'836    2'863    3'067        521        433    2'849    2'972
       MIR_5_KL:         14        -          5        -        -        -          -          1        -        2
        MIR_5_R:        380    3'111        530    2'986    2'965    2'935        594        510    3'156    3'015
       MIR_5_RB:     58'770   29'589     82'503   29'640   28'782   30'486     83'211     84'343   31'041   30'296
      MIR_5_RBP:         63      695        142      693      596      752        234        188      693      756
       MIR_6_FF:      1'406    5'660      1'728    5'811    5'892    5'801      1'614      1'737    5'807    5'778
        MIR_6_K:        252    2'221        497    2'172    2'155    2'258        438        414    2'179    2'212
       MIR_6_KL:          1        -          1        -        -        -          -          -        -        -
        MIR_6_R:        206    3'078        326    3'178    2'919    3'109        374        307    3'130    2'988
       MIR_6_RB:     37'176   23'090     51'678   24'000   23'054   24'108     52'172     52'989   24'913   23'349
      MIR_6_RBP:         28      513         73      513      432      524         91         82      536      485
   ZERO_HALF_FF:     76'792   10'872    106'626   12'016   12'532   12'873     97'873    113'569   11'145   12'769
    ZERO_HALF_K:      1'264    2'370      2'448    2'063    2'219    2'344      2'724      2'474    2'052    1'825
   ZERO_HALF_KL:          -        -          -        1        -        -          -          -        -        -
    ZERO_HALF_R:     15'221   39'388     26'543   43'164   37'883   41'433     29'804     28'295   42'746   40'239
   ZERO_HALF_RB:    157'496   21'112    176'475   20'947   20'915   20'830    177'284    196'152   20'539   20'249
  ZERO_HALF_RBP:        302      460        364      611      477      473        526        407      544      457
  ZERO_HALF_RLT:          -        5          -        -        -        3          -          -        3        -

LNS stats           Improv/Calls  Closed  Difficulty  TimeLimit
  'graph_arc_lns':           2/5     20%        0.13       0.10
  'graph_cst_lns':           3/5     40%        0.43       0.10
  'graph_dec_lns':           4/5      0%        0.06       0.10
  'graph_var_lns':           6/6     17%        0.11       0.10
      'rins/rens':           5/5      0%        0.06       0.10
    'rnd_cst_lns':           5/6      0%        0.04       0.10
    'rnd_var_lns':           6/6      0%        0.04       0.10

LS stats                   Batches  Restarts  LinMoves  GenMoves  CompoundMoves  WeightUpdates
       'fj_long_default':        3         1    27'155         0              0          2'845
   'fj_long_lin_default':        4         1         0    18'870          1'135            145
        'fj_long_random':        3         1    24'248         0              0          1'574
      'fj_short_default':        5         1         0    19'994          1'820             81
  'fj_short_lin_default':        4         1         0    16'979          1'570            112
   'fj_short_lin_random':        4         1         0    18'613          1'807            109
       'fj_short_random':        4         1         0    17'336          1'773             95
          'violation_ls':        6         0        16       323             31             12
          'violation_ls':        6         0       168       187             27             67
          'violation_ls':        6         0       423     4'476            528            208

Solutions (48)                  Num     Rank
             'fj_long_random':    1    [1,1]
              'graph_dec_lns':    1  [13,13]
                      'no_lp':    8  [19,26]
  'objective_lb_search_no_lp':   12  [27,45]
        'quick_restart_no_lp':   12  [17,48]
               'violation_ls':   14   [2,16]

Objective bounds                      Num
                        'fs_random':    1
                   'initial_domain':    1
                   'lb_tree_search':   54
  'objective_shaving_search_max_lp':   16
   'objective_shaving_search_no_lp':    8
                   'probing_max_lp':    1
                     'pseudo_costs':   35
                    'quick_restart':    1
                    'reduced_costs':   16

Solution repositories    Added  Queried  Ignored  Synchro
  'feasible solutions':    161       98        0      154
        'lp solutions':      0        0        0        0
                'pump':     49        5

Improving bounds shared            Num
                        'core':  2'477
                  'default_lp':     79
                   'fs_random':      8
              'lb_tree_search':      2
                      'max_lp':     51
                       'no_lp':  1'954
         'objective_lb_search':     21
  'objective_lb_search_max_lp':     40
   'objective_lb_search_no_lp':  1'843
                     'probing':     19
              'probing_max_lp':    138
                'pseudo_costs':    138
               'quick_restart':     19
         'quick_restart_no_lp':  2'064
               'reduced_costs':      1

Clauses shared                    Num
                       'core':  1'864
                      'no_lp':  1'982
        'objective_lb_search':      1
  'objective_lb_search_no_lp':  1'354
        'quick_restart_no_lp':  2'399

CpSolverResponse summary:
status: FEASIBLE
objective: 588876
best_bound: 279602
integers: 2027
booleans: 1703
conflicts: 0
branches: 2964
propagations: 75817
integer_propagations: 294113
restarts: 2964
lp_iterations: 0
walltime: 21601.1
usertime: 21601.1
deterministic_time: 64827.9
gap_integral: 819564
solution_fingerprint: 0xd66a26904d2a05ab

CPU USED: 32
Loading /home/aneumann/projects/def-adhaj/aneumann/gns/data/instances/test/l/instance_199.pkl...
===* START SOLVING *===
   index    value       gap  ... max_time  cpu  max_memory
0    199  5888.76  0.525194  ...        6   32         118

[1 rows x 8 columns]
===* END OF FILE *===
