created virtual environment CPython3.12.4.final.0-64 in 5106ms
  creator CPython3Posix(dest=/local/aneumann.27429353.0/env, clear=False, no_vcs_ignore=False, global=False)
  seeder FromAppData(download=False, pip=bundle, via=copy, app_data_dir=/home/aneumann/.local/share/virtualenv)
    added seed packages: pip==24.0
  activators BashActivator,CShellActivator,FishActivator,NushellActivator,PowerShellActivator,PythonActivator
Looking in links: /cvmfs/soft.computecanada.ca/custom/python/wheelhouse/gentoo2023/x86-64-v3, /cvmfs/soft.computecanada.ca/custom/python/wheelhouse/gentoo2023/generic, /cvmfs/soft.computecanada.ca/custom/python/wheelhouse/generic
Requirement already satisfied: pip in /local/aneumann.27429353.0/env/lib/python3.12/site-packages (24.0)
Processing /cvmfs/soft.computecanada.ca/custom/python/wheelhouse/generic/pip-24.2+computecanada-py3-none-any.whl
Installing collected packages: pip
  Attempting uninstall: pip
    Found existing installation: pip 24.0
    Uninstalling pip-24.0:
      Successfully uninstalled pip-24.0
Successfully installed pip-24.2+computecanada
Looking in links: /cvmfs/soft.computecanada.ca/custom/python/wheelhouse/gentoo2023/x86-64-v3, /cvmfs/soft.computecanada.ca/custom/python/wheelhouse/gentoo2023/generic, /cvmfs/soft.computecanada.ca/custom/python/wheelhouse/generic
ERROR: protobuf-5.28.3-cp38-abi3-manylinux2014_x86_64.whl is not a supported wheel on this platform.
Looking in links: /cvmfs/soft.computecanada.ca/custom/python/wheelhouse/gentoo2023/x86-64-v3, /cvmfs/soft.computecanada.ca/custom/python/wheelhouse/gentoo2023/generic, /cvmfs/soft.computecanada.ca/custom/python/wheelhouse/generic
Processing /home/aneumann/projects/def-adhaj/aneumann/gns/wheels/immutabledict-4.2.0-py3-none-any.whl
Installing collected packages: immutabledict
Successfully installed immutabledict-4.2.0
Looking in links: /cvmfs/soft.computecanada.ca/custom/python/wheelhouse/gentoo2023/x86-64-v3, /cvmfs/soft.computecanada.ca/custom/python/wheelhouse/gentoo2023/generic, /cvmfs/soft.computecanada.ca/custom/python/wheelhouse/generic
Processing /cvmfs/soft.computecanada.ca/custom/python/wheelhouse/generic/ortools-9.10.4067+computecanada-cp312-cp312-linux_x86_64.whl (from -r /home/aneumann/projects/def-adhaj/aneumann/gns/requirements_or.txt (line 1))
Processing /cvmfs/soft.computecanada.ca/custom/python/wheelhouse/gentoo2023/x86-64-v3/pandas-2.2.2+computecanada-cp312-cp312-linux_x86_64.whl (from -r /home/aneumann/projects/def-adhaj/aneumann/gns/requirements_or.txt (line 2))
Processing /cvmfs/soft.computecanada.ca/custom/python/wheelhouse/generic/absl_py-2.1.0+computecanada-py3-none-any.whl (from ortools->-r /home/aneumann/projects/def-adhaj/aneumann/gns/requirements_or.txt (line 1))
Processing /cvmfs/soft.computecanada.ca/custom/python/wheelhouse/gentoo2023/generic/numpy-2.1.1+computecanada-cp312-cp312-linux_x86_64.whl (from ortools->-r /home/aneumann/projects/def-adhaj/aneumann/gns/requirements_or.txt (line 1))
Processing /cvmfs/soft.computecanada.ca/custom/python/wheelhouse/gentoo2023/x86-64-v3/protobuf-5.28.0+computecanada-cp312-cp312-linux_x86_64.whl (from ortools->-r /home/aneumann/projects/def-adhaj/aneumann/gns/requirements_or.txt (line 1))
Requirement already satisfied: immutabledict>=3.0.0 in /local/aneumann.27429353.0/env/lib/python3.12/site-packages (from ortools->-r /home/aneumann/projects/def-adhaj/aneumann/gns/requirements_or.txt (line 1)) (4.2.0)
Processing /cvmfs/soft.computecanada.ca/custom/python/wheelhouse/generic/python_dateutil-2.9.0.post0+computecanada-py2.py3-none-any.whl (from pandas->-r /home/aneumann/projects/def-adhaj/aneumann/gns/requirements_or.txt (line 2))
Processing /cvmfs/soft.computecanada.ca/custom/python/wheelhouse/generic/pytz-2024.2+computecanada-py2.py3-none-any.whl (from pandas->-r /home/aneumann/projects/def-adhaj/aneumann/gns/requirements_or.txt (line 2))
Processing /cvmfs/soft.computecanada.ca/custom/python/wheelhouse/generic/tzdata-2024.2+computecanada-py2.py3-none-any.whl (from pandas->-r /home/aneumann/projects/def-adhaj/aneumann/gns/requirements_or.txt (line 2))
Processing /cvmfs/soft.computecanada.ca/custom/python/wheelhouse/generic/six-1.16.0+computecanada-py2.py3-none-any.whl (from python-dateutil>=2.8.2->pandas->-r /home/aneumann/projects/def-adhaj/aneumann/gns/requirements_or.txt (line 2))
Installing collected packages: pytz, tzdata, six, protobuf, numpy, absl-py, python-dateutil, pandas, ortools
Successfully installed absl-py-2.1.0+computecanada numpy-2.1.1+computecanada ortools-9.10.4067+computecanada pandas-2.2.2+computecanada protobuf-5.28.0+computecanada python-dateutil-2.9.0.post0+computecanada pytz-2024.2+computecanada six-1.16.0+computecanada tzdata-2024.2+computecanada

Starting CP-SAT solver v9.10.4067
Parameters: max_time_in_seconds: 21600 max_memory_in_mb: 118 log_search_progress: true optimize_with_core: true cp_model_presolve: true enumerate_all_solutions: false num_search_workers: 32 use_implied_bounds: true absolute_gap_limit: 5 relative_gap_limit: 0.01 use_probing_search: true

Initial optimization model '': (model_fingerprint: 0xddf841d388ecf7c5)
#Variables: 2'943 (#bools: 25 #ints: 1 in objective)
  - 2'583 Booleans in [0,1]
  - 359 in [0,225000]
  - 1 constants in {1} 
#kBoolOr: 1'308 (#literals: 1'308)
#kLinear1: 464
#kLinear2: 8'198
#kLinear3: 1'711
#kLinearN: 663 (#terms: 7'177)

Starting presolve at 0.00s
  3.37e-03s  0.00e+00d  [DetectDominanceRelations] 
  7.38e-02s  0.00e+00d  [PresolveToFixPoint] #num_loops=21 #num_dual_strengthening=3 
  8.97e-05s  0.00e+00d  [ExtractEncodingFromLinear] #potential_supersets=199 
[Symmetry] Graph for symmetry has 10'345 nodes and 22'476 arcs.
[Symmetry] Symmetry computation done. time: 0.00300489 dtime: 0.00294328
[Symmetry] #generators: 1, average support size: 2
[Symmetry] 1 orbits with sizes: 2
[SAT presolve] num removable Booleans: 0 / 1639
[SAT presolve] num trivial clauses: 0
[SAT presolve] [0s] clauses:3017 literals:6035 vars:1613 one_side_vars:1582 simple_definition:16 singleton_clauses:0
[SAT presolve] [0.000288281s] clauses:3017 literals:6035 vars:1613 one_side_vars:1582 simple_definition:16 singleton_clauses:0
[SAT presolve] [0.000429654s] clauses:3017 literals:6035 vars:1613 one_side_vars:1582 simple_definition:16 singleton_clauses:0
  6.17e-01s  1.04e-01d  [Probe] #probed=3'961 #fixed_bools=91 #new_bounds=165 #equiv=1 #new_binary_clauses=1 
  7.41e-03s  0.00e+00d  [MaxClique] Merged 3210(9112 literals) into 906(7061 literals) at_most_ones. 
  2.80e-03s  0.00e+00d  [DetectDominanceRelations] 
  2.26e-02s  0.00e+00d  [PresolveToFixPoint] #num_loops=8 #num_dual_strengthening=7 
  3.50e-03s  0.00e+00d  [ProcessAtMostOneAndLinear] #num_changes=82 
  2.13e-03s  0.00e+00d  [DetectDuplicateConstraints] #duplicates=2 #without_enforcements=3 
  5.37e-04s  2.24e-05d  [DetectDominatedLinearConstraints] #relevant_constraints=1'518 #num_inclusions=2 
  6.51e-04s  0.00e+00d  [DetectDifferentVariables] #different=16 
  1.03e-03s  3.36e-04d  [ProcessSetPPC] #relevant_constraints=897 #num_inclusions=665 
  7.47e-05s  0.00e+00d  [FindAlmostIdenticalLinearConstraints] 
  9.28e-03s  7.81e-03d  [FindBigAtMostOneAndLinearOverlap] 
  1.51e-03s  3.74e-03d  [FindBigVerticalLinearOverlap] 
  3.40e-04s  7.68e-04d  [FindBigHorizontalLinearOverlap] #linears=113 
  9.39e-05s  0.00e+00d  [MergeClauses] 
  2.76e-03s  0.00e+00d  [DetectDominanceRelations] 
  9.03e-03s  0.00e+00d  [PresolveToFixPoint] #num_loops=1 #num_dual_strengthening=1 
  2.75e-03s  0.00e+00d  [DetectDominanceRelations] 
  8.97e-03s  0.00e+00d  [PresolveToFixPoint] #num_loops=1 #num_dual_strengthening=1 
[Symmetry] Graph for symmetry has 7'714 nodes and 15'555 arcs.
[Symmetry] Symmetry computation done. time: 0.00153846 dtime: 0.00182332
[Symmetry] #generators: 1, average support size: 2
[Symmetry] 1 orbits with sizes: 2
[SAT presolve] num removable Booleans: 0 / 1545
[SAT presolve] num trivial clauses: 0
[SAT presolve] [0s] clauses:15 literals:30 vars:23 one_side_vars:19 simple_definition:4 singleton_clauses:0
[SAT presolve] [4.741e-05s] clauses:15 literals:30 vars:23 one_side_vars:19 simple_definition:4 singleton_clauses:0
[SAT presolve] [9.4314e-05s] clauses:15 literals:30 vars:23 one_side_vars:19 simple_definition:4 singleton_clauses:0
  2.32e-01s  3.89e-02d  [Probe] #probed=3'866 #new_bounds=19 
  2.92e-03s  0.00e+00d  [MaxClique] Merged 731(5729 literals) into 731(5733 literals) at_most_ones. 
  2.76e-03s  0.00e+00d  [DetectDominanceRelations] 
  1.07e-02s  0.00e+00d  [PresolveToFixPoint] #num_loops=3 #num_dual_strengthening=2 
  3.18e-03s  0.00e+00d  [ProcessAtMostOneAndLinear] 
  2.12e-03s  0.00e+00d  [DetectDuplicateConstraints] #duplicates=2 
  5.50e-04s  2.24e-05d  [DetectDominatedLinearConstraints] #relevant_constraints=1'517 #num_inclusions=2 
  5.75e-04s  0.00e+00d  [DetectDifferentVariables] #different=16 
  8.96e-04s  3.30e-04d  [ProcessSetPPC] #relevant_constraints=849 #num_inclusions=614 
  7.73e-05s  0.00e+00d  [FindAlmostIdenticalLinearConstraints] 
  9.26e-03s  7.80e-03d  [FindBigAtMostOneAndLinearOverlap] 
  1.50e-03s  3.74e-03d  [FindBigVerticalLinearOverlap] 
  3.40e-04s  7.68e-04d  [FindBigHorizontalLinearOverlap] #linears=113 
  9.08e-05s  0.00e+00d  [MergeClauses] 
  2.76e-03s  0.00e+00d  [DetectDominanceRelations] 
  9.03e-03s  0.00e+00d  [PresolveToFixPoint] #num_loops=1 #num_dual_strengthening=1 
  2.84e-03s  0.00e+00d  [DetectDominanceRelations] 
  9.07e-03s  0.00e+00d  [PresolveToFixPoint] #num_loops=1 #num_dual_strengthening=1 
[Symmetry] Graph for symmetry has 7'714 nodes and 15'559 arcs.
[Symmetry] Symmetry computation done. time: 0.00149711 dtime: 0.00181883
[Symmetry] #generators: 1, average support size: 2
[Symmetry] 1 orbits with sizes: 2
[SAT presolve] num removable Booleans: 0 / 1545
[SAT presolve] num trivial clauses: 0
[SAT presolve] [0s] clauses:15 literals:30 vars:23 one_side_vars:19 simple_definition:4 singleton_clauses:0
[SAT presolve] [4.6773e-05s] clauses:15 literals:30 vars:23 one_side_vars:19 simple_definition:4 singleton_clauses:0
[SAT presolve] [9.349e-05s] clauses:15 literals:30 vars:23 one_side_vars:19 simple_definition:4 singleton_clauses:0
  2.29e-01s  3.82e-02d  [Probe] #probed=3'866 #new_bounds=12 
  2.88e-03s  0.00e+00d  [MaxClique] 
  2.76e-03s  0.00e+00d  [DetectDominanceRelations] 
  1.05e-02s  0.00e+00d  [PresolveToFixPoint] #num_loops=3 #num_dual_strengthening=2 
  3.18e-03s  0.00e+00d  [ProcessAtMostOneAndLinear] 
  2.15e-03s  0.00e+00d  [DetectDuplicateConstraints] #duplicates=2 
  5.36e-04s  2.24e-05d  [DetectDominatedLinearConstraints] #relevant_constraints=1'517 #num_inclusions=2 
  5.89e-04s  0.00e+00d  [DetectDifferentVariables] #different=16 
  8.98e-04s  3.30e-04d  [ProcessSetPPC] #relevant_constraints=849 #num_inclusions=614 
  7.98e-05s  0.00e+00d  [FindAlmostIdenticalLinearConstraints] 
  9.31e-03s  7.81e-03d  [FindBigAtMostOneAndLinearOverlap] 
  1.49e-03s  3.74e-03d  [FindBigVerticalLinearOverlap] 
  3.36e-04s  7.68e-04d  [FindBigHorizontalLinearOverlap] #linears=113 
  9.40e-05s  0.00e+00d  [MergeClauses] 
  2.76e-03s  0.00e+00d  [DetectDominanceRelations] 
  9.01e-03s  0.00e+00d  [PresolveToFixPoint] #num_loops=1 #num_dual_strengthening=1 
  1.70e-04s  0.00e+00d  [ExpandObjective] #entries=60 #tight_variables=20 #tight_constraints=5 

Presolve summary:
  - 86 affine relations were detected.
  - rule 'TODO dual: add implied bound' was applied 100 times.
  - rule 'TODO dual: only one blocking constraint?' was applied 32'880 times.
  - rule 'TODO dual: only one blocking enforced constraint?' was applied 109 times.
  - rule 'TODO dual: only one unspecified blocking constraint?' was applied 19 times.
  - rule 'TODO dual: tighten at most one' was applied 894 times.
  - rule 'TODO linear2: contains a Boolean.' was applied 14'544 times.
  - rule 'affine: new relation' was applied 86 times.
  - rule 'at_most_one: empty or all false' was applied 6 times.
  - rule 'at_most_one: removed literals' was applied 355 times.
  - rule 'at_most_one: singleton' was applied 2 times.
  - rule 'at_most_one: size one' was applied 126 times.
  - rule 'at_most_one: transformed into max clique.' was applied 1 time.
  - rule 'bool_and: non-reified.' was applied 30 times.
  - rule 'bool_and: x => x' was applied 4 times.
  - rule 'bool_or: always true' was applied 1'309 times.
  - rule 'bool_or: implications' was applied 7'253 times.
  - rule 'bool_or: singleton' was applied 4 times.
  - rule 'deductions: 507 stored' was applied 1 time.
  - rule 'dual: add implication' was applied 18 times.
  - rule 'dual: enforced equivalence' was applied 4 times.
  - rule 'dual: fix variable' was applied 358 times.
  - rule 'dual: fix variable with multiple choices' was applied 6 times.
  - rule 'dual: reduced domain' was applied 182 times.
  - rule 'duplicate: merged rhs of linear constraint' was applied 2 times.
  - rule 'duplicate: removed constraint' was applied 6 times.
  - rule 'duplicate: removed enforced constraint' was applied 3 times.
  - rule 'enforcement: false literal' was applied 4'086 times.
  - rule 'enforcement: literal not used' was applied 16 times.
  - rule 'enforcement: true literal' was applied 30 times.
  - rule 'linear + amo: fixed literal implied by enforcement' was applied 82 times.
  - rule 'linear1: always true' was applied 3 times.
  - rule 'linear2: Boolean with one feasible value.' was applied 1 time.
  - rule 'linear2: contains a Boolean.' was applied 14 times.
  - rule 'linear: always true' was applied 1'293 times.
  - rule 'linear: divide by GCD' was applied 5'020 times.
  - rule 'linear: empty' was applied 82 times.
  - rule 'linear: extracted enforcement literal' was applied 665 times.
  - rule 'linear: fixed or dup variables' was applied 1'284 times.
  - rule 'linear: negative clause' was applied 2'536 times.
  - rule 'linear: positive at most one' was applied 200 times.
  - rule 'linear: positive clause' was applied 4'722 times.
  - rule 'linear: positive equal one' was applied 5 times.
  - rule 'linear: reduced variable domains' was applied 872 times.
  - rule 'linear: remapped using affine relations' was applied 2'832 times.
  - rule 'linear: simplified rhs' was applied 19'443 times.
  - rule 'linear: singleton column' was applied 14 times.
  - rule 'objective: variable not used elsewhere' was applied 1 time.
  - rule 'presolve: 1008 unused variables removed.' was applied 1 time.
  - rule 'presolve: iteration' was applied 3 times.
  - rule 'probing: bool_or reduced to implication' was applied 1 time.
  - rule 'setppc: removed dominated constraints' was applied 50 times.

Presolved optimization model '': (model_fingerprint: 0x3f77f3b76071a588)
#Variables: 1'835 (#bools: 24 #ints: 1 in objective)
  - 1'545 Booleans in [0,1]
  - 1 in [0,728]
  - 1 in [0,729]
  - 1 in [0,738]
  - 1 in [0,1469]
  - 1 in [0,1472]
  - 2 in [0,1476]
  - 6 in [0,1478]
  - 20 in [0,1479]
  - 2 in [0,1483]
  - 1 in [0,1484]
  - 2 in [0,1486]
  - 13 in [0,1488]
  - 1 in [0,7380]
  - 5 in [0,7390]
  - 23 in [0,7395]
  - 2 in [0,7415]
  - 1 in [0,7420]
  - 2 in [0,7430]
  - 14 in [0,7440]
  - 69 in [0,225000]
  - 1 in [2,740]
  - 1 in [4,732]
  - 2 in [5,734]
  - 1 in [5,738]
  - 1 in [8,737]
  - 1 in [10,743]
  - 1 in [56,3747]
  - 1 in [58,3749]
  - 1 in [71,3740]
  - 1 in [75,3744]
  - 1 in [97,3743]
  - 1 in [98,3744]
  - 2 in [99,3745]
  - 1 in [103,3749]
  - 1 in [104,3750]
  - 1 in [600,222000]
  - 1 in [600,222300]
  - 1 in [600,222900]
  - 1 in [600,223200]
  - 2 in [600,223560]
  - 1 in [600,224100]
  - 2 in [600,224220]
  - 4 in [600,224460]
  - 2 in [600,224844]
  - 1 in [1200,219600]
  - 1 in [1200,221100]
  - 1 in [1200,222300]
  - 1 in [1200,222600]
  - 1 in [1200,223440]
  - 2 in [1200,223800]
  - 2 in [1200,224100]
  - 2 in [1200,224160]
  - 2 in [1200,224580]
  - 2 in [1200,224760]
  - 1 in [1500,220200]
  - 1 in [1500,223500]
  - 2 in [1500,224100]
  - 2 in [1500,224580]
  - 2 in [1500,224700]
  - 2 in [2220,223680]
  - 1 in [2400,221100]
  - 1 in [2400,222669]
  - 2 in [2400,224280]
  - 3 in [2849,224340]
  - 2 in [2956,223440]
  - 1 in [3000,222900]
  - 2 in [3000,223740]
  - 2 in [3019,224880]
  - 2 in [3021,222669]
  - 3 in [3057,224280]
  - 5 in [3360,224820]
  - 1 in [3480,224960]
  - 1 in [3520,225000]
  - 2 in [3533,224340]
  - 1 in [4239,225000]
  - 1 in [4242,225000]
  - 1 in [4248,225000]
  - 2 in [4260,224400]
  - 1 in [4260,225000]
  - 1 in [4500,224668]
  - 2 in [4521,224689]
  - 1 in [4532,224700]
  - 3 in [4872,224520]
  - 2 in [5273,224040]
  - 3 in [5616,224400]
  - 2 in [5820,224580]
  - 4 in [5880,224640]
  - 5 in [5940,224700]
  - 1 in [6180,224943]
  - 2 in [6199,224962]
  - 1 in [6237,225000]
  - 4 in [6240,225000]
#kAtMostOne: 716 (#literals: 5'703)
#kBoolAnd: 19 (#enforced: 19) (#literals: 38)
#kExactlyOne: 5 (#literals: 20)
#kLinear1: 7 (#enforced: 7)
#kLinear2: 700 (#enforced: 510 #multi: 9)
#kLinear3: 1'089 (#enforced: 18)
#kLinearN: 238 (#enforced: 3) (#terms: 2'569)

Preloading model.
#Bound   1.35s best:inf   next:[310800,10554444] initial_domain
[Symmetry] Graph for symmetry has 6'606 nodes and 15'559 arcs.
[Symmetry] Symmetry computation done. time: 0.00142566 dtime: 0.00175182
[Symmetry] #generators: 1, average support size: 2
#Model   1.36s var:1835/1835 constraints:2774/2774

Starting search at 1.36s with 32 workers.
16 full problem subsolvers: [core, default_lp, lb_tree_search, max_lp, no_lp, objective_lb_search, objective_lb_search_max_lp, objective_lb_search_no_lp, objective_shaving_search_max_lp, objective_shaving_search_no_lp, probing, probing_max_lp, pseudo_costs, quick_restart, quick_restart_no_lp, reduced_costs]
14 first solution subsolvers: [fj_long_default, fj_long_lin_default, fj_long_random, fj_short_default, fj_short_lin_default, fj_short_lin_random, fj_short_random, fs_random(2), fs_random_no_lp(2), fs_random_quick_restart(2), fs_random_quick_restart_no_lp]
11 incomplete subsolvers: [feasibility_pump, graph_arc_lns, graph_cst_lns, graph_dec_lns, graph_var_lns, rins/rens, rnd_cst_lns, rnd_var_lns, violation_ls(3)]
3 helper subsolvers: [neighborhood_helper, synchronization_agent, update_gap_integral]
#Bound   1.46s best:inf   next:[310802,10554444] objective_shaving_search_no_lp (vars=1835 csts=2801)
#Bound   1.48s best:inf   next:[310804,10554444] objective_shaving_search_max_lp (vars=1835 csts=2775)
#Bound   1.49s best:inf   next:[310806,10554444] objective_shaving_search_max_lp (vars=1835 csts=2775)
#Bound   1.49s best:inf   next:[310808,10554444] objective_shaving_search_max_lp (vars=1835 csts=2775)
#Bound   1.50s best:inf   next:[310810,10554444] objective_shaving_search_max_lp (vars=1835 csts=2775)
#Bound   1.51s best:inf   next:[310812,10554444] objective_shaving_search_max_lp (vars=1835 csts=2775)
#Bound   1.52s best:inf   next:[310814,10554444] objective_shaving_search_max_lp (vars=1835 csts=2775)
#1       1.53s best:10554444 next:[310814,10554442] fj_long_random(batch:1 #lin_moves:3'296 #lin_evals:5'984 #weight_updates:247)
#2       1.53s best:10554398 next:[310814,10554396] violation_ls(batch:1 #solutions_imported:1 #lin_moves:0 #lin_evals:4'935 #gen_moves:48 #gen_evals:0 #comp_moves:8 #backtracks:20 #weight_updates:1)
#Bound   1.53s best:10554398 next:[310816,10554396] objective_shaving_search_max_lp (vars=1835 csts=2775)
#3       1.54s best:10554352 next:[310816,10554350] violation_ls(batch:1 #solutions_imported:1 #lin_moves:0 #lin_evals:1'334 #gen_moves:32 #gen_evals:0 #comp_moves:6 #backtracks:13 #weight_updates:0)
#4       1.55s best:10554306 next:[310816,10554304] violation_ls(batch:2 #solutions_imported:2 #lin_moves:4 #lin_evals:4'968 #gen_moves:48 #gen_evals:0 #comp_moves:8 #backtracks:20 #weight_updates:3)
#5       1.55s best:10554260 next:[310816,10554258] violation_ls(batch:3 #solutions_imported:3 #lin_moves:4 #lin_evals:6'204 #gen_moves:53 #gen_evals:0 #comp_moves:9 #backtracks:22 #weight_updates:3)
#6       1.55s best:10554214 next:[310816,10554212] violation_ls(batch:3 #solutions_imported:3 #lin_moves:484 #lin_evals:1'455 #gen_moves:8 #gen_evals:0 #comp_moves:8 #backtracks:0 #weight_updates:233)
#7       1.55s best:10554168 next:[310816,10554166] violation_ls(batch:3 #solutions_imported:3 #lin_moves:11 #lin_evals:1'412 #gen_moves:32 #gen_evals:0 #comp_moves:6 #backtracks:13 #weight_updates:7)
#Model   1.83s var:1834/1835 constraints:2773/2774
#8       1.85s best:10548258 next:[310816,10548256] graph_arc_lns (d=0.50 s=59 t=0.10 p=0.00 stall=0 h=auto_l0)
#9       1.85s best:10548212 next:[310816,10548210] violation_ls(batch:4 #solutions_imported:4 #lin_moves:8 #lin_evals:6'240 #gen_moves:53 #gen_evals:0 #comp_moves:9 #backtracks:22 #weight_updates:6)
#10      1.85s best:10548166 next:[310816,10548164] violation_ls(batch:4 #solutions_imported:4 #lin_moves:484 #lin_evals:4'818 #gen_moves:55 #gen_evals:0 #comp_moves:13 #backtracks:21 #weight_updates:234)
#Bound   1.89s best:10548166 next:[316320,10548164] max_lp
#11      1.93s best:684684 next:[316320,684682] graph_var_lns (d=0.50 s=58 t=0.10 p=0.00 stall=0 h=auto_l0)
#Model   2.01s var:1833/1835 constraints:2772/2774
#Bound   2.18s best:684684 next:[316322,684682] objective_shaving_search_no_lp (vars=1835 csts=2775)
#Bound   2.43s best:684684 next:[316326,684682] max_lp
#Bound   2.74s best:684684 next:[318010,684682] max_lp
#Bound   2.80s best:684684 next:[319080,684682] default_lp
#Bound   2.84s best:684684 next:[320254,684682] lb_tree_search
#Bound   2.93s best:684684 next:[321632,684682] max_lp
#Bound   3.10s best:684684 next:[322288,684682] max_lp
#Bound   3.13s best:684684 next:[326262,684682] reduced_costs
#Bound   3.29s best:684684 next:[326264,684682] reduced_costs
#Bound   3.38s best:684684 next:[326272,684682] reduced_costs
#Bound   3.50s best:684684 next:[326378,684682] reduced_costs
#Bound   3.60s best:684684 next:[327988,684682] reduced_costs
#Bound   3.71s best:684684 next:[333238,684682] reduced_costs
#Bound   3.82s best:684684 next:[333504,684682] reduced_costs
#Bound   3.97s best:684684 next:[334030,684682] reduced_costs [skipped_logs=0]
#Bound   4.95s best:684684 next:[335282,684682] objective_lb_search_max_lp [skipped_logs=8]
#Model   5.83s var:1832/1835 constraints:2767/2774
#Bound   5.96s best:684684 next:[350084,684682] objective_lb_search_max_lp [skipped_logs=6]
#Bound   6.85s best:684684 next:[361794,684682] objective_lb_search_max_lp [skipped_logs=4]
#Bound   7.88s best:684684 next:[364708,684682] objective_lb_search_max_lp [skipped_logs=4]
#Model   8.70s var:1831/1835 constraints:2767/2774
#Bound   8.51s best:684684 next:[366052,684682] reduced_costs [skipped_logs=2]
#Bound   9.07s best:684684 next:[367312,684682] reduced_costs [skipped_logs=0]
#Model  10.16s var:1830/1835 constraints:2766/2774
#Bound  10.30s best:684684 next:[367314,684682] objective_shaving_search_no_lp (vars=1824 csts=2602) [skipped_logs=0]
#Bound  15.23s best:684684 next:[367644,684682] lb_tree_search
#Bound  15.54s best:684684 next:[368760,684682] lb_tree_search
#Model  16.41s var:1829/1835 constraints:2766/2774
#Model  17.81s var:1828/1835 constraints:2766/2774
#Model  19.52s var:1827/1835 constraints:2766/2774
#Model  29.43s var:1826/1835 constraints:2766/2774
#12     30.07s best:678636 next:[368760,678634] quick_restart_no_lp (fixed_bools=231/2485)
#Model  45.14s var:1825/1835 constraints:2766/2774
#Model  66.46s var:1824/1835 constraints:2765/2774
#Model  69.67s var:1823/1835 constraints:2765/2774
#13    1180.38s best:670860 next:[368760,670858] objective_lb_search_no_lp (fixed_bools=593/3053)
#14    1182.03s best:665520 next:[368760,665518] objective_lb_search_no_lp (fixed_bools=593/3070)
#15    1182.40s best:662760 next:[368760,662758] objective_lb_search_no_lp (fixed_bools=593/3078)
#16    1412.83s best:654072 next:[368760,654070] objective_lb_search_no_lp (fixed_bools=803/3436)
#17    2710.81s best:650076 next:[368760,650074] quick_restart_no_lp (fixed_bools=1210/5456)
#18    3773.08s best:642030 next:[368760,642028] quick_restart_no_lp (fixed_bools=1404/6173)
#19    4270.20s best:636252 next:[368760,636250] quick_restart_no_lp (fixed_bools=1577/6587)
#20    4461.45s best:630204 next:[368760,630202] quick_restart_no_lp (fixed_bools=1728/6973)
#21    4582.48s best:623346 next:[368760,623344] quick_restart_no_lp (fixed_bools=1865/7212)
#22    5614.03s best:612600 next:[368760,612598] quick_restart_no_lp (fixed_bools=2107/8242)
#Model 5651.22s var:1822/1835 constraints:2764/2774
#23    20074.03s best:612288 next:[368760,612286] quick_restart_no_lp (fixed_bools=2552/12881)

Task timing                                  n [     min,      max]      avg      dev     time         n [     min,      max]      avg      dev    dtime
                             'core':         1 [   6.00h,    6.00h]    6.00h   0.00ns    6.00h         1 [   5.08h,    5.08h]    5.08h   0.00ns    5.08h
                       'default_lp':         1 [   6.00h,    6.00h]    6.00h   0.00ns    6.00h         1 [  36.22m,   36.22m]   36.22m   0.00ns   36.22m
                 'feasibility_pump':         7 [ 69.85ms,    2.02s]    1.40s 572.86ms    9.77s         6 [401.20ms, 496.40ms] 439.29ms  32.18ms    2.64s
                  'fj_long_default':         1 [202.43ms, 202.43ms] 202.43ms   0.00ns 202.43ms         1 [ 43.58ms,  43.58ms]  43.58ms   0.00ns  43.58ms
              'fj_long_lin_default':         1 [126.90ms, 126.90ms] 126.90ms   0.00ns 126.90ms         1 [ 21.45ms,  21.45ms]  21.45ms   0.00ns  21.45ms
                   'fj_long_random':         1 [ 83.56ms,  83.56ms]  83.56ms   0.00ns  83.56ms         1 [ 15.84ms,  15.84ms]  15.84ms   0.00ns  15.84ms
                 'fj_short_default':         2 [ 73.21ms, 102.05ms]  87.63ms  14.42ms 175.27ms         2 [ 14.79ms,  17.33ms]  16.06ms   1.27ms  32.12ms
             'fj_short_lin_default':         1 [111.03ms, 111.03ms] 111.03ms   0.00ns 111.03ms         1 [ 25.91ms,  25.91ms]  25.91ms   0.00ns  25.91ms
              'fj_short_lin_random':         1 [122.79ms, 122.79ms] 122.79ms   0.00ns 122.79ms         1 [ 24.48ms,  24.48ms]  24.48ms   0.00ns  24.48ms
                  'fj_short_random':         1 [105.33ms, 105.33ms] 105.33ms   0.00ns 105.33ms         1 [ 14.79ms,  14.79ms]  14.79ms   0.00ns  14.79ms
                        'fs_random':         1 [161.28ms, 161.28ms] 161.28ms   0.00ns 161.28ms         1 [ 20.00ns,  20.00ns]  20.00ns   0.00ns  20.00ns
                        'fs_random':         1 [171.79ms, 171.79ms] 171.79ms   0.00ns 171.79ms         1 [ 20.00ns,  20.00ns]  20.00ns   0.00ns  20.00ns
                  'fs_random_no_lp':         1 [156.12ms, 156.12ms] 156.12ms   0.00ns 156.12ms         0 [  0.00ns,   0.00ns]   0.00ns   0.00ns   0.00ns
                  'fs_random_no_lp':         1 [158.52ms, 158.52ms] 158.52ms   0.00ns 158.52ms         0 [  0.00ns,   0.00ns]   0.00ns   0.00ns   0.00ns
          'fs_random_quick_restart':         1 [168.85ms, 168.85ms] 168.85ms   0.00ns 168.85ms         1 [ 20.00ns,  20.00ns]  20.00ns   0.00ns  20.00ns
          'fs_random_quick_restart':         1 [171.34ms, 171.34ms] 171.34ms   0.00ns 171.34ms         1 [ 20.00ns,  20.00ns]  20.00ns   0.00ns  20.00ns
    'fs_random_quick_restart_no_lp':         1 [161.84ms, 161.84ms] 161.84ms   0.00ns 161.84ms         0 [  0.00ns,   0.00ns]   0.00ns   0.00ns   0.00ns
                    'graph_arc_lns':         6 [299.28ms,    6.00h]    1.00h    2.24h    6.00h         6 [ 10.00ns, 100.31ms]  83.51ms  37.35ms 501.07ms
                    'graph_cst_lns':         6 [263.87ms,    6.00h]    3.00h    3.00h   18.00h         4 [ 30.00ns, 100.07ms]  75.03ms  43.32ms 300.11ms
                    'graph_dec_lns':         6 [273.32ms,    6.00h]    1.00h    2.24h    6.00h         6 [ 10.00ns, 100.09ms]  83.37ms  37.29ms 500.24ms
                    'graph_var_lns':         6 [265.85ms,    6.00h]    3.00h    3.00h   18.00h         4 [ 30.00ns, 100.24ms]  75.16ms  43.39ms 300.63ms
                   'lb_tree_search':         1 [   6.00h,    6.00h]    6.00h   0.00ns    6.00h         1 [  19.90m,   19.90m]   19.90m   0.00ns   19.90m
                           'max_lp':         1 [   6.00h,    6.00h]    6.00h   0.00ns    6.00h         1 [  19.21m,   19.21m]   19.21m   0.00ns   19.21m
                            'no_lp':         1 [   6.00h,    6.00h]    6.00h   0.00ns    6.00h         1 [   5.03h,    5.03h]    5.03h   0.00ns    5.03h
              'objective_lb_search':         1 [   6.00h,    6.00h]    6.00h   0.00ns    6.00h         1 [  35.14m,   35.14m]   35.14m   0.00ns   35.14m
       'objective_lb_search_max_lp':         1 [   6.00h,    6.00h]    6.00h   0.00ns    6.00h         1 [  21.57m,   21.57m]   21.57m   0.00ns   21.57m
        'objective_lb_search_no_lp':         1 [   6.00h,    6.00h]    6.00h   0.00ns    6.00h         1 [   4.68h,    4.68h]    4.68h   0.00ns    4.68h
  'objective_shaving_search_max_lp':         8 [  9.32ms, 100.01ms]  22.45ms  29.63ms 179.57ms         0 [  0.00ns,   0.00ns]   0.00ns   0.00ns   0.00ns
   'objective_shaving_search_no_lp':         7 [  7.61ms, 242.00ms]  61.33ms  79.37ms 429.31ms         1 [ 54.08ms,  54.08ms]  54.08ms   0.00ns  54.08ms
                          'probing':         1 [   6.00h,    6.00h]    6.00h   0.00ns    6.00h         1 [  36.28m,   36.28m]   36.28m   0.00ns   36.28m
                   'probing_max_lp':         1 [   6.00h,    6.00h]    6.00h   0.00ns    6.00h         1 [  19.67m,   19.67m]   19.67m   0.00ns   19.67m
                     'pseudo_costs':         1 [   6.00h,    6.00h]    6.00h   0.00ns    6.00h         1 [  18.07m,   18.07m]   18.07m   0.00ns   18.07m
                    'quick_restart':         1 [   6.00h,    6.00h]    6.00h   0.00ns    6.00h         1 [  36.49m,   36.49m]   36.49m   0.00ns   36.49m
              'quick_restart_no_lp':         1 [   6.00h,    6.00h]    6.00h   0.00ns    6.00h         1 [   4.30h,    4.30h]    4.30h   0.00ns    4.30h
                    'reduced_costs':         1 [   6.00h,    6.00h]    6.00h   0.00ns    6.00h         1 [  20.79m,   20.79m]   20.79m   0.00ns   20.79m
                        'rins/rens':         7 [815.49us, 944.35ms] 535.07ms 305.37ms    3.75s         6 [100.00ms, 100.80ms] 100.33ms 279.81us 602.00ms
                      'rnd_cst_lns':         7 [303.87ms,    6.00h]    3.43h    2.97h   23.99h         4 [ 40.00ns, 100.23ms]  75.11ms  43.36ms 300.42ms
                      'rnd_var_lns':         7 [551.31ms,    6.00h]    5.14h    2.10h   36.00h         2 [529.00ns, 100.00ms]  50.00ms  50.00ms 100.00ms
                     'violation_ls':         7 [459.79us,  51.48ms]  19.20ms  18.02ms 134.39ms         7 [ 10.44us,  14.30ms]   4.80ms   5.51ms  33.59ms
                     'violation_ls':         7 [600.29us,  50.80ms]  20.29ms  19.29ms 142.04ms         7 [  8.43us,  16.07ms]   5.38ms   6.36ms  37.65ms
                     'violation_ls':         7 [624.18us,  80.80ms]  30.42ms  30.27ms 212.92ms         7 [  3.34us,  21.75ms]   7.65ms   8.65ms  53.53ms

Search stats                         Bools   Conflicts     Branches    Restarts      BoolPropag   IntegerPropag
                           'core':  22'164  15'990'047  419'241'695  61'541'227  20'139'399'347  11'986'464'036
                     'default_lp':   2'132          49       80'460      46'081       3'916'344       8'063'486
                      'fs_random':   1'552           0          660         660          17'417          79'065
                      'fs_random':   1'552           0          672         672          17'745          80'276
                'fs_random_no_lp':   1'552           0          592         592          16'012          73'800
                'fs_random_no_lp':   1'552           0          666         666          17'577          79'571
        'fs_random_quick_restart':   1'552           0          658         658          17'364          78'934
        'fs_random_quick_restart':   1'552           0          666         666          17'577          79'571
  'fs_random_quick_restart_no_lp':   1'552           0          670         670          17'688          79'979
                 'lb_tree_search':   2'132           4       56'979      34'330       2'794'849       5'702'053
                         'max_lp':   2'132          18       48'633      30'096       2'438'950       5'079'148
                          'no_lp':  24'144  15'392'596  424'637'476  57'111'286  23'837'794'233  11'044'929'109
            'objective_lb_search':   2'132          18       76'674      44'239       3'755'994       7'760'738
     'objective_lb_search_max_lp':   2'132          28       61'352      36'506       3'017'834       6'256'753
      'objective_lb_search_no_lp':  28'352   9'951'686  449'739'474  61'634'396  35'281'847'831  11'253'978'450
                        'probing':   2'132          19       79'858      46'048       3'937'579       8'076'931
                 'probing_max_lp':   2'132          19       55'854      33'960       2'802'269       5'782'382
                   'pseudo_costs':   2'132          41       49'153      30'340       2'434'597       5'062'687
                  'quick_restart':   2'132          28       79'408      45'581       3'858'950       7'971'606
            'quick_restart_no_lp':  13'628  11'677'812  925'833'403  59'654'704  18'570'270'158  12'913'567'908
                  'reduced_costs':   2'132          30       49'855      30'698       2'501'465       5'189'893

SAT stats                           ClassicMinim   LitRemoved     LitLearned   LitForgotten  Subsumed  MClauses  MDecisions  MLitTrue  MSubsumed  MLitRemoved  MReused
                           'core':    15'528'275  173'091'550  5'304'689'670  5'216'414'433   189'656   555'525   4'477'425         1      1'395       35'832  129'579
                     'default_lp':             0            0             49              0         0         0           0         0          0            0        0
                      'fs_random':             0            0              0              0         0         0           0         0          0            0        0
                      'fs_random':             0            0              0              0         0         0           0         0          0            0        0
                'fs_random_no_lp':             0            0              0              0         0         0           0         0          0            0        0
                'fs_random_no_lp':             0            0              0              0         0         0           0         0          0            0        0
        'fs_random_quick_restart':             0            0              0              0         0         0           0         0          0            0        0
        'fs_random_quick_restart':             0            0              0              0         0         0           0         0          0            0        0
  'fs_random_quick_restart_no_lp':             0            0              0              0         0         0           0         0          0            0        0
                 'lb_tree_search':             0            0              4              0         0         0           0         0          0            0        0
                         'max_lp':             0            0             18              0         0         0           0         0          0            0        0
                          'no_lp':    14'961'202  167'618'902  5'202'441'727  5'118'934'737   180'825   364'971   5'716'321         0      1'443       52'811  105'370
            'objective_lb_search':             0            0             18              0         0         0           0         0          0            0        0
     'objective_lb_search_max_lp':             0            0             28              0         0         0           0         0          0            0        0
      'objective_lb_search_no_lp':     9'601'904  107'449'560  3'245'449'486  3'169'261'906   153'458   271'564  11'673'783         0      1'245       48'170  160'876
                        'probing':             0            0             19              0         0         0           0         0          0            0        0
                 'probing_max_lp':             0            0             19              0         0         0           0         0          0            0        0
                   'pseudo_costs':             0            0             41              0         0         0           0         0          0            0        0
                  'quick_restart':             0            0             28              0         0         0           0         0          0            0        0
            'quick_restart_no_lp':    10'758'190   86'159'651  5'025'715'469  4'864'046'455   395'818   673'635  14'869'134         2      1'772       37'514  143'545
                  'reduced_costs':             0            0             30              0         0         0           0         0          0            0        0

Lp stats                         Component  Iterations  AddedCuts  OPTIMAL  DUAL_F.  DUAL_U.
                  'default_lp':          1  10'224'751  4'184'582  257'890       45        2
                   'fs_random':          1           0          0        0        0        0
                   'fs_random':          1           0          0        0        0        0
     'fs_random_quick_restart':          1           0          0        0        0        0
     'fs_random_quick_restart':          1           0          0        0        0        0
              'lb_tree_search':          1   4'593'820  1'245'309  119'863   33'698        0
                      'max_lp':          1   3'891'911  1'189'832  104'839   28'543        2
         'objective_lb_search':          1  10'161'582  4'170'817  247'260       47        3
  'objective_lb_search_max_lp':          1   5'491'707  1'225'837  125'505   36'483        1
                     'probing':          1  10'495'572  4'155'116  257'525       36        4
              'probing_max_lp':          1   4'284'138  1'334'759  120'031   32'751        0
                'pseudo_costs':          1   3'456'789  1'264'458  107'385   28'814        0
               'quick_restart':          1  10'520'768  4'210'027  255'166       43        2
               'reduced_costs':          1   4'004'021  1'300'993  107'108   29'428        0

Lp dimension                                                                        Final dimension of first component
                  'default_lp':  3868 rows, 1830 columns, 49126 entries with magnitude in [3.419110e-06, 1.000000e+00]
                   'fs_random':         0 rows, 1830 columns, 0 entries with magnitude in [0.000000e+00, 0.000000e+00]
                   'fs_random':         0 rows, 1830 columns, 0 entries with magnitude in [0.000000e+00, 0.000000e+00]
     'fs_random_quick_restart':         0 rows, 1830 columns, 0 entries with magnitude in [0.000000e+00, 0.000000e+00]
     'fs_random_quick_restart':         0 rows, 1830 columns, 0 entries with magnitude in [0.000000e+00, 0.000000e+00]
              'lb_tree_search':  2497 rows, 1835 columns, 26829 entries with magnitude in [1.517506e-05, 1.000000e+00]
                      'max_lp':  2586 rows, 1835 columns, 29364 entries with magnitude in [9.898136e-06, 1.000000e+00]
         'objective_lb_search':  3101 rows, 1830 columns, 35522 entries with magnitude in [1.840774e-06, 1.000000e+00]
  'objective_lb_search_max_lp':  2373 rows, 1835 columns, 23505 entries with magnitude in [5.675987e-05, 1.000000e+00]
                     'probing':  3292 rows, 1830 columns, 26294 entries with magnitude in [2.015981e-05, 1.000000e+00]
              'probing_max_lp':  2977 rows, 1835 columns, 29235 entries with magnitude in [1.390772e-05, 1.000000e+00]
                'pseudo_costs':  2473 rows, 1835 columns, 24226 entries with magnitude in [1.213647e-05, 1.000000e+00]
               'quick_restart':  3414 rows, 1830 columns, 26383 entries with magnitude in [3.205120e-05, 1.000000e+00]
               'reduced_costs':  2451 rows, 1835 columns, 32640 entries with magnitude in [4.672965e-06, 1.000000e+00]

Lp debug                         CutPropag  CutEqPropag  Adjust  Overflow          Bad  BadScaling
                  'default_lp':          0        4'173   2'221         0  149'059'480           0
                   'fs_random':          0            0       0         0            0           0
                   'fs_random':          0            0       0         0            0           0
     'fs_random_quick_restart':          0            0       0         0            0           0
     'fs_random_quick_restart':          0            0       0         0            0           0
              'lb_tree_search':          4        2'071  46'121         0  136'379'446           0
                      'max_lp':          0        2'476  53'628         0  123'257'179           0
         'objective_lb_search':          0        3'833   2'494         0  142'876'426           0
  'objective_lb_search_max_lp':         10        1'136  42'667         0  141'333'601           0
                     'probing':          0        4'405   3'180         0  147'641'264           0
              'probing_max_lp':          1        3'642  73'844         0  135'673'804           0
                'pseudo_costs':         13        2'533  28'202         0  123'481'243           0
               'quick_restart':          0        4'305   1'735         0  145'054'856           0
               'reduced_costs':          6        3'938  29'130         0  130'679'687           0

Lp pool                          Constraints  Updates  Simplif  Merged  Shortened   Split  Strenghtened            Cuts/Call
                  'default_lp':       11'741   51'540   11'503      58        662   7'308       168'665  4'184'582/8'130'431
                   'fs_random':        2'217        0        0       0          0       0             0                  0/0
                   'fs_random':        2'217        0        0       0          0       0             0                  0/0
     'fs_random_quick_restart':        2'217        0        0       0          0       0             0                  0/0
     'fs_random_quick_restart':        2'217        0        0       0          0       0             0                  0/0
              'lb_tree_search':       12'010   45'512   32'364      70      1'699  12'459       249'726  1'245'309/2'575'006
                      'max_lp':       12'526   57'308   21'674      77      1'111  37'692       195'298  1'189'832/2'442'143
         'objective_lb_search':       11'957   43'612    7'014      77        340   5'252       166'328  4'170'817/7'928'849
  'objective_lb_search_max_lp':       12'559   38'680   17'557      49      1'049  16'614       243'666  1'225'837/2'519'458
                     'probing':       11'232   47'276    7'790     101        342   5'777       166'381  4'155'116/8'112'520
              'probing_max_lp':       12'405   60'979   18'157     125      1'183  22'551       220'214  1'334'759/2'882'202
                'pseudo_costs':       12'170   61'224   20'171      59      1'114  44'823       196'342  1'264'458/2'657'393
               'quick_restart':       11'134   50'108    8'883     110        532   7'477       168'130  4'210'027/7'996'023
               'reduced_costs':       12'716   62'300   12'835      48      1'071  19'160       196'709  1'300'993/2'712'005

Lp Cut             defaul   max_lp   quick_   reduce   pseudo   lb_tre   probin   object   probin   object
          CG_FF:  150'187   25'597  154'451   27'908   26'527   28'434  148'511  156'071   30'012   31'575
           CG_K:    3'495    5'392    3'708    5'174    4'972    6'470    3'523    3'399    6'518    7'800
          CG_KL:       19        4       41        8        1        5       17       19        1        2
           CG_R:  121'998   36'647  111'106   42'882   47'268   38'216  114'395   93'130   37'784   35'907
          CG_RB:  783'982  140'301  795'080  158'713  164'210  153'064  788'432  764'173  182'873  164'456
         CG_RBP:    2'586    3'799    2'714    3'465    3'714    4'445    3'158    2'790    5'076    5'703
         Clique:        -   26'526        -   27'612   27'620   30'815        -        -   31'591   32'297
             IB:  857'910  131'952  883'954  148'565  135'647  143'132  868'299  834'757  140'622  141'245
       MIR_1_FF:  897'271  185'254  880'725  216'052  171'565  163'545  866'100  954'130  194'992  157'347
        MIR_1_K:    7'684    4'951    7'413    4'979    4'041    6'078    8'153    8'381    4'685    5'642
       MIR_1_KL:      848       84    1'307       90       72      104      797    1'276      100       92
        MIR_1_R:   23'614    9'098   23'827    9'345   10'062    9'171   20'433   24'817   10'876   10'853
       MIR_1_RB:  564'510  192'768  564'165  211'170  216'699  207'573  562'066  566'735  211'580  186'233
      MIR_1_RBP:    2'402      778    2'313    1'193      803    1'247    2'735    2'451    1'228    1'343
       MIR_2_FF:   78'539   21'505   81'460   25'422   20'988   20'440   80'038   89'495   22'318   17'444
        MIR_2_K:    1'760    1'368    1'924    1'453    1'349    1'895    1'948    1'716    1'565    1'864
       MIR_2_KL:      112       15      182       21        9       25      118      137       19       17
        MIR_2_R:    8'516   12'443    9'862   13'512   14'038   13'411    7'977   10'166   15'281   13'570
       MIR_2_RB:  102'240   99'182  104'563   89'748  108'101   83'393  101'589  102'403  102'519   71'039
      MIR_2_RBP:    1'026      507    1'160      727      478      546    1'216    1'040      898      574
       MIR_3_FF:   23'246   10'269   25'237   12'471    9'180   10'279   24'165   23'678   10'711    9'313
        MIR_3_K:    2'331    2'613    2'190    2'739    2'489    3'315    2'249    1'997    2'975    3'520
       MIR_3_KL:      146       18      222       20       11       27      167      157       28       27
        MIR_3_R:   19'227    7'985   20'626    7'748    8'208   11'114   20'932   19'273   10'037   11'811
       MIR_3_RB:   89'209   47'633   90'513   49'843   52'174   54'365   90'755   88'496   54'717   52'446
      MIR_3_RBP:      864      699      800      849      696      954      782      716    1'103    1'045
       MIR_4_FF:    8'576    7'228   10'336    9'381    7'144    7'706   10'357    9'277    8'288    6'963
        MIR_4_K:      850    1'768      874    1'782    1'736    2'280      870      806    2'026    2'409
       MIR_4_KL:       33        5       66       12        8        5       35       40        9        6
        MIR_4_R:    4'105    3'199    4'347    3'360    3'355    4'344    4'198    3'835    4'209    4'633
       MIR_4_RB:   51'135   40'707   51'698   42'577   43'372   44'759   52'645   52'502   46'056   43'704
      MIR_4_RBP:      377      496      410      518      550      693      469      374      886      785
       MIR_5_FF:    4'083    6'589    4'733    7'623    6'414    7'088    4'808    4'242    7'332    7'134
        MIR_5_K:      647    1'758      691    1'632    1'620    2'161      645      604    1'979    2'423
       MIR_5_KL:       25        9       29        7        5        7       25       36       12       18
        MIR_5_R:    2'355    2'311    2'351    2'493    2'412    3'009    2'269    2'061    2'772    3'197
       MIR_5_RB:   38'603   34'360   38'349   35'569   36'538   38'135   39'064   39'215   38'596   38'286
      MIR_5_RBP:      323      447      326      504      514      645      373      308      721      721
       MIR_6_FF:    1'513    4'275    1'791    5'333    3'986    4'699    1'686    1'710    5'078    4'867
        MIR_6_K:      271    1'244      373    1'225    1'102    1'628      299      324    1'392    1'655
       MIR_6_KL:        4        6        9        9        5        3        8       12        8        9
        MIR_6_R:    1'283    2'550    1'263    2'513    2'334    3'621    1'258    1'239    3'224    3'857
       MIR_6_RB:   27'477   24'078   27'459   25'728   25'503   28'108   27'883   27'427   28'523   27'979
      MIR_6_RBP:      212      316      265      332      321      495      271      237      454      451
   ZERO_HALF_FF:   39'309    8'928   39'463    9'741    9'696   10'337   36'427   36'166   10'671   11'382
    ZERO_HALF_K:      803      743      827      832      751    1'018    1'075      835      705    1'220
   ZERO_HALF_KL:        5        -        6        -        1        -        4        1        -        -
    ZERO_HALF_R:  162'886   51'053  159'680   53'975   49'520   57'008  162'642  151'108   53'617   63'510
   ZERO_HALF_RB:   95'256   29'933   94'531   33'621   36'192   34'834   88'667   86'514   37'329   36'572
  ZERO_HALF_RBP:      729      441      607      517      457      663      583      541      763      891

LNS stats           Improv/Calls  Closed  Difficulty  TimeLimit
  'graph_arc_lns':           4/6     33%        0.21       0.10
  'graph_cst_lns':           3/6     17%        0.10       0.10
  'graph_dec_lns':           3/6     17%        0.09       0.10
  'graph_var_lns':           5/6     17%        0.10       0.10
      'rins/rens':           4/6     33%        0.18       0.10
    'rnd_cst_lns':           4/7      0%        0.03       0.10
    'rnd_var_lns':           6/7     14%        0.09       0.10

LS stats                   Batches  Restarts  LinMoves  GenMoves  CompoundMoves  WeightUpdates
       'fj_long_default':        1         1     8'658         0              0          1'342
   'fj_long_lin_default':        1         1         0     3'461            525             13
        'fj_long_random':        1         1     3'296         0              0            247
      'fj_short_default':        2         1         0     4'757            641              3
  'fj_short_lin_default':        1         1         0     4'278            589             16
   'fj_short_lin_random':        1         1         0     4'049            498              8
       'fj_short_random':        1         1         0     2'428            549              1
          'violation_ls':        7         0    15'272        73             11         14'748
          'violation_ls':        7         0       484     7'683            466            286
          'violation_ls':        7         0         8     4'164            106             35

Solutions (23)                  Num     Rank
             'fj_long_random':    1    [1,1]
              'graph_arc_lns':    1    [8,8]
              'graph_var_lns':    1  [11,11]
  'objective_lb_search_no_lp':    4  [13,16]
        'quick_restart_no_lp':    8  [12,23]
               'violation_ls':    8   [2,10]

Objective bounds                      Num
                       'default_lp':    1
                   'initial_domain':    1
                   'lb_tree_search':    3
                           'max_lp':    5
       'objective_lb_search_max_lp':   23
  'objective_shaving_search_max_lp':    7
   'objective_shaving_search_no_lp':    3
                    'reduced_costs':   15

Solution repositories    Added  Queried  Ignored  Synchro
  'feasible solutions':     80      117        0       80
        'lp solutions':      0        0        0        0
                'pump':     84        7

Improving bounds shared            Num
                        'core':    727
                  'default_lp':    126
              'lb_tree_search':      4
                      'max_lp':      3
                       'no_lp':    877
         'objective_lb_search':     48
  'objective_lb_search_max_lp':     21
   'objective_lb_search_no_lp':  1'104
                     'probing':    177
              'probing_max_lp':     55
                'pseudo_costs':     75
               'quick_restart':     53
         'quick_restart_no_lp':  1'222
               'reduced_costs':     56

Clauses shared                    Num
                       'core':  1'488
                      'no_lp':  1'453
  'objective_lb_search_no_lp':  1'239
        'quick_restart_no_lp':  1'686

CpSolverResponse summary:
status: FEASIBLE
objective: 612288
best_bound: 368760
integers: 1836
booleans: 1552
conflicts: 0
branches: 666
propagations: 17577
integer_propagations: 79571
restarts: 666
lp_iterations: 0
walltime: 21600.7
usertime: 21600.7
deterministic_time: 84547.3
gap_integral: 1.04864e+06
solution_fingerprint: 0x28da83c08dc2a5

CPU USED: 32
Loading /home/aneumann/projects/def-adhaj/aneumann/gns/data/instances/test/l/instance_179.pkl...
===* START SOLVING *===
   index    value       gap  ... max_time  cpu  max_memory
0    179  6122.88  0.397734  ...        6   32         118

[1 rows x 8 columns]
===* END OF FILE *===
