created virtual environment CPython3.12.4.final.0-64 in 3076ms
  creator CPython3Posix(dest=/local/aneumann.27429363.0/env, clear=False, no_vcs_ignore=False, global=False)
  seeder FromAppData(download=False, pip=bundle, via=copy, app_data_dir=/home/aneumann/.local/share/virtualenv)
    added seed packages: pip==24.0
  activators BashActivator,CShellActivator,FishActivator,NushellActivator,PowerShellActivator,PythonActivator
Looking in links: /cvmfs/soft.computecanada.ca/custom/python/wheelhouse/gentoo2023/x86-64-v3, /cvmfs/soft.computecanada.ca/custom/python/wheelhouse/gentoo2023/generic, /cvmfs/soft.computecanada.ca/custom/python/wheelhouse/generic
Requirement already satisfied: pip in /local/aneumann.27429363.0/env/lib/python3.12/site-packages (24.0)
Processing /cvmfs/soft.computecanada.ca/custom/python/wheelhouse/generic/pip-24.2+computecanada-py3-none-any.whl
Installing collected packages: pip
  Attempting uninstall: pip
    Found existing installation: pip 24.0
    Uninstalling pip-24.0:
      Successfully uninstalled pip-24.0
Successfully installed pip-24.2+computecanada
Looking in links: /cvmfs/soft.computecanada.ca/custom/python/wheelhouse/gentoo2023/x86-64-v3, /cvmfs/soft.computecanada.ca/custom/python/wheelhouse/gentoo2023/generic, /cvmfs/soft.computecanada.ca/custom/python/wheelhouse/generic
ERROR: protobuf-5.28.3-cp38-abi3-manylinux2014_x86_64.whl is not a supported wheel on this platform.
Looking in links: /cvmfs/soft.computecanada.ca/custom/python/wheelhouse/gentoo2023/x86-64-v3, /cvmfs/soft.computecanada.ca/custom/python/wheelhouse/gentoo2023/generic, /cvmfs/soft.computecanada.ca/custom/python/wheelhouse/generic
Processing /home/aneumann/projects/def-adhaj/aneumann/gns/wheels/immutabledict-4.2.0-py3-none-any.whl
Installing collected packages: immutabledict
Successfully installed immutabledict-4.2.0
Looking in links: /cvmfs/soft.computecanada.ca/custom/python/wheelhouse/gentoo2023/x86-64-v3, /cvmfs/soft.computecanada.ca/custom/python/wheelhouse/gentoo2023/generic, /cvmfs/soft.computecanada.ca/custom/python/wheelhouse/generic
Processing /cvmfs/soft.computecanada.ca/custom/python/wheelhouse/generic/ortools-9.10.4067+computecanada-cp312-cp312-linux_x86_64.whl (from -r /home/aneumann/projects/def-adhaj/aneumann/gns/requirements_or.txt (line 1))
Processing /cvmfs/soft.computecanada.ca/custom/python/wheelhouse/gentoo2023/x86-64-v3/pandas-2.2.2+computecanada-cp312-cp312-linux_x86_64.whl (from -r /home/aneumann/projects/def-adhaj/aneumann/gns/requirements_or.txt (line 2))
Processing /cvmfs/soft.computecanada.ca/custom/python/wheelhouse/generic/absl_py-2.1.0+computecanada-py3-none-any.whl (from ortools->-r /home/aneumann/projects/def-adhaj/aneumann/gns/requirements_or.txt (line 1))
Processing /cvmfs/soft.computecanada.ca/custom/python/wheelhouse/gentoo2023/generic/numpy-2.1.1+computecanada-cp312-cp312-linux_x86_64.whl (from ortools->-r /home/aneumann/projects/def-adhaj/aneumann/gns/requirements_or.txt (line 1))
Processing /cvmfs/soft.computecanada.ca/custom/python/wheelhouse/gentoo2023/x86-64-v3/protobuf-5.28.0+computecanada-cp312-cp312-linux_x86_64.whl (from ortools->-r /home/aneumann/projects/def-adhaj/aneumann/gns/requirements_or.txt (line 1))
Requirement already satisfied: immutabledict>=3.0.0 in /local/aneumann.27429363.0/env/lib/python3.12/site-packages (from ortools->-r /home/aneumann/projects/def-adhaj/aneumann/gns/requirements_or.txt (line 1)) (4.2.0)
Processing /cvmfs/soft.computecanada.ca/custom/python/wheelhouse/generic/python_dateutil-2.9.0.post0+computecanada-py2.py3-none-any.whl (from pandas->-r /home/aneumann/projects/def-adhaj/aneumann/gns/requirements_or.txt (line 2))
Processing /cvmfs/soft.computecanada.ca/custom/python/wheelhouse/generic/pytz-2024.2+computecanada-py2.py3-none-any.whl (from pandas->-r /home/aneumann/projects/def-adhaj/aneumann/gns/requirements_or.txt (line 2))
Processing /cvmfs/soft.computecanada.ca/custom/python/wheelhouse/generic/tzdata-2024.2+computecanada-py2.py3-none-any.whl (from pandas->-r /home/aneumann/projects/def-adhaj/aneumann/gns/requirements_or.txt (line 2))
Processing /cvmfs/soft.computecanada.ca/custom/python/wheelhouse/generic/six-1.16.0+computecanada-py2.py3-none-any.whl (from python-dateutil>=2.8.2->pandas->-r /home/aneumann/projects/def-adhaj/aneumann/gns/requirements_or.txt (line 2))
Installing collected packages: pytz, tzdata, six, protobuf, numpy, absl-py, python-dateutil, pandas, ortools
Successfully installed absl-py-2.1.0+computecanada numpy-2.1.1+computecanada ortools-9.10.4067+computecanada pandas-2.2.2+computecanada protobuf-5.28.0+computecanada python-dateutil-2.9.0.post0+computecanada pytz-2024.2+computecanada six-1.16.0+computecanada tzdata-2024.2+computecanada

Starting CP-SAT solver v9.10.4067
Parameters: max_time_in_seconds: 21600 max_memory_in_mb: 118 log_search_progress: true optimize_with_core: true cp_model_presolve: true enumerate_all_solutions: false num_search_workers: 32 use_implied_bounds: true absolute_gap_limit: 5 relative_gap_limit: 0.01 use_probing_search: true

Initial optimization model '': (model_fingerprint: 0x58a470a95fb6b8e5)
#Variables: 2'675 (#bools: 26 #ints: 1 in objective)
  - 2'331 Booleans in [0,1]
  - 343 in [0,225000]
  - 1 constants in {1} 
#kBoolOr: 1'142 (#literals: 1'142)
#kLinear1: 417
#kLinear2: 7'329
#kLinear3: 1'568
#kLinearN: 564 (#terms: 6'211)

Starting presolve at 0.00s
  2.74e-03s  0.00e+00d  [DetectDominanceRelations] 
  6.43e-02s  0.00e+00d  [PresolveToFixPoint] #num_loops=16 #num_dual_strengthening=3 
  9.40e-05s  0.00e+00d  [ExtractEncodingFromLinear] #potential_supersets=174 
[Symmetry] Graph for symmetry has 9'243 nodes and 19'804 arcs.
[Symmetry] Symmetry computation done. time: 0.00268118 dtime: 0.00258023
[SAT presolve] num removable Booleans: 0 / 1420
[SAT presolve] num trivial clauses: 0
[SAT presolve] [0s] clauses:2683 literals:5372 vars:1402 one_side_vars:1376 simple_definition:20 singleton_clauses:0
[SAT presolve] [0.000278821s] clauses:2683 literals:5372 vars:1402 one_side_vars:1376 simple_definition:20 singleton_clauses:0
[SAT presolve] [0.000409864s] clauses:2683 literals:5372 vars:1402 one_side_vars:1376 simple_definition:20 singleton_clauses:0
  9.50e-01s  1.58e-01d  [Probe] #probed=3'469 #fixed_bools=87 #new_bounds=167 
  6.41e-03s  0.00e+00d  [MaxClique] Merged 2852(8044 literals) into 908(6410 literals) at_most_ones. 
  2.26e-03s  0.00e+00d  [DetectDominanceRelations] 
  1.61e-02s  0.00e+00d  [PresolveToFixPoint] #num_loops=4 #num_dual_strengthening=3 
  3.27e-03s  0.00e+00d  [ProcessAtMostOneAndLinear] #num_changes=47 
  1.97e-03s  0.00e+00d  [DetectDuplicateConstraints] 
  5.14e-04s  2.06e-05d  [DetectDominatedLinearConstraints] #relevant_constraints=1'402 
  5.88e-04s  0.00e+00d  [DetectDifferentVariables] #different=14 
  9.81e-04s  2.66e-04d  [ProcessSetPPC] #relevant_constraints=914 #num_inclusions=708 
  7.34e-05s  0.00e+00d  [FindAlmostIdenticalLinearConstraints] 
  4.71e-03s  4.96e-03d  [FindBigAtMostOneAndLinearOverlap] 
  1.32e-03s  2.39e-03d  [FindBigVerticalLinearOverlap] 
  3.70e-04s  8.63e-04d  [FindBigHorizontalLinearOverlap] #linears=141 
  1.58e-04s  6.00e-08d  [MergeClauses] 
  2.21e-03s  0.00e+00d  [DetectDominanceRelations] 
  7.87e-03s  0.00e+00d  [PresolveToFixPoint] #num_loops=1 #num_dual_strengthening=1 
  2.21e-03s  0.00e+00d  [DetectDominanceRelations] 
  7.89e-03s  0.00e+00d  [PresolveToFixPoint] #num_loops=1 #num_dual_strengthening=1 
[Symmetry] Graph for symmetry has 6'975 nodes and 13'875 arcs.
[Symmetry] Symmetry computation done. time: 0.0014277 dtime: 0.00161721
[SAT presolve] num removable Booleans: 0 / 1331
[SAT presolve] num trivial clauses: 0
[SAT presolve] [0s] clauses:30 literals:66 vars:31 one_side_vars:14 simple_definition:17 singleton_clauses:0
[SAT presolve] [5.3173e-05s] clauses:30 literals:66 vars:31 one_side_vars:14 simple_definition:17 singleton_clauses:0
[SAT presolve] [9.8516e-05s] clauses:30 literals:66 vars:31 one_side_vars:14 simple_definition:17 singleton_clauses:0
  2.56e-01s  4.09e-02d  [Probe] #probed=3'377 #fixed_bools=1 #new_bounds=40 
  2.91e-03s  0.00e+00d  [MaxClique] Merged 717(5149 literals) into 717(5157 literals) at_most_ones. 
  2.20e-03s  0.00e+00d  [DetectDominanceRelations] 
  1.17e-02s  0.00e+00d  [PresolveToFixPoint] #num_loops=4 #num_dual_strengthening=3 
  3.01e-03s  0.00e+00d  [ProcessAtMostOneAndLinear] 
  1.93e-03s  0.00e+00d  [DetectDuplicateConstraints] #duplicates=2 
  5.01e-04s  2.06e-05d  [DetectDominatedLinearConstraints] #relevant_constraints=1'402 
  5.47e-04s  0.00e+00d  [DetectDifferentVariables] #different=14 
  8.73e-04s  2.60e-04d  [ProcessSetPPC] #relevant_constraints=862 #num_inclusions=654 
  7.55e-05s  0.00e+00d  [FindAlmostIdenticalLinearConstraints] 
  4.72e-03s  4.95e-03d  [FindBigAtMostOneAndLinearOverlap] 
  1.35e-03s  2.39e-03d  [FindBigVerticalLinearOverlap] 
  3.71e-04s  8.56e-04d  [FindBigHorizontalLinearOverlap] #linears=140 
  1.63e-04s  6.00e-08d  [MergeClauses] 
  2.20e-03s  0.00e+00d  [DetectDominanceRelations] 
  7.86e-03s  0.00e+00d  [PresolveToFixPoint] #num_loops=1 #num_dual_strengthening=1 
  2.20e-03s  0.00e+00d  [DetectDominanceRelations] 
  7.86e-03s  0.00e+00d  [PresolveToFixPoint] #num_loops=1 #num_dual_strengthening=1 
[Symmetry] Graph for symmetry has 6'974 nodes and 13'874 arcs.
[Symmetry] Symmetry computation done. time: 0.00132513 dtime: 0.00161841
[SAT presolve] num removable Booleans: 0 / 1330
[SAT presolve] num trivial clauses: 0
[SAT presolve] [0s] clauses:30 literals:66 vars:31 one_side_vars:14 simple_definition:17 singleton_clauses:0
[SAT presolve] [5.293e-05s] clauses:30 literals:66 vars:31 one_side_vars:14 simple_definition:17 singleton_clauses:0
[SAT presolve] [9.8556e-05s] clauses:30 literals:66 vars:31 one_side_vars:14 simple_definition:17 singleton_clauses:0
  2.47e-01s  3.95e-02d  [Probe] #probed=3'376 #new_bounds=26 
  2.97e-03s  0.00e+00d  [MaxClique] Merged 717(5151 literals) into 717(5153 literals) at_most_ones. 
  2.22e-03s  0.00e+00d  [DetectDominanceRelations] 
  1.03e-02s  0.00e+00d  [PresolveToFixPoint] #num_loops=3 #num_dual_strengthening=2 
  2.99e-03s  0.00e+00d  [ProcessAtMostOneAndLinear] 
  1.90e-03s  0.00e+00d  [DetectDuplicateConstraints] #duplicates=1 
  5.11e-04s  2.06e-05d  [DetectDominatedLinearConstraints] #relevant_constraints=1'402 
  5.49e-04s  0.00e+00d  [DetectDifferentVariables] #different=14 
  8.38e-04s  2.60e-04d  [ProcessSetPPC] #relevant_constraints=862 #num_inclusions=654 
  7.91e-05s  0.00e+00d  [FindAlmostIdenticalLinearConstraints] 
  4.66e-03s  4.95e-03d  [FindBigAtMostOneAndLinearOverlap] 
  1.31e-03s  2.39e-03d  [FindBigVerticalLinearOverlap] 
  3.72e-04s  8.56e-04d  [FindBigHorizontalLinearOverlap] #linears=140 
  1.66e-04s  6.00e-08d  [MergeClauses] 
  2.21e-03s  0.00e+00d  [DetectDominanceRelations] 
  7.88e-03s  0.00e+00d  [PresolveToFixPoint] #num_loops=1 #num_dual_strengthening=1 
  1.61e-04s  0.00e+00d  [ExpandObjective] #entries=24 #tight_variables=8 #tight_constraints=2 

Presolve summary:
  - 87 affine relations were detected.
  - rule 'TODO dual: only one blocking constraint?' was applied 24'577 times.
  - rule 'TODO dual: only one unspecified blocking constraint?' was applied 16 times.
  - rule 'TODO dual: tighten at most one' was applied 504 times.
  - rule 'TODO linear2: contains a Boolean.' was applied 12'802 times.
  - rule 'affine: new relation' was applied 87 times.
  - rule 'at_most_one: empty or all false' was applied 3 times.
  - rule 'at_most_one: removed literals' was applied 341 times.
  - rule 'at_most_one: singleton' was applied 2 times.
  - rule 'at_most_one: size one' was applied 146 times.
  - rule 'at_most_one: transformed into max clique.' was applied 1 time.
  - rule 'bool_and: non-reified.' was applied 12 times.
  - rule 'bool_and: x => x' was applied 4 times.
  - rule 'bool_or: always true' was applied 1'142 times.
  - rule 'bool_or: fixed literals' was applied 3 times.
  - rule 'bool_or: implications' was applied 6'388 times.
  - rule 'deductions: 389 stored' was applied 1 time.
  - rule 'dual: add implication' was applied 10 times.
  - rule 'dual: enforced equivalence' was applied 4 times.
  - rule 'dual: fix variable' was applied 328 times.
  - rule 'dual: fix variable with multiple choices' was applied 6 times.
  - rule 'dual: reduced domain' was applied 195 times.
  - rule 'duplicate: removed constraint' was applied 3 times.
  - rule 'enforcement: false literal' was applied 3'619 times.
  - rule 'enforcement: literal not used' was applied 37 times.
  - rule 'enforcement: true literal' was applied 12 times.
  - rule 'linear + amo: extracted enforcement literal' was applied 3 times.
  - rule 'linear + amo: fixed literal implied by enforcement' was applied 44 times.
  - rule 'linear1: always true' was applied 7 times.
  - rule 'linear2: contains a Boolean.' was applied 12 times.
  - rule 'linear: always true' was applied 1'218 times.
  - rule 'linear: divide by GCD' was applied 4'506 times.
  - rule 'linear: empty' was applied 116 times.
  - rule 'linear: extracted enforcement literal' was applied 513 times.
  - rule 'linear: fixed or dup variables' was applied 1'359 times.
  - rule 'linear: negative clause' was applied 2'384 times.
  - rule 'linear: positive at most one' was applied 181 times.
  - rule 'linear: positive clause' was applied 4'007 times.
  - rule 'linear: positive equal one' was applied 2 times.
  - rule 'linear: reduce rhs with DP' was applied 1 time.
  - rule 'linear: reduced variable domains' was applied 921 times.
  - rule 'linear: remapped using affine relations' was applied 2'735 times.
  - rule 'linear: simplified rhs' was applied 17'593 times.
  - rule 'linear: singleton column' was applied 20 times.
  - rule 'objective: variable not used elsewhere' was applied 1 time.
  - rule 'presolve: 963 unused variables removed.' was applied 1 time.
  - rule 'presolve: iteration' was applied 3 times.
  - rule 'setppc: removed dominated constraints' was applied 52 times.

Presolved optimization model '': (model_fingerprint: 0xbc559c054cb45fa0)
#Variables: 1'605 (#bools: 25 #ints: 1 in objective)
  - 1'330 Booleans in [0,1]
  - 1 in [0,727]
  - 1 in [0,730]
  - 1 in [0,738]
  - 1 in [0,1469]
  - 1 in [0,1476]
  - 18 in [0,1477]
  - 1 in [0,1479]
  - 15 in [0,1480]
  - 1 in [0,1481]
  - 1 in [0,1482]
  - 12 in [0,1488]
  - 7 in [0,7385]
  - 1 in [0,7395]
  - 14 in [0,7400]
  - 1 in [0,7405]
  - 1 in [0,7410]
  - 1 in [0,7414]
  - 2 in [0,7430]
  - 23 in [0,7440]
  - 58 in [0,225000]
  - 2 in [3,741]
  - 1 in [4,731]
  - 1 in [4,734]
  - 1 in [5,743]
  - 1 in [46,3739]
  - 1 in [52,3745]
  - 1 in [54,3747]
  - 1 in [56,3749]
  - 1 in [84,3741]
  - 1 in [92,3749]
  - 1 in [94,3745]
  - 1 in [98,3749]
  - 1 in [900,222300]
  - 1 in [900,223500]
  - 1 in [900,223800]
  - 2 in [900,224244]
  - 2 in [900,224507]
  - 1 in [1200,219300]
  - 2 in [1200,220200]
  - 1 in [1200,221100]
  - 1 in [1200,221400]
  - 3 in [1200,221797]
  - 1 in [1200,222300]
  - 1 in [1200,222600]
  - 2 in [1200,223440]
  - 6 in [1200,223620]
  - 2 in [1200,223740]
  - 2 in [1200,223860]
  - 2 in [1200,223920]
  - 2 in [1200,223980]
  - 2 in [1200,224160]
  - 4 in [1200,224280]
  - 1 in [1500,222900]
  - 4 in [1500,223980]
  - 2 in [1500,224040]
  - 2 in [1500,224220]
  - 2 in [2694,224280]
  - 5 in [2760,224340]
  - 3 in [2930,224520]
  - 2 in [3075,224040]
  - 1 in [3120,224756]
  - 2 in [3153,224789]
  - 1 in [3184,224820]
  - 3 in [3240,224820]
  - 2 in [3330,223920]
  - 1 in [3360,224996]
  - 1 in [3364,225000]
  - 4 in [3563,224160]
  - 3 in [4560,223980]
  - 3 in [4828,224280]
  - 5 in [5040,224460]
  - 4 in [5374,224460]
  - 1 in [5520,224982]
  - 1 in [5538,225000]
  - 3 in [5640,224700]
  - 1 in [5880,224988]
  - 5 in [5892,225000]
#kAtMostOne: 690 (#literals: 5'097)
#kBoolAnd: 23 (#enforced: 23) (#literals: 52)
#kBoolOr: 3 (#literals: 12)
#kExactlyOne: 2 (#literals: 8)
#kLinear1: 7 (#enforced: 7)
#kLinear2: 592 (#enforced: 407 #multi: 6)
#kLinear3: 1'003 (#enforced: 8)
#kLinearN: 214 (#terms: 2'287)

Preloading model.
#Bound   1.68s best:inf   next:[377388,14091550] initial_domain
[Symmetry] Graph for symmetry has 5'904 nodes and 13'874 arcs.
[Symmetry] Symmetry computation done. time: 0.00128876 dtime: 0.00155463
#Model   1.69s var:1605/1605 constraints:2534/2534

Starting search at 1.69s with 32 workers.
16 full problem subsolvers: [core, default_lp, lb_tree_search, max_lp, no_lp, objective_lb_search, objective_lb_search_max_lp, objective_lb_search_no_lp, objective_shaving_search_max_lp, objective_shaving_search_no_lp, probing, probing_max_lp, pseudo_costs, quick_restart, quick_restart_no_lp, reduced_costs]
14 first solution subsolvers: [fj_long_default, fj_long_lin_default, fj_long_random, fj_short_default, fj_short_lin_default, fj_short_lin_random, fj_short_random, fs_random(2), fs_random_no_lp(2), fs_random_quick_restart(2), fs_random_quick_restart_no_lp]
11 incomplete subsolvers: [feasibility_pump, graph_arc_lns, graph_cst_lns, graph_dec_lns, graph_var_lns, rins/rens, rnd_cst_lns, rnd_var_lns, violation_ls(3)]
3 helper subsolvers: [neighborhood_helper, synchronization_agent, update_gap_integral]
#Bound   1.79s best:inf   next:[377390,14091550] objective_shaving_search_no_lp (vars=1605 csts=2572)
#Bound   1.81s best:inf   next:[377392,14091550] objective_shaving_search_no_lp (vars=1605 csts=2535)
#Bound   1.82s best:inf   next:[377394,14091550] objective_shaving_search_no_lp (vars=1605 csts=2535)
#Bound   1.83s best:inf   next:[377396,14091550] objective_shaving_search_no_lp (vars=1605 csts=2535)
#Bound   1.83s best:inf   next:[377398,14091550] objective_shaving_search_no_lp (vars=1605 csts=2535)
#Bound   1.84s best:inf   next:[377400,14091550] objective_shaving_search_no_lp (vars=1605 csts=2535)
#1       1.85s best:14091550 next:[377400,14091548] fj_long_default(batch:1 #lin_moves:2'979 #lin_evals:6'832 #weight_updates:553)
#2       1.85s best:14091488 next:[377400,14091486] violation_ls(batch:1 #solutions_imported:1 #lin_moves:20 #lin_evals:773 #weight_updates:8)
#Bound   1.85s best:14091488 next:[377402,14091486] objective_shaving_search_no_lp (vars=1605 csts=2535)
#3       1.85s best:14091426 next:[377402,14091424] violation_ls(batch:1 #solutions_imported:1 #lin_moves:0 #lin_evals:3'230 #gen_moves:35 #gen_evals:0 #comp_moves:9 #backtracks:13 #weight_updates:1)
#4       1.86s best:14091364 next:[377402,14091362] violation_ls(batch:1 #solutions_imported:1 #lin_moves:0 #lin_evals:3'245 #gen_moves:34 #gen_evals:0 #comp_moves:10 #backtracks:12 #weight_updates:1)
#5       1.87s best:14091302 next:[377402,14091300] violation_ls(batch:2 #solutions_imported:2 #lin_moves:17 #lin_evals:4'007 #gen_moves:34 #gen_evals:0 #comp_moves:10 #backtracks:12 #weight_updates:9)
#6       1.88s best:14091240 next:[377402,14091238] violation_ls(batch:3 #solutions_imported:3 #lin_moves:20 #lin_evals:7'951 #gen_moves:71 #gen_evals:0 #comp_moves:19 #backtracks:26 #weight_updates:10)
#7       1.88s best:14091178 next:[377402,14091176] violation_ls(batch:3 #solutions_imported:3 #lin_moves:26 #lin_evals:4'059 #gen_moves:34 #gen_evals:0 #comp_moves:10 #backtracks:12 #weight_updates:14)
#8       2.09s best:14084638 next:[377402,14084636] graph_var_lns (d=0.50 s=47 t=0.10 p=0.00 stall=0 h=auto_l0)
#9       2.09s best:14084576 next:[377402,14084574] violation_ls(batch:4 #solutions_imported:4 #lin_moves:0 #lin_evals:21'201 #gen_moves:217 #gen_evals:0 #comp_moves:37 #backtracks:90 #weight_updates:7)
#10      2.09s best:14084514 next:[377402,14084512] violation_ls(batch:4 #solutions_imported:4 #lin_moves:32 #lin_evals:8'011 #gen_moves:71 #gen_evals:0 #comp_moves:19 #backtracks:26 #weight_updates:17)
#11      2.09s best:14084452 next:[377402,14084450] violation_ls(batch:4 #solutions_imported:4 #lin_moves:26 #lin_evals:5'142 #gen_moves:61 #gen_evals:0 #comp_moves:19 #backtracks:21 #weight_updates:15)
#Bound   2.22s best:14084452 next:[381952,14084450] max_lp
#Bound   2.32s best:14084452 next:[381954,14084450] lb_tree_search
#Bound   2.33s best:14084452 next:[381956,14084450] max_lp
#Bound   2.46s best:14084452 next:[381968,14084450] max_lp
#12      2.50s best:778786 next:[381968,778784] graph_dec_lns (d=0.50 s=59 t=0.10 p=0.00 stall=0 h=auto_l0)
#Model   2.60s var:1603/1605 constraints:2534/2534
#Bound   2.64s best:778786 next:[381988,778784] max_lp
#Bound   2.70s best:778786 next:[381990,778784] objective_shaving_search_max_lp (vars=1610 csts=2546)
#Bound   2.72s best:778786 next:[382452,778784] lb_tree_search
#13      2.81s best:774796 next:[382452,774794] violation_ls(batch:5 #solutions_imported:5 #lin_moves:32 #lin_evals:30'753 #gen_moves:982 #gen_evals:0 #comp_moves:60 #backtracks:461 #weight_updates:31)
#Bound   2.90s best:774796 next:[385032,774794] lb_tree_search
#Bound   2.95s best:774796 next:[385040,774794] max_lp
#Bound   3.03s best:774796 next:[385046,774794] lb_tree_search
#14      3.10s best:771794 next:[385046,771792] graph_var_lns (d=0.81 s=84 t=0.10 p=1.00 stall=1 h=auto_l0)
#Model   3.33s var:1602/1605 constraints:2526/2534
#Bound   3.47s best:771794 next:[388290,771792] max_lp
#Bound   3.65s best:771794 next:[388418,771792] max_lp
#Bound   3.85s best:771794 next:[388442,771792] max_lp
#Bound   4.07s best:771794 next:[388706,771792] max_lp
#Model   4.16s var:1601/1605 constraints:2525/2534
#Bound   4.25s best:771794 next:[394376,771792] lb_tree_search
#Bound   4.42s best:771794 next:[395458,771792] lb_tree_search
#Bound   4.55s best:771794 next:[400100,771792] lb_tree_search
#Bound   4.87s best:771794 next:[407490,771792] lb_tree_search [skipped_logs=1]
#Bound   5.81s best:771794 next:[422400,771792] lb_tree_search [skipped_logs=5]
#15     30.24s best:767348 next:[422400,767346] quick_restart_no_lp (fixed_bools=218/2232)
#Model  99.42s var:1600/1605 constraints:2525/2534
#Model 133.34s var:1599/1605 constraints:2525/2534
#16    459.08s best:759406 next:[422400,759404] quick_restart_no_lp (fixed_bools=489/2712)
#17    702.81s best:752680 next:[422400,752678] quick_restart_no_lp (fixed_bools=642/2992)
#Model 740.10s var:1598/1605 constraints:2525/2534
#18    1143.67s best:746258 next:[422400,746256] quick_restart_no_lp (fixed_bools=841/3318)
#19    2034.37s best:744092 next:[422400,744090] objective_lb_search_no_lp (fixed_bools=962/3098)
#20    2046.93s best:740102 next:[422400,740100] quick_restart_no_lp (fixed_bools=1165/4192)
#21    2893.35s best:738430 next:[422400,738428] core (fixed_bools=1103/3318)
#22    3171.55s best:734592 next:[422400,734590] core (fixed_bools=1173/3696)
#23    3942.16s best:731286 next:[422400,731284] quick_restart_no_lp (fixed_bools=1471/5996)
#24    7914.09s best:724864 next:[422400,724862] quick_restart_no_lp (fixed_bools=1748/8372)
#25    13874.09s best:717416 next:[422400,717414] quick_restart_no_lp (fixed_bools=1907/11014)
#Model 13876.65s var:1597/1605 constraints:2522/2534

Task timing                                  n [     min,      max]      avg      dev     time         n [     min,      max]      avg      dev    dtime
                             'core':         1 [   6.00h,    6.00h]    6.00h   0.00ns    6.00h         1 [   4.88h,    4.88h]    4.88h   0.00ns    4.88h
                       'default_lp':         1 [   6.00h,    6.00h]    6.00h   0.00ns    6.00h         1 [  52.24m,   52.24m]   52.24m   0.00ns   52.24m
                 'feasibility_pump':         5 [ 59.10ms,    1.36s] 915.48ms 446.53ms    4.58s         4 [300.30ms, 455.68ms] 360.74ms  58.13ms    1.44s
                  'fj_long_default':         1 [ 83.32ms,  83.32ms]  83.32ms   0.00ns  83.32ms         1 [ 11.15ms,  11.15ms]  11.15ms   0.00ns  11.15ms
              'fj_long_lin_default':         1 [156.84ms, 156.84ms] 156.84ms   0.00ns 156.84ms         1 [ 26.55ms,  26.55ms]  26.55ms   0.00ns  26.55ms
                   'fj_long_random':         1 [153.24ms, 153.24ms] 153.24ms   0.00ns 153.24ms         1 [ 31.38ms,  31.38ms]  31.38ms   0.00ns  31.38ms
                 'fj_short_default':         2 [ 81.78ms, 134.67ms] 108.22ms  26.44ms 216.45ms         2 [ 18.85ms,  19.93ms]  19.39ms 539.32us  38.78ms
             'fj_short_lin_default':         1 [113.02ms, 113.02ms] 113.02ms   0.00ns 113.02ms         1 [ 19.87ms,  19.87ms]  19.87ms   0.00ns  19.87ms
              'fj_short_lin_random':         1 [112.05ms, 112.05ms] 112.05ms   0.00ns 112.05ms         1 [ 18.03ms,  18.03ms]  18.03ms   0.00ns  18.03ms
                  'fj_short_random':         1 [114.78ms, 114.78ms] 114.78ms   0.00ns 114.78ms         1 [ 20.78ms,  20.78ms]  20.78ms   0.00ns  20.78ms
                        'fs_random':         1 [155.68ms, 155.68ms] 155.68ms   0.00ns 155.68ms         1 [ 20.00ns,  20.00ns]  20.00ns   0.00ns  20.00ns
                        'fs_random':         1 [163.21ms, 163.21ms] 163.21ms   0.00ns 163.21ms         1 [ 20.00ns,  20.00ns]  20.00ns   0.00ns  20.00ns
                  'fs_random_no_lp':         1 [144.42ms, 144.42ms] 144.42ms   0.00ns 144.42ms         0 [  0.00ns,   0.00ns]   0.00ns   0.00ns   0.00ns
                  'fs_random_no_lp':         1 [146.46ms, 146.46ms] 146.46ms   0.00ns 146.46ms         0 [  0.00ns,   0.00ns]   0.00ns   0.00ns   0.00ns
          'fs_random_quick_restart':         1 [154.96ms, 154.96ms] 154.96ms   0.00ns 154.96ms         1 [ 20.00ns,  20.00ns]  20.00ns   0.00ns  20.00ns
          'fs_random_quick_restart':         1 [162.38ms, 162.38ms] 162.38ms   0.00ns 162.38ms         1 [ 20.00ns,  20.00ns]  20.00ns   0.00ns  20.00ns
    'fs_random_quick_restart_no_lp':         1 [146.17ms, 146.17ms] 146.17ms   0.00ns 146.17ms         0 [  0.00ns,   0.00ns]   0.00ns   0.00ns   0.00ns
                    'graph_arc_lns':         5 [208.80ms, 943.91ms] 418.70ms 269.14ms    2.09s         5 [100.00ms, 100.33ms] 100.10ms 125.26us 500.50ms
                    'graph_cst_lns':         5 [173.60ms,    6.00h]    4.80h    2.40h   24.00h         2 [ 40.00ns, 100.00ms]  50.00ms  50.00ms 100.00ms
                    'graph_dec_lns':         5 [623.75ms,    6.00h]    3.60h    2.94h   18.00h         3 [ 30.00ns, 100.06ms]  66.69ms  47.15ms 200.06ms
                    'graph_var_lns':         5 [183.49ms,    6.00h]    2.40h    2.94h   12.00h         4 [ 20.00ns, 100.18ms]  75.05ms  43.33ms 300.20ms
                   'lb_tree_search':         1 [   6.00h,    6.00h]    6.00h   0.00ns    6.00h         1 [  39.05m,   39.05m]   39.05m   0.00ns   39.05m
                           'max_lp':         1 [   6.00h,    6.00h]    6.00h   0.00ns    6.00h         1 [  37.42m,   37.42m]   37.42m   0.00ns   37.42m
                            'no_lp':         1 [   6.00h,    6.00h]    6.00h   0.00ns    6.00h         1 [   4.88h,    4.88h]    4.88h   0.00ns    4.88h
              'objective_lb_search':         1 [   6.00h,    6.00h]    6.00h   0.00ns    6.00h         1 [  50.25m,   50.25m]   50.25m   0.00ns   50.25m
       'objective_lb_search_max_lp':         1 [   6.00h,    6.00h]    6.00h   0.00ns    6.00h         1 [  37.42m,   37.42m]   37.42m   0.00ns   37.42m
        'objective_lb_search_no_lp':         1 [   6.00h,    6.00h]    6.00h   0.00ns    6.00h         1 [   5.07h,    5.07h]    5.07h   0.00ns    5.07h
  'objective_shaving_search_max_lp':         5 [ 16.64ms, 103.98ms]  36.43ms  33.99ms 182.17ms         0 [  0.00ns,   0.00ns]   0.00ns   0.00ns   0.00ns
   'objective_shaving_search_no_lp':         7 [  8.30ms,  96.18ms]  23.46ms  30.02ms 164.20ms         0 [  0.00ns,   0.00ns]   0.00ns   0.00ns   0.00ns
                          'probing':         1 [   6.00h,    6.00h]    6.00h   0.00ns    6.00h         1 [  51.76m,   51.76m]   51.76m   0.00ns   51.76m
                   'probing_max_lp':         1 [   6.00h,    6.00h]    6.00h   0.00ns    6.00h         1 [  34.81m,   34.81m]   34.81m   0.00ns   34.81m
                     'pseudo_costs':         1 [   6.00h,    6.00h]    6.00h   0.00ns    6.00h         1 [  36.92m,   36.92m]   36.92m   0.00ns   36.92m
                    'quick_restart':         1 [   6.00h,    6.00h]    6.00h   0.00ns    6.00h         1 [  50.99m,   50.99m]   50.99m   0.00ns   50.99m
              'quick_restart_no_lp':         1 [   6.00h,    6.00h]    6.00h   0.00ns    6.00h         1 [   3.99h,    3.99h]    3.99h   0.00ns    3.99h
                    'reduced_costs':         1 [   6.00h,    6.00h]    6.00h   0.00ns    6.00h         1 [  32.36m,   32.36m]   32.36m   0.00ns   32.36m
                        'rins/rens':         5 [200.44ms,    6.00h]    2.40h    2.94h   12.00h         4 [ 20.00ns, 100.72ms]  75.25ms  43.45ms 301.02ms
                      'rnd_cst_lns':         5 [545.55ms,    6.00h]    2.40h    2.94h   12.00h         3 [  4.46us, 200.02ms] 100.01ms  81.65ms 300.04ms
                      'rnd_var_lns':         5 [   6.00h,    6.00h]    6.00h 371.44ms   30.00h         1 [ 50.00ns,  50.00ns]  50.00ns   0.00ns  50.00ns
                     'violation_ls':         5 [  2.13ms,  91.07ms]  24.19ms  33.91ms 120.97ms         5 [526.99us,  24.16ms]   5.55ms   9.31ms  27.73ms
                     'violation_ls':         5 [327.37us,  19.60ms]   6.85ms   6.95ms  34.27ms         5 [ 17.45us,   5.76ms]   1.40ms   2.19ms   7.01ms
                     'violation_ls':         5 [366.43us,  25.94ms]   7.56ms   9.78ms  37.81ms         5 [ 14.80us,   8.68ms]   1.90ms   3.39ms   9.52ms

Search stats                         Bools   Conflicts     Branches    Restarts      BoolPropag   IntegerPropag
                           'core':  56'468  11'576'661  371'862'917  55'016'132  48'017'651'530  12'590'146'285
                     'default_lp':   1'887          44       85'036      47'545       4'228'431       9'608'096
                      'fs_random':   1'337           0          462         462          10'539          67'279
                      'fs_random':   1'337           0          464         464          10'572          67'513
                'fs_random_no_lp':   1'337           0          308         308           7'836          55'409
                'fs_random_no_lp':   1'337           0          478         478          10'847          68'787
        'fs_random_quick_restart':   1'337           0          464         464          10'572          67'513
        'fs_random_quick_restart':   1'337           0          464         464          10'572          67'513
  'fs_random_quick_restart_no_lp':   1'337           0          484         484          10'981          69'497
                 'lb_tree_search':   1'887           9       68'576      39'260       3'362'045       7'643'503
                         'max_lp':   1'887          26       66'182      38'054       3'277'294       7'538'253
                          'no_lp':  55'595  11'965'055  365'316'043  54'835'329  49'714'948'633  12'450'540'373
            'objective_lb_search':   1'887          51      101'442      53'320       4'729'346      10'736'678
     'objective_lb_search_max_lp':   1'887          60       59'854      34'846       2'973'326       6'817'638
      'objective_lb_search_no_lp':  55'474  12'445'711  364'828'756  54'138'784  52'544'269'327  12'412'389'198
                        'probing':   1'887          45       81'856      46'222       4'082'254       9'229'605
                 'probing_max_lp':   1'887          20       66'783      38'648       3'346'175       7'638'824
                   'pseudo_costs':   1'887          57       62'925      36'385       3'115'570       7'149'451
                  'quick_restart':   1'887          43       84'379      47'238       4'180'665       9'485'086
            'quick_restart_no_lp':  13'709  15'250'637  742'503'257  66'914'971  21'270'571'339  17'383'391'144
                  'reduced_costs':   1'887          90       61'562      35'705       3'037'377       6'985'112

SAT stats                           ClassicMinim   LitRemoved     LitLearned   LitForgotten  Subsumed  MClauses  MDecisions  MLitTrue  MSubsumed  MLitRemoved  MReused
                           'core':    10'938'344  102'986'634  3'448'209'630  3'342'548'110   278'629   306'454   4'741'318         0      1'769       47'560   68'942
                     'default_lp':             0            0             44              0         0         0           0         0          0            0        0
                      'fs_random':             0            0              0              0         0         0           0         0          0            0        0
                      'fs_random':             0            0              0              0         0         0           0         0          0            0        0
                'fs_random_no_lp':             0            0              0              0         0         0           0         0          0            0        0
                'fs_random_no_lp':             0            0              0              0         0         0           0         0          0            0        0
        'fs_random_quick_restart':             0            0              0              0         0         0           0         0          0            0        0
        'fs_random_quick_restart':             0            0              0              0         0         0           0         0          0            0        0
  'fs_random_quick_restart_no_lp':             0            0              0              0         0         0           0         0          0            0        0
                 'lb_tree_search':             1            3             10              0         0         0           0         0          0            0        0
                         'max_lp':             1            1             27              0         0         0           0         0          0            0        0
                          'no_lp':    11'351'801  110'264'853  3'432'095'455  3'334'911'543   264'789   300'808   4'713'243         0      1'926       59'530   67'626
            'objective_lb_search':             1            1             52              0         0         0           0         0          0            0        0
     'objective_lb_search_max_lp':             1            1             61              0         0         0           0         0          0            0        0
      'objective_lb_search_no_lp':    11'788'279  112'471'233  3'609'219'315  3'500'579'071   286'135   302'211   5'209'027         0      1'793       55'591   62'077
                        'probing':             1            1             46              0         0         0           0         0          0            0        0
                 'probing_max_lp':             0            0             20              0         0         0           0         0          0            0        0
                   'pseudo_costs':             1            2             58              0         0         0           0         0          0            0        0
                  'quick_restart':             0            0             43              0         0         0           0         0          0            0        0
            'quick_restart_no_lp':    14'422'972  123'183'565  4'708'962'884  4'606'411'136   309'369   777'204  11'239'067         0      1'436       25'525  136'757
                  'reduced_costs':             0            0             90              0         0         0           0         0          0            0        0

Lp stats                         Component  Iterations  AddedCuts  OPTIMAL  DUAL_F.  DUAL_U.
                  'default_lp':          1  13'071'183  6'953'279  269'423      139        0
                   'fs_random':          1           0          0        0        0        0
                   'fs_random':          1           0          0        0        0        0
     'fs_random_quick_restart':          1           0          0        0        0        0
     'fs_random_quick_restart':          1           0          0        0        0        0
              'lb_tree_search':          1   6'120'254  1'098'911  135'458   39'882        0
                      'max_lp':          1   5'746'694  1'039'886  132'041   38'769        0
         'objective_lb_search':          1  13'518'214  6'713'579  299'954       98       20
  'objective_lb_search_max_lp':          1   5'658'880    950'018  119'564   35'004        0
                     'probing':          1  12'952'107  6'895'025  260'296      139        0
              'probing_max_lp':          1   5'483'582  1'040'144  133'445   38'681        0
                'pseudo_costs':          1   5'961'808  1'035'773  126'028   36'851        0
               'quick_restart':          1  13'092'411  7'016'388  267'464      126        0
               'reduced_costs':          1   4'934'437    902'079  122'441   35'753        0

Lp dimension                                                                        Final dimension of first component
                  'default_lp':  2287 rows, 1599 columns, 20577 entries with magnitude in [2.544916e-05, 1.000000e+00]
                   'fs_random':         0 rows, 1599 columns, 0 entries with magnitude in [0.000000e+00, 0.000000e+00]
                   'fs_random':         0 rows, 1599 columns, 0 entries with magnitude in [0.000000e+00, 0.000000e+00]
     'fs_random_quick_restart':         0 rows, 1599 columns, 0 entries with magnitude in [0.000000e+00, 0.000000e+00]
     'fs_random_quick_restart':         0 rows, 1599 columns, 0 entries with magnitude in [0.000000e+00, 0.000000e+00]
              'lb_tree_search':  1924 rows, 1605 columns, 44462 entries with magnitude in [5.258486e-05, 1.000000e+00]
                      'max_lp':  2008 rows, 1605 columns, 59396 entries with magnitude in [4.851871e-05, 1.000000e+00]
         'objective_lb_search':  2680 rows, 1599 columns, 28910 entries with magnitude in [5.751581e-06, 1.000000e+00]
  'objective_lb_search_max_lp':  2111 rows, 1605 columns, 45366 entries with magnitude in [2.948231e-05, 1.000000e+00]
                     'probing':  4332 rows, 1599 columns, 68117 entries with magnitude in [2.123769e-06, 1.000000e+00]
              'probing_max_lp':  1797 rows, 1605 columns, 41186 entries with magnitude in [7.030944e-05, 1.000000e+00]
                'pseudo_costs':  2659 rows, 1605 columns, 76962 entries with magnitude in [9.818542e-06, 1.000000e+00]
               'quick_restart':  3835 rows, 1599 columns, 53682 entries with magnitude in [2.836954e-06, 1.000000e+00]
               'reduced_costs':  1705 rows, 1605 columns, 37421 entries with magnitude in [8.961739e-06, 1.000000e+00]

Lp debug                         CutPropag  CutEqPropag   Adjust  Overflow          Bad  BadScaling
                  'default_lp':          2        3'119    1'427         0  154'898'507           0
                   'fs_random':          0            0        0         0            0           0
                   'fs_random':          0            0        0         0            0           0
     'fs_random_quick_restart':          0            0        0         0            0           0
     'fs_random_quick_restart':          0            0        0         0            0           0
              'lb_tree_search':          6        2'455  108'336         0  124'549'039           0
                      'max_lp':          6        2'783  104'359         0  122'890'948           0
         'objective_lb_search':          2        3'657    3'371         0  165'301'509           0
  'objective_lb_search_max_lp':          7        3'150   57'362         0  112'844'283           0
                     'probing':          1        3'669    3'095         0  150'064'542           0
              'probing_max_lp':          2        3'058  127'735         0  127'986'443           0
                'pseudo_costs':          9        2'838  106'793         0  115'209'808           0
               'quick_restart':          1        4'331      743         0  155'967'852           0
               'reduced_costs':         16        2'040  129'671         0  111'898'250           0

Lp pool                          Constraints  Updates  Simplif  Merged  Shortened   Split  Strenghtened             Cuts/Call
                  'default_lp':       11'274   63'521    8'679      91        914   3'991       170'910  6'953'279/13'783'241
                   'fs_random':        2'086        0        0       0          0       0             0                   0/0
                   'fs_random':        2'086        0        0       0          0       0             0                   0/0
     'fs_random_quick_restart':        2'086        0        0       0          0       0             0                   0/0
     'fs_random_quick_restart':        2'086        0        0       0          0       0             0                   0/0
              'lb_tree_search':       12'434   82'875   26'889      15      6'797  20'946       280'046   1'098'911/1'986'817
                      'max_lp':       12'356   87'270   34'046      68      5'805  25'559       253'814   1'039'886/2'052'033
         'objective_lb_search':       11'573   66'470    9'773      92      1'292   6'893       199'789  6'713'579/13'431'981
  'objective_lb_search_max_lp':       12'529   84'585   41'769      27      6'208  26'588       239'626     950'018/1'753'199
                     'probing':       11'007   56'043    9'144     104      1'289   4'157       169'647  6'895'025/13'062'667
              'probing_max_lp':       11'629   87'211   23'169      53      6'931  25'960       248'318   1'040'144/1'997'024
                'pseudo_costs':       12'293   99'139   39'270      18      6'179  30'150       255'338   1'035'773/1'923'755
               'quick_restart':       11'379   59'648    9'706      95      1'910   4'444       179'105  7'016'388/13'980'944
               'reduced_costs':       11'586   74'437   57'933      31      8'750  23'015       262'265     902'079/1'687'241

Lp Cut               defaul   max_lp     quick_   reduce   pseudo   lb_tre     probin     object   probin   object
          CG_FF:    321'425   14'767    327'490   13'271   17'041   13'783    331'745    296'134   13'206   16'113
           CG_K:      3'459   10'313      3'355    7'288    6'915    9'613      3'534      4'649    9'280    8'918
          CG_KL:         15        1         13        1        8        2         28         30        1        1
           CG_R:     83'433   25'907     82'122   22'212   21'210   19'876     73'242    105'142   27'853   26'503
          CG_RB:  1'629'086  193'504  1'591'325  164'579  182'552  205'061  1'646'239  1'570'849  185'834  176'345
         CG_RBP:      4'143    7'919      5'048    5'604    5'775    9'220      5'234      4'663    8'025    6'028
         Clique:          -   26'180          -   23'059   24'581   26'510          -          -   26'042   23'493
             IB:  1'192'098  105'644  1'203'918   87'859  101'285  100'705  1'148'706  1'265'257  102'245   94'029
       MIR_1_FF:  1'769'784   55'990  1'848'244   43'876   63'189   56'298  1'803'235  1'535'214   56'954   56'640
        MIR_1_K:      7'467    2'312      6'992    2'047    2'308    2'439      6'633      7'597    2'113    2'307
       MIR_1_KL:      1'025       21      1'038        8       23       16      1'012      1'529       18       10
        MIR_1_R:     67'116    7'557     60'269    5'063    7'879    6'136     56'663     60'009    6'343    5'902
       MIR_1_RB:    821'525  162'054    819'086  140'261  163'910  182'599    805'430    807'952  163'125  152'444
      MIR_1_RBP:      2'174      857      1'867      793      739      908      1'890      2'156      736      578
       MIR_2_FF:    180'320   11'310    186'665    8'510   10'253   11'029    174'688    156'752    9'851    9'276
        MIR_2_K:      2'069    2'763      2'336    1'597    1'636    1'276      2'122      2'734    1'260    1'284
       MIR_2_KL:        111        2        119        -        4        5        123        170        3        1
        MIR_2_R:     24'343    9'093     17'781    7'453   13'004    9'582     19'354     16'741   10'474    8'388
       MIR_2_RB:    174'033   93'240    171'387   81'352  102'569   93'339    169'347    168'999   86'773   82'272
      MIR_2_RBP:      1'047      890      1'256      874      363      519      1'039      1'174      716      390
       MIR_3_FF:     16'761    4'784     18'015    4'281    4'993    5'093     16'847     17'244    4'871    4'627
        MIR_3_K:      1'379    1'906      1'420    2'087    1'825    1'959      1'158      1'544    1'718    1'654
       MIR_3_KL:        130        7        117        3        5        3        117        189        3        2
        MIR_3_R:     18'135   10'929     18'705   10'562   15'039   12'904     16'929     22'108   12'210   10'117
       MIR_3_RB:    117'867   57'129    117'320   49'731   55'872   57'954    113'269    120'866   56'116   50'659
      MIR_3_RBP:        665      721        677      606      542      604        600        537      674      482
       MIR_4_FF:      9'257    2'775      9'460    2'464    2'839    3'144      8'349      9'861    2'850    2'616
        MIR_4_K:        624    1'334        756    1'130    1'244    1'605        586        815    1'268    1'178
       MIR_4_KL:         35        2         37        1        -        2         39         46        2        -
        MIR_4_R:      4'113    4'189      4'432    3'598    4'686    4'895      3'962      4'884    4'529    3'511
       MIR_4_RB:     78'993   42'834     79'036   34'694   39'985   45'382     76'738     78'169   40'691   34'908
      MIR_4_RBP:        279      461        265      574      360      454        273        316      418      296
       MIR_5_FF:      4'272    3'513      4'415    3'145    3'555    3'829      3'930      4'657    3'697    3'270
        MIR_5_K:        655    1'573        711    1'349    1'588    1'782        722        804    1'597    1'459
       MIR_5_KL:         17        2         27        2        -        2         25         31        -        1
        MIR_5_R:      2'055    3'168      2'239    3'074    3'514    4'086      2'049      2'382    3'241    2'733
       MIR_5_RB:     60'441   37'450     60'204   33'266   36'800   41'622     58'260     59'455   36'826   33'257
      MIR_5_RBP:        201      608        256      636      547      664        265        293      612      488
       MIR_6_FF:      2'194    3'004      2'286    2'656    2'936    3'457      2'215      2'168    2'938    2'691
        MIR_6_K:        488    1'198        513    1'094    1'201    1'371        393        526    1'205    1'112
       MIR_6_KL:          7        -          8        1        1        1          6         14        1        3
        MIR_6_R:      1'143    3'163      1'327    2'843    3'151    3'752      1'207      1'361    3'207    2'497
       MIR_6_RB:     49'258   29'342     48'772   25'040   28'732   32'567     48'188     47'120   28'814   25'327
      MIR_6_RBP:        201      431        198      396      369      450        171        212      399      311
   ZERO_HALF_FF:     46'932    8'689     50'441   10'062    8'843   11'875     45'428     48'015    8'850    8'264
    ZERO_HALF_K:        516      482        675      328      350      492        775        602      429      407
   ZERO_HALF_KL:          1        -          2        -        1        -          2          5        4        -
    ZERO_HALF_R:    143'013   63'045    149'212   69'294   62'952   79'319    136'276    167'154   83'559   62'808
   ZERO_HALF_RB:    107'996   26'359    113'354   22'942   27'974   30'175    105'026    113'370   27'982   23'933
  ZERO_HALF_RBP:        978      464      1'197      513      625      552        956      1'080      581      485

LNS stats           Improv/Calls  Closed  Difficulty  TimeLimit
  'graph_arc_lns':           1/5     40%        0.37       0.10
  'graph_cst_lns':           4/5     20%        0.18       0.10
  'graph_dec_lns':           4/5      0%        0.06       0.10
  'graph_var_lns':           4/5     40%        0.43       0.10
      'rins/rens':           4/5     20%        0.14       0.10
    'rnd_cst_lns':           2/5     20%        0.16       0.10
    'rnd_var_lns':           5/5      0%        0.06       0.10

LS stats                   Batches  Restarts  LinMoves  GenMoves  CompoundMoves  WeightUpdates
       'fj_long_default':        1         1     2'979         0              0            553
   'fj_long_lin_default':        1         1         0     4'818            495             56
        'fj_long_random':        1         1     8'546         0              0          1'454
      'fj_short_default':        2         1         0     7'223            875             96
  'fj_short_lin_default':        1         1         0     3'878            580             62
   'fj_short_lin_random':        1         1         0     3'469            541             33
       'fj_short_random':        1         1         0     3'877            628             40
          'violation_ls':        5         0         0     5'269            169            101
          'violation_ls':        5         0        26     1'145             29             28
          'violation_ls':        5         0        32       982             60             31

Solutions (25)                  Num     Rank
                       'core':    2  [21,22]
            'fj_long_default':    1    [1,1]
              'graph_dec_lns':    1  [12,12]
              'graph_var_lns':    2   [8,14]
  'objective_lb_search_no_lp':    1  [19,19]
        'quick_restart_no_lp':    8  [15,25]
               'violation_ls':   10   [2,13]

Objective bounds                      Num
                   'initial_domain':    1
                   'lb_tree_search':   15
                           'max_lp':    9
  'objective_shaving_search_max_lp':    1
   'objective_shaving_search_no_lp':    7

Solution repositories    Added  Queried  Ignored  Synchro
  'feasible solutions':     67       88        0       65
        'lp solutions':      0        0        0        0
                'pump':     20        5

Improving bounds shared            Num
                        'core':    717
                  'default_lp':     38
              'lb_tree_search':      5
                      'max_lp':     45
                       'no_lp':    647
         'objective_lb_search':     74
  'objective_lb_search_max_lp':    139
   'objective_lb_search_no_lp':    807
                     'probing':     24
              'probing_max_lp':     40
                'pseudo_costs':      3
               'quick_restart':    144
         'quick_restart_no_lp':  1'110
               'reduced_costs':     62

Clauses shared                     Num
                        'core':  1'171
              'lb_tree_search':      1
                      'max_lp':      1
                       'no_lp':  1'454
         'objective_lb_search':      1
  'objective_lb_search_max_lp':      1
   'objective_lb_search_no_lp':  1'147
                     'probing':      1
                'pseudo_costs':      1
         'quick_restart_no_lp':  2'199

CpSolverResponse summary:
status: FEASIBLE
objective: 717416
best_bound: 422400
integers: 1600
booleans: 1337
conflicts: 0
branches: 478
propagations: 10847
integer_propagations: 68787
restarts: 478
lp_iterations: 0
walltime: 21601.4
usertime: 21601.4
deterministic_time: 93126
gap_integral: 1.1729e+06
solution_fingerprint: 0x2ec648f1c45339f8

CPU USED: 32
Loading /home/aneumann/projects/def-adhaj/aneumann/gns/data/instances/test/l/instance_189.pkl...
===* START SOLVING *===
   index    value      gap    status  computing_time  max_time  cpu  max_memory
0    189  7174.16  0.41122  feasible    21602.348451         6   32         118
===* END OF FILE *===
