created virtual environment CPython3.12.4.final.0-64 in 1198ms
  creator CPython3Posix(dest=/localscratch/aneumann.37167997.0/env, clear=False, no_vcs_ignore=False, global=False)
  seeder FromAppData(download=False, pip=bundle, via=copy, app_data_dir=/home/aneumann/.local/share/virtualenv)
    added seed packages: pip==24.2+computecanada
  activators BashActivator,CShellActivator,FishActivator,NushellActivator,PowerShellActivator,PythonActivator
Looking in links: /cvmfs/soft.computecanada.ca/custom/python/wheelhouse/gentoo2023/x86-64-v3, /cvmfs/soft.computecanada.ca/custom/python/wheelhouse/gentoo2023/generic, /cvmfs/soft.computecanada.ca/custom/python/wheelhouse/generic
Requirement already satisfied: pip in /localscratch/aneumann.37167997.0/env/lib/python3.12/site-packages (24.2+computecanada)
Looking in links: /cvmfs/soft.computecanada.ca/custom/python/wheelhouse/gentoo2023/x86-64-v3, /cvmfs/soft.computecanada.ca/custom/python/wheelhouse/gentoo2023/generic, /cvmfs/soft.computecanada.ca/custom/python/wheelhouse/generic
ERROR: protobuf-5.28.3-cp38-abi3-manylinux2014_x86_64.whl is not a supported wheel on this platform.
Looking in links: /cvmfs/soft.computecanada.ca/custom/python/wheelhouse/gentoo2023/x86-64-v3, /cvmfs/soft.computecanada.ca/custom/python/wheelhouse/gentoo2023/generic, /cvmfs/soft.computecanada.ca/custom/python/wheelhouse/generic
Processing /home/aneumann/projects/def-adhaj/aneumann/gns/wheels/immutabledict-4.2.0-py3-none-any.whl
Installing collected packages: immutabledict
Successfully installed immutabledict-4.2.0
Looking in links: /cvmfs/soft.computecanada.ca/custom/python/wheelhouse/gentoo2023/x86-64-v3, /cvmfs/soft.computecanada.ca/custom/python/wheelhouse/gentoo2023/generic, /cvmfs/soft.computecanada.ca/custom/python/wheelhouse/generic
Processing /cvmfs/soft.computecanada.ca/custom/python/wheelhouse/generic/ortools-9.10.4067+computecanada-cp312-cp312-linux_x86_64.whl (from -r /home/aneumann/projects/def-adhaj/aneumann/gns/requirements_or.txt (line 1))
Processing /cvmfs/soft.computecanada.ca/custom/python/wheelhouse/gentoo2023/x86-64-v3/pandas-2.2.2+computecanada-cp312-cp312-linux_x86_64.whl (from -r /home/aneumann/projects/def-adhaj/aneumann/gns/requirements_or.txt (line 2))
Processing /cvmfs/soft.computecanada.ca/custom/python/wheelhouse/generic/absl_py-2.1.0+computecanada-py3-none-any.whl (from ortools->-r /home/aneumann/projects/def-adhaj/aneumann/gns/requirements_or.txt (line 1))
Processing /cvmfs/soft.computecanada.ca/custom/python/wheelhouse/gentoo2023/generic/numpy-2.1.1+computecanada-cp312-cp312-linux_x86_64.whl (from ortools->-r /home/aneumann/projects/def-adhaj/aneumann/gns/requirements_or.txt (line 1))
Processing /cvmfs/soft.computecanada.ca/custom/python/wheelhouse/gentoo2023/x86-64-v3/protobuf-5.28.0+computecanada-cp312-cp312-linux_x86_64.whl (from ortools->-r /home/aneumann/projects/def-adhaj/aneumann/gns/requirements_or.txt (line 1))
Requirement already satisfied: immutabledict>=3.0.0 in /localscratch/aneumann.37167997.0/env/lib/python3.12/site-packages (from ortools->-r /home/aneumann/projects/def-adhaj/aneumann/gns/requirements_or.txt (line 1)) (4.2.0)
Processing /cvmfs/soft.computecanada.ca/custom/python/wheelhouse/generic/python_dateutil-2.9.0.post0+computecanada-py2.py3-none-any.whl (from pandas->-r /home/aneumann/projects/def-adhaj/aneumann/gns/requirements_or.txt (line 2))
Processing /cvmfs/soft.computecanada.ca/custom/python/wheelhouse/generic/pytz-2024.2+computecanada-py2.py3-none-any.whl (from pandas->-r /home/aneumann/projects/def-adhaj/aneumann/gns/requirements_or.txt (line 2))
Processing /cvmfs/soft.computecanada.ca/custom/python/wheelhouse/generic/tzdata-2024.2+computecanada-py2.py3-none-any.whl (from pandas->-r /home/aneumann/projects/def-adhaj/aneumann/gns/requirements_or.txt (line 2))
Processing /cvmfs/soft.computecanada.ca/custom/python/wheelhouse/generic/six-1.16.0+computecanada-py2.py3-none-any.whl (from python-dateutil>=2.8.2->pandas->-r /home/aneumann/projects/def-adhaj/aneumann/gns/requirements_or.txt (line 2))
Installing collected packages: pytz, tzdata, six, protobuf, numpy, absl-py, python-dateutil, pandas, ortools
Successfully installed absl-py-2.1.0+computecanada numpy-2.1.1+computecanada ortools-9.10.4067+computecanada pandas-2.2.2+computecanada protobuf-5.28.0+computecanada python-dateutil-2.9.0.post0+computecanada pytz-2024.2+computecanada six-1.16.0+computecanada tzdata-2024.2+computecanada

Starting CP-SAT solver v9.10.4067
Parameters: max_time_in_seconds: 28800 max_memory_in_mb: 118 log_search_progress: true optimize_with_core: true cp_model_presolve: true enumerate_all_solutions: false num_search_workers: 32 use_implied_bounds: true absolute_gap_limit: 5 relative_gap_limit: 0.01 use_probing_search: true

Initial optimization model '': (model_fingerprint: 0xcff138bd70cac7d4)
#Variables: 3'702 (#bools: 32 #ints: 1 in objective)
  - 3'240 Booleans in [0,1]
  - 461 in [0,300000]
  - 1 constants in {1} 
#kBoolOr: 2'292 (#literals: 2'292)
#kLinear1: 591
#kLinear2: 10'784
#kLinear3: 2'150
#kLinearN: 726 (#terms: 8'022)

Starting presolve at 0.00s
  3.05e-03s  0.00e+00d  [DetectDominanceRelations] 
  8.69e-02s  0.00e+00d  [PresolveToFixPoint] #num_loops=18 #num_dual_strengthening=4 
  9.60e-05s  0.00e+00d  [ExtractEncodingFromLinear] #potential_supersets=266 
[Symmetry] Graph for symmetry has 12'370 nodes and 25'278 arcs.
[Symmetry] Symmetry computation done. time: 0.00244011 dtime: 0.00337763
[Symmetry] #generators: 6, average support size: 2
[Symmetry] 6 orbits with sizes: 2,2,2,2,2,2
[Symmetry] Found orbitope of size 1 x 2
[SAT presolve] num removable Booleans: 0 / 1910
[SAT presolve] num trivial clauses: 0
[SAT presolve] [0s] clauses:3154 literals:6308 vars:1852 one_side_vars:1804 simple_definition:48 singleton_clauses:0
[SAT presolve] [0.000237697s] clauses:3154 literals:6308 vars:1852 one_side_vars:1804 simple_definition:48 singleton_clauses:0
[SAT presolve] [0.000379313s] clauses:3154 literals:6308 vars:1852 one_side_vars:1804 simple_definition:48 singleton_clauses:0
  6.08e-01s  1.49e-01d  [Probe] #probed=4'619 #fixed_bools=83 #new_bounds=193 
  5.78e-03s  0.00e+00d  [MaxClique] Merged 3408(9872 literals) into 1046(7544 literals) at_most_ones. 
  2.56e-03s  0.00e+00d  [DetectDominanceRelations] 
  1.96e-02s  0.00e+00d  [PresolveToFixPoint] #num_loops=5 #num_dual_strengthening=4 
  3.56e-03s  0.00e+00d  [ProcessAtMostOneAndLinear] #num_changes=59 
  2.33e-03s  0.00e+00d  [DetectDuplicateConstraints] #duplicates=2 #without_enforcements=5 
  4.61e-04s  2.51e-05d  [DetectDominatedLinearConstraints] #relevant_constraints=1'781 
  5.90e-04s  0.00e+00d  [DetectDifferentVariables] #different=26 
  9.19e-04s  3.44e-04d  [ProcessSetPPC] #relevant_constraints=1'045 #num_inclusions=780 
  5.92e-05s  0.00e+00d  [FindAlmostIdenticalLinearConstraints] 
  4.55e-03s  7.70e-03d  [FindBigAtMostOneAndLinearOverlap] 
  1.00e-03s  3.68e-03d  [FindBigVerticalLinearOverlap] 
  2.52e-04s  7.62e-04d  [FindBigHorizontalLinearOverlap] #linears=101 
  7.41e-05s  0.00e+00d  [MergeClauses] 
  2.46e-03s  0.00e+00d  [DetectDominanceRelations] 
  9.10e-03s  0.00e+00d  [PresolveToFixPoint] #num_loops=1 #num_dual_strengthening=1 
  2.46e-03s  0.00e+00d  [DetectDominanceRelations] 
  9.19e-03s  0.00e+00d  [PresolveToFixPoint] #num_loops=1 #num_dual_strengthening=1 
[Symmetry] Graph for symmetry has 9'461 nodes and 17'937 arcs.
[Symmetry] Symmetry computation done. time: 0.00139347 dtime: 0.0021516
[Symmetry] #generators: 5, average support size: 2
[Symmetry] 5 orbits with sizes: 2,2,2,2,2
[Symmetry] Found orbitope of size 1 x 2
[SAT presolve] num removable Booleans: 0 / 1821
[SAT presolve] num trivial clauses: 0
[SAT presolve] [0s] clauses:34 literals:68 vars:51 one_side_vars:44 simple_definition:7 singleton_clauses:0
[SAT presolve] [3.2962e-05s] clauses:34 literals:68 vars:51 one_side_vars:44 simple_definition:7 singleton_clauses:0
[SAT presolve] [7.7235e-05s] clauses:34 literals:68 vars:51 one_side_vars:44 simple_definition:7 singleton_clauses:0
  1.65e-01s  4.08e-02d  [Probe] #probed=4'524 #new_bounds=108 
  2.80e-03s  0.00e+00d  [MaxClique] Merged 889(6335 literals) into 889(6347 literals) at_most_ones. 
  2.56e-03s  0.00e+00d  [DetectDominanceRelations] 
  1.85e-02s  0.00e+00d  [PresolveToFixPoint] #num_loops=5 #num_dual_strengthening=4 
  3.25e-03s  0.00e+00d  [ProcessAtMostOneAndLinear] 
  2.30e-03s  0.00e+00d  [DetectDuplicateConstraints] #duplicates=27 
  4.71e-04s  2.51e-05d  [DetectDominatedLinearConstraints] #relevant_constraints=1'779 
  5.45e-04s  0.00e+00d  [DetectDifferentVariables] #different=26 
  8.03e-04s  3.37e-04d  [ProcessSetPPC] #relevant_constraints=1'002 #num_inclusions=721 
  6.14e-05s  0.00e+00d  [FindAlmostIdenticalLinearConstraints] 
  4.41e-03s  7.69e-03d  [FindBigAtMostOneAndLinearOverlap] 
  9.91e-04s  3.68e-03d  [FindBigVerticalLinearOverlap] 
  2.48e-04s  7.62e-04d  [FindBigHorizontalLinearOverlap] #linears=101 
  6.56e-05s  0.00e+00d  [MergeClauses] 
  2.52e-03s  0.00e+00d  [DetectDominanceRelations] 
  9.16e-03s  0.00e+00d  [PresolveToFixPoint] #num_loops=1 #num_dual_strengthening=1 
  2.57e-03s  0.00e+00d  [DetectDominanceRelations] 
  9.24e-03s  0.00e+00d  [PresolveToFixPoint] #num_loops=1 #num_dual_strengthening=1 
[Symmetry] Graph for symmetry has 9'463 nodes and 17'953 arcs.
[Symmetry] Symmetry computation done. time: 0.00139007 dtime: 0.00214873
[Symmetry] #generators: 4, average support size: 2
[Symmetry] 4 orbits with sizes: 2,2,2,2
[Symmetry] Found orbitope of size 1 x 2
[SAT presolve] num removable Booleans: 0 / 1821
[SAT presolve] num trivial clauses: 0
[SAT presolve] [0s] clauses:35 literals:70 vars:53 one_side_vars:46 simple_definition:7 singleton_clauses:0
[SAT presolve] [3.0277e-05s] clauses:35 literals:70 vars:53 one_side_vars:46 simple_definition:7 singleton_clauses:0
[SAT presolve] [7.8828e-05s] clauses:35 literals:70 vars:53 one_side_vars:46 simple_definition:7 singleton_clauses:0
  1.56e-01s  3.77e-02d  [Probe] #probed=4'524 #new_bounds=34 
  2.80e-03s  0.00e+00d  [MaxClique] 
  2.58e-03s  0.00e+00d  [DetectDominanceRelations] 
  1.45e-02s  0.00e+00d  [PresolveToFixPoint] #num_loops=5 #num_dual_strengthening=4 
  3.28e-03s  0.00e+00d  [ProcessAtMostOneAndLinear] 
  2.27e-03s  0.00e+00d  [DetectDuplicateConstraints] #duplicates=27 
  4.43e-04s  2.51e-05d  [DetectDominatedLinearConstraints] #relevant_constraints=1'779 
  5.31e-04s  0.00e+00d  [DetectDifferentVariables] #different=26 
  7.89e-04s  3.37e-04d  [ProcessSetPPC] #relevant_constraints=1'003 #num_inclusions=721 
  6.46e-05s  0.00e+00d  [FindAlmostIdenticalLinearConstraints] 
  4.46e-03s  7.70e-03d  [FindBigAtMostOneAndLinearOverlap] 
  9.99e-04s  3.68e-03d  [FindBigVerticalLinearOverlap] 
  2.51e-04s  7.62e-04d  [FindBigHorizontalLinearOverlap] #linears=101 
  6.88e-05s  0.00e+00d  [MergeClauses] 
  2.51e-03s  0.00e+00d  [DetectDominanceRelations] 
  9.12e-03s  0.00e+00d  [PresolveToFixPoint] #num_loops=1 #num_dual_strengthening=1 
  1.55e-04s  0.00e+00d  [ExpandObjective] #entries=72 #tight_variables=36 #tight_constraints=12 

Presolve summary:
  - 89 affine relations were detected.
  - rule 'TODO dual: add implied bound' was applied 38 times.
  - rule 'TODO dual: only one blocking constraint?' was applied 43'185 times.
  - rule 'TODO dual: only one blocking enforced constraint?' was applied 38 times.
  - rule 'TODO dual: only one unspecified blocking constraint?' was applied 21 times.
  - rule 'TODO dual: tighten at most one' was applied 1'022 times.
  - rule 'TODO linear2: contains a Boolean.' was applied 18'603 times.
  - rule 'TODO symmetry: add symmetry breaking inequalities?' was applied 3 times.
  - rule 'affine: new relation' was applied 89 times.
  - rule 'at_most_one: empty or all false' was applied 4 times.
  - rule 'at_most_one: removed literals' was applied 373 times.
  - rule 'at_most_one: singleton' was applied 6 times.
  - rule 'at_most_one: size one' was applied 114 times.
  - rule 'at_most_one: transformed into max clique.' was applied 1 time.
  - rule 'bool_and: non-reified.' was applied 24 times.
  - rule 'bool_or: always true' was applied 2'292 times.
  - rule 'bool_or: implications' was applied 9'296 times.
  - rule 'deductions: 650 stored' was applied 1 time.
  - rule 'dual: add implication' was applied 117 times.
  - rule 'dual: fix variable' was applied 596 times.
  - rule 'dual: fix variable with multiple choices' was applied 8 times.
  - rule 'dual: reduced domain' was applied 287 times.
  - rule 'duplicate: merged rhs of linear constraint' was applied 2 times.
  - rule 'duplicate: removed constraint' was applied 56 times.
  - rule 'duplicate: removed enforced constraint' was applied 5 times.
  - rule 'enforcement: false literal' was applied 5'978 times.
  - rule 'enforcement: literal not used' was applied 24 times.
  - rule 'enforcement: true literal' was applied 24 times.
  - rule 'linear + amo: extracted enforcement literal' was applied 3 times.
  - rule 'linear + amo: fixed literal implied by enforcement' was applied 56 times.
  - rule 'linear1: always true' was applied 6 times.
  - rule 'linear2: contains a Boolean.' was applied 17 times.
  - rule 'linear: always true' was applied 1'940 times.
  - rule 'linear: divide by GCD' was applied 6'929 times.
  - rule 'linear: empty' was applied 159 times.
  - rule 'linear: extracted enforcement literal' was applied 762 times.
  - rule 'linear: fixed or dup variables' was applied 2'122 times.
  - rule 'linear: negative clause' was applied 2'720 times.
  - rule 'linear: positive at most one' was applied 258 times.
  - rule 'linear: positive clause' was applied 6'576 times.
  - rule 'linear: positive equal one' was applied 12 times.
  - rule 'linear: reduced variable domains' was applied 1'320 times.
  - rule 'linear: remapped using affine relations' was applied 3'048 times.
  - rule 'linear: simplified rhs' was applied 24'877 times.
  - rule 'linear: singleton column' was applied 16 times.
  - rule 'objective: variable not used elsewhere' was applied 1 time.
  - rule 'presolve: 1401 unused variables removed.' was applied 1 time.
  - rule 'presolve: iteration' was applied 3 times.
  - rule 'setppc: bool_or in at_most_one.' was applied 2 times.
  - rule 'setppc: removed dominated constraints' was applied 51 times.
  - rule 'symmetry: added symmetry breaking implication' was applied 3 times.

Presolved optimization model '': (model_fingerprint: 0x858274891df1e6ed)
#Variables: 2'196 (#bools: 31 #ints: 1 in objective)
  - 1'821 Booleans in [0,1]
  - 119 different domains in [0,300000] with a largest complexity of 1.
#kAtMostOne: 855 (#literals: 6'279)
#kBoolAnd: 53 (#enforced: 53) (#literals: 106)
#kExactlyOne: 12 (#literals: 36)
#kLinear1: 6 (#enforced: 6)
#kLinear2: 892 (#enforced: 639 #multi: 16)
#kLinear3: 1'304 (#enforced: 14)
#kLinearN: 222 (#terms: 2'723)

Preloading model.
#Bound   1.20s best:inf   next:[347818,19061320] initial_domain
[Symmetry] Graph for symmetry has 7'959 nodes and 17'957 arcs.
[Symmetry] Symmetry computation done. time: 0.00136524 dtime: 0.00205722
[Symmetry] #generators: 3, average support size: 2
[Symmetry] Found orbitope of size 1 x 2
#Model   1.21s var:2196/2196 constraints:3344/3344

Starting search at 1.21s with 32 workers.
16 full problem subsolvers: [core, default_lp, lb_tree_search, max_lp, no_lp, objective_lb_search, objective_lb_search_max_lp, objective_lb_search_no_lp, objective_shaving_search_max_lp, objective_shaving_search_no_lp, probing, probing_max_lp, pseudo_costs, quick_restart, quick_restart_no_lp, reduced_costs]
14 first solution subsolvers: [fj_long_default, fj_long_lin_default, fj_long_random, fj_short_default, fj_short_lin_default, fj_short_lin_random, fj_short_random, fs_random(2), fs_random_no_lp(2), fs_random_quick_restart(2), fs_random_quick_restart_no_lp]
11 incomplete subsolvers: [feasibility_pump, graph_arc_lns, graph_cst_lns, graph_dec_lns, graph_var_lns, rins/rens, rnd_cst_lns, rnd_var_lns, violation_ls(3)]
3 helper subsolvers: [neighborhood_helper, synchronization_agent, update_gap_integral]
#Bound   1.35s best:inf   next:[347819,19061320] objective_shaving_search_max_lp (vars=2196 csts=3361)
#Bound   1.93s best:inf   next:[347820,19061320] objective_shaving_search_max_lp (vars=2196 csts=3345)
#1       2.01s best:19061320 next:[347820,19061319] fj_long_default(batch:3 #lin_moves:21'616 #lin_evals:48'156 #weight_updates:1'453)
#2       2.03s best:19061257 next:[347820,19061256] violation_ls(batch:1 #solutions_imported:1 #lin_moves:0 #lin_evals:7'259 #gen_moves:105 #gen_evals:0 #comp_moves:11 #backtracks:47 #weight_updates:1)
#Bound   2.05s best:19061257 next:[347821,19061256] objective_shaving_search_max_lp (vars=2196 csts=3345)
#3       2.06s best:19061194 next:[347821,19061193] violation_ls(batch:1 #solutions_imported:1 #lin_moves:0 #lin_evals:5'355 #gen_moves:81 #gen_evals:0 #comp_moves:9 #backtracks:36 #weight_updates:1)
#4       2.07s best:19061131 next:[347821,19061130] violation_ls(batch:2 #solutions_imported:2 #lin_moves:0 #lin_evals:12'577 #gen_moves:194 #gen_evals:0 #comp_moves:22 #backtracks:86 #weight_updates:2)
#5       2.07s best:19061068 next:[347821,19061067] violation_ls(batch:1 #solutions_imported:1 #lin_moves:9 #lin_evals:60 #weight_updates:5)
#6       2.07s best:19061005 next:[347821,19061004] violation_ls(batch:2 #solutions_imported:2 #lin_moves:79 #lin_evals:1'040 #weight_updates:42)
#Bound   2.11s best:19061005 next:[347822,19061004] objective_shaving_search_no_lp (vars=2196 csts=3345)
#7       2.12s best:19060942 next:[347822,19060941] violation_ls(batch:3 #solutions_imported:3 #lin_moves:24 #lin_evals:13'464 #gen_moves:194 #gen_evals:0 #comp_moves:22 #backtracks:86 #weight_updates:12)
#8       2.12s best:19060879 next:[347822,19060878] violation_ls(batch:3 #solutions_imported:3 #lin_moves:122 #lin_evals:2'011 #weight_updates:62)
#9       2.12s best:19060816 next:[347822,19060815] violation_ls(batch:3 #solutions_imported:3 #lin_moves:0 #lin_evals:18'601 #gen_moves:271 #gen_evals:0 #comp_moves:33 #backtracks:119 #weight_updates:4)
#Bound   2.36s best:19060816 next:[347823,19060815] objective_shaving_search_no_lp (vars=2196 csts=3345)
#10      2.36s best:19060753 next:[347823,19060752] violation_ls(batch:4 #solutions_imported:4 #lin_moves:24 #lin_evals:19'506 #gen_moves:283 #gen_evals:0 #comp_moves:33 #backtracks:125 #weight_updates:13)
#11      2.38s best:19060690 next:[347823,19060689] violation_ls(batch:4 #solutions_imported:4 #lin_moves:25 #lin_evals:19'505 #gen_moves:271 #gen_evals:0 #comp_moves:33 #backtracks:119 #weight_updates:15)
#Bound   2.44s best:19060690 next:[347824,19060689] objective_lb_search_max_lp
#Bound   2.45s best:19060690 next:[370628,19060689] objective_lb_search_max_lp
#Bound   2.60s best:19060690 next:[372425,19060689] objective_lb_search_max_lp
#Bound   2.62s best:19060690 next:[372426,19060689] objective_shaving_search_max_lp (vars=2196 csts=3345)
#12      2.63s best:19060627 next:[372426,19060626] violation_ls(batch:5 #solutions_imported:5 #lin_moves:68 #lin_evals:19'642 #gen_moves:271 #gen_evals:0 #comp_moves:33 #backtracks:119 #weight_updates:57)
#Bound   2.71s best:19060627 next:[372427,19060626] objective_shaving_search_no_lp (vars=2196 csts=3345)
#13      2.72s best:19060564 next:[372427,19060563] violation_ls(batch:6 #solutions_imported:6 #lin_moves:49 #lin_evals:27'180 #gen_moves:400 #gen_evals:0 #comp_moves:44 #backtracks:178 #weight_updates:25)
#14      2.72s best:19060501 next:[372427,19060500] violation_ls(batch:6 #solutions_imported:6 #lin_moves:122 #lin_evals:20'460 #gen_moves:242 #gen_evals:0 #comp_moves:28 #backtracks:107 #weight_updates:65)
#15      2.72s best:19060438 next:[372427,19060437] violation_ls(batch:6 #solutions_imported:6 #lin_moves:68 #lin_evals:24'631 #gen_moves:328 #gen_evals:0 #comp_moves:42 #backtracks:143 #weight_updates:58)
#Bound   2.72s best:19060438 next:[372428,19060437] objective_shaving_search_max_lp (vars=2196 csts=3345)
#Bound   2.73s best:19060438 next:[373709,19060437] objective_lb_search_max_lp
#Bound   2.89s best:19060438 next:[374404,19060437] reduced_costs
#Bound   3.01s best:19060438 next:[379078,19060437] objective_lb_search_max_lp
#Bound   3.07s best:19060438 next:[381249,19060437] pseudo_costs
#Bound   3.14s best:19060438 next:[381250,19060437] objective_shaving_search_no_lp (vars=2199 csts=3365)
#Bound   3.18s best:19060438 next:[381251,19060437] objective_shaving_search_max_lp (vars=2199 csts=3365)
#16      3.19s best:19060375 next:[381251,19060374] violation_ls(batch:7 #solutions_imported:7 #lin_moves:49 #lin_evals:34'708 #gen_moves:497 #gen_evals:0 #comp_moves:55 #backtracks:221 #weight_updates:26)
#17      3.19s best:19060312 next:[381251,19060311] violation_ls(batch:7 #solutions_imported:7 #lin_moves:177 #lin_evals:20'592 #gen_moves:242 #gen_evals:0 #comp_moves:28 #backtracks:107 #weight_updates:120)
#18      3.19s best:19060249 next:[381251,19060248] violation_ls(batch:7 #solutions_imported:7 #lin_moves:68 #lin_evals:30'705 #gen_moves:416 #gen_evals:0 #comp_moves:52 #backtracks:182 #weight_updates:59)
#Model   3.20s var:2195/2196 constraints:3343/3344
#Bound   3.38s best:19060249 next:[386355,19060248] reduced_costs
#19      3.38s best:19054884 next:[386355,19054883] rnd_var_lns (d=0.71 s=116 t=0.10 p=1.00 stall=1 h=auto_l0)
#Model   3.49s var:2194/2196 constraints:3342/3344
#Bound   3.49s best:19054884 next:[386662,19054883] probing_max_lp
#Bound   3.55s best:19054884 next:[388690,19054883] max_lp
#Bound   3.93s best:19054884 next:[395370,19054883] lb_tree_search
#Model   4.00s var:2193/2196 constraints:3342/3344
#Bound   4.05s best:19054884 next:[395411,19054883] lb_tree_search
#Bound   4.21s best:19054884 next:[395423,19054883] lb_tree_search
#Bound   4.38s best:19054884 next:[395460,19054883] lb_tree_search
#Model   4.57s var:2192/2196 constraints:3342/3344
#Bound   4.99s best:19054884 next:[398558,19054883] lb_tree_search [skipped_logs=2]
#Bound   5.90s best:19054884 next:[400880,19054883] lb_tree_search [skipped_logs=4]
#Model   6.82s var:2191/2196 constraints:3342/3344
#Bound   6.98s best:19054884 next:[402616,19054883] lb_tree_search [skipped_logs=4]
#Bound   7.86s best:19054884 next:[402963,19054883] lb_tree_search [skipped_logs=4]
#Bound   8.94s best:19054884 next:[403620,19054883] lb_tree_search [skipped_logs=5]
#Bound  10.02s best:19054884 next:[408555,19054883] probing_max_lp [skipped_logs=5]
#Bound  10.86s best:19054884 next:[410570,19054883] probing_max_lp [skipped_logs=3]
#Bound  11.97s best:19054884 next:[414888,19054883] probing_max_lp [skipped_logs=2]
#Bound  12.97s best:19054884 next:[415405,19054883] probing_max_lp [skipped_logs=4]
#Bound  13.88s best:19054884 next:[415474,19054883] probing_max_lp [skipped_logs=1]
#Bound  14.19s best:19054884 next:[415489,19054883] probing_max_lp [skipped_logs=0]
#Bound  17.43s best:19054884 next:[415502,19054883] probing_max_lp
#Bound  19.37s best:19054884 next:[415504,19054883] probing_max_lp
#Bound  19.62s best:19054884 next:[415636,19054883] probing_max_lp
#Bound  20.24s best:19054884 next:[415650,19054883] probing_max_lp
#Bound  20.61s best:19054884 next:[415667,19054883] probing_max_lp
#Bound  21.04s best:19054884 next:[415700,19054883] probing_max_lp
#Bound  21.41s best:19054884 next:[415701,19054883] probing_max_lp [skipped_logs=0]
#20     22.22s best:19048927 next:[415701,19048926] quick_restart_no_lp (fixed_bools=87/3112)
#Bound  22.88s best:19048927 next:[416908,19048926] probing_max_lp [skipped_logs=2]
#Bound  24.05s best:19048927 next:[417365,19048926] probing_max_lp [skipped_logs=4]
#Model  24.66s var:2190/2196 constraints:3342/3344
#Bound  24.89s best:19048927 next:[418132,19048926] probing_max_lp [skipped_logs=3]
#Bound  26.05s best:19048927 next:[420633,19048926] probing_max_lp [skipped_logs=6]
#Bound  26.88s best:19048927 next:[422473,19048926] probing_max_lp [skipped_logs=4]
#Model  41.90s var:2189/2196 constraints:3341/3344
#Model  43.82s var:2188/2196 constraints:3340/3344
#Model  49.60s var:2187/2196 constraints:3339/3344
#Model  75.16s var:2186/2196 constraints:3338/3344
#21    418.94s best:19043969 next:[422473,19043968] quick_restart_no_lp (fixed_bools=334/3989)
#22    432.90s best:19041897 next:[422473,19041896] quick_restart_no_lp (fixed_bools=338/4016)
#23    614.78s best:19037568 next:[422473,19037567] quick_restart_no_lp (fixed_bools=376/4406)
#24    614.80s best:19029354 next:[422473,19029353] quick_restart_no_lp (fixed_bools=376/4420)
#25    616.64s best:19026357 next:[422473,19026356] quick_restart_no_lp (fixed_bools=376/4448)
#26    809.83s best:19020696 next:[422473,19020695] quick_restart_no_lp (fixed_bools=414/5118)
#27    990.78s best:19014295 next:[422473,19014294] quick_restart_no_lp (fixed_bools=434/5825)
#28    1089.46s best:19008042 next:[422473,19008041] quick_restart_no_lp (fixed_bools=453/6232)
#29    1090.45s best:19002418 next:[422473,19002417] quick_restart_no_lp (fixed_bools=453/6249)
#30    1100.62s best:18998977 next:[422473,18998976] quick_restart_no_lp (fixed_bools=453/6375)
#Model 1215.57s var:2185/2196 constraints:3337/3344
#Bound 3786.62s best:18998977 next:[422481,18998976] reduced_costs
#Bound 3786.91s best:18998977 next:[422499,18998976] reduced_costs
#Bound 3787.20s best:18998977 next:[422529,18998976] reduced_costs
#Bound 3787.53s best:18998977 next:[422536,18998976] reduced_costs
#31    4348.16s best:18992132 next:[422536,18992131] quick_restart_no_lp (fixed_bools=952/7558)
#32    4400.15s best:1389031 next:[422536,1389030] core (fixed_bools=885/3924)
#33    4402.99s best:1387708 next:[422536,1387707] core (fixed_bools=885/3939)
#34    4555.54s best:1382750 next:[422536,1382749] quick_restart_no_lp (fixed_bools=2609/8609)
#35    5530.01s best:1380678 next:[422536,1380677] quick_restart_no_lp (fixed_bools=2895/9297)
#36    7074.07s best:1373258 next:[422536,1373257] core (fixed_bools=1650/7081)
#37    7081.18s best:1365044 next:[422536,1365043] quick_restart_no_lp (fixed_bools=3131/10478)
#38    7087.84s best:1359087 next:[422536,1359086] quick_restart_no_lp (fixed_bools=3133/10536)
#39    7097.67s best:1353722 next:[422536,1353721] quick_restart_no_lp (fixed_bools=3133/10633)
#40    7780.60s best:1116661 next:[422536,1116660] no_lp (fixed_bools=1884/6216)
#41    7781.08s best:1114626 next:[422536,1114625] no_lp (fixed_bools=1884/6225)
#42    7783.82s best:1109668 next:[422536,1109667] no_lp (fixed_bools=2466/6247)
#43    7795.46s best:1102823 next:[422536,1102822] quick_restart_no_lp (fixed_bools=4714/11845)
#Model 8035.55s var:2184/2196 constraints:3334/3344
#Model 8054.57s var:2183/2196 constraints:3334/3344
#44    8306.58s best:1100751 next:[422536,1100750] quick_restart_no_lp (fixed_bools=4768/12344)
#45    8340.19s best:1092574 next:[422536,1092573] quick_restart_no_lp (fixed_bools=4802/12380)
#46    9381.16s best:1086913 next:[422536,1086912] quick_restart_no_lp (fixed_bools=5052/13237)
#47    9825.15s best:993436 next:[422536,993435] core (fixed_bools=4129/15711)
#48    10402.24s best:988478 next:[422536,988477] quick_restart_no_lp (fixed_bools=5736/14875)
#49    10507.59s best:986406 next:[422536,986405] quick_restart_no_lp (fixed_bools=5932/15351)
#50    10743.08s best:983409 next:[422536,983408] quick_restart_no_lp (fixed_bools=6070/15995)
#51    11098.10s best:863282 next:[422536,863281] no_lp (fixed_bools=4805/15064)
#52    11098.25s best:858299 next:[422536,858298] no_lp (fixed_bools=4807/15092)
#53    11154.33s best:852638 next:[422536,852637] quick_restart_no_lp (fixed_bools=7265/17669)
#54    11168.72s best:852342 next:[422536,852341] quick_restart_no_lp (fixed_bools=7265/17684)
#55    11273.64s best:849345 next:[422536,849344] quick_restart_no_lp (fixed_bools=7397/18181)
#56    12676.15s best:786343 next:[422536,786342] objective_lb_search_no_lp (fixed_bools=7069/22599)
#Model 12686.94s var:2182/2196 constraints:3333/3344
#57    13226.76s best:781237 next:[422536,781236] quick_restart_no_lp (fixed_bools=8751/23757)
#58    13702.77s best:775576 next:[422536,775575] quick_restart_no_lp (fixed_bools=9026/24933)
#59    13704.20s best:772579 next:[422536,772578] quick_restart_no_lp (fixed_bools=9026/24938)
#Model 13705.58s var:2181/2196 constraints:3331/3344
#60    14232.01s best:766326 next:[422536,766325] quick_restart_no_lp (fixed_bools=9299/25942)
#61    17759.08s best:760702 next:[422536,760701] quick_restart_no_lp (fixed_bools=9582/28698)
#62    17760.69s best:753857 next:[422536,753856] quick_restart_no_lp (fixed_bools=9582/28707)
#Model 17768.38s var:2179/2196 constraints:3331/3344
#63    24786.73s best:751711 next:[422536,751710] quick_restart_no_lp (fixed_bools=9980/32247)

Task timing                                  n [     min,      max]      avg      dev     time         n [     min,      max]      avg      dev    dtime
                             'core':         1 [   8.00h,    8.00h]    8.00h   0.00ns    8.00h         1 [   7.10h,    7.10h]    7.10h   0.00ns    7.10h
                       'default_lp':         1 [   8.00h,    8.00h]    8.00h   0.00ns    8.00h         1 [   1.17h,    1.17h]    1.17h   0.00ns    1.17h
                 'feasibility_pump':         2 [369.87ms,    2.16s]    1.26s 893.52ms    2.53s         1 [568.53ms, 568.53ms] 568.53ms   0.00ns 568.53ms
                  'fj_long_default':         3 [ 37.14ms, 184.58ms] 112.63ms  60.24ms 337.88ms         3 [ 11.76ms,  38.08ms]  27.60ms  11.40ms  82.79ms
              'fj_long_lin_default':         7 [ 42.67ms, 111.23ms]  56.79ms  22.90ms 397.54ms         7 [ 13.07ms,  19.65ms]  15.85ms   1.95ms 110.97ms
                   'fj_long_random':         1 [727.70ms, 727.70ms] 727.70ms   0.00ns 727.70ms         1 [ 36.80ms,  36.80ms]  36.80ms   0.00ns  36.80ms
                 'fj_short_default':         4 [ 41.71ms, 289.08ms] 144.45ms  96.69ms 577.78ms         4 [ 14.72ms,  98.13ms]  35.97ms  35.89ms 143.89ms
             'fj_short_lin_default':         2 [ 59.59ms, 361.14ms] 210.37ms 150.78ms 420.73ms         2 [ 13.57ms,  16.23ms]  14.90ms   1.33ms  29.80ms
              'fj_short_lin_random':         2 [ 54.84ms, 364.91ms] 209.88ms 155.04ms 419.75ms         2 [ 14.76ms,  18.33ms]  16.54ms   1.79ms  33.09ms
                  'fj_short_random':         3 [ 36.47ms, 298.84ms] 134.77ms 116.78ms 404.30ms         3 [ 13.27ms, 100.14ms]  43.00ms  40.42ms 129.01ms
                        'fs_random':         1 [   1.04s,    1.04s]    1.04s   0.00ns    1.04s         1 [ 20.00ns,  20.00ns]  20.00ns   0.00ns  20.00ns
                        'fs_random':         1 [835.21ms, 835.21ms] 835.21ms   0.00ns 835.21ms         1 [ 20.00ns,  20.00ns]  20.00ns   0.00ns  20.00ns
                  'fs_random_no_lp':         1 [   1.09s,    1.09s]    1.09s   0.00ns    1.09s         0 [  0.00ns,   0.00ns]   0.00ns   0.00ns   0.00ns
                  'fs_random_no_lp':         1 [761.85ms, 761.85ms] 761.85ms   0.00ns 761.85ms         0 [  0.00ns,   0.00ns]   0.00ns   0.00ns   0.00ns
          'fs_random_quick_restart':         1 [   1.09s,    1.09s]    1.09s   0.00ns    1.09s         1 [ 20.00ns,  20.00ns]  20.00ns   0.00ns  20.00ns
          'fs_random_quick_restart':         1 [787.58ms, 787.58ms] 787.58ms   0.00ns 787.58ms         1 [  1.11ms,   1.11ms]   1.11ms   0.00ns   1.11ms
    'fs_random_quick_restart_no_lp':         1 [786.06ms, 786.06ms] 786.06ms   0.00ns 786.06ms         0 [  0.00ns,   0.00ns]   0.00ns   0.00ns   0.00ns
                    'graph_arc_lns':         6 [247.47ms,    8.00h]    2.67h    3.77h   16.00h         5 [ 20.00ns, 100.55ms]  80.25ms  40.13ms 401.26ms
                    'graph_cst_lns':         6 [280.49ms,    8.00h]    4.00h    4.00h   24.00h         4 [ 30.00ns, 100.52ms]  75.16ms  43.39ms 300.63ms
                    'graph_dec_lns':         6 [268.41ms,    8.00h]    2.67h    3.77h   16.00h         6 [ 10.00ns, 100.26ms]  66.74ms  47.19ms 400.42ms
                    'graph_var_lns':         6 [207.35ms,    8.00h]    2.67h    3.77h   16.00h         5 [ 20.00ns, 100.42ms]  80.15ms  40.07ms 400.73ms
                   'lb_tree_search':         1 [   8.00h,    8.00h]    8.00h   0.00ns    8.00h         1 [   1.27h,    1.27h]    1.27h   0.00ns    1.27h
                           'max_lp':         1 [   8.00h,    8.00h]    8.00h   0.00ns    8.00h         1 [   1.00h,    1.00h]    1.00h   0.00ns    1.00h
                            'no_lp':         1 [   8.00h,    8.00h]    8.00h   0.00ns    8.00h         1 [   6.88h,    6.88h]    6.88h   0.00ns    6.88h
              'objective_lb_search':         1 [   8.00h,    8.00h]    8.00h   0.00ns    8.00h         1 [   1.19h,    1.19h]    1.19h   0.00ns    1.19h
       'objective_lb_search_max_lp':         1 [   8.00h,    8.00h]    8.00h   0.00ns    8.00h         1 [  58.46m,   58.46m]   58.46m   0.00ns   58.46m
        'objective_lb_search_no_lp':         1 [   8.00h,    8.00h]    8.00h   0.00ns    8.00h         1 [   7.15h,    7.15h]    7.15h   0.00ns    7.15h
  'objective_shaving_search_max_lp':         7 [  8.31ms, 303.24ms]  89.93ms  98.90ms 629.48ms         0 [  0.00ns,   0.00ns]   0.00ns   0.00ns   0.00ns
   'objective_shaving_search_no_lp':         7 [  7.88ms, 439.27ms] 103.35ms 151.79ms 723.47ms         0 [  0.00ns,   0.00ns]   0.00ns   0.00ns   0.00ns
                          'probing':         1 [   8.00h,    8.00h]    8.00h   0.00ns    8.00h         1 [   1.18h,    1.18h]    1.18h   0.00ns    1.18h
                   'probing_max_lp':         1 [   8.00h,    8.00h]    8.00h   0.00ns    8.00h         1 [   1.31h,    1.31h]    1.31h   0.00ns    1.31h
                     'pseudo_costs':         1 [   8.00h,    8.00h]    8.00h   0.00ns    8.00h         1 [  53.55m,   53.55m]   53.55m   0.00ns   53.55m
                    'quick_restart':         1 [   8.00h,    8.00h]    8.00h   0.00ns    8.00h         1 [   1.19h,    1.19h]    1.19h   0.00ns    1.19h
              'quick_restart_no_lp':         1 [   8.00h,    8.00h]    8.00h   0.00ns    8.00h         1 [   5.62h,    5.62h]    5.62h   0.00ns    5.62h
                    'reduced_costs':         1 [   8.00h,    8.00h]    8.00h   0.00ns    8.00h         1 [   1.20h,    1.20h]    1.20h   0.00ns    1.20h
                        'rins/rens':         2 [372.57ms,    8.00h]    4.00h    4.00h    8.00h         2 [ 10.00ns, 100.20ms]  50.10ms  50.10ms 100.20ms
                      'rnd_cst_lns':         7 [229.67ms,    8.00h]    3.43h    3.96h   24.00h         5 [ 30.00ns, 100.19ms]  80.08ms  40.04ms 400.42ms
                      'rnd_var_lns':         7 [179.48ms,    8.00h]    5.71h    3.61h   40.00h         4 [ 10.00ns, 100.12ms]  50.03ms  50.03ms 200.12ms
                     'violation_ls':         7 [  1.00ms,  14.24ms]   5.51ms   4.45ms  38.60ms         7 [ 58.57us,   1.18ms] 732.82us 414.10us   5.13ms
                     'violation_ls':         7 [729.88us,  58.63ms]  10.61ms  19.64ms  74.27ms         7 [ 17.12us,   1.38ms] 517.84us 489.02us   3.62ms
                     'violation_ls':         7 [947.51us,  35.02ms]   9.77ms  10.95ms  68.36ms         7 [148.21us,   1.23ms] 848.20us 451.45us   5.94ms

Search stats                         Bools  Conflicts     Branches     Restarts      BoolPropag   IntegerPropag
                           'core':  64'177  9'293'032  721'768'718   95'639'582  75'984'516'335  21'306'890'957
                     'default_lp':   2'577         27       70'405       41'789       3'481'321       7'303'285
                      'fs_random':   1'827          0        1'908        1'908          39'119         154'328
                      'fs_random':   1'827          0        3'058        3'058          61'184         251'018
                'fs_random_no_lp':   1'827          0        2'912        2'912          58'336         241'254
                'fs_random_no_lp':   1'827          0        3'058        3'058          61'184         251'018
        'fs_random_quick_restart':   1'827          0        3'058        3'058          61'184         251'018
        'fs_random_quick_restart':   1'829          1        3'657        3'657          73'149         288'215
  'fs_random_quick_restart_no_lp':   1'827          0        2'842        2'842          57'054         236'086
                 'lb_tree_search':   2'577         22       72'030       42'621       3'518'986       7'359'407
                         'max_lp':   2'577         27       82'487       47'861       4'025'677       8'477'696
                          'no_lp':  66'157  9'734'766  730'536'158   93'158'286  77'323'337'966  20'979'513'183
            'objective_lb_search':   2'577         27       73'290       43'200       3'587'125       7'579'858
     'objective_lb_search_max_lp':   2'577         24       69'182       41'133       3'403'236       7'186'851
      'objective_lb_search_no_lp':  62'397  9'834'731  649'462'369   92'815'047  78'836'657'641  20'686'328'967
                        'probing':   2'577         28       74'322       44'099       3'703'402       7'753'636
                 'probing_max_lp':   2'577         18       62'751       38'258       3'153'933       6'588'917
                   'pseudo_costs':   2'577         25       68'775       40'956       3'367'653       7'096'904
                  'quick_restart':   2'577         22       71'271       42'216       3'511'894       7'422'479
            'quick_restart_no_lp':  34'046  6'635'868  978'035'846  108'400'609  57'969'046'913  24'758'636'135
                  'reduced_costs':   2'577         27       72'913       43'050       3'571'250       7'532'449

SAT stats                           ClassicMinim   LitRemoved     LitLearned   LitForgotten  Subsumed  MClauses  MDecisions  MLitTrue  MSubsumed  MLitRemoved  MReused
                           'core':     8'778'692   92'238'618  3'303'095'665  3'198'664'282   221'209   376'849   8'533'257         1      3'876      140'007   86'581
                     'default_lp':             8           17             35              0         0         0           0         0          0            0        0
                      'fs_random':             0            0              0              0         0         0           0         0          0            0        0
                      'fs_random':             0            0              0              0         0         0           0         0          0            0        0
                'fs_random_no_lp':             0            0              0              0         0         0           0         0          0            0        0
                'fs_random_no_lp':             0            0              0              0         0         0           0         0          0            0        0
        'fs_random_quick_restart':             0            0              0              0         0         0           0         0          0            0        0
        'fs_random_quick_restart':             0            0              1              0         0         0           0         0          0            0        0
  'fs_random_quick_restart_no_lp':             0            0              0              0         0         0           0         0          0            0        0
                 'lb_tree_search':             3            7             26              0         0         0           0         0          0            0        0
                         'max_lp':             9           21             36              0         0         0           0         0          0            0        0
                          'no_lp':     9'195'294   95'251'690  3'395'436'664  3'286'337'628   231'006   371'076   9'644'746         0      4'538      196'394  111'621
            'objective_lb_search':             7           20             35              0         0         0           0         0          0            0        0
     'objective_lb_search_max_lp':             5            7             29              0         0         0           0         0          0            0        0
      'objective_lb_search_no_lp':     9'336'316  101'282'879  3'411'478'695  3'313'528'229   210'908   391'357   7'025'258         0      4'131      142'349  104'705
                        'probing':             9           25             37              0         0         0           0         0          0            0        0
                 'probing_max_lp':             2            4             20              0         0         0           0         0          0            0        0
                   'pseudo_costs':             7           20             32              0         0         0           0         0          0            0        0
                  'quick_restart':             3            7             25              0         0         0           0         0          0            0        0
            'quick_restart_no_lp':     5'931'121   45'481'640  2'586'079'571  2'434'290'423   315'899   703'870  19'004'713         0      3'659       58'563  158'304
                  'reduced_costs':             8           13             36              0         0         0           0         0          0            0        0

Lp stats                         Component  Iterations  AddedCuts  OPTIMAL  DUAL_F.  DUAL_U.
                  'default_lp':          1  17'666'559  7'391'545  232'053      695        4
                   'fs_random':          1           0          0        0        0        0
                   'fs_random':          1           0          0        0        0        0
     'fs_random_quick_restart':          1           0          0        0        0        0
     'fs_random_quick_restart':          1         326        141        7        0        0
              'lb_tree_search':          1  12'971'809  1'530'389  148'507   42'108        3
                      'max_lp':          1  11'875'874  1'717'440  166'605   48'399        3
         'objective_lb_search':          1  17'837'150  7'498'552  239'999      610        4
  'objective_lb_search_max_lp':          1   9'335'915  1'601'439  143'690   40'295        4
                     'probing':          1  17'952'829  7'560'727  244'858      512        5
              'probing_max_lp':          1  11'347'231  1'282'560  131'128   36'793        1
                'pseudo_costs':          1   8'966'804  1'486'468  142'281   39'932        3
               'quick_restart':          1  18'008'557  7'536'343  234'959      656        4
               'reduced_costs':          1  11'924'208  1'554'063  149'393   42'835        3

Lp dimension                                                                         Final dimension of first component
                  'default_lp':   4283 rows, 2194 columns, 23552 entries with magnitude in [3.391265e-06, 1.000000e+00]
                   'fs_random':          0 rows, 2194 columns, 0 entries with magnitude in [0.000000e+00, 0.000000e+00]
                   'fs_random':          0 rows, 2194 columns, 0 entries with magnitude in [0.000000e+00, 0.000000e+00]
     'fs_random_quick_restart':          0 rows, 2194 columns, 0 entries with magnitude in [0.000000e+00, 0.000000e+00]
     'fs_random_quick_restart':     151 rows, 2194 columns, 2577 entries with magnitude in [1.825742e-03, 1.000000e+00]
              'lb_tree_search':   3293 rows, 2196 columns, 74862 entries with magnitude in [5.304969e-06, 1.000000e+00]
                      'max_lp':   2978 rows, 2196 columns, 57779 entries with magnitude in [6.804718e-06, 1.000000e+00]
         'objective_lb_search':   4021 rows, 2194 columns, 34876 entries with magnitude in [3.354384e-06, 1.000000e+00]
  'objective_lb_search_max_lp':   2677 rows, 2196 columns, 34144 entries with magnitude in [8.145953e-06, 1.000000e+00]
                     'probing':   4836 rows, 2194 columns, 42861 entries with magnitude in [7.630867e-07, 1.000000e+00]
              'probing_max_lp':  3037 rows, 2196 columns, 107507 entries with magnitude in [7.139707e-06, 1.000000e+00]
                'pseudo_costs':   2745 rows, 2196 columns, 49716 entries with magnitude in [9.797534e-06, 1.000000e+00]
               'quick_restart':   4840 rows, 2194 columns, 38549 entries with magnitude in [1.321187e-06, 1.000000e+00]
               'reduced_costs':   2998 rows, 2196 columns, 61158 entries with magnitude in [3.480273e-06, 1.000000e+00]

Lp debug                         CutPropag  CutEqPropag   Adjust  Overflow          Bad  BadScaling
                  'default_lp':          0        1'188   12'578         0  198'484'701           0
                   'fs_random':          0            0        0         0            0           0
                   'fs_random':          0            0        0         0            0           0
     'fs_random_quick_restart':          0            0        0         0            0           0
     'fs_random_quick_restart':          0            0        0         0            0           0
              'lb_tree_search':          3        1'549   91'621         0  231'816'844           0
                      'max_lp':          2        1'957  119'251         0  256'106'766           0
         'objective_lb_search':          0        1'101   10'077         0  199'710'773           0
  'objective_lb_search_max_lp':          6        1'272   92'062         0  232'123'918           0
                     'probing':          0        1'235    4'644         0  202'360'609           0
              'probing_max_lp':         14          854   82'116         0  216'183'054           0
                'pseudo_costs':          1        1'042  120'420         0  232'700'020           0
               'quick_restart':          0        1'038    8'169         0  200'435'741           0
               'reduced_costs':          0        1'570  116'301         0  235'440'540           0

Lp pool                          Constraints  Updates  Simplif  Merged  Shortened   Split  Strenghtened             Cuts/Call
                  'default_lp':       12'117   67'743   12'262      60        419   6'933       129'231  7'391'545/17'079'296
                   'fs_random':        2'632        0        0       0          0       0             0                   0/0
                   'fs_random':        2'632        0        0       0          0       0             0                   0/0
     'fs_random_quick_restart':        2'632        0        0       0          0       0             0                   0/0
     'fs_random_quick_restart':        2'773        0        0       0          0       0             0               141/150
              'lb_tree_search':       12'642   79'239   29'733      75      3'091  36'576       267'531   1'530'389/3'316'255
                      'max_lp':       12'744   76'969   27'955      24      3'612  56'150       333'300   1'717'440/3'781'704
         'objective_lb_search':       12'108   67'992   13'438      76        657   7'208       140'894  7'498'552/17'149'397
  'objective_lb_search_max_lp':       12'687   77'671   25'152      80      2'916  35'235       294'307   1'601'439/3'600'653
                     'probing':       12'266   69'529   13'938      93        577   7'490       147'077  7'560'727/16'801'454
              'probing_max_lp':       12'857   82'040   40'526      31      4'808  27'767       240'784   1'282'560/2'743'533
                'pseudo_costs':       12'730   81'372   18'180      66      3'251  27'221       243'205   1'486'468/3'264'896
               'quick_restart':       11'912   64'977   14'196      63        356   7'207       133'587  7'536'343/17'624'923
               'reduced_costs':       12'346   90'062   23'116      45      5'185  37'434       269'657   1'554'063/3'410'232

Lp Cut            fs_ran     defaul   max_lp     quick_   reduce   pseudo   lb_tre     probin     object   probin   object
          CG_FF:       -    153'098   32'187    154'065   28'268   28'218   27'297    166'096    157'019   24'798   31'558
           CG_K:       -     20'117   10'504     20'236    7'594    7'856    8'744     22'258     19'712    8'488    8'089
          CG_KL:       -          2        -          4        -        -        3         14         10        -        -
           CG_R:       -     69'489   53'528     70'677   36'510   40'915   44'914     78'910     76'143   31'349   45'951
          CG_RB:       -    806'331  276'313    805'552  261'676  206'794  240'764    890'060    841'966  174'471  270'356
         CG_RBP:       -      8'835   23'266      8'518   19'897   13'553   14'507      8'790      7'775   11'495   20'641
         Clique:       -          -   37'125          -   33'130   32'613   32'909          -          -   27'364   32'312
             IB:     141  1'551'291  185'434  1'583'797  163'435  174'458  156'713  1'584'013  1'572'412  134'741  177'146
       MIR_1_FF:       -  1'601'858  205'482  1'638'549  193'907  193'664  186'741  1'599'104  1'563'744  151'777  188'351
        MIR_1_K:       -     14'755    8'995     15'430    6'720    7'187    7'755     15'449     14'853    5'931    6'946
       MIR_1_KL:       -        177        -        148        -        -        -        156        200        -        -
        MIR_1_R:       -      8'129    8'271      7'498    9'864    7'434    8'931      8'419      8'160    7'917    7'976
       MIR_1_RB:       -  1'524'224  279'055  1'534'054  259'112  252'858  247'093  1'501'684  1'538'817  224'811  266'695
      MIR_1_RBP:       -      3'951    3'115      3'262    2'908    2'863    2'350      3'668      3'303    2'259    4'520
      MIR_1_RLT:       -          -      616          -      553      508      526          -          -      451      536
       MIR_2_FF:       -     67'258   19'246     69'784   16'832   15'872   15'523     67'488     66'490   13'899   18'694
        MIR_2_K:       -      5'092    3'570      5'287    2'944    3'181   10'523      5'650      5'603    2'422    2'729
       MIR_2_KL:       -         42        -         32        -        -        -         21         28        -        -
        MIR_2_R:       -      3'645    6'959      3'538    6'506    6'168    6'919      3'688      3'471    6'497    6'588
       MIR_2_RB:       -    216'759  101'518    229'298   98'969  108'467  105'362    215'186    229'885  107'490  113'082
      MIR_2_RBP:       -      1'401    1'430      1'282    1'026    2'272    1'047      1'364      1'324    1'735    1'464
       MIR_3_FF:       -     23'222   11'831     26'075   10'897   10'380   10'567     24'152     23'861    8'400   10'539
        MIR_3_K:       -      3'929    4'585      4'052    3'999    3'715    3'901      4'158      4'141    3'278    3'510
       MIR_3_KL:       -         12        -         15        -        -        1         22         24        1        1
        MIR_3_R:       -     13'316   14'063     14'094   12'701   10'544   13'200     14'787     14'573    9'968   10'702
       MIR_3_RB:       -    299'539   73'664    318'007   66'729   63'323   67'310    311'741    306'539   59'225   67'349
      MIR_3_RBP:       -      1'029    1'081      1'015      758    1'188      900        957      1'011      921      875
       MIR_4_FF:       -     10'975    8'354     11'149    7'242    7'346    6'999      9'300      9'943    6'002    7'751
        MIR_4_K:       -      2'057    3'866      1'954    3'328    2'959    3'222      1'918      2'079    2'623    2'979
       MIR_4_KL:       -          2        -          6        -        -        -          7          5        -        1
        MIR_4_R:       -      3'048    4'930      3'168    4'535    3'970    4'476      3'278      3'358    3'474    3'695
       MIR_4_RB:       -    202'988   58'222    215'982   51'590   48'694   51'360    208'166    204'398   44'999   51'757
      MIR_4_RBP:       -        675      956        503      756      987      828        473        503      778      883
       MIR_5_FF:       -      7'438    7'853      7'589    7'535    6'945    6'982      6'932      6'826    5'634    7'255
        MIR_5_K:       -      1'313    3'435      1'566    2'923    2'681    2'821      1'461      1'633    2'274    2'509
       MIR_5_KL:       -          4        -          4        -        -        -          1          3        -        -
        MIR_5_R:       -      1'938    3'666      1'958    3'479    3'018    3'616      1'957      2'019    2'752    2'894
       MIR_5_RB:       -    140'893   50'504    149'349   46'809   43'732   46'309    145'061    142'646   39'230   44'808
      MIR_5_RBP:       -        406      714        348      576      837      653        373        376      554      672
       MIR_6_FF:       -      4'562    5'330      4'528    4'937    4'867    4'504      4'154      3'795    3'777    4'643
        MIR_6_K:       -      1'028    3'082      1'224    2'588    2'494    2'583      1'026      1'198    2'092    2'290
       MIR_6_KL:       -          1        -          -        -        -        1          1          3        -        -
        MIR_6_R:       -      1'085    3'779      1'027    3'498    3'027    3'536      1'174      1'213    2'611    3'064
       MIR_6_RB:       -     92'913   36'587     97'947   33'525   31'443   33'045     96'303     94'401   27'604   31'676
      MIR_6_RBP:       -        213      573        187      383      785      506        203        251      429      500
   ZERO_HALF_FF:       -    120'667   12'107    124'493   10'822   10'170   10'146    123'855    130'281    8'501    9'761
    ZERO_HALF_K:       -      9'420    1'985      8'378    1'470    1'544    1'686      9'721      8'523    1'295    1'310
    ZERO_HALF_R:       -    121'027  114'931    118'249   92'741   88'191  101'059    136'772    134'895   83'028   95'772
   ZERO_HALF_RB:       -    270'330   33'938    271'580   29'842   28'206   31'037    279'728    288'259   24'743   29'730
  ZERO_HALF_RBP:       -      1'061      790        885      549      541      520      1'028        880      472      879

LNS stats           Improv/Calls  Closed  Difficulty  TimeLimit
  'graph_arc_lns':           4/6     17%        0.09       0.10
  'graph_cst_lns':           4/6      0%        0.04       0.10
  'graph_dec_lns':           3/6      0%        0.04       0.10
  'graph_var_lns':           5/6     17%        0.13       0.10
      'rins/rens':           2/2      0%        0.19       0.10
    'rnd_cst_lns':           3/7      0%        0.03       0.10
    'rnd_var_lns':           6/7     14%        0.09       0.10

LS stats                   Batches  Restarts  LinMoves  GenMoves  CompoundMoves  WeightUpdates
       'fj_long_default':        3         1    21'616         0              0          1'453
   'fj_long_lin_default':        7         1         0    19'628          1'235             27
        'fj_long_random':        1         1     9'668         0              0            332
      'fj_short_default':        4         1         0    21'791            824              3
  'fj_short_lin_default':        2         1         0     5'324            706              4
   'fj_short_lin_random':        2         1         0     5'634            733              5
       'fj_short_random':        3         1         0    39'970            866              2
          'violation_ls':        7         0       177       242             28            120
          'violation_ls':        7         0        49       497             55             26
          'violation_ls':        7         0        68       416             52             59

Solutions (63)                  Num     Rank
                       'core':    4  [32,47]
            'fj_long_default':    1    [1,1]
                      'no_lp':    5  [40,52]
  'objective_lb_search_no_lp':    1  [56,56]
        'quick_restart_no_lp':   34  [20,63]
                'rnd_var_lns':    1  [19,19]
               'violation_ls':   17   [2,18]

Objective bounds                      Num
                   'initial_domain':    1
                   'lb_tree_search':   30
                           'max_lp':    1
       'objective_lb_search_max_lp':    5
  'objective_shaving_search_max_lp':    6
   'objective_shaving_search_no_lp':    4
                   'probing_max_lp':   51
                     'pseudo_costs':    1
                    'reduced_costs':    6

Solution repositories    Added  Queried  Ignored  Synchro
  'feasible solutions':    194      102        0      186
        'lp solutions':      0        0        0        0
                'pump':     10        2

Improving bounds shared            Num
                        'core':  2'415
                  'default_lp':    208
              'lb_tree_search':      5
                      'max_lp':    154
                       'no_lp':  2'332
         'objective_lb_search':     89
  'objective_lb_search_max_lp':    274
   'objective_lb_search_no_lp':  2'199
                     'probing':    214
              'probing_max_lp':     83
                'pseudo_costs':     16
               'quick_restart':    164
         'quick_restart_no_lp':  2'579
               'reduced_costs':    418

Clauses shared                     Num
                        'core':  2'034
                  'default_lp':      8
              'lb_tree_search':      4
                      'max_lp':      9
                       'no_lp':  2'136
         'objective_lb_search':      8
  'objective_lb_search_max_lp':      5
   'objective_lb_search_no_lp':  2'344
                     'probing':      9
              'probing_max_lp':      2
                'pseudo_costs':      7
               'quick_restart':      3
         'quick_restart_no_lp':  2'715
               'reduced_costs':      9

CpSolverResponse summary:
status: FEASIBLE
objective: 751711
best_bound: 422536
integers: 2197
booleans: 1829
conflicts: 1
branches: 3657
propagations: 73149
integer_propagations: 288215
restarts: 3657
lp_iterations: 326
walltime: 28807.4
usertime: 28807.4
deterministic_time: 137304
gap_integral: 1.74437e+06
solution_fingerprint: 0x73fd8f2c0ab94567

CPU USED: 32
Loading /home/aneumann/projects/def-adhaj/aneumann/gns/data/instances/test/xl/instance_152.pkl...
===* START SOLVING *===
   index    value       gap  ... max_time  cpu  max_memory
0    152  7517.11  0.437901  ...        8   32         118

[1 rows x 8 columns]
===* END OF FILE *===
