created virtual environment CPython3.12.4.final.0-64 in 3548ms
  creator CPython3Posix(dest=/local/aneumann.27429364.0/env, clear=False, no_vcs_ignore=False, global=False)
  seeder FromAppData(download=False, pip=bundle, via=copy, app_data_dir=/home/aneumann/.local/share/virtualenv)
    added seed packages: pip==24.0
  activators BashActivator,CShellActivator,FishActivator,NushellActivator,PowerShellActivator,PythonActivator
Looking in links: /cvmfs/soft.computecanada.ca/custom/python/wheelhouse/gentoo2023/x86-64-v3, /cvmfs/soft.computecanada.ca/custom/python/wheelhouse/gentoo2023/generic, /cvmfs/soft.computecanada.ca/custom/python/wheelhouse/generic
Requirement already satisfied: pip in /local/aneumann.27429364.0/env/lib/python3.12/site-packages (24.0)
Processing /cvmfs/soft.computecanada.ca/custom/python/wheelhouse/generic/pip-24.2+computecanada-py3-none-any.whl
Installing collected packages: pip
  Attempting uninstall: pip
    Found existing installation: pip 24.0
    Uninstalling pip-24.0:
      Successfully uninstalled pip-24.0
Successfully installed pip-24.2+computecanada
Looking in links: /cvmfs/soft.computecanada.ca/custom/python/wheelhouse/gentoo2023/x86-64-v3, /cvmfs/soft.computecanada.ca/custom/python/wheelhouse/gentoo2023/generic, /cvmfs/soft.computecanada.ca/custom/python/wheelhouse/generic
ERROR: protobuf-5.28.3-cp38-abi3-manylinux2014_x86_64.whl is not a supported wheel on this platform.
Looking in links: /cvmfs/soft.computecanada.ca/custom/python/wheelhouse/gentoo2023/x86-64-v3, /cvmfs/soft.computecanada.ca/custom/python/wheelhouse/gentoo2023/generic, /cvmfs/soft.computecanada.ca/custom/python/wheelhouse/generic
Processing /home/aneumann/projects/def-adhaj/aneumann/gns/wheels/immutabledict-4.2.0-py3-none-any.whl
Installing collected packages: immutabledict
Successfully installed immutabledict-4.2.0
Looking in links: /cvmfs/soft.computecanada.ca/custom/python/wheelhouse/gentoo2023/x86-64-v3, /cvmfs/soft.computecanada.ca/custom/python/wheelhouse/gentoo2023/generic, /cvmfs/soft.computecanada.ca/custom/python/wheelhouse/generic
Processing /cvmfs/soft.computecanada.ca/custom/python/wheelhouse/generic/ortools-9.10.4067+computecanada-cp312-cp312-linux_x86_64.whl (from -r /home/aneumann/projects/def-adhaj/aneumann/gns/requirements_or.txt (line 1))
Processing /cvmfs/soft.computecanada.ca/custom/python/wheelhouse/gentoo2023/x86-64-v3/pandas-2.2.2+computecanada-cp312-cp312-linux_x86_64.whl (from -r /home/aneumann/projects/def-adhaj/aneumann/gns/requirements_or.txt (line 2))
Processing /cvmfs/soft.computecanada.ca/custom/python/wheelhouse/generic/absl_py-2.1.0+computecanada-py3-none-any.whl (from ortools->-r /home/aneumann/projects/def-adhaj/aneumann/gns/requirements_or.txt (line 1))
Processing /cvmfs/soft.computecanada.ca/custom/python/wheelhouse/gentoo2023/generic/numpy-2.1.1+computecanada-cp312-cp312-linux_x86_64.whl (from ortools->-r /home/aneumann/projects/def-adhaj/aneumann/gns/requirements_or.txt (line 1))
Processing /cvmfs/soft.computecanada.ca/custom/python/wheelhouse/gentoo2023/x86-64-v3/protobuf-5.28.0+computecanada-cp312-cp312-linux_x86_64.whl (from ortools->-r /home/aneumann/projects/def-adhaj/aneumann/gns/requirements_or.txt (line 1))
Requirement already satisfied: immutabledict>=3.0.0 in /local/aneumann.27429364.0/env/lib/python3.12/site-packages (from ortools->-r /home/aneumann/projects/def-adhaj/aneumann/gns/requirements_or.txt (line 1)) (4.2.0)
Processing /cvmfs/soft.computecanada.ca/custom/python/wheelhouse/generic/python_dateutil-2.9.0.post0+computecanada-py2.py3-none-any.whl (from pandas->-r /home/aneumann/projects/def-adhaj/aneumann/gns/requirements_or.txt (line 2))
Processing /cvmfs/soft.computecanada.ca/custom/python/wheelhouse/generic/pytz-2024.2+computecanada-py2.py3-none-any.whl (from pandas->-r /home/aneumann/projects/def-adhaj/aneumann/gns/requirements_or.txt (line 2))
Processing /cvmfs/soft.computecanada.ca/custom/python/wheelhouse/generic/tzdata-2024.2+computecanada-py2.py3-none-any.whl (from pandas->-r /home/aneumann/projects/def-adhaj/aneumann/gns/requirements_or.txt (line 2))
Processing /cvmfs/soft.computecanada.ca/custom/python/wheelhouse/generic/six-1.16.0+computecanada-py2.py3-none-any.whl (from python-dateutil>=2.8.2->pandas->-r /home/aneumann/projects/def-adhaj/aneumann/gns/requirements_or.txt (line 2))
Installing collected packages: pytz, tzdata, six, protobuf, numpy, absl-py, python-dateutil, pandas, ortools
Successfully installed absl-py-2.1.0+computecanada numpy-2.1.1+computecanada ortools-9.10.4067+computecanada pandas-2.2.2+computecanada protobuf-5.28.0+computecanada python-dateutil-2.9.0.post0+computecanada pytz-2024.2+computecanada six-1.16.0+computecanada tzdata-2024.2+computecanada

Starting CP-SAT solver v9.10.4067
Parameters: max_time_in_seconds: 21600 max_memory_in_mb: 118 log_search_progress: true optimize_with_core: true cp_model_presolve: true enumerate_all_solutions: false num_search_workers: 32 use_implied_bounds: true absolute_gap_limit: 5 relative_gap_limit: 0.01 use_probing_search: true

Initial optimization model '': (model_fingerprint: 0x1c2e5b2381470c2d)
#Variables: 2'447 (#bools: 27 #ints: 1 in objective)
  - 2'127 Booleans in [0,1]
  - 319 in [0,225000]
  - 1 constants in {1} 
#kBoolOr: 1'160 (#literals: 1'160)
#kLinear1: 367
#kLinear2: 7'049
#kLinear3: 1'566
#kLinearN: 467 (#terms: 5'528)

Starting presolve at 0.00s
  2.56e-03s  0.00e+00d  [DetectDominanceRelations] 
  5.85e-02s  0.00e+00d  [PresolveToFixPoint] #num_loops=9 #num_dual_strengthening=3 
  8.70e-05s  0.00e+00d  [ExtractEncodingFromLinear] #potential_supersets=183 
[Symmetry] Graph for symmetry has 8'865 nodes and 18'819 arcs.
[Symmetry] Symmetry computation done. time: 0.00261939 dtime: 0.00250986
[SAT presolve] num removable Booleans: 0 / 1370
[SAT presolve] num trivial clauses: 0
[SAT presolve] [0s] clauses:2482 literals:4964 vars:1362 one_side_vars:1326 simple_definition:35 singleton_clauses:0
[SAT presolve] [0.000260067s] clauses:2482 literals:4964 vars:1362 one_side_vars:1326 simple_definition:35 singleton_clauses:0
[SAT presolve] [0.000367159s] clauses:2482 literals:4964 vars:1362 one_side_vars:1326 simple_definition:35 singleton_clauses:0
  1.03e+00s  1.70e-01d  [Probe] #probed=3'076 #fixed_bools=94 #new_bounds=155 
  7.17e-03s  0.00e+00d  [MaxClique] Merged 2658(7548 literals) into 1113(6825 literals) at_most_ones. 
  2.17e-03s  0.00e+00d  [DetectDominanceRelations] 
  1.62e-02s  0.00e+00d  [PresolveToFixPoint] #num_loops=5 #num_dual_strengthening=4 
  3.07e-03s  0.00e+00d  [ProcessAtMostOneAndLinear] #num_changes=27 
  2.00e-03s  0.00e+00d  [DetectDuplicateConstraints] #duplicates=2 #without_enforcements=1 
  4.95e-04s  1.95e-05d  [DetectDominatedLinearConstraints] #relevant_constraints=1'374 
  5.41e-04s  0.00e+00d  [DetectDifferentVariables] #different=10 
  1.05e-03s  3.53e-04d  [ProcessSetPPC] #relevant_constraints=979 #num_inclusions=866 
  7.31e-05s  0.00e+00d  [FindAlmostIdenticalLinearConstraints] 
  4.65e-03s  4.97e-03d  [FindBigAtMostOneAndLinearOverlap] 
  1.15e-03s  2.41e-03d  [FindBigVerticalLinearOverlap] 
  8.54e-05s  8.32e-05d  [FindBigHorizontalLinearOverlap] #linears=14 
  9.79e-05s  0.00e+00d  [MergeClauses] 
  2.13e-03s  0.00e+00d  [DetectDominanceRelations] 
  8.55e-03s  0.00e+00d  [PresolveToFixPoint] #num_loops=2 #num_dual_strengthening=2 
  2.12e-03s  0.00e+00d  [DetectDominanceRelations] 
  7.56e-03s  0.00e+00d  [PresolveToFixPoint] #num_loops=1 #num_dual_strengthening=1 
[Symmetry] Graph for symmetry has 6'898 nodes and 13'974 arcs.
[Symmetry] Symmetry computation done. time: 0.00142681 dtime: 0.00163504
[SAT presolve] num removable Booleans: 0 / 1272
[SAT presolve] num trivial clauses: 0
[SAT presolve] [0s] clauses:25 literals:50 vars:34 one_side_vars:27 simple_definition:7 singleton_clauses:0
[SAT presolve] [5.228e-05s] clauses:25 literals:50 vars:34 one_side_vars:27 simple_definition:7 singleton_clauses:0
[SAT presolve] [0.000105021s] clauses:25 literals:50 vars:34 one_side_vars:27 simple_definition:7 singleton_clauses:0
  3.57e-01s  5.65e-02d  [Probe] #probed=2'979 #fixed_bools=1 #new_bounds=76 
  3.98e-03s  0.00e+00d  [MaxClique] Merged 908(5628 literals) into 908(5640 literals) at_most_ones. 
  2.13e-03s  0.00e+00d  [DetectDominanceRelations] 
  1.37e-02s  0.00e+00d  [PresolveToFixPoint] #num_loops=5 #num_dual_strengthening=4 
  2.92e-03s  0.00e+00d  [ProcessAtMostOneAndLinear] 
  1.92e-03s  0.00e+00d  [DetectDuplicateConstraints] #without_enforcements=1 
  4.85e-04s  1.94e-05d  [DetectDominatedLinearConstraints] #relevant_constraints=1'369 
  5.06e-04s  0.00e+00d  [DetectDifferentVariables] #different=10 
  9.11e-04s  3.46e-04d  [ProcessSetPPC] #relevant_constraints=928 #num_inclusions=812 
  7.61e-05s  0.00e+00d  [FindAlmostIdenticalLinearConstraints] 
  4.75e-03s  4.96e-03d  [FindBigAtMostOneAndLinearOverlap] 
  1.15e-03s  2.40e-03d  [FindBigVerticalLinearOverlap] 
  8.70e-05s  7.72e-05d  [FindBigHorizontalLinearOverlap] #linears=13 
  9.54e-05s  0.00e+00d  [MergeClauses] 
  2.36e-03s  0.00e+00d  [DetectDominanceRelations] 
  7.79e-03s  0.00e+00d  [PresolveToFixPoint] #num_loops=1 #num_dual_strengthening=1 
  2.34e-03s  0.00e+00d  [DetectDominanceRelations] 
  7.77e-03s  0.00e+00d  [PresolveToFixPoint] #num_loops=1 #num_dual_strengthening=1 
[Symmetry] Graph for symmetry has 6'897 nodes and 13'979 arcs.
[Symmetry] Symmetry computation done. time: 0.00135083 dtime: 0.00164682
[SAT presolve] num removable Booleans: 0 / 1271
[SAT presolve] num trivial clauses: 0
[SAT presolve] [0s] clauses:25 literals:50 vars:34 one_side_vars:27 simple_definition:7 singleton_clauses:0
[SAT presolve] [5.1223e-05s] clauses:25 literals:50 vars:34 one_side_vars:27 simple_definition:7 singleton_clauses:0
[SAT presolve] [9.6126e-05s] clauses:25 literals:50 vars:34 one_side_vars:27 simple_definition:7 singleton_clauses:0
  3.07e-01s  4.86e-02d  [Probe] #probed=2'978 #new_bounds=37 
  4.05e-03s  0.00e+00d  [MaxClique] 
  2.15e-03s  0.00e+00d  [DetectDominanceRelations] 
  1.08e-02s  0.00e+00d  [PresolveToFixPoint] #num_loops=4 #num_dual_strengthening=3 
  2.90e-03s  0.00e+00d  [ProcessAtMostOneAndLinear] 
  1.95e-03s  0.00e+00d  [DetectDuplicateConstraints] #without_enforcements=1 
  5.09e-04s  1.94e-05d  [DetectDominatedLinearConstraints] #relevant_constraints=1'369 
  5.10e-04s  0.00e+00d  [DetectDifferentVariables] #different=10 
  9.18e-04s  3.46e-04d  [ProcessSetPPC] #relevant_constraints=928 #num_inclusions=812 
  8.04e-05s  0.00e+00d  [FindAlmostIdenticalLinearConstraints] 
  4.80e-03s  4.98e-03d  [FindBigAtMostOneAndLinearOverlap] 
  1.17e-03s  2.40e-03d  [FindBigVerticalLinearOverlap] 
  9.04e-05s  7.72e-05d  [FindBigHorizontalLinearOverlap] #linears=13 
  9.29e-05s  0.00e+00d  [MergeClauses] 
  2.15e-03s  0.00e+00d  [DetectDominanceRelations] 
  7.67e-03s  0.00e+00d  [PresolveToFixPoint] #num_loops=1 #num_dual_strengthening=1 
  1.67e-04s  0.00e+00d  [ExpandObjective] #entries=42 #tight_variables=21 #tight_constraints=7 

Presolve summary:
  - 72 affine relations were detected.
  - rule 'TODO dual: only one blocking constraint?' was applied 29'271 times.
  - rule 'TODO dual: only one unspecified blocking constraint?' was applied 20 times.
  - rule 'TODO dual: tighten at most one' was applied 475 times.
  - rule 'TODO duplicate: identical constraint with different enforcements' was applied 3 times.
  - rule 'TODO linear2: contains a Boolean.' was applied 12'346 times.
  - rule 'affine: new relation' was applied 72 times.
  - rule 'at_most_one: removed literals' was applied 341 times.
  - rule 'at_most_one: singleton' was applied 1 time.
  - rule 'at_most_one: size one' was applied 155 times.
  - rule 'at_most_one: transformed into max clique.' was applied 1 time.
  - rule 'bool_and: x => x' was applied 5 times.
  - rule 'bool_or: always true' was applied 1'160 times.
  - rule 'bool_or: implications' was applied 6'166 times.
  - rule 'bool_or: singleton' was applied 4 times.
  - rule 'deductions: 320 stored' was applied 1 time.
  - rule 'dual: enforced equivalence' was applied 3 times.
  - rule 'dual: fix variable' was applied 337 times.
  - rule 'dual: fix variable with multiple choices' was applied 3 times.
  - rule 'dual: reduced domain' was applied 216 times.
  - rule 'duplicate: merged rhs of linear constraint' was applied 2 times.
  - rule 'duplicate: removed constraint' was applied 2 times.
  - rule 'enforcement: false literal' was applied 3'648 times.
  - rule 'enforcement: literal not used' was applied 5 times.
  - rule 'linear + amo: extracted enforcement literal' was applied 1 time.
  - rule 'linear + amo: fixed literal implied by enforcement' was applied 26 times.
  - rule 'linear1: always true' was applied 7 times.
  - rule 'linear2: contains a Boolean.' was applied 5 times.
  - rule 'linear: always true' was applied 1'093 times.
  - rule 'linear: divide by GCD' was applied 4'204 times.
  - rule 'linear: empty' was applied 122 times.
  - rule 'linear: extracted enforcement literal' was applied 468 times.
  - rule 'linear: fixed or dup variables' was applied 1'309 times.
  - rule 'linear: negative clause' was applied 2'308 times.
  - rule 'linear: positive at most one' was applied 176 times.
  - rule 'linear: positive clause' was applied 3'862 times.
  - rule 'linear: positive equal one' was applied 7 times.
  - rule 'linear: reduced variable domains' was applied 693 times.
  - rule 'linear: remapped using affine relations' was applied 2'583 times.
  - rule 'linear: simplified rhs' was applied 16'085 times.
  - rule 'linear: singleton column' was applied 9 times.
  - rule 'objective: variable not used elsewhere' was applied 1 time.
  - rule 'presolve: 822 unused variables removed.' was applied 1 time.
  - rule 'presolve: iteration' was applied 3 times.
  - rule 'setppc: bool_or in at_most_one.' was applied 2 times.
  - rule 'setppc: removed dominated constraints' was applied 45 times.

Presolved optimization model '': (model_fingerprint: 0x77ee38c99d2dc1e4)
#Variables: 1'544 (#bools: 26 #ints: 1 in objective)
  - 1'271 Booleans in [0,1]
  - 1 in [0,725]
  - 1 in [0,728]
  - 1 in [0,735]
  - 1 in [0,1470]
  - 2 in [0,1473]
  - 20 in [0,1475]
  - 12 in [0,1478]
  - 1 in [0,1482]
  - 1 in [0,1485]
  - 1 in [0,1490]
  - 4 in [0,1491]
  - 1 in [0,1492]
  - 9 in [0,1499]
  - 1 in [0,7365]
  - 5 in [0,7375]
  - 1 in [0,7380]
  - 20 in [0,7390]
  - 1 in [0,7410]
  - 1 in [0,7425]
  - 2 in [0,7455]
  - 1 in [0,7460]
  - 1 in [0,7484]
  - 1 in [0,7491]
  - 18 in [0,7493]
  - 60 in [0,225000]
  - 1 in [3,731]
  - 1 in [3,738]
  - 1 in [4,729]
  - 1 in [61,3743]
  - 1 in [67,3749]
  - 1 in [90,3747]
  - 1 in [92,3749]
  - 1 in [103,3746]
  - 1 in [105,3748]
  - 1 in [900,219300]
  - 1 in [900,220800]
  - 2 in [900,221400]
  - 2 in [900,222000]
  - 1 in [900,222600]
  - 1 in [900,222900]
  - 1 in [900,223200]
  - 4 in [900,223500]
  - 2 in [900,223800]
  - 2 in [900,224100]
  - 2 in [900,224151]
  - 2 in [900,224340]
  - 2 in [900,224400]
  - 2 in [900,224580]
  - 2 in [900,225000]
  - 1 in [1200,218700]
  - 1 in [1200,220200]
  - 1 in [1200,221400]
  - 1 in [1200,222600]
  - 2 in [1200,223020]
  - 2 in [1200,223920]
  - 2 in [1200,224280]
  - 2 in [1200,224460]
  - 4 in [1200,225000]
  - 2 in [2400,221400]
  - 2 in [2681,224040]
  - 2 in [2820,225000]
  - 2 in [2986,224400]
  - 2 in [3049,223620]
  - 2 in [3058,223980]
  - 3 in [3404,224160]
  - 5 in [3572,224520]
  - 3 in [3660,224580]
  - 1 in [4242,223242]
  - 2 in [4242,224460]
  - 2 in [4779,224220]
  - 2 in [5160,224580]
  - 3 in [5400,224820]
  - 4 in [5474,224100]
  - 1 in [5520,224964]
  - 1 in [5556,225000]
  - 5 in [6006,224640]
  - 2 in [6180,224760]
  - 1 in [6300,224926]
  - 2 in [6336,224962]
  - 5 in [6374,225000]
#kAtMostOne: 883 (#literals: 5'587)
#kBoolAnd: 25 (#enforced: 25) (#literals: 50)
#kExactlyOne: 7 (#literals: 21)
#kLinear2: 574 (#enforced: 397 #multi: 12)
#kLinear3: 1'049 (#enforced: 6)
#kLinearN: 143 (#terms: 1'817)

Preloading model.
#Bound   1.92s best:inf   next:[121808,3944988] initial_domain
[Symmetry] Graph for symmetry has 5'994 nodes and 13'979 arcs.
[Symmetry] Symmetry computation done. time: 0.00131984 dtime: 0.00159069
#Model   1.93s var:1544/1544 constraints:2681/2681

Starting search at 1.93s with 32 workers.
16 full problem subsolvers: [core, default_lp, lb_tree_search, max_lp, no_lp, objective_lb_search, objective_lb_search_max_lp, objective_lb_search_no_lp, objective_shaving_search_max_lp, objective_shaving_search_no_lp, probing, probing_max_lp, pseudo_costs, quick_restart, quick_restart_no_lp, reduced_costs]
14 first solution subsolvers: [fj_long_default, fj_long_lin_default, fj_long_random, fj_short_default, fj_short_lin_default, fj_short_lin_random, fj_short_random, fs_random(2), fs_random_no_lp(2), fs_random_quick_restart(2), fs_random_quick_restart_no_lp]
11 incomplete subsolvers: [feasibility_pump, graph_arc_lns, graph_cst_lns, graph_dec_lns, graph_var_lns, rins/rens, rnd_cst_lns, rnd_var_lns, violation_ls(3)]
3 helper subsolvers: [neighborhood_helper, synchronization_agent, update_gap_integral]
#Bound   2.02s best:inf   next:[121812,3944988] objective_shaving_search_max_lp (vars=1544 csts=2682)
#Bound   2.03s best:inf   next:[121816,3944988] objective_shaving_search_no_lp (vars=1544 csts=2682)
#Bound   2.04s best:inf   next:[121820,3944988] objective_shaving_search_no_lp (vars=1544 csts=2682)
#Bound   2.05s best:inf   next:[121824,3944988] objective_shaving_search_no_lp (vars=1544 csts=2682)
#Bound   2.09s best:inf   next:[121828,3944988] objective_shaving_search_no_lp (vars=1549 csts=2687)
#Bound   2.10s best:inf   next:[121832,3944988] objective_shaving_search_no_lp (vars=1544 csts=2682)
#Bound   2.11s best:inf   next:[121836,3944988] objective_shaving_search_no_lp (vars=1544 csts=2682)
#Bound   2.11s best:inf   next:[121840,3944988] objective_shaving_search_no_lp (vars=1544 csts=2682)
#1       2.15s best:3944988 next:[121840,3944984] fj_long_random(batch:1 #lin_moves:8'163 #lin_evals:11'695 #weight_updates:1'101)
#2       2.15s best:3944972 next:[121840,3944968] violation_ls(batch:1 #solutions_imported:1 #lin_moves:9 #lin_evals:52 #weight_updates:5)
#Bound   2.16s best:3944972 next:[121844,3944968] objective_shaving_search_no_lp (vars=1544 csts=2682)
#3       2.16s best:3944956 next:[121844,3944952] violation_ls(batch:1 #solutions_imported:1 #lin_moves:0 #lin_evals:3'281 #gen_moves:58 #gen_evals:0 #comp_moves:4 #backtracks:27 #weight_updates:1)
#4       2.20s best:3944940 next:[121844,3944936] violation_ls(batch:2 #solutions_imported:2 #lin_moves:9 #lin_evals:6'192 #gen_moves:97 #gen_evals:0 #comp_moves:7 #backtracks:45 #weight_updates:7)
#5       2.22s best:3944924 next:[121844,3944920] violation_ls(batch:3 #solutions_imported:3 #lin_moves:4 #lin_evals:5'764 #gen_moves:93 #gen_evals:0 #comp_moves:11 #backtracks:41 #weight_updates:5)
#Bound   2.52s best:3944924 next:[137168,3944920] probing_max_lp
#6       2.65s best:3944252 next:[137168,3944248] graph_dec_lns (d=0.50 s=58 t=0.10 p=0.00 stall=0 h=auto_l0)
#7       2.69s best:3944236 next:[137168,3944232] violation_ls(batch:4 #solutions_imported:4 #lin_moves:2'499 #lin_evals:22'477 #gen_moves:850 #gen_evals:0 #comp_moves:92 #backtracks:379 #weight_updates:526)
#8       2.69s best:3944220 next:[137168,3944216] violation_ls(batch:4 #solutions_imported:4 #lin_moves:9 #lin_evals:9'573 #gen_moves:158 #gen_evals:0 #comp_moves:18 #backtracks:70 #weight_updates:8)
#9       2.69s best:3944204 next:[137168,3944200] violation_ls(batch:4 #solutions_imported:4 #lin_moves:35 #lin_evals:5'919 #gen_moves:93 #gen_evals:0 #comp_moves:11 #backtracks:41 #weight_updates:23)
#Model   2.86s var:1543/1544 constraints:2680/2681
#Model   2.96s var:1540/1544 constraints:2679/2681
#10      5.37s best:502316 next:[137168,502312] rins_pump_lns (d=0.29 s=87 t=0.10 p=0.00 stall=0 h=auto_l0)
#Model  12.94s var:1539/1544 constraints:2679/2681
#Model  19.07s var:1538/1544 constraints:2678/2681
#Model  20.08s var:1537/1544 constraints:2677/2681
#Model  20.18s var:1536/1544 constraints:2677/2681
#Model  34.09s var:1535/1544 constraints:2677/2681
#11     34.40s best:489972 next:[137168,489968] no_lp (fixed_bools=106/2039)
#Model 101.34s var:1534/1544 constraints:2676/2681
#Bound 458.69s best:489972 next:[137172,489968] probing_max_lp
#Bound 459.82s best:489972 next:[137176,489968] probing_max_lp
#Bound 459.98s best:489972 next:[137184,489968] probing_max_lp
#12    1593.31s best:456156 next:[137184,456152] no_lp (fixed_bools=749/6086)
#Bound 1712.02s best:456156 next:[137188,456152] reduced_costs
#Bound 1712.50s best:456156 next:[137196,456152] reduced_costs
#Bound 1712.84s best:456156 next:[137200,456152] reduced_costs
#13    2004.13s best:437424 next:[137200,437420] quick_restart_no_lp (fixed_bools=1089/4808)
#14    3135.52s best:420204 next:[137200,420200] quick_restart_no_lp (fixed_bools=1572/5808)
#15    3136.25s best:403320 next:[137200,403316] quick_restart_no_lp (fixed_bools=1572/5832)
#16    4435.06s best:391140 next:[137200,391136] quick_restart_no_lp (fixed_bools=2097/7853)
#17    4436.94s best:388560 next:[137200,388556] quick_restart_no_lp (fixed_bools=2097/7868)
#Bound 5138.88s best:388560 next:[137204,388556] reduced_costs
#Bound 5139.37s best:388560 next:[137216,388556] reduced_costs
#Bound 6463.94s best:388560 next:[137220,388556] probing_max_lp
#Bound 6464.38s best:388560 next:[137232,388556] probing_max_lp
#18    7438.00s best:387420 next:[137232,387416] quick_restart_no_lp (fixed_bools=2618/9719)
#19    8646.56s best:379020 next:[137232,379016] quick_restart_no_lp (fixed_bools=2755/12084)
#Bound 13378.93s best:379020 next:[137236,379016] max_lp
#Bound 13379.59s best:379020 next:[137240,379016] max_lp
#Bound 13379.92s best:379020 next:[137248,379016] max_lp
#20    17806.49s best:361380 next:[137248,361376] quick_restart_no_lp (fixed_bools=3110/22502)
#21    21480.63s best:356028 next:[137248,356024] quick_restart_no_lp (fixed_bools=3593/27034)

Task timing                                  n [     min,      max]      avg      dev     time         n [     min,      max]      avg      dev    dtime
                             'core':         1 [   6.00h,    6.00h]    6.00h   0.00ns    6.00h         1 [   4.07h,    4.07h]    4.07h   0.00ns    4.07h
                       'default_lp':         1 [   6.00h,    6.00h]    6.00h   0.00ns    6.00h         1 [  40.86m,   40.86m]   40.86m   0.00ns   40.86m
                 'feasibility_pump':         4 [ 61.68ms,    1.34s] 930.01ms 516.27ms    3.72s         3 [334.93ms, 458.03ms] 404.96ms  51.67ms    1.21s
                  'fj_long_default':         1 [181.36ms, 181.36ms] 181.36ms   0.00ns 181.36ms         1 [ 35.19ms,  35.19ms]  35.19ms   0.00ns  35.19ms
              'fj_long_lin_default':         2 [ 95.49ms,  97.11ms]  96.30ms 807.15us 192.60ms         2 [ 17.37ms,  23.06ms]  20.21ms   2.84ms  40.43ms
                   'fj_long_random':         1 [148.97ms, 148.97ms] 148.97ms   0.00ns 148.97ms         1 [ 32.24ms,  32.24ms]  32.24ms   0.00ns  32.24ms
                 'fj_short_default':         2 [126.09ms, 140.00ms] 133.04ms   6.96ms 266.09ms         2 [ 20.00ms,  28.78ms]  24.39ms   4.39ms  48.78ms
             'fj_short_lin_default':         2 [ 82.76ms, 107.00ms]  94.88ms  12.12ms 189.76ms         2 [ 14.50ms,  23.19ms]  18.85ms   4.34ms  37.69ms
              'fj_short_lin_random':         2 [108.64ms, 110.63ms] 109.64ms 994.10us 219.28ms         2 [ 22.97ms,  25.07ms]  24.02ms   1.05ms  48.04ms
                  'fj_short_random':         2 [ 80.71ms, 195.41ms] 138.06ms  57.35ms 276.12ms         2 [ 13.75ms,  54.14ms]  33.94ms  20.20ms  67.89ms
                        'fs_random':         1 [237.52ms, 237.52ms] 237.52ms   0.00ns 237.52ms         1 [ 20.00ns,  20.00ns]  20.00ns   0.00ns  20.00ns
                        'fs_random':         1 [239.85ms, 239.85ms] 239.85ms   0.00ns 239.85ms         1 [ 20.00ns,  20.00ns]  20.00ns   0.00ns  20.00ns
                  'fs_random_no_lp':         1 [226.63ms, 226.63ms] 226.63ms   0.00ns 226.63ms         0 [  0.00ns,   0.00ns]   0.00ns   0.00ns   0.00ns
                  'fs_random_no_lp':         1 [236.44ms, 236.44ms] 236.44ms   0.00ns 236.44ms         0 [  0.00ns,   0.00ns]   0.00ns   0.00ns   0.00ns
          'fs_random_quick_restart':         1 [236.91ms, 236.91ms] 236.91ms   0.00ns 236.91ms         1 [ 20.00ns,  20.00ns]  20.00ns   0.00ns  20.00ns
          'fs_random_quick_restart':         1 [245.95ms, 245.95ms] 245.95ms   0.00ns 245.95ms         1 [ 20.00ns,  20.00ns]  20.00ns   0.00ns  20.00ns
    'fs_random_quick_restart_no_lp':         1 [244.90ms, 244.90ms] 244.90ms   0.00ns 244.90ms         0 [  0.00ns,   0.00ns]   0.00ns   0.00ns   0.00ns
                    'graph_arc_lns':         4 [293.41ms,    6.00h]    4.50h    2.60h   18.00h         2 [  3.86us, 100.17ms]  50.09ms  50.08ms 100.18ms
                    'graph_cst_lns':         4 [900.13ms,    6.00h]    4.50h    2.60h   18.00h         2 [ 30.00ns, 100.00ms]  50.00ms  50.00ms 100.00ms
                    'graph_dec_lns':         3 [437.67ms,    1.15s] 686.41ms 329.95ms    2.06s         3 [100.00ms, 100.08ms] 100.03ms  36.03us 300.08ms
                    'graph_var_lns':         4 [   6.00h,    6.00h]    6.00h 329.39ms   24.00h         1 [ 40.00ns,  40.00ns]  40.00ns   0.00ns  40.00ns
                   'lb_tree_search':         1 [   6.00h,    6.00h]    6.00h   0.00ns    6.00h         1 [  22.79m,   22.79m]   22.79m   0.00ns   22.79m
                           'max_lp':         1 [   6.00h,    6.00h]    6.00h   0.00ns    6.00h         1 [  20.57m,   20.57m]   20.57m   0.00ns   20.57m
                            'no_lp':         1 [   6.00h,    6.00h]    6.00h   0.00ns    6.00h         1 [   3.93h,    3.93h]    3.93h   0.00ns    3.93h
              'objective_lb_search':         1 [   6.00h,    6.00h]    6.00h   0.00ns    6.00h         1 [  39.54m,   39.54m]   39.54m   0.00ns   39.54m
       'objective_lb_search_max_lp':         1 [   6.00h,    6.00h]    6.00h   0.00ns    6.00h         1 [  28.18m,   28.18m]   28.18m   0.00ns   28.18m
        'objective_lb_search_no_lp':         1 [   6.00h,    6.00h]    6.00h   0.00ns    6.00h         1 [   3.95h,    3.95h]    3.95h   0.00ns    3.95h
  'objective_shaving_search_max_lp':         6 [  9.76ms,  88.22ms]  38.27ms  24.36ms 229.61ms         0 [  0.00ns,   0.00ns]   0.00ns   0.00ns   0.00ns
   'objective_shaving_search_no_lp':         9 [  8.40ms,  88.72ms]  24.47ms  25.98ms 220.26ms         0 [  0.00ns,   0.00ns]   0.00ns   0.00ns   0.00ns
                          'probing':         1 [   6.00h,    6.00h]    6.00h   0.00ns    6.00h         1 [  35.36m,   35.36m]   35.36m   0.00ns   35.36m
                   'probing_max_lp':         1 [   6.00h,    6.00h]    6.00h   0.00ns    6.00h         1 [  24.25m,   24.25m]   24.25m   0.00ns   24.25m
                     'pseudo_costs':         1 [   6.00h,    6.00h]    6.00h   0.00ns    6.00h         1 [   1.56h,    1.56h]    1.56h   0.00ns    1.56h
                    'quick_restart':         1 [   6.00h,    6.00h]    6.00h   0.00ns    6.00h         1 [  35.41m,   35.41m]   35.41m   0.00ns   35.41m
              'quick_restart_no_lp':         1 [   6.00h,    6.00h]    6.00h   0.00ns    6.00h         1 [   3.80h,    3.80h]    3.80h   0.00ns    3.80h
                    'reduced_costs':         1 [   6.00h,    6.00h]    6.00h   0.00ns    6.00h         1 [  25.60m,   25.60m]   25.60m   0.00ns   25.60m
                        'rins/rens':         4 [236.71ms,    6.00h]    1.50h    2.60h    6.00h         4 [ 10.00ns, 101.32ms]  75.41ms  43.54ms 301.63ms
                      'rnd_cst_lns':         4 [559.14ms,    6.00h]    4.50h    2.60h   18.00h         2 [ 30.00ns, 100.07ms]  50.03ms  50.03ms 100.07ms
                      'rnd_var_lns':         4 [   6.00h,    6.00h]    6.00h 217.80ms   24.00h         1 [ 40.00ns,  40.00ns]  40.00ns   0.00ns  40.00ns
                     'violation_ls':         4 [  1.03ms,  38.15ms]  17.33ms  14.95ms  69.33ms         4 [114.31us,  10.80ms]   4.35ms   4.12ms  17.40ms
                     'violation_ls':         4 [477.66us,   4.87ms]   2.02ms   1.74ms   8.09ms         4 [ 13.12us, 750.87us] 329.12us 308.05us   1.32ms
                     'violation_ls':         4 [617.90us,   4.66ms]   3.05ms   1.53ms  12.21ms         4 [ 15.47us,   1.23ms] 482.07us 484.35us   1.93ms

Search stats                         Bools  Conflicts     Branches    Restarts      BoolPropag   IntegerPropag
                           'core':  67'175  4'285'439  427'651'631  57'282'051  47'653'920'544  13'081'599'969
                     'default_lp':   1'817         40      194'890      84'870       7'648'837      17'034'534
                      'fs_random':   1'271          0        1'186       1'186          24'396         167'094
                      'fs_random':   1'271          0        1'186       1'186          24'396         167'094
                'fs_random_no_lp':   1'271          0        1'186       1'186          24'396         167'094
                'fs_random_no_lp':   1'271          0        1'186       1'186          24'396         167'094
        'fs_random_quick_restart':   1'271          0        1'186       1'186          24'396         167'094
        'fs_random_quick_restart':   1'271          0        1'186       1'186          24'396         167'094
  'fs_random_quick_restart_no_lp':   1'271          0        1'186       1'186          24'396         167'094
                 'lb_tree_search':   1'817         15       44'521      26'909       2'277'358       5'119'498
                         'max_lp':   1'817         36       47'515      28'378       2'417'095       5'464'152
                          'no_lp':  65'916  3'586'772  452'984'145  61'619'930  47'605'969'553  13'666'289'073
            'objective_lb_search':   1'817         40      189'654      83'134       7'494'772      16'708'051
     'objective_lb_search_max_lp':   1'817         37       27'196      18'098       1'449'087       3'350'181
      'objective_lb_search_no_lp':  53'415  2'928'665  404'950'106  60'980'597  48'411'404'847  13'979'067'089
                        'probing':   1'817         39      231'612      98'062       8'862'333      19'653'885
                 'probing_max_lp':   1'817         56       48'003      29'021       2'485'690       5'587'532
                   'pseudo_costs':   1'817         36       18'825      13'904       1'049'349       2'472'503
                  'quick_restart':   1'817         37      228'877      96'432       8'694'990      19'318'710
            'quick_restart_no_lp':  27'375  5'265'918  535'324'304  71'525'088  32'204'498'986  16'323'075'546
                  'reduced_costs':   1'817         37       49'992      29'615       2'526'811       5'712'058

SAT stats                           ClassicMinim  LitRemoved     LitLearned   LitForgotten  Subsumed  MClauses  MDecisions  MLitTrue  MSubsumed  MLitRemoved  MReused
                           'core':     4'062'526  33'388'712  1'518'944'207  1'474'652'516    93'774    76'116  10'262'643         0      2'698      169'335   46'338
                     'default_lp':             0           0             40              0         0         0           0         0          0            0        0
                      'fs_random':             0           0              0              0         0         0           0         0          0            0        0
                      'fs_random':             0           0              0              0         0         0           0         0          0            0        0
                'fs_random_no_lp':             0           0              0              0         0         0           0         0          0            0        0
                'fs_random_no_lp':             0           0              0              0         0         0           0         0          0            0        0
        'fs_random_quick_restart':             0           0              0              0         0         0           0         0          0            0        0
        'fs_random_quick_restart':             0           0              0              0         0         0           0         0          0            0        0
  'fs_random_quick_restart_no_lp':             0           0              0              0         0         0           0         0          0            0        0
                 'lb_tree_search':             0           0             15              0         0         0           0         0          0            0        0
                         'max_lp':             0           0             36              0         0         0           0         0          0            0        0
                          'no_lp':     3'331'598  27'179'192  1'249'469'940  1'196'986'053   110'976    47'155  11'918'348         1      2'798      216'805   78'291
            'objective_lb_search':             0           0             40              0         0         0           0         0          0            0        0
     'objective_lb_search_max_lp':             0           0             37              0         0         0           0         0          0            0        0
      'objective_lb_search_no_lp':     2'739'327  23'257'231    987'308'384    949'036'460    81'925    45'697  10'911'276         1      2'380      210'557   55'224
                        'probing':             2           6             42              0         0         0           0         0          0            0        0
                 'probing_max_lp':             0           0             56              0         0         0           0         0          0            0        0
                   'pseudo_costs':             0           0             36              0         0         0           0         0          0            0        0
                  'quick_restart':             0           0             37              0         0         0           0         0          0            0        0
            'quick_restart_no_lp':     4'817'466  38'902'914  1'830'987'592  1'751'375'491   192'074   126'281  16'169'597         0      2'221      132'039   91'727
                  'reduced_costs':             0           0             37              0         0         0           0         0          0            0        0

Lp stats                         Component  Iterations  AddedCuts  OPTIMAL  DUAL_F.  DUAL_U.
                  'default_lp':          1  15'484'240  7'477'700  463'650        2        0
                   'fs_random':          1           0          0        0        0        0
                   'fs_random':          1           0          0        0        0        0
     'fs_random_quick_restart':          1           0          0        0        0        0
     'fs_random_quick_restart':          1           0          0        0        0        0
              'lb_tree_search':          1   4'906'651    562'201   94'566   23'066        0
                      'max_lp':          1   4'643'783    545'673   94'291   26'648        0
         'objective_lb_search':          1  15'023'034  5'803'580  452'694        0        0
  'objective_lb_search_max_lp':          1   3'621'292    503'792   62'390   14'698        0
                     'probing':          1  15'189'058  4'477'831  528'054        2        0
              'probing_max_lp':          1   5'785'485    702'101  100'297   25'494        0
                'pseudo_costs':          1   9'371'646    481'004   49'465    8'978        0
               'quick_restart':          1  15'385'624  5'153'203  521'070        0        0
               'reduced_costs':          1   5'908'324    759'648   99'168   28'911        0

Lp dimension                                                                         Final dimension of first component
                  'default_lp':   2402 rows, 1544 columns, 22502 entries with magnitude in [1.703413e-05, 1.000000e+00]
                   'fs_random':          0 rows, 1544 columns, 0 entries with magnitude in [0.000000e+00, 0.000000e+00]
                   'fs_random':          0 rows, 1544 columns, 0 entries with magnitude in [0.000000e+00, 0.000000e+00]
     'fs_random_quick_restart':          0 rows, 1544 columns, 0 entries with magnitude in [0.000000e+00, 0.000000e+00]
     'fs_random_quick_restart':          0 rows, 1544 columns, 0 entries with magnitude in [0.000000e+00, 0.000000e+00]
              'lb_tree_search':  1642 rows, 1544 columns, 121691 entries with magnitude in [2.534468e-06, 1.000000e+00]
                      'max_lp':   1721 rows, 1544 columns, 35481 entries with magnitude in [5.104608e-06, 1.000000e+00]
         'objective_lb_search':   2829 rows, 1544 columns, 27761 entries with magnitude in [2.272418e-06, 1.000000e+00]
  'objective_lb_search_max_lp':   2011 rows, 1544 columns, 68745 entries with magnitude in [2.373124e-06, 1.000000e+00]
                     'probing':   2286 rows, 1544 columns, 18165 entries with magnitude in [1.672013e-05, 1.000000e+00]
              'probing_max_lp':   2722 rows, 1544 columns, 68063 entries with magnitude in [1.112629e-05, 1.000000e+00]
                'pseudo_costs':  3686 rows, 1544 columns, 194756 entries with magnitude in [2.317298e-06, 1.000000e+00]
               'quick_restart':   2352 rows, 1544 columns, 19388 entries with magnitude in [5.995777e-06, 1.000000e+00]
               'reduced_costs':   1666 rows, 1544 columns, 22848 entries with magnitude in [8.504748e-05, 1.000000e+00]

Lp debug                         CutPropag  CutEqPropag  Adjust  Overflow          Bad  BadScaling
                  'default_lp':          0        4'608  17'822         0  197'439'487           0
                   'fs_random':          0            0       0         0            0           0
                   'fs_random':          0            0       0         0            0           0
     'fs_random_quick_restart':          0            0       0         0            0           0
     'fs_random_quick_restart':          0            0       0         0            0           0
              'lb_tree_search':          0          593  82'245         1   99'427'052           0
                      'max_lp':          0          383  51'762         0  106'260'843           0
         'objective_lb_search':          0        3'659     104         0  199'766'804           0
  'objective_lb_search_max_lp':          0          371  15'180         0   69'202'968           0
                     'probing':          0        6'387   1'754         0  204'636'147           0
              'probing_max_lp':          0          582  57'683         0  114'680'779           0
                'pseudo_costs':          0          161  34'598         0   72'767'342           0
               'quick_restart':          0        3'186     986         0  203'428'072           0
               'reduced_costs':          0          614  72'562         0  107'707'064           0

Lp pool                          Constraints  Updates  Simplif  Merged  Shortened   Split  Strenghtened             Cuts/Call
                  'default_lp':       11'833   61'723   15'030     120        291   7'759       248'655  7'477'700/14'996'369
                   'fs_random':        2'253        0        0       0          0       0             0                   0/0
                   'fs_random':        2'253        0        0       0          0       0             0                   0/0
     'fs_random_quick_restart':        2'253        0        0       0          0       0             0                   0/0
     'fs_random_quick_restart':        2'253        0        0       0          0       0             0                   0/0
              'lb_tree_search':       11'880   55'425   11'600       4      1'306  26'486       209'292     562'201/1'197'914
                      'max_lp':       12'338   48'754   12'563      18        665  29'941       218'442     545'673/1'089'834
         'objective_lb_search':       11'706   55'381   17'727     127        521   7'649       239'958  5'803'580/12'012'656
  'objective_lb_search_max_lp':       12'451   61'040    9'821      24      1'200  26'379       122'809     503'792/1'150'776
                     'probing':       11'992   57'126   19'609      92        334  17'679       253'170   4'477'831/8'030'052
              'probing_max_lp':       11'768   36'127   13'882      16        867  21'500       260'105     702'101/1'405'320
                'pseudo_costs':       12'678   75'333   12'313       9      3'804  30'442       168'197     481'004/5'473'286
               'quick_restart':       11'361   48'309   14'927      95        831   7'330       267'801   5'153'203/9'508'600
               'reduced_costs':       12'312   52'334   10'688      19      1'860  36'314       232'255     759'648/1'463'244

Lp Cut               defaul  max_lp     quick_   reduce  pseudo  lb_tre   probin     object   probin  object
          CG_FF:    318'432   8'971    229'763   10'372   6'851   7'441  202'554    238'007    9'505   6'923
           CG_K:     18'990   2'124      7'691    2'742   1'535   2'088    8'009     17'033    2'210   1'553
          CG_KL:          -       1          -        -       -       -        -          2        1       1
           CG_R:    207'274  12'632    216'501   13'422   6'822  14'729  196'205    194'745   16'065  10'201
          CG_RB:  1'592'461  70'913  1'002'642   84'537  36'725  73'579  918'122  1'179'704   85'184  48'606
         CG_RBP:     97'499   4'708      7'936    6'144   1'969   4'757   13'841     46'629    5'038   2'427
         Clique:          -  17'267          -   21'770  11'641  17'784        -          -   21'473  12'396
             IB:  1'106'731  59'867  1'044'649   80'446  47'399  63'002  960'642  1'052'646   80'205  52'654
       MIR_1_FF:  2'196'851  30'040    929'377   46'111  19'577  32'129  651'029  1'283'137   46'289  32'399
        MIR_1_K:     10'534   2'560      7'312    3'553   1'688   2'913    6'743     11'309    3'650   2'263
        MIR_1_R:     38'948   2'453     20'684    4'031   8'619   2'799   18'251     28'859    3'258   5'505
       MIR_1_RB:    880'441  84'087    667'878  148'777  71'185  80'308  617'605    714'434  125'144  95'742
      MIR_1_RBP:      6'005     796      3'808      855   2'538     883    2'479      5'094      927   1'233
      MIR_1_RLT:          -     182          -      203      97     121        -          -      184     105
       MIR_2_FF:     39'280   4'355     60'933    5'978   3'498   5'028   18'989    101'780    6'714   4'659
        MIR_2_K:      2'395   1'283      1'721    1'707   1'033   1'426    1'518      3'223    1'615     997
        MIR_2_R:      6'480   5'633      6'538   14'258  71'050  10'820    5'733      7'122    8'932  13'935
       MIR_2_RB:    119'834  53'133    101'123   72'857  55'514  48'860   80'457    107'290   63'342  61'124
      MIR_2_RBP:      1'865   3'288      1'240    3'112  10'682   1'344      794      2'070      729  11'077
       MIR_3_FF:     28'402   3'537     34'791    4'036   2'185   4'106   22'657     46'067    4'524   3'156
        MIR_3_K:      4'529   1'354      4'204    1'675     957   1'443    4'356      4'914    1'540     838
        MIR_3_R:     30'374   4'184     39'818    6'449   9'330   5'063   38'484     32'612    5'554   4'398
       MIR_3_RB:    116'966  27'026    119'205   40'263  18'793  26'419  111'907    114'735   33'468  22'250
      MIR_3_RBP:      1'819     514      2'298      660   1'164     611    1'545      2'010      500     896
       MIR_4_FF:      5'114   2'626      7'334    2'803   1'827   2'971    3'248     11'095    3'548   2'138
        MIR_4_K:      1'533   1'195        946    1'403     891   1'254      882      1'381    1'488     713
        MIR_4_R:      4'974   1'583      5'599    2'466   3'803   1'842    5'182      4'881    1'932   1'953
       MIR_4_RB:     67'906  25'412     61'883   33'593  17'142  24'660   56'740     63'304   30'901  18'501
      MIR_4_RBP:        745     442        820      600     859     653      507        674      488     570
       MIR_5_FF:      3'775   2'894      3'378    3'103   1'736   3'168    2'673      4'137    3'612   2'261
        MIR_5_K:      1'005     836        495    1'037     520     874      505        876    1'001     568
        MIR_5_R:      2'979   1'246      3'996    1'822   2'466   1'538    3'819      3'062    1'489   1'389
       MIR_5_RB:     51'373  22'080     46'618   29'308  13'379  21'661   42'969     47'128   27'395  15'523
      MIR_5_RBP:        521     380        507      497     684     609      391        511      399     458
       MIR_6_FF:      1'865   2'232      1'300    2'374   1'394   2'338    1'081      1'886    2'654   1'521
        MIR_6_K:        506     640        161      756     388     642      204        380      788     399
       MIR_6_KL:          -       -          -        1       -       2        -          -        -       1
        MIR_6_R:      1'509   1'275      2'131    1'793   1'910   1'549    2'033      1'516    1'543   1'240
       MIR_6_RB:     36'958  16'580     32'295   21'950   9'453  16'155   29'954     33'919   20'396  11'304
      MIR_6_RBP:        316     346        272      360     614     514      201        274      363     330
   ZERO_HALF_FF:     66'822   6'803     58'137    5'656   3'788   6'383   51'564     57'803    6'292   3'731
    ZERO_HALF_K:      4'789     152      2'248      202     189     201    2'214      6'128      317     120
   ZERO_HALF_KL:          -       1          -        -       -       -        -          -        1       -
    ZERO_HALF_R:    263'668  46'190    294'975   55'465  20'115  57'569  276'660    250'564   55'715  34'959
   ZERO_HALF_RB:    134'097  11'401    119'422   20'086   8'793   9'763  114'400    119'688   15'281  10'549
  ZERO_HALF_RBP:      1'135     451        574      415     201     202      684        951      447     226

LNS stats           Improv/Calls  Closed  Difficulty  TimeLimit
  'graph_arc_lns':           3/4      0%        0.09       0.10
  'graph_cst_lns':           3/4      0%        0.09       0.10
  'graph_dec_lns':           2/3     33%        0.28       0.10
  'graph_var_lns':           4/4      0%        0.09       0.10
      'rins/rens':           3/4     50%        0.48       0.10
    'rnd_cst_lns':           3/4      0%        0.09       0.10
    'rnd_var_lns':           4/4      0%        0.09       0.10

LS stats                   Batches  Restarts  LinMoves  GenMoves  CompoundMoves  WeightUpdates
       'fj_long_default':        1         1     8'740         0              0          1'260
   'fj_long_lin_default':        2         1         0     7'348            556             15
        'fj_long_random':        1         1     8'163         0              0          1'101
      'fj_short_default':        2         1         0     8'101            813             81
  'fj_short_lin_default':        2         1         0     6'778            630             10
   'fj_short_lin_random':        2         1         0     8'157            858             82
       'fj_short_random':        2         1         0    24'194            430              2
          'violation_ls':        4         0     2'499       850             92            526
          'violation_ls':        4         0        35        93             11             23
          'violation_ls':        4         0         9       158             18              8

Solutions (21)            Num     Rank
       'fj_long_random':    1    [1,1]
        'graph_dec_lns':    1    [6,6]
                'no_lp':    2  [11,12]
  'quick_restart_no_lp':    9  [13,21]
        'rins_pump_lns':    1  [10,10]
         'violation_ls':    7    [2,9]

Objective bounds                      Num
                   'initial_domain':    1
                           'max_lp':    3
  'objective_shaving_search_max_lp':    1
   'objective_shaving_search_no_lp':    8
                   'probing_max_lp':    6
                    'reduced_costs':    5

Solution repositories    Added  Queried  Ignored  Synchro
  'feasible solutions':     84       69        0       82
        'lp solutions':      0        0        0        0
                'pump':     46        4

Improving bounds shared            Num
                        'core':  2'486
                  'default_lp':     58
              'lb_tree_search':      1
                      'max_lp':     24
                       'no_lp':  1'671
         'objective_lb_search':     64
  'objective_lb_search_max_lp':     68
   'objective_lb_search_no_lp':  1'736
                     'probing':     97
              'probing_max_lp':    131
                'pseudo_costs':     26
               'quick_restart':     11
         'quick_restart_no_lp':  1'755
               'reduced_costs':      7

Clauses shared                    Num
                       'core':  1'165
                      'no_lp':  1'241
  'objective_lb_search_no_lp':  1'013
                    'probing':      1
        'quick_restart_no_lp':  1'229

CpSolverResponse summary:
status: FEASIBLE
objective: 356028
best_bound: 137248
integers: 1545
booleans: 1271
conflicts: 0
branches: 1186
propagations: 24396
integer_propagations: 167094
restarts: 1186
lp_iterations: 0
walltime: 21600.3
usertime: 21600.3
deterministic_time: 78638.2
gap_integral: 966923
solution_fingerprint: 0x9e9492d151181d0a

CPU USED: 32
Loading /home/aneumann/projects/def-adhaj/aneumann/gns/data/instances/test/l/instance_190.pkl...
===* START SOLVING *===
   index    value       gap  ... max_time  cpu  max_memory
0    190  3560.28  0.614502  ...        6   32         118

[1 rows x 8 columns]
===* END OF FILE *===
