created virtual environment CPython3.12.4.final.0-64 in 1777ms
  creator CPython3Posix(dest=/local/aneumann.27429348.0/env, clear=False, no_vcs_ignore=False, global=False)
  seeder FromAppData(download=False, pip=bundle, via=copy, app_data_dir=/home/aneumann/.local/share/virtualenv)
    added seed packages: pip==24.0
  activators BashActivator,CShellActivator,FishActivator,NushellActivator,PowerShellActivator,PythonActivator
Looking in links: /cvmfs/soft.computecanada.ca/custom/python/wheelhouse/gentoo2023/x86-64-v3, /cvmfs/soft.computecanada.ca/custom/python/wheelhouse/gentoo2023/generic, /cvmfs/soft.computecanada.ca/custom/python/wheelhouse/generic
Requirement already satisfied: pip in /local/aneumann.27429348.0/env/lib/python3.12/site-packages (24.0)
Processing /cvmfs/soft.computecanada.ca/custom/python/wheelhouse/generic/pip-24.2+computecanada-py3-none-any.whl
Installing collected packages: pip
  Attempting uninstall: pip
    Found existing installation: pip 24.0
    Uninstalling pip-24.0:
      Successfully uninstalled pip-24.0
Successfully installed pip-24.2+computecanada
Looking in links: /cvmfs/soft.computecanada.ca/custom/python/wheelhouse/gentoo2023/x86-64-v3, /cvmfs/soft.computecanada.ca/custom/python/wheelhouse/gentoo2023/generic, /cvmfs/soft.computecanada.ca/custom/python/wheelhouse/generic
ERROR: protobuf-5.28.3-cp38-abi3-manylinux2014_x86_64.whl is not a supported wheel on this platform.
Looking in links: /cvmfs/soft.computecanada.ca/custom/python/wheelhouse/gentoo2023/x86-64-v3, /cvmfs/soft.computecanada.ca/custom/python/wheelhouse/gentoo2023/generic, /cvmfs/soft.computecanada.ca/custom/python/wheelhouse/generic
Processing /home/aneumann/projects/def-adhaj/aneumann/gns/wheels/immutabledict-4.2.0-py3-none-any.whl
Installing collected packages: immutabledict
Successfully installed immutabledict-4.2.0
Looking in links: /cvmfs/soft.computecanada.ca/custom/python/wheelhouse/gentoo2023/x86-64-v3, /cvmfs/soft.computecanada.ca/custom/python/wheelhouse/gentoo2023/generic, /cvmfs/soft.computecanada.ca/custom/python/wheelhouse/generic
Processing /cvmfs/soft.computecanada.ca/custom/python/wheelhouse/generic/ortools-9.10.4067+computecanada-cp312-cp312-linux_x86_64.whl (from -r /home/aneumann/projects/def-adhaj/aneumann/gns/requirements_or.txt (line 1))
Processing /cvmfs/soft.computecanada.ca/custom/python/wheelhouse/gentoo2023/x86-64-v3/pandas-2.2.2+computecanada-cp312-cp312-linux_x86_64.whl (from -r /home/aneumann/projects/def-adhaj/aneumann/gns/requirements_or.txt (line 2))
Processing /cvmfs/soft.computecanada.ca/custom/python/wheelhouse/generic/absl_py-2.1.0+computecanada-py3-none-any.whl (from ortools->-r /home/aneumann/projects/def-adhaj/aneumann/gns/requirements_or.txt (line 1))
Processing /cvmfs/soft.computecanada.ca/custom/python/wheelhouse/gentoo2023/generic/numpy-2.1.1+computecanada-cp312-cp312-linux_x86_64.whl (from ortools->-r /home/aneumann/projects/def-adhaj/aneumann/gns/requirements_or.txt (line 1))
Processing /cvmfs/soft.computecanada.ca/custom/python/wheelhouse/gentoo2023/x86-64-v3/protobuf-5.28.0+computecanada-cp312-cp312-linux_x86_64.whl (from ortools->-r /home/aneumann/projects/def-adhaj/aneumann/gns/requirements_or.txt (line 1))
Requirement already satisfied: immutabledict>=3.0.0 in /local/aneumann.27429348.0/env/lib/python3.12/site-packages (from ortools->-r /home/aneumann/projects/def-adhaj/aneumann/gns/requirements_or.txt (line 1)) (4.2.0)
Processing /cvmfs/soft.computecanada.ca/custom/python/wheelhouse/generic/python_dateutil-2.9.0.post0+computecanada-py2.py3-none-any.whl (from pandas->-r /home/aneumann/projects/def-adhaj/aneumann/gns/requirements_or.txt (line 2))
Processing /cvmfs/soft.computecanada.ca/custom/python/wheelhouse/generic/pytz-2024.2+computecanada-py2.py3-none-any.whl (from pandas->-r /home/aneumann/projects/def-adhaj/aneumann/gns/requirements_or.txt (line 2))
Processing /cvmfs/soft.computecanada.ca/custom/python/wheelhouse/generic/tzdata-2024.2+computecanada-py2.py3-none-any.whl (from pandas->-r /home/aneumann/projects/def-adhaj/aneumann/gns/requirements_or.txt (line 2))
Processing /cvmfs/soft.computecanada.ca/custom/python/wheelhouse/generic/six-1.16.0+computecanada-py2.py3-none-any.whl (from python-dateutil>=2.8.2->pandas->-r /home/aneumann/projects/def-adhaj/aneumann/gns/requirements_or.txt (line 2))
Installing collected packages: pytz, tzdata, six, protobuf, numpy, absl-py, python-dateutil, pandas, ortools
Successfully installed absl-py-2.1.0+computecanada numpy-2.1.1+computecanada ortools-9.10.4067+computecanada pandas-2.2.2+computecanada protobuf-5.28.0+computecanada python-dateutil-2.9.0.post0+computecanada pytz-2024.2+computecanada six-1.16.0+computecanada tzdata-2024.2+computecanada

Starting CP-SAT solver v9.10.4067
Parameters: max_time_in_seconds: 21600 max_memory_in_mb: 118 log_search_progress: true optimize_with_core: true cp_model_presolve: true enumerate_all_solutions: false num_search_workers: 32 use_implied_bounds: true absolute_gap_limit: 5 relative_gap_limit: 0.01 use_probing_search: true

Initial optimization model '': (model_fingerprint: 0x55393185f38e5785)
#Variables: 2'679 (#bools: 23 #ints: 1 in objective)
  - 2'339 Booleans in [0,1]
  - 339 in [0,225000]
  - 1 constants in {1} 
#kBoolOr: 1'346 (#literals: 1'346)
#kLinear1: 382
#kLinear2: 7'371
#kLinear3: 1'781
#kLinearN: 406 (#terms: 5'525)

Starting presolve at 0.00s
  2.94e-03s  0.00e+00d  [DetectDominanceRelations] 
  6.80e-02s  0.00e+00d  [PresolveToFixPoint] #num_loops=17 #num_dual_strengthening=5 
  8.71e-05s  0.00e+00d  [ExtractEncodingFromLinear] #potential_supersets=196 
[Symmetry] Graph for symmetry has 9'139 nodes and 18'666 arcs.
[Symmetry] Symmetry computation done. time: 0.00268944 dtime: 0.0025169
[Symmetry] #generators: 3, average support size: 2
[Symmetry] 3 orbits with sizes: 2,2,2
[Symmetry] Found orbitope of size 1 x 2
[SAT presolve] num removable Booleans: 0 / 1436
[SAT presolve] num trivial clauses: 0
[SAT presolve] [0s] clauses:2247 literals:4494 vars:1380 one_side_vars:1352 simple_definition:25 singleton_clauses:0
[SAT presolve] [0.000239862s] clauses:2247 literals:4494 vars:1380 one_side_vars:1352 simple_definition:25 singleton_clauses:0
[SAT presolve] [0.000362052s] clauses:2247 literals:4494 vars:1380 one_side_vars:1352 simple_definition:25 singleton_clauses:0
  3.12e-01s  5.19e-02d  [Probe] #probed=3'432 #fixed_bools=66 #new_bounds=139 
  4.89e-03s  0.00e+00d  [MaxClique] Merged 2435(7230 literals) into 762(5397 literals) at_most_ones. 
  2.45e-03s  0.00e+00d  [DetectDominanceRelations] 
  1.66e-02s  0.00e+00d  [PresolveToFixPoint] #num_loops=5 #num_dual_strengthening=4 
  2.80e-03s  0.00e+00d  [ProcessAtMostOneAndLinear] #num_changes=13 
  1.93e-03s  0.00e+00d  [DetectDuplicateConstraints] #duplicates=1 #without_enforcements=5 
  4.66e-04s  1.81e-05d  [DetectDominatedLinearConstraints] #relevant_constraints=1'262 
  5.72e-04s  0.00e+00d  [DetectDifferentVariables] #different=18 
  8.73e-04s  3.30e-04d  [ProcessSetPPC] #relevant_constraints=722 #num_inclusions=610 
  7.22e-05s  0.00e+00d  [FindAlmostIdenticalLinearConstraints] 
  6.52e-03s  6.75e-03d  [FindBigAtMostOneAndLinearOverlap] 
  1.21e-03s  3.24e-03d  [FindBigVerticalLinearOverlap] 
  1.14e-04s  1.63e-04d  [FindBigHorizontalLinearOverlap] #linears=28 
  8.42e-05s  0.00e+00d  [MergeClauses] 
  2.43e-03s  0.00e+00d  [DetectDominanceRelations] 
  7.85e-03s  0.00e+00d  [PresolveToFixPoint] #num_loops=1 #num_dual_strengthening=1 
  2.42e-03s  0.00e+00d  [DetectDominanceRelations] 
  7.85e-03s  0.00e+00d  [PresolveToFixPoint] #num_loops=1 #num_dual_strengthening=1 
[Symmetry] Graph for symmetry has 6'844 nodes and 12'979 arcs.
[Symmetry] Symmetry computation done. time: 0.00131353 dtime: 0.0015386
[Symmetry] #generators: 2, average support size: 2
[Symmetry] 2 orbits with sizes: 2,2
[Symmetry] Found orbitope of size 1 x 2
[SAT presolve] num removable Booleans: 0 / 1368
[SAT presolve] num trivial clauses: 0
[SAT presolve] [0s] clauses:10 literals:20 vars:18 one_side_vars:16 simple_definition:2 singleton_clauses:0
[SAT presolve] [4.8753e-05s] clauses:10 literals:20 vars:18 one_side_vars:16 simple_definition:2 singleton_clauses:0
[SAT presolve] [9.0285e-05s] clauses:10 literals:20 vars:18 one_side_vars:16 simple_definition:2 singleton_clauses:0
  1.06e-01s  1.85e-02d  [Probe] #probed=3'362 #new_bounds=59 
  3.31e-03s  0.00e+00d  [MaxClique] Merged 638(4454 literals) into 638(4464 literals) at_most_ones. 
  2.46e-03s  0.00e+00d  [DetectDominanceRelations] 
  1.46e-02s  0.00e+00d  [PresolveToFixPoint] #num_loops=5 #num_dual_strengthening=4 
  2.69e-03s  0.00e+00d  [ProcessAtMostOneAndLinear] 
  1.93e-03s  0.00e+00d  [DetectDuplicateConstraints] #without_enforcements=2 
  5.05e-04s  1.81e-05d  [DetectDominatedLinearConstraints] #relevant_constraints=1'262 
  5.89e-04s  0.00e+00d  [DetectDifferentVariables] #different=18 
  7.59e-04s  3.24e-04d  [ProcessSetPPC] #relevant_constraints=674 #num_inclusions=558 
  7.41e-05s  0.00e+00d  [FindAlmostIdenticalLinearConstraints] 
  7.88e-03s  6.76e-03d  [FindBigAtMostOneAndLinearOverlap] 
  1.23e-03s  3.24e-03d  [FindBigVerticalLinearOverlap] 
  1.19e-04s  1.63e-04d  [FindBigHorizontalLinearOverlap] #linears=28 
  8.24e-05s  0.00e+00d  [MergeClauses] 
  2.51e-03s  0.00e+00d  [DetectDominanceRelations] 
  8.04e-03s  0.00e+00d  [PresolveToFixPoint] #num_loops=1 #num_dual_strengthening=1 
  2.43e-03s  0.00e+00d  [DetectDominanceRelations] 
  7.85e-03s  0.00e+00d  [PresolveToFixPoint] #num_loops=1 #num_dual_strengthening=1 
[Symmetry] Graph for symmetry has 6'846 nodes and 12'990 arcs.
[Symmetry] Symmetry computation done. time: 0.00136501 dtime: 0.00153845
[Symmetry] #generators: 1, average support size: 2
[Symmetry] 1 orbits with sizes: 2
[SAT presolve] num removable Booleans: 0 / 1368
[SAT presolve] num trivial clauses: 0
[SAT presolve] [0s] clauses:10 literals:20 vars:18 one_side_vars:16 simple_definition:2 singleton_clauses:0
[SAT presolve] [4.8888e-05s] clauses:10 literals:20 vars:18 one_side_vars:16 simple_definition:2 singleton_clauses:0
[SAT presolve] [9.1034e-05s] clauses:10 literals:20 vars:18 one_side_vars:16 simple_definition:2 singleton_clauses:0
  1.05e-01s  1.85e-02d  [Probe] #probed=3'362 
  2.53e-03s  0.00e+00d  [MaxClique] Merged 638(4461 literals) into 638(4464 literals) at_most_ones. 
  2.53e-03s  0.00e+00d  [DetectDominanceRelations] 
  8.03e-03s  0.00e+00d  [PresolveToFixPoint] #num_loops=1 #num_dual_strengthening=1 
  2.68e-03s  0.00e+00d  [ProcessAtMostOneAndLinear] 
  1.94e-03s  0.00e+00d  [DetectDuplicateConstraints] #without_enforcements=2 
  4.73e-04s  1.81e-05d  [DetectDominatedLinearConstraints] #relevant_constraints=1'262 
  5.55e-04s  0.00e+00d  [DetectDifferentVariables] #different=18 
  7.38e-04s  3.24e-04d  [ProcessSetPPC] #relevant_constraints=674 #num_inclusions=558 
  8.41e-05s  0.00e+00d  [FindAlmostIdenticalLinearConstraints] 
  6.52e-03s  6.77e-03d  [FindBigAtMostOneAndLinearOverlap] 
  1.22e-03s  3.24e-03d  [FindBigVerticalLinearOverlap] 
  1.21e-04s  1.63e-04d  [FindBigHorizontalLinearOverlap] #linears=28 
  8.58e-05s  0.00e+00d  [MergeClauses] 
  2.52e-03s  0.00e+00d  [DetectDominanceRelations] 
  7.97e-03s  0.00e+00d  [PresolveToFixPoint] #num_loops=1 #num_dual_strengthening=1 
  1.70e-04s  0.00e+00d  [ExpandObjective] #entries=48 #tight_variables=24 #tight_constraints=8 

Presolve summary:
  - 68 affine relations were detected.
  - rule 'TODO dual: add implied bound' was applied 19 times.
  - rule 'TODO dual: only one blocking constraint?' was applied 30'103 times.
  - rule 'TODO dual: only one blocking enforced constraint?' was applied 19 times.
  - rule 'TODO dual: only one unspecified blocking constraint?' was applied 19 times.
  - rule 'TODO dual: tighten at most one' was applied 336 times.
  - rule 'TODO duplicate: identical constraint with different enforcements' was applied 6 times.
  - rule 'TODO linear2: contains a Boolean.' was applied 12'224 times.
  - rule 'TODO symmetry: add symmetry breaking inequalities?' was applied 2 times.
  - rule 'affine: new relation' was applied 68 times.
  - rule 'at_most_one: removed literals' was applied 247 times.
  - rule 'at_most_one: singleton' was applied 2 times.
  - rule 'at_most_one: size one' was applied 76 times.
  - rule 'at_most_one: transformed into max clique.' was applied 1 time.
  - rule 'bool_and: x => x' was applied 6 times.
  - rule 'bool_or: always true' was applied 1'346 times.
  - rule 'bool_or: implications' was applied 6'107 times.
  - rule 'deductions: 485 stored' was applied 1 time.
  - rule 'dual: fix variable' was applied 365 times.
  - rule 'dual: fix variable with multiple choices' was applied 2 times.
  - rule 'dual: reduced domain' was applied 213 times.
  - rule 'duplicate: merged rhs of linear constraint' was applied 1 time.
  - rule 'duplicate: removed constraint' was applied 1 time.
  - rule 'duplicate: removed enforced constraint' was applied 3 times.
  - rule 'enforcement: false literal' was applied 3'802 times.
  - rule 'enforcement: literal not used' was applied 12 times.
  - rule 'linear + amo: fixed literal implied by enforcement' was applied 13 times.
  - rule 'linear2: contains a Boolean.' was applied 11 times.
  - rule 'linear: always true' was applied 1'524 times.
  - rule 'linear: divide by GCD' was applied 4'838 times.
  - rule 'linear: empty' was applied 150 times.
  - rule 'linear: extracted enforcement literal' was applied 654 times.
  - rule 'linear: fixed or dup variables' was applied 1'814 times.
  - rule 'linear: negative clause' was applied 2'059 times.
  - rule 'linear: positive at most one' was applied 188 times.
  - rule 'linear: positive clause' was applied 4'048 times.
  - rule 'linear: positive equal one' was applied 8 times.
  - rule 'linear: reduced variable domains' was applied 1'030 times.
  - rule 'linear: remapped using affine relations' was applied 2'334 times.
  - rule 'linear: simplified rhs' was applied 18'592 times.
  - rule 'linear: singleton column' was applied 11 times.
  - rule 'objective: variable not used elsewhere' was applied 1 time.
  - rule 'presolve: 952 unused variables removed.' was applied 1 time.
  - rule 'presolve: iteration' was applied 3 times.
  - rule 'setppc: bool_or in at_most_one.' was applied 2 times.
  - rule 'setppc: removed dominated constraints' was applied 47 times.
  - rule 'symmetry: added symmetry breaking implication' was applied 2 times.

Presolved optimization model '': (model_fingerprint: 0x7e285ac3c11ffd0)
#Variables: 1'648 (#bools: 22 #ints: 1 in objective)
  - 1'368 Booleans in [0,1]
  - 2 in [0,734]
  - 1 in [0,736]
  - 1 in [0,1472]
  - 1 in [0,1476]
  - 1 in [0,1478]
  - 3 in [0,1480]
  - 1 in [0,1481]
  - 1 in [0,1482]
  - 1 in [0,1483]
  - 25 in [0,1484]
  - 1 in [0,1487]
  - 2 in [0,1491]
  - 2 in [0,1492]
  - 5 in [0,1494]
  - 1 in [0,7360]
  - 1 in [0,7380]
  - 1 in [0,7390]
  - 2 in [0,7400]
  - 1 in [0,7410]
  - 26 in [0,7420]
  - 1 in [0,7435]
  - 2 in [0,7455]
  - 1 in [0,7460]
  - 8 in [0,7470]
  - 67 in [0,225000]
  - 1 in [3,737]
  - 1 in [3,739]
  - 1 in [3,744]
  - 1 in [3,747]
  - 2 in [4,738]
  - 1 in [4,740]
  - 1 in [4,748]
  - 1 in [5,746]
  - 1 in [7,743]
  - 1 in [8,742]
  - 1 in [20,3744]
  - 1 in [23,3747]
  - 1 in [25,3743]
  - 1 in [27,3745]
  - 1 in [35,3742]
  - 1 in [37,3744]
  - 1 in [59,3747]
  - 1 in [60,3744]
  - 1 in [61,3734]
  - 1 in [62,3750]
  - 1 in [65,3749]
  - 1 in [70,3743]
  - 1 in [71,3744]
  - 1 in [77,3750]
  - 1 in [900,221100]
  - 1 in [900,221700]
  - 2 in [900,222300]
  - 1 in [900,222900]
  - 1 in [900,223200]
  - 2 in [900,223680]
  - 1 in [900,223740]
  - 1 in [900,223800]
  - 4 in [900,224280]
  - 2 in [900,224580]
  - 2 in [900,224820]
  - 4 in [900,225000]
  - 1 in [1200,221400]
  - 1 in [1200,222900]
  - 2 in [1200,224040]
  - 2 in [1200,224160]
  - 2 in [1200,224400]
  - 2 in [1200,224452]
  - 2 in [1222,221700]
  - 1 in [1500,223800]
  - 3 in [1500,224580]
  - 2 in [1500,224700]
  - 2 in [1500,225000]
  - 1 in [1620,224752]
  - 2 in [1656,224788]
  - 1 in [1688,224820]
  - 1 in [2100,222900]
  - 1 in [2100,223800]
  - 2 in [2100,224340]
  - 2 in [2100,224520]
  - 1 in [2400,222600]
  - 2 in [2400,223680]
  - 2 in [2700,223740]
  - 2 in [2727,224040]
  - 2 in [2760,224340]
  - 2 in [2888,224280]
  - 2 in [3120,224400]
  - 2 in [3308,224460]
  - 2 in [3361,224460]
  - 6 in [3540,224820]
  - 1 in [3600,224078]
  - 5 in [3600,224640]
  - 2 in [3660,224040]
  - 2 in [3900,224940]
  - 1 in [4208,224602]
  - 1 in [4246,224640]
  - 6 in [4260,224640]
  - 4 in [4620,225000]
#kAtMostOne: 628 (#literals: 4'441)
#kBoolAnd: 10 (#enforced: 10) (#literals: 20)
#kExactlyOne: 8 (#literals: 24)
#kLinear1: 8 (#enforced: 8)
#kLinear2: 770 (#enforced: 582 #multi: 6)
#kLinear3: 966
#kLinearN: 108 (#terms: 1'784)

Preloading model.
#Bound   0.76s best:inf   next:[57232,2264694] initial_domain
[Symmetry] Graph for symmetry has 5'815 nodes and 12'990 arcs.
[Symmetry] Symmetry computation done. time: 0.00124962 dtime: 0.00147659
[Symmetry] #generators: 1, average support size: 2
#Model   0.77s var:1648/1648 constraints:2498/2498

Starting search at 0.77s with 32 workers.
16 full problem subsolvers: [core, default_lp, lb_tree_search, max_lp, no_lp, objective_lb_search, objective_lb_search_max_lp, objective_lb_search_no_lp, objective_shaving_search_max_lp, objective_shaving_search_no_lp, probing, probing_max_lp, pseudo_costs, quick_restart, quick_restart_no_lp, reduced_costs]
14 first solution subsolvers: [fj_long_default, fj_long_lin_default, fj_long_random, fj_short_default, fj_short_lin_default, fj_short_lin_random, fj_short_random, fs_random(2), fs_random_no_lp(2), fs_random_quick_restart(2), fs_random_quick_restart_no_lp]
11 incomplete subsolvers: [feasibility_pump, graph_arc_lns, graph_cst_lns, graph_dec_lns, graph_var_lns, rins/rens, rnd_cst_lns, rnd_var_lns, violation_ls(3)]
3 helper subsolvers: [neighborhood_helper, synchronization_agent, update_gap_integral]
#Bound   0.99s best:inf   next:[57233,2264694] objective_shaving_search_no_lp (vars=1468 csts=1753)
#Bound   1.00s best:inf   next:[57234,2264694] objective_shaving_search_no_lp (vars=1648 csts=2499)
#Bound   1.01s best:inf   next:[57235,2264694] objective_shaving_search_no_lp (vars=1648 csts=2499)
#Bound   1.02s best:inf   next:[57236,2264694] objective_shaving_search_no_lp (vars=1648 csts=2499)
#Bound   1.03s best:inf   next:[57237,2264694] objective_shaving_search_no_lp (vars=1648 csts=2499)
#Bound   1.04s best:inf   next:[57238,2264694] objective_shaving_search_no_lp (vars=1648 csts=2499)
#Bound   1.05s best:inf   next:[57239,2264694] objective_shaving_search_no_lp (vars=1648 csts=2499)
#Bound   1.06s best:inf   next:[57240,2264694] objective_shaving_search_max_lp (vars=1648 csts=2499)
#Bound   1.07s best:inf   next:[57241,2264694] objective_shaving_search_max_lp (vars=1648 csts=2499)
#Bound   1.22s best:inf   next:[57242,2264694] objective_shaving_search_no_lp (vars=1468 csts=1753)
#Bound   1.23s best:inf   next:[57243,2264694] objective_shaving_search_no_lp (vars=1648 csts=2499)
#Bound   1.24s best:inf   next:[57244,2264694] objective_shaving_search_no_lp (vars=1648 csts=2499)
#Bound   1.25s best:inf   next:[57245,2264694] objective_shaving_search_no_lp (vars=1648 csts=2499)
#Bound   1.25s best:inf   next:[57246,2264694] objective_shaving_search_no_lp (vars=1648 csts=2499)
#Bound   1.26s best:inf   next:[57247,2264694] objective_shaving_search_no_lp (vars=1648 csts=2499)
#Bound   1.27s best:inf   next:[57248,2264694] objective_shaving_search_no_lp (vars=1648 csts=2499)
#Bound   1.28s best:inf   next:[57249,2264694] objective_shaving_search_no_lp (vars=1648 csts=2499)
#Bound   1.28s best:inf   next:[57250,2264694] objective_shaving_search_no_lp (vars=1648 csts=2499)
#1       1.33s best:2264694 next:[57250,2264693] fj_long_default(batch:4 #lin_moves:28'557 #lin_evals:49'542 #weight_updates:2'616)
#2       1.34s best:2251135 next:[57250,2251134] violation_ls(batch:1 #solutions_imported:1 #lin_moves:775 #lin_evals:2'318 #weight_updates:159)
#Bound   1.39s best:2251135 next:[64792,2251134] reduced_costs
#3       1.39s best:2251126 next:[64792,2251125] violation_ls(batch:2 #solutions_imported:2 #lin_moves:1'496 #lin_evals:40'401 #gen_moves:1'159 #gen_evals:0 #comp_moves:88 #backtracks:535 #weight_updates:950)
#4       1.39s best:2251117 next:[64792,2251116] violation_ls(batch:3 #solutions_imported:3 #lin_moves:1'496 #lin_evals:43'991 #gen_moves:1'200 #gen_evals:0 #comp_moves:95 #backtracks:552 #weight_updates:951)
#5       1.40s best:2251108 next:[64792,2251107] violation_ls(batch:3 #solutions_imported:3 #lin_moves:2'244 #lin_evals:41'004 #gen_moves:1'171 #gen_evals:0 #comp_moves:81 #backtracks:544 #weight_updates:1'545)
#6       1.43s best:2251099 next:[64792,2251098] violation_ls(batch:3 #solutions_imported:3 #lin_moves:775 #lin_evals:61'628 #gen_moves:2'108 #gen_evals:0 #comp_moves:102 #backtracks:1'002 #weight_updates:208)
#Model   1.58s var:1647/1648 constraints:2498/2498
#7       1.61s best:2239851 next:[64792,2239850] graph_cst_lns (d=0.50 s=96 t=0.10 p=0.00 stall=0 h=auto_l0)
#8       1.62s best:2239842 next:[64792,2239841] violation_ls(batch:4 #solutions_imported:4 #lin_moves:1'937 #lin_evals:45'188 #gen_moves:1'200 #gen_evals:0 #comp_moves:95 #backtracks:552 #weight_updates:1'117)
#9       1.62s best:2239833 next:[64792,2239832] violation_ls(batch:4 #solutions_imported:4 #lin_moves:775 #lin_evals:63'361 #gen_moves:2'169 #gen_evals:0 #comp_moves:109 #backtracks:1'029 #weight_updates:209)
#10      1.62s best:2239824 next:[64792,2239823] violation_ls(batch:4 #solutions_imported:4 #lin_moves:2'250 #lin_evals:41'048 #gen_moves:1'171 #gen_evals:0 #comp_moves:81 #backtracks:544 #weight_updates:1'550)
#11      1.71s best:2239815 next:[64792,2239814] violation_ls(batch:5 #solutions_imported:5 #lin_moves:1'944 #lin_evals:45'234 #gen_moves:1'200 #gen_evals:0 #comp_moves:95 #backtracks:552 #weight_updates:1'123)
#12      1.71s best:2239806 next:[64792,2239805] violation_ls(batch:5 #solutions_imported:5 #lin_moves:775 #lin_evals:63'387 #gen_moves:2'175 #gen_evals:0 #comp_moves:115 #backtracks:1'029 #weight_updates:209)
#13      1.73s best:2228704 next:[64792,2228703] violation_ls(batch:5 #solutions_imported:5 #lin_moves:2'250 #lin_evals:54'424 #gen_moves:2'010 #gen_evals:0 #comp_moves:128 #backtracks:940 #weight_updates:1'577)
#14      1.93s best:2228695 next:[64792,2228694] violation_ls(batch:6 #solutions_imported:6 #lin_moves:1'951 #lin_evals:45'280 #gen_moves:1'200 #gen_evals:0 #comp_moves:95 #backtracks:552 #weight_updates:1'129)
#15      1.93s best:2228686 next:[64792,2228685] violation_ls(batch:6 #solutions_imported:6 #lin_moves:775 #lin_evals:63'925 #gen_moves:2'185 #gen_evals:0 #comp_moves:121 #backtracks:1'031 #weight_updates:209)
#16      1.93s best:2228677 next:[64792,2228676] violation_ls(batch:6 #solutions_imported:6 #lin_moves:2'250 #lin_evals:56'111 #gen_moves:2'047 #gen_evals:0 #comp_moves:135 #backtracks:955 #weight_updates:1'578)
#Model   2.22s var:1646/1648 constraints:2497/2498
#17      2.30s best:2228209 next:[64792,2228208] graph_var_lns (d=0.19 s=139 t=0.10 p=0.00 stall=0 h=auto_l0)
#18      2.31s best:2228200 next:[64792,2228199] violation_ls(batch:7 #solutions_imported:7 #lin_moves:2'325 #lin_evals:46'961 #gen_moves:1'200 #gen_evals:0 #comp_moves:95 #backtracks:552 #weight_updates:1'675)
#19      2.31s best:2228191 next:[64792,2228190] violation_ls(batch:7 #solutions_imported:7 #lin_moves:777 #lin_evals:63'951 #gen_moves:2'185 #gen_evals:0 #comp_moves:121 #backtracks:1'031 #weight_updates:210)
#20      2.31s best:2228182 next:[64792,2228181] violation_ls(batch:7 #solutions_imported:7 #lin_moves:2'250 #lin_evals:56'135 #gen_moves:2'050 #gen_evals:0 #comp_moves:138 #backtracks:955 #weight_updates:1'578)
#Model   2.41s var:1645/1648 constraints:2496/2498
#Model   4.11s var:1644/1648 constraints:2495/2498
#Model   4.39s var:1643/1648 constraints:2494/2498
#Model   4.59s var:1641/1648 constraints:2492/2498
#Model   4.69s var:1640/1648 constraints:2490/2498
#Model   6.90s var:1639/1648 constraints:2490/2498
#21      8.07s best:296530 next:[64792,296529] rins_pump_lns (d=0.19 s=152 t=0.10 p=0.00 stall=0 h=auto_l0)
#Model   8.47s var:1638/1648 constraints:2489/2498
#Model  11.58s var:1637/1648 constraints:2487/2498
#22     19.91s best:295930 next:[64792,295929] quick_restart_no_lp (fixed_bools=102/2366)
#23    633.07s best:287922 next:[64792,287921] quick_restart_no_lp (fixed_bools=516/3009)
#24    3771.89s best:280096 next:[64792,280095] quick_restart_no_lp (fixed_bools=1157/6271)
#25    6676.09s best:272543 next:[64792,272542] quick_restart_no_lp (fixed_bools=1657/8737)
#26    7664.23s best:265130 next:[64792,265129] quick_restart_no_lp (fixed_bools=1917/9409)
#27    8587.24s best:258912 next:[64792,258911] quick_restart_no_lp (fixed_bools=2150/10152)
#28    10704.98s best:258398 next:[64792,258397] quick_restart_no_lp (fixed_bools=2435/12136)
#29    10894.95s best:247539 next:[64792,247538] quick_restart_no_lp (fixed_bools=2561/12485)
#30    11739.56s best:234605 next:[64792,234604] quick_restart_no_lp (fixed_bools=2801/12901)
#31    16832.24s best:233180 next:[64792,233179] quick_restart_no_lp (fixed_bools=3101/15376)
#32    17250.75s best:230273 next:[64792,230272] quick_restart_no_lp (fixed_bools=3302/15979)

Task timing                                  n [     min,      max]      avg      dev     time         n [     min,      max]      avg      dev    dtime
                             'core':         1 [   6.00h,    6.00h]    6.00h   0.00ns    6.00h         1 [   4.50h,    4.50h]    4.50h   0.00ns    4.50h
                       'default_lp':         1 [   6.00h,    6.00h]    6.00h   0.00ns    6.00h         1 [  33.65m,   33.65m]   33.65m   0.00ns   33.65m
                 'feasibility_pump':         5 [ 59.26ms,    1.94s]    1.20s 621.34ms    6.02s         4 [339.44ms, 455.06ms] 393.07ms  41.18ms    1.57s
                  'fj_long_default':         4 [ 18.70ms, 182.17ms] 121.01ms  61.35ms 484.05ms         4 [  5.28ms,  42.89ms]  29.86ms  14.72ms 119.43ms
              'fj_long_lin_default':         5 [ 74.33ms, 149.62ms] 108.63ms  30.90ms 543.14ms         5 [ 16.72ms,  31.11ms]  22.32ms   6.41ms 111.60ms
                   'fj_long_random':         4 [ 97.92ms, 156.86ms] 128.93ms  20.90ms 515.73ms         4 [ 25.01ms,  36.59ms]  31.38ms   4.76ms 125.53ms
                 'fj_short_default':         6 [ 71.87ms, 113.76ms]  92.41ms  14.68ms 554.44ms         6 [ 18.15ms,  28.39ms]  21.57ms   3.25ms 129.43ms
             'fj_short_lin_default':         6 [ 76.71ms, 107.57ms]  89.01ms  10.83ms 534.07ms         6 [ 21.43ms,  27.42ms]  23.33ms   2.01ms 139.98ms
              'fj_short_lin_random':         5 [ 87.42ms, 120.12ms] 103.45ms  10.46ms 517.23ms         5 [ 14.90ms,  28.87ms]  22.59ms   4.47ms 112.94ms
                  'fj_short_random':         4 [104.80ms, 143.50ms] 124.44ms  17.31ms 497.77ms         4 [ 23.57ms,  32.17ms]  26.40ms   3.43ms 105.58ms
                        'fs_random':         1 [549.40ms, 549.40ms] 549.40ms   0.00ns 549.40ms         1 [  9.57ms,   9.57ms]   9.57ms   0.00ns   9.57ms
                        'fs_random':         1 [550.12ms, 550.12ms] 550.12ms   0.00ns 550.12ms         1 [ 10.48ms,  10.48ms]  10.48ms   0.00ns  10.48ms
                  'fs_random_no_lp':         1 [559.06ms, 559.06ms] 559.06ms   0.00ns 559.06ms         1 [ 63.53ms,  63.53ms]  63.53ms   0.00ns  63.53ms
                  'fs_random_no_lp':         1 [562.82ms, 562.82ms] 562.82ms   0.00ns 562.82ms         1 [ 63.61ms,  63.61ms]  63.61ms   0.00ns  63.61ms
          'fs_random_quick_restart':         1 [548.63ms, 548.63ms] 548.63ms   0.00ns 548.63ms         1 [ 10.02ms,  10.02ms]  10.02ms   0.00ns  10.02ms
          'fs_random_quick_restart':         1 [549.37ms, 549.37ms] 549.37ms   0.00ns 549.37ms         1 [  9.62ms,   9.62ms]   9.62ms   0.00ns   9.62ms
    'fs_random_quick_restart_no_lp':         1 [559.60ms, 559.60ms] 559.60ms   0.00ns 559.60ms         1 [ 63.54ms,  63.54ms]  63.54ms   0.00ns  63.54ms
                    'graph_arc_lns':         6 [304.32ms,    6.00h]    2.00h    2.83h   12.00h         5 [ 20.00ns, 100.39ms]  80.19ms  40.09ms 400.93ms
                    'graph_cst_lns':         6 [215.12ms,    6.00h]    2.00h    2.83h   12.00h         5 [ 20.00ns, 100.24ms]  80.15ms  40.08ms 400.76ms
                    'graph_dec_lns':         6 [364.49ms,    6.00h]    2.00h    2.83h   12.00h         6 [ 10.00ns, 100.52ms]  66.81ms  47.24ms 400.87ms
                    'graph_var_lns':         6 [255.72ms,    6.00h]    3.00h    3.00h   18.00h         4 [ 30.00ns, 100.27ms]  75.10ms  43.36ms 300.39ms
                   'lb_tree_search':         1 [   6.00h,    6.00h]    6.00h   0.00ns    6.00h         1 [  21.84m,   21.84m]   21.84m   0.00ns   21.84m
                           'max_lp':         1 [   6.00h,    6.00h]    6.00h   0.00ns    6.00h         1 [  21.87m,   21.87m]   21.87m   0.00ns   21.87m
                            'no_lp':         1 [   6.00h,    6.00h]    6.00h   0.00ns    6.00h         1 [   4.53h,    4.53h]    4.53h   0.00ns    4.53h
              'objective_lb_search':         1 [   6.00h,    6.00h]    6.00h   0.00ns    6.00h         1 [  36.31m,   36.31m]   36.31m   0.00ns   36.31m
       'objective_lb_search_max_lp':         1 [   6.00h,    6.00h]    6.00h   0.00ns    6.00h         1 [  22.15m,   22.15m]   22.15m   0.00ns   22.15m
        'objective_lb_search_no_lp':         1 [   6.00h,    6.00h]    6.00h   0.00ns    6.00h         1 [   4.97h,    4.97h]    4.97h   0.00ns    4.97h
  'objective_shaving_search_max_lp':        13 [  5.58ms, 216.80ms]  47.08ms  65.55ms 611.99ms         3 [ 15.24ms,  25.73ms]  22.17ms   4.90ms  66.51ms
   'objective_shaving_search_no_lp':        19 [  6.97ms, 214.24ms]  31.93ms  57.52ms 606.60ms         3 [ 22.86ms,  26.74ms]  25.44ms   1.82ms  76.32ms
                          'probing':         1 [   6.00h,    6.00h]    6.00h   0.00ns    6.00h         1 [  31.44m,   31.44m]   31.44m   0.00ns   31.44m
                   'probing_max_lp':         1 [   6.00h,    6.00h]    6.00h   0.00ns    6.00h         1 [  23.40m,   23.40m]   23.40m   0.00ns   23.40m
                     'pseudo_costs':         1 [   6.00h,    6.00h]    6.00h   0.00ns    6.00h         1 [  22.85m,   22.85m]   22.85m   0.00ns   22.85m
                    'quick_restart':         1 [   6.00h,    6.00h]    6.00h   0.00ns    6.00h         1 [  35.17m,   35.17m]   35.17m   0.00ns   35.17m
              'quick_restart_no_lp':         1 [   6.00h,    6.00h]    6.00h   0.00ns    6.00h         1 [   3.85h,    3.85h]    3.85h   0.00ns    3.85h
                    'reduced_costs':         1 [   6.00h,    6.00h]    6.00h   0.00ns    6.00h         1 [  22.35m,   22.35m]   22.35m   0.00ns   22.35m
                        'rins/rens':         4 [289.39ms,    6.00h]    1.50h    2.60h    6.00h         4 [ 10.00ns, 100.91ms]  75.43ms  43.55ms 301.71ms
                      'rnd_cst_lns':         6 [224.31ms,    6.00h]    1.00h    2.24h    6.00h         6 [ 10.00ns, 100.27ms]  83.47ms  37.33ms 500.83ms
                      'rnd_var_lns':         7 [   6.00h,    6.00h]    6.00h 331.60ms   42.00h         1 [ 91.00ns,  91.00ns]  91.00ns   0.00ns  91.00ns
                     'violation_ls':         7 [284.94us,  71.13ms]  12.49ms  24.21ms  87.40ms         7 [  8.62us,  18.26ms]   3.17ms   6.22ms  22.17ms
                     'violation_ls':         7 [311.87us,  33.38ms]  12.12ms  14.03ms  84.81ms         7 [  7.43us,   9.84ms]   3.40ms   4.24ms  23.80ms
                     'violation_ls':         7 [363.71us,  35.68ms]   9.96ms  13.41ms  69.71ms         7 [ 11.71us,  10.27ms]   2.88ms   3.98ms  20.14ms

Search stats                         Bools   Conflicts     Branches    Restarts      BoolPropag   IntegerPropag
                           'core':   4'879   6'796'579  481'033'904  64'141'230   6'704'475'906  10'396'790'379
                     'default_lp':   1'936          42      129'299      61'832       4'393'665       8'050'739
                      'fs_random':   1'378           0        2'756       2'756          57'599         142'623
                      'fs_random':   1'378           0        2'756       2'756          57'599         142'623
                'fs_random_no_lp':   1'936          11        9'184       8'445         354'228         648'825
                'fs_random_no_lp':   1'936          12        9'183       8'444         353'466         648'263
        'fs_random_quick_restart':   1'378           0        2'756       2'756          57'599         142'623
        'fs_random_quick_restart':   1'378           0        2'756       2'756          57'599         142'623
  'fs_random_quick_restart_no_lp':   1'936          12        9'183       8'444         353'514         648'390
                 'lb_tree_search':   1'936           4       70'781      40'296       2'827'990       5'079'532
                         'max_lp':   1'936          21       66'861      38'272       2'683'335       4'919'224
                          'no_lp':   4'841   6'477'989  477'453'005  62'896'982   6'559'810'470  10'125'537'740
            'objective_lb_search':   1'936          41      118'056      57'969       4'122'323       7'532'561
     'objective_lb_search_max_lp':   1'936          35       74'316      42'038       2'979'990       5'442'045
      'objective_lb_search_no_lp':  28'972  15'151'785  430'297'400  76'630'774  17'481'013'535  11'758'197'461
                        'probing':   1'936          31      124'341      60'684       4'359'857       7'982'474
                 'probing_max_lp':   1'936          23       71'968      41'084       2'917'244       5'342'465
                   'pseudo_costs':   1'936          26       69'085      39'408       2'765'230       5'070'770
                  'quick_restart':   1'936          41      111'024      55'606       3'956'769       7'247'979
            'quick_restart_no_lp':  18'389   9'905'034  899'437'174  83'153'704  15'462'672'964  13'705'724'568
                  'reduced_costs':   1'936          20       69'219      39'522       2'782'806       5'099'797

SAT stats                           ClassicMinim   LitRemoved     LitLearned   LitForgotten  Subsumed   MClauses  MDecisions  MLitTrue  MSubsumed  MLitRemoved  MReused
                           'core':     6'543'141   59'049'970  3'762'420'564  3'712'718'007    72'262    681'236   3'492'581         0        763        4'506  167'170
                     'default_lp':             0            0             42              0         0          0           0         0          0            0        0
                      'fs_random':             0            0              0              0         0          0           0         0          0            0        0
                      'fs_random':             0            0              0              0         0          0           0         0          0            0        0
                'fs_random_no_lp':             0            0             11              0         0          0           0         0          0            0        0
                'fs_random_no_lp':             0            0             12              0         0          0           0         0          0            0        0
        'fs_random_quick_restart':             0            0              0              0         0          0           0         0          0            0        0
        'fs_random_quick_restart':             0            0              0              0         0          0           0         0          0            0        0
  'fs_random_quick_restart_no_lp':             0            0             12              0         0          0           0         0          0            0        0
                 'lb_tree_search':             0            0              4              0         0          0           0         0          0            0        0
                         'max_lp':             0            0             21              0         0          0           0         0          0            0        0
                          'no_lp':     6'242'310   55'689'011  3'844'917'243  3'794'127'122    67'920    473'034   2'414'548         0        673        3'999  111'517
            'objective_lb_search':             0            0             41              0         0          0           0         0          0            0        0
     'objective_lb_search_max_lp':             0            0             35              0         0          0           0         0          0            0        0
      'objective_lb_search_no_lp':    14'667'131  150'733'746  4'875'797'397  4'793'153'630   204'006    604'759   3'153'842         5      2'294       13'477  167'192
                        'probing':             0            0             31              0         0          0           0         0          0            0        0
                 'probing_max_lp':             0            0             23              0         0          0           0         0          0            0        0
                   'pseudo_costs':             0            0             26              0         0          0           0         0          0            0        0
                  'quick_restart':             0            0             41              0         0          0           0         0          0            0        0
            'quick_restart_no_lp':     8'747'539   67'305'254  3'838'013'502  3'641'147'323   532'333  1'153'388   8'084'709        13      1'965       14'781  250'211
                  'reduced_costs':             0            0             20              0         0          0           0         0          0            0        0

Lp stats                         Component  Iterations  AddedCuts  OPTIMAL  DUAL_F.  DUAL_U.
                  'default_lp':          1   9'032'800  4'240'969  340'521        0       14
                   'fs_random':          1       1'009      1'812       25        0        0
                   'fs_random':          1         978      1'732       25        0        0
     'fs_random_quick_restart':          1       1'005      1'796       25        0        0
     'fs_random_quick_restart':          1         931      1'802       25        0        0
              'lb_tree_search':          1   5'243'277  1'532'050  140'351   42'515        3
                      'max_lp':          1   5'082'157  1'467'316  133'819   39'949        5
         'objective_lb_search':          1   9'627'358  5'162'471  321'190        2       14
  'objective_lb_search_max_lp':          1   5'516'369  1'575'193  146'097   44'542        5
                     'probing':          1   8'648'113  3'743'812  334'985        4       11
              'probing_max_lp':          1   5'482'711  1'644'188  143'139   43'043        4
                'pseudo_costs':          1   5'252'153  1'660'229  137'591   40'953        4
               'quick_restart':          1   9'060'974  4'736'581  309'370        0       11
               'reduced_costs':          1   5'015'514  1'760'866  139'734   40'843        4

Lp dimension                                                                        Final dimension of first component
                  'default_lp':  2172 rows, 1647 columns, 37277 entries with magnitude in [5.451020e-06, 1.000000e+00]
                   'fs_random':    589 rows, 1647 columns, 4569 entries with magnitude in [2.409954e-03, 1.000000e+00]
                   'fs_random':    589 rows, 1647 columns, 4802 entries with magnitude in [1.490712e-03, 1.000000e+00]
     'fs_random_quick_restart':    589 rows, 1647 columns, 4556 entries with magnitude in [1.185520e-03, 1.000000e+00]
     'fs_random_quick_restart':    589 rows, 1647 columns, 4636 entries with magnitude in [1.185520e-03, 1.000000e+00]
              'lb_tree_search':  2849 rows, 1648 columns, 23975 entries with magnitude in [3.071506e-05, 1.000000e+00]
                      'max_lp':  2918 rows, 1648 columns, 22619 entries with magnitude in [3.183242e-05, 1.000000e+00]
         'objective_lb_search':  2711 rows, 1647 columns, 29462 entries with magnitude in [1.848122e-06, 1.000000e+00]
  'objective_lb_search_max_lp':  2891 rows, 1648 columns, 21413 entries with magnitude in [2.466171e-06, 1.000000e+00]
                     'probing':  2415 rows, 1647 columns, 40056 entries with magnitude in [1.258917e-06, 1.000000e+00]
              'probing_max_lp':  2803 rows, 1648 columns, 31444 entries with magnitude in [3.063131e-06, 1.000000e+00]
                'pseudo_costs':  2043 rows, 1648 columns, 15967 entries with magnitude in [2.238777e-04, 1.000000e+00]
               'quick_restart':  2603 rows, 1647 columns, 22432 entries with magnitude in [2.601140e-06, 1.000000e+00]
               'reduced_costs':  1907 rows, 1648 columns, 19493 entries with magnitude in [8.151169e-05, 1.000000e+00]

Lp debug                         CutPropag  CutEqPropag  Adjust  Overflow          Bad  BadScaling
                  'default_lp':          0       15'326     184         0  166'129'461           0
                   'fs_random':          0            0       0         0        1'922           0
                   'fs_random':          0            0       0         0        2'290           0
     'fs_random_quick_restart':          0            0       0         0        1'943           0
     'fs_random_quick_restart':          0            0       0         0        2'274           0
              'lb_tree_search':          0          511   5'506         0  169'266'843           0
                      'max_lp':          0          785  10'893         0  163'124'836           0
         'objective_lb_search':          0       11'886   4'823         0  167'129'584           0
  'objective_lb_search_max_lp':          0          504   8'661         0  176'919'113           0
                     'probing':          0       20'637     246         0  163'806'332           0
              'probing_max_lp':          2          830   7'403         0  174'180'145           0
                'pseudo_costs':          0          621  17'659         0  171'862'736           0
               'quick_restart':          0        8'197     474         0  160'907'875           0
               'reduced_costs':          0          846  13'156         0  172'035'654           0

Lp pool                          Constraints  Updates  Simplif  Merged  Shortened   Split  Strenghtened             Cuts/Call
                  'default_lp':       11'752  100'635    8'337     115        204  12'787       253'755   4'240'969/8'233'736
                   'fs_random':        3'630       32        0       0          0       0           133           1'732/2'224
                   'fs_random':        3'710       31        0       0          0       0           191           1'812/2'314
     'fs_random_quick_restart':        3'694       26        0       0          0       0           160           1'796/2'279
     'fs_random_quick_restart':        3'700       31        0       0          0       0           155           1'802/2'417
              'lb_tree_search':       11'528   47'853    9'566      21        508  14'952       248'863   1'532'050/3'367'409
                      'max_lp':       11'779   55'446    9'529      36        461  19'750       243'153   1'467'316/3'238'700
         'objective_lb_search':       11'258   98'933    9'629     111        253  11'082       255'524  5'162'471/10'675'404
  'objective_lb_search_max_lp':       11'642   46'097   10'880      50        596  14'531       268'214   1'575'193/3'461'255
                     'probing':       11'600   98'377    7'370     110        186  13'894       230'758   3'743'812/7'256'182
              'probing_max_lp':       11'656   49'362   10'138      31        652  14'671       256'866   1'644'188/3'733'528
                'pseudo_costs':       11'706   52'162   13'061      22      2'132  15'330       271'956   1'660'229/3'775'322
               'quick_restart':       11'309   97'035    7'091     170        216  10'073       231'404   4'736'581/9'604'391
               'reduced_costs':       12'344   59'519   11'302      21        835  14'775       267'888   1'760'866/3'981'058

Lp Cut            fs_ran  fs_ran  fs_ran  fs_ran     defaul   max_lp     quick_   reduce   pseudo   lb_tre   probin     object   probin   object
          CG_FF:     228     237     226     260    138'487   36'637    144'859   46'405   42'450   37'832  126'152    161'419   39'786   42'047
           CG_K:       8       7      12       4     24'161   18'859     33'267   21'663   17'692   18'369   23'298     29'069   18'082   18'829
          CG_KL:       -       -       -       -          1        -          1        1        4        4        1          1        2        -
           CG_R:      11       7      15       2    191'515   22'415    189'049   26'473   27'487   24'751  201'357    192'259   25'161   24'179
          CG_RB:     432     494     515     495  1'075'875  170'445  1'165'536  212'071  200'729  173'735  941'360  1'254'965  189'334  180'115
         CG_RBP:       6       -       2       -     28'125   12'232     39'515   15'284   15'171   12'457   23'696     45'458   14'088   12'863
         Clique:       -       -       -       -          -   29'160          -   32'080   31'409   30'516        -          -   31'683   32'494
             IB:     550     556     553     544    665'816  166'262    719'211  197'285  186'232  171'283  618'005    759'310  186'684  183'022
       MIR_1_FF:      81      75      73      69    514'422  251'152    675'198  339'661  326'206  287'892  417'257    785'001  317'161  291'142
        MIR_1_K:       9      14      14       7     19'201   17'806     23'766   22'222   20'760   19'305   16'517     27'762   21'058   19'376
        MIR_1_R:       -       1       -       -     24'764    9'133     25'107   11'236   11'184    9'351   20'933     29'545   15'926    9'131
       MIR_1_RB:     288     298     280     320    635'181  237'243    764'537  270'675  253'862  253'742  532'293    846'332  259'190  254'041
      MIR_1_RBP:       -       -       -       -      9'943    1'929     10'944    2'823    2'474    2'015    4'324     14'174    2'800    2'287
      MIR_1_RLT:       -       -       -       -          -      377          -      393      429      295        -          -      412      388
       MIR_2_FF:      11       7      14      13     47'177   30'726     53'261   37'821   37'349   35'021   35'689     67'068   38'461   37'230
        MIR_2_K:       2       5       1       -      6'732    7'271      7'122    8'625    8'261    7'141    5'735      8'029    8'482    7'887
        MIR_2_R:       2       3       4       2      8'647   13'017      8'521   12'487   12'256   12'026    9'978      9'255   15'365   12'966
       MIR_2_RB:      18       8      21      15    156'132  100'017    169'842  123'865   95'668   85'903  131'546    180'462   85'341   82'430
      MIR_2_RBP:       1       -       -       -      4'045    1'033      4'930    1'444    1'097      984    2'482      6'359    1'555      870
       MIR_3_FF:       3       6       5      10     16'738   13'877     17'692   16'656   16'397   14'848   15'653     19'049   16'776   15'701
        MIR_3_K:       1       -       -       -      6'157    6'283      5'921    7'109    7'134    6'001    5'694      6'576    7'534    6'234
       MIR_3_KL:       -       -       -       -          -        -          -        1        -        -        -          -        -        -
        MIR_3_R:       1       2       -       2     32'273   10'167     28'444   10'599   10'272   10'231   30'618     28'793   10'901   10'997
       MIR_3_RB:      26      27      21      14     99'999   56'216     99'209   65'033   59'272   57'279   91'853    105'109   59'353   58'278
      MIR_3_RBP:       -       1       -       -      2'181    1'346      2'526    1'958    1'533    1'208    1'882      2'966    1'823    1'528
       MIR_4_FF:       -       -       1       3      7'648   10'151      7'737   11'861   12'119   10'150    6'496      8'398   12'070   11'760
        MIR_4_K:       1       -       -       -      2'793    4'464      2'852    4'897    4'959    4'312    2'612      3'330    5'052    4'350
        MIR_4_R:       -       -       -       -      7'556    3'868      6'787    3'847    3'706    3'682    7'266      7'151    4'019    3'921
       MIR_4_RB:      20      12      13      11     49'567   42'270     50'540   47'592   44'379   41'706   46'120     55'707   44'750   45'765
      MIR_4_RBP:       -       -       -       -        946      851      1'025    1'087      972      728      748      1'384    1'063      924
       MIR_5_FF:       -       1       2       1      6'145    7'789      5'853    8'615    9'303    7'772    5'600      6'333    9'176    8'632
        MIR_5_K:       -       -       -       -      2'652    4'496      2'526    4'997    4'969    4'245    2'659      3'473    5'049    4'290
       MIR_5_KL:       -       -       -       -          -        -          -        -        1        -        -          -        1        -
        MIR_5_R:       1       1       1       -      4'888    3'070      4'269    3'131    3'091    3'014    4'536      4'421    3'152    3'195
       MIR_5_RB:       5      10       9       8     37'156   35'073     37'759   38'958   38'013   35'903   33'272     42'159   37'634   37'484
      MIR_5_RBP:       -       -       -       -        686      924        869    1'268    1'173      889      575      1'171    1'351    1'052
       MIR_6_FF:       1       -       1       -      2'073    5'418      1'990    5'834    6'050    5'289    1'714      2'437    5'755    5'993
        MIR_6_K:       -       -       -       -      1'193    3'195      1'177    3'450    3'205    3'044    1'202      1'852    3'481    3'142
       MIR_6_KL:       -       -       -       -          -        -          -        -        -        2        -          -        -        2
        MIR_6_R:       -       -       -       1      2'404    3'070      2'033    3'100    2'941    2'927    2'184      2'361    3'215    3'452
       MIR_6_RB:       6       4       6       5     23'095   26'716     23'910   29'548   27'735   27'696   20'637     26'789   28'260   29'011
      MIR_6_RBP:       -       -       -       -        334      703        434      860      711      607      226        650      888      770
   ZERO_HALF_FF:       7       9      11       9     39'715    9'398     47'002   10'054   10'257   10'074   31'196     53'941   10'306   10'300
    ZERO_HALF_K:       -       -       -       -      5'655    4'054      7'940    3'882    3'758    3'734    4'683      8'005    3'808    3'779
   ZERO_HALF_KL:       -       -       -       -          -        3          -        -        1        4        -          -        1        3
    ZERO_HALF_R:       -       -       1       -    224'868   52'954    217'262   56'363   59'526   57'941  217'487    216'577   58'488   56'765
   ZERO_HALF_RB:      13      11      11       7    112'104   34'561    124'475   36'716   37'095   35'158   97'218    134'850   38'481   35'693
  ZERO_HALF_RBP:       -       -       -       -      1'919      685      1'683      936      937      984    1'058      2'521    1'230      875

LNS stats           Improv/Calls  Closed  Difficulty  TimeLimit
  'graph_arc_lns':           6/6      0%        0.04       0.10
  'graph_cst_lns':           4/6      0%        0.04       0.10
  'graph_dec_lns':           3/6      0%        0.04       0.10
  'graph_var_lns':           6/6     17%        0.10       0.10
      'rins/rens':           4/4      0%        0.09       0.10
    'rnd_cst_lns':           3/6     17%        0.13       0.10
    'rnd_var_lns':           7/7      0%        0.03       0.10

LS stats                   Batches  Restarts  LinMoves  GenMoves  CompoundMoves  WeightUpdates
       'fj_long_default':        4         1    28'557         0              0          2'616
   'fj_long_lin_default':        5         1         0    17'886          1'211            111
        'fj_long_random':        4         1    37'558         0              0          2'442
      'fj_short_default':        6         1         0    20'050          2'255             89
  'fj_short_lin_default':        6         1         0    24'812          1'621             35
   'fj_short_lin_random':        5         1         0    17'777          1'780             55
       'fj_short_random':        4         1         0    16'112          2'196             64
          'violation_ls':        7         0     2'250     2'050            138          1'578
          'violation_ls':        7         0     2'325     1'200             95          1'675
          'violation_ls':        7         0       777     2'185            121            210

Solutions (32)            Num     Rank
      'fj_long_default':    1    [1,1]
        'graph_cst_lns':    1    [7,7]
        'graph_var_lns':    1  [17,17]
  'quick_restart_no_lp':   11  [22,32]
        'rins_pump_lns':    1  [21,21]
         'violation_ls':   17   [2,20]

Objective bounds                      Num
                   'initial_domain':    1
  'objective_shaving_search_max_lp':    2
   'objective_shaving_search_no_lp':   16
                    'reduced_costs':    1

Solution repositories    Added  Queried  Ignored  Synchro
  'feasible solutions':     50      106        0       49
        'lp solutions':      0        0        0        0
                'pump':     13        4

Improving bounds shared               Num
                           'core':    945
                     'default_lp':    154
                'fs_random_no_lp':      5
  'fs_random_quick_restart_no_lp':    110
                         'max_lp':     11
                          'no_lp':    583
            'objective_lb_search':    129
     'objective_lb_search_max_lp':    124
      'objective_lb_search_no_lp':  1'653
                        'probing':     64
                 'probing_max_lp':     19
                   'pseudo_costs':    150
                  'quick_restart':    113
            'quick_restart_no_lp':  2'135
                  'reduced_costs':     12

Clauses shared                    Num
                       'core':    630
                      'no_lp':    651
  'objective_lb_search_no_lp':    854
        'quick_restart_no_lp':  1'021

CpSolverResponse summary:
status: FEASIBLE
objective: 230273
best_bound: 64792
integers: 1649
booleans: 1378
conflicts: 0
branches: 2756
propagations: 57599
integer_propagations: 142623
restarts: 2756
lp_iterations: 978
walltime: 21600.6
usertime: 21600.6
deterministic_time: 80560.2
gap_integral: 968073
solution_fingerprint: 0x40c119f43e6fdec4

CPU USED: 32
Loading /home/aneumann/projects/def-adhaj/aneumann/gns/data/instances/test/l/instance_174.pkl...
===* START SOLVING *===
   index    value      gap    status  computing_time  max_time  cpu  max_memory
0    174  2302.73  0.71863  feasible    21601.401924         6   32         118
===* END OF FILE *===
