created virtual environment CPython3.12.4.final.0-64 in 2820ms
  creator CPython3Posix(dest=/local/aneumann.27429347.0/env, clear=False, no_vcs_ignore=False, global=False)
  seeder FromAppData(download=False, pip=bundle, via=copy, app_data_dir=/home/aneumann/.local/share/virtualenv)
    added seed packages: pip==24.0
  activators BashActivator,CShellActivator,FishActivator,NushellActivator,PowerShellActivator,PythonActivator
Looking in links: /cvmfs/soft.computecanada.ca/custom/python/wheelhouse/gentoo2023/x86-64-v3, /cvmfs/soft.computecanada.ca/custom/python/wheelhouse/gentoo2023/generic, /cvmfs/soft.computecanada.ca/custom/python/wheelhouse/generic
Requirement already satisfied: pip in /local/aneumann.27429347.0/env/lib/python3.12/site-packages (24.0)
Processing /cvmfs/soft.computecanada.ca/custom/python/wheelhouse/generic/pip-24.2+computecanada-py3-none-any.whl
Installing collected packages: pip
  Attempting uninstall: pip
    Found existing installation: pip 24.0
    Uninstalling pip-24.0:
      Successfully uninstalled pip-24.0
Successfully installed pip-24.2+computecanada
Looking in links: /cvmfs/soft.computecanada.ca/custom/python/wheelhouse/gentoo2023/x86-64-v3, /cvmfs/soft.computecanada.ca/custom/python/wheelhouse/gentoo2023/generic, /cvmfs/soft.computecanada.ca/custom/python/wheelhouse/generic
ERROR: protobuf-5.28.3-cp38-abi3-manylinux2014_x86_64.whl is not a supported wheel on this platform.
Looking in links: /cvmfs/soft.computecanada.ca/custom/python/wheelhouse/gentoo2023/x86-64-v3, /cvmfs/soft.computecanada.ca/custom/python/wheelhouse/gentoo2023/generic, /cvmfs/soft.computecanada.ca/custom/python/wheelhouse/generic
Processing /home/aneumann/projects/def-adhaj/aneumann/gns/wheels/immutabledict-4.2.0-py3-none-any.whl
Installing collected packages: immutabledict
Successfully installed immutabledict-4.2.0
Looking in links: /cvmfs/soft.computecanada.ca/custom/python/wheelhouse/gentoo2023/x86-64-v3, /cvmfs/soft.computecanada.ca/custom/python/wheelhouse/gentoo2023/generic, /cvmfs/soft.computecanada.ca/custom/python/wheelhouse/generic
Processing /cvmfs/soft.computecanada.ca/custom/python/wheelhouse/generic/ortools-9.10.4067+computecanada-cp312-cp312-linux_x86_64.whl (from -r /home/aneumann/projects/def-adhaj/aneumann/gns/requirements_or.txt (line 1))
Processing /cvmfs/soft.computecanada.ca/custom/python/wheelhouse/gentoo2023/x86-64-v3/pandas-2.2.2+computecanada-cp312-cp312-linux_x86_64.whl (from -r /home/aneumann/projects/def-adhaj/aneumann/gns/requirements_or.txt (line 2))
Processing /cvmfs/soft.computecanada.ca/custom/python/wheelhouse/generic/absl_py-2.1.0+computecanada-py3-none-any.whl (from ortools->-r /home/aneumann/projects/def-adhaj/aneumann/gns/requirements_or.txt (line 1))
Processing /cvmfs/soft.computecanada.ca/custom/python/wheelhouse/gentoo2023/generic/numpy-2.1.1+computecanada-cp312-cp312-linux_x86_64.whl (from ortools->-r /home/aneumann/projects/def-adhaj/aneumann/gns/requirements_or.txt (line 1))
Processing /cvmfs/soft.computecanada.ca/custom/python/wheelhouse/gentoo2023/x86-64-v3/protobuf-5.28.0+computecanada-cp312-cp312-linux_x86_64.whl (from ortools->-r /home/aneumann/projects/def-adhaj/aneumann/gns/requirements_or.txt (line 1))
Requirement already satisfied: immutabledict>=3.0.0 in /local/aneumann.27429347.0/env/lib/python3.12/site-packages (from ortools->-r /home/aneumann/projects/def-adhaj/aneumann/gns/requirements_or.txt (line 1)) (4.2.0)
Processing /cvmfs/soft.computecanada.ca/custom/python/wheelhouse/generic/python_dateutil-2.9.0.post0+computecanada-py2.py3-none-any.whl (from pandas->-r /home/aneumann/projects/def-adhaj/aneumann/gns/requirements_or.txt (line 2))
Processing /cvmfs/soft.computecanada.ca/custom/python/wheelhouse/generic/pytz-2024.2+computecanada-py2.py3-none-any.whl (from pandas->-r /home/aneumann/projects/def-adhaj/aneumann/gns/requirements_or.txt (line 2))
Processing /cvmfs/soft.computecanada.ca/custom/python/wheelhouse/generic/tzdata-2024.2+computecanada-py2.py3-none-any.whl (from pandas->-r /home/aneumann/projects/def-adhaj/aneumann/gns/requirements_or.txt (line 2))
Processing /cvmfs/soft.computecanada.ca/custom/python/wheelhouse/generic/six-1.16.0+computecanada-py2.py3-none-any.whl (from python-dateutil>=2.8.2->pandas->-r /home/aneumann/projects/def-adhaj/aneumann/gns/requirements_or.txt (line 2))
Installing collected packages: pytz, tzdata, six, protobuf, numpy, absl-py, python-dateutil, pandas, ortools
Successfully installed absl-py-2.1.0+computecanada numpy-2.1.1+computecanada ortools-9.10.4067+computecanada pandas-2.2.2+computecanada protobuf-5.28.0+computecanada python-dateutil-2.9.0.post0+computecanada pytz-2024.2+computecanada six-1.16.0+computecanada tzdata-2024.2+computecanada

Starting CP-SAT solver v9.10.4067
Parameters: max_time_in_seconds: 21600 max_memory_in_mb: 118 log_search_progress: true optimize_with_core: true cp_model_presolve: true enumerate_all_solutions: false num_search_workers: 32 use_implied_bounds: true absolute_gap_limit: 5 relative_gap_limit: 0.01 use_probing_search: true

Initial optimization model '': (model_fingerprint: 0x9f652f87e374fd32)
#Variables: 2'417 (#bools: 25 #ints: 1 in objective)
  - 2'093 Booleans in [0,1]
  - 323 in [0,225000]
  - 1 constants in {1} 
#kBoolOr: 1'246 (#literals: 1'246)
#kLinear1: 338
#kLinear2: 6'701
#kLinear3: 1'658
#kLinearN: 354 (#terms: 4'941)

Starting presolve at 0.00s
  2.48e-03s  0.00e+00d  [DetectDominanceRelations] 
  6.48e-02s  0.00e+00d  [PresolveToFixPoint] #num_loops=15 #num_dual_strengthening=5 
  7.89e-05s  0.00e+00d  [ExtractEncodingFromLinear] #potential_supersets=191 
[Symmetry] Graph for symmetry has 8'466 nodes and 17'461 arcs.
[Symmetry] Symmetry computation done. time: 0.00243303 dtime: 0.00233991
[Symmetry] #generators: 1, average support size: 2
[Symmetry] 1 orbits with sizes: 2
[SAT presolve] num removable Booleans: 0 / 1321
[SAT presolve] num trivial clauses: 0
[SAT presolve] [0s] clauses:2138 literals:4276 vars:1285 one_side_vars:1253 simple_definition:32 singleton_clauses:0
[SAT presolve] [0.000225642s] clauses:2138 literals:4276 vars:1285 one_side_vars:1253 simple_definition:32 singleton_clauses:0
[SAT presolve] [0.000332995s] clauses:2138 literals:4276 vars:1285 one_side_vars:1253 simple_definition:32 singleton_clauses:0
  3.88e-01s  6.57e-02d  [Probe] #probed=2'993 #fixed_bools=71 #new_bounds=142 
  6.12e-03s  0.00e+00d  [MaxClique] Merged 2320(6796 literals) into 854(5736 literals) at_most_ones. 
  2.10e-03s  0.00e+00d  [DetectDominanceRelations] 
  1.50e-02s  0.00e+00d  [PresolveToFixPoint] #num_loops=4 #num_dual_strengthening=3 
  2.70e-03s  0.00e+00d  [ProcessAtMostOneAndLinear] #num_changes=1 
  1.86e-03s  0.00e+00d  [DetectDuplicateConstraints] #duplicates=3 #without_enforcements=3 
  4.35e-04s  1.73e-05d  [DetectDominatedLinearConstraints] #relevant_constraints=1'226 
  5.61e-04s  0.00e+00d  [DetectDifferentVariables] #different=16 
  8.78e-04s  2.86e-04d  [ProcessSetPPC] #relevant_constraints=789 #num_inclusions=681 
  6.49e-05s  0.00e+00d  [FindAlmostIdenticalLinearConstraints] 
  4.69e-03s  4.95e-03d  [FindBigAtMostOneAndLinearOverlap] 
  1.08e-03s  2.37e-03d  [FindBigVerticalLinearOverlap] 
  9.10e-05s  1.15e-04d  [FindBigHorizontalLinearOverlap] #linears=21 
  7.80e-05s  0.00e+00d  [MergeClauses] 
  2.06e-03s  0.00e+00d  [DetectDominanceRelations] 
  7.11e-03s  0.00e+00d  [PresolveToFixPoint] #num_loops=1 #num_dual_strengthening=1 
  2.05e-03s  0.00e+00d  [DetectDominanceRelations] 
  7.09e-03s  0.00e+00d  [PresolveToFixPoint] #num_loops=1 #num_dual_strengthening=1 
[Symmetry] Graph for symmetry has 6'476 nodes and 12'770 arcs.
[Symmetry] Symmetry computation done. time: 0.00130901 dtime: 0.00149124
[Symmetry] #generators: 1, average support size: 2
[Symmetry] 1 orbits with sizes: 2
[SAT presolve] num removable Booleans: 0 / 1250
[SAT presolve] num trivial clauses: 0
[SAT presolve] [0s] clauses:14 literals:28 vars:19 one_side_vars:16 simple_definition:3 singleton_clauses:0
[SAT presolve] [4.7355e-05s] clauses:14 literals:28 vars:19 one_side_vars:16 simple_definition:3 singleton_clauses:0
[SAT presolve] [8.8624e-05s] clauses:14 literals:28 vars:19 one_side_vars:16 simple_definition:3 singleton_clauses:0
  1.25e-01s  2.14e-02d  [Probe] #probed=2'922 #new_bounds=52 
  3.08e-03s  0.00e+00d  [MaxClique] Merged 713(4793 literals) into 713(4803 literals) at_most_ones. 
  2.05e-03s  0.00e+00d  [DetectDominanceRelations] 
  1.15e-02s  0.00e+00d  [PresolveToFixPoint] #num_loops=3 #num_dual_strengthening=2 
  2.58e-03s  0.00e+00d  [ProcessAtMostOneAndLinear] 
  1.79e-03s  0.00e+00d  [DetectDuplicateConstraints] #without_enforcements=2 
  4.41e-04s  1.73e-05d  [DetectDominatedLinearConstraints] #relevant_constraints=1'226 
  5.24e-04s  0.00e+00d  [DetectDifferentVariables] #different=16 
  7.74e-04s  2.82e-04d  [ProcessSetPPC] #relevant_constraints=743 #num_inclusions=634 
  6.68e-05s  0.00e+00d  [FindAlmostIdenticalLinearConstraints] 
  4.68e-03s  4.95e-03d  [FindBigAtMostOneAndLinearOverlap] 
  1.07e-03s  2.37e-03d  [FindBigVerticalLinearOverlap] 
  9.30e-05s  1.15e-04d  [FindBigHorizontalLinearOverlap] #linears=21 
  7.69e-05s  0.00e+00d  [MergeClauses] 
  2.13e-03s  0.00e+00d  [DetectDominanceRelations] 
  7.18e-03s  0.00e+00d  [PresolveToFixPoint] #num_loops=1 #num_dual_strengthening=1 
  2.09e-03s  0.00e+00d  [DetectDominanceRelations] 
  7.14e-03s  0.00e+00d  [PresolveToFixPoint] #num_loops=1 #num_dual_strengthening=1 
[Symmetry] Graph for symmetry has 6'476 nodes and 12'778 arcs.
[Symmetry] Symmetry computation done. time: 0.001248 dtime: 0.00149547
[Symmetry] #generators: 1, average support size: 2
[Symmetry] 1 orbits with sizes: 2
[SAT presolve] num removable Booleans: 0 / 1250
[SAT presolve] num trivial clauses: 0
[SAT presolve] [0s] clauses:14 literals:28 vars:19 one_side_vars:16 simple_definition:3 singleton_clauses:0
[SAT presolve] [4.6332e-05s] clauses:14 literals:28 vars:19 one_side_vars:16 simple_definition:3 singleton_clauses:0
[SAT presolve] [8.771e-05s] clauses:14 literals:28 vars:19 one_side_vars:16 simple_definition:3 singleton_clauses:0
  1.23e-01s  2.08e-02d  [Probe] #probed=2'922 #new_bounds=14 
  3.04e-03s  0.00e+00d  [MaxClique] Merged 713(4801 literals) into 713(4803 literals) at_most_ones. 
  2.08e-03s  0.00e+00d  [DetectDominanceRelations] 
  9.23e-03s  0.00e+00d  [PresolveToFixPoint] #num_loops=4 #num_dual_strengthening=3 
  2.61e-03s  0.00e+00d  [ProcessAtMostOneAndLinear] 
  1.80e-03s  0.00e+00d  [DetectDuplicateConstraints] #without_enforcements=2 
  4.43e-04s  1.73e-05d  [DetectDominatedLinearConstraints] #relevant_constraints=1'226 
  4.96e-04s  0.00e+00d  [DetectDifferentVariables] #different=16 
  7.77e-04s  2.82e-04d  [ProcessSetPPC] #relevant_constraints=743 #num_inclusions=634 
  6.92e-05s  0.00e+00d  [FindAlmostIdenticalLinearConstraints] 
  4.63e-03s  4.94e-03d  [FindBigAtMostOneAndLinearOverlap] 
  1.06e-03s  2.37e-03d  [FindBigVerticalLinearOverlap] 
  9.62e-05s  1.15e-04d  [FindBigHorizontalLinearOverlap] #linears=21 
  8.75e-05s  0.00e+00d  [MergeClauses] 
  2.10e-03s  0.00e+00d  [DetectDominanceRelations] 
  7.16e-03s  0.00e+00d  [PresolveToFixPoint] #num_loops=1 #num_dual_strengthening=1 
  1.48e-04s  0.00e+00d  [ExpandObjective] #entries=54 #tight_variables=27 #tight_constraints=9 

Presolve summary:
  - 64 affine relations were detected.
  - rule 'TODO dual: only one blocking constraint?' was applied 26'362 times.
  - rule 'TODO dual: only one unspecified blocking constraint?' was applied 18 times.
  - rule 'TODO dual: tighten at most one' was applied 247 times.
  - rule 'TODO duplicate: identical constraint with different enforcements' was applied 6 times.
  - rule 'TODO linear2: contains a Boolean.' was applied 11'569 times.
  - rule 'affine: new relation' was applied 64 times.
  - rule 'at_most_one: empty or all false' was applied 4 times.
  - rule 'at_most_one: removed literals' was applied 290 times.
  - rule 'at_most_one: size one' was applied 95 times.
  - rule 'at_most_one: transformed into max clique.' was applied 1 time.
  - rule 'bool_and: non-reified.' was applied 16 times.
  - rule 'bool_and: x => x' was applied 3 times.
  - rule 'bool_or: always true' was applied 1'246 times.
  - rule 'bool_or: implications' was applied 5'783 times.
  - rule 'deductions: 406 stored' was applied 1 time.
  - rule 'dual: enforced equivalence' was applied 3 times.
  - rule 'dual: fix variable' was applied 348 times.
  - rule 'dual: fix variable with multiple choices' was applied 4 times.
  - rule 'dual: reduced domain' was applied 206 times.
  - rule 'duplicate: merged rhs of linear constraint' was applied 3 times.
  - rule 'duplicate: removed constraint' was applied 3 times.
  - rule 'duplicate: removed enforced constraint' was applied 1 time.
  - rule 'enforcement: false literal' was applied 3'529 times.
  - rule 'enforcement: literal not used' was applied 20 times.
  - rule 'enforcement: true literal' was applied 16 times.
  - rule 'linear + amo: extracted enforcement literal' was applied 1 time.
  - rule 'linear1: always true' was applied 4 times.
  - rule 'linear2: contains a Boolean.' was applied 5 times.
  - rule 'linear: always true' was applied 1'126 times.
  - rule 'linear: divide by GCD' was applied 4'219 times.
  - rule 'linear: empty' was applied 104 times.
  - rule 'linear: extracted enforcement literal' was applied 570 times.
  - rule 'linear: fixed or dup variables' was applied 1'297 times.
  - rule 'linear: negative clause' was applied 2'025 times.
  - rule 'linear: positive at most one' was applied 186 times.
  - rule 'linear: positive clause' was applied 3'758 times.
  - rule 'linear: positive equal one' was applied 9 times.
  - rule 'linear: reduced variable domains' was applied 945 times.
  - rule 'linear: remapped using affine relations' was applied 2'262 times.
  - rule 'linear: simplified rhs' was applied 17'043 times.
  - rule 'linear: singleton column' was applied 6 times.
  - rule 'objective: variable not used elsewhere' was applied 1 time.
  - rule 'presolve: 823 unused variables removed.' was applied 1 time.
  - rule 'presolve: iteration' was applied 3 times.
  - rule 'setppc: bool_or in at_most_one.' was applied 2 times.
  - rule 'setppc: removed dominated constraints' was applied 44 times.

Presolved optimization model '': (model_fingerprint: 0xdf539d143f78ca67)
#Variables: 1'524 (#bools: 24 #ints: 1 in objective)
  - 1'250 Booleans in [0,1]
  - 1 in [0,729]
  - 1 in [0,730]
  - 1 in [0,740]
  - 1 in [0,1471]
  - 1 in [0,1474]
  - 1 in [0,1475]
  - 17 in [0,1479]
  - 13 in [0,1480]
  - 3 in [0,1487]
  - 12 in [0,1489]
  - 1 in [0,7375]
  - 9 in [0,7395]
  - 20 in [0,7400]
  - 2 in [0,7435]
  - 1 in [0,7441]
  - 15 in [0,7445]
  - 57 in [0,225000]
  - 1 in [2,732]
  - 1 in [2,742]
  - 1 in [2,746]
  - 1 in [3,747]
  - 1 in [5,734]
  - 1 in [5,739]
  - 1 in [8,742]
  - 1 in [21,3744]
  - 1 in [24,3747]
  - 1 in [45,3748]
  - 1 in [46,3749]
  - 1 in [61,3732]
  - 1 in [61,3743]
  - 1 in [67,3749]
  - 1 in [70,3741]
  - 1 in [72,3742]
  - 1 in [80,3750]
  - 1 in [600,219600]
  - 1 in [600,221100]
  - 1 in [600,221700]
  - 1 in [600,222600]
  - 1 in [600,223200]
  - 2 in [600,223380]
  - 1 in [600,223500]
  - 2 in [600,223680]
  - 3 in [600,223800]
  - 2 in [600,223920]
  - 2 in [600,224280]
  - 2 in [600,224340]
  - 4 in [600,224760]
  - 4 in [600,225000]
  - 2 in [657,222600]
  - 1 in [900,224100]
  - 2 in [900,224580]
  - 2 in [1260,224640]
  - 1 in [1440,224854]
  - 1 in [1466,224880]
  - 1 in [1500,220200]
  - 1 in [1500,221100]
  - 1 in [1500,221733]
  - 1 in [1500,222600]
  - 2 in [1500,223380]
  - 2 in [1500,224160]
  - 2 in [1500,224520]
  - 4 in [1500,225000]
  - 1 in [2400,222600]
  - 2 in [2400,223560]
  - 3 in [2546,224400]
  - 3 in [2552,225000]
  - 1 in [2700,224643]
  - 5 in [2700,224880]
  - 1 in [2760,224981]
  - 1 in [2779,225000]
  - 4 in [3025,223961]
  - 2 in [3044,223980]
  - 3 in [3327,223560]
  - 2 in [3573,224280]
  - 3 in [3660,223860]
  - 2 in [3660,223920]
  - 4 in [3660,224580]
  - 1 in [4020,224975]
  - 2 in [4021,224976]
  - 1 in [4045,225000]
  - 1 in [4200,224518]
  - 1 in [4202,224520]
  - 4 in [4320,224520]
  - 4 in [4800,225000]
#kAtMostOne: 699 (#literals: 4'773)
#kBoolAnd: 14 (#enforced: 14) (#literals: 28)
#kExactlyOne: 9 (#literals: 27)
#kLinear1: 2 (#enforced: 2)
#kLinear2: 677 (#enforced: 498 #multi: 13)
#kLinear3: 974
#kLinearN: 73 (#terms: 1'534)

Preloading model.
#Bound   0.85s best:inf   next:[269184,11871600] initial_domain
[Symmetry] Graph for symmetry has 5'583 nodes and 12'778 arcs.
[Symmetry] Symmetry computation done. time: 0.00122694 dtime: 0.00144181
[Symmetry] #generators: 1, average support size: 2
#Model   0.86s var:1524/1524 constraints:2448/2448

Starting search at 0.86s with 32 workers.
16 full problem subsolvers: [core, default_lp, lb_tree_search, max_lp, no_lp, objective_lb_search, objective_lb_search_max_lp, objective_lb_search_no_lp, objective_shaving_search_max_lp, objective_shaving_search_no_lp, probing, probing_max_lp, pseudo_costs, quick_restart, quick_restart_no_lp, reduced_costs]
14 first solution subsolvers: [fj_long_default, fj_long_lin_default, fj_long_random, fj_short_default, fj_short_lin_default, fj_short_lin_random, fj_short_random, fs_random(2), fs_random_no_lp(2), fs_random_quick_restart(2), fs_random_quick_restart_no_lp]
11 incomplete subsolvers: [feasibility_pump, graph_arc_lns, graph_cst_lns, graph_dec_lns, graph_var_lns, rins/rens, rnd_cst_lns, rnd_var_lns, violation_ls(3)]
3 helper subsolvers: [neighborhood_helper, synchronization_agent, update_gap_integral]
#Bound   0.94s best:inf   next:[269188,11871600] objective_shaving_search_no_lp (vars=1526 csts=2481)
#Bound   0.96s best:inf   next:[269192,11871600] objective_shaving_search_no_lp (vars=1524 csts=2449)
#Bound   0.97s best:inf   next:[269196,11871600] objective_shaving_search_no_lp (vars=1524 csts=2449)
#Bound   0.98s best:inf   next:[269200,11871600] objective_shaving_search_no_lp (vars=1524 csts=2449)
#Bound   0.99s best:inf   next:[269204,11871600] objective_shaving_search_no_lp (vars=1524 csts=2449)
#Bound   1.00s best:inf   next:[269208,11871600] objective_shaving_search_max_lp (vars=1524 csts=2449)
#Bound   1.01s best:inf   next:[269212,11871600] objective_shaving_search_max_lp (vars=1524 csts=2449)
#Bound   1.02s best:inf   next:[269216,11871600] objective_shaving_search_no_lp (vars=1524 csts=2449)
#Bound   1.02s best:inf   next:[269220,11871600] objective_shaving_search_no_lp (vars=1524 csts=2449)
#Bound   1.04s best:inf   next:[269224,11871600] objective_shaving_search_no_lp (vars=1524 csts=2449)
#Bound   1.05s best:inf   next:[269228,11871600] objective_shaving_search_no_lp (vars=1524 csts=2449)
#1       1.05s best:11856144 next:[269228,11856140] fj_long_random(batch:1 #lin_moves:5'613 #lin_evals:10'098 #weight_updates:347)
#2       1.05s best:11856092 next:[269228,11856088] violation_ls(batch:1 #solutions_imported:1 #lin_moves:10 #lin_evals:55 #weight_updates:6)
#Bound   1.06s best:11856092 next:[269232,11856088] objective_shaving_search_max_lp (vars=1524 csts=2449)
#3       1.06s best:11856040 next:[269232,11856036] violation_ls(batch:1 #solutions_imported:1 #lin_moves:0 #lin_evals:4'460 #gen_moves:68 #gen_evals:0 #comp_moves:8 #backtracks:30 #weight_updates:1)
#4       1.06s best:11855988 next:[269232,11855984] violation_ls(batch:2 #solutions_imported:2 #lin_moves:20 #lin_evals:111 #weight_updates:13)
#5       1.10s best:11855936 next:[269232,11855932] violation_ls(batch:3 #solutions_imported:3 #lin_moves:0 #lin_evals:14'990 #gen_moves:246 #gen_evals:0 #comp_moves:28 #backtracks:109 #weight_updates:4)
#6       1.10s best:11855884 next:[269232,11855880] violation_ls(batch:3 #solutions_imported:3 #lin_moves:20 #lin_evals:3'425 #gen_moves:54 #gen_evals:0 #comp_moves:10 #backtracks:22 #weight_updates:14)
#7       1.10s best:11855832 next:[269232,11855828] violation_ls(batch:3 #solutions_imported:3 #lin_moves:10 #lin_evals:8'885 #gen_moves:132 #gen_evals:0 #comp_moves:16 #backtracks:58 #weight_updates:9)
#Bound   1.25s best:11855832 next:[287512,11855828] max_lp
#Bound   1.36s best:11855832 next:[288184,11855828] lb_tree_search
#8       1.43s best:11855780 next:[288184,11855776] violation_ls(batch:4 #solutions_imported:4 #lin_moves:10 #lin_evals:15'046 #gen_moves:246 #gen_evals:0 #comp_moves:28 #backtracks:109 #weight_updates:11)
#9       1.43s best:11855728 next:[288184,11855724] violation_ls(batch:4 #solutions_imported:4 #lin_moves:30 #lin_evals:3'478 #gen_moves:54 #gen_evals:0 #comp_moves:10 #backtracks:22 #weight_updates:20)
#10      1.43s best:11855676 next:[288184,11855672] violation_ls(batch:4 #solutions_imported:4 #lin_moves:22 #lin_evals:8'945 #gen_moves:132 #gen_evals:0 #comp_moves:16 #backtracks:58 #weight_updates:16)
#Bound   1.55s best:11855676 next:[288380,11855672] lb_tree_search
#11      1.56s best:11855624 next:[288380,11855620] violation_ls(batch:5 #solutions_imported:5 #lin_moves:18 #lin_evals:15'095 #gen_moves:246 #gen_evals:0 #comp_moves:28 #backtracks:109 #weight_updates:16)
#12      1.56s best:11855572 next:[288380,11855568] violation_ls(batch:5 #solutions_imported:5 #lin_moves:30 #lin_evals:10'866 #gen_moves:210 #gen_evals:0 #comp_moves:20 #backtracks:95 #weight_updates:22)
#13      1.56s best:11855520 next:[288380,11855516] violation_ls(batch:5 #solutions_imported:5 #lin_moves:22 #lin_evals:12'320 #gen_moves:192 #gen_evals:0 #comp_moves:24 #backtracks:84 #weight_updates:17)
#Bound   1.61s best:11855520 next:[288552,11855516] max_lp
#14      1.64s best:11852124 next:[288552,11852120] rnd_cst_lns (d=0.50 s=87 t=0.10 p=0.00 stall=0 h=auto_l0)
#Bound   1.66s best:11852124 next:[294192,11852120] reduced_costs
#Bound   1.70s best:11852124 next:[296068,11852120] objective_lb_search_max_lp
#Bound   1.78s best:11852124 next:[301672,11852120] default_lp
#Bound   1.96s best:11852124 next:[301680,11852120] default_lp
#Bound   2.05s best:11852124 next:[305916,11852120] objective_lb_search
#Bound   2.09s best:11852124 next:[306628,11852120] objective_lb_search_max_lp
#Bound   2.96s best:11852124 next:[330116,11852120] pseudo_costs [skipped_logs=13]
#Model   3.27s var:1523/1524 constraints:2447/2448
#Bound   3.30s best:11852124 next:[337824,11852120] pseudo_costs [skipped_logs=2]
#Model   4.28s var:1522/1524 constraints:2446/2448
#Model   5.69s var:1521/1524 constraints:2445/2448
#Model   9.49s var:1520/1524 constraints:2445/2448
#Model  10.20s var:1519/1524 constraints:2445/2448
#Model  10.30s var:1518/1524 constraints:2445/2448
#Model  12.31s var:1517/1524 constraints:2444/2448
#Model  12.81s var:1516/1524 constraints:2444/2448
#15     22.66s best:11849532 next:[337824,11849528] quick_restart_no_lp (fixed_bools=105/2112)
#16     23.44s best:11842716 next:[337824,11842712] quick_restart_no_lp (fixed_bools=105/2119)
#Model  55.24s var:1515/1524 constraints:2444/2448
#Bound 152.56s best:11842716 next:[337876,11842712] reduced_costs
#Bound 220.45s best:11842716 next:[337880,11842712] objective_lb_search_max_lp
#Bound 220.80s best:11842716 next:[337884,11842712] objective_lb_search_max_lp
#Bound 221.43s best:11842716 next:[337932,11842712] objective_lb_search_max_lp
#Bound 222.03s best:11842716 next:[339632,11842712] objective_lb_search_max_lp
#Bound 223.99s best:11842716 next:[339640,11842712] objective_lb_search_max_lp
#Bound 224.47s best:11842716 next:[339828,11842712] objective_lb_search_max_lp
#Bound 224.94s best:11842716 next:[339852,11842712] objective_lb_search_max_lp
#Bound 226.61s best:11842716 next:[339864,11842712] objective_lb_search_max_lp
#Bound 226.96s best:11842716 next:[339868,11842712] objective_lb_search_max_lp
#Bound 227.28s best:11842716 next:[339896,11842712] objective_lb_search_max_lp
#Bound 227.48s best:11842716 next:[339904,11842712] objective_lb_search_max_lp
#Bound 229.53s best:11842716 next:[339912,11842712] objective_lb_search_max_lp
#Bound 229.76s best:11842716 next:[340576,11842712] objective_lb_search_max_lp
#Bound 230.01s best:11842716 next:[341140,11842712] objective_lb_search_max_lp
#17    230.10s best:11839884 next:[341140,11839880] quick_restart_no_lp (fixed_bools=198/2516)
#Bound 230.24s best:11839884 next:[341152,11839880] objective_lb_search_max_lp
#18    230.40s best:11832828 next:[341152,11832824] quick_restart_no_lp (fixed_bools=198/2562)
#Bound 233.07s best:11832828 next:[341156,11832824] objective_lb_search_max_lp
#Bound 233.30s best:11832828 next:[341204,11832824] objective_lb_search_max_lp
#Bound 244.90s best:11832828 next:[341232,11832824] objective_lb_search_max_lp
#Bound 248.32s best:11832828 next:[341256,11832824] objective_lb_search_max_lp
#Bound 259.04s best:11832828 next:[341268,11832824] objective_lb_search_max_lp
#Bound 259.71s best:11832828 next:[341288,11832824] objective_lb_search_max_lp
#Bound 259.88s best:11832828 next:[341292,11832824] objective_lb_search_max_lp
#Bound 260.08s best:11832828 next:[341308,11832824] objective_lb_search_max_lp
#Bound 260.72s best:11832828 next:[341336,11832824] objective_lb_search_max_lp
#Bound 260.99s best:11832828 next:[341364,11832824] objective_lb_search_max_lp
#Bound 261.33s best:11832828 next:[341392,11832824] objective_lb_search_max_lp
#Bound 261.69s best:11832828 next:[341412,11832824] objective_lb_search_max_lp
#Model 290.11s var:1514/1524 constraints:2443/2448
#Bound 327.83s best:11832828 next:[341428,11832824] objective_lb_search_max_lp
#Bound 328.27s best:11832828 next:[341656,11832824] objective_lb_search_max_lp
#Bound 328.42s best:11832828 next:[342552,11832824] objective_lb_search_max_lp
#Bound 328.62s best:11832828 next:[342612,11832824] objective_lb_search_max_lp
#Bound 328.81s best:11832828 next:[342628,11832824] objective_lb_search_max_lp
#Bound 329.56s best:11832828 next:[342632,11832824] objective_lb_search_max_lp
#Bound 330.60s best:11832828 next:[342636,11832824] objective_lb_search_max_lp
#Bound 330.80s best:11832828 next:[342644,11832824] objective_lb_search_max_lp
#Bound 331.06s best:11832828 next:[342648,11832824] objective_lb_search_max_lp
#Bound 332.68s best:11832828 next:[342652,11832824] objective_lb_search_max_lp
#Bound 350.73s best:11832828 next:[342656,11832824] objective_lb_search_max_lp
#Bound 354.52s best:11832828 next:[342660,11832824] objective_lb_search_max_lp
#Bound 358.92s best:11832828 next:[342664,11832824] objective_lb_search_max_lp
#Bound 359.53s best:11832828 next:[342700,11832824] objective_lb_search_max_lp
#Bound 360.02s best:11832828 next:[342716,11832824] objective_lb_search_max_lp
#Bound 360.56s best:11832828 next:[342732,11832824] objective_lb_search_max_lp
#Bound 360.96s best:11832828 next:[342748,11832824] objective_lb_search_max_lp
#Bound 361.34s best:11832828 next:[342772,11832824] objective_lb_search_max_lp
#Bound 362.30s best:11832828 next:[342776,11832824] objective_lb_search_max_lp
#Bound 363.30s best:11832828 next:[342796,11832824] objective_lb_search_max_lp
#Bound 363.79s best:11832828 next:[342828,11832824] objective_lb_search_max_lp
#Bound 419.95s best:11832828 next:[342848,11832824] objective_lb_search_max_lp
#Bound 421.09s best:11832828 next:[342852,11832824] objective_lb_search_max_lp
#Bound 437.34s best:11832828 next:[342868,11832824] objective_lb_search_max_lp
#Bound 438.42s best:11832828 next:[342876,11832824] objective_lb_search_max_lp
#Bound 439.40s best:11832828 next:[342880,11832824] objective_lb_search_max_lp
#Bound 448.94s best:11832828 next:[342896,11832824] objective_lb_search_max_lp
#Bound 449.70s best:11832828 next:[342936,11832824] objective_lb_search_max_lp
#Bound 450.40s best:11832828 next:[342944,11832824] objective_lb_search_max_lp
#Bound 451.55s best:11832828 next:[342956,11832824] objective_lb_search_max_lp
#Bound 451.77s best:11832828 next:[342984,11832824] objective_lb_search_max_lp
#Bound 452.45s best:11832828 next:[342992,11832824] objective_lb_search_max_lp
#Bound 453.20s best:11832828 next:[342996,11832824] objective_lb_search_max_lp
#Bound 457.40s best:11832828 next:[343000,11832824] objective_lb_search_max_lp
#Bound 508.85s best:11832828 next:[343008,11832824] objective_lb_search_max_lp
#Bound 514.89s best:11832828 next:[343024,11832824] objective_lb_search_max_lp
#Bound 515.17s best:11832828 next:[343032,11832824] objective_lb_search_max_lp
#Bound 515.51s best:11832828 next:[343036,11832824] objective_lb_search_max_lp
#Bound 613.58s best:11832828 next:[343040,11832824] objective_lb_search_max_lp
#Bound 614.15s best:11832828 next:[343044,11832824] objective_lb_search_max_lp
#Bound 614.64s best:11832828 next:[343048,11832824] objective_lb_search_max_lp
#Bound 615.99s best:11832828 next:[343052,11832824] objective_lb_search_max_lp
#Bound 616.49s best:11832828 next:[343056,11832824] objective_lb_search_max_lp
#Bound 617.68s best:11832828 next:[343060,11832824] objective_lb_search_max_lp
#Bound 618.11s best:11832828 next:[343072,11832824] objective_lb_search_max_lp
#Bound 620.40s best:11832828 next:[343088,11832824] objective_lb_search_max_lp
#Bound 620.76s best:11832828 next:[343100,11832824] objective_lb_search_max_lp
#Bound 626.51s best:11832828 next:[343108,11832824] objective_lb_search_max_lp
#Bound 627.61s best:11832828 next:[343112,11832824] objective_lb_search_max_lp
#Bound 651.01s best:11832828 next:[343128,11832824] objective_lb_search_max_lp
#Bound 651.90s best:11832828 next:[343132,11832824] objective_lb_search_max_lp
#Bound 652.12s best:11832828 next:[343144,11832824] objective_lb_search_max_lp
#Bound 652.40s best:11832828 next:[343152,11832824] objective_lb_search_max_lp
#Bound 652.62s best:11832828 next:[343168,11832824] objective_lb_search_max_lp
#Bound 652.84s best:11832828 next:[343180,11832824] objective_lb_search_max_lp
#Bound 662.38s best:11832828 next:[343192,11832824] reduced_costs
#Bound 662.80s best:11832828 next:[343304,11832824] reduced_costs
#Bound 663.22s best:11832828 next:[343440,11832824] reduced_costs
#Bound 672.30s best:11832828 next:[343448,11832824] reduced_costs
#Bound 672.72s best:11832828 next:[343460,11832824] reduced_costs
#Bound 673.06s best:11832828 next:[343492,11832824] reduced_costs
#Bound 673.87s best:11832828 next:[343496,11832824] reduced_costs
#Bound 674.37s best:11832828 next:[343520,11832824] reduced_costs
#Bound 674.84s best:11832828 next:[343544,11832824] reduced_costs
#Bound 675.27s best:11832828 next:[343572,11832824] reduced_costs
#Bound 677.00s best:11832828 next:[343596,11832824] reduced_costs
#Bound 677.35s best:11832828 next:[343600,11832824] reduced_costs
#Bound 677.72s best:11832828 next:[343616,11832824] reduced_costs
#Bound 678.10s best:11832828 next:[343656,11832824] reduced_costs
#Bound 678.47s best:11832828 next:[343660,11832824] reduced_costs
#Bound 678.51s best:11832828 next:[343680,11832824] reduced_costs
#Bound 678.85s best:11832828 next:[343700,11832824] reduced_costs
#Bound 696.38s best:11832828 next:[343804,11832824] probing_max_lp
#Bound 697.32s best:11832828 next:[343808,11832824] probing_max_lp
#Bound 698.44s best:11832828 next:[343856,11832824] probing_max_lp
#Bound 699.08s best:11832828 next:[343880,11832824] probing_max_lp
#Bound 700.37s best:11832828 next:[343928,11832824] probing_max_lp
#Bound 760.65s best:11832828 next:[343948,11832824] pseudo_costs
#Bound 760.92s best:11832828 next:[343972,11832824] pseudo_costs
#Bound 762.67s best:11832828 next:[343992,11832824] pseudo_costs
#Bound 763.67s best:11832828 next:[343996,11832824] pseudo_costs
#Bound 764.50s best:11832828 next:[344004,11832824] pseudo_costs
#Bound 764.82s best:11832828 next:[344096,11832824] pseudo_costs
#Bound 768.48s best:11832828 next:[344100,11832824] pseudo_costs
#Bound 768.81s best:11832828 next:[344196,11832824] pseudo_costs
#Bound 769.14s best:11832828 next:[345348,11832824] pseudo_costs
#Bound 793.07s best:11832828 next:[345612,11832824] pseudo_costs
#Bound 798.12s best:11832828 next:[345636,11832824] pseudo_costs
#Bound 829.62s best:11832828 next:[345876,11832824] pseudo_costs
#Bound 829.89s best:11832828 next:[346188,11832824] pseudo_costs
#Bound 830.11s best:11832828 next:[346220,11832824] pseudo_costs
#Bound 830.35s best:11832828 next:[346260,11832824] pseudo_costs
#Bound 830.58s best:11832828 next:[346284,11832824] pseudo_costs
#Bound 830.93s best:11832828 next:[346948,11832824] pseudo_costs
#Bound 831.64s best:11832828 next:[348484,11832824] pseudo_costs
#19    2674.91s best:11827116 next:[348484,11827112] quick_restart_no_lp (fixed_bools=372/4143)
#20    3733.62s best:11822592 next:[348484,11822588] no_lp (fixed_bools=363/2543)
#21    3748.01s best:11815776 next:[348484,11815772] no_lp (fixed_bools=363/2780)
#22    3751.01s best:11812224 next:[348484,11812220] no_lp (fixed_bools=363/2799)
#23    3763.08s best:11809296 next:[348484,11809292] no_lp (fixed_bools=363/3109)
#24    3768.45s best:11806608 next:[348484,11806604] no_lp (fixed_bools=363/3262)
#25    3840.44s best:1187404 next:[348484,1187400] no_lp (fixed_bools=371/3726)
#26    3841.09s best:1184572 next:[348484,1184568] no_lp (fixed_bools=371/3741)
#27    4267.44s best:1178252 next:[348484,1178248] no_lp (fixed_bools=733/4164)
#28    4267.52s best:1174924 next:[348484,1174920] no_lp (fixed_bools=733/4168)
#29    4294.39s best:1172092 next:[348484,1172088] quick_restart_no_lp (fixed_bools=1195/6655)
#30    4846.54s best:1161460 next:[348484,1161456] no_lp (fixed_bools=938/5964)
#31    5023.01s best:1153108 next:[348484,1153104] quick_restart_no_lp (fixed_bools=1477/7830)
#32    5352.56s best:1018944 next:[348484,1018940] no_lp (fixed_bools=1354/6998)
#33    5500.23s best:1011888 next:[348484,1011884] quick_restart_no_lp (fixed_bools=2330/8611)
#34    5605.02s best:1008336 next:[348484,1008332] quick_restart_no_lp (fixed_bools=2467/8875)
#35    5909.20s best:1001520 next:[348484,1001516] quick_restart_no_lp (fixed_bools=2641/9696)
#36    5909.42s best:995808 next:[348484,995804] quick_restart_no_lp (fixed_bools=2641/9728)
#37    6035.25s best:986352 next:[348484,986348] no_lp (fixed_bools=2668/8731)
#38    6036.13s best:983520 next:[348484,983516] no_lp (fixed_bools=2668/8759)
#39    6063.22s best:982800 next:[348484,982796] quick_restart_no_lp (fixed_bools=3031/10337)
#40    6327.92s best:671232 next:[348484,671228] objective_lb_search_no_lp (fixed_bools=2054/5982)
#Model 6356.01s var:1513/1524 constraints:2442/2448
#41    6496.67s best:664416 next:[348484,664412] quick_restart_no_lp (fixed_bools=4398/11040)
#Model 6518.13s var:1512/1524 constraints:2441/2448
#42    6725.26s best:649344 next:[348484,649340] objective_lb_search_no_lp (fixed_bools=3028/6726)
#43    6726.15s best:636720 next:[348484,636716] objective_lb_search_no_lp (fixed_bools=3028/6860)
#Model 6740.58s var:1511/1524 constraints:2441/2448
#Model 6741.98s var:1510/1524 constraints:2440/2448
#44    7185.47s best:633168 next:[348484,633164] quick_restart_no_lp (fixed_bools=4870/11907)
#45    7562.92s best:612316 next:[348484,612312] objective_lb_search_no_lp (fixed_bools=3449/8764)
#Model 7569.50s var:1509/1524 constraints:2438/2448
#46    7916.14s best:610780 next:[348484,610776] quick_restart_no_lp (fixed_bools=5349/12877)
#47    7923.13s best:607084 next:[348484,607080] quick_restart_no_lp (fixed_bools=5360/12917)
#48    9016.49s best:599904 next:[348484,599900] objective_lb_search_no_lp (fixed_bools=3985/13668)
#49    9066.10s best:593088 next:[348484,593084] quick_restart_no_lp (fixed_bools=5666/13739)
#Model 9072.25s var:1508/1524 constraints:2437/2448
#50    9196.66s best:586032 next:[348484,586028] quick_restart_no_lp (fixed_bools=5821/14153)
#Model 9205.66s var:1507/1524 constraints:2436/2448
#51    10737.42s best:583440 next:[348484,583436] quick_restart_no_lp (fixed_bools=6020/15448)
#52    13676.97s best:577728 next:[348484,577724] quick_restart_no_lp (fixed_bools=6199/17045)
#Model 13705.56s var:1506/1524 constraints:2436/2448
#53    15274.89s best:567696 next:[348484,567692] quick_restart_no_lp (fixed_bools=6405/18143)
#Model 15281.46s var:1505/1524 constraints:2435/2448
#Bound 16972.94s best:567696 next:[348488,567692] lb_tree_search
#Bound 16973.50s best:567696 next:[348512,567692] lb_tree_search
#Bound 16973.80s best:567696 next:[348536,567692] lb_tree_search
#Model 18112.93s var:1504/1524 constraints:2435/2448
#54    18924.51s best:566832 next:[348536,566828] quick_restart_no_lp (fixed_bools=6706/20327)
#Model 18952.32s var:1503/1524 constraints:2435/2448
#55    19757.65s best:564624 next:[348536,564620] quick_restart_no_lp (fixed_bools=6774/20875)
#Model 20579.76s var:1502/1524 constraints:2434/2448
#Model 20580.87s var:1501/1524 constraints:2432/2448

Task timing                                  n [     min,      max]      avg      dev     time         n [     min,      max]      avg      dev    dtime
                             'core':         1 [   6.00h,    6.00h]    6.00h   0.00ns    6.00h         1 [   4.62h,    4.62h]    4.62h   0.00ns    4.62h
                       'default_lp':         1 [   6.00h,    6.00h]    6.00h   0.00ns    6.00h         1 [  41.00m,   41.00m]   41.00m   0.00ns   41.00m
                 'feasibility_pump':         3 [ 56.13ms,    1.46s] 802.50ms 576.70ms    2.41s         2 [253.77ms, 434.05ms] 343.91ms  90.14ms 687.82ms
                  'fj_long_default':         1 [170.65ms, 170.65ms] 170.65ms   0.00ns 170.65ms         1 [ 38.32ms,  38.32ms]  38.32ms   0.00ns  38.32ms
              'fj_long_lin_default':         2 [ 70.31ms,  70.92ms]  70.62ms 306.98us 141.23ms         2 [ 15.48ms,  17.90ms]  16.69ms   1.21ms  33.38ms
                   'fj_long_random':         1 [121.14ms, 121.14ms] 121.14ms   0.00ns 121.14ms         1 [ 22.78ms,  22.78ms]  22.78ms   0.00ns  22.78ms
                 'fj_short_default':         2 [105.77ms, 113.05ms] 109.41ms   3.64ms 218.82ms         2 [ 18.41ms,  24.92ms]  21.66ms   3.26ms  43.33ms
             'fj_short_lin_default':         2 [ 92.17ms, 111.30ms] 101.73ms   9.57ms 203.47ms         2 [ 20.28ms,  26.92ms]  23.60ms   3.32ms  47.20ms
              'fj_short_lin_random':         2 [ 80.93ms, 112.63ms]  96.78ms  15.85ms 193.56ms         2 [ 19.93ms,  20.47ms]  20.20ms 268.64us  40.39ms
                  'fj_short_random':         2 [ 94.94ms,  96.08ms]  95.51ms 568.26us 191.03ms         2 [ 20.43ms,  22.25ms]  21.34ms 907.72us  42.68ms
                        'fs_random':         1 [187.83ms, 187.83ms] 187.83ms   0.00ns 187.83ms         1 [ 20.00ns,  20.00ns]  20.00ns   0.00ns  20.00ns
                        'fs_random':         1 [189.51ms, 189.51ms] 189.51ms   0.00ns 189.51ms         1 [ 20.00ns,  20.00ns]  20.00ns   0.00ns  20.00ns
                  'fs_random_no_lp':         1 [179.87ms, 179.87ms] 179.87ms   0.00ns 179.87ms         0 [  0.00ns,   0.00ns]   0.00ns   0.00ns   0.00ns
                  'fs_random_no_lp':         1 [182.35ms, 182.35ms] 182.35ms   0.00ns 182.35ms         0 [  0.00ns,   0.00ns]   0.00ns   0.00ns   0.00ns
          'fs_random_quick_restart':         1 [188.14ms, 188.14ms] 188.14ms   0.00ns 188.14ms         1 [ 20.00ns,  20.00ns]  20.00ns   0.00ns  20.00ns
          'fs_random_quick_restart':         1 [190.67ms, 190.67ms] 190.67ms   0.00ns 190.67ms         1 [ 20.00ns,  20.00ns]  20.00ns   0.00ns  20.00ns
    'fs_random_quick_restart_no_lp':         1 [181.63ms, 181.63ms] 181.63ms   0.00ns 181.63ms         0 [  0.00ns,   0.00ns]   0.00ns   0.00ns   0.00ns
                    'graph_arc_lns':         5 [396.63ms,    6.00h]    2.40h    2.94h   12.00h         4 [ 20.00ns, 107.02ms]  76.76ms  44.41ms 307.03ms
                    'graph_cst_lns':         4 [337.52ms,    6.00h]    4.50h    2.60h   18.00h         2 [221.00ns, 100.00ms]  50.00ms  50.00ms 100.00ms
                    'graph_dec_lns':         4 [353.52ms, 933.50ms] 553.08ms 224.36ms    2.21s         4 [100.00ms, 100.33ms] 100.10ms 132.77us 400.41ms
                    'graph_var_lns':         5 [308.64ms,    6.00h]    4.80h    2.40h   24.00h         2 [422.00ns, 100.02ms]  50.01ms  50.01ms 100.02ms
                   'lb_tree_search':         1 [   6.00h,    6.00h]    6.00h   0.00ns    6.00h         1 [  28.91m,   28.91m]   28.91m   0.00ns   28.91m
                           'max_lp':         1 [   6.00h,    6.00h]    6.00h   0.00ns    6.00h         1 [  35.62m,   35.62m]   35.62m   0.00ns   35.62m
                            'no_lp':         1 [   6.00h,    6.00h]    6.00h   0.00ns    6.00h         1 [   4.85h,    4.85h]    4.85h   0.00ns    4.85h
              'objective_lb_search':         1 [   6.00h,    6.00h]    6.00h   0.00ns    6.00h         1 [  41.65m,   41.65m]   41.65m   0.00ns   41.65m
       'objective_lb_search_max_lp':         1 [   6.00h,    6.00h]    6.00h   0.00ns    6.00h         1 [  27.71m,   27.71m]   27.71m   0.00ns   27.71m
        'objective_lb_search_no_lp':         1 [   6.00h,    6.00h]    6.00h   0.00ns    6.00h         1 [   4.52h,    4.52h]    4.52h   0.00ns    4.52h
  'objective_shaving_search_max_lp':         9 [  8.00ms,  88.80ms]  20.55ms  24.41ms 184.94ms         0 [  0.00ns,   0.00ns]   0.00ns   0.00ns   0.00ns
   'objective_shaving_search_no_lp':        12 [  7.68ms,  78.17ms]  15.98ms  19.25ms 191.78ms         0 [  0.00ns,   0.00ns]   0.00ns   0.00ns   0.00ns
                          'probing':         1 [   6.00h,    6.00h]    6.00h   0.00ns    6.00h         1 [  38.85m,   38.85m]   38.85m   0.00ns   38.85m
                   'probing_max_lp':         1 [   6.00h,    6.00h]    6.00h   0.00ns    6.00h         1 [  37.64m,   37.64m]   37.64m   0.00ns   37.64m
                     'pseudo_costs':         1 [   6.00h,    6.00h]    6.00h   0.00ns    6.00h         1 [  29.61m,   29.61m]   29.61m   0.00ns   29.61m
                    'quick_restart':         1 [   6.00h,    6.00h]    6.00h   0.00ns    6.00h         1 [  41.01m,   41.01m]   41.01m   0.00ns   41.01m
              'quick_restart_no_lp':         1 [   6.00h,    6.00h]    6.00h   0.00ns    6.00h         1 [   3.82h,    3.82h]    3.82h   0.00ns    3.82h
                    'reduced_costs':         1 [   6.00h,    6.00h]    6.00h   0.00ns    6.00h         1 [  39.70m,   39.70m]   39.70m   0.00ns   39.70m
                        'rins/rens':         1 [   6.00h,    6.00h]    6.00h   0.00ns    6.00h         1 [ 10.00ns,  10.00ns]  10.00ns   0.00ns  10.00ns
                      'rnd_cst_lns':         5 [191.97ms,    6.00h]    3.60h    2.94h   18.00h         3 [  7.26us, 100.14ms]  66.74ms  47.18ms 200.21ms
                      'rnd_var_lns':         5 [   6.00h,    6.00h]    6.00h 213.85ms   30.00h         1 [169.00ns, 169.00ns] 169.00ns   0.00ns 169.00ns
                     'violation_ls':         5 [316.96us,   7.59ms]   2.96ms   2.62ms  14.81ms         5 [ 14.44us, 983.28us] 547.67us 440.02us   2.74ms
                     'violation_ls':         5 [332.51us,   5.62ms]   2.33ms   1.88ms  11.65ms         5 [ 13.61us,   1.83ms] 509.22us 709.56us   2.55ms
                     'violation_ls':         5 [405.45us,   6.22ms]   3.08ms   2.36ms  15.39ms         5 [ 13.10us,   1.67ms] 655.14us 614.39us   3.28ms

Search stats                         Bools  Conflicts     Branches    Restarts      BoolPropag   IntegerPropag
                           'core':  23'645  7'032'294  394'853'493  73'710'419  29'283'630'440  13'101'415'544
                     'default_lp':   1'800         10       72'383      40'878       3'139'301       6'461'604
                      'fs_random':   1'252          0        1'628       1'628          30'872         103'548
                      'fs_random':   1'252          0        1'888       1'888          35'314         118'045
                'fs_random_no_lp':   1'252          0        1'766       1'766          32'935         111'071
                'fs_random_no_lp':   1'252          0        1'928       1'928          36'110         120'350
        'fs_random_quick_restart':   1'252          0        1'898       1'898          35'517         118'494
        'fs_random_quick_restart':   1'252          0        1'902       1'902          35'608         118'707
  'fs_random_quick_restart_no_lp':   1'252          0        1'926       1'926          36'063         120'219
                 'lb_tree_search':   1'800          8       84'920      46'948       3'655'090       7'483'274
                         'max_lp':   1'800          7       75'048      42'165       3'286'378       6'764'914
                          'no_lp':  31'983  7'853'879  377'818'605  69'161'327  42'932'497'070  12'028'272'710
            'objective_lb_search':   1'800          9       73'610      41'438       3'198'960       6'610'041
     'objective_lb_search_max_lp':   1'800         10       70'762      40'041       3'068'074       6'342'417
      'objective_lb_search_no_lp':  27'834  6'002'292  390'709'441  72'035'943  35'591'724'685  12'471'864'125
                        'probing':   1'800         10       70'947      40'424       3'133'450       6'426'417
                 'probing_max_lp':   1'800          8       69'864      39'914       3'107'996       6'337'233
                   'pseudo_costs':   1'800         10       76'875      43'093       3'316'804       6'848'545
                  'quick_restart':   1'800         12       71'518      40'429       3'101'532       6'397'484
            'quick_restart_no_lp':  21'592  2'357'261  502'359'023  77'062'101  35'281'298'967  13'684'557'035
                  'reduced_costs':   1'800         12       71'440      40'357       3'113'359       6'441'302

SAT stats                           ClassicMinim  LitRemoved     LitLearned   LitForgotten  Subsumed  MClauses  MDecisions  MLitTrue  MSubsumed  MLitRemoved  MReused
                           'core':     6'794'426  71'477'955  2'133'310'079  2'094'385'006    93'666   279'965   9'445'433        10      1'452      119'456  112'438
                     'default_lp':             1           4             11              0         0         0           0         0          0            0        0
                      'fs_random':             0           0              0              0         0         0           0         0          0            0        0
                      'fs_random':             0           0              0              0         0         0           0         0          0            0        0
                'fs_random_no_lp':             0           0              0              0         0         0           0         0          0            0        0
                'fs_random_no_lp':             0           0              0              0         0         0           0         0          0            0        0
        'fs_random_quick_restart':             0           0              0              0         0         0           0         0          0            0        0
        'fs_random_quick_restart':             0           0              0              0         0         0           0         0          0            0        0
  'fs_random_quick_restart_no_lp':             0           0              0              0         0         0           0         0          0            0        0
                 'lb_tree_search':             2           2             10              0         0         0           0         0          0            0        0
                         'max_lp':             1           5              8              0         0         0           0         0          0            0        0
                          'no_lp':     7'582'032  80'880'287  2'353'951'834  2'307'657'850   110'166   352'560   8'092'009         1      1'686       85'393  104'135
            'objective_lb_search':             0           0              9              0         0         0           0         0          0            0        0
     'objective_lb_search_max_lp':             1           4             11              0         0         0           0         0          0            0        0
      'objective_lb_search_no_lp':     5'769'165  59'888'175  1'834'831'287  1'793'753'951    94'992   373'744  10'497'604         0      1'270       74'449  150'801
                        'probing':             0           0             11              0         0         0           0         0          0            0        0
                 'probing_max_lp':             2           5             10              0         0         0           0         0          0            0        0
                   'pseudo_costs':             1           3             12              0         0         0           0         0          0            0        0
                  'quick_restart':             3           3             15              0         0         0           0         0          0            0        0
            'quick_restart_no_lp':     1'969'566  15'881'838    856'814'503    782'408'095   173'790   232'303  23'971'979         3      1'586      101'681  122'515
                  'reduced_costs':             3           9             15              0         0         0           0         0          0            0        0

Lp stats                         Component  Iterations  AddedCuts  OPTIMAL  DUAL_F.  DUAL_U.
                  'default_lp':          1  10'327'545  5'288'660  230'293       27        0
                   'fs_random':          1           0          0        0        0        0
                   'fs_random':          1           0          0        0        0        0
     'fs_random_quick_restart':          1           0          0        0        0        0
     'fs_random_quick_restart':          1           0          0        0        0        0
              'lb_tree_search':          1   9'077'106    808'117  157'694   48'665        0
                      'max_lp':          1   8'783'824    780'653  139'429   44'800        0
         'objective_lb_search':          1  10'909'764  5'292'797  233'518       18        0
  'objective_lb_search_max_lp':          1   7'165'231    814'289  132'703   42'294        0
                     'probing':          1   9'846'175  5'247'692  226'998       21        0
              'probing_max_lp':          1   7'325'820    769'606  134'845   41'086        0
                'pseudo_costs':          1   8'496'460    677'244  140'009   46'180        0
               'quick_restart':          1  11'139'496  5'165'412  228'300       35        0
               'reduced_costs':          1   9'060'792    705'713  133'208   42'562        0

Lp dimension                                                                        Final dimension of first component
                  'default_lp':  2788 rows, 1523 columns, 21595 entries with magnitude in [5.264030e-06, 1.000000e+00]
                   'fs_random':         0 rows, 1523 columns, 0 entries with magnitude in [0.000000e+00, 0.000000e+00]
                   'fs_random':         0 rows, 1523 columns, 0 entries with magnitude in [0.000000e+00, 0.000000e+00]
     'fs_random_quick_restart':         0 rows, 1523 columns, 0 entries with magnitude in [0.000000e+00, 0.000000e+00]
     'fs_random_quick_restart':         0 rows, 1523 columns, 0 entries with magnitude in [0.000000e+00, 0.000000e+00]
              'lb_tree_search':  1942 rows, 1524 columns, 40966 entries with magnitude in [2.436115e-05, 1.000000e+00]
                      'max_lp':  2188 rows, 1524 columns, 48445 entries with magnitude in [3.946308e-05, 1.000000e+00]
         'objective_lb_search':  2908 rows, 1523 columns, 21568 entries with magnitude in [2.319370e-06, 1.000000e+00]
  'objective_lb_search_max_lp':  1821 rows, 1524 columns, 47434 entries with magnitude in [4.219227e-05, 1.000000e+00]
                     'probing':  3287 rows, 1523 columns, 63300 entries with magnitude in [1.790662e-06, 1.000000e+00]
              'probing_max_lp':  1505 rows, 1524 columns, 36765 entries with magnitude in [2.616048e-05, 1.000000e+00]
                'pseudo_costs':  1871 rows, 1524 columns, 40998 entries with magnitude in [2.512343e-05, 1.000000e+00]
               'quick_restart':  3341 rows, 1523 columns, 28955 entries with magnitude in [2.014470e-06, 1.000000e+00]
               'reduced_costs':  1744 rows, 1524 columns, 60343 entries with magnitude in [4.235574e-06, 1.000000e+00]

Lp debug                         CutPropag  CutEqPropag   Adjust  Overflow          Bad  BadScaling
                  'default_lp':          0        4'625    7'219         0  120'203'657           0
                   'fs_random':          0            0        0         0            0           0
                   'fs_random':          0            0        0         0            0           0
     'fs_random_quick_restart':          0            0        0         0            0           0
     'fs_random_quick_restart':          0            0        0         0            0           0
              'lb_tree_search':          2        1'089  132'300         0  157'931'413           0
                      'max_lp':          0          985   98'813         0  142'177'223           0
         'objective_lb_search':          0        4'413    7'557         0  122'488'458           0
  'objective_lb_search_max_lp':          1        1'158   63'577         0  154'412'386           0
                     'probing':          0        3'545    7'741         0  121'371'617           0
              'probing_max_lp':          6        1'193   89'877         0  140'877'422           0
                'pseudo_costs':         10          716   70'206         0  156'189'339           0
               'quick_restart':          0        3'025    8'131         0  124'320'370           0
               'reduced_costs':         12        1'337   57'902         0  137'505'078           0

Lp pool                          Constraints  Updates  Simplif  Merged  Shortened    Split  Strenghtened             Cuts/Call
                  'default_lp':       11'468   85'572   25'409     126      5'553   12'365       171'310   5'288'660/9'875'115
                   'fs_random':        1'934        0        0       0          0        0             0                   0/0
                   'fs_random':        1'934        0        0       0          0        0             0                   0/0
     'fs_random_quick_restart':        1'934        0        0       0          0        0             0                   0/0
     'fs_random_quick_restart':        1'934        0        0       0          0        0             0                   0/0
              'lb_tree_search':       11'517   50'413   34'584      51      5'474   59'338       260'917     808'117/1'946'940
                      'max_lp':       12'068   63'912   31'891      36      5'816   64'404       245'643     780'653/1'776'202
         'objective_lb_search':       11'633   80'494   20'765      98      7'252   11'481       161'063  5'292'797/10'064'524
  'objective_lb_search_max_lp':       11'692   44'261   27'220      48      5'810   55'500       213'732     814'289/1'861'640
                     'probing':       11'506   84'824   24'946     120      7'464   12'056       153'115   5'247'692/9'850'004
              'probing_max_lp':       12'020  110'591   52'405      37     15'207  116'266       220'854     769'606/1'858'294
                'pseudo_costs':       11'647   35'154   35'412      48      7'526   43'743       212'652     677'244/1'482'724
               'quick_restart':       11'243   72'927   22'748     103      5'934   16'388       149'064  5'165'412/10'345'016
               'reduced_costs':       12'119   49'556   51'256      45     10'752   64'047       211'818     705'713/1'687'654

Lp Cut               defaul   max_lp     quick_  reduce  pseudo   lb_tre     probin     object   probin   object
          CG_FF:    138'411   21'082    132'283  20'313  15'711   19'345    141'617    137'751   20'923   19'685
           CG_K:     23'539    8'743     21'915   8'897   6'525    9'030     23'589     23'368   10'123    9'065
          CG_KL:          4        2          9       1       2        -          5          7        3        -
           CG_R:    100'510   18'569     89'393  15'124  15'322   20'998    102'885     94'726   18'827   17'018
          CG_RB:  1'231'369   98'573  1'002'988  81'201  71'678   93'406  1'165'395  1'115'554   88'110  104'286
         CG_RBP:     11'332    7'462     10'815   4'865   7'703    8'302      8'450      8'765    6'257   10'694
         Clique:          -   24'156          -  21'389  21'806   26'334          -          -   23'066   22'870
             IB:    698'909   79'876    725'602  70'266  70'961   83'100    710'221    727'407   79'438   86'957
       MIR_1_FF:    907'242   49'469  1'001'548  39'992  54'260   50'031    910'211    926'554   47'108   78'190
        MIR_1_K:     22'577    7'509     21'642   6'486   6'964    8'508     19'943     20'949    6'128    7'353
       MIR_1_KL:        218        3        349       1       -        2        243        240        1        2
        MIR_1_R:     10'864    4'379     11'481   3'771   4'307    5'052     10'380     11'609    9'125    4'234
       MIR_1_RB:    961'746  117'838    991'601  90'566  99'675  113'305    999'357    989'357  115'007  136'109
      MIR_1_RBP:      1'859    1'979      1'519   1'203   1'226    1'603      1'330      1'543    1'321    2'054
      MIR_1_RLT:          -      322          -     330     302      355          -          -      333      350
       MIR_2_FF:     31'949    9'446     31'161  31'934   8'356    9'067     29'463     29'822    9'096   11'147
        MIR_2_K:      4'769    3'582      4'451  29'833   3'118    3'537      4'159      4'666    3'531    2'980
       MIR_2_KL:         35        -         37       1       -        1         20         50        -        -
        MIR_2_R:      7'608    8'013      6'255   6'224   6'034    9'341      7'544      6'496   18'322    6'306
       MIR_2_RB:    183'250   58'119    165'668  42'205  41'768   59'116    179'052    180'900   69'796   48'861
      MIR_2_RBP:        660    1'653        781   1'183     835    1'533        563        670    1'265    1'099
       MIR_3_FF:     13'879    6'460     13'179   6'648   6'176    6'963     11'139     12'501    6'064    6'736
        MIR_3_K:      5'143    3'961      5'064   4'009   3'869    4'442      4'521      4'665    3'484    3'893
       MIR_3_KL:         24        -         16       -       -        -         24         27        1        -
        MIR_3_R:     16'922   10'040     15'565   8'928   9'352   11'588     15'644     16'992   10'248    8'525
       MIR_3_RB:    191'977   39'224    201'068  33'275  35'317   41'758    189'570    204'942   39'422   36'504
      MIR_3_RBP:        394      764        316     603     638      773        362        386      647      625
       MIR_4_FF:      6'060    4'100      5'349   4'318   4'259    5'058      4'823      5'051    4'052    4'887
        MIR_4_K:      3'500    2'862      3'723   2'749   3'131    3'411      3'063      2'794    2'491    3'010
       MIR_4_KL:         17        -         15       -       -        -          9         12        -        -
        MIR_4_R:      3'905    3'348      3'539   3'315   3'453    4'089      3'572      3'617    3'697    3'146
       MIR_4_RB:    130'031   29'214    135'945  25'388  26'367   32'738    130'686    138'550   27'688   27'824
      MIR_4_RBP:        216      782        203     778     504      965        153        176      718      425
       MIR_5_FF:      3'923    4'486      3'454   4'606   4'377    5'011      3'203      3'695    4'208    4'760
        MIR_5_K:      1'810    2'528      1'913   2'672   2'687    2'987      1'652      1'777    2'195    2'543
       MIR_5_KL:          8        1          5       -       -        -          5          3        1        -
        MIR_5_R:      2'285    2'575      2'035   2'416   2'474    2'987      2'200      2'248    2'663    2'279
       MIR_5_RB:     87'606   26'644     92'376  23'348  24'879   29'380     89'378     94'525   23'618   24'856
      MIR_5_RBP:        113      510        119     478     555      629        107        127      463      515
       MIR_6_FF:      1'819    3'276      1'638   3'258   3'153    3'520      1'505      1'753    2'906    3'358
        MIR_6_K:        828    2'292        835   2'156   2'071    2'522        558        813    1'720    1'959
       MIR_6_KL:          2        1          4       -       2        -          1          1        -        1
        MIR_6_R:      1'154    2'512      1'087   2'563   2'407    3'177      1'091      1'169    2'546    2'223
       MIR_6_RB:     57'806   20'619     59'795  18'527  18'927   23'088     59'420     62'637   18'254   19'467
      MIR_6_RBP:         63      597         66     431     433      603         81         95      376      390
   ZERO_HALF_FF:     65'350    8'324     67'389   8'486   8'585    9'698     66'283     76'345    7'200    7'760
    ZERO_HALF_K:      6'513    1'348      7'016   1'328   1'229    1'623      6'591      6'458    1'188    1'319
   ZERO_HALF_KL:          -        -          -       -       -        -          -          1        -        -
    ZERO_HALF_R:    110'549   64'647    103'483  54'296  60'137   69'619    109'197    110'715   57'725   59'395
   ZERO_HALF_RB:    239'203   17'955    219'951  14'737  15'018   18'639    227'650    259'574   17'506   17'768
  ZERO_HALF_RBP:        709      808        766     615     691      883        777        714      745      861

LNS stats           Improv/Calls  Closed  Difficulty  TimeLimit
  'graph_arc_lns':           5/5      0%        0.06       0.10
  'graph_cst_lns':           3/4      0%        0.09       0.10
  'graph_dec_lns':           0/4     25%        0.18       0.10
  'graph_var_lns':           5/5      0%        0.06       0.10
      'rins/rens':           1/1      0%        0.29       0.10
    'rnd_cst_lns':           4/5      0%        0.06       0.10
    'rnd_var_lns':           5/5      0%        0.06       0.10

LS stats                   Batches  Restarts  LinMoves  GenMoves  CompoundMoves  WeightUpdates
       'fj_long_default':        1         1     9'177         0              0            823
   'fj_long_lin_default':        2         1         0     5'486            549              8
        'fj_long_random':        1         1     5'613         0              0            347
      'fj_short_default':        2         1         0     7'118            633             11
  'fj_short_lin_default':        2         1         0     8'784            686             11
   'fj_short_lin_random':        2         1         0     6'979            742             18
       'fj_short_random':        2         1         0     7'429            731             26
          'violation_ls':        5         0        18       246             28             16
          'violation_ls':        5         0        22       192             24             17
          'violation_ls':        5         0        30       210             20             22

Solutions (55)                  Num     Rank
             'fj_long_random':    1    [1,1]
                      'no_lp':   13  [20,38]
  'objective_lb_search_no_lp':    5  [40,48]
        'quick_restart_no_lp':   23  [15,55]
                'rnd_cst_lns':    1  [14,14]
               'violation_ls':   12   [2,13]

Objective bounds                      Num
                       'default_lp':    4
                   'initial_domain':    1
                   'lb_tree_search':    5
                           'max_lp':    2
              'objective_lb_search':    2
       'objective_lb_search_max_lp':   89
  'objective_shaving_search_max_lp':    3
   'objective_shaving_search_no_lp':    9
                          'probing':    3
                   'probing_max_lp':    5
                     'pseudo_costs':   23
                    'quick_restart':    1
                    'reduced_costs':   19

Solution repositories    Added  Queried  Ignored  Synchro
  'feasible solutions':    128       73        0      122
        'lp solutions':      0        0        0        0
                'pump':     16        1

Improving bounds shared            Num
                        'core':  1'541
                  'default_lp':     35
                      'max_lp':    165
                       'no_lp':  1'603
         'objective_lb_search':    154
  'objective_lb_search_max_lp':     47
   'objective_lb_search_no_lp':  1'214
                     'probing':    188
              'probing_max_lp':    146
                'pseudo_costs':    221
               'quick_restart':     48
         'quick_restart_no_lp':  2'019
               'reduced_costs':    271

Clauses shared                     Num
                        'core':  1'890
                  'default_lp':      1
              'lb_tree_search':      2
                      'max_lp':      1
                       'no_lp':  1'420
  'objective_lb_search_max_lp':      1
   'objective_lb_search_no_lp':  1'451
                     'probing':      1
              'probing_max_lp':      2
                'pseudo_costs':      2
               'quick_restart':      3
         'quick_restart_no_lp':  1'575
               'reduced_costs':      3

CpSolverResponse summary:
status: FEASIBLE
objective: 564624
best_bound: 348536
integers: 1525
booleans: 1252
conflicts: 0
branches: 1928
propagations: 36110
integer_propagations: 120350
restarts: 1928
lp_iterations: 0
walltime: 21600.1
usertime: 21600.1
deterministic_time: 85810.7
gap_integral: 1.05406e+06
solution_fingerprint: 0x2e0dc66f05013a9a

CPU USED: 32
Loading /home/aneumann/projects/def-adhaj/aneumann/gns/data/instances/test/l/instance_173.pkl...
===* START SOLVING *===
   index    value       gap  ... max_time  cpu  max_memory
0    173  5646.24  0.382711  ...        6   32         118

[1 rows x 8 columns]
===* END OF FILE *===
