created virtual environment CPython3.12.4.final.0-64 in 7633ms
  creator CPython3Posix(dest=/local/aneumann.27429341.0/env, clear=False, no_vcs_ignore=False, global=False)
  seeder FromAppData(download=False, pip=bundle, via=copy, app_data_dir=/home/aneumann/.local/share/virtualenv)
    added seed packages: pip==24.0
  activators BashActivator,CShellActivator,FishActivator,NushellActivator,PowerShellActivator,PythonActivator
Looking in links: /cvmfs/soft.computecanada.ca/custom/python/wheelhouse/gentoo2023/x86-64-v3, /cvmfs/soft.computecanada.ca/custom/python/wheelhouse/gentoo2023/generic, /cvmfs/soft.computecanada.ca/custom/python/wheelhouse/generic
Requirement already satisfied: pip in /local/aneumann.27429341.0/env/lib/python3.12/site-packages (24.0)
Processing /cvmfs/soft.computecanada.ca/custom/python/wheelhouse/generic/pip-24.2+computecanada-py3-none-any.whl
Installing collected packages: pip
  Attempting uninstall: pip
    Found existing installation: pip 24.0
    Uninstalling pip-24.0:
      Successfully uninstalled pip-24.0
Successfully installed pip-24.2+computecanada
Looking in links: /cvmfs/soft.computecanada.ca/custom/python/wheelhouse/gentoo2023/x86-64-v3, /cvmfs/soft.computecanada.ca/custom/python/wheelhouse/gentoo2023/generic, /cvmfs/soft.computecanada.ca/custom/python/wheelhouse/generic
ERROR: protobuf-5.28.3-cp38-abi3-manylinux2014_x86_64.whl is not a supported wheel on this platform.
Looking in links: /cvmfs/soft.computecanada.ca/custom/python/wheelhouse/gentoo2023/x86-64-v3, /cvmfs/soft.computecanada.ca/custom/python/wheelhouse/gentoo2023/generic, /cvmfs/soft.computecanada.ca/custom/python/wheelhouse/generic
Processing /home/aneumann/projects/def-adhaj/aneumann/gns/wheels/immutabledict-4.2.0-py3-none-any.whl
Installing collected packages: immutabledict
Successfully installed immutabledict-4.2.0
Looking in links: /cvmfs/soft.computecanada.ca/custom/python/wheelhouse/gentoo2023/x86-64-v3, /cvmfs/soft.computecanada.ca/custom/python/wheelhouse/gentoo2023/generic, /cvmfs/soft.computecanada.ca/custom/python/wheelhouse/generic
Processing /cvmfs/soft.computecanada.ca/custom/python/wheelhouse/generic/ortools-9.10.4067+computecanada-cp312-cp312-linux_x86_64.whl (from -r /home/aneumann/projects/def-adhaj/aneumann/gns/requirements_or.txt (line 1))
Processing /cvmfs/soft.computecanada.ca/custom/python/wheelhouse/gentoo2023/x86-64-v3/pandas-2.2.2+computecanada-cp312-cp312-linux_x86_64.whl (from -r /home/aneumann/projects/def-adhaj/aneumann/gns/requirements_or.txt (line 2))
Processing /cvmfs/soft.computecanada.ca/custom/python/wheelhouse/generic/absl_py-2.1.0+computecanada-py3-none-any.whl (from ortools->-r /home/aneumann/projects/def-adhaj/aneumann/gns/requirements_or.txt (line 1))
Processing /cvmfs/soft.computecanada.ca/custom/python/wheelhouse/gentoo2023/generic/numpy-2.1.1+computecanada-cp312-cp312-linux_x86_64.whl (from ortools->-r /home/aneumann/projects/def-adhaj/aneumann/gns/requirements_or.txt (line 1))
Processing /cvmfs/soft.computecanada.ca/custom/python/wheelhouse/gentoo2023/x86-64-v3/protobuf-5.28.0+computecanada-cp312-cp312-linux_x86_64.whl (from ortools->-r /home/aneumann/projects/def-adhaj/aneumann/gns/requirements_or.txt (line 1))
Requirement already satisfied: immutabledict>=3.0.0 in /local/aneumann.27429341.0/env/lib/python3.12/site-packages (from ortools->-r /home/aneumann/projects/def-adhaj/aneumann/gns/requirements_or.txt (line 1)) (4.2.0)
Processing /cvmfs/soft.computecanada.ca/custom/python/wheelhouse/generic/python_dateutil-2.9.0.post0+computecanada-py2.py3-none-any.whl (from pandas->-r /home/aneumann/projects/def-adhaj/aneumann/gns/requirements_or.txt (line 2))
Processing /cvmfs/soft.computecanada.ca/custom/python/wheelhouse/generic/pytz-2024.2+computecanada-py2.py3-none-any.whl (from pandas->-r /home/aneumann/projects/def-adhaj/aneumann/gns/requirements_or.txt (line 2))
Processing /cvmfs/soft.computecanada.ca/custom/python/wheelhouse/generic/tzdata-2024.2+computecanada-py2.py3-none-any.whl (from pandas->-r /home/aneumann/projects/def-adhaj/aneumann/gns/requirements_or.txt (line 2))
Processing /cvmfs/soft.computecanada.ca/custom/python/wheelhouse/generic/six-1.16.0+computecanada-py2.py3-none-any.whl (from python-dateutil>=2.8.2->pandas->-r /home/aneumann/projects/def-adhaj/aneumann/gns/requirements_or.txt (line 2))
Installing collected packages: pytz, tzdata, six, protobuf, numpy, absl-py, python-dateutil, pandas, ortools
Successfully installed absl-py-2.1.0+computecanada numpy-2.1.1+computecanada ortools-9.10.4067+computecanada pandas-2.2.2+computecanada protobuf-5.28.0+computecanada python-dateutil-2.9.0.post0+computecanada pytz-2024.2+computecanada six-1.16.0+computecanada tzdata-2024.2+computecanada

Starting CP-SAT solver v9.10.4067
Parameters: max_time_in_seconds: 21600 max_memory_in_mb: 118 log_search_progress: true optimize_with_core: true cp_model_presolve: true enumerate_all_solutions: false num_search_workers: 32 use_implied_bounds: true absolute_gap_limit: 5 relative_gap_limit: 0.01 use_probing_search: true

Initial optimization model '': (model_fingerprint: 0xd48dfd4f093ca2b6)
#Variables: 2'819 (#bools: 26 #ints: 1 in objective)
  - 2'467 Booleans in [0,1]
  - 351 in [0,225000]
  - 1 constants in {1} 
#kBoolOr: 1'262 (#literals: 1'262)
#kLinear1: 485
#kLinear2: 7'836
#kLinear3: 1'669
#kLinearN: 641 (#terms: 6'757)

Starting presolve at 0.00s
  2.96e-03s  0.00e+00d  [DetectDominanceRelations] 
  6.37e-02s  0.00e+00d  [PresolveToFixPoint] #num_loops=19 #num_dual_strengthening=5 
  9.19e-05s  0.00e+00d  [ExtractEncodingFromLinear] #potential_supersets=210 
[Symmetry] Graph for symmetry has 9'907 nodes and 20'983 arcs.
[Symmetry] Symmetry computation done. time: 0.00294828 dtime: 0.00286078
[Symmetry] #generators: 1, average support size: 2
[Symmetry] 1 orbits with sizes: 2
[SAT presolve] num removable Booleans: 0 / 1522
[SAT presolve] num trivial clauses: 0
[SAT presolve] [0s] clauses:2805 literals:5610 vars:1504 one_side_vars:1467 simple_definition:37 singleton_clauses:0
[SAT presolve] [0.000279246s] clauses:2805 literals:5610 vars:1504 one_side_vars:1467 simple_definition:37 singleton_clauses:0
[SAT presolve] [0.000412935s] clauses:2805 literals:5610 vars:1504 one_side_vars:1467 simple_definition:37 singleton_clauses:0
  4.43e-01s  7.03e-02d  [Probe] #probed=3'623 #fixed_bools=67 #new_bounds=138 
  6.90e-03s  0.00e+00d  [MaxClique] Merged 3003(8438 literals) into 868(6144 literals) at_most_ones. 
  2.50e-03s  0.00e+00d  [DetectDominanceRelations] 
  1.79e-02s  0.00e+00d  [PresolveToFixPoint] #num_loops=5 #num_dual_strengthening=4 
  3.29e-03s  0.00e+00d  [ProcessAtMostOneAndLinear] #num_changes=28 
  2.04e-03s  0.00e+00d  [DetectDuplicateConstraints] #duplicates=2 #without_enforcements=2 
  5.41e-04s  2.17e-05d  [DetectDominatedLinearConstraints] #relevant_constraints=1'518 #num_inclusions=1 
  6.23e-04s  0.00e+00d  [DetectDifferentVariables] #different=12 
  9.73e-04s  3.16e-04d  [ProcessSetPPC] #relevant_constraints=886 #num_inclusions=650 
  8.52e-05s  0.00e+00d  [FindAlmostIdenticalLinearConstraints] 
  5.98e-03s  6.17e-03d  [FindBigAtMostOneAndLinearOverlap] 
  1.33e-03s  2.97e-03d  [FindBigVerticalLinearOverlap] 
  2.78e-04s  6.06e-04d  [FindBigHorizontalLinearOverlap] #linears=98 
  9.54e-05s  0.00e+00d  [MergeClauses] 
  2.48e-03s  0.00e+00d  [DetectDominanceRelations] 
  8.48e-03s  0.00e+00d  [PresolveToFixPoint] #num_loops=1 #num_dual_strengthening=1 
  2.46e-03s  0.00e+00d  [DetectDominanceRelations] 
  8.42e-03s  0.00e+00d  [PresolveToFixPoint] #num_loops=1 #num_dual_strengthening=1 
[Symmetry] Graph for symmetry has 7'604 nodes and 14'683 arcs.
[Symmetry] Symmetry computation done. time: 0.00152542 dtime: 0.00179368
[Symmetry] #generators: 3, average support size: 2
[Symmetry] 3 orbits with sizes: 2,2,2
[Symmetry] Found orbitope of size 1 x 2
[SAT presolve] num removable Booleans: 0 / 1455
[SAT presolve] num trivial clauses: 0
[SAT presolve] [0s] clauses:16 literals:32 vars:25 one_side_vars:21 simple_definition:4 singleton_clauses:0
[SAT presolve] [5.0131e-05s] clauses:16 literals:32 vars:25 one_side_vars:21 simple_definition:4 singleton_clauses:0
[SAT presolve] [9.6963e-05s] clauses:16 literals:32 vars:25 one_side_vars:21 simple_definition:4 singleton_clauses:0
  1.52e-01s  2.53e-02d  [Probe] #probed=3'556 #new_bounds=40 
  2.67e-03s  0.00e+00d  [MaxClique] Merged 725(5140 literals) into 725(5150 literals) at_most_ones. 
  2.50e-03s  0.00e+00d  [DetectDominanceRelations] 
  1.31e-02s  0.00e+00d  [PresolveToFixPoint] #num_loops=3 #num_dual_strengthening=2 
  3.10e-03s  0.00e+00d  [ProcessAtMostOneAndLinear] 
  1.99e-03s  0.00e+00d  [DetectDuplicateConstraints] #duplicates=2 
  5.38e-04s  2.17e-05d  [DetectDominatedLinearConstraints] #relevant_constraints=1'515 #num_inclusions=1 
  5.60e-04s  0.00e+00d  [DetectDifferentVariables] #different=12 
  8.48e-04s  3.11e-04d  [ProcessSetPPC] #relevant_constraints=835 #num_inclusions=593 
  7.96e-05s  0.00e+00d  [FindAlmostIdenticalLinearConstraints] 
  6.17e-03s  6.17e-03d  [FindBigAtMostOneAndLinearOverlap] 
  1.34e-03s  2.97e-03d  [FindBigVerticalLinearOverlap] 
  2.84e-04s  6.06e-04d  [FindBigHorizontalLinearOverlap] #linears=98 
  1.00e-04s  0.00e+00d  [MergeClauses] 
  2.48e-03s  0.00e+00d  [DetectDominanceRelations] 
  8.45e-03s  0.00e+00d  [PresolveToFixPoint] #num_loops=1 #num_dual_strengthening=1 
  2.44e-03s  0.00e+00d  [DetectDominanceRelations] 
  8.41e-03s  0.00e+00d  [PresolveToFixPoint] #num_loops=1 #num_dual_strengthening=1 
[Symmetry] Graph for symmetry has 7'606 nodes and 14'691 arcs.
[Symmetry] Symmetry computation done. time: 0.00150543 dtime: 0.00179626
[Symmetry] #generators: 2, average support size: 2
[Symmetry] 2 orbits with sizes: 2,2
[Symmetry] Found orbitope of size 1 x 2
[SAT presolve] num removable Booleans: 0 / 1455
[SAT presolve] num trivial clauses: 0
[SAT presolve] [0s] clauses:17 literals:34 vars:27 one_side_vars:23 simple_definition:4 singleton_clauses:0
[SAT presolve] [4.9644e-05s] clauses:17 literals:34 vars:27 one_side_vars:23 simple_definition:4 singleton_clauses:0
[SAT presolve] [9.8186e-05s] clauses:17 literals:34 vars:27 one_side_vars:23 simple_definition:4 singleton_clauses:0
  1.45e-01s  2.39e-02d  [Probe] #probed=3'556 #new_bounds=28 
  2.68e-03s  0.00e+00d  [MaxClique] Merged 726(5146 literals) into 726(5152 literals) at_most_ones. 
  2.70e-03s  0.00e+00d  [DetectDominanceRelations] 
  1.26e-02s  0.00e+00d  [PresolveToFixPoint] #num_loops=3 #num_dual_strengthening=2 
  3.09e-03s  0.00e+00d  [ProcessAtMostOneAndLinear] 
  1.99e-03s  0.00e+00d  [DetectDuplicateConstraints] #duplicates=2 
  5.39e-04s  2.17e-05d  [DetectDominatedLinearConstraints] #relevant_constraints=1'515 #num_inclusions=1 
  5.61e-04s  0.00e+00d  [DetectDifferentVariables] #different=12 
  8.51e-04s  3.11e-04d  [ProcessSetPPC] #relevant_constraints=836 #num_inclusions=593 
  8.24e-05s  0.00e+00d  [FindAlmostIdenticalLinearConstraints] 
  5.87e-03s  6.17e-03d  [FindBigAtMostOneAndLinearOverlap] 
  1.33e-03s  2.97e-03d  [FindBigVerticalLinearOverlap] 
  2.82e-04s  6.06e-04d  [FindBigHorizontalLinearOverlap] #linears=98 
  9.61e-05s  0.00e+00d  [MergeClauses] 
  2.45e-03s  0.00e+00d  [DetectDominanceRelations] 
  8.42e-03s  0.00e+00d  [PresolveToFixPoint] #num_loops=1 #num_dual_strengthening=1 
  1.74e-04s  0.00e+00d  [ExpandObjective] #entries=72 #tight_variables=36 #tight_constraints=12 

Presolve summary:
  - 73 affine relations were detected.
  - rule 'TODO dual: only one blocking constraint?' was applied 29'387 times.
  - rule 'TODO dual: only one unspecified blocking constraint?' was applied 18 times.
  - rule 'TODO dual: tighten at most one' was applied 741 times.
  - rule 'TODO linear2: contains a Boolean.' was applied 13'533 times.
  - rule 'TODO symmetry: add symmetry breaking inequalities?' was applied 2 times.
  - rule 'affine: new relation' was applied 73 times.
  - rule 'at_most_one: empty or all false' was applied 4 times.
  - rule 'at_most_one: removed literals' was applied 295 times.
  - rule 'at_most_one: size one' was applied 92 times.
  - rule 'at_most_one: transformed into max clique.' was applied 1 time.
  - rule 'bool_and: non-reified.' was applied 16 times.
  - rule 'bool_or: always true' was applied 1'262 times.
  - rule 'bool_or: implications' was applied 6'762 times.
  - rule 'deductions: 356 stored' was applied 1 time.
  - rule 'dual: add implication' was applied 18 times.
  - rule 'dual: fix variable' was applied 358 times.
  - rule 'dual: fix variable with multiple choices' was applied 8 times.
  - rule 'dual: reduced domain' was applied 213 times.
  - rule 'duplicate: merged rhs of linear constraint' was applied 2 times.
  - rule 'duplicate: removed constraint' was applied 6 times.
  - rule 'duplicate: removed enforced constraint' was applied 2 times.
  - rule 'enforcement: false literal' was applied 3'782 times.
  - rule 'enforcement: literal not used' was applied 22 times.
  - rule 'enforcement: true literal' was applied 16 times.
  - rule 'linear + amo: extracted enforcement literal' was applied 3 times.
  - rule 'linear + amo: fixed literal implied by enforcement' was applied 25 times.
  - rule 'linear1: always true' was applied 2 times.
  - rule 'linear2: contains a Boolean.' was applied 9 times.
  - rule 'linear: always true' was applied 1'450 times.
  - rule 'linear: divide by GCD' was applied 4'978 times.
  - rule 'linear: empty' was applied 159 times.
  - rule 'linear: extracted enforcement literal' was applied 507 times.
  - rule 'linear: fixed or dup variables' was applied 1'657 times.
  - rule 'linear: negative clause' was applied 2'386 times.
  - rule 'linear: positive at most one' was applied 202 times.
  - rule 'linear: positive clause' was applied 4'376 times.
  - rule 'linear: positive equal one' was applied 12 times.
  - rule 'linear: reduced variable domains' was applied 786 times.
  - rule 'linear: remapped using affine relations' was applied 2'667 times.
  - rule 'linear: simplified rhs' was applied 17'452 times.
  - rule 'linear: singleton column' was applied 9 times.
  - rule 'objective: variable not used elsewhere' was applied 1 time.
  - rule 'presolve: 993 unused variables removed.' was applied 1 time.
  - rule 'presolve: iteration' was applied 3 times.
  - rule 'setppc: bool_or in at_most_one.' was applied 3 times.
  - rule 'setppc: removed dominated constraints' was applied 51 times.
  - rule 'symmetry: added symmetry breaking implication' was applied 2 times.

Presolved optimization model '': (model_fingerprint: 0xb069f50a2b89c490)
#Variables: 1'744 (#bools: 25 #ints: 1 in objective)
  - 1'455 Booleans in [0,1]
  - 1 in [0,732]
  - 1 in [0,737]
  - 1 in [0,739]
  - 1 in [0,1473]
  - 1 in [0,1475]
  - 1 in [0,1478]
  - 1 in [0,1481]
  - 23 in [0,1482]
  - 2 in [0,1483]
  - 1 in [0,1485]
  - 7 in [0,1487]
  - 13 in [0,1489]
  - 1 in [0,7365]
  - 1 in [0,7375]
  - 1 in [0,7385]
  - 21 in [0,7410]
  - 1 in [0,7425]
  - 12 in [0,7435]
  - 13 in [0,7445]
  - 76 in [0,225000]
  - 1 in [1,733]
  - 1 in [1,738]
  - 1 in [1,739]
  - 1 in [2,741]
  - 1 in [3,741]
  - 1 in [42,3736]
  - 1 in [44,3740]
  - 1 in [47,3748]
  - 2 in [48,3742]
  - 1 in [48,3749]
  - 1 in [54,3750]
  - 1 in [55,3749]
  - 1 in [300,219900]
  - 2 in [300,221400]
  - 1 in [300,222096]
  - 1 in [300,222300]
  - 1 in [300,222900]
  - 1 in [300,223200]
  - 2 in [300,223740]
  - 2 in [300,223920]
  - 2 in [300,224100]
  - 4 in [300,224280]
  - 4 in [300,224400]
  - 2 in [300,224520]
  - 1 in [300,224700]
  - 2 in [300,225000]
  - 1 in [600,222300]
  - 2 in [600,223800]
  - 1 in [600,224100]
  - 2 in [600,224220]
  - 2 in [600,224280]
  - 2 in [600,224340]
  - 4 in [600,225000]
  - 2 in [607,222300]
  - 1 in [900,222300]
  - 1 in [900,224040]
  - 2 in [900,224700]
  - 2 in [2100,224460]
  - 2 in [2100,225000]
  - 2 in [2339,224100]
  - 2 in [2400,224040]
  - 2 in [2400,224640]
  - 2 in [2520,224160]
  - 3 in [2544,224340]
  - 4 in [2640,224400]
  - 2 in [2700,224640]
  - 2 in [2712,224340]
  - 1 in [2820,224513]
  - 6 in [2820,224880]
  - 5 in [2880,224520]
  - 1 in [2880,224993]
  - 1 in [2887,225000]
  - 3 in [3167,224760]
  - 1 in [3300,224963]
  - 2 in [3312,224975]
  - 5 in [3337,225000]
  - 3 in [3824,224640]
#kAtMostOne: 709 (#literals: 5'112)
#kBoolAnd: 21 (#enforced: 21) (#literals: 42)
#kExactlyOne: 12 (#literals: 36)
#kLinear1: 6 (#enforced: 6)
#kLinear2: 579 (#enforced: 410 #multi: 16)
#kLinear3: 1'086 (#enforced: 9)
#kLinearN: 260 (#terms: 2'513)

Preloading model.
#Bound   0.98s best:inf   next:[156487,9890232] initial_domain
[Symmetry] Graph for symmetry has 6'533 nodes and 14'695 arcs.
[Symmetry] Symmetry computation done. time: 0.00144308 dtime: 0.00173567
[Symmetry] #generators: 1, average support size: 2
#Model   0.99s var:1744/1744 constraints:2673/2673

Starting search at 0.99s with 32 workers.
16 full problem subsolvers: [core, default_lp, lb_tree_search, max_lp, no_lp, objective_lb_search, objective_lb_search_max_lp, objective_lb_search_no_lp, objective_shaving_search_max_lp, objective_shaving_search_no_lp, probing, probing_max_lp, pseudo_costs, quick_restart, quick_restart_no_lp, reduced_costs]
14 first solution subsolvers: [fj_long_default, fj_long_lin_default, fj_long_random, fj_short_default, fj_short_lin_default, fj_short_lin_random, fj_short_random, fs_random(2), fs_random_no_lp(2), fs_random_quick_restart(2), fs_random_quick_restart_no_lp]
11 incomplete subsolvers: [feasibility_pump, graph_arc_lns, graph_cst_lns, graph_dec_lns, graph_var_lns, rins/rens, rnd_cst_lns, rnd_var_lns, violation_ls(3)]
3 helper subsolvers: [neighborhood_helper, synchronization_agent, update_gap_integral]
#Bound   1.08s best:inf   next:[156488,9890232] objective_shaving_search_no_lp (vars=1750 csts=2701)
#Bound   1.09s best:inf   next:[156489,9890232] objective_shaving_search_no_lp (vars=1744 csts=2674)
#Bound   1.10s best:inf   next:[156490,9890232] objective_shaving_search_max_lp (vars=1744 csts=2674)
#Bound   1.11s best:inf   next:[156491,9890232] objective_shaving_search_max_lp (vars=1744 csts=2674)
#Bound   1.12s best:inf   next:[156492,9890232] objective_shaving_search_max_lp (vars=1744 csts=2674)
#Bound   1.13s best:inf   next:[156493,9890232] objective_shaving_search_max_lp (vars=1744 csts=2674)
#Bound   1.14s best:inf   next:[156494,9890232] objective_shaving_search_max_lp (vars=1744 csts=2674)
#Bound   1.15s best:inf   next:[156495,9890232] objective_shaving_search_max_lp (vars=1744 csts=2674)
#Bound   1.16s best:inf   next:[156496,9890232] objective_shaving_search_max_lp (vars=1744 csts=2674)
#Bound   1.17s best:inf   next:[156497,9890232] objective_shaving_search_max_lp (vars=1744 csts=2674)
#Bound   1.18s best:inf   next:[156498,9890232] objective_shaving_search_max_lp (vars=1744 csts=2674)
#Bound   1.19s best:inf   next:[156499,9890232] objective_shaving_search_max_lp (vars=1744 csts=2674)
#1       1.19s best:9890232 next:[156499,9890231] fj_long_default(batch:1 #lin_moves:6'643 #lin_evals:11'670 #weight_updates:465)
#Bound   1.20s best:9890232 next:[156500,9890231] objective_shaving_search_max_lp (vars=1744 csts=2674)
#2       1.21s best:9890189 next:[156500,9890188] violation_ls(batch:1 #solutions_imported:1 #lin_moves:6 #lin_evals:42 #weight_updates:4)
#3       1.21s best:9890146 next:[156500,9890145] violation_ls(batch:2 #solutions_imported:2 #lin_moves:10 #lin_evals:77 #weight_updates:6)
#4       1.22s best:9890103 next:[156500,9890102] violation_ls(batch:2 #solutions_imported:2 #lin_moves:8 #lin_evals:2'130 #gen_moves:22 #gen_evals:0 #comp_moves:4 #backtracks:9 #weight_updates:5)
#5       1.23s best:9890060 next:[156500,9890059] violation_ls(batch:3 #solutions_imported:3 #lin_moves:8 #lin_evals:6'279 #gen_moves:84 #gen_evals:0 #comp_moves:10 #backtracks:37 #weight_updates:6)
#6       1.23s best:9890017 next:[156500,9890016] violation_ls(batch:3 #solutions_imported:3 #lin_moves:10 #lin_evals:3'699 #gen_moves:46 #gen_evals:0 #comp_moves:8 #backtracks:19 #weight_updates:7)
#7       1.23s best:9889974 next:[156500,9889973] violation_ls(batch:3 #solutions_imported:3 #lin_moves:16 #lin_evals:3'960 #gen_moves:54 #gen_evals:0 #comp_moves:6 #backtracks:24 #weight_updates:11)
#Bound   1.41s best:9889974 next:[164929,9889973] lb_tree_search
#8       1.47s best:9885471 next:[164929,9885470] graph_var_lns (d=0.50 s=78 t=0.10 p=0.00 stall=0 h=auto_l0)
#9       1.49s best:9885428 next:[164929,9885427] violation_ls(batch:4 #solutions_imported:4 #lin_moves:8 #lin_evals:11'136 #gen_moves:167 #gen_evals:0 #comp_moves:17 #backtracks:75 #weight_updates:7)
#10      1.49s best:9885385 next:[164929,9885384] violation_ls(batch:4 #solutions_imported:4 #lin_moves:10 #lin_evals:7'992 #gen_moves:111 #gen_evals:0 #comp_moves:13 #backtracks:49 #weight_updates:8)
#Bound   1.53s best:9885385 next:[164934,9885384] max_lp
#Bound   1.55s best:9885385 next:[164935,9885384] lb_tree_search
#Bound   1.69s best:9885385 next:[168873,9885384] max_lp
#Bound   1.71s best:9885385 next:[171877,9885384] objective_lb_search_max_lp
#11      1.73s best:9885342 next:[171877,9885341] violation_ls(batch:5 #solutions_imported:5 #lin_moves:8 #lin_evals:18'279 #gen_moves:280 #gen_evals:0 #comp_moves:24 #backtracks:128 #weight_updates:8)
#12      1.73s best:9885299 next:[171877,9885298] violation_ls(batch:5 #solutions_imported:5 #lin_moves:10 #lin_evals:12'513 #gen_moves:192 #gen_evals:0 #comp_moves:18 #backtracks:87 #weight_updates:9)
#13      1.74s best:9885256 next:[171877,9885255] violation_ls(batch:5 #solutions_imported:5 #lin_moves:23 #lin_evals:8'564 #gen_moves:139 #gen_evals:0 #comp_moves:11 #backtracks:64 #weight_updates:17)
#Bound   1.77s best:9885256 next:[182992,9885255] objective_lb_search_max_lp
#Bound   1.83s best:9885256 next:[187441,9885255] objective_lb_search_max_lp
#Bound   1.91s best:9885256 next:[202734,9885255] objective_lb_search_max_lp
#Bound   2.07s best:9885256 next:[211801,9885255] quick_restart
#Model   2.72s var:1743/1744 constraints:2672/2673
#Model   2.92s var:1742/1744 constraints:2671/2673
#Bound   2.15s best:9885256 next:[221976,9885255] objective_lb_search_max_lp [skipped_logs=1]
#Model   3.77s var:1741/1744 constraints:2670/2673
#Model   3.87s var:1740/1744 constraints:2669/2673
#Model   3.98s var:1739/1744 constraints:2668/2673
#Model   5.88s var:1738/1744 constraints:2668/2673
#Model   6.19s var:1737/1744 constraints:2667/2673
#Model   6.29s var:1736/1744 constraints:2667/2673
#Model   6.39s var:1735/1744 constraints:2667/2673
#Model   7.00s var:1734/1744 constraints:2665/2673
#Model   7.20s var:1733/1744 constraints:2664/2673
#Model   8.00s var:1732/1744 constraints:2664/2673
#Model   8.41s var:1731/1744 constraints:2664/2673
#Model  11.01s var:1730/1744 constraints:2662/2673
#Model  11.31s var:1729/1744 constraints:2661/2673
#Model  13.92s var:1728/1744 constraints:2660/2673
#Model  14.72s var:1727/1744 constraints:2660/2673
#14     20.46s best:9876307 next:[221976,9876306] quick_restart_no_lp (fixed_bools=168/2441)
#Bound  61.05s best:9876307 next:[225346,9876306] pseudo_costs
#Bound  61.35s best:9876307 next:[228716,9876306] pseudo_costs
#Bound  61.92s best:9876307 next:[228768,9876306] pseudo_costs
#Bound  62.29s best:9876307 next:[229158,9876306] pseudo_costs
#15     78.30s best:9869638 next:[229158,9869637] quick_restart_no_lp (fixed_bools=211/2750)
#Model 123.70s var:1726/1744 constraints:2660/2673
#Bound 233.82s best:9869638 next:[229810,9869637] reduced_costs
#Bound 234.44s best:9869638 next:[231623,9869637] reduced_costs
#Bound 234.73s best:9869638 next:[231738,9869637] reduced_costs
#16    396.54s best:9867073 next:[231738,9867072] quick_restart_no_lp (fixed_bools=344/2986)
#Bound 521.80s best:9867073 next:[240036,9867072] max_lp
#Bound 588.58s best:9867073 next:[242616,9867072] pseudo_costs
#Bound 668.73s best:9867073 next:[242659,9867072] objective_lb_search_max_lp
#Bound 699.52s best:9867073 next:[243406,9867072] max_lp
#Bound 699.89s best:9867073 next:[247218,9867072] max_lp
#Model 739.91s var:1725/1744 constraints:2658/2673
#Bound 763.75s best:9867073 next:[248147,9867072] max_lp
#Bound 764.56s best:9867073 next:[249841,9867072] max_lp
#Bound 970.88s best:9867073 next:[250210,9867072] lb_tree_search
#Bound 971.44s best:9867073 next:[251269,9867072] lb_tree_search
#Bound 972.11s best:9867073 next:[251746,9867072] lb_tree_search
#Bound 972.35s best:9867073 next:[252378,9867072] lb_tree_search
#17    1141.40s best:9863140 next:[252378,9863139] quick_restart_no_lp (fixed_bools=465/3455)
#18    1482.58s best:9850429 next:[252378,9850428] quick_restart_no_lp (fixed_bools=498/3625)
#19    1542.90s best:957505 next:[252378,957504] no_lp (fixed_bools=422/2680)
#20    1547.07s best:824680 next:[252378,824679] no_lp (fixed_bools=422/2895)
#21    1547.15s best:814360 next:[252378,814359] no_lp (fixed_bools=422/2898)
#22    1547.16s best:687940 next:[252378,687939] no_lp (fixed_bools=422/2901)
#23    1547.18s best:644080 next:[252378,644079] no_lp (fixed_bools=422/2906)
#24    1580.03s best:635131 next:[252378,635130] quick_restart_no_lp (fixed_bools=515/4018)
#25    1593.25s best:627721 next:[252378,627720] quick_restart_no_lp (fixed_bools=515/4081)
#Bound 2179.26s best:627721 next:[256622,627720] reduced_costs
#Bound 2179.85s best:627721 next:[256953,627720] reduced_costs
#Bound 2180.50s best:627721 next:[257483,627720] reduced_costs
#Bound 2180.79s best:627721 next:[258096,627720] reduced_costs
#Bound 2181.73s best:627721 next:[258098,627720] reduced_costs
#Bound 2182.02s best:627721 next:[259797,627720] reduced_costs
#Bound 2182.28s best:627721 next:[260824,627720] reduced_costs
#Bound 2182.53s best:627721 next:[262686,627720] reduced_costs
#Bound 2182.82s best:627721 next:[262687,627720] reduced_costs
#Bound 2183.08s best:627721 next:[262698,627720] reduced_costs
#Bound 2269.53s best:627721 next:[262703,627720] reduced_costs
#Bound 2270.03s best:627721 next:[262706,627720] reduced_costs
#Bound 2270.29s best:627721 next:[262995,627720] reduced_costs
#Bound 2270.50s best:627721 next:[263256,627720] reduced_costs
#Bound 2332.05s best:627721 next:[263262,627720] reduced_costs
#Bound 2333.05s best:627721 next:[263276,627720] reduced_costs
#Bound 2333.53s best:627721 next:[263299,627720] reduced_costs
#Bound 2333.98s best:627721 next:[263309,627720] reduced_costs
#Bound 2334.26s best:627721 next:[263322,627720] reduced_costs
#Bound 2334.57s best:627721 next:[263342,627720] reduced_costs
#Bound 2334.97s best:627721 next:[263352,627720] reduced_costs
#Bound 2335.81s best:627721 next:[263362,627720] reduced_costs
#Bound 2336.17s best:627721 next:[264580,627720] reduced_costs
#Bound 2336.63s best:627721 next:[264788,627720] reduced_costs
#Bound 2336.87s best:627721 next:[264792,627720] reduced_costs
#Bound 2414.59s best:627721 next:[265243,627720] reduced_costs
#Bound 2416.19s best:627721 next:[265244,627720] reduced_costs
#Bound 2425.90s best:627721 next:[265278,627720] reduced_costs
#Model 2450.48s var:1724/1744 constraints:2649/2673
#26    3002.74s best:626446 next:[265278,626445] quick_restart_no_lp (fixed_bools=964/5909)
#27    3008.57s best:613735 next:[265278,613734] quick_restart_no_lp (fixed_bools=964/5946)
#28    3438.92s best:605983 next:[265278,605982] quick_restart_no_lp (fixed_bools=1189/7127)
#29    3563.92s best:597091 next:[265278,597090] quick_restart_no_lp (fixed_bools=1348/7453)
#Bound 3982.96s best:597091 next:[265279,597090] objective_lb_search_max_lp
#Bound 3983.36s best:597091 next:[265433,597090] objective_lb_search_max_lp
#Bound 3983.54s best:597091 next:[265445,597090] objective_lb_search_max_lp
#Bound 3983.80s best:597091 next:[265462,597090] objective_lb_search_max_lp
#Bound 3984.04s best:597091 next:[265557,597090] objective_lb_search_max_lp
#Bound 3984.39s best:597091 next:[265986,597090] objective_lb_search_max_lp
#Bound 3984.65s best:597091 next:[267120,597090] objective_lb_search_max_lp
#Bound 3984.86s best:597091 next:[267859,597090] objective_lb_search_max_lp
#Bound 3985.09s best:597091 next:[268129,597090] objective_lb_search_max_lp
#Bound 3985.29s best:597091 next:[268416,597090] objective_lb_search_max_lp
#30    4976.55s best:595254 next:[268416,595253] quick_restart_no_lp (fixed_bools=1638/8376)
#31    5795.35s best:593088 next:[268416,593087] quick_restart_no_lp (fixed_bools=1754/8975)
#32    7315.59s best:588585 next:[268416,588584] quick_restart_no_lp (fixed_bools=1927/10118)
#33    7818.63s best:582729 next:[268416,582728] quick_restart_no_lp (fixed_bools=2084/10642)
#34    9900.05s best:575433 next:[268416,575432] quick_restart_no_lp (fixed_bools=2263/11711)
#35    18594.79s best:562665 next:[268416,562664] quick_restart_no_lp (fixed_bools=2565/14408)

Task timing                                  n [     min,      max]      avg      dev     time         n [     min,      max]      avg      dev    dtime
                             'core':         1 [   6.00h,    6.00h]    6.00h   0.00ns    6.00h         1 [   5.15h,    5.15h]    5.15h   0.00ns    5.15h
                       'default_lp':         1 [   6.00h,    6.00h]    6.00h   0.00ns    6.00h         1 [  31.12m,   31.12m]   31.12m   0.00ns   31.12m
                 'feasibility_pump':         2 [ 62.24ms,    1.97s]    1.02s 956.27ms    2.04s         1 [497.23ms, 497.23ms] 497.23ms   0.00ns 497.23ms
                  'fj_long_default':         1 [128.80ms, 128.80ms] 128.80ms   0.00ns 128.80ms         1 [ 22.43ms,  22.43ms]  22.43ms   0.00ns  22.43ms
              'fj_long_lin_default':         2 [ 82.08ms, 101.79ms]  91.94ms   9.86ms 183.88ms         2 [ 17.17ms,  21.85ms]  19.51ms   2.34ms  39.02ms
                   'fj_long_random':         1 [185.79ms, 185.79ms] 185.79ms   0.00ns 185.79ms         1 [ 37.53ms,  37.53ms]  37.53ms   0.00ns  37.53ms
                 'fj_short_default':         2 [ 92.15ms, 118.29ms] 105.22ms  13.07ms 210.44ms         2 [ 17.89ms,  19.78ms]  18.83ms 943.37us  37.67ms
             'fj_short_lin_default':         2 [ 92.78ms, 113.31ms] 103.05ms  10.27ms 206.09ms         2 [ 18.64ms,  19.90ms]  19.27ms 632.00us  38.54ms
              'fj_short_lin_random':         2 [ 52.26ms,  99.27ms]  75.76ms  23.50ms 151.52ms         2 [ 12.57ms,  15.90ms]  14.23ms   1.66ms  28.47ms
                  'fj_short_random':         2 [ 69.54ms,  96.23ms]  82.89ms  13.34ms 165.77ms         2 [ 14.94ms,  22.38ms]  18.66ms   3.72ms  37.32ms
                        'fs_random':         1 [198.50ms, 198.50ms] 198.50ms   0.00ns 198.50ms         1 [ 20.00ns,  20.00ns]  20.00ns   0.00ns  20.00ns
                        'fs_random':         1 [199.19ms, 199.19ms] 199.19ms   0.00ns 199.19ms         1 [ 20.00ns,  20.00ns]  20.00ns   0.00ns  20.00ns
                  'fs_random_no_lp':         1 [193.18ms, 193.18ms] 193.18ms   0.00ns 193.18ms         0 [  0.00ns,   0.00ns]   0.00ns   0.00ns   0.00ns
                  'fs_random_no_lp':         1 [195.29ms, 195.29ms] 195.29ms   0.00ns 195.29ms         0 [  0.00ns,   0.00ns]   0.00ns   0.00ns   0.00ns
          'fs_random_quick_restart':         1 [197.88ms, 197.88ms] 197.88ms   0.00ns 197.88ms         1 [ 20.00ns,  20.00ns]  20.00ns   0.00ns  20.00ns
          'fs_random_quick_restart':         1 [200.39ms, 200.39ms] 200.39ms   0.00ns 200.39ms         1 [ 20.00ns,  20.00ns]  20.00ns   0.00ns  20.00ns
    'fs_random_quick_restart_no_lp':         1 [194.65ms, 194.65ms] 194.65ms   0.00ns 194.65ms         0 [  0.00ns,   0.00ns]   0.00ns   0.00ns   0.00ns
                    'graph_arc_lns':         5 [210.49ms,    6.00h]    1.20h    2.40h    6.00h         5 [ 10.00ns, 100.13ms]  80.06ms  40.03ms 400.28ms
                    'graph_cst_lns':         5 [263.63ms,    6.00h]    3.60h    2.94h   18.00h         3 [ 30.00ns, 100.05ms]  66.69ms  47.16ms 200.07ms
                    'graph_dec_lns':         4 [254.16ms,    6.00h]    1.50h    2.60h    6.00h         4 [ 10.00ns, 100.22ms]  75.08ms  43.35ms 300.33ms
                    'graph_var_lns':         5 [223.26ms,    6.00h]    4.80h    2.40h   24.00h         2 [ 40.00ns, 100.24ms]  50.12ms  50.12ms 100.24ms
                   'lb_tree_search':         1 [   6.00h,    6.00h]    6.00h   0.00ns    6.00h         1 [  19.56m,   19.56m]   19.56m   0.00ns   19.56m
                           'max_lp':         1 [   6.00h,    6.00h]    6.00h   0.00ns    6.00h         1 [  20.35m,   20.35m]   20.35m   0.00ns   20.35m
                            'no_lp':         1 [   6.00h,    6.00h]    6.00h   0.00ns    6.00h         1 [   4.53h,    4.53h]    4.53h   0.00ns    4.53h
              'objective_lb_search':         1 [   6.00h,    6.00h]    6.00h   0.00ns    6.00h         1 [  31.53m,   31.53m]   31.53m   0.00ns   31.53m
       'objective_lb_search_max_lp':         1 [   6.00h,    6.00h]    6.00h   0.00ns    6.00h         1 [  19.03m,   19.03m]   19.03m   0.00ns   19.03m
        'objective_lb_search_no_lp':         1 [   6.00h,    6.00h]    6.00h   0.00ns    6.00h         1 [   4.83h,    4.83h]    4.83h   0.00ns    4.83h
  'objective_shaving_search_max_lp':        12 [  9.27ms,  97.26ms]  16.68ms  24.30ms 200.12ms         0 [  0.00ns,   0.00ns]   0.00ns   0.00ns   0.00ns
   'objective_shaving_search_no_lp':         8 [  8.86ms,  87.45ms]  25.82ms  23.75ms 206.54ms         0 [  0.00ns,   0.00ns]   0.00ns   0.00ns   0.00ns
                          'probing':         1 [   6.00h,    6.00h]    6.00h   0.00ns    6.00h         1 [  30.78m,   30.78m]   30.78m   0.00ns   30.78m
                   'probing_max_lp':         1 [   6.00h,    6.00h]    6.00h   0.00ns    6.00h         1 [  19.03m,   19.03m]   19.03m   0.00ns   19.03m
                     'pseudo_costs':         1 [   6.00h,    6.00h]    6.00h   0.00ns    6.00h         1 [  19.23m,   19.23m]   19.23m   0.00ns   19.23m
                    'quick_restart':         1 [   6.00h,    6.00h]    6.00h   0.00ns    6.00h         1 [  31.87m,   31.87m]   31.87m   0.00ns   31.87m
              'quick_restart_no_lp':         1 [   6.00h,    6.00h]    6.00h   0.00ns    6.00h         1 [   3.87h,    3.87h]    3.87h   0.00ns    3.87h
                    'reduced_costs':         1 [   6.00h,    6.00h]    6.00h   0.00ns    6.00h         1 [  20.16m,   20.16m]   20.16m   0.00ns   20.16m
                        'rins/rens':         2 [527.21ms,    6.00h]    3.00h    3.00h    6.00h         2 [ 10.00ns, 100.16ms]  50.08ms  50.08ms 100.16ms
                      'rnd_cst_lns':         5 [284.36ms,    6.00h]    3.60h    2.94h   18.00h         3 [ 30.00ns, 100.20ms]  66.74ms  47.19ms 200.22ms
                      'rnd_var_lns':         5 [   6.00h,    6.00h]    6.00h 210.34ms   30.00h         1 [ 50.00ns,  50.00ns]  50.00ns   0.00ns  50.00ns
                     'violation_ls':         5 [331.10us,   4.49ms]   1.84ms   1.74ms   9.18ms         5 [ 12.90us,   1.01ms] 332.71us 410.24us   1.66ms
                     'violation_ls':         5 [423.93us,   4.99ms]   3.41ms   1.65ms  17.05ms         5 [ 13.47us,   1.59ms] 745.27us 559.04us   3.73ms
                     'violation_ls':         5 [425.87us,   3.68ms]   2.52ms   1.15ms  12.61ms         5 [ 10.35us,   1.04ms] 547.86us 449.28us   2.74ms

Search stats                         Bools   Conflicts     Branches    Restarts      BoolPropag   IntegerPropag
                           'core':  39'690  15'254'293  440'996'991  69'964'371  28'837'415'704  12'358'154'424
                     'default_lp':   2'039           8       82'838      46'737       3'535'939       6'987'057
                      'fs_random':   1'461           0        2'096       2'096          42'728         127'982
                      'fs_random':   1'461           0        2'498       2'498          50'822         155'450
                'fs_random_no_lp':   1'461           0        2'116       2'116          43'243         129'569
                'fs_random_no_lp':   1'461           0        2'154       2'154          43'896         131'830
        'fs_random_quick_restart':   1'461           0        1'780       1'780          37'695         110'357
        'fs_random_quick_restart':   1'461           0        2'116       2'116          43'243         129'569
  'fs_random_quick_restart_no_lp':   1'461           0        2'144       2'144          43'691         131'173
                 'lb_tree_search':   2'039           5       51'452      30'936       2'233'615       4'364'562
                         'max_lp':   2'039           7       57'027      33'736       2'470'062       4'873'296
                          'no_lp':  56'685   9'616'489  576'984'912  69'928'230  46'531'299'386  11'829'462'049
            'objective_lb_search':   2'039           8       78'000      44'294       3'352'898       6'611'197
     'objective_lb_search_max_lp':   2'039           9       53'539      31'959       2'305'908       4'545'531
      'objective_lb_search_no_lp':  38'371  12'253'393  471'829'461  75'336'948  27'392'487'700  13'090'180'459
                        'probing':   2'039           8       76'013      43'552       3'284'794       6'492'639
                 'probing_max_lp':   2'039           7       52'663      31'750       2'288'904       4'521'552
                   'pseudo_costs':   2'039           8       54'378      32'401       2'359'181       4'649'655
                  'quick_restart':   2'039           8       78'538      44'571       3'355'193       6'615'532
            'quick_restart_no_lp':  15'304   7'186'171  747'505'860  76'852'636  29'607'231'008  13'786'110'140
                  'reduced_costs':   2'039          18       52'376      31'385       2'275'170       4'490'386

SAT stats                           ClassicMinim   LitRemoved     LitLearned   LitForgotten  Subsumed  MClauses  MDecisions  MLitTrue  MSubsumed  MLitRemoved  MReused
                           'core':    14'646'301  148'698'286  4'345'305'919  4'248'134'491   270'391   451'323   4'236'118         0      2'633       48'583  103'042
                     'default_lp':             0            0              8              0         0         0           0         0          0            0        0
                      'fs_random':             0            0              0              0         0         0           0         0          0            0        0
                      'fs_random':             0            0              0              0         0         0           0         0          0            0        0
                'fs_random_no_lp':             0            0              0              0         0         0           0         0          0            0        0
                'fs_random_no_lp':             0            0              0              0         0         0           0         0          0            0        0
        'fs_random_quick_restart':             0            0              0              0         0         0           0         0          0            0        0
        'fs_random_quick_restart':             0            0              0              0         0         0           0         0          0            0        0
  'fs_random_quick_restart_no_lp':             0            0              0              0         0         0           0         0          0            0        0
                 'lb_tree_search':             0            0              5              0         0         0           0         0          0            0        0
                         'max_lp':             0            0              7              0         0         0           0         0          0            0        0
                          'no_lp':     8'887'016   80'787'951  2'640'574'642  2'509'292'547   330'605   331'962   9'802'503         0      3'324       73'270   89'603
            'objective_lb_search':             0            0              8              0         0         0           0         0          0            0        0
     'objective_lb_search_max_lp':             1            2             10              0         0         0           0         0          0            0        0
      'objective_lb_search_no_lp':    11'687'671  118'104'130  3'375'034'890  3'283'289'711   252'111   542'913   6'011'965         0      2'539       51'645  128'077
                        'probing':             0            0              8              0         0         0           0         0          0            0        0
                 'probing_max_lp':             0            0              7              0         0         0           0         0          0            0        0
                   'pseudo_costs':             0            0              8              0         0         0           0         0          0            0        0
                  'quick_restart':             0            0              8              0         0         0           0         0          0            0        0
            'quick_restart_no_lp':     6'394'585   49'138'262  2'488'603'124  2'367'420'246   341'193   534'110  17'629'874        20      1'851       43'283  131'383
                  'reduced_costs':             0            0             18              0         0         0           0         0          0            0        0

Lp stats                         Component  Iterations  AddedCuts  OPTIMAL  DUAL_F.  DUAL_U.
                  'default_lp':          1   8'336'043  2'926'647  262'313        4        4
                   'fs_random':          1           0          0        0        0        0
                   'fs_random':          1           0          0        0        0        0
     'fs_random_quick_restart':          1           0          0        0        0        0
     'fs_random_quick_restart':          1           0          0        0        0        0
              'lb_tree_search':          1   3'595'978  1'153'337  107'935   29'626        1
                      'max_lp':          1   3'996'825  1'275'405  118'567   32'803        3
         'objective_lb_search':          1   8'078'327  2'920'621  247'957        6        4
  'objective_lb_search_max_lp':          1   3'566'966  1'117'933  111'901   30'829        4
                     'probing':          1   7'808'691  2'682'978  243'060        5        4
              'probing_max_lp':          1   3'623'471  1'150'201  112'231   29'610        1
                'pseudo_costs':          1   3'777'573  1'231'772  114'807   30'691        3
               'quick_restart':          1   8'209'809  2'898'866  249'209        7        4
               'reduced_costs':          1   3'544'607  1'373'431  111'208   30'035        2

Lp dimension                                                                        Final dimension of first component
                  'default_lp':  2755 rows, 1744 columns, 38331 entries with magnitude in [6.546438e-06, 1.000000e+00]
                   'fs_random':         0 rows, 1744 columns, 0 entries with magnitude in [0.000000e+00, 0.000000e+00]
                   'fs_random':         0 rows, 1744 columns, 0 entries with magnitude in [0.000000e+00, 0.000000e+00]
     'fs_random_quick_restart':         0 rows, 1744 columns, 0 entries with magnitude in [0.000000e+00, 0.000000e+00]
     'fs_random_quick_restart':         0 rows, 1744 columns, 0 entries with magnitude in [0.000000e+00, 0.000000e+00]
              'lb_tree_search':  2166 rows, 1744 columns, 18755 entries with magnitude in [1.066155e-04, 1.000000e+00]
                      'max_lp':  2409 rows, 1744 columns, 34835 entries with magnitude in [4.850185e-06, 1.000000e+00]
         'objective_lb_search':  3334 rows, 1744 columns, 33728 entries with magnitude in [2.426370e-06, 1.000000e+00]
  'objective_lb_search_max_lp':  2219 rows, 1744 columns, 18740 entries with magnitude in [1.958741e-04, 1.000000e+00]
                     'probing':  2631 rows, 1744 columns, 24579 entries with magnitude in [3.270935e-06, 1.000000e+00]
              'probing_max_lp':  2569 rows, 1744 columns, 19453 entries with magnitude in [1.780157e-05, 1.000000e+00]
                'pseudo_costs':  2051 rows, 1744 columns, 24367 entries with magnitude in [2.538239e-05, 1.000000e+00]
               'quick_restart':  3041 rows, 1744 columns, 33099 entries with magnitude in [8.568704e-06, 1.000000e+00]
               'reduced_costs':  2561 rows, 1744 columns, 40297 entries with magnitude in [2.497024e-05, 1.000000e+00]

Lp debug                         CutPropag  CutEqPropag  Adjust  Overflow          Bad  BadScaling
                  'default_lp':          2        2'906   9'945         0  147'845'688           0
                   'fs_random':          0            0       0         0            0           0
                   'fs_random':          0            0       0         0            0           0
     'fs_random_quick_restart':          0            0       0         0            0           0
     'fs_random_quick_restart':          0            0       0         0            0           0
              'lb_tree_search':          3        1'363  56'833         0  159'508'816           0
                      'max_lp':          7        2'209  63'067         0  160'075'421           0
         'objective_lb_search':          3        2'162   7'201         0  144'592'869           0
  'objective_lb_search_max_lp':          1        1'774  17'759         0  144'136'026           0
                     'probing':          2        2'436  28'161         0  142'564'728           0
              'probing_max_lp':          8        2'989  49'122         0  145'515'846           0
                'pseudo_costs':          1        1'242  53'411         0  149'821'033           0
               'quick_restart':          3        2'322   4'958         0  144'957'865           0
               'reduced_costs':          0        1'609  56'980         0  151'629'889           0

Lp pool                          Constraints  Updates  Simplif  Merged  Shortened   Split  Strenghtened            Cuts/Call
                  'default_lp':       11'787   44'733   15'715      87        727  10'096       162'479  2'926'647/5'745'455
                   'fs_random':        2'227        0        0       0          0       0             0                  0/0
                   'fs_random':        2'227        0        0       0          0       0             0                  0/0
     'fs_random_quick_restart':        2'227        0        0       0          0       0             0                  0/0
     'fs_random_quick_restart':        2'227        0        0       0          0       0             0                  0/0
              'lb_tree_search':       11'987   56'221   31'395      21      1'166  49'211       201'057  1'153'337/2'455'417
                      'max_lp':       12'055   55'928   29'197      21      1'825  26'998       225'602  1'275'405/2'731'186
         'objective_lb_search':       11'778   57'248   15'601      70        538  10'453       156'116  2'920'621/5'678'615
  'objective_lb_search_max_lp':       12'546   59'185   13'985      58        929  32'155       194'213  1'117'933/2'287'651
                     'probing':       12'142   53'259   15'535      63        422  12'886       146'850  2'682'978/5'180'059
              'probing_max_lp':       11'853   58'743   28'072      19      1'277  27'968       212'250  1'150'201/2'343'760
                'pseudo_costs':       12'373   47'173   15'379      70      1'285  26'305       211'861  1'231'772/2'598'696
               'quick_restart':       12'035   47'212   16'905      58      1'065   9'830       150'080  2'898'866/5'677'787
               'reduced_costs':       12'066   67'743   15'564      36      1'331  33'597       200'439  1'373'431/3'012'004

Lp Cut             defaul   max_lp   quick_   reduce   pseudo   lb_tre   probin   object   probin   object
          CG_FF:  100'862   28'181   95'753   35'418   27'353   27'592   91'664   97'597   25'324   23'546
           CG_K:    2'778    4'372    2'689    4'256    2'500    4'245    2'716    2'817    3'615    2'289
          CG_KL:        -        -        3        -        1        1        -        -        2        -
           CG_R:  128'651   35'905  121'115   38'842   30'342   30'089  110'069  119'596   32'507   27'964
          CG_RB:  608'043  160'192  602'468  188'286  152'033  130'794  558'394  599'029  152'204  123'743
         CG_RBP:    1'979    3'742    1'878    2'918    3'211    3'798    1'642    1'716    4'378    2'167
         Clique:        -   27'945        -   26'401   27'690   25'373        -        -   26'473   26'549
             IB:  572'246  142'910  547'837  148'584  138'441  133'656  528'981  548'003  131'398  132'886
       MIR_1_FF:  459'419  171'272  500'952  180'752  168'920  162'886  415'582  516'664  158'498  145'963
        MIR_1_K:    4'987    3'557    4'689    3'462    2'945    3'070    4'887    4'927    3'213    2'851
       MIR_1_KL:       10        -        8        -        -        -       29       13        -        -
        MIR_1_R:   13'306    8'277   12'143    8'162   13'912    7'561   11'820   13'684    9'182    8'948
       MIR_1_RB:  409'255  229'993  401'544  249'645  220'643  209'450  377'995  405'839  193'738  197'432
      MIR_1_RBP:    1'720    1'334    1'497    2'277    1'367    1'765    1'340    1'486    2'075    1'054
      MIR_1_RLT:        -      510        -      487      481      441        -        -      474      513
       MIR_2_FF:   31'806   22'448   35'366   25'833   22'454   21'631   25'942   32'724   19'363   20'043
        MIR_2_K:    1'344    1'819    1'181    1'688    1'551    1'492    1'438    1'478    1'792    1'303
       MIR_2_KL:        9        -        2        -        2        -        3        3        1        -
        MIR_2_R:    5'820   11'346    5'710   12'719   11'260   10'478    6'122    5'301   11'710   13'128
       MIR_2_RB:   76'889   92'536   75'856  115'066   78'791   79'367   77'253   81'493   81'713   85'277
      MIR_2_RBP:    1'110      747      802      896      736      649      673      685      858      657
       MIR_3_FF:   10'014   10'817   10'221   11'904   10'764   10'644    9'349    9'763    8'779    9'624
        MIR_3_K:    1'070    2'174    1'094    2'096    1'969    1'903    1'022    1'145    2'056    1'898
       MIR_3_KL:        4        1       10        -        -        1        9        6        -        1
        MIR_3_R:   20'517    7'888   18'283    7'647    7'947    7'359   18'550   19'295    7'746    8'066
       MIR_3_RB:   74'591   52'877   70'852   55'170   50'962   47'601   68'813   73'188   47'797   48'805
      MIR_3_RBP:      640    1'129      582    1'073    1'043      917      465      575      993      838
       MIR_4_FF:    3'388    9'103    3'533    9'408    8'849    8'486    3'697    3'463    7'574    7'788
        MIR_4_K:      571    1'852      566    1'782    1'754    1'731      534      576    1'725    1'712
       MIR_4_KL:        1        -        -        -        -        -        1        1        -        -
        MIR_4_R:    4'339    3'422    3'980    3'170    3'278    3'125    4'193    4'009    3'162    3'607
       MIR_4_RB:   39'784   43'226   38'479   44'321   42'607   39'096   37'008   39'997   38'836   39'123
      MIR_4_RBP:      371    1'068      325      994    1'020      836      316      323      916      755
       MIR_5_FF:    2'809    7'878    2'969    8'722    8'120    7'648    2'902    2'993    6'542    7'405
        MIR_5_K:      356    1'786      328    1'705    1'747    1'661      305      322    1'747    1'774
       MIR_5_KL:        -        1        -        -        -        -        2        -        -        -
        MIR_5_R:    2'115    2'267    1'988    2'139    2'305    2'056    2'043    2'168    2'174    2'312
       MIR_5_RB:   30'551   36'233   29'850   38'687   35'900   33'707   27'946   29'508   32'840   33'682
      MIR_5_RBP:      261    1'110      250    1'006    1'049      902      200      201      988      954
       MIR_6_FF:    1'446    5'559    1'819    6'176    6'043    5'318    1'788    1'415    4'762    5'265
        MIR_6_K:      331    1'567      317    1'451    1'424    1'337      299      324    1'422    1'317
       MIR_6_KL:        -        1        -        -        1        -        -        -        -        -
        MIR_6_R:    1'337    2'591    1'242    2'280    2'587    2'250    1'249    1'305    2'510    2'575
       MIR_6_RB:   19'416   27'727   19'086   27'078   26'494   24'072   17'793   19'025   24'298   24'546
      MIR_6_RBP:      161      891      157      773      806      712      110      129      770      680
   ZERO_HALF_FF:   26'952    9'884   24'991    9'240    9'848    9'728   25'338   27'257    8'685    8'867
    ZERO_HALF_K:      666      896      545      870      646      853      591      617      594      591
    ZERO_HALF_R:  181'510   61'059  176'707   55'830   64'013   54'899  164'902  167'328   54'033   58'567
   ZERO_HALF_RB:   82'292   34'549   78'233   33'535   35'271   31'552   76'172   81'759   30'072   30'169
  ZERO_HALF_RBP:      920      762      966      682      692      605      831      874      662      699
  ZERO_HALF_RLT:        -        1        -        -        -        -        -        -        -        -

LNS stats           Improv/Calls  Closed  Difficulty  TimeLimit
  'graph_arc_lns':           2/5      0%        0.06       0.10
  'graph_cst_lns':           3/5      0%        0.06       0.10
  'graph_dec_lns':           2/4      0%        0.09       0.10
  'graph_var_lns':           5/5      0%        0.06       0.10
      'rins/rens':           2/2      0%        0.19       0.10
    'rnd_cst_lns':           3/5      0%        0.06       0.10
    'rnd_var_lns':           5/5      0%        0.06       0.10

LS stats                   Batches  Restarts  LinMoves  GenMoves  CompoundMoves  WeightUpdates
       'fj_long_default':        1         1     6'643         0              0            465
   'fj_long_lin_default':        2         1         0     8'633            686             27
        'fj_long_random':        1         1     9'376         0              0            624
      'fj_short_default':        2         1         0     8'567            814             26
  'fj_short_lin_default':        2         1         0     8'694            789             21
   'fj_short_lin_random':        2         1         0     7'573            584             50
       'fj_short_random':        2         1         0     7'211            649              7
          'violation_ls':        5         0        10       192             18              9
          'violation_ls':        5         0        23       139             11             17
          'violation_ls':        5         0         8       280             24              8

Solutions (35)            Num     Rank
      'fj_long_default':    1    [1,1]
        'graph_var_lns':    1    [8,8]
                'no_lp':    5  [19,23]
  'quick_restart_no_lp':   17  [14,35]
         'violation_ls':   11   [2,13]

Objective bounds                      Num
                   'initial_domain':    1
                   'lb_tree_search':    6
                           'max_lp':    7
       'objective_lb_search_max_lp':   16
  'objective_shaving_search_max_lp':   11
   'objective_shaving_search_no_lp':    2
                     'pseudo_costs':    5
                    'quick_restart':    2
                    'reduced_costs':   31

Solution repositories    Added  Queried  Ignored  Synchro
  'feasible solutions':     64       78        0       62
        'lp solutions':      0        0        0        0
                'pump':      8        2

Improving bounds shared            Num
                        'core':    714
                  'default_lp':     86
                      'max_lp':     78
                       'no_lp':  1'017
         'objective_lb_search':     78
  'objective_lb_search_max_lp':      2
   'objective_lb_search_no_lp':  1'071
                     'probing':     73
              'probing_max_lp':      1
                'pseudo_costs':      1
               'quick_restart':      4
         'quick_restart_no_lp':  1'118
               'reduced_costs':    157

Clauses shared                   Num
                        'core':  803
                       'no_lp':  796
  'objective_lb_search_max_lp':    1
   'objective_lb_search_no_lp':  874
         'quick_restart_no_lp':  888

CpSolverResponse summary:
status: FEASIBLE
objective: 562665
best_bound: 268416
integers: 1745
booleans: 1461
conflicts: 0
branches: 2498
propagations: 50822
integer_propagations: 155450
restarts: 2498
lp_iterations: 0
walltime: 21602
usertime: 21602
deterministic_time: 80730.2
gap_integral: 1.01657e+06
solution_fingerprint: 0xcf1c17b6c6fd65fb

CPU USED: 32
Loading /home/aneumann/projects/def-adhaj/aneumann/gns/data/instances/test/l/instance_167.pkl...
===* START SOLVING *===
   index    value       gap  ... max_time  cpu  max_memory
0    167  5626.65  0.522956  ...        6   32         118

[1 rows x 8 columns]
===* END OF FILE *===
