created virtual environment CPython3.12.4.final.0-64 in 3114ms
  creator CPython3Posix(dest=/local/aneumann.27429356.0/env, clear=False, no_vcs_ignore=False, global=False)
  seeder FromAppData(download=False, pip=bundle, via=copy, app_data_dir=/home/aneumann/.local/share/virtualenv)
    added seed packages: pip==24.0
  activators BashActivator,CShellActivator,FishActivator,NushellActivator,PowerShellActivator,PythonActivator
Looking in links: /cvmfs/soft.computecanada.ca/custom/python/wheelhouse/gentoo2023/x86-64-v3, /cvmfs/soft.computecanada.ca/custom/python/wheelhouse/gentoo2023/generic, /cvmfs/soft.computecanada.ca/custom/python/wheelhouse/generic
Requirement already satisfied: pip in /local/aneumann.27429356.0/env/lib/python3.12/site-packages (24.0)
Processing /cvmfs/soft.computecanada.ca/custom/python/wheelhouse/generic/pip-24.2+computecanada-py3-none-any.whl
Installing collected packages: pip
  Attempting uninstall: pip
    Found existing installation: pip 24.0
    Uninstalling pip-24.0:
      Successfully uninstalled pip-24.0
Successfully installed pip-24.2+computecanada
Looking in links: /cvmfs/soft.computecanada.ca/custom/python/wheelhouse/gentoo2023/x86-64-v3, /cvmfs/soft.computecanada.ca/custom/python/wheelhouse/gentoo2023/generic, /cvmfs/soft.computecanada.ca/custom/python/wheelhouse/generic
ERROR: protobuf-5.28.3-cp38-abi3-manylinux2014_x86_64.whl is not a supported wheel on this platform.
Looking in links: /cvmfs/soft.computecanada.ca/custom/python/wheelhouse/gentoo2023/x86-64-v3, /cvmfs/soft.computecanada.ca/custom/python/wheelhouse/gentoo2023/generic, /cvmfs/soft.computecanada.ca/custom/python/wheelhouse/generic
Processing /home/aneumann/projects/def-adhaj/aneumann/gns/wheels/immutabledict-4.2.0-py3-none-any.whl
Installing collected packages: immutabledict
Successfully installed immutabledict-4.2.0
Looking in links: /cvmfs/soft.computecanada.ca/custom/python/wheelhouse/gentoo2023/x86-64-v3, /cvmfs/soft.computecanada.ca/custom/python/wheelhouse/gentoo2023/generic, /cvmfs/soft.computecanada.ca/custom/python/wheelhouse/generic
Processing /cvmfs/soft.computecanada.ca/custom/python/wheelhouse/generic/ortools-9.10.4067+computecanada-cp312-cp312-linux_x86_64.whl (from -r /home/aneumann/projects/def-adhaj/aneumann/gns/requirements_or.txt (line 1))
Processing /cvmfs/soft.computecanada.ca/custom/python/wheelhouse/gentoo2023/x86-64-v3/pandas-2.2.2+computecanada-cp312-cp312-linux_x86_64.whl (from -r /home/aneumann/projects/def-adhaj/aneumann/gns/requirements_or.txt (line 2))
Processing /cvmfs/soft.computecanada.ca/custom/python/wheelhouse/generic/absl_py-2.1.0+computecanada-py3-none-any.whl (from ortools->-r /home/aneumann/projects/def-adhaj/aneumann/gns/requirements_or.txt (line 1))
Processing /cvmfs/soft.computecanada.ca/custom/python/wheelhouse/gentoo2023/generic/numpy-2.1.1+computecanada-cp312-cp312-linux_x86_64.whl (from ortools->-r /home/aneumann/projects/def-adhaj/aneumann/gns/requirements_or.txt (line 1))
Processing /cvmfs/soft.computecanada.ca/custom/python/wheelhouse/gentoo2023/x86-64-v3/protobuf-5.28.0+computecanada-cp312-cp312-linux_x86_64.whl (from ortools->-r /home/aneumann/projects/def-adhaj/aneumann/gns/requirements_or.txt (line 1))
Requirement already satisfied: immutabledict>=3.0.0 in /local/aneumann.27429356.0/env/lib/python3.12/site-packages (from ortools->-r /home/aneumann/projects/def-adhaj/aneumann/gns/requirements_or.txt (line 1)) (4.2.0)
Processing /cvmfs/soft.computecanada.ca/custom/python/wheelhouse/generic/python_dateutil-2.9.0.post0+computecanada-py2.py3-none-any.whl (from pandas->-r /home/aneumann/projects/def-adhaj/aneumann/gns/requirements_or.txt (line 2))
Processing /cvmfs/soft.computecanada.ca/custom/python/wheelhouse/generic/pytz-2024.2+computecanada-py2.py3-none-any.whl (from pandas->-r /home/aneumann/projects/def-adhaj/aneumann/gns/requirements_or.txt (line 2))
Processing /cvmfs/soft.computecanada.ca/custom/python/wheelhouse/generic/tzdata-2024.2+computecanada-py2.py3-none-any.whl (from pandas->-r /home/aneumann/projects/def-adhaj/aneumann/gns/requirements_or.txt (line 2))
Processing /cvmfs/soft.computecanada.ca/custom/python/wheelhouse/generic/six-1.16.0+computecanada-py2.py3-none-any.whl (from python-dateutil>=2.8.2->pandas->-r /home/aneumann/projects/def-adhaj/aneumann/gns/requirements_or.txt (line 2))
Installing collected packages: pytz, tzdata, six, protobuf, numpy, absl-py, python-dateutil, pandas, ortools
Successfully installed absl-py-2.1.0+computecanada numpy-2.1.1+computecanada ortools-9.10.4067+computecanada pandas-2.2.2+computecanada protobuf-5.28.0+computecanada python-dateutil-2.9.0.post0+computecanada pytz-2024.2+computecanada six-1.16.0+computecanada tzdata-2024.2+computecanada

Starting CP-SAT solver v9.10.4067
Parameters: max_time_in_seconds: 21600 max_memory_in_mb: 118 log_search_progress: true optimize_with_core: true cp_model_presolve: true enumerate_all_solutions: false num_search_workers: 32 use_implied_bounds: true absolute_gap_limit: 5 relative_gap_limit: 0.01 use_probing_search: true

Initial optimization model '': (model_fingerprint: 0xfc207a80ec4ffc89)
#Variables: 3'054 (#bools: 25 #ints: 1 in objective)
  - 2'680 Booleans in [0,1]
  - 373 in [0,225000]
  - 1 constants in {1} 
#kBoolOr: 1'218 (#literals: 1'218)
#kLinear1: 586
#kLinear2: 8'618
#kLinear3: 1'739
#kLinearN: 795 (#terms: 7'696)

Starting presolve at 0.00s
  3.12e-03s  0.00e+00d  [DetectDominanceRelations] 
  7.21e-02s  0.00e+00d  [PresolveToFixPoint] #num_loops=16 #num_dual_strengthening=5 
  9.36e-05s  0.00e+00d  [ExtractEncodingFromLinear] #potential_supersets=228 
[Symmetry] Graph for symmetry has 10'469 nodes and 22'139 arcs.
[Symmetry] Symmetry computation done. time: 0.00307511 dtime: 0.00293985
[Symmetry] #generators: 1, average support size: 2
[Symmetry] 1 orbits with sizes: 2
[SAT presolve] num removable Booleans: 0 / 1636
[SAT presolve] num trivial clauses: 0
[SAT presolve] [0s] clauses:2876 literals:5752 vars:1592 one_side_vars:1549 simple_definition:40 singleton_clauses:0
[SAT presolve] [0.000280613s] clauses:2876 literals:5752 vars:1592 one_side_vars:1549 simple_definition:40 singleton_clauses:0
[SAT presolve] [0.00042879s] clauses:2876 literals:5752 vars:1592 one_side_vars:1549 simple_definition:40 singleton_clauses:0
  5.82e-01s  9.54e-02d  [Probe] #probed=3'848 #fixed_bools=84 #new_bounds=148 
  7.24e-03s  0.00e+00d  [MaxClique] Merged 3090(8812 literals) into 927(6702 literals) at_most_ones. 
  2.59e-03s  0.00e+00d  [DetectDominanceRelations] 
  1.53e-02s  0.00e+00d  [PresolveToFixPoint] #num_loops=3 #num_dual_strengthening=2 
  3.37e-03s  0.00e+00d  [ProcessAtMostOneAndLinear] #num_changes=32 
  2.17e-03s  0.00e+00d  [DetectDuplicateConstraints] #duplicates=6 #without_enforcements=4 
  5.37e-04s  2.23e-05d  [DetectDominatedLinearConstraints] #relevant_constraints=1'514 
  6.75e-04s  0.00e+00d  [DetectDifferentVariables] #different=15 
  1.01e-03s  2.80e-04d  [ProcessSetPPC] #relevant_constraints=859 #num_inclusions=662 
  7.79e-05s  0.00e+00d  [FindAlmostIdenticalLinearConstraints] 
  6.78e-03s  5.92e-03d  [FindBigAtMostOneAndLinearOverlap] 
  1.43e-03s  2.84e-03d  [FindBigVerticalLinearOverlap] 
  1.79e-04s  3.26e-04d  [FindBigHorizontalLinearOverlap] #linears=47 
  9.94e-05s  0.00e+00d  [MergeClauses] 
  2.57e-03s  0.00e+00d  [DetectDominanceRelations] 
  9.90e-03s  0.00e+00d  [PresolveToFixPoint] #num_loops=3 #num_dual_strengthening=2 
  2.50e-03s  0.00e+00d  [DetectDominanceRelations] 
  8.68e-03s  0.00e+00d  [PresolveToFixPoint] #num_loops=1 #num_dual_strengthening=1 
[Symmetry] Graph for symmetry has 8'108 nodes and 15'655 arcs.
[Symmetry] Symmetry computation done. time: 0.00165213 dtime: 0.00188465
[Symmetry] #generators: 1, average support size: 2
[Symmetry] The model contains 2 duplicate constraints !
[Symmetry] 1 orbits with sizes: 2
[SAT presolve] num removable Booleans: 0 / 1551
[SAT presolve] num trivial clauses: 0
[SAT presolve] [0s] clauses:14 literals:28 vars:20 one_side_vars:15 simple_definition:5 singleton_clauses:0
[SAT presolve] [4.8447e-05s] clauses:14 literals:28 vars:20 one_side_vars:15 simple_definition:5 singleton_clauses:0
[SAT presolve] [9.5255e-05s] clauses:14 literals:28 vars:20 one_side_vars:15 simple_definition:5 singleton_clauses:0
  2.31e-01s  3.92e-02d  [Probe] #probed=3'764 #new_bounds=60 
  2.96e-03s  0.00e+00d  [MaxClique] Merged 734(5426 literals) into 734(5433 literals) at_most_ones. 
  2.50e-03s  0.00e+00d  [DetectDominanceRelations] 
  1.35e-02s  0.00e+00d  [PresolveToFixPoint] #num_loops=3 #num_dual_strengthening=2 
  3.13e-03s  0.00e+00d  [ProcessAtMostOneAndLinear] 
  2.11e-03s  0.00e+00d  [DetectDuplicateConstraints] #duplicates=4 #without_enforcements=1 
  5.33e-04s  2.23e-05d  [DetectDominatedLinearConstraints] #relevant_constraints=1'511 
  5.92e-04s  0.00e+00d  [DetectDifferentVariables] #different=15 
  8.65e-04s  2.73e-04d  [ProcessSetPPC] #relevant_constraints=794 #num_inclusions=594 
  8.07e-05s  0.00e+00d  [FindAlmostIdenticalLinearConstraints] 
  6.77e-03s  5.92e-03d  [FindBigAtMostOneAndLinearOverlap] 
  1.43e-03s  2.84e-03d  [FindBigVerticalLinearOverlap] 
  1.78e-04s  3.20e-04d  [FindBigHorizontalLinearOverlap] #linears=46 
  9.59e-05s  0.00e+00d  [MergeClauses] 
  2.75e-03s  0.00e+00d  [DetectDominanceRelations] 
  9.02e-03s  0.00e+00d  [PresolveToFixPoint] #num_loops=1 #num_dual_strengthening=1 
  2.49e-03s  0.00e+00d  [DetectDominanceRelations] 
  8.75e-03s  0.00e+00d  [PresolveToFixPoint] #num_loops=1 #num_dual_strengthening=1 
[Symmetry] Graph for symmetry has 8'106 nodes and 15'658 arcs.
[Symmetry] Symmetry computation done. time: 0.00156641 dtime: 0.0018853
[Symmetry] #generators: 1, average support size: 2
[Symmetry] 1 orbits with sizes: 2
[SAT presolve] num removable Booleans: 0 / 1551
[SAT presolve] num trivial clauses: 0
[SAT presolve] [0s] clauses:14 literals:28 vars:20 one_side_vars:15 simple_definition:5 singleton_clauses:0
[SAT presolve] [4.778e-05s] clauses:14 literals:28 vars:20 one_side_vars:15 simple_definition:5 singleton_clauses:0
[SAT presolve] [9.3981e-05s] clauses:14 literals:28 vars:20 one_side_vars:15 simple_definition:5 singleton_clauses:0
  2.27e-01s  3.92e-02d  [Probe] #probed=3'764 
  2.79e-03s  0.00e+00d  [MaxClique] 
  2.51e-03s  0.00e+00d  [DetectDominanceRelations] 
  8.79e-03s  0.00e+00d  [PresolveToFixPoint] #num_loops=1 #num_dual_strengthening=1 
  3.14e-03s  0.00e+00d  [ProcessAtMostOneAndLinear] 
  2.10e-03s  0.00e+00d  [DetectDuplicateConstraints] #without_enforcements=1 
  5.38e-04s  2.23e-05d  [DetectDominatedLinearConstraints] #relevant_constraints=1'511 
  5.96e-04s  0.00e+00d  [DetectDifferentVariables] #different=15 
  8.68e-04s  2.73e-04d  [ProcessSetPPC] #relevant_constraints=794 #num_inclusions=594 
  8.31e-05s  0.00e+00d  [FindAlmostIdenticalLinearConstraints] 
  6.79e-03s  5.92e-03d  [FindBigAtMostOneAndLinearOverlap] 
  1.43e-03s  2.84e-03d  [FindBigVerticalLinearOverlap] 
  1.80e-04s  3.20e-04d  [FindBigHorizontalLinearOverlap] #linears=46 
  9.93e-05s  0.00e+00d  [MergeClauses] 
  2.51e-03s  0.00e+00d  [DetectDominanceRelations] 
  8.89e-03s  0.00e+00d  [PresolveToFixPoint] #num_loops=1 #num_dual_strengthening=1 
  1.81e-04s  0.00e+00d  [ExpandObjective] #entries=84 #tight_variables=42 #tight_constraints=14 

Presolve summary:
  - 71 affine relations were detected.
  - rule 'TODO dual: add implied bound' was applied 16 times.
  - rule 'TODO dual: only one blocking constraint?' was applied 28'033 times.
  - rule 'TODO dual: only one blocking enforced constraint?' was applied 16 times.
  - rule 'TODO dual: only one unspecified blocking constraint?' was applied 16 times.
  - rule 'TODO dual: tighten at most one' was applied 536 times.
  - rule 'TODO duplicate: identical constraint with different enforcements' was applied 3 times.
  - rule 'TODO linear2: contains a Boolean.' was applied 14'983 times.
  - rule 'affine: new relation' was applied 71 times.
  - rule 'at_most_one: empty or all false' was applied 8 times.
  - rule 'at_most_one: removed literals' was applied 409 times.
  - rule 'at_most_one: size one' was applied 129 times.
  - rule 'at_most_one: transformed into max clique.' was applied 1 time.
  - rule 'bool_and: non-reified.' was applied 68 times.
  - rule 'bool_and: x => x' was applied 7 times.
  - rule 'bool_or: always true' was applied 1'218 times.
  - rule 'bool_or: implications' was applied 7'488 times.
  - rule 'deductions: 452 stored' was applied 1 time.
  - rule 'dual: add implication' was applied 18 times.
  - rule 'dual: enforced equivalence' was applied 1 time.
  - rule 'dual: fix variable' was applied 408 times.
  - rule 'dual: fix variable with multiple choices' was applied 10 times.
  - rule 'dual: reduced domain' was applied 160 times.
  - rule 'duplicate: merged rhs of linear constraint' was applied 6 times.
  - rule 'duplicate: removed constraint' was applied 10 times.
  - rule 'duplicate: removed enforced constraint' was applied 3 times.
  - rule 'enforcement: false literal' was applied 4'232 times.
  - rule 'enforcement: literal not used' was applied 23 times.
  - rule 'enforcement: true literal' was applied 68 times.
  - rule 'linear + amo: extracted enforcement literal' was applied 10 times.
  - rule 'linear + amo: fixed literal implied by enforcement' was applied 22 times.
  - rule 'linear1: always true' was applied 3 times.
  - rule 'linear2: contains a Boolean.' was applied 12 times.
  - rule 'linear: always true' was applied 1'673 times.
  - rule 'linear: divide by GCD' was applied 5'041 times.
  - rule 'linear: empty' was applied 137 times.
  - rule 'linear: extracted enforcement literal' was applied 661 times.
  - rule 'linear: fixed or dup variables' was applied 1'778 times.
  - rule 'linear: negative clause' was applied 2'184 times.
  - rule 'linear: positive at most one' was applied 222 times.
  - rule 'linear: positive clause' was applied 5'304 times.
  - rule 'linear: positive equal one' was applied 14 times.
  - rule 'linear: reduced variable domains' was applied 938 times.
  - rule 'linear: remapped using affine relations' was applied 2'354 times.
  - rule 'linear: simplified rhs' was applied 18'892 times.
  - rule 'linear: singleton column' was applied 8 times.
  - rule 'objective: variable not used elsewhere' was applied 1 time.
  - rule 'presolve: 1117 unused variables removed.' was applied 1 time.
  - rule 'presolve: iteration' was applied 3 times.
  - rule 'setppc: bool_or in at_most_one.' was applied 6 times.
  - rule 'setppc: removed dominated constraints' was applied 59 times.

Presolved optimization model '': (model_fingerprint: 0xee3264818d14d648)
#Variables: 1'858 (#bools: 24 #ints: 1 in objective)
  - 1'551 Booleans in [0,1]
  - 1 in [0,723]
  - 1 in [0,733]
  - 1 in [0,741]
  - 1 in [0,1465]
  - 1 in [0,1467]
  - 15 in [0,1473]
  - 2 in [0,1477]
  - 18 in [0,1478]
  - 1 in [0,1484]
  - 1 in [0,1485]
  - 1 in [0,1490]
  - 2 in [0,1491]
  - 1 in [0,2225]
  - 1 in [0,2230]
  - 1 in [0,2233]
  - 1 in [0,2236]
  - 2 in [0,2239]
  - 13 in [0,7365]
  - 1 in [0,7385]
  - 16 in [0,7390]
  - 1 in [0,7420]
  - 1 in [0,7425]
  - 1 in [0,7450]
  - 1 in [0,7455]
  - 1 in [0,7484]
  - 1 in [0,7489]
  - 1 in [0,7490]
  - 1 in [0,11228]
  - 1 in [0,11234]
  - 1 in [0,11239]
  - 8 in [0,11250]
  - 92 in [0,225000]
  - 1 in [1,742]
  - 1 in [4,737]
  - 1 in [4,743]
  - 2 in [5,728]
  - 1 in [5,744]
  - 1 in [10,733]
  - 1 in [25,3736]
  - 1 in [28,3739]
  - 1 in [39,3746]
  - 1 in [42,3749]
  - 1 in [52,3740]
  - 1 in [61,3749]
  - 1 in [106,3739]
  - 2 in [107,3740]
  - 1 in [116,3749]
  - 1 in [300,222600]
  - 1 in [300,223200]
  - 1 in [300,223800]
  - 2 in [300,224160]
  - 4 in [300,224400]
  - 4 in [300,224460]
  - 2 in [300,225000]
  - 2 in [323,222600]
  - 1 in [1200,221100]
  - 1 in [1200,222600]
  - 3 in [1200,223800]
  - 2 in [1200,223980]
  - 2 in [1200,224340]
  - 2 in [1200,224460]
  - 1 in [1500,218400]
  - 1 in [1500,223200]
  - 3 in [1500,224160]
  - 2 in [1500,224580]
  - 4 in [1500,224760]
  - 1 in [1680,224381]
  - 1 in [1699,224400]
  - 4 in [1980,224880]
  - 1 in [2340,224617]
  - 5 in [2340,224760]
  - 1 in [2520,224985]
  - 2 in [2528,224993]
  - 1 in [2535,225000]
  - 1 in [3000,219900]
  - 1 in [3000,221100]
  - 2 in [3000,222600]
  - 2 in [3000,223380]
  - 1 in [3000,223500]
  - 1 in [3000,223800]
  - 2 in [3000,224520]
  - 2 in [3000,224982]
  - 6 in [3081,224400]
  - 2 in [3504,224640]
  - 2 in [4236,225000]
  - 2 in [4796,225000]
  - 2 in [4928,223680]
  - 2 in [5208,225000]
  - 2 in [5700,225000]
  - 3 in [6060,224040]
  - 3 in [6360,224340]
  - 2 in [6420,224400]
  - 1 in [6960,224978]
  - 1 in [6980,224998]
  - 4 in [6982,225000]
#kAtMostOne: 720 (#literals: 5'405)
#kBoolAnd: 18 (#enforced: 18) (#literals: 36)
#kExactlyOne: 14 (#literals: 42)
#kLinear1: 3 (#enforced: 3)
#kLinear2: 754 (#enforced: 566 #multi: 26)
#kLinear3: 991 (#enforced: 6)
#kLinearN: 332 (#terms: 2'860)

Preloading model.
#Bound   1.30s best:inf   next:[166688,5024252] initial_domain
[Symmetry] Graph for symmetry has 6'910 nodes and 15'658 arcs.
[Symmetry] Symmetry computation done. time: 0.00154617 dtime: 0.00181354
[Symmetry] #generators: 1, average support size: 2
#Model   1.30s var:1858/1858 constraints:2832/2832

Starting search at 1.30s with 32 workers.
16 full problem subsolvers: [core, default_lp, lb_tree_search, max_lp, no_lp, objective_lb_search, objective_lb_search_max_lp, objective_lb_search_no_lp, objective_shaving_search_max_lp, objective_shaving_search_no_lp, probing, probing_max_lp, pseudo_costs, quick_restart, quick_restart_no_lp, reduced_costs]
14 first solution subsolvers: [fj_long_default, fj_long_lin_default, fj_long_random, fj_short_default, fj_short_lin_default, fj_short_lin_random, fj_short_random, fs_random(2), fs_random_no_lp(2), fs_random_quick_restart(2), fs_random_quick_restart_no_lp]
11 incomplete subsolvers: [feasibility_pump, graph_arc_lns, graph_cst_lns, graph_dec_lns, graph_var_lns, rins/rens, rnd_cst_lns, rnd_var_lns, violation_ls(3)]
3 helper subsolvers: [neighborhood_helper, synchronization_agent, update_gap_integral]
#Bound   1.56s best:inf   next:[166689,5024252] objective_shaving_search_no_lp (vars=1772 csts=2208)
#Bound   1.57s best:inf   next:[166690,5024252] objective_shaving_search_no_lp (vars=1858 csts=2833)
#Bound   1.59s best:inf   next:[166691,5024252] objective_shaving_search_no_lp (vars=1858 csts=2833)
#Bound   1.60s best:inf   next:[166692,5024252] objective_shaving_search_max_lp (vars=1858 csts=2833)
#Bound   1.63s best:inf   next:[166693,5024252] objective_shaving_search_no_lp (vars=1858 csts=2833)
#1       1.63s best:5024252 next:[166693,5024251] fj_long_default(batch:2 #lin_moves:12'610 #lin_evals:24'355 #weight_updates:934)
#2       1.64s best:5024231 next:[166693,5024230] violation_ls(batch:1 #solutions_imported:1 #lin_moves:0 #lin_evals:1'986 #gen_moves:47 #gen_evals:0 #comp_moves:11 #backtracks:18 #weight_updates:1)
#Bound   1.64s best:5024231 next:[166694,5024230] objective_shaving_search_no_lp (vars=1858 csts=2833)
#3       1.64s best:5012934 next:[166694,5012933] violation_ls(batch:1 #solutions_imported:1 #lin_moves:101 #lin_evals:466 #weight_updates:52)
#4       1.67s best:5012913 next:[166694,5012912] violation_ls(batch:2 #solutions_imported:2 #lin_moves:9 #lin_evals:7'744 #gen_moves:424 #gen_evals:0 #comp_moves:40 #backtracks:192 #weight_updates:16)
#5       1.67s best:5012892 next:[166694,5012891] violation_ls(batch:3 #solutions_imported:3 #lin_moves:13 #lin_evals:7'199 #gen_moves:108 #gen_evals:0 #comp_moves:20 #backtracks:44 #weight_updates:12)
#6       1.68s best:5012871 next:[166694,5012870] violation_ls(batch:3 #solutions_imported:3 #lin_moves:9 #lin_evals:14'447 #gen_moves:498 #gen_evals:0 #comp_moves:54 #backtracks:222 #weight_updates:18)
#7       1.92s best:4997292 next:[166694,4997291] graph_var_lns (d=0.50 s=69 t=0.10 p=0.00 stall=0 h=auto_l0)
#8       1.92s best:4997271 next:[166694,4997270] violation_ls(batch:4 #solutions_imported:4 #lin_moves:13 #lin_evals:11'765 #gen_moves:163 #gen_evals:0 #comp_moves:29 #backtracks:67 #weight_updates:13)
#9       1.93s best:4997250 next:[166694,4997249] violation_ls(batch:4 #solutions_imported:4 #lin_moves:112 #lin_evals:11'348 #gen_moves:140 #gen_evals:0 #comp_moves:22 #backtracks:59 #weight_updates:62)
#10      1.93s best:4997229 next:[166694,4997228] violation_ls(batch:4 #solutions_imported:4 #lin_moves:25 #lin_evals:14'529 #gen_moves:498 #gen_evals:0 #comp_moves:54 #backtracks:222 #weight_updates:28)
#11      2.17s best:4997208 next:[166694,4997207] violation_ls(batch:5 #solutions_imported:5 #lin_moves:28 #lin_evals:11'842 #gen_moves:163 #gen_evals:0 #comp_moves:29 #backtracks:67 #weight_updates:23)
#12      2.17s best:4997187 next:[166694,4997186] violation_ls(batch:5 #solutions_imported:5 #lin_moves:126 #lin_evals:11'422 #gen_moves:140 #gen_evals:0 #comp_moves:22 #backtracks:59 #weight_updates:69)
#13      2.17s best:4997166 next:[166694,4997165] violation_ls(batch:5 #solutions_imported:5 #lin_moves:25 #lin_evals:18'373 #gen_moves:543 #gen_evals:0 #comp_moves:67 #backtracks:238 #weight_updates:29)
#Model   2.58s var:1857/1858 constraints:2832/2832
#Bound   2.67s best:4997166 next:[174290,4997165] quick_restart
#14      2.67s best:4997145 next:[174290,4997144] violation_ls(batch:6 #solutions_imported:6 #lin_moves:28 #lin_evals:16'275 #gen_moves:215 #gen_evals:0 #comp_moves:43 #backtracks:86 #weight_updates:24)
#15      2.67s best:4997124 next:[174290,4997123] violation_ls(batch:6 #solutions_imported:6 #lin_moves:141 #lin_evals:11'498 #gen_moves:140 #gen_evals:0 #comp_moves:22 #backtracks:59 #weight_updates:78)
#16      2.67s best:4997103 next:[174290,4997102] violation_ls(batch:6 #solutions_imported:6 #lin_moves:39 #lin_evals:18'446 #gen_moves:543 #gen_evals:0 #comp_moves:67 #backtracks:238 #weight_updates:36)
#Bound   2.72s best:4997103 next:[194408,4997102] pseudo_costs
#17      2.77s best:4984763 next:[194408,4984762] graph_cst_lns (d=0.50 s=98 t=0.10 p=0.00 stall=0 h=auto_l0)
#Model   2.88s var:1856/1858 constraints:2832/2832
#Model   2.98s var:1855/1858 constraints:2832/2832
#Model   3.49s var:1854/1858 constraints:2832/2832
#Model   3.79s var:1853/1858 constraints:2831/2832
#Model   4.19s var:1852/1858 constraints:2831/2832
#Model   4.54s var:1851/1858 constraints:2831/2832
#Model   4.64s var:1849/1858 constraints:2830/2832
#Model   5.24s var:1848/1858 constraints:2829/2832
#Model   7.07s var:1847/1858 constraints:2828/2832
#Model   7.18s var:1846/1858 constraints:2827/2832
#Model   7.28s var:1845/1858 constraints:2826/2832
#Model   7.38s var:1844/1858 constraints:2826/2832
#Model   7.78s var:1843/1858 constraints:2825/2832
#Model   7.99s var:1842/1858 constraints:2824/2832
#Model   8.89s var:1841/1858 constraints:2824/2832
#Model  10.50s var:1840/1858 constraints:2823/2832
#Model  12.58s var:1839/1858 constraints:2822/2832
#Model  13.98s var:1838/1858 constraints:2821/2832
#Model  15.39s var:1837/1858 constraints:2821/2832
#Model  15.99s var:1836/1858 constraints:2821/2832
#Model  17.00s var:1835/1858 constraints:2821/2832
#Model  23.21s var:1834/1858 constraints:2821/2832
#18     23.31s best:4972755 next:[194408,4972754] quick_restart_no_lp (fixed_bools=169/2635)
#19     23.34s best:4968884 next:[194408,4968883] quick_restart_no_lp (fixed_bools=169/2655)
#Model  53.43s var:1833/1858 constraints:2817/2832
#Model 114.62s var:1832/1858 constraints:2816/2832
#20    181.88s best:4960668 next:[194408,4960667] quick_restart_no_lp (fixed_bools=228/2989)
#21    186.66s best:4945105 next:[194408,4945104] quick_restart_no_lp (fixed_bools=229/3022)
#Bound 284.46s best:4945105 next:[195668,4945104] probing_max_lp
#Bound 421.17s best:4945105 next:[196928,4945104] pseudo_costs
#Model 582.92s var:1831/1858 constraints:2815/2832
#22    710.49s best:4929226 next:[196928,4929225] quick_restart_no_lp (fixed_bools=346/3763)
#23    723.73s best:4920220 next:[196928,4920219] quick_restart_no_lp (fixed_bools=348/3818)
#24    823.90s best:4905052 next:[196928,4905051] quick_restart_no_lp (fixed_bools=357/4024)
#Bound 946.51s best:4905052 next:[199448,4905051] objective_lb_search
#Bound 1936.02s best:4905052 next:[199449,4905051] reduced_costs
#Bound 1936.47s best:4905052 next:[199469,4905051] reduced_costs
#Bound 1943.31s best:4905052 next:[199474,4905051] reduced_costs
#Bound 1943.68s best:4905052 next:[199490,4905051] reduced_costs
#Bound 1949.39s best:4905052 next:[199491,4905051] reduced_costs
#Bound 1949.84s best:4905052 next:[199938,4905051] reduced_costs
#Bound 1950.36s best:4905052 next:[199952,4905051] reduced_costs
#Bound 1964.58s best:4905052 next:[199959,4905051] reduced_costs
#Bound 1964.99s best:4905052 next:[199976,4905051] reduced_costs
#Bound 1965.18s best:4905052 next:[199982,4905051] reduced_costs
#Bound 1965.41s best:4905052 next:[200015,4905051] reduced_costs
#Bound 1965.67s best:4905052 next:[200036,4905051] reduced_costs
#Bound 1969.38s best:4905052 next:[200050,4905051] reduced_costs
#Bound 1969.72s best:4905052 next:[200083,4905051] reduced_costs
#Bound 1969.96s best:4905052 next:[200099,4905051] reduced_costs
#Model 2066.26s var:1830/1858 constraints:2815/2832
#Bound 2106.69s best:4905052 next:[200105,4905051] reduced_costs
#Bound 2107.33s best:4905052 next:[200120,4905051] reduced_costs
#25    2374.15s best:697352 next:[200120,697351] core (fixed_bools=417/2803)
#Model 2414.88s var:1829/1858 constraints:2814/2832
#26    2422.47s best:689215 next:[200120,689214] quick_restart_no_lp (fixed_bools=676/5558)
#27    2423.41s best:677918 next:[200120,677917] quick_restart_no_lp (fixed_bools=676/5621)
#28    2438.90s best:677262 next:[200120,677261] quick_restart_no_lp (fixed_bools=676/5732)
#29    2443.08s best:664859 next:[200120,664858] quick_restart_no_lp (fixed_bools=676/5758)
#30    2758.99s best:650323 next:[200120,650322] quick_restart_no_lp (fixed_bools=890/6482)
#Bound 4673.93s best:650323 next:[200123,650322] objective_lb_search_max_lp
#Bound 4674.66s best:650323 next:[200141,650322] objective_lb_search_max_lp
#Bound 4675.02s best:650323 next:[200144,650322] objective_lb_search_max_lp
#Bound 4675.38s best:650323 next:[200162,650322] objective_lb_search_max_lp
#Bound 4806.24s best:650323 next:[200172,650322] objective_lb_search_max_lp
#Bound 4806.98s best:650323 next:[200199,650322] objective_lb_search_max_lp
#Bound 4807.66s best:650323 next:[200204,650322] objective_lb_search_max_lp
#Bound 4823.45s best:650323 next:[200210,650322] objective_lb_search_max_lp
#Bound 4823.85s best:650323 next:[200225,650322] objective_lb_search_max_lp
#31    4847.59s best:646452 next:[200225,646451] quick_restart_no_lp (fixed_bools=1160/7612)
#Bound 4861.96s best:646452 next:[200236,646451] objective_lb_search_max_lp
#Bound 4862.59s best:646452 next:[200246,646451] objective_lb_search_max_lp
#32    5040.60s best:621999 next:[200246,621998] core (fixed_bools=1398/10358)
#33    5047.89s best:611325 next:[200246,611324] core (fixed_bools=1861/10556)
#34    5048.60s best:603109 next:[200246,603108] core (fixed_bools=1886/10579)
#35    5199.59s best:600589 next:[200246,600588] core (fixed_bools=2100/10759)
#Bound 6483.94s best:600589 next:[200247,600588] probing_max_lp
#Bound 6484.27s best:600589 next:[200267,600588] probing_max_lp
#Bound 6501.43s best:600589 next:[200268,600588] probing_max_lp
#Bound 6501.71s best:600589 next:[200323,600588] probing_max_lp
#Bound 6501.98s best:600589 next:[200330,600588] probing_max_lp
#Bound 6502.28s best:600589 next:[200334,600588] probing_max_lp
#Bound 6502.55s best:600589 next:[200351,600588] probing_max_lp
#Bound 6503.38s best:600589 next:[200358,600588] probing_max_lp
#Bound 6503.69s best:600589 next:[200361,600588] probing_max_lp
#Bound 6503.98s best:600589 next:[200373,600588] probing_max_lp
#Bound 6504.33s best:600589 next:[200629,600588] probing_max_lp
#Bound 6504.68s best:600589 next:[200645,600588] probing_max_lp
#Bound 6506.74s best:600589 next:[200651,600588] probing_max_lp
#Bound 6507.14s best:600589 next:[200679,600588] probing_max_lp
#Bound 6507.49s best:600589 next:[200721,600588] probing_max_lp
#Bound 6507.87s best:600589 next:[200729,600588] probing_max_lp
#Bound 6508.57s best:600589 next:[200741,600588] probing_max_lp
#Bound 6508.99s best:600589 next:[200750,600588] probing_max_lp
#Bound 6532.08s best:600589 next:[200762,600588] probing_max_lp
#Bound 6532.59s best:600589 next:[200777,600588] probing_max_lp
#Bound 6533.03s best:600589 next:[200948,600588] probing_max_lp
#Bound 6533.49s best:600589 next:[200954,600588] probing_max_lp
#Bound 6534.06s best:600589 next:[200960,600588] probing_max_lp
#Bound 6551.88s best:600589 next:[200967,600588] probing_max_lp
#Bound 6552.38s best:600589 next:[200972,600588] probing_max_lp
#Bound 6552.93s best:600589 next:[200981,600588] probing_max_lp
#Bound 6554.20s best:600589 next:[200985,600588] probing_max_lp
#Bound 6554.64s best:600589 next:[201018,600588] probing_max_lp
#Bound 6555.22s best:600589 next:[201023,600588] probing_max_lp
#Bound 6555.91s best:600589 next:[201036,600588] probing_max_lp
#Bound 6556.39s best:600589 next:[201056,600588] probing_max_lp
#Bound 6557.07s best:600589 next:[201065,600588] probing_max_lp
#Bound 6561.08s best:600589 next:[201075,600588] probing_max_lp
#Bound 6561.55s best:600589 next:[201110,600588] probing_max_lp
#Bound 6561.98s best:600589 next:[201174,600588] probing_max_lp
#Bound 6562.43s best:600589 next:[201196,600588] probing_max_lp
#Bound 6562.99s best:600589 next:[201197,600588] probing_max_lp
#Bound 6563.58s best:600589 next:[201212,600588] probing_max_lp
#Bound 6591.99s best:600589 next:[201213,600588] probing_max_lp
#Bound 6592.79s best:600589 next:[201233,600588] probing_max_lp
#Bound 6593.73s best:600589 next:[201238,600588] probing_max_lp
#Bound 6594.21s best:600589 next:[201261,600588] probing_max_lp
#Bound 6594.67s best:600589 next:[201275,600588] probing_max_lp
#Bound 6600.23s best:600589 next:[201280,600588] probing_max_lp
#Bound 6600.46s best:600589 next:[201296,600588] probing_max_lp
#Bound 6600.76s best:600589 next:[201297,600588] probing_max_lp
#Bound 6601.05s best:600589 next:[201317,600588] probing_max_lp
#36    6732.11s best:585026 next:[201317,585025] quick_restart_no_lp (fixed_bools=1821/9497)
#Model 6779.62s var:1828/1858 constraints:2814/2832
#Model 6906.01s var:1827/1858 constraints:2813/2832
#Bound 7006.67s best:585026 next:[201328,585025] probing_max_lp
#Bound 7007.16s best:585026 next:[201338,585025] probing_max_lp
#Bound 7008.30s best:585026 next:[201339,585025] probing_max_lp
#Bound 7009.20s best:585026 next:[201359,585025] probing_max_lp
#Bound 7039.84s best:585026 next:[220868,585025] lb_tree_search
#Model 7131.15s var:1825/1858 constraints:2810/2832
#Model 7131.26s var:1823/1858 constraints:2809/2832
#Bound 7217.88s best:585026 next:[220889,585025] probing_max_lp
#Bound 7225.33s best:585026 next:[222128,585025] probing
#Model 7236.13s var:1822/1858 constraints:2808/2832
#37    8440.61s best:572623 next:[222128,572622] quick_restart_no_lp (fixed_bools=2175/11461)
#38    10895.30s best:558087 next:[222128,558086] quick_restart_no_lp (fixed_bools=2416/13764)
#Model 12759.71s var:1821/1858 constraints:2805/2832
#39    13427.02s best:549081 next:[222128,549080] quick_restart_no_lp (fixed_bools=2680/15257)
#40    15311.32s best:539392 next:[222128,539391] objective_lb_search_no_lp (fixed_bools=2672/5299)
#41    15316.84s best:531255 next:[222128,531254] quick_restart_no_lp (fixed_bools=2993/16710)
#42    16833.12s best:523039 next:[222128,523038] quick_restart_no_lp (fixed_bools=3302/17486)
#43    16844.83s best:512516 next:[222128,512515] quick_restart_no_lp (fixed_bools=3302/17512)
#44    18522.91s best:500113 next:[222128,500112] quick_restart_no_lp (fixed_bools=3661/18684)

Task timing                                  n [     min,      max]      avg      dev     time         n [     min,      max]      avg      dev    dtime
                             'core':         1 [   6.00h,    6.00h]    6.00h   0.00ns    6.00h         1 [   3.94h,    3.94h]    3.94h   0.00ns    3.94h
                       'default_lp':         1 [   6.00h,    6.00h]    6.00h   0.00ns    6.00h         1 [  28.37m,   28.37m]   28.37m   0.00ns   28.37m
                 'feasibility_pump':         4 [ 71.45ms,    3.81s]    2.00s    1.46s    8.00s         3 [370.10ms, 616.16ms] 528.23ms 112.05ms    1.58s
                  'fj_long_default':         2 [ 58.48ms, 187.51ms] 123.00ms  64.51ms 246.00ms         2 [ 13.55ms,  37.42ms]  25.49ms  11.93ms  50.97ms
              'fj_long_lin_default':         4 [ 49.97ms,  95.86ms]  71.90ms  20.40ms 287.61ms         4 [ 14.71ms,  16.92ms]  15.77ms 890.46us  63.07ms
                   'fj_long_random':         2 [164.47ms, 169.67ms] 167.07ms   2.60ms 334.15ms         2 [ 37.16ms,  39.24ms]  38.20ms   1.04ms  76.40ms
                 'fj_short_default':         4 [ 62.86ms, 135.83ms]  85.54ms  29.72ms 342.15ms         4 [ 16.24ms,  22.24ms]  18.59ms   2.41ms  74.34ms
             'fj_short_lin_default':         3 [ 89.85ms,  96.61ms]  92.73ms   2.85ms 278.19ms         3 [ 14.73ms,  23.79ms]  20.27ms   3.96ms  60.81ms
              'fj_short_lin_random':         3 [ 85.76ms,  98.57ms]  92.57ms   5.26ms 277.72ms         3 [ 14.73ms,  24.59ms]  20.36ms   4.15ms  61.09ms
                  'fj_short_random':         3 [ 89.10ms, 114.99ms] 101.01ms  10.67ms 303.03ms         3 [ 16.84ms,  22.85ms]  20.46ms   2.61ms  61.39ms
                        'fs_random':         1 [334.57ms, 334.57ms] 334.57ms   0.00ns 334.57ms         1 [ 20.00ns,  20.00ns]  20.00ns   0.00ns  20.00ns
                        'fs_random':         1 [336.56ms, 336.56ms] 336.56ms   0.00ns 336.56ms         1 [ 20.00ns,  20.00ns]  20.00ns   0.00ns  20.00ns
                  'fs_random_no_lp':         1 [324.83ms, 324.83ms] 324.83ms   0.00ns 324.83ms         0 [  0.00ns,   0.00ns]   0.00ns   0.00ns   0.00ns
                  'fs_random_no_lp':         1 [326.97ms, 326.97ms] 326.97ms   0.00ns 326.97ms         0 [  0.00ns,   0.00ns]   0.00ns   0.00ns   0.00ns
          'fs_random_quick_restart':         1 [334.29ms, 334.29ms] 334.29ms   0.00ns 334.29ms         1 [ 20.00ns,  20.00ns]  20.00ns   0.00ns  20.00ns
          'fs_random_quick_restart':         1 [336.28ms, 336.28ms] 336.28ms   0.00ns 336.28ms         1 [ 20.00ns,  20.00ns]  20.00ns   0.00ns  20.00ns
    'fs_random_quick_restart_no_lp':         1 [320.76ms, 320.76ms] 320.76ms   0.00ns 320.76ms         0 [  0.00ns,   0.00ns]   0.00ns   0.00ns   0.00ns
                    'graph_arc_lns':         5 [365.61ms,    6.00h]    3.60h    2.94h   18.00h         3 [ 30.00ns, 100.10ms]  66.70ms  47.17ms 200.11ms
                    'graph_cst_lns':         5 [185.02ms,    6.00h]    4.80h    2.40h   24.00h         2 [ 61.00ns, 100.01ms]  50.00ms  50.00ms 100.01ms
                    'graph_dec_lns':         5 [407.38ms,    6.00h]    2.40h    2.94h   12.00h         4 [  1.11us, 100.17ms]  75.09ms  43.35ms 300.37ms
                    'graph_var_lns':         5 [236.73ms, 622.23ms] 387.99ms 149.07ms    1.94s         5 [100.05ms, 100.66ms] 100.26ms 223.72us 501.29ms
                   'lb_tree_search':         1 [   6.00h,    6.00h]    6.00h   0.00ns    6.00h         1 [  19.99m,   19.99m]   19.99m   0.00ns   19.99m
                           'max_lp':         1 [   6.00h,    6.00h]    6.00h   0.00ns    6.00h         1 [  21.10m,   21.10m]   21.10m   0.00ns   21.10m
                            'no_lp':         1 [   6.00h,    6.00h]    6.00h   0.00ns    6.00h         1 [   3.90h,    3.90h]    3.90h   0.00ns    3.90h
              'objective_lb_search':         1 [   6.00h,    6.00h]    6.00h   0.00ns    6.00h         1 [  28.92m,   28.92m]   28.92m   0.00ns   28.92m
       'objective_lb_search_max_lp':         1 [   6.00h,    6.00h]    6.00h   0.00ns    6.00h         1 [  20.03m,   20.03m]   20.03m   0.00ns   20.03m
        'objective_lb_search_no_lp':         1 [   6.00h,    6.00h]    6.00h   0.00ns    6.00h         1 [   3.86h,    3.86h]    3.86h   0.00ns    3.86h
  'objective_shaving_search_max_lp':         6 [  7.77ms, 253.17ms]  55.19ms  88.90ms 331.11ms         1 [ 28.68ms,  28.68ms]  28.68ms   0.00ns  28.68ms
   'objective_shaving_search_no_lp':         6 [  9.58ms, 252.68ms]  52.49ms  89.60ms 314.91ms         1 [ 30.63ms,  30.63ms]  30.63ms   0.00ns  30.63ms
                          'probing':         1 [   6.00h,    6.00h]    6.00h   0.00ns    6.00h         1 [  27.97m,   27.97m]   27.97m   0.00ns   27.97m
                   'probing_max_lp':         1 [   6.00h,    6.00h]    6.00h   0.00ns    6.00h         1 [  21.39m,   21.39m]   21.39m   0.00ns   21.39m
                     'pseudo_costs':         1 [   6.00h,    6.00h]    6.00h   0.00ns    6.00h         1 [  21.35m,   21.35m]   21.35m   0.00ns   21.35m
                    'quick_restart':         1 [   6.00h,    6.00h]    6.00h   0.00ns    6.00h         1 [  28.00m,   28.00m]   28.00m   0.00ns   28.00m
              'quick_restart_no_lp':         1 [   6.00h,    6.00h]    6.00h   0.00ns    6.00h         1 [   3.29h,    3.29h]    3.29h   0.00ns    3.29h
                    'reduced_costs':         1 [   6.00h,    6.00h]    6.00h   0.00ns    6.00h         1 [  20.91m,   20.91m]   20.91m   0.00ns   20.91m
                        'rins/rens':         4 [434.25ms,    6.00h]    1.50h    2.60h    6.00h         4 [ 10.00ns, 100.52ms]  75.23ms  43.43ms 300.91ms
                      'rnd_cst_lns':         6 [381.33ms,    6.00h]    3.00h    3.00h   18.00h         4 [116.00ns, 100.05ms]  75.01ms  43.31ms 300.06ms
                      'rnd_var_lns':         6 [266.95ms,    6.00h]    5.00h    2.24h   30.00h         2 [ 50.00ns, 100.01ms]  50.00ms  50.00ms 100.01ms
                     'violation_ls':         6 [385.62us,  27.07ms]   6.24ms   9.53ms  37.44ms         6 [ 15.54us,   2.49ms] 707.29us 886.67us   4.24ms
                     'violation_ls':         6 [403.04us,  14.45ms]   3.94ms   5.00ms  23.62ms         6 [ 17.18us,   1.40ms] 421.67us 493.87us   2.53ms
                     'violation_ls':         6 [666.70us,  15.40ms]   4.24ms   5.09ms  25.44ms         6 [ 19.13us, 828.30us] 446.69us 328.23us   2.68ms

Search stats                         Bools  Conflicts     Branches    Restarts      BoolPropag   IntegerPropag
                           'core':  43'158  3'533'438  409'108'722  72'549'763  41'555'941'120  13'359'936'871
                     'default_lp':   2'168          2       76'468      44'043       3'418'812       6'974'825
                      'fs_random':   1'554          0        2'236       2'236          48'494         227'233
                      'fs_random':   1'554          0        2'284       2'284          49'353         230'363
                'fs_random_no_lp':   1'554          0        2'304       2'304          49'668         231'650
                'fs_random_no_lp':   1'554          0        2'330       2'330          50'216         233'517
        'fs_random_quick_restart':   1'554          0        2'240       2'240          48'640         227'655
        'fs_random_quick_restart':   1'554          0        2'242       2'242          48'671         227'829
  'fs_random_quick_restart_no_lp':   1'554          0        2'390       2'390          51'649         238'552
                 'lb_tree_search':   2'168          2       42'387      26'841       1'965'192       4'021'507
                         'max_lp':   2'168          2       43'161      27'235       1'989'498       4'088'948
                          'no_lp':  18'685  2'913'267  370'789'048  83'798'736  12'475'227'948  16'329'724'576
            'objective_lb_search':   2'168          2       72'032      41'807       3'233'963       6'613'348
     'objective_lb_search_max_lp':   2'168          2       39'212      25'261       1'822'824       3'751'212
      'objective_lb_search_no_lp':  19'972  2'714'849  363'654'534  81'146'120  13'518'666'508  15'843'566'346
                        'probing':   2'168          2       82'259      47'198       3'715'433       7'553'516
                 'probing_max_lp':   2'168          2       39'584      25'649       1'881'221       3'843'208
                   'pseudo_costs':   2'168          3       39'563      25'425       1'851'020       3'802'195
                  'quick_restart':   2'168          2       81'258      46'437       3'619'882       7'389'726
            'quick_restart_no_lp':  20'873  1'999'319  490'861'975  89'357'663  19'692'531'598  17'097'302'761
                  'reduced_costs':   2'168          2       38'730      25'016       1'813'726       3'724'333

SAT stats                           ClassicMinim  LitRemoved     LitLearned   LitForgotten  Subsumed  MClauses  MDecisions  MLitTrue  MSubsumed  MLitRemoved  MReused
                           'core':     3'235'137  30'848'363  1'197'138'103  1'135'739'998   144'239   305'046   6'963'511         2      2'967       44'087   96'621
                     'default_lp':             0           0              2              0         0         0           0         0          0            0        0
                      'fs_random':             0           0              0              0         0         0           0         0          0            0        0
                      'fs_random':             0           0              0              0         0         0           0         0          0            0        0
                'fs_random_no_lp':             0           0              0              0         0         0           0         0          0            0        0
                'fs_random_no_lp':             0           0              0              0         0         0           0         0          0            0        0
        'fs_random_quick_restart':             0           0              0              0         0         0           0         0          0            0        0
        'fs_random_quick_restart':             0           0              0              0         0         0           0         0          0            0        0
  'fs_random_quick_restart_no_lp':             0           0              0              0         0         0           0         0          0            0        0
                 'lb_tree_search':             0           0              2              0         0         0           0         0          0            0        0
                         'max_lp':             0           0              2              0         0         0           0         0          0            0        0
                          'no_lp':     2'792'848  28'828'258  1'198'464'240  1'173'014'466    41'348   265'096   3'790'744         3        748       10'065   67'651
            'objective_lb_search':             0           0              2              0         0         0           0         0          0            0        0
     'objective_lb_search_max_lp':             0           0              2              0         0         0           0         0          0            0        0
      'objective_lb_search_no_lp':     2'594'073  26'298'316  1'093'137'449  1'066'172'052    44'104   273'207   3'303'856         0        917       12'930   63'633
                        'probing':             0           0              2              0         0         0           0         0          0            0        0
                 'probing_max_lp':             0           0              2              0         0         0           0         0          0            0        0
                   'pseudo_costs':             0           0              3              0         0         0           0         0          0            0        0
                  'quick_restart':             0           0              2              0         0         0           0         0          0            0        0
            'quick_restart_no_lp':     1'659'744  12'357'100    724'263'744    650'178'254   161'385   453'701  10'732'783         2      1'517       26'716  116'329
                  'reduced_costs':             0           0              2              0         0         0           0         0          0            0        0

Lp stats                         Component  Iterations  AddedCuts  OPTIMAL  DUAL_F.  DUAL_U.
                  'default_lp':          1   6'821'554  2'868'879  240'818        3        0
                   'fs_random':          1           0          0        0        0        0
                   'fs_random':          1           0          0        0        0        0
     'fs_random_quick_restart':          1           0          0        0        0        0
     'fs_random_quick_restart':          1           0          0        0        0        0
              'lb_tree_search':          1   3'127'982  1'285'794   94'166   24'059        0
                      'max_lp':          1   3'238'070  1'385'894   96'209   24'473        0
         'objective_lb_search':          1   6'431'978  2'543'776  227'611        1        0
  'objective_lb_search_max_lp':          1   2'708'016  1'342'466   90'055   21'909        0
                     'probing':          1   6'943'602  2'719'728  258'741        2        0
              'probing_max_lp':          1   2'906'609  1'414'055   91'870   22'139        0
                'pseudo_costs':          1   3'102'713  1'452'286   90'644   22'038        0
               'quick_restart':          1   6'981'073  2'724'331  254'296        1        0
               'reduced_costs':          1   2'994'088  1'320'293   88'511   21'802        0

Lp dimension                                                                        Final dimension of first component
                  'default_lp':  2274 rows, 1856 columns, 29412 entries with magnitude in [3.302095e-06, 1.000000e+00]
                   'fs_random':         0 rows, 1856 columns, 0 entries with magnitude in [0.000000e+00, 0.000000e+00]
                   'fs_random':         0 rows, 1856 columns, 0 entries with magnitude in [0.000000e+00, 0.000000e+00]
     'fs_random_quick_restart':         0 rows, 1856 columns, 0 entries with magnitude in [0.000000e+00, 0.000000e+00]
     'fs_random_quick_restart':         0 rows, 1856 columns, 0 entries with magnitude in [0.000000e+00, 0.000000e+00]
              'lb_tree_search':  2447 rows, 1858 columns, 36628 entries with magnitude in [3.552410e-06, 1.000000e+00]
                      'max_lp':  2581 rows, 1858 columns, 21202 entries with magnitude in [6.437696e-05, 1.000000e+00]
         'objective_lb_search':  2359 rows, 1856 columns, 20965 entries with magnitude in [1.163644e-05, 1.000000e+00]
  'objective_lb_search_max_lp':  3438 rows, 1858 columns, 65174 entries with magnitude in [1.263350e-06, 1.000000e+00]
                     'probing':  2296 rows, 1856 columns, 19031 entries with magnitude in [4.090009e-06, 1.000000e+00]
              'probing_max_lp':  3527 rows, 1858 columns, 38568 entries with magnitude in [1.086176e-05, 1.000000e+00]
                'pseudo_costs':  3594 rows, 1858 columns, 42546 entries with magnitude in [4.982212e-06, 1.000000e+00]
               'quick_restart':  2646 rows, 1856 columns, 40968 entries with magnitude in [2.876950e-06, 1.000000e+00]
               'reduced_costs':  3794 rows, 1858 columns, 34459 entries with magnitude in [5.050689e-06, 1.000000e+00]

Lp debug                         CutPropag  CutEqPropag  Adjust  Overflow          Bad  BadScaling
                  'default_lp':          0        3'726   7'804         1  146'207'155           0
                   'fs_random':          0            0       0         0            0           0
                   'fs_random':          0            0       0         0            0           0
     'fs_random_quick_restart':          0            0       0         0            0           0
     'fs_random_quick_restart':          0            0       0         0            0           0
              'lb_tree_search':          0        1'559   2'340         0  151'347'907           0
                      'max_lp':          0        2'473   3'119         0  145'179'607           0
         'objective_lb_search':          0        3'082   4'563         0  146'250'453           0
  'objective_lb_search_max_lp':          0        1'127   1'663         0  138'304'434           0
                     'probing':          0        3'332   3'665         0  149'184'355           0
              'probing_max_lp':          2        1'594   6'010         0  141'589'746           0
                'pseudo_costs':          0        2'210  13'650         0  139'809'516           0
               'quick_restart':          0        5'359  21'129         0  148'069'160           0
               'reduced_costs':          0        2'672   3'465         0  144'554'422           0

Lp pool                          Constraints  Updates  Simplif  Merged  Shortened   Split  Strenghtened            Cuts/Call
                  'default_lp':       12'044   64'197   15'866      74      1'557  14'428       126'765  2'868'879/6'536'136
                   'fs_random':        2'239        0        0       0          0       0             0                  0/0
                   'fs_random':        2'239        0        0       0          0       0             0                  0/0
     'fs_random_quick_restart':        2'239        0        0       0          0       0             0                  0/0
     'fs_random_quick_restart':        2'239        0        0       0          0       0             0                  0/0
              'lb_tree_search':       12'582   56'131   19'290      45      1'815  18'166       192'136  1'285'794/2'855'419
                      'max_lp':       12'683   52'913   19'504      44      2'637  17'068       204'478  1'385'894/3'225'389
         'objective_lb_search':       11'925   69'286   17'336      90      1'340  14'729       102'951  2'543'776/6'242'516
  'objective_lb_search_max_lp':       12'264   62'268   21'162      35      2'622  22'899       185'289  1'342'466/3'026'007
                     'probing':       11'903   64'101   22'593      64      1'184  16'837       124'638  2'719'728/6'370'490
              'probing_max_lp':       11'862   70'030   17'872      26      2'083  30'666       184'498  1'414'055/3'403'204
                'pseudo_costs':       12'068   56'337   22'916      51      3'261  15'772       194'629  1'452'286/3'419'172
               'quick_restart':       11'494   55'703   17'576      76      1'221  16'004       128'889  2'724'331/6'286'039
               'reduced_costs':       12'096   62'672   21'146      30      2'409  23'940       190'168  1'320'293/3'108'348

Lp Cut             defaul   max_lp   quick_   reduce   pseudo   lb_tre   probin   object   probin   object
          CG_FF:   91'767   28'541   88'255   29'889   29'916   25'536   83'999   79'236   27'865   27'003
           CG_K:    2'939    3'355    2'342    4'036    3'361    3'582    1'971    1'677    3'819    3'364
          CG_KL:        2        3        1        1        -        4        -        -        -        -
           CG_R:  153'025   49'843  169'878   44'247   45'452   42'146  173'463  122'727   48'219   44'951
          CG_RB:  575'965  150'396  568'811  142'098  162'049  126'852  562'792  514'381  147'978  154'215
         CG_RBP:    2'496    2'614    2'498    2'117    2'262    2'412    1'899    1'249    3'071    3'024
         Clique:        -   24'647        -   22'821   23'406   23'837        -        -   22'719   21'646
             IB:  495'356  158'347  466'293  155'868  163'695  156'523  458'180  386'913  160'027  155'156
       MIR_1_FF:  535'280  316'304  435'061  285'673  345'166  281'576  456'880  567'998  330'927  294'937
        MIR_1_K:    4'163    5'473    3'440    4'927    5'748    5'765    2'871    2'844    5'527    5'385
       MIR_1_KL:        -        -        -        -        1        -        -        -        -        -
        MIR_1_R:   13'614    8'594   14'101    7'969    8'290    7'059   12'412   12'276   12'941    8'989
       MIR_1_RB:  417'549  234'713  412'425  226'090  251'354  221'719  404'945  376'703  232'695  221'927
      MIR_1_RBP:    1'496    2'304      864    2'181    2'526    2'032      611      702    2'373    2'421
      MIR_1_RLT:        -      514        -      427      462      437        -        -      445      385
       MIR_2_FF:   34'665   30'172   27'090   29'626   34'044   28'690   24'956   20'497   33'551   30'177
        MIR_2_K:    2'329    2'716    1'490    2'321    2'673    2'435    1'507    1'162    3'220    2'407
        MIR_2_R:    9'645   10'092    8'146    9'174    9'898    8'858    8'905    7'343   13'316   10'147
       MIR_2_RB:   89'997   77'869   75'858   83'103   84'470   74'303   86'181   83'962   94'387   96'110
      MIR_2_RBP:      764      814      407      701      857      649      546      338    1'004    1'011
       MIR_3_FF:   10'982    9'343    9'516    9'099    9'639    9'257    9'415    8'691    9'947    8'738
        MIR_3_K:    1'017    2'152      830    2'005    2'069    2'217      590      600    2'238    2'018
        MIR_3_R:   13'296    6'670   13'591    6'128    5'990    6'258   13'188   11'451    6'659    5'536
       MIR_3_RB:   60'612   43'443   60'130   41'436   43'025   42'771   59'224   52'581   42'576   41'640
      MIR_3_RBP:      398    1'143      241    1'021    1'138    1'036      179      293    1'187    1'141
       MIR_4_FF:    3'712    6'406    3'203    6'344    6'845    6'242    2'982    2'596    6'856    6'030
        MIR_4_K:      489    1'871      352    1'616    1'762    1'714      267      184    1'783    1'662
       MIR_4_KL:        -        -        -        -        1        -        -        -        -        -
        MIR_4_R:    3'405    2'700    3'255    2'476    2'593    2'633    2'966    2'935    2'760    2'336
       MIR_4_RB:   38'671   36'044   37'203   34'270   36'492   35'592   36'561   31'694   35'786   34'137
      MIR_4_RBP:      232      955      152      940      857      855      102       83      950      891
       MIR_5_FF:    2'352    6'426    2'158    6'520    6'437    5'716    2'046    1'874    6'195    5'381
        MIR_5_K:      586    1'640      333    1'474    1'491    1'567      237      174    1'515    1'423
        MIR_5_R:    1'806    1'858    1'710    1'927    1'819    1'890    1'680    1'571    1'963    1'706
       MIR_5_RB:   28'193   32'238   28'296   31'857   32'176   31'854   27'651   23'882   29'980   28'996
      MIR_5_RBP:      120      867       92      735      790      848       59       71      833      740
       MIR_6_FF:    1'150    4'197      811    4'019    4'145    3'916      874    1'038    4'011    3'681
        MIR_6_K:      187    1'260       98    1'007    1'098    1'168       75       47    1'166    1'125
       MIR_6_KL:        -        -        -        -        -        1        -        -        -        -
        MIR_6_R:    1'083    2'034    1'034    1'820    1'778    1'847      892      870    1'901    1'578
       MIR_6_RB:   18'492   21'593   18'030   20'517   21'179   20'708   18'261   15'365   20'450   19'555
      MIR_6_RBP:       80      651       45      512      552      622       41       44      572      582
   ZERO_HALF_FF:   24'861    9'411   24'895    9'430    9'675    9'801   24'500   24'450    8'767    8'833
    ZERO_HALF_K:    1'323    1'153    1'246    1'390      825    1'249    1'226    1'929      892      895
   ZERO_HALF_KL:        -        -        -        -        1        2        -        -        -        -
    ZERO_HALF_R:  151'300   56'296  166'828   53'834   53'400   50'948  165'336  117'805   55'257   52'615
   ZERO_HALF_RB:   73'028   27'672   72'985   26'103   30'467   30'129   68'982   63'264   25'218   27'528
  ZERO_HALF_RBP:      452      560      337      544      412      538      276      276      509      444

LNS stats           Improv/Calls  Closed  Difficulty  TimeLimit
  'graph_arc_lns':           5/5      0%        0.06       0.10
  'graph_cst_lns':           5/5     20%        0.18       0.10
  'graph_dec_lns':           2/5      0%        0.06       0.10
  'graph_var_lns':           5/5     40%        0.43       0.10
      'rins/rens':           4/4      0%        0.09       0.10
    'rnd_cst_lns':           3/6      0%        0.04       0.10
    'rnd_var_lns':           5/6      0%        0.04       0.10

LS stats                   Batches  Restarts  LinMoves  GenMoves  CompoundMoves  WeightUpdates
       'fj_long_default':        2         1    12'610         0              0            934
   'fj_long_lin_default':        4         1         0     9'967            932             19
        'fj_long_random':        2         1    18'444         0              0          1'556
      'fj_short_default':        4         1         0    12'276            839             13
  'fj_short_lin_default':        3         1         0    10'260          1'051              7
   'fj_short_lin_random':        3         1         0    10'521            924             14
       'fj_short_random':        3         1         0    10'566          1'013              7
          'violation_ls':        6         0       141       140             22             78
          'violation_ls':        6         0        28       215             43             24
          'violation_ls':        6         0        39       543             67             36

Solutions (44)                  Num     Rank
                       'core':    5  [25,35]
            'fj_long_default':    1    [1,1]
              'graph_cst_lns':    1  [17,17]
              'graph_var_lns':    1    [7,7]
  'objective_lb_search_no_lp':    1  [40,40]
        'quick_restart_no_lp':   21  [18,44]
               'violation_ls':   14   [2,16]

Objective bounds                      Num
                   'initial_domain':    1
                   'lb_tree_search':    1
              'objective_lb_search':    1
       'objective_lb_search_max_lp':   11
  'objective_shaving_search_max_lp':    1
   'objective_shaving_search_no_lp':    5
                          'probing':    1
                   'probing_max_lp':   53
                     'pseudo_costs':    2
                    'quick_restart':    1
                    'reduced_costs':   17

Solution repositories    Added  Queried  Ignored  Synchro
  'feasible solutions':     84       94        0       82
        'lp solutions':      0        0        0        0
                'pump':      9        4

Improving bounds shared            Num
                        'core':  2'201
                  'default_lp':     40
                      'max_lp':     23
                       'no_lp':  1'864
         'objective_lb_search':     39
  'objective_lb_search_max_lp':     23
   'objective_lb_search_no_lp':  1'352
                     'probing':     63
              'probing_max_lp':     65
               'quick_restart':     24
         'quick_restart_no_lp':  2'241
               'reduced_costs':     56

Clauses shared                    Num
                       'core':    946
                      'no_lp':    958
  'objective_lb_search_no_lp':    961
        'quick_restart_no_lp':  1'330

CpSolverResponse summary:
status: FEASIBLE
objective: 500113
best_bound: 222128
integers: 1859
booleans: 1554
conflicts: 0
branches: 2390
propagations: 51649
integer_propagations: 238552
restarts: 2390
lp_iterations: 0
walltime: 21605.6
usertime: 21605.6
deterministic_time: 68255.5
gap_integral: 855614
solution_fingerprint: 0x36fe0ce619a311f

CPU USED: 32
Loading /home/aneumann/projects/def-adhaj/aneumann/gns/data/instances/test/l/instance_182.pkl...
===* START SOLVING *===
   index    value       gap  ... max_time  cpu  max_memory
0    182  5001.13  0.555844  ...        6   32         118

[1 rows x 8 columns]
===* END OF FILE *===
